CascadeMinimizer.cc[188] : (in function: improveOnce) - Minimization configured with Type=Minuit2, Algo=Migrad, strategy=0, tolerance=0.1
CascadeMinimizer.cc[215] : (in function: improveOnce) - Minimization finished with status=0
CascadeMinimizer.cc[219] : (in function: improveOnce) - Minimization success! status=0
ToyMCSamplerOpt.cc[146] : (in function: generateAsimov) - Using internal logic for binned/unbinned Asimov dataset generation
ToyMCSamplerOpt.cc[214] : (in function: generateWithHisto) - Generating asimov with histogram for pdf pdf_binpass_LOW_obsOnly: in 3 x-bins
ToyMCSamplerOpt.cc[215] : (in function: generateWithHisto) -  , in 1 y-bins
ToyMCSamplerOpt.cc[146] : (in function: generateAsimov) - Using internal logic for binned/unbinned Asimov dataset generation
ToyMCSamplerOpt.cc[214] : (in function: generateWithHisto) - Generating asimov with histogram for pdf pdf_binpass_SIG_obsOnly: in 1 x-bins
ToyMCSamplerOpt.cc[215] : (in function: generateWithHisto) -  , in 1 y-bins
ToyMCSamplerOpt.cc[146] : (in function: generateAsimov) - Using internal logic for binned/unbinned Asimov dataset generation
ToyMCSamplerOpt.cc[214] : (in function: generateWithHisto) - Generating asimov with histogram for pdf pdf_binpass_HIGH_obsOnly: in 3 x-bins
ToyMCSamplerOpt.cc[215] : (in function: generateWithHisto) -  , in 1 y-bins
ToyMCSamplerOpt.cc[146] : (in function: generateAsimov) - Using internal logic for binned/unbinned Asimov dataset generation
ToyMCSamplerOpt.cc[214] : (in function: generateWithHisto) - Generating asimov with histogram for pdf pdf_binfail_LOW_obsOnly: in 3 x-bins
ToyMCSamplerOpt.cc[215] : (in function: generateWithHisto) -  , in 1 y-bins
ToyMCSamplerOpt.cc[146] : (in function: generateAsimov) - Using internal logic for binned/unbinned Asimov dataset generation
ToyMCSamplerOpt.cc[214] : (in function: generateWithHisto) - Generating asimov with histogram for pdf pdf_binfail_SIG_obsOnly: in 1 x-bins
ToyMCSamplerOpt.cc[215] : (in function: generateWithHisto) -  , in 1 y-bins
ToyMCSamplerOpt.cc[146] : (in function: generateAsimov) - Using internal logic for binned/unbinned Asimov dataset generation
ToyMCSamplerOpt.cc[214] : (in function: generateWithHisto) - Generating asimov with histogram for pdf pdf_binfail_HIGH_obsOnly: in 3 x-bins
ToyMCSamplerOpt.cc[215] : (in function: generateWithHisto) -  , in 1 y-bins
AsymptoticLimits.cc[428] : (in function: runLimitExpected) - Median for expected limits = 3.53125, Sigma for expected limits = 1.80169
AsymptoticLimits.cc[191] : (in function: runLimit) - NLL at global minimum of data = -8387.98 (r=3.83885e-07)
AsymptoticLimits.cc[211] : (in function: runLimit) - NLL at global minimum of asimov = -8387.22 (r=1.77615e-08)
AsymptoticLimits.cc[337] : (in function: getCLs) - At r = 1.276497:	q_mu = 2.48226	q_A  = 1.38025	Pmu = 0.05010	1-Pb  = 0.31953	CLs  = 0.15680
AsymptoticLimits.cc[337] : (in function: getCLs) - At r = 2.552994:	q_mu = 4.25615	q_A  = 2.85234	Pmu = 0.01767	1-Pb  = 0.33885	CLs  = 0.05214
AsymptoticLimits.cc[337] : (in function: getCLs) - At r = 5.105988:	q_mu = 6.91366	q_A  = 5.23480	Pmu = 0.00397	1-Pb  = 0.35685	CLs  = 0.01112
AsymptoticLimits.cc[337] : (in function: getCLs) - At r = 2.552994:	q_mu = 4.25604	q_A  = 2.85240	Pmu = 0.01767	1-Pb  = 0.33887	CLs  = 0.05214
AsymptoticLimits.cc[337] : (in function: getCLs) - At r = 3.829491:	q_mu = 5.69025	q_A  = 4.12134	Pmu = 0.00783	1-Pb  = 0.34960	CLs  = 0.02241
AsymptoticLimits.cc[337] : (in function: getCLs) - At r = 2.859032:	q_mu = 4.62423	q_A  = 3.17332	Pmu = 0.01431	1-Pb  = 0.34191	CLs  = 0.04186
AsymptoticLimits.cc[337] : (in function: getCLs) - At r = 2.660960:	q_mu = 4.38796	q_A  = 2.96691	Pmu = 0.01638	1-Pb  = 0.33999	CLs  = 0.04818
AsymptoticLimits.cc[337] : (in function: getCLs) - At r = 2.598882:	q_mu = 4.31244	q_A  = 2.90123	Pmu = 0.01711	1-Pb  = 0.33934	CLs  = 0.05041
AsymptoticLimits.cc[337] : (in function: getCLs) - At r = 2.620273:	q_mu = 4.33851	q_A  = 2.92390	Pmu = 0.01685	1-Pb  = 0.33957	CLs  = 0.04963
AsymptoticLimits.cc[337] : (in function: getCLs) - At r = 2.607832:	q_mu = 4.32332	q_A  = 2.91070	Pmu = 0.01700	1-Pb  = 0.33944	CLs  = 0.05008
AsymptoticLimits.cc[337] : (in function: getCLs) - At r = 2.612123:	q_mu = 4.32863	q_A  = 2.91525	Pmu = 0.01695	1-Pb  = 0.33948	CLs  = 0.04992
AsymptoticLimits.cc[337] : (in function: getCLs) - At r = 2.609619:	q_mu = 4.32551	q_A  = 2.91259	Pmu = 0.01698	1-Pb  = 0.33946	CLs  = 0.05002
AsymptoticLimits.cc[337] : (in function: getCLs) - At r = 2.610484:	q_mu = 4.32656	q_A  = 2.91351	Pmu = 0.01697	1-Pb  = 0.33947	CLs  = 0.04999
AsymptoticLimits.cc[337] : (in function: getCLs) - At r = 2.609991:	q_mu = 4.32595	q_A  = 2.91305	Pmu = 0.01697	1-Pb  = 0.33947	CLs  = 0.05000
AsymptoticLimits.cc[337] : (in function: getCLs) - At r = 2.610155:	q_mu = 4.32622	q_A  = 2.91318	Pmu = 0.01697	1-Pb  = 0.33946	CLs  = 0.05000
AsymptoticLimits.cc[337] : (in function: getCLs) - At r = 2.610079:	q_mu = 4.32607	q_A  = 2.91309	Pmu = 0.01697	1-Pb  = 0.33946	CLs  = 0.05000
AsymptoticLimits.cc[337] : (in function: getCLs) - At r = 2.610094:	q_mu = 4.32608	q_A  = 2.91310	Pmu = 0.01697	1-Pb  = 0.33946	CLs  = 0.05000
AsymptoticLimits.cc[337] : (in function: getCLs) - At r = 2.610083:	q_mu = 4.32606	q_A  = 2.91308	Pmu = 0.01697	1-Pb  = 0.33946	CLs  = 0.05000
