CascadeMinimizer.cc[188] : (in function: improveOnce) - Minimization configured with Type=Minuit2, Algo=Migrad, strategy=0, tolerance=0.1
CascadeMinimizer.cc[215] : (in function: improveOnce) - Minimization finished with status=0
CascadeMinimizer.cc[219] : (in function: improveOnce) - Minimization success! status=0
ToyMCSamplerOpt.cc[146] : (in function: generateAsimov) - Using internal logic for binned/unbinned Asimov dataset generation
ToyMCSamplerOpt.cc[214] : (in function: generateWithHisto) - Generating asimov with histogram for pdf pdf_binpass_LOW_obsOnly: in 4 x-bins
ToyMCSamplerOpt.cc[215] : (in function: generateWithHisto) -  , in 1 y-bins
ToyMCSamplerOpt.cc[146] : (in function: generateAsimov) - Using internal logic for binned/unbinned Asimov dataset generation
ToyMCSamplerOpt.cc[214] : (in function: generateWithHisto) - Generating asimov with histogram for pdf pdf_binpass_SIG_obsOnly: in 1 x-bins
ToyMCSamplerOpt.cc[215] : (in function: generateWithHisto) -  , in 1 y-bins
ToyMCSamplerOpt.cc[146] : (in function: generateAsimov) - Using internal logic for binned/unbinned Asimov dataset generation
ToyMCSamplerOpt.cc[214] : (in function: generateWithHisto) - Generating asimov with histogram for pdf pdf_binpass_HIGH_obsOnly: in 10 x-bins
ToyMCSamplerOpt.cc[215] : (in function: generateWithHisto) -  , in 1 y-bins
ToyMCSamplerOpt.cc[146] : (in function: generateAsimov) - Using internal logic for binned/unbinned Asimov dataset generation
ToyMCSamplerOpt.cc[214] : (in function: generateWithHisto) - Generating asimov with histogram for pdf pdf_binfail_LOW_obsOnly: in 4 x-bins
ToyMCSamplerOpt.cc[215] : (in function: generateWithHisto) -  , in 1 y-bins
ToyMCSamplerOpt.cc[146] : (in function: generateAsimov) - Using internal logic for binned/unbinned Asimov dataset generation
ToyMCSamplerOpt.cc[214] : (in function: generateWithHisto) - Generating asimov with histogram for pdf pdf_binfail_SIG_obsOnly: in 1 x-bins
ToyMCSamplerOpt.cc[215] : (in function: generateWithHisto) -  , in 1 y-bins
ToyMCSamplerOpt.cc[146] : (in function: generateAsimov) - Using internal logic for binned/unbinned Asimov dataset generation
ToyMCSamplerOpt.cc[214] : (in function: generateWithHisto) - Generating asimov with histogram for pdf pdf_binfail_HIGH_obsOnly: in 10 x-bins
ToyMCSamplerOpt.cc[215] : (in function: generateWithHisto) -  , in 1 y-bins
AsymptoticLimits.cc[428] : (in function: runLimitExpected) - Median for expected limits = 0.0512695, Sigma for expected limits = 0.0261584
AsymptoticLimits.cc[191] : (in function: runLimit) - NLL at global minimum of data = -12111.5 (r=0.277569)
AsymptoticLimits.cc[211] : (in function: runLimit) - NLL at global minimum of asimov = -11314.4 (r=0.000279658)
AsymptoticLimits.cc[337] : (in function: getCLs) - At r = 1.477569:	q_mu = 1067.04172	q_A  = 1716.18156	Pmu = 0.00000	1-Pb  = 1.00000	CLs  = 0.00000
AsymptoticLimits.cc[337] : (in function: getCLs) - At r = 0.877569:	q_mu = 328.39263	q_A  = 749.15393	Pmu = 0.00000	1-Pb  = 1.00000	CLs  = 0.00000
AsymptoticLimits.cc[337] : (in function: getCLs) - At r = 0.577569:	q_mu = 93.09636	q_A  = 369.23056	Pmu = 0.00000	1-Pb  = 1.00000	CLs  = 0.00000
AsymptoticLimits.cc[337] : (in function: getCLs) - At r = 0.427569:	q_mu = 24.97382	q_A  = 217.48773	Pmu = 0.00000	1-Pb  = 1.00000	CLs  = 0.00000
AsymptoticLimits.cc[337] : (in function: getCLs) - At r = 0.352569:	q_mu = 6.48671	q_A  = 153.64821	Pmu = 0.00543	1-Pb  = 1.00000	CLs  = 0.00543
AsymptoticLimits.cc[337] : (in function: getCLs) - At r = 0.315069:	q_mu = 1.65684	q_A  = 125.14432	Pmu = 0.09902	1-Pb  = 1.00000	CLs  = 0.09902
AsymptoticLimits.cc[337] : (in function: getCLs) - At r = 0.333819:	q_mu = 3.68651	q_A  = 139.09775	Pmu = 0.02743	1-Pb  = 1.00000	CLs  = 0.02743
AsymptoticLimits.cc[337] : (in function: getCLs) - At r = 0.323052:	q_mu = 2.42540	q_A  = 131.01142	Pmu = 0.05969	1-Pb  = 1.00000	CLs  = 0.05969
AsymptoticLimits.cc[337] : (in function: getCLs) - At r = 0.327168:	q_mu = 2.87719	q_A  = 134.07909	Pmu = 0.04492	1-Pb  = 1.00000	CLs  = 0.04492
AsymptoticLimits.cc[337] : (in function: getCLs) - At r = 0.325104:	q_mu = 2.64611	q_A  = 132.53725	Pmu = 0.05190	1-Pb  = 1.00000	CLs  = 0.05190
AsymptoticLimits.cc[337] : (in function: getCLs) - At r = 0.325943:	q_mu = 2.73887	q_A  = 133.16349	Pmu = 0.04897	1-Pb  = 1.00000	CLs  = 0.04897
AsymptoticLimits.cc[337] : (in function: getCLs) - At r = 0.325535:	q_mu = 2.69343	q_A  = 132.85839	Pmu = 0.05038	1-Pb  = 1.00000	CLs  = 0.05038
AsymptoticLimits.cc[337] : (in function: getCLs) - At r = 0.325704:	q_mu = 2.71217	q_A  = 132.98448	Pmu = 0.04979	1-Pb  = 1.00000	CLs  = 0.04979
AsymptoticLimits.cc[337] : (in function: getCLs) - At r = 0.325622:	q_mu = 2.70313	q_A  = 132.92358	Pmu = 0.05008	1-Pb  = 1.00000	CLs  = 0.05008
AsymptoticLimits.cc[337] : (in function: getCLs) - At r = 0.325656:	q_mu = 2.70687	q_A  = 132.94877	Pmu = 0.04996	1-Pb  = 1.00000	CLs  = 0.04996
AsymptoticLimits.cc[337] : (in function: getCLs) - At r = 0.325640:	q_mu = 2.70505	q_A  = 132.93660	Pmu = 0.05002	1-Pb  = 1.00000	CLs  = 0.05002
AsymptoticLimits.cc[337] : (in function: getCLs) - At r = 0.325646:	q_mu = 2.70580	q_A  = 132.94168	Pmu = 0.04999	1-Pb  = 1.00000	CLs  = 0.04999
AsymptoticLimits.cc[337] : (in function: getCLs) - At r = 0.325643:	q_mu = 2.70545	q_A  = 132.93926	Pmu = 0.05000	1-Pb  = 1.00000	CLs  = 0.05000
