CascadeMinimizer.cc[188] : (in function: improveOnce) - Minimization configured with Type=Minuit2, Algo=Migrad, strategy=0, tolerance=0.1
CascadeMinimizer.cc[215] : (in function: improveOnce) - Minimization finished with status=0
CascadeMinimizer.cc[219] : (in function: improveOnce) - Minimization success! status=0
ToyMCSamplerOpt.cc[146] : (in function: generateAsimov) - Using internal logic for binned/unbinned Asimov dataset generation
ToyMCSamplerOpt.cc[214] : (in function: generateWithHisto) - Generating asimov with histogram for pdf pdf_binpass_LOW_obsOnly: in 4 x-bins
ToyMCSamplerOpt.cc[215] : (in function: generateWithHisto) -  , in 1 y-bins
ToyMCSamplerOpt.cc[146] : (in function: generateAsimov) - Using internal logic for binned/unbinned Asimov dataset generation
ToyMCSamplerOpt.cc[214] : (in function: generateWithHisto) - Generating asimov with histogram for pdf pdf_binpass_SIG_obsOnly: in 3 x-bins
ToyMCSamplerOpt.cc[215] : (in function: generateWithHisto) -  , in 1 y-bins
ToyMCSamplerOpt.cc[146] : (in function: generateAsimov) - Using internal logic for binned/unbinned Asimov dataset generation
ToyMCSamplerOpt.cc[214] : (in function: generateWithHisto) - Generating asimov with histogram for pdf pdf_binpass_HIGH_obsOnly: in 7 x-bins
ToyMCSamplerOpt.cc[215] : (in function: generateWithHisto) -  , in 1 y-bins
ToyMCSamplerOpt.cc[146] : (in function: generateAsimov) - Using internal logic for binned/unbinned Asimov dataset generation
ToyMCSamplerOpt.cc[214] : (in function: generateWithHisto) - Generating asimov with histogram for pdf pdf_binfail_LOW_obsOnly: in 4 x-bins
ToyMCSamplerOpt.cc[215] : (in function: generateWithHisto) -  , in 1 y-bins
ToyMCSamplerOpt.cc[146] : (in function: generateAsimov) - Using internal logic for binned/unbinned Asimov dataset generation
ToyMCSamplerOpt.cc[214] : (in function: generateWithHisto) - Generating asimov with histogram for pdf pdf_binfail_SIG_obsOnly: in 3 x-bins
ToyMCSamplerOpt.cc[215] : (in function: generateWithHisto) -  , in 1 y-bins
ToyMCSamplerOpt.cc[146] : (in function: generateAsimov) - Using internal logic for binned/unbinned Asimov dataset generation
ToyMCSamplerOpt.cc[214] : (in function: generateWithHisto) - Generating asimov with histogram for pdf pdf_binfail_HIGH_obsOnly: in 7 x-bins
ToyMCSamplerOpt.cc[215] : (in function: generateWithHisto) -  , in 1 y-bins
AsymptoticLimits.cc[428] : (in function: runLimitExpected) - Median for expected limits = 1.25, Sigma for expected limits = 0.637767
AsymptoticLimits.cc[191] : (in function: runLimit) - NLL at global minimum of data = -11140.9 (r=3.47735e-06)
AsymptoticLimits.cc[211] : (in function: runLimit) - NLL at global minimum of asimov = -11140.3 (r=1.03824e-07)
AsymptoticLimits.cc[337] : (in function: getCLs) - At r = 1.200003:	q_mu = 3.90391	q_A  = 3.65827	Pmu = 0.02403	1-Pb  = 0.47440	CLs  = 0.05065
AsymptoticLimits.cc[337] : (in function: getCLs) - At r = 2.400007:	q_mu = 7.72516	q_A  = 8.18677	Pmu = 0.00272	1-Pb  = 0.53261	CLs  = 0.00511
AsymptoticLimits.cc[337] : (in function: getCLs) - At r = 1.200005:	q_mu = 3.90389	q_A  = 3.65843	Pmu = 0.02403	1-Pb  = 0.47442	CLs  = 0.05065
AsymptoticLimits.cc[337] : (in function: getCLs) - At r = 1.800006:	q_mu = 5.81913	q_A  = 5.95658	Pmu = 0.00793	1-Pb  = 0.51130	CLs  = 0.01550
AsymptoticLimits.cc[337] : (in function: getCLs) - At r = 1.325224:	q_mu = 4.30069	q_A  = 4.13951	Pmu = 0.01903	1-Pb  = 0.48420	CLs  = 0.03930
AsymptoticLimits.cc[337] : (in function: getCLs) - At r = 1.230134:	q_mu = 3.99926	q_A  = 3.77404	Pmu = 0.02271	1-Pb  = 0.47689	CLs  = 0.04763
AsymptoticLimits.cc[337] : (in function: getCLs) - At r = 1.211084:	q_mu = 3.93892	q_A  = 3.70090	Pmu = 0.02354	1-Pb  = 0.47534	CLs  = 0.04952
AsymptoticLimits.cc[337] : (in function: getCLs) - At r = 1.205055:	q_mu = 3.91986	q_A  = 3.67771	Pmu = 0.02380	1-Pb  = 0.47483	CLs  = 0.05013
AsymptoticLimits.cc[337] : (in function: getCLs) - At r = 1.207274:	q_mu = 3.92685	q_A  = 3.68620	Pmu = 0.02371	1-Pb  = 0.47501	CLs  = 0.04990
AsymptoticLimits.cc[337] : (in function: getCLs) - At r = 1.206072:	q_mu = 3.92305	q_A  = 3.68157	Pmu = 0.02376	1-Pb  = 0.47491	CLs  = 0.05003
AsymptoticLimits.cc[337] : (in function: getCLs) - At r = 1.206520:	q_mu = 3.92445	q_A  = 3.68329	Pmu = 0.02374	1-Pb  = 0.47495	CLs  = 0.04998
AsymptoticLimits.cc[337] : (in function: getCLs) - At r = 1.206281:	q_mu = 3.92393	q_A  = 3.68236	Pmu = 0.02375	1-Pb  = 0.47491	CLs  = 0.05000
AsymptoticLimits.cc[337] : (in function: getCLs) - At r = 1.206337:	q_mu = 3.92395	q_A  = 3.68258	Pmu = 0.02375	1-Pb  = 0.47493	CLs  = 0.05000
AsymptoticLimits.cc[337] : (in function: getCLs) - At r = 1.206307:	q_mu = 3.92381	q_A  = 3.68246	Pmu = 0.02375	1-Pb  = 0.47493	CLs  = 0.05000
AsymptoticLimits.cc[337] : (in function: getCLs) - At r = 1.206320:	q_mu = 3.92384	q_A  = 3.68251	Pmu = 0.02375	1-Pb  = 0.47493	CLs  = 0.05000
AsymptoticLimits.cc[337] : (in function: getCLs) - At r = 1.206329:	q_mu = 3.92411	q_A  = 3.68255	Pmu = 0.02374	1-Pb  = 0.47491	CLs  = 0.05000
AsymptoticLimits.cc[337] : (in function: getCLs) - At r = 1.206323:	q_mu = 3.92390	q_A  = 3.68252	Pmu = 0.02375	1-Pb  = 0.47493	CLs  = 0.05000
