CascadeMinimizer.cc[188] : (in function: improveOnce) - Minimization configured with Type=Minuit2, Algo=Migrad, strategy=0, tolerance=0.1
CascadeMinimizer.cc[215] : (in function: improveOnce) - Minimization finished with status=0
CascadeMinimizer.cc[219] : (in function: improveOnce) - Minimization success! status=0
ToyMCSamplerOpt.cc[146] : (in function: generateAsimov) - Using internal logic for binned/unbinned Asimov dataset generation
ToyMCSamplerOpt.cc[214] : (in function: generateWithHisto) - Generating asimov with histogram for pdf pdf_binpass_LOW_obsOnly: in 3 x-bins
ToyMCSamplerOpt.cc[215] : (in function: generateWithHisto) -  , in 1 y-bins
ToyMCSamplerOpt.cc[146] : (in function: generateAsimov) - Using internal logic for binned/unbinned Asimov dataset generation
ToyMCSamplerOpt.cc[214] : (in function: generateWithHisto) - Generating asimov with histogram for pdf pdf_binpass_SIG_obsOnly: in 1 x-bins
ToyMCSamplerOpt.cc[215] : (in function: generateWithHisto) -  , in 1 y-bins
ToyMCSamplerOpt.cc[146] : (in function: generateAsimov) - Using internal logic for binned/unbinned Asimov dataset generation
ToyMCSamplerOpt.cc[214] : (in function: generateWithHisto) - Generating asimov with histogram for pdf pdf_binpass_HIGH_obsOnly: in 3 x-bins
ToyMCSamplerOpt.cc[215] : (in function: generateWithHisto) -  , in 1 y-bins
ToyMCSamplerOpt.cc[146] : (in function: generateAsimov) - Using internal logic for binned/unbinned Asimov dataset generation
ToyMCSamplerOpt.cc[214] : (in function: generateWithHisto) - Generating asimov with histogram for pdf pdf_binfail_LOW_obsOnly: in 3 x-bins
ToyMCSamplerOpt.cc[215] : (in function: generateWithHisto) -  , in 1 y-bins
ToyMCSamplerOpt.cc[146] : (in function: generateAsimov) - Using internal logic for binned/unbinned Asimov dataset generation
ToyMCSamplerOpt.cc[214] : (in function: generateWithHisto) - Generating asimov with histogram for pdf pdf_binfail_SIG_obsOnly: in 1 x-bins
ToyMCSamplerOpt.cc[215] : (in function: generateWithHisto) -  , in 1 y-bins
ToyMCSamplerOpt.cc[146] : (in function: generateAsimov) - Using internal logic for binned/unbinned Asimov dataset generation
ToyMCSamplerOpt.cc[214] : (in function: generateWithHisto) - Generating asimov with histogram for pdf pdf_binfail_HIGH_obsOnly: in 3 x-bins
ToyMCSamplerOpt.cc[215] : (in function: generateWithHisto) -  , in 1 y-bins
AsymptoticLimits.cc[428] : (in function: runLimitExpected) - Median for expected limits = 0.244141, Sigma for expected limits = 0.124564
AsymptoticLimits.cc[191] : (in function: runLimit) - NLL at global minimum of data = -705.847 (r=7.64063e-07)
AsymptoticLimits.cc[211] : (in function: runLimit) - NLL at global minimum of asimov = -705.815 (r=1.22144e-07)
AsymptoticLimits.cc[337] : (in function: getCLs) - At r = 1.200001:	q_mu = 15.23070	q_A  = 13.10803	Pmu = 0.00005	1-Pb  = 0.38471	CLs  = 0.00012
AsymptoticLimits.cc[337] : (in function: getCLs) - At r = 0.600001:	q_mu = 9.06489	q_A  = 7.75628	Pmu = 0.00126	1-Pb  = 0.40713	CLs  = 0.00310
AsymptoticLimits.cc[337] : (in function: getCLs) - At r = 0.300001:	q_mu = 5.15994	q_A  = 4.52793	Pmu = 0.01141	1-Pb  = 0.44097	CLs  = 0.02588
AsymptoticLimits.cc[337] : (in function: getCLs) - At r = 0.150001:	q_mu = 2.83734	q_A  = 2.56552	Pmu = 0.04584	1-Pb  = 0.46619	CLs  = 0.09833
AsymptoticLimits.cc[337] : (in function: getCLs) - At r = 0.210795:	q_mu = 3.81768	q_A  = 3.40539	Pmu = 0.02517	1-Pb  = 0.45553	CLs  = 0.05525
AsymptoticLimits.cc[337] : (in function: getCLs) - At r = 0.238034:	q_mu = 4.23828	q_A  = 3.76039	Pmu = 0.01959	1-Pb  = 0.45097	CLs  = 0.04343
AsymptoticLimits.cc[337] : (in function: getCLs) - At r = 0.225284:	q_mu = 4.04270	q_A  = 3.59591	Pmu = 0.02200	1-Pb  = 0.45311	CLs  = 0.04855
AsymptoticLimits.cc[337] : (in function: getCLs) - At r = 0.219752:	q_mu = 3.95714	q_A  = 3.52380	Pmu = 0.02315	1-Pb  = 0.45405	CLs  = 0.05099
AsymptoticLimits.cc[337] : (in function: getCLs) - At r = 0.222631:	q_mu = 4.00172	q_A  = 3.56130	Pmu = 0.02254	1-Pb  = 0.45355	CLs  = 0.04971
AsymptoticLimits.cc[337] : (in function: getCLs) - At r = 0.221522:	q_mu = 3.98458	q_A  = 3.54683	Pmu = 0.02278	1-Pb  = 0.45374	CLs  = 0.05020
AsymptoticLimits.cc[337] : (in function: getCLs) - At r = 0.222097:	q_mu = 3.99347	q_A  = 3.55431	Pmu = 0.02266	1-Pb  = 0.45364	CLs  = 0.04994
AsymptoticLimits.cc[337] : (in function: getCLs) - At r = 0.221876:	q_mu = 3.99005	q_A  = 3.55141	Pmu = 0.02270	1-Pb  = 0.45368	CLs  = 0.05004
AsymptoticLimits.cc[337] : (in function: getCLs) - At r = 0.221991:	q_mu = 3.99183	q_A  = 3.55290	Pmu = 0.02268	1-Pb  = 0.45365	CLs  = 0.04999
AsymptoticLimits.cc[337] : (in function: getCLs) - At r = 0.221947:	q_mu = 3.99115	q_A  = 3.55231	Pmu = 0.02269	1-Pb  = 0.45366	CLs  = 0.05001
AsymptoticLimits.cc[337] : (in function: getCLs) - At r = 0.221971:	q_mu = 3.99151	q_A  = 3.55260	Pmu = 0.02268	1-Pb  = 0.45365	CLs  = 0.05000
AsymptoticLimits.cc[337] : (in function: getCLs) - At r = 0.221962:	q_mu = 3.99138	q_A  = 3.55248	Pmu = 0.02268	1-Pb  = 0.45365	CLs  = 0.05000
AsymptoticLimits.cc[337] : (in function: getCLs) - At r = 0.221967:	q_mu = 3.99146	q_A  = 3.55253	Pmu = 0.02268	1-Pb  = 0.45365	CLs  = 0.05000
