CascadeMinimizer.cc[188] : (in function: improveOnce) - Minimization configured with Type=Minuit2, Algo=Migrad, strategy=0, tolerance=0.1
CascadeMinimizer.cc[215] : (in function: improveOnce) - Minimization finished with status=0
CascadeMinimizer.cc[219] : (in function: improveOnce) - Minimization success! status=0
ToyMCSamplerOpt.cc[146] : (in function: generateAsimov) - Using internal logic for binned/unbinned Asimov dataset generation
ToyMCSamplerOpt.cc[214] : (in function: generateWithHisto) - Generating asimov with histogram for pdf pdf_binpass_LOW_obsOnly: in 2 x-bins
ToyMCSamplerOpt.cc[215] : (in function: generateWithHisto) -  , in 1 y-bins
ToyMCSamplerOpt.cc[146] : (in function: generateAsimov) - Using internal logic for binned/unbinned Asimov dataset generation
ToyMCSamplerOpt.cc[214] : (in function: generateWithHisto) - Generating asimov with histogram for pdf pdf_binpass_SIG_obsOnly: in 1 x-bins
ToyMCSamplerOpt.cc[215] : (in function: generateWithHisto) -  , in 1 y-bins
ToyMCSamplerOpt.cc[146] : (in function: generateAsimov) - Using internal logic for binned/unbinned Asimov dataset generation
ToyMCSamplerOpt.cc[214] : (in function: generateWithHisto) - Generating asimov with histogram for pdf pdf_binpass_HIGH_obsOnly: in 9 x-bins
ToyMCSamplerOpt.cc[215] : (in function: generateWithHisto) -  , in 1 y-bins
ToyMCSamplerOpt.cc[146] : (in function: generateAsimov) - Using internal logic for binned/unbinned Asimov dataset generation
ToyMCSamplerOpt.cc[214] : (in function: generateWithHisto) - Generating asimov with histogram for pdf pdf_binfail_LOW_obsOnly: in 2 x-bins
ToyMCSamplerOpt.cc[215] : (in function: generateWithHisto) -  , in 1 y-bins
ToyMCSamplerOpt.cc[146] : (in function: generateAsimov) - Using internal logic for binned/unbinned Asimov dataset generation
ToyMCSamplerOpt.cc[214] : (in function: generateWithHisto) - Generating asimov with histogram for pdf pdf_binfail_SIG_obsOnly: in 1 x-bins
ToyMCSamplerOpt.cc[215] : (in function: generateWithHisto) -  , in 1 y-bins
ToyMCSamplerOpt.cc[146] : (in function: generateAsimov) - Using internal logic for binned/unbinned Asimov dataset generation
ToyMCSamplerOpt.cc[214] : (in function: generateWithHisto) - Generating asimov with histogram for pdf pdf_binfail_HIGH_obsOnly: in 9 x-bins
ToyMCSamplerOpt.cc[215] : (in function: generateWithHisto) -  , in 1 y-bins
AsymptoticLimits.cc[428] : (in function: runLimitExpected) - Median for expected limits = 1.36719, Sigma for expected limits = 0.697557
AsymptoticLimits.cc[191] : (in function: runLimit) - NLL at global minimum of data = -21.7509 (r=0.203376)
AsymptoticLimits.cc[211] : (in function: runLimit) - NLL at global minimum of asimov = -21.5961 (r=0.148857)
AsymptoticLimits.cc[337] : (in function: getCLs) - At r = 1.403376:	q_mu = 3.84771	q_A  = 3.97886	Pmu = 0.02491	1-Pb  = 0.51322	CLs  = 0.04853
AsymptoticLimits.cc[337] : (in function: getCLs) - At r = 0.803376:	q_mu = 1.51340	q_A  = 1.67576	Pmu = 0.10931	1-Pb  = 0.52564	CLs  = 0.20796
AsymptoticLimits.cc[337] : (in function: getCLs) - At r = 1.103376:	q_mu = 2.65260	q_A  = 2.80445	Pmu = 0.05169	1-Pb  = 0.51833	CLs  = 0.09972
AsymptoticLimits.cc[337] : (in function: getCLs) - At r = 1.333437:	q_mu = 3.56951	q_A  = 3.70212	Pmu = 0.02942	1-Pb  = 0.51387	CLs  = 0.05726
AsymptoticLimits.cc[337] : (in function: getCLs) - At r = 1.379300:	q_mu = 3.75060	q_A  = 3.88348	Pmu = 0.02639	1-Pb  = 0.51356	CLs  = 0.05139
AsymptoticLimits.cc[337] : (in function: getCLs) - At r = 1.393355:	q_mu = 3.80724	q_A  = 3.93906	Pmu = 0.02552	1-Pb  = 0.51336	CLs  = 0.04970
AsymptoticLimits.cc[337] : (in function: getCLs) - At r = 1.388545:	q_mu = 3.78797	q_A  = 3.92000	Pmu = 0.02581	1-Pb  = 0.51341	CLs  = 0.05027
AsymptoticLimits.cc[337] : (in function: getCLs) - At r = 1.391348:	q_mu = 3.79917	q_A  = 3.93110	Pmu = 0.02564	1-Pb  = 0.51338	CLs  = 0.04994
AsymptoticLimits.cc[337] : (in function: getCLs) - At r = 1.390389:	q_mu = 3.79530	q_A  = 3.92730	Pmu = 0.02570	1-Pb  = 0.51340	CLs  = 0.05006
AsymptoticLimits.cc[337] : (in function: getCLs) - At r = 1.390953:	q_mu = 3.79757	q_A  = 3.92954	Pmu = 0.02566	1-Pb  = 0.51339	CLs  = 0.04999
AsymptoticLimits.cc[337] : (in function: getCLs) - At r = 1.390762:	q_mu = 3.79680	q_A  = 3.92878	Pmu = 0.02568	1-Pb  = 0.51339	CLs  = 0.05001
AsymptoticLimits.cc[337] : (in function: getCLs) - At r = 1.390875:	q_mu = 3.79745	q_A  = 3.92921	Pmu = 0.02567	1-Pb  = 0.51337	CLs  = 0.04999
AsymptoticLimits.cc[337] : (in function: getCLs) - At r = 1.390820:	q_mu = 3.79712	q_A  = 3.92900	Pmu = 0.02567	1-Pb  = 0.51338	CLs  = 0.05000
AsymptoticLimits.cc[337] : (in function: getCLs) - At r = 1.390844:	q_mu = 3.79720	q_A  = 3.92909	Pmu = 0.02567	1-Pb  = 0.51338	CLs  = 0.05000
AsymptoticLimits.cc[337] : (in function: getCLs) - At r = 1.390839:	q_mu = 3.79743	q_A  = 3.92907	Pmu = 0.02567	1-Pb  = 0.51336	CLs  = 0.05000
AsymptoticLimits.cc[337] : (in function: getCLs) - At r = 1.390830:	q_mu = 3.79728	q_A  = 3.92907	Pmu = 0.02567	1-Pb  = 0.51337	CLs  = 0.05000
AsymptoticLimits.cc[337] : (in function: getCLs) - At r = 1.390825:	q_mu = 3.79725	q_A  = 3.92905	Pmu = 0.02567	1-Pb  = 0.51337	CLs  = 0.05000
