 <<< Combine >>> 
 <<< v10.0.1 >>>
>>> Random number generator seed is 123456
>>> Method used is FitDiagnostics
Set Default Value of Parameter mask_pass_SIG To : 1
Set Default Value of Parameter mask_pass_HIGH To : 1
Set Default Value of Parameter r To : 1
>>> 2 out of 6 channels masked

>> Found 20 floating parameters
>> The following parameters are protected in the event of negative eigenvalues:
>> Parameter CMS_AN23122_Background_rpf_2x0_par2 does not have a valid stencil and will be dropped
>> Verifying eigenvalues are all positive (iteration 0)
Eigenvalue 18 : -0.000162418
 - 0.753351	CMS_AN23122_Background_rpf_2x0_par3
 - -0.64707	CMS_AN23122_Background_rpf_2x0_par0
 - -0.117311	CMS_AN23122_Background_rpf_2x0_par1
 - 0.000320611	CMS_AN23122_Background_fail_LOW_bin_2-1
 - -0.000221083	CMS_AN23122_Background_fail_LOW_bin_1-1
>> Attempt 0 failed, remove the variable with largest eigenvector component...
>> Dropping CMS_AN23122_Background_rpf_2x0_par3 from the hessian
>> Verifying eigenvalues are all positive (iteration 1)
>> All eigenvalues are positive
>> Inverting Hessian...
>> Matrix inverted
>> Note: the following parameters were dropped as their ranges are either too narrow or the parameter has no effect on the NLL:
     - CMS_AN23122_Background_rpf_2x0_par2
>> Note: the following parameters were dropped to make the covariance matrix pos-def:
     - CMS_AN23122_Background_rpf_2x0_par3
 Fit B-only, status = 0, numBadNLL = 0, covariance quality = -1
Running Minos for POI r
>> Found 21 floating parameters
>> The following parameters are protected in the event of negative eigenvalues: r
>> Parameter CMS_AN23122_Background_rpf_2x0_par2 does not have a valid stencil and will be dropped
>> Verifying eigenvalues are all positive (iteration 0)
Eigenvalue 18 : -6.09775e-05
 - 0.742514	CMS_AN23122_Background_rpf_2x0_par3
 - -0.661234	CMS_AN23122_Background_rpf_2x0_par0
 - -0.106719	CMS_AN23122_Background_rpf_2x0_par1
 - 0.00497466	CMS_AN23122_Background_fail_HIGH_bin_9-1
 - -0.00449082	r
Eigenvalue 19 : -0.0144607
 - -0.666106	r
 - 0.661495	CMS_AN23122_Background_fail_HIGH_bin_9-1
 - -0.302196	pT
 - 0.089186	CMS_AN23122_Background_fail_HIGH_bin_7-1
 - 0.0711145	CMS_AN23122_Background_rpf_2x0_par1
>> Attempt 0 failed, remove the variable with largest eigenvector component...
>> Dropping CMS_AN23122_Background_fail_HIGH_bin_9-1 from the hessian
>> Verifying eigenvalues are all positive (iteration 1)
Eigenvalue 18 : -6.184e-05
 - -0.742508	CMS_AN23122_Background_rpf_2x0_par3
 - 0.661163	CMS_AN23122_Background_rpf_2x0_par0
 - 0.107442	CMS_AN23122_Background_rpf_2x0_par1
 - -0.000968461	r
 - 0.000357396	RNN
>> Attempt 1 failed, remove the variable with largest eigenvector component...
>> Dropping CMS_AN23122_Background_rpf_2x0_par3 from the hessian
>> Verifying eigenvalues are all positive (iteration 2)
>> All eigenvalues are positive
>> Inverting Hessian...
>> Matrix inverted
>> Note: the following parameters were dropped as their ranges are either too narrow or the parameter has no effect on the NLL:
     - CMS_AN23122_Background_rpf_2x0_par2
>> Note: the following parameters were dropped to make the covariance matrix pos-def:
     - CMS_AN23122_Background_fail_HIGH_bin_9-1
     - CMS_AN23122_Background_rpf_2x0_par3
Fit S+B, status = 0, numBadNLL = 0, covariance quality = -1

 --- FitDiagnostics ---
Best fit r: 5.60627  -5.60627/+44.3937  (68% CL)
Done in 0.00 min (cpu), 0.00 min (real)
27 log messages saved to combine_logger.out
