CascadeMinimizer.cc[188] : (in function: improveOnce) - Minimization configured with Type=Minuit2, Algo=Migrad, strategy=0, tolerance=0.1
CascadeMinimizer.cc[215] : (in function: improveOnce) - Minimization finished with status=0
CascadeMinimizer.cc[219] : (in function: improveOnce) - Minimization success! status=0
ToyMCSamplerOpt.cc[146] : (in function: generateAsimov) - Using internal logic for binned/unbinned Asimov dataset generation
ToyMCSamplerOpt.cc[214] : (in function: generateWithHisto) - Generating asimov with histogram for pdf pdf_binpass_LOW_obsOnly: in 3 x-bins
ToyMCSamplerOpt.cc[215] : (in function: generateWithHisto) -  , in 1 y-bins
ToyMCSamplerOpt.cc[146] : (in function: generateAsimov) - Using internal logic for binned/unbinned Asimov dataset generation
ToyMCSamplerOpt.cc[214] : (in function: generateWithHisto) - Generating asimov with histogram for pdf pdf_binpass_SIG_obsOnly: in 1 x-bins
ToyMCSamplerOpt.cc[215] : (in function: generateWithHisto) -  , in 1 y-bins
ToyMCSamplerOpt.cc[146] : (in function: generateAsimov) - Using internal logic for binned/unbinned Asimov dataset generation
ToyMCSamplerOpt.cc[214] : (in function: generateWithHisto) - Generating asimov with histogram for pdf pdf_binpass_HIGH_obsOnly: in 5 x-bins
ToyMCSamplerOpt.cc[215] : (in function: generateWithHisto) -  , in 1 y-bins
ToyMCSamplerOpt.cc[146] : (in function: generateAsimov) - Using internal logic for binned/unbinned Asimov dataset generation
ToyMCSamplerOpt.cc[214] : (in function: generateWithHisto) - Generating asimov with histogram for pdf pdf_binfail_LOW_obsOnly: in 3 x-bins
ToyMCSamplerOpt.cc[215] : (in function: generateWithHisto) -  , in 1 y-bins
ToyMCSamplerOpt.cc[146] : (in function: generateAsimov) - Using internal logic for binned/unbinned Asimov dataset generation
ToyMCSamplerOpt.cc[214] : (in function: generateWithHisto) - Generating asimov with histogram for pdf pdf_binfail_SIG_obsOnly: in 1 x-bins
ToyMCSamplerOpt.cc[215] : (in function: generateWithHisto) -  , in 1 y-bins
ToyMCSamplerOpt.cc[146] : (in function: generateAsimov) - Using internal logic for binned/unbinned Asimov dataset generation
ToyMCSamplerOpt.cc[214] : (in function: generateWithHisto) - Generating asimov with histogram for pdf pdf_binfail_HIGH_obsOnly: in 5 x-bins
ToyMCSamplerOpt.cc[215] : (in function: generateWithHisto) -  , in 1 y-bins
AsymptoticLimits.cc[428] : (in function: runLimitExpected) - Median for expected limits = 0.456055, Sigma for expected limits = 0.232685
AsymptoticLimits.cc[191] : (in function: runLimit) - NLL at global minimum of data = -926.051 (r=3.42521e-09)
AsymptoticLimits.cc[211] : (in function: runLimit) - NLL at global minimum of asimov = -924.553 (r=2.2424e-05)
AsymptoticLimits.cc[337] : (in function: getCLs) - At r = 1.200000:	q_mu = 23.16107	q_A  = 21.78614	Pmu = 0.00000	1-Pb  = 0.44145	CLs  = 0.00000
AsymptoticLimits.cc[337] : (in function: getCLs) - At r = 0.600000:	q_mu = 11.81346	q_A  = 5.97121	Pmu = 0.00014	1-Pb  = 0.11596	CLs  = 0.00118
AsymptoticLimits.cc[337] : (in function: getCLs) - At r = 0.300000:	q_mu = 5.85089	q_A  = 1.86309	Pmu = 0.00236	1-Pb  = 0.07204	CLs  = 0.03274
AsymptoticLimits.cc[337] : (in function: getCLs) - At r = 0.150000:	q_mu = 2.88473	q_A  = 0.42977	Pmu = 0.00574	1-Pb  = 0.03058	CLs  = 0.18761
AsymptoticLimits.cc[337] : (in function: getCLs) - At r = 0.225000:	q_mu = 4.35998	q_A  = 1.07883	Pmu = 0.00442	1-Pb  = 0.05711	CLs  = 0.07740
AsymptoticLimits.cc[337] : (in function: getCLs) - At r = 0.255472:	q_mu = 4.96752	q_A  = 1.38487	Pmu = 0.00348	1-Pb  = 0.06398	CLs  = 0.05435
AsymptoticLimits.cc[337] : (in function: getCLs) - At r = 0.270243:	q_mu = 5.25784	q_A  = 1.54040	Pmu = 0.00308	1-Pb  = 0.06712	CLs  = 0.04595
AsymptoticLimits.cc[337] : (in function: getCLs) - At r = 0.264296:	q_mu = 5.13951	q_A  = 1.47704	Pmu = 0.00324	1-Pb  = 0.06593	CLs  = 0.04919
AsymptoticLimits.cc[337] : (in function: getCLs) - At r = 0.261376:	q_mu = 5.08151	q_A  = 1.44631	Pmu = 0.00332	1-Pb  = 0.06535	CLs  = 0.05087
AsymptoticLimits.cc[337] : (in function: getCLs) - At r = 0.262573:	q_mu = 5.10528	q_A  = 1.45886	Pmu = 0.00329	1-Pb  = 0.06559	CLs  = 0.05017
AsymptoticLimits.cc[337] : (in function: getCLs) - At r = 0.263157:	q_mu = 5.11688	q_A  = 1.46497	Pmu = 0.00327	1-Pb  = 0.06570	CLs  = 0.04984
AsymptoticLimits.cc[337] : (in function: getCLs) - At r = 0.262813:	q_mu = 5.11004	q_A  = 1.46133	Pmu = 0.00328	1-Pb  = 0.06563	CLs  = 0.05003
AsymptoticLimits.cc[337] : (in function: getCLs) - At r = 0.262931:	q_mu = 5.11227	q_A  = 1.46256	Pmu = 0.00328	1-Pb  = 0.06566	CLs  = 0.04997
AsymptoticLimits.cc[337] : (in function: getCLs) - At r = 0.262864:	q_mu = 5.11094	q_A  = 1.46185	Pmu = 0.00328	1-Pb  = 0.06564	CLs  = 0.05001
AsymptoticLimits.cc[337] : (in function: getCLs) - At r = 0.262889:	q_mu = 5.11144	q_A  = 1.46211	Pmu = 0.00328	1-Pb  = 0.06565	CLs  = 0.04999
AsymptoticLimits.cc[337] : (in function: getCLs) - At r = 0.262876:	q_mu = 5.11118	q_A  = 1.46197	Pmu = 0.00328	1-Pb  = 0.06564	CLs  = 0.05000
AsymptoticLimits.cc[337] : (in function: getCLs) - At r = 0.262881:	q_mu = 5.11128	q_A  = 1.46202	Pmu = 0.00328	1-Pb  = 0.06565	CLs  = 0.05000
AsymptoticLimits.cc[337] : (in function: getCLs) - At r = 0.262878:	q_mu = 5.11123	q_A  = 1.46199	Pmu = 0.00328	1-Pb  = 0.06564	CLs  = 0.05000
