CascadeMinimizer.cc[188] : (in function: improveOnce) - Minimization configured with Type=Minuit2, Algo=Migrad, strategy=0, tolerance=0.1
CascadeMinimizer.cc[215] : (in function: improveOnce) - Minimization finished with status=0
CascadeMinimizer.cc[219] : (in function: improveOnce) - Minimization success! status=0
ToyMCSamplerOpt.cc[146] : (in function: generateAsimov) - Using internal logic for binned/unbinned Asimov dataset generation
ToyMCSamplerOpt.cc[214] : (in function: generateWithHisto) - Generating asimov with histogram for pdf pdf_binpass_LOW_obsOnly: in 3 x-bins
ToyMCSamplerOpt.cc[215] : (in function: generateWithHisto) -  , in 1 y-bins
ToyMCSamplerOpt.cc[146] : (in function: generateAsimov) - Using internal logic for binned/unbinned Asimov dataset generation
ToyMCSamplerOpt.cc[214] : (in function: generateWithHisto) - Generating asimov with histogram for pdf pdf_binpass_SIG_obsOnly: in 1 x-bins
ToyMCSamplerOpt.cc[215] : (in function: generateWithHisto) -  , in 1 y-bins
ToyMCSamplerOpt.cc[146] : (in function: generateAsimov) - Using internal logic for binned/unbinned Asimov dataset generation
ToyMCSamplerOpt.cc[214] : (in function: generateWithHisto) - Generating asimov with histogram for pdf pdf_binpass_HIGH_obsOnly: in 3 x-bins
ToyMCSamplerOpt.cc[215] : (in function: generateWithHisto) -  , in 1 y-bins
ToyMCSamplerOpt.cc[146] : (in function: generateAsimov) - Using internal logic for binned/unbinned Asimov dataset generation
ToyMCSamplerOpt.cc[214] : (in function: generateWithHisto) - Generating asimov with histogram for pdf pdf_binfail_LOW_obsOnly: in 3 x-bins
ToyMCSamplerOpt.cc[215] : (in function: generateWithHisto) -  , in 1 y-bins
ToyMCSamplerOpt.cc[146] : (in function: generateAsimov) - Using internal logic for binned/unbinned Asimov dataset generation
ToyMCSamplerOpt.cc[214] : (in function: generateWithHisto) - Generating asimov with histogram for pdf pdf_binfail_SIG_obsOnly: in 1 x-bins
ToyMCSamplerOpt.cc[215] : (in function: generateWithHisto) -  , in 1 y-bins
ToyMCSamplerOpt.cc[146] : (in function: generateAsimov) - Using internal logic for binned/unbinned Asimov dataset generation
ToyMCSamplerOpt.cc[214] : (in function: generateWithHisto) - Generating asimov with histogram for pdf pdf_binfail_HIGH_obsOnly: in 3 x-bins
ToyMCSamplerOpt.cc[215] : (in function: generateWithHisto) -  , in 1 y-bins
AsymptoticLimits.cc[428] : (in function: runLimitExpected) - Median for expected limits = 1.27344, Sigma for expected limits = 0.649725
AsymptoticLimits.cc[191] : (in function: runLimit) - NLL at global minimum of data = -708.219 (r=1.00232)
AsymptoticLimits.cc[211] : (in function: runLimit) - NLL at global minimum of asimov = -706.14 (r=0.0116213)
AsymptoticLimits.cc[337] : (in function: getCLs) - At r = 2.202315:	q_mu = 2.54742	q_A  = 6.43712	Pmu = 0.05524	1-Pb  = 0.82667	CLs  = 0.06682
AsymptoticLimits.cc[337] : (in function: getCLs) - At r = 4.404630:	q_mu = 10.44248	q_A  = 13.85560	Pmu = 0.00062	1-Pb  = 0.68823	CLs  = 0.00089
AsymptoticLimits.cc[337] : (in function: getCLs) - At r = 2.703473:	q_mu = 4.25025	q_A  = 7.99703	Pmu = 0.01962	1-Pb  = 0.77825	CLs  = 0.02521
AsymptoticLimits.cc[337] : (in function: getCLs) - At r = 1.852894:	q_mu = 1.53534	q_A  = 5.48784	Pmu = 0.10766	1-Pb  = 0.86510	CLs  = 0.12444
AsymptoticLimits.cc[337] : (in function: getCLs) - At r = 2.241542:	q_mu = 2.69143	q_A  = 6.56207	Pmu = 0.05044	1-Pb  = 0.82150	CLs  = 0.06141
AsymptoticLimits.cc[337] : (in function: getCLs) - At r = 2.419234:	q_mu = 3.27424	q_A  = 7.10035	Pmu = 0.03519	1-Pb  = 0.80377	CLs  = 0.04378
AsymptoticLimits.cc[337] : (in function: getCLs) - At r = 2.327868:	q_mu = 2.97132	q_A  = 6.82082	Pmu = 0.04238	1-Pb  = 0.81271	CLs  = 0.05214
AsymptoticLimits.cc[337] : (in function: getCLs) - At r = 2.363681:	q_mu = 3.08930	q_A  = 6.92965	Pmu = 0.03940	1-Pb  = 0.80915	CLs  = 0.04870
AsymptoticLimits.cc[337] : (in function: getCLs) - At r = 2.345458:	q_mu = 3.02914	q_A  = 6.87410	Pmu = 0.04089	1-Pb  = 0.81095	CLs  = 0.05042
AsymptoticLimits.cc[337] : (in function: getCLs) - At r = 2.352631:	q_mu = 3.05277	q_A  = 6.89594	Pmu = 0.04030	1-Pb  = 0.81024	CLs  = 0.04974
AsymptoticLimits.cc[337] : (in function: getCLs) - At r = 2.348991:	q_mu = 3.04076	q_A  = 6.88484	Pmu = 0.04060	1-Pb  = 0.81060	CLs  = 0.05008
AsymptoticLimits.cc[337] : (in function: getCLs) - At r = 2.350429:	q_mu = 3.04550	q_A  = 6.88921	Pmu = 0.04048	1-Pb  = 0.81046	CLs  = 0.04995
AsymptoticLimits.cc[337] : (in function: getCLs) - At r = 2.349702:	q_mu = 3.04310	q_A  = 6.88700	Pmu = 0.04054	1-Pb  = 0.81053	CLs  = 0.05002
AsymptoticLimits.cc[337] : (in function: getCLs) - At r = 2.349990:	q_mu = 3.04405	q_A  = 6.88787	Pmu = 0.04052	1-Pb  = 0.81050	CLs  = 0.04999
AsymptoticLimits.cc[337] : (in function: getCLs) - At r = 2.349844:	q_mu = 3.04357	q_A  = 6.88743	Pmu = 0.04053	1-Pb  = 0.81052	CLs  = 0.05000
AsymptoticLimits.cc[337] : (in function: getCLs) - At r = 2.349902:	q_mu = 3.04376	q_A  = 6.88760	Pmu = 0.04052	1-Pb  = 0.81051	CLs  = 0.05000
AsymptoticLimits.cc[337] : (in function: getCLs) - At r = 2.349873:	q_mu = 3.04366	q_A  = 6.88751	Pmu = 0.04053	1-Pb  = 0.81052	CLs  = 0.05000
AsymptoticLimits.cc[337] : (in function: getCLs) - At r = 2.349885:	q_mu = 3.04370	q_A  = 6.88755	Pmu = 0.04053	1-Pb  = 0.81051	CLs  = 0.05000
AsymptoticLimits.cc[337] : (in function: getCLs) - At r = 2.349879:	q_mu = 3.04368	q_A  = 6.88753	Pmu = 0.04053	1-Pb  = 0.81051	CLs  = 0.05000
