CascadeMinimizer.cc[188] : (in function: improveOnce) - Minimization configured with Type=Minuit2, Algo=Migrad, strategy=0, tolerance=0.1
CascadeMinimizer.cc[215] : (in function: improveOnce) - Minimization finished with status=0
CascadeMinimizer.cc[219] : (in function: improveOnce) - Minimization success! status=0
ToyMCSamplerOpt.cc[146] : (in function: generateAsimov) - Using internal logic for binned/unbinned Asimov dataset generation
ToyMCSamplerOpt.cc[214] : (in function: generateWithHisto) - Generating asimov with histogram for pdf pdf_binpass_LOW_obsOnly: in 3 x-bins
ToyMCSamplerOpt.cc[215] : (in function: generateWithHisto) -  , in 1 y-bins
ToyMCSamplerOpt.cc[146] : (in function: generateAsimov) - Using internal logic for binned/unbinned Asimov dataset generation
ToyMCSamplerOpt.cc[214] : (in function: generateWithHisto) - Generating asimov with histogram for pdf pdf_binpass_SIG_obsOnly: in 1 x-bins
ToyMCSamplerOpt.cc[215] : (in function: generateWithHisto) -  , in 1 y-bins
ToyMCSamplerOpt.cc[146] : (in function: generateAsimov) - Using internal logic for binned/unbinned Asimov dataset generation
ToyMCSamplerOpt.cc[214] : (in function: generateWithHisto) - Generating asimov with histogram for pdf pdf_binpass_HIGH_obsOnly: in 5 x-bins
ToyMCSamplerOpt.cc[215] : (in function: generateWithHisto) -  , in 1 y-bins
ToyMCSamplerOpt.cc[146] : (in function: generateAsimov) - Using internal logic for binned/unbinned Asimov dataset generation
ToyMCSamplerOpt.cc[214] : (in function: generateWithHisto) - Generating asimov with histogram for pdf pdf_binfail_LOW_obsOnly: in 3 x-bins
ToyMCSamplerOpt.cc[215] : (in function: generateWithHisto) -  , in 1 y-bins
ToyMCSamplerOpt.cc[146] : (in function: generateAsimov) - Using internal logic for binned/unbinned Asimov dataset generation
ToyMCSamplerOpt.cc[214] : (in function: generateWithHisto) - Generating asimov with histogram for pdf pdf_binfail_SIG_obsOnly: in 1 x-bins
ToyMCSamplerOpt.cc[215] : (in function: generateWithHisto) -  , in 1 y-bins
ToyMCSamplerOpt.cc[146] : (in function: generateAsimov) - Using internal logic for binned/unbinned Asimov dataset generation
ToyMCSamplerOpt.cc[214] : (in function: generateWithHisto) - Generating asimov with histogram for pdf pdf_binfail_HIGH_obsOnly: in 5 x-bins
ToyMCSamplerOpt.cc[215] : (in function: generateWithHisto) -  , in 1 y-bins
AsymptoticLimits.cc[428] : (in function: runLimitExpected) - Median for expected limits = 2.51562, Sigma for expected limits = 1.28351
AsymptoticLimits.cc[191] : (in function: runLimit) - NLL at global minimum of data = -901.574 (r=7.65438e-08)
AsymptoticLimits.cc[211] : (in function: runLimit) - NLL at global minimum of asimov = -900.969 (r=3.71685e-07)
AsymptoticLimits.cc[337] : (in function: getCLs) - At r = 1.837656:	q_mu = 2.90070	q_A  = 2.88064	Pmu = 0.04427	1-Pb  = 0.49764	CLs  = 0.08896
AsymptoticLimits.cc[337] : (in function: getCLs) - At r = 3.675313:	q_mu = 5.45033	q_A  = 5.41252	Pmu = 0.00978	1-Pb  = 0.49676	CLs  = 0.01969
AsymptoticLimits.cc[337] : (in function: getCLs) - At r = 1.837656:	q_mu = 2.90068	q_A  = 2.88064	Pmu = 0.04427	1-Pb  = 0.49764	CLs  = 0.08896
AsymptoticLimits.cc[337] : (in function: getCLs) - At r = 2.766877:	q_mu = 4.22620	q_A  = 4.19699	Pmu = 0.01990	1-Pb  = 0.49716	CLs  = 0.04003
AsymptoticLimits.cc[337] : (in function: getCLs) - At r = 2.374022:	q_mu = 3.67554	q_A  = 3.65009	Pmu = 0.02761	1-Pb  = 0.49734	CLs  = 0.05551
AsymptoticLimits.cc[337] : (in function: getCLs) - At r = 2.553094:	q_mu = 3.92823	q_A  = 3.90103	Pmu = 0.02374	1-Pb  = 0.49725	CLs  = 0.04774
AsymptoticLimits.cc[337] : (in function: getCLs) - At r = 2.473375:	q_mu = 3.81609	q_A  = 3.78967	Pmu = 0.02538	1-Pb  = 0.49729	CLs  = 0.05104
AsymptoticLimits.cc[337] : (in function: getCLs) - At r = 2.508946:	q_mu = 3.86620	q_A  = 3.83943	Pmu = 0.02463	1-Pb  = 0.49727	CLs  = 0.04954
AsymptoticLimits.cc[337] : (in function: getCLs) - At r = 2.492955:	q_mu = 3.84369	q_A  = 3.81707	Pmu = 0.02497	1-Pb  = 0.49728	CLs  = 0.05021
AsymptoticLimits.cc[337] : (in function: getCLs) - At r = 2.500059:	q_mu = 3.85369	q_A  = 3.82701	Pmu = 0.02482	1-Pb  = 0.49728	CLs  = 0.04991
AsymptoticLimits.cc[337] : (in function: getCLs) - At r = 2.496860:	q_mu = 3.84918	q_A  = 3.82253	Pmu = 0.02488	1-Pb  = 0.49728	CLs  = 0.05004
AsymptoticLimits.cc[337] : (in function: getCLs) - At r = 2.498281:	q_mu = 3.85118	q_A  = 3.82452	Pmu = 0.02485	1-Pb  = 0.49728	CLs  = 0.04998
AsymptoticLimits.cc[337] : (in function: getCLs) - At r = 2.497642:	q_mu = 3.85028	q_A  = 3.82363	Pmu = 0.02487	1-Pb  = 0.49728	CLs  = 0.05001
AsymptoticLimits.cc[337] : (in function: getCLs) - At r = 2.497926:	q_mu = 3.85068	q_A  = 3.82402	Pmu = 0.02486	1-Pb  = 0.49728	CLs  = 0.05000
AsymptoticLimits.cc[337] : (in function: getCLs) - At r = 2.497798:	q_mu = 3.85050	q_A  = 3.82385	Pmu = 0.02486	1-Pb  = 0.49728	CLs  = 0.05000
AsymptoticLimits.cc[337] : (in function: getCLs) - At r = 2.497855:	q_mu = 3.85058	q_A  = 3.82393	Pmu = 0.02486	1-Pb  = 0.49728	CLs  = 0.05000
AsymptoticLimits.cc[337] : (in function: getCLs) - At r = 2.497830:	q_mu = 3.85054	q_A  = 3.82389	Pmu = 0.02486	1-Pb  = 0.49728	CLs  = 0.05000
AsymptoticLimits.cc[337] : (in function: getCLs) - At r = 2.497841:	q_mu = 3.85056	q_A  = 3.82391	Pmu = 0.02486	1-Pb  = 0.49728	CLs  = 0.05000
AsymptoticLimits.cc[337] : (in function: getCLs) - At r = 2.497836:	q_mu = 3.85055	q_A  = 3.82390	Pmu = 0.02486	1-Pb  = 0.49728	CLs  = 0.05000
