CascadeMinimizer.cc[188] : (in function: improveOnce) - Minimization configured with Type=Minuit2, Algo=Migrad, strategy=0, tolerance=0.1
CascadeMinimizer.cc[215] : (in function: improveOnce) - Minimization finished with status=0
CascadeMinimizer.cc[219] : (in function: improveOnce) - Minimization success! status=0
ToyMCSamplerOpt.cc[146] : (in function: generateAsimov) - Using internal logic for binned/unbinned Asimov dataset generation
ToyMCSamplerOpt.cc[214] : (in function: generateWithHisto) - Generating asimov with histogram for pdf pdf_binpass_LOW_obsOnly: in 3 x-bins
ToyMCSamplerOpt.cc[215] : (in function: generateWithHisto) -  , in 1 y-bins
ToyMCSamplerOpt.cc[146] : (in function: generateAsimov) - Using internal logic for binned/unbinned Asimov dataset generation
ToyMCSamplerOpt.cc[214] : (in function: generateWithHisto) - Generating asimov with histogram for pdf pdf_binpass_SIG_obsOnly: in 1 x-bins
ToyMCSamplerOpt.cc[215] : (in function: generateWithHisto) -  , in 1 y-bins
ToyMCSamplerOpt.cc[146] : (in function: generateAsimov) - Using internal logic for binned/unbinned Asimov dataset generation
ToyMCSamplerOpt.cc[214] : (in function: generateWithHisto) - Generating asimov with histogram for pdf pdf_binpass_HIGH_obsOnly: in 3 x-bins
ToyMCSamplerOpt.cc[215] : (in function: generateWithHisto) -  , in 1 y-bins
ToyMCSamplerOpt.cc[146] : (in function: generateAsimov) - Using internal logic for binned/unbinned Asimov dataset generation
ToyMCSamplerOpt.cc[214] : (in function: generateWithHisto) - Generating asimov with histogram for pdf pdf_binfail_LOW_obsOnly: in 3 x-bins
ToyMCSamplerOpt.cc[215] : (in function: generateWithHisto) -  , in 1 y-bins
ToyMCSamplerOpt.cc[146] : (in function: generateAsimov) - Using internal logic for binned/unbinned Asimov dataset generation
ToyMCSamplerOpt.cc[214] : (in function: generateWithHisto) - Generating asimov with histogram for pdf pdf_binfail_SIG_obsOnly: in 1 x-bins
ToyMCSamplerOpt.cc[215] : (in function: generateWithHisto) -  , in 1 y-bins
ToyMCSamplerOpt.cc[146] : (in function: generateAsimov) - Using internal logic for binned/unbinned Asimov dataset generation
ToyMCSamplerOpt.cc[214] : (in function: generateWithHisto) - Generating asimov with histogram for pdf pdf_binfail_HIGH_obsOnly: in 3 x-bins
ToyMCSamplerOpt.cc[215] : (in function: generateWithHisto) -  , in 1 y-bins
AsymptoticLimits.cc[428] : (in function: runLimitExpected) - Median for expected limits = 6.875, Sigma for expected limits = 3.50772
AsymptoticLimits.cc[191] : (in function: runLimit) - NLL at global minimum of data = -678.22 (r=1.56726e-06)
AsymptoticLimits.cc[211] : (in function: runLimit) - NLL at global minimum of asimov = -678.407 (r=4.39625e-07)
AsymptoticLimits.cc[337] : (in function: getCLs) - At r = 3.211529:	q_mu = 2.13506	q_A  = 2.16601	Pmu = 0.07198	1-Pb  = 0.50421	CLs  = 0.14276
AsymptoticLimits.cc[337] : (in function: getCLs) - At r = 6.423057:	q_mu = 3.61125	q_A  = 3.66451	Pmu = 0.02869	1-Pb  = 0.50557	CLs  = 0.05676
AsymptoticLimits.cc[337] : (in function: getCLs) - At r = 12.846114:	q_mu = 5.78303	q_A  = 5.87679	Pmu = 0.00809	1-Pb  = 0.50775	CLs  = 0.01593
AsymptoticLimits.cc[337] : (in function: getCLs) - At r = 6.423058:	q_mu = 3.61066	q_A  = 3.66428	Pmu = 0.02871	1-Pb  = 0.50561	CLs  = 0.05677
AsymptoticLimits.cc[337] : (in function: getCLs) - At r = 8.221477:	q_mu = 4.29650	q_A  = 4.36256	Pmu = 0.01910	1-Pb  = 0.50633	CLs  = 0.03771
AsymptoticLimits.cc[337] : (in function: getCLs) - At r = 7.229590:	q_mu = 3.92782	q_A  = 3.98711	Pmu = 0.02375	1-Pb  = 0.50594	CLs  = 0.04694
AsymptoticLimits.cc[337] : (in function: getCLs) - At r = 6.853826:	q_mu = 3.78213	q_A  = 3.83879	Pmu = 0.02590	1-Pb  = 0.50579	CLs  = 0.05121
AsymptoticLimits.cc[337] : (in function: getCLs) - At r = 7.011430:	q_mu = 3.84366	q_A  = 3.90142	Pmu = 0.02497	1-Pb  = 0.50585	CLs  = 0.04936
AsymptoticLimits.cc[337] : (in function: getCLs) - At r = 6.935598:	q_mu = 3.81413	q_A  = 3.87136	Pmu = 0.02541	1-Pb  = 0.50582	CLs  = 0.05024
AsymptoticLimits.cc[337] : (in function: getCLs) - At r = 6.966978:	q_mu = 3.82637	q_A  = 3.88381	Pmu = 0.02523	1-Pb  = 0.50584	CLs  = 0.04987
AsymptoticLimits.cc[337] : (in function: getCLs) - At r = 6.951787:	q_mu = 3.82045	q_A  = 3.87778	Pmu = 0.02532	1-Pb  = 0.50583	CLs  = 0.05005
AsymptoticLimits.cc[337] : (in function: getCLs) - At r = 6.958056:	q_mu = 3.82289	q_A  = 3.88027	Pmu = 0.02528	1-Pb  = 0.50583	CLs  = 0.04997
AsymptoticLimits.cc[337] : (in function: getCLs) - At r = 6.955019:	q_mu = 3.82171	q_A  = 3.87906	Pmu = 0.02530	1-Pb  = 0.50583	CLs  = 0.05001
AsymptoticLimits.cc[337] : (in function: getCLs) - At r = 6.956275:	q_mu = 3.82220	q_A  = 3.87956	Pmu = 0.02529	1-Pb  = 0.50583	CLs  = 0.04999
AsymptoticLimits.cc[337] : (in function: getCLs) - At r = 6.955669:	q_mu = 3.82196	q_A  = 3.87931	Pmu = 0.02529	1-Pb  = 0.50583	CLs  = 0.05000
AsymptoticLimits.cc[337] : (in function: getCLs) - At r = 6.955922:	q_mu = 3.82206	q_A  = 3.87941	Pmu = 0.02529	1-Pb  = 0.50583	CLs  = 0.05000
AsymptoticLimits.cc[337] : (in function: getCLs) - At r = 6.955802:	q_mu = 3.82202	q_A  = 3.87936	Pmu = 0.02529	1-Pb  = 0.50583	CLs  = 0.05000
AsymptoticLimits.cc[337] : (in function: getCLs) - At r = 6.955853:	q_mu = 3.82204	q_A  = 3.87938	Pmu = 0.02529	1-Pb  = 0.50583	CLs  = 0.05000
AsymptoticLimits.cc[337] : (in function: getCLs) - At r = 6.955830:	q_mu = 3.82203	q_A  = 3.87937	Pmu = 0.02529	1-Pb  = 0.50583	CLs  = 0.05000
