CascadeMinimizer.cc[188] : (in function: improveOnce) - Minimization configured with Type=Minuit2, Algo=Migrad, strategy=0, tolerance=0.1
CascadeMinimizer.cc[215] : (in function: improveOnce) - Minimization finished with status=0
CascadeMinimizer.cc[219] : (in function: improveOnce) - Minimization success! status=0
ToyMCSamplerOpt.cc[146] : (in function: generateAsimov) - Using internal logic for binned/unbinned Asimov dataset generation
ToyMCSamplerOpt.cc[214] : (in function: generateWithHisto) - Generating asimov with histogram for pdf pdf_binpass_LOW_obsOnly: in 3 x-bins
ToyMCSamplerOpt.cc[215] : (in function: generateWithHisto) -  , in 1 y-bins
ToyMCSamplerOpt.cc[146] : (in function: generateAsimov) - Using internal logic for binned/unbinned Asimov dataset generation
ToyMCSamplerOpt.cc[214] : (in function: generateWithHisto) - Generating asimov with histogram for pdf pdf_binpass_SIG_obsOnly: in 1 x-bins
ToyMCSamplerOpt.cc[215] : (in function: generateWithHisto) -  , in 1 y-bins
ToyMCSamplerOpt.cc[146] : (in function: generateAsimov) - Using internal logic for binned/unbinned Asimov dataset generation
ToyMCSamplerOpt.cc[214] : (in function: generateWithHisto) - Generating asimov with histogram for pdf pdf_binpass_HIGH_obsOnly: in 3 x-bins
ToyMCSamplerOpt.cc[215] : (in function: generateWithHisto) -  , in 1 y-bins
ToyMCSamplerOpt.cc[146] : (in function: generateAsimov) - Using internal logic for binned/unbinned Asimov dataset generation
ToyMCSamplerOpt.cc[214] : (in function: generateWithHisto) - Generating asimov with histogram for pdf pdf_binfail_LOW_obsOnly: in 3 x-bins
ToyMCSamplerOpt.cc[215] : (in function: generateWithHisto) -  , in 1 y-bins
ToyMCSamplerOpt.cc[146] : (in function: generateAsimov) - Using internal logic for binned/unbinned Asimov dataset generation
ToyMCSamplerOpt.cc[214] : (in function: generateWithHisto) - Generating asimov with histogram for pdf pdf_binfail_SIG_obsOnly: in 1 x-bins
ToyMCSamplerOpt.cc[215] : (in function: generateWithHisto) -  , in 1 y-bins
ToyMCSamplerOpt.cc[146] : (in function: generateAsimov) - Using internal logic for binned/unbinned Asimov dataset generation
ToyMCSamplerOpt.cc[214] : (in function: generateWithHisto) - Generating asimov with histogram for pdf pdf_binfail_HIGH_obsOnly: in 3 x-bins
ToyMCSamplerOpt.cc[215] : (in function: generateWithHisto) -  , in 1 y-bins
AsymptoticLimits.cc[428] : (in function: runLimitExpected) - Median for expected limits = 0.423828, Sigma for expected limits = 0.216243
AsymptoticLimits.cc[191] : (in function: runLimit) - NLL at global minimum of data = -687.862 (r=3.44048e-09)
AsymptoticLimits.cc[211] : (in function: runLimit) - NLL at global minimum of asimov = -688.044 (r=1.3418e-07)
AsymptoticLimits.cc[337] : (in function: getCLs) - At r = 1.200000:	q_mu = 9.19085	q_A  = 9.16185	Pmu = 0.00122	1-Pb  = 0.49809	CLs  = 0.00244
AsymptoticLimits.cc[337] : (in function: getCLs) - At r = 0.600000:	q_mu = 5.21397	q_A  = 5.19413	Pmu = 0.01120	1-Pb  = 0.49826	CLs  = 0.02248
AsymptoticLimits.cc[337] : (in function: getCLs) - At r = 0.300000:	q_mu = 2.82739	q_A  = 2.81520	Pmu = 0.04633	1-Pb  = 0.49855	CLs  = 0.09294
AsymptoticLimits.cc[337] : (in function: getCLs) - At r = 0.464837:	q_mu = 4.18134	q_A  = 4.16460	Pmu = 0.02044	1-Pb  = 0.49836	CLs  = 0.04101
AsymptoticLimits.cc[337] : (in function: getCLs) - At r = 0.399907:	q_mu = 3.66150	q_A  = 3.64642	Pmu = 0.02784	1-Pb  = 0.49843	CLs  = 0.05586
AsymptoticLimits.cc[337] : (in function: getCLs) - At r = 0.431512:	q_mu = 3.91658	q_A  = 3.90064	Pmu = 0.02391	1-Pb  = 0.49839	CLs  = 0.04797
AsymptoticLimits.cc[337] : (in function: getCLs) - At r = 0.418298:	q_mu = 3.81041	q_A  = 3.79482	Pmu = 0.02547	1-Pb  = 0.49840	CLs  = 0.05110
AsymptoticLimits.cc[337] : (in function: getCLs) - At r = 0.424571:	q_mu = 3.86089	q_A  = 3.84513	Pmu = 0.02471	1-Pb  = 0.49840	CLs  = 0.04958
AsymptoticLimits.cc[337] : (in function: getCLs) - At r = 0.421918:	q_mu = 3.83958	q_A  = 3.82387	Pmu = 0.02503	1-Pb  = 0.49840	CLs  = 0.05022
AsymptoticLimits.cc[337] : (in function: getCLs) - At r = 0.423170:	q_mu = 3.84964	q_A  = 3.83390	Pmu = 0.02488	1-Pb  = 0.49840	CLs  = 0.04992
AsymptoticLimits.cc[337] : (in function: getCLs) - At r = 0.422640:	q_mu = 3.84538	q_A  = 3.82965	Pmu = 0.02494	1-Pb  = 0.49840	CLs  = 0.05004
AsymptoticLimits.cc[337] : (in function: getCLs) - At r = 0.422891:	q_mu = 3.84739	q_A  = 3.83165	Pmu = 0.02491	1-Pb  = 0.49840	CLs  = 0.04998
AsymptoticLimits.cc[337] : (in function: getCLs) - At r = 0.422785:	q_mu = 3.84654	q_A  = 3.83080	Pmu = 0.02492	1-Pb  = 0.49840	CLs  = 0.05001
AsymptoticLimits.cc[337] : (in function: getCLs) - At r = 0.422835:	q_mu = 3.84694	q_A  = 3.83120	Pmu = 0.02492	1-Pb  = 0.49840	CLs  = 0.05000
AsymptoticLimits.cc[337] : (in function: getCLs) - At r = 0.422814:	q_mu = 3.84677	q_A  = 3.83103	Pmu = 0.02492	1-Pb  = 0.49840	CLs  = 0.05000
AsymptoticLimits.cc[337] : (in function: getCLs) - At r = 0.422824:	q_mu = 3.84685	q_A  = 3.83111	Pmu = 0.02492	1-Pb  = 0.49840	CLs  = 0.05000
AsymptoticLimits.cc[337] : (in function: getCLs) - At r = 0.422820:	q_mu = 3.84682	q_A  = 3.83107	Pmu = 0.02492	1-Pb  = 0.49840	CLs  = 0.05000
AsymptoticLimits.cc[337] : (in function: getCLs) - At r = 0.422822:	q_mu = 3.84684	q_A  = 3.83109	Pmu = 0.02492	1-Pb  = 0.49839	CLs  = 0.05000
