CascadeMinimizer.cc[188] : (in function: improveOnce) - Minimization configured with Type=Minuit2, Algo=Migrad, strategy=0, tolerance=0.1
CascadeMinimizer.cc[215] : (in function: improveOnce) - Minimization finished with status=0
CascadeMinimizer.cc[219] : (in function: improveOnce) - Minimization success! status=0
ToyMCSamplerOpt.cc[146] : (in function: generateAsimov) - Using internal logic for binned/unbinned Asimov dataset generation
ToyMCSamplerOpt.cc[214] : (in function: generateWithHisto) - Generating asimov with histogram for pdf pdf_binpass_LOW_obsOnly: in 3 x-bins
ToyMCSamplerOpt.cc[215] : (in function: generateWithHisto) -  , in 1 y-bins
ToyMCSamplerOpt.cc[146] : (in function: generateAsimov) - Using internal logic for binned/unbinned Asimov dataset generation
ToyMCSamplerOpt.cc[214] : (in function: generateWithHisto) - Generating asimov with histogram for pdf pdf_binpass_SIG_obsOnly: in 1 x-bins
ToyMCSamplerOpt.cc[215] : (in function: generateWithHisto) -  , in 1 y-bins
ToyMCSamplerOpt.cc[146] : (in function: generateAsimov) - Using internal logic for binned/unbinned Asimov dataset generation
ToyMCSamplerOpt.cc[214] : (in function: generateWithHisto) - Generating asimov with histogram for pdf pdf_binpass_HIGH_obsOnly: in 5 x-bins
ToyMCSamplerOpt.cc[215] : (in function: generateWithHisto) -  , in 1 y-bins
ToyMCSamplerOpt.cc[146] : (in function: generateAsimov) - Using internal logic for binned/unbinned Asimov dataset generation
ToyMCSamplerOpt.cc[214] : (in function: generateWithHisto) - Generating asimov with histogram for pdf pdf_binfail_LOW_obsOnly: in 3 x-bins
ToyMCSamplerOpt.cc[215] : (in function: generateWithHisto) -  , in 1 y-bins
ToyMCSamplerOpt.cc[146] : (in function: generateAsimov) - Using internal logic for binned/unbinned Asimov dataset generation
ToyMCSamplerOpt.cc[214] : (in function: generateWithHisto) - Generating asimov with histogram for pdf pdf_binfail_SIG_obsOnly: in 1 x-bins
ToyMCSamplerOpt.cc[215] : (in function: generateWithHisto) -  , in 1 y-bins
ToyMCSamplerOpt.cc[146] : (in function: generateAsimov) - Using internal logic for binned/unbinned Asimov dataset generation
ToyMCSamplerOpt.cc[214] : (in function: generateWithHisto) - Generating asimov with histogram for pdf pdf_binfail_HIGH_obsOnly: in 5 x-bins
ToyMCSamplerOpt.cc[215] : (in function: generateWithHisto) -  , in 1 y-bins
AsymptoticLimits.cc[428] : (in function: runLimitExpected) - Median for expected limits = 0.564453, Sigma for expected limits = 0.287992
AsymptoticLimits.cc[191] : (in function: runLimit) - NLL at global minimum of data = -773.806 (r=2.58185e-07)
AsymptoticLimits.cc[211] : (in function: runLimit) - NLL at global minimum of asimov = -772.861 (r=3.28818e-08)
AsymptoticLimits.cc[337] : (in function: getCLs) - At r = 1.200000:	q_mu = 12.88497	q_A  = 10.26300	Pmu = 0.00015	1-Pb  = 0.34119	CLs  = 0.00044
AsymptoticLimits.cc[337] : (in function: getCLs) - At r = 0.600000:	q_mu = 6.52374	q_A  = 4.16938	Pmu = 0.00442	1-Pb  = 0.28213	CLs  = 0.01566
AsymptoticLimits.cc[337] : (in function: getCLs) - At r = 0.300000:	q_mu = 3.30875	q_A  = 1.52029	Pmu = 0.02510	1-Pb  = 0.23415	CLs  = 0.10720
AsymptoticLimits.cc[337] : (in function: getCLs) - At r = 0.455141:	q_mu = 4.97106	q_A  = 2.84168	Pmu = 0.01024	1-Pb  = 0.26383	CLs  = 0.03883
AsymptoticLimits.cc[337] : (in function: getCLs) - At r = 0.393201:	q_mu = 4.31216	q_A  = 2.29659	Pmu = 0.01461	1-Pb  = 0.25302	CLs  = 0.05775
AsymptoticLimits.cc[337] : (in function: getCLs) - At r = 0.423572:	q_mu = 4.63407	q_A  = 2.56157	Pmu = 0.01229	1-Pb  = 0.25867	CLs  = 0.04751
AsymptoticLimits.cc[337] : (in function: getCLs) - At r = 0.411141:	q_mu = 4.50138	q_A  = 2.45245	Pmu = 0.01320	1-Pb  = 0.25650	CLs  = 0.05147
AsymptoticLimits.cc[337] : (in function: getCLs) - At r = 0.417230:	q_mu = 4.56622	q_A  = 2.50581	Pmu = 0.01275	1-Pb  = 0.25759	CLs  = 0.04949
AsymptoticLimits.cc[337] : (in function: getCLs) - At r = 0.414746:	q_mu = 4.53969	q_A  = 2.48400	Pmu = 0.01293	1-Pb  = 0.25715	CLs  = 0.05029
AsymptoticLimits.cc[337] : (in function: getCLs) - At r = 0.415966:	q_mu = 4.55270	q_A  = 2.49469	Pmu = 0.01284	1-Pb  = 0.25737	CLs  = 0.04990
AsymptoticLimits.cc[337] : (in function: getCLs) - At r = 0.415471:	q_mu = 4.54740	q_A  = 2.49035	Pmu = 0.01288	1-Pb  = 0.25728	CLs  = 0.05006
AsymptoticLimits.cc[337] : (in function: getCLs) - At r = 0.415715:	q_mu = 4.55001	q_A  = 2.49249	Pmu = 0.01286	1-Pb  = 0.25732	CLs  = 0.04998
AsymptoticLimits.cc[337] : (in function: getCLs) - At r = 0.415616:	q_mu = 4.54895	q_A  = 2.49162	Pmu = 0.01287	1-Pb  = 0.25730	CLs  = 0.05001
AsymptoticLimits.cc[337] : (in function: getCLs) - At r = 0.415665:	q_mu = 4.54947	q_A  = 2.49205	Pmu = 0.01286	1-Pb  = 0.25731	CLs  = 0.05000
AsymptoticLimits.cc[337] : (in function: getCLs) - At r = 0.415645:	q_mu = 4.54925	q_A  = 2.49188	Pmu = 0.01287	1-Pb  = 0.25731	CLs  = 0.05000
AsymptoticLimits.cc[337] : (in function: getCLs) - At r = 0.415655:	q_mu = 4.54934	q_A  = 2.49197	Pmu = 0.01287	1-Pb  = 0.25732	CLs  = 0.05000
AsymptoticLimits.cc[337] : (in function: getCLs) - At r = 0.415653:	q_mu = 4.54927	q_A  = 2.49194	Pmu = 0.01287	1-Pb  = 0.25732	CLs  = 0.05000
AsymptoticLimits.cc[337] : (in function: getCLs) - At r = 0.415655:	q_mu = 4.54927	q_A  = 2.49196	Pmu = 0.01287	1-Pb  = 0.25732	CLs  = 0.05000
