CascadeMinimizer.cc[188] : (in function: improveOnce) - Minimization configured with Type=Minuit2, Algo=Migrad, strategy=0, tolerance=0.1
CascadeMinimizer.cc[215] : (in function: improveOnce) - Minimization finished with status=0
CascadeMinimizer.cc[219] : (in function: improveOnce) - Minimization success! status=0
ToyMCSamplerOpt.cc[146] : (in function: generateAsimov) - Using internal logic for binned/unbinned Asimov dataset generation
ToyMCSamplerOpt.cc[214] : (in function: generateWithHisto) - Generating asimov with histogram for pdf pdf_binpass_LOW_obsOnly: in 3 x-bins
ToyMCSamplerOpt.cc[215] : (in function: generateWithHisto) -  , in 1 y-bins
ToyMCSamplerOpt.cc[146] : (in function: generateAsimov) - Using internal logic for binned/unbinned Asimov dataset generation
ToyMCSamplerOpt.cc[214] : (in function: generateWithHisto) - Generating asimov with histogram for pdf pdf_binpass_SIG_obsOnly: in 1 x-bins
ToyMCSamplerOpt.cc[215] : (in function: generateWithHisto) -  , in 1 y-bins
ToyMCSamplerOpt.cc[146] : (in function: generateAsimov) - Using internal logic for binned/unbinned Asimov dataset generation
ToyMCSamplerOpt.cc[214] : (in function: generateWithHisto) - Generating asimov with histogram for pdf pdf_binpass_HIGH_obsOnly: in 3 x-bins
ToyMCSamplerOpt.cc[215] : (in function: generateWithHisto) -  , in 1 y-bins
ToyMCSamplerOpt.cc[146] : (in function: generateAsimov) - Using internal logic for binned/unbinned Asimov dataset generation
ToyMCSamplerOpt.cc[214] : (in function: generateWithHisto) - Generating asimov with histogram for pdf pdf_binfail_LOW_obsOnly: in 3 x-bins
ToyMCSamplerOpt.cc[215] : (in function: generateWithHisto) -  , in 1 y-bins
ToyMCSamplerOpt.cc[146] : (in function: generateAsimov) - Using internal logic for binned/unbinned Asimov dataset generation
ToyMCSamplerOpt.cc[214] : (in function: generateWithHisto) - Generating asimov with histogram for pdf pdf_binfail_SIG_obsOnly: in 1 x-bins
ToyMCSamplerOpt.cc[215] : (in function: generateWithHisto) -  , in 1 y-bins
ToyMCSamplerOpt.cc[146] : (in function: generateAsimov) - Using internal logic for binned/unbinned Asimov dataset generation
ToyMCSamplerOpt.cc[214] : (in function: generateWithHisto) - Generating asimov with histogram for pdf pdf_binfail_HIGH_obsOnly: in 3 x-bins
ToyMCSamplerOpt.cc[215] : (in function: generateWithHisto) -  , in 1 y-bins
AsymptoticLimits.cc[428] : (in function: runLimitExpected) - Median for expected limits = 1.16406, Sigma for expected limits = 0.59392
AsymptoticLimits.cc[191] : (in function: runLimit) - NLL at global minimum of data = -8397.1 (r=1.28338e-07)
AsymptoticLimits.cc[211] : (in function: runLimit) - NLL at global minimum of asimov = -8396.21 (r=0.000343907)
AsymptoticLimits.cc[337] : (in function: getCLs) - At r = 1.200000:	q_mu = 0.00000	q_A  = 3.98036	Pmu = 0.50000	1-Pb  = 0.97698	CLs  = 0.51178
AsymptoticLimits.cc[337] : (in function: getCLs) - At r = 2.400000:	q_mu = 3.24069	q_A  = 8.77616	Pmu = 0.03592	1-Pb  = 0.87744	CLs  = 0.04093
AsymptoticLimits.cc[337] : (in function: getCLs) - At r = 1.200000:	q_mu = 0.00000	q_A  = 3.98036	Pmu = 0.50000	1-Pb  = 0.97698	CLs  = 0.51178
AsymptoticLimits.cc[337] : (in function: getCLs) - At r = 1.800000:	q_mu = 1.38785	q_A  = 6.42721	Pmu = 0.11938	1-Pb  = 0.91263	CLs  = 0.13081
AsymptoticLimits.cc[337] : (in function: getCLs) - At r = 2.197329:	q_mu = 2.60928	q_A  = 7.99643	Pmu = 0.05312	1-Pb  = 0.88733	CLs  = 0.05986
AsymptoticLimits.cc[337] : (in function: getCLs) - At r = 2.314658:	q_mu = 2.97460	q_A  = 8.44959	Pmu = 0.04229	1-Pb  = 0.88142	CLs  = 0.04798
AsymptoticLimits.cc[337] : (in function: getCLs) - At r = 2.273700:	q_mu = 2.84693	q_A  = 8.29188	Pmu = 0.04577	1-Pb  = 0.88342	CLs  = 0.05181
AsymptoticLimits.cc[337] : (in function: getCLs) - At r = 2.297083:	q_mu = 2.91975	q_A  = 8.38195	Pmu = 0.04375	1-Pb  = 0.88227	CLs  = 0.04959
AsymptoticLimits.cc[337] : (in function: getCLs) - At r = 2.288887:	q_mu = 2.89422	q_A  = 8.35039	Pmu = 0.04445	1-Pb  = 0.88267	CLs  = 0.05036
AsymptoticLimits.cc[337] : (in function: getCLs) - At r = 2.293561:	q_mu = 2.90877	q_A  = 8.36838	Pmu = 0.04405	1-Pb  = 0.88245	CLs  = 0.04992
AsymptoticLimits.cc[337] : (in function: getCLs) - At r = 2.291922:	q_mu = 2.90366	q_A  = 8.36207	Pmu = 0.04419	1-Pb  = 0.88253	CLs  = 0.05007
AsymptoticLimits.cc[337] : (in function: getCLs) - At r = 2.292858:	q_mu = 2.90658	q_A  = 8.36567	Pmu = 0.04411	1-Pb  = 0.88248	CLs  = 0.04998
AsymptoticLimits.cc[337] : (in function: getCLs) - At r = 2.292530:	q_mu = 2.90555	q_A  = 8.36441	Pmu = 0.04414	1-Pb  = 0.88250	CLs  = 0.05001
AsymptoticLimits.cc[337] : (in function: getCLs) - At r = 2.292717:	q_mu = 2.90614	q_A  = 8.36513	Pmu = 0.04412	1-Pb  = 0.88249	CLs  = 0.05000
AsymptoticLimits.cc[337] : (in function: getCLs) - At r = 2.292652:	q_mu = 2.90593	q_A  = 8.36488	Pmu = 0.04413	1-Pb  = 0.88249	CLs  = 0.05000
AsymptoticLimits.cc[337] : (in function: getCLs) - At r = 2.292689:	q_mu = 2.90605	q_A  = 8.36502	Pmu = 0.04412	1-Pb  = 0.88249	CLs  = 0.05000
AsymptoticLimits.cc[337] : (in function: getCLs) - At r = 2.292676:	q_mu = 2.90601	q_A  = 8.36497	Pmu = 0.04413	1-Pb  = 0.88249	CLs  = 0.05000
AsymptoticLimits.cc[337] : (in function: getCLs) - At r = 2.292684:	q_mu = 2.90603	q_A  = 8.36500	Pmu = 0.04412	1-Pb  = 0.88249	CLs  = 0.05000
