CascadeMinimizer.cc[188] : (in function: improveOnce) - Minimization configured with Type=Minuit2, Algo=Migrad, strategy=0, tolerance=0.1
CascadeMinimizer.cc[215] : (in function: improveOnce) - Minimization finished with status=0
CascadeMinimizer.cc[219] : (in function: improveOnce) - Minimization success! status=0
ToyMCSamplerOpt.cc[146] : (in function: generateAsimov) - Using internal logic for binned/unbinned Asimov dataset generation
ToyMCSamplerOpt.cc[214] : (in function: generateWithHisto) - Generating asimov with histogram for pdf pdf_binpass_LOW_obsOnly: in 3 x-bins
ToyMCSamplerOpt.cc[215] : (in function: generateWithHisto) -  , in 1 y-bins
ToyMCSamplerOpt.cc[146] : (in function: generateAsimov) - Using internal logic for binned/unbinned Asimov dataset generation
ToyMCSamplerOpt.cc[214] : (in function: generateWithHisto) - Generating asimov with histogram for pdf pdf_binpass_SIG_obsOnly: in 1 x-bins
ToyMCSamplerOpt.cc[215] : (in function: generateWithHisto) -  , in 1 y-bins
ToyMCSamplerOpt.cc[146] : (in function: generateAsimov) - Using internal logic for binned/unbinned Asimov dataset generation
ToyMCSamplerOpt.cc[214] : (in function: generateWithHisto) - Generating asimov with histogram for pdf pdf_binpass_HIGH_obsOnly: in 5 x-bins
ToyMCSamplerOpt.cc[215] : (in function: generateWithHisto) -  , in 1 y-bins
ToyMCSamplerOpt.cc[146] : (in function: generateAsimov) - Using internal logic for binned/unbinned Asimov dataset generation
ToyMCSamplerOpt.cc[214] : (in function: generateWithHisto) - Generating asimov with histogram for pdf pdf_binfail_LOW_obsOnly: in 3 x-bins
ToyMCSamplerOpt.cc[215] : (in function: generateWithHisto) -  , in 1 y-bins
ToyMCSamplerOpt.cc[146] : (in function: generateAsimov) - Using internal logic for binned/unbinned Asimov dataset generation
ToyMCSamplerOpt.cc[214] : (in function: generateWithHisto) - Generating asimov with histogram for pdf pdf_binfail_SIG_obsOnly: in 1 x-bins
ToyMCSamplerOpt.cc[215] : (in function: generateWithHisto) -  , in 1 y-bins
ToyMCSamplerOpt.cc[146] : (in function: generateAsimov) - Using internal logic for binned/unbinned Asimov dataset generation
ToyMCSamplerOpt.cc[214] : (in function: generateWithHisto) - Generating asimov with histogram for pdf pdf_binfail_HIGH_obsOnly: in 5 x-bins
ToyMCSamplerOpt.cc[215] : (in function: generateWithHisto) -  , in 1 y-bins
AsymptoticLimits.cc[428] : (in function: runLimitExpected) - Median for expected limits = 1.25, Sigma for expected limits = 0.637767
AsymptoticLimits.cc[191] : (in function: runLimit) - NLL at global minimum of data = -903.309 (r=5.37809e-07)
AsymptoticLimits.cc[211] : (in function: runLimit) - NLL at global minimum of asimov = -902.707 (r=1.36699e-07)
AsymptoticLimits.cc[337] : (in function: getCLs) - At r = 1.200001:	q_mu = 3.70923	q_A  = 3.69605	Pmu = 0.02706	1-Pb  = 0.49863	CLs  = 0.05426
AsymptoticLimits.cc[337] : (in function: getCLs) - At r = 2.400001:	q_mu = 6.88105	q_A  = 6.85669	Pmu = 0.00436	1-Pb  = 0.49814	CLs  = 0.00874
AsymptoticLimits.cc[337] : (in function: getCLs) - At r = 1.200001:	q_mu = 3.70922	q_A  = 3.69602	Pmu = 0.02706	1-Pb  = 0.49863	CLs  = 0.05426
AsymptoticLimits.cc[337] : (in function: getCLs) - At r = 1.800001:	q_mu = 5.34917	q_A  = 5.32973	Pmu = 0.01037	1-Pb  = 0.49832	CLs  = 0.02080
AsymptoticLimits.cc[337] : (in function: getCLs) - At r = 1.360944:	q_mu = 4.16098	q_A  = 4.14593	Pmu = 0.02068	1-Pb  = 0.49853	CLs  = 0.04149
AsymptoticLimits.cc[337] : (in function: getCLs) - At r = 1.271419:	q_mu = 3.91081	q_A  = 3.89680	Pmu = 0.02399	1-Pb  = 0.49858	CLs  = 0.04811
AsymptoticLimits.cc[337] : (in function: getCLs) - At r = 1.238852:	q_mu = 3.81912	q_A  = 3.80549	Pmu = 0.02534	1-Pb  = 0.49861	CLs  = 0.05081
AsymptoticLimits.cc[337] : (in function: getCLs) - At r = 1.253053:	q_mu = 3.85915	q_A  = 3.84533	Pmu = 0.02474	1-Pb  = 0.49859	CLs  = 0.04961
AsymptoticLimits.cc[337] : (in function: getCLs) - At r = 1.246526:	q_mu = 3.84075	q_A  = 3.82701	Pmu = 0.02501	1-Pb  = 0.49860	CLs  = 0.05016
AsymptoticLimits.cc[337] : (in function: getCLs) - At r = 1.249365:	q_mu = 3.84875	q_A  = 3.83498	Pmu = 0.02489	1-Pb  = 0.49860	CLs  = 0.04992
AsymptoticLimits.cc[337] : (in function: getCLs) - At r = 1.248060:	q_mu = 3.84508	q_A  = 3.83132	Pmu = 0.02495	1-Pb  = 0.49860	CLs  = 0.05003
AsymptoticLimits.cc[337] : (in function: getCLs) - At r = 1.248627:	q_mu = 3.84668	q_A  = 3.83291	Pmu = 0.02492	1-Pb  = 0.49860	CLs  = 0.04998
AsymptoticLimits.cc[337] : (in function: getCLs) - At r = 1.248366:	q_mu = 3.84594	q_A  = 3.83218	Pmu = 0.02493	1-Pb  = 0.49860	CLs  = 0.05001
AsymptoticLimits.cc[337] : (in function: getCLs) - At r = 1.248480:	q_mu = 3.84626	q_A  = 3.83250	Pmu = 0.02493	1-Pb  = 0.49860	CLs  = 0.05000
AsymptoticLimits.cc[337] : (in function: getCLs) - At r = 1.248428:	q_mu = 3.84611	q_A  = 3.83235	Pmu = 0.02493	1-Pb  = 0.49860	CLs  = 0.05000
AsymptoticLimits.cc[337] : (in function: getCLs) - At r = 1.248450:	q_mu = 3.84618	q_A  = 3.83241	Pmu = 0.02493	1-Pb  = 0.49860	CLs  = 0.05000
AsymptoticLimits.cc[337] : (in function: getCLs) - At r = 1.248440:	q_mu = 3.84615	q_A  = 3.83238	Pmu = 0.02493	1-Pb  = 0.49860	CLs  = 0.05000
AsymptoticLimits.cc[337] : (in function: getCLs) - At r = 1.248444:	q_mu = 3.84616	q_A  = 3.83240	Pmu = 0.02493	1-Pb  = 0.49860	CLs  = 0.05000
