CascadeMinimizer.cc[188] : (in function: improveOnce) - Minimization configured with Type=Minuit2, Algo=Migrad, strategy=0, tolerance=0.1
CascadeMinimizer.cc[215] : (in function: improveOnce) - Minimization finished with status=0
CascadeMinimizer.cc[219] : (in function: improveOnce) - Minimization success! status=0
ToyMCSamplerOpt.cc[146] : (in function: generateAsimov) - Using internal logic for binned/unbinned Asimov dataset generation
ToyMCSamplerOpt.cc[214] : (in function: generateWithHisto) - Generating asimov with histogram for pdf pdf_binpass_LOW_obsOnly: in 3 x-bins
ToyMCSamplerOpt.cc[215] : (in function: generateWithHisto) -  , in 1 y-bins
ToyMCSamplerOpt.cc[146] : (in function: generateAsimov) - Using internal logic for binned/unbinned Asimov dataset generation
ToyMCSamplerOpt.cc[214] : (in function: generateWithHisto) - Generating asimov with histogram for pdf pdf_binpass_SIG_obsOnly: in 1 x-bins
ToyMCSamplerOpt.cc[215] : (in function: generateWithHisto) -  , in 1 y-bins
ToyMCSamplerOpt.cc[146] : (in function: generateAsimov) - Using internal logic for binned/unbinned Asimov dataset generation
ToyMCSamplerOpt.cc[214] : (in function: generateWithHisto) - Generating asimov with histogram for pdf pdf_binpass_HIGH_obsOnly: in 3 x-bins
ToyMCSamplerOpt.cc[215] : (in function: generateWithHisto) -  , in 1 y-bins
ToyMCSamplerOpt.cc[146] : (in function: generateAsimov) - Using internal logic for binned/unbinned Asimov dataset generation
ToyMCSamplerOpt.cc[214] : (in function: generateWithHisto) - Generating asimov with histogram for pdf pdf_binfail_LOW_obsOnly: in 3 x-bins
ToyMCSamplerOpt.cc[215] : (in function: generateWithHisto) -  , in 1 y-bins
ToyMCSamplerOpt.cc[146] : (in function: generateAsimov) - Using internal logic for binned/unbinned Asimov dataset generation
ToyMCSamplerOpt.cc[214] : (in function: generateWithHisto) - Generating asimov with histogram for pdf pdf_binfail_SIG_obsOnly: in 1 x-bins
ToyMCSamplerOpt.cc[215] : (in function: generateWithHisto) -  , in 1 y-bins
ToyMCSamplerOpt.cc[146] : (in function: generateAsimov) - Using internal logic for binned/unbinned Asimov dataset generation
ToyMCSamplerOpt.cc[214] : (in function: generateWithHisto) - Generating asimov with histogram for pdf pdf_binfail_HIGH_obsOnly: in 3 x-bins
ToyMCSamplerOpt.cc[215] : (in function: generateWithHisto) -  , in 1 y-bins
AsymptoticLimits.cc[428] : (in function: runLimitExpected) - Median for expected limits = 5.98438, Sigma for expected limits = 3.05331
AsymptoticLimits.cc[191] : (in function: runLimit) - NLL at global minimum of data = -8423.31 (r=2.20667e-07)
AsymptoticLimits.cc[211] : (in function: runLimit) - NLL at global minimum of asimov = -8423.72 (r=1.44202e-06)
AsymptoticLimits.cc[337] : (in function: getCLs) - At r = 1.311082:	q_mu = 2.26337	q_A  = 0.72223	Pmu = 0.03950	1-Pb  = 0.18227	CLs  = 0.21668
AsymptoticLimits.cc[337] : (in function: getCLs) - At r = 2.622164:	q_mu = 3.82496	q_A  = 1.69756	Pmu = 0.01703	1-Pb  = 0.20713	CLs  = 0.08223
AsymptoticLimits.cc[337] : (in function: getCLs) - At r = 5.244329:	q_mu = 6.11905	q_A  = 3.40979	Pmu = 0.00494	1-Pb  = 0.23160	CLs  = 0.02132
AsymptoticLimits.cc[337] : (in function: getCLs) - At r = 2.622165:	q_mu = 3.82494	q_A  = 1.69757	Pmu = 0.01703	1-Pb  = 0.20714	CLs  = 0.08223
AsymptoticLimits.cc[337] : (in function: getCLs) - At r = 3.919706:	q_mu = 5.05674	q_A  = 2.58887	Pmu = 0.00875	1-Pb  = 0.22157	CLs  = 0.03951
AsymptoticLimits.cc[337] : (in function: getCLs) - At r = 3.326601:	q_mu = 4.52230	q_A  = 2.19273	Pmu = 0.01168	1-Pb  = 0.21576	CLs  = 0.05415
AsymptoticLimits.cc[337] : (in function: getCLs) - At r = 3.565209:	q_mu = 4.74250	q_A  = 2.35435	Pmu = 0.01037	1-Pb  = 0.21822	CLs  = 0.04753
AsymptoticLimits.cc[337] : (in function: getCLs) - At r = 3.443349:	q_mu = 4.63094	q_A  = 2.27219	Pmu = 0.01102	1-Pb  = 0.21699	CLs  = 0.05077
AsymptoticLimits.cc[337] : (in function: getCLs) - At r = 3.490373:	q_mu = 4.67420	q_A  = 2.30400	Pmu = 0.01076	1-Pb  = 0.21747	CLs  = 0.04949
AsymptoticLimits.cc[337] : (in function: getCLs) - At r = 3.465870:	q_mu = 4.65168	q_A  = 2.28743	Pmu = 0.01089	1-Pb  = 0.21722	CLs  = 0.05015
AsymptoticLimits.cc[337] : (in function: getCLs) - At r = 3.475253:	q_mu = 4.66031	q_A  = 2.29378	Pmu = 0.01084	1-Pb  = 0.21732	CLs  = 0.04990
AsymptoticLimits.cc[337] : (in function: getCLs) - At r = 3.470345:	q_mu = 4.65580	q_A  = 2.29046	Pmu = 0.01087	1-Pb  = 0.21727	CLs  = 0.05003
AsymptoticLimits.cc[337] : (in function: getCLs) - At r = 3.472222:	q_mu = 4.65753	q_A  = 2.29173	Pmu = 0.01086	1-Pb  = 0.21729	CLs  = 0.04998
AsymptoticLimits.cc[337] : (in function: getCLs) - At r = 3.471240:	q_mu = 4.65662	q_A  = 2.29106	Pmu = 0.01087	1-Pb  = 0.21728	CLs  = 0.05001
AsymptoticLimits.cc[337] : (in function: getCLs) - At r = 3.471615:	q_mu = 4.65697	q_A  = 2.29132	Pmu = 0.01086	1-Pb  = 0.21728	CLs  = 0.05000
AsymptoticLimits.cc[337] : (in function: getCLs) - At r = 3.471419:	q_mu = 4.65679	q_A  = 2.29119	Pmu = 0.01086	1-Pb  = 0.21728	CLs  = 0.05000
AsymptoticLimits.cc[337] : (in function: getCLs) - At r = 3.471494:	q_mu = 4.65686	q_A  = 2.29124	Pmu = 0.01086	1-Pb  = 0.21728	CLs  = 0.05000
AsymptoticLimits.cc[337] : (in function: getCLs) - At r = 3.471454:	q_mu = 4.65682	q_A  = 2.29121	Pmu = 0.01086	1-Pb  = 0.21728	CLs  = 0.05000
AsymptoticLimits.cc[337] : (in function: getCLs) - At r = 3.471470:	q_mu = 4.65684	q_A  = 2.29122	Pmu = 0.01086	1-Pb  = 0.21728	CLs  = 0.05000
AsymptoticLimits.cc[337] : (in function: getCLs) - At r = 3.471462:	q_mu = 4.65683	q_A  = 2.29122	Pmu = 0.01086	1-Pb  = 0.21728	CLs  = 0.05000
