CascadeMinimizer.cc[188] : (in function: improveOnce) - Minimization configured with Type=Minuit2, Algo=Migrad, strategy=0, tolerance=0.1
CascadeMinimizer.cc[215] : (in function: improveOnce) - Minimization finished with status=0
CascadeMinimizer.cc[219] : (in function: improveOnce) - Minimization success! status=0
ToyMCSamplerOpt.cc[146] : (in function: generateAsimov) - Using internal logic for binned/unbinned Asimov dataset generation
ToyMCSamplerOpt.cc[214] : (in function: generateWithHisto) - Generating asimov with histogram for pdf pdf_binpass_LOW_obsOnly: in 3 x-bins
ToyMCSamplerOpt.cc[215] : (in function: generateWithHisto) -  , in 1 y-bins
ToyMCSamplerOpt.cc[146] : (in function: generateAsimov) - Using internal logic for binned/unbinned Asimov dataset generation
ToyMCSamplerOpt.cc[214] : (in function: generateWithHisto) - Generating asimov with histogram for pdf pdf_binpass_SIG_obsOnly: in 1 x-bins
ToyMCSamplerOpt.cc[215] : (in function: generateWithHisto) -  , in 1 y-bins
ToyMCSamplerOpt.cc[146] : (in function: generateAsimov) - Using internal logic for binned/unbinned Asimov dataset generation
ToyMCSamplerOpt.cc[214] : (in function: generateWithHisto) - Generating asimov with histogram for pdf pdf_binpass_HIGH_obsOnly: in 3 x-bins
ToyMCSamplerOpt.cc[215] : (in function: generateWithHisto) -  , in 1 y-bins
ToyMCSamplerOpt.cc[146] : (in function: generateAsimov) - Using internal logic for binned/unbinned Asimov dataset generation
ToyMCSamplerOpt.cc[214] : (in function: generateWithHisto) - Generating asimov with histogram for pdf pdf_binfail_LOW_obsOnly: in 3 x-bins
ToyMCSamplerOpt.cc[215] : (in function: generateWithHisto) -  , in 1 y-bins
ToyMCSamplerOpt.cc[146] : (in function: generateAsimov) - Using internal logic for binned/unbinned Asimov dataset generation
ToyMCSamplerOpt.cc[214] : (in function: generateWithHisto) - Generating asimov with histogram for pdf pdf_binfail_SIG_obsOnly: in 1 x-bins
ToyMCSamplerOpt.cc[215] : (in function: generateWithHisto) -  , in 1 y-bins
ToyMCSamplerOpt.cc[146] : (in function: generateAsimov) - Using internal logic for binned/unbinned Asimov dataset generation
ToyMCSamplerOpt.cc[214] : (in function: generateWithHisto) - Generating asimov with histogram for pdf pdf_binfail_HIGH_obsOnly: in 3 x-bins
ToyMCSamplerOpt.cc[215] : (in function: generateWithHisto) -  , in 1 y-bins
AsymptoticLimits.cc[428] : (in function: runLimitExpected) - Median for expected limits = 3.71875, Sigma for expected limits = 1.89736
AsymptoticLimits.cc[191] : (in function: runLimit) - NLL at global minimum of data = -678.957 (r=4.61701e-06)
AsymptoticLimits.cc[211] : (in function: runLimit) - NLL at global minimum of asimov = -679.143 (r=2.91396e-07)
AsymptoticLimits.cc[337] : (in function: getCLs) - At r = 1.906590:	q_mu = 2.34510	q_A  = 2.34635	Pmu = 0.06284	1-Pb  = 0.50016	CLs  = 0.12564
AsymptoticLimits.cc[337] : (in function: getCLs) - At r = 3.813179:	q_mu = 3.91167	q_A  = 3.91486	Pmu = 0.02398	1-Pb  = 0.50032	CLs  = 0.04792
AsymptoticLimits.cc[337] : (in function: getCLs) - At r = 1.906592:	q_mu = 2.34511	q_A  = 2.34604	Pmu = 0.06284	1-Pb  = 0.50012	CLs  = 0.12565
AsymptoticLimits.cc[337] : (in function: getCLs) - At r = 3.364666:	q_mu = 3.58080	q_A  = 3.58340	Pmu = 0.02923	1-Pb  = 0.50027	CLs  = 0.05842
AsymptoticLimits.cc[337] : (in function: getCLs) - At r = 3.646553:	q_mu = 3.79084	q_A  = 3.79380	Pmu = 0.02577	1-Pb  = 0.50030	CLs  = 0.05150
AsymptoticLimits.cc[337] : (in function: getCLs) - At r = 3.734638:	q_mu = 3.85495	q_A  = 3.85800	Pmu = 0.02480	1-Pb  = 0.50031	CLs  = 0.04957
AsymptoticLimits.cc[337] : (in function: getCLs) - At r = 3.701066:	q_mu = 3.83060	q_A  = 3.83359	Pmu = 0.02516	1-Pb  = 0.50031	CLs  = 0.05029
AsymptoticLimits.cc[337] : (in function: getCLs) - At r = 3.718624:	q_mu = 3.84334	q_A  = 3.84635	Pmu = 0.02497	1-Pb  = 0.50031	CLs  = 0.04991
AsymptoticLimits.cc[337] : (in function: getCLs) - At r = 3.711906:	q_mu = 3.83847	q_A  = 3.84146	Pmu = 0.02504	1-Pb  = 0.50030	CLs  = 0.05006
AsymptoticLimits.cc[337] : (in function: getCLs) - At r = 3.715417:	q_mu = 3.84102	q_A  = 3.84401	Pmu = 0.02501	1-Pb  = 0.50030	CLs  = 0.04998
AsymptoticLimits.cc[337] : (in function: getCLs) - At r = 3.714075:	q_mu = 3.84004	q_A  = 3.84303	Pmu = 0.02502	1-Pb  = 0.50030	CLs  = 0.05001
AsymptoticLimits.cc[337] : (in function: getCLs) - At r = 3.714779:	q_mu = 3.84056	q_A  = 3.84354	Pmu = 0.02501	1-Pb  = 0.50030	CLs  = 0.05000
AsymptoticLimits.cc[337] : (in function: getCLs) - At r = 3.714513:	q_mu = 3.84036	q_A  = 3.84334	Pmu = 0.02502	1-Pb  = 0.50030	CLs  = 0.05000
AsymptoticLimits.cc[337] : (in function: getCLs) - At r = 3.714655:	q_mu = 3.84046	q_A  = 3.84344	Pmu = 0.02501	1-Pb  = 0.50030	CLs  = 0.05000
AsymptoticLimits.cc[337] : (in function: getCLs) - At r = 3.714603:	q_mu = 3.84043	q_A  = 3.84340	Pmu = 0.02502	1-Pb  = 0.50030	CLs  = 0.05000
AsymptoticLimits.cc[337] : (in function: getCLs) - At r = 3.714633:	q_mu = 3.84045	q_A  = 3.84342	Pmu = 0.02502	1-Pb  = 0.50030	CLs  = 0.05000
AsymptoticLimits.cc[337] : (in function: getCLs) - At r = 3.714624:	q_mu = 3.84044	q_A  = 3.84341	Pmu = 0.02502	1-Pb  = 0.50030	CLs  = 0.05000
