CascadeMinimizer.cc[188] : (in function: improveOnce) - Minimization configured with Type=Minuit2, Algo=Migrad, strategy=0, tolerance=0.1
CascadeMinimizer.cc[215] : (in function: improveOnce) - Minimization finished with status=0
CascadeMinimizer.cc[219] : (in function: improveOnce) - Minimization success! status=0
ToyMCSamplerOpt.cc[146] : (in function: generateAsimov) - Using internal logic for binned/unbinned Asimov dataset generation
ToyMCSamplerOpt.cc[214] : (in function: generateWithHisto) - Generating asimov with histogram for pdf pdf_binpass_LOW_obsOnly: in 5 x-bins
ToyMCSamplerOpt.cc[215] : (in function: generateWithHisto) -  , in 1 y-bins
ToyMCSamplerOpt.cc[146] : (in function: generateAsimov) - Using internal logic for binned/unbinned Asimov dataset generation
ToyMCSamplerOpt.cc[214] : (in function: generateWithHisto) - Generating asimov with histogram for pdf pdf_binpass_SIG_obsOnly: in 1 x-bins
ToyMCSamplerOpt.cc[215] : (in function: generateWithHisto) -  , in 1 y-bins
ToyMCSamplerOpt.cc[146] : (in function: generateAsimov) - Using internal logic for binned/unbinned Asimov dataset generation
ToyMCSamplerOpt.cc[214] : (in function: generateWithHisto) - Generating asimov with histogram for pdf pdf_binpass_HIGH_obsOnly: in 8 x-bins
ToyMCSamplerOpt.cc[215] : (in function: generateWithHisto) -  , in 1 y-bins
ToyMCSamplerOpt.cc[146] : (in function: generateAsimov) - Using internal logic for binned/unbinned Asimov dataset generation
ToyMCSamplerOpt.cc[214] : (in function: generateWithHisto) - Generating asimov with histogram for pdf pdf_binfail_LOW_obsOnly: in 5 x-bins
ToyMCSamplerOpt.cc[215] : (in function: generateWithHisto) -  , in 1 y-bins
ToyMCSamplerOpt.cc[146] : (in function: generateAsimov) - Using internal logic for binned/unbinned Asimov dataset generation
ToyMCSamplerOpt.cc[214] : (in function: generateWithHisto) - Generating asimov with histogram for pdf pdf_binfail_SIG_obsOnly: in 1 x-bins
ToyMCSamplerOpt.cc[215] : (in function: generateWithHisto) -  , in 1 y-bins
ToyMCSamplerOpt.cc[146] : (in function: generateAsimov) - Using internal logic for binned/unbinned Asimov dataset generation
ToyMCSamplerOpt.cc[214] : (in function: generateWithHisto) - Generating asimov with histogram for pdf pdf_binfail_HIGH_obsOnly: in 8 x-bins
ToyMCSamplerOpt.cc[215] : (in function: generateWithHisto) -  , in 1 y-bins
AsymptoticLimits.cc[428] : (in function: runLimitExpected) - Median for expected limits = 1.03711, Sigma for expected limits = 0.529147
AsymptoticLimits.cc[191] : (in function: runLimit) - NLL at global minimum of data = -1245.71 (r=2.37903e-05)
AsymptoticLimits.cc[211] : (in function: runLimit) - NLL at global minimum of asimov = -1238.79 (r=3.1353e-06)
AsymptoticLimits.cc[337] : (in function: getCLs) - At r = 1.200024:	q_mu = 8.13791	q_A  = 4.99037	Pmu = 0.00165	1-Pb  = 0.24056	CLs  = 0.00686
AsymptoticLimits.cc[337] : (in function: getCLs) - At r = 0.600024:	q_mu = 3.08227	q_A  = 1.40026	Pmu = 0.02911	1-Pb  = 0.23863	CLs  = 0.12199
AsymptoticLimits.cc[337] : (in function: getCLs) - At r = 0.900024:	q_mu = 5.40792	q_A  = 2.96963	Pmu = 0.00753	1-Pb  = 0.23964	CLs  = 0.03144
AsymptoticLimits.cc[337] : (in function: getCLs) - At r = 0.757901:	q_mu = 4.25281	q_A  = 2.16695	Pmu = 0.01461	1-Pb  = 0.23932	CLs  = 0.06104
AsymptoticLimits.cc[337] : (in function: getCLs) - At r = 0.820520:	q_mu = 4.74951	q_A  = 2.50689	Pmu = 0.01097	1-Pb  = 0.23941	CLs  = 0.04581
AsymptoticLimits.cc[337] : (in function: getCLs) - At r = 0.792715:	q_mu = 4.52638	q_A  = 2.35304	Pmu = 0.01247	1-Pb  = 0.23935	CLs  = 0.05210
AsymptoticLimits.cc[337] : (in function: getCLs) - At r = 0.805374:	q_mu = 4.62739	q_A  = 2.42242	Pmu = 0.01176	1-Pb  = 0.23936	CLs  = 0.04915
AsymptoticLimits.cc[337] : (in function: getCLs) - At r = 0.799847:	q_mu = 4.58311	q_A  = 2.39191	Pmu = 0.01207	1-Pb  = 0.23935	CLs  = 0.05042
AsymptoticLimits.cc[337] : (in function: getCLs) - At r = 0.802390:	q_mu = 4.60337	q_A  = 2.40583	Pmu = 0.01193	1-Pb  = 0.23935	CLs  = 0.04983
AsymptoticLimits.cc[337] : (in function: getCLs) - At r = 0.801293:	q_mu = 4.59454	q_A  = 2.39973	Pmu = 0.01199	1-Pb  = 0.23935	CLs  = 0.05009
AsymptoticLimits.cc[337] : (in function: getCLs) - At r = 0.801809:	q_mu = 4.59878	q_A  = 2.40254	Pmu = 0.01196	1-Pb  = 0.23933	CLs  = 0.04997
AsymptoticLimits.cc[337] : (in function: getCLs) - At r = 0.801587:	q_mu = 4.59694	q_A  = 2.40128	Pmu = 0.01197	1-Pb  = 0.23933	CLs  = 0.05002
AsymptoticLimits.cc[337] : (in function: getCLs) - At r = 0.801691:	q_mu = 4.59775	q_A  = 2.40183	Pmu = 0.01197	1-Pb  = 0.23933	CLs  = 0.04999
AsymptoticLimits.cc[337] : (in function: getCLs) - At r = 0.801651:	q_mu = 4.59740	q_A  = 2.40161	Pmu = 0.01197	1-Pb  = 0.23933	CLs  = 0.05000
AsymptoticLimits.cc[337] : (in function: getCLs) - At r = 0.801674:	q_mu = 4.59754	q_A  = 2.40169	Pmu = 0.01197	1-Pb  = 0.23933	CLs  = 0.05000
AsymptoticLimits.cc[337] : (in function: getCLs) - At r = 0.801679:	q_mu = 4.59756	q_A  = 2.40169	Pmu = 0.01197	1-Pb  = 0.23933	CLs  = 0.05000
AsymptoticLimits.cc[337] : (in function: getCLs) - At r = 0.801682:	q_mu = 4.59756	q_A  = 2.40177	Pmu = 0.01197	1-Pb  = 0.23934	CLs  = 0.05000
AsymptoticLimits.cc[337] : (in function: getCLs) - At r = 0.801681:	q_mu = 4.59752	q_A  = 2.40169	Pmu = 0.01197	1-Pb  = 0.23933	CLs  = 0.05000
