CascadeMinimizer.cc[188] : (in function: improveOnce) - Minimization configured with Type=Minuit2, Algo=Migrad, strategy=0, tolerance=0.1
CascadeMinimizer.cc[215] : (in function: improveOnce) - Minimization finished with status=0
CascadeMinimizer.cc[219] : (in function: improveOnce) - Minimization success! status=0
ToyMCSamplerOpt.cc[146] : (in function: generateAsimov) - Using internal logic for binned/unbinned Asimov dataset generation
ToyMCSamplerOpt.cc[214] : (in function: generateWithHisto) - Generating asimov with histogram for pdf pdf_binpass_LOW_obsOnly: in 2 x-bins
ToyMCSamplerOpt.cc[215] : (in function: generateWithHisto) -  , in 1 y-bins
ToyMCSamplerOpt.cc[146] : (in function: generateAsimov) - Using internal logic for binned/unbinned Asimov dataset generation
ToyMCSamplerOpt.cc[214] : (in function: generateWithHisto) - Generating asimov with histogram for pdf pdf_binpass_SIG_obsOnly: in 1 x-bins
ToyMCSamplerOpt.cc[215] : (in function: generateWithHisto) -  , in 1 y-bins
ToyMCSamplerOpt.cc[146] : (in function: generateAsimov) - Using internal logic for binned/unbinned Asimov dataset generation
ToyMCSamplerOpt.cc[214] : (in function: generateWithHisto) - Generating asimov with histogram for pdf pdf_binpass_HIGH_obsOnly: in 9 x-bins
ToyMCSamplerOpt.cc[215] : (in function: generateWithHisto) -  , in 1 y-bins
ToyMCSamplerOpt.cc[146] : (in function: generateAsimov) - Using internal logic for binned/unbinned Asimov dataset generation
ToyMCSamplerOpt.cc[214] : (in function: generateWithHisto) - Generating asimov with histogram for pdf pdf_binfail_LOW_obsOnly: in 2 x-bins
ToyMCSamplerOpt.cc[215] : (in function: generateWithHisto) -  , in 1 y-bins
ToyMCSamplerOpt.cc[146] : (in function: generateAsimov) - Using internal logic for binned/unbinned Asimov dataset generation
ToyMCSamplerOpt.cc[214] : (in function: generateWithHisto) - Generating asimov with histogram for pdf pdf_binfail_SIG_obsOnly: in 1 x-bins
ToyMCSamplerOpt.cc[215] : (in function: generateWithHisto) -  , in 1 y-bins
ToyMCSamplerOpt.cc[146] : (in function: generateAsimov) - Using internal logic for binned/unbinned Asimov dataset generation
ToyMCSamplerOpt.cc[214] : (in function: generateWithHisto) - Generating asimov with histogram for pdf pdf_binfail_HIGH_obsOnly: in 9 x-bins
ToyMCSamplerOpt.cc[215] : (in function: generateWithHisto) -  , in 1 y-bins
AsymptoticLimits.cc[428] : (in function: runLimitExpected) - Median for expected limits = 0.824219, Sigma for expected limits = 0.420528
AsymptoticLimits.cc[191] : (in function: runLimit) - NLL at global minimum of data = -553.985 (r=1.55809e-09)
AsymptoticLimits.cc[211] : (in function: runLimit) - NLL at global minimum of asimov = -552.218 (r=1.31645e-06)
AsymptoticLimits.cc[337] : (in function: getCLs) - At r = 1.200000:	q_mu = 11.15005	q_A  = 6.27395	Pmu = 0.00025	1-Pb  = 0.16519	CLs  = 0.00153
AsymptoticLimits.cc[337] : (in function: getCLs) - At r = 0.600000:	q_mu = 5.83019	q_A  = 2.47424	Pmu = 0.00415	1-Pb  = 0.14304	CLs  = 0.02900
AsymptoticLimits.cc[337] : (in function: getCLs) - At r = 0.300000:	q_mu = 2.98983	q_A  = 0.86232	Pmu = 0.01903	1-Pb  = 0.12600	CLs  = 0.15106
AsymptoticLimits.cc[337] : (in function: getCLs) - At r = 0.450000:	q_mu = 4.42629	q_A  = 1.62645	Pmu = 0.00882	1-Pb  = 0.13617	CLs  = 0.06478
AsymptoticLimits.cc[337] : (in function: getCLs) - At r = 0.518680:	q_mu = 5.07288	q_A  = 2.00347	Pmu = 0.00621	1-Pb  = 0.13913	CLs  = 0.04467
AsymptoticLimits.cc[337] : (in function: getCLs) - At r = 0.488289:	q_mu = 4.78725	q_A  = 1.83273	Pmu = 0.00724	1-Pb  = 0.13759	CLs  = 0.05264
AsymptoticLimits.cc[337] : (in function: getCLs) - At r = 0.501988:	q_mu = 4.91598	q_A  = 1.90928	Pmu = 0.00676	1-Pb  = 0.13830	CLs  = 0.04888
AsymptoticLimits.cc[337] : (in function: getCLs) - At r = 0.495900:	q_mu = 4.85880	q_A  = 1.87516	Pmu = 0.00697	1-Pb  = 0.13798	CLs  = 0.05052
AsymptoticLimits.cc[337] : (in function: getCLs) - At r = 0.498637:	q_mu = 4.88445	q_A  = 1.89048	Pmu = 0.00688	1-Pb  = 0.13813	CLs  = 0.04978
AsymptoticLimits.cc[337] : (in function: getCLs) - At r = 0.497422:	q_mu = 4.87296	q_A  = 1.88367	Pmu = 0.00692	1-Pb  = 0.13807	CLs  = 0.05010
AsymptoticLimits.cc[337] : (in function: getCLs) - At r = 0.497973:	q_mu = 4.87812	q_A  = 1.88676	Pmu = 0.00690	1-Pb  = 0.13810	CLs  = 0.04996
AsymptoticLimits.cc[337] : (in function: getCLs) - At r = 0.497732:	q_mu = 4.87586	q_A  = 1.88541	Pmu = 0.00691	1-Pb  = 0.13809	CLs  = 0.05002
AsymptoticLimits.cc[337] : (in function: getCLs) - At r = 0.497843:	q_mu = 4.87690	q_A  = 1.88603	Pmu = 0.00690	1-Pb  = 0.13810	CLs  = 0.04999
AsymptoticLimits.cc[337] : (in function: getCLs) - At r = 0.497795:	q_mu = 4.87645	q_A  = 1.88576	Pmu = 0.00691	1-Pb  = 0.13809	CLs  = 0.05000
AsymptoticLimits.cc[337] : (in function: getCLs) - At r = 0.497817:	q_mu = 4.87677	q_A  = 1.88588	Pmu = 0.00690	1-Pb  = 0.13808	CLs  = 0.05000
AsymptoticLimits.cc[337] : (in function: getCLs) - At r = 0.497808:	q_mu = 4.87664	q_A  = 1.88583	Pmu = 0.00690	1-Pb  = 0.13809	CLs  = 0.05000
AsymptoticLimits.cc[337] : (in function: getCLs) - At r = 0.497804:	q_mu = 4.87659	q_A  = 1.88581	Pmu = 0.00690	1-Pb  = 0.13809	CLs  = 0.05000
AsymptoticLimits.cc[337] : (in function: getCLs) - At r = 0.497807:	q_mu = 4.87661	q_A  = 1.88582	Pmu = 0.00690	1-Pb  = 0.13809	CLs  = 0.05000
