CascadeMinimizer.cc[188] : (in function: improveOnce) - Minimization configured with Type=Minuit2, Algo=Migrad, strategy=0, tolerance=0.1
CascadeMinimizer.cc[215] : (in function: improveOnce) - Minimization finished with status=0
CascadeMinimizer.cc[219] : (in function: improveOnce) - Minimization success! status=0
ToyMCSamplerOpt.cc[146] : (in function: generateAsimov) - Using internal logic for binned/unbinned Asimov dataset generation
ToyMCSamplerOpt.cc[214] : (in function: generateWithHisto) - Generating asimov with histogram for pdf pdf_binpass_LOW_obsOnly: in 3 x-bins
ToyMCSamplerOpt.cc[215] : (in function: generateWithHisto) -  , in 1 y-bins
ToyMCSamplerOpt.cc[146] : (in function: generateAsimov) - Using internal logic for binned/unbinned Asimov dataset generation
ToyMCSamplerOpt.cc[214] : (in function: generateWithHisto) - Generating asimov with histogram for pdf pdf_binpass_SIG_obsOnly: in 1 x-bins
ToyMCSamplerOpt.cc[215] : (in function: generateWithHisto) -  , in 1 y-bins
ToyMCSamplerOpt.cc[146] : (in function: generateAsimov) - Using internal logic for binned/unbinned Asimov dataset generation
ToyMCSamplerOpt.cc[214] : (in function: generateWithHisto) - Generating asimov with histogram for pdf pdf_binpass_HIGH_obsOnly: in 5 x-bins
ToyMCSamplerOpt.cc[215] : (in function: generateWithHisto) -  , in 1 y-bins
ToyMCSamplerOpt.cc[146] : (in function: generateAsimov) - Using internal logic for binned/unbinned Asimov dataset generation
ToyMCSamplerOpt.cc[214] : (in function: generateWithHisto) - Generating asimov with histogram for pdf pdf_binfail_LOW_obsOnly: in 3 x-bins
ToyMCSamplerOpt.cc[215] : (in function: generateWithHisto) -  , in 1 y-bins
ToyMCSamplerOpt.cc[146] : (in function: generateAsimov) - Using internal logic for binned/unbinned Asimov dataset generation
ToyMCSamplerOpt.cc[214] : (in function: generateWithHisto) - Generating asimov with histogram for pdf pdf_binfail_SIG_obsOnly: in 1 x-bins
ToyMCSamplerOpt.cc[215] : (in function: generateWithHisto) -  , in 1 y-bins
ToyMCSamplerOpt.cc[146] : (in function: generateAsimov) - Using internal logic for binned/unbinned Asimov dataset generation
ToyMCSamplerOpt.cc[214] : (in function: generateWithHisto) - Generating asimov with histogram for pdf pdf_binfail_HIGH_obsOnly: in 5 x-bins
ToyMCSamplerOpt.cc[215] : (in function: generateWithHisto) -  , in 1 y-bins
AsymptoticLimits.cc[428] : (in function: runLimitExpected) - Median for expected limits = 3.25, Sigma for expected limits = 1.65819
AsymptoticLimits.cc[191] : (in function: runLimit) - NLL at global minimum of data = -901.198 (r=7.89628e-07)
AsymptoticLimits.cc[211] : (in function: runLimit) - NLL at global minimum of asimov = -900.609 (r=9.34431e-08)
AsymptoticLimits.cc[337] : (in function: getCLs) - At r = 2.568216:	q_mu = 3.09769	q_A  = 3.10770	Pmu = 0.03920	1-Pb  = 0.50113	CLs  = 0.07823
AsymptoticLimits.cc[337] : (in function: getCLs) - At r = 5.136431:	q_mu = 5.74470	q_A  = 5.74541	Pmu = 0.00827	1-Pb  = 0.50006	CLs  = 0.01654
AsymptoticLimits.cc[337] : (in function: getCLs) - At r = 2.568216:	q_mu = 3.09766	q_A  = 3.10765	Pmu = 0.03920	1-Pb  = 0.50113	CLs  = 0.07823
AsymptoticLimits.cc[337] : (in function: getCLs) - At r = 3.673623:	q_mu = 4.28398	q_A  = 4.28890	Pmu = 0.01924	1-Pb  = 0.50047	CLs  = 0.03844
AsymptoticLimits.cc[337] : (in function: getCLs) - At r = 3.125238:	q_mu = 3.70529	q_A  = 3.71250	Pmu = 0.02712	1-Pb  = 0.50075	CLs  = 0.05416
AsymptoticLimits.cc[337] : (in function: getCLs) - At r = 3.337146:	q_mu = 3.93109	q_A  = 3.93735	Pmu = 0.02370	1-Pb  = 0.50063	CLs  = 0.04734
AsymptoticLimits.cc[337] : (in function: getCLs) - At r = 3.225924:	q_mu = 3.81293	q_A  = 3.81967	Pmu = 0.02543	1-Pb  = 0.50069	CLs  = 0.05079
AsymptoticLimits.cc[337] : (in function: getCLs) - At r = 3.267980:	q_mu = 3.85771	q_A  = 3.86426	Pmu = 0.02476	1-Pb  = 0.50067	CLs  = 0.04945
AsymptoticLimits.cc[337] : (in function: getCLs) - At r = 3.245669:	q_mu = 3.83396	q_A  = 3.84061	Pmu = 0.02511	1-Pb  = 0.50068	CLs  = 0.05016
AsymptoticLimits.cc[337] : (in function: getCLs) - At r = 3.254070:	q_mu = 3.84290	q_A  = 3.84952	Pmu = 0.02498	1-Pb  = 0.50067	CLs  = 0.04989
AsymptoticLimits.cc[337] : (in function: getCLs) - At r = 3.249608:	q_mu = 3.83815	q_A  = 3.84479	Pmu = 0.02505	1-Pb  = 0.50068	CLs  = 0.05003
AsymptoticLimits.cc[337] : (in function: getCLs) - At r = 3.251288:	q_mu = 3.83994	q_A  = 3.84657	Pmu = 0.02502	1-Pb  = 0.50067	CLs  = 0.04998
AsymptoticLimits.cc[337] : (in function: getCLs) - At r = 3.250396:	q_mu = 3.83899	q_A  = 3.84562	Pmu = 0.02504	1-Pb  = 0.50068	CLs  = 0.05001
AsymptoticLimits.cc[337] : (in function: getCLs) - At r = 3.250732:	q_mu = 3.83934	q_A  = 3.84598	Pmu = 0.02503	1-Pb  = 0.50067	CLs  = 0.05000
AsymptoticLimits.cc[337] : (in function: getCLs) - At r = 3.250554:	q_mu = 3.83915	q_A  = 3.84579	Pmu = 0.02503	1-Pb  = 0.50067	CLs  = 0.05000
AsymptoticLimits.cc[337] : (in function: getCLs) - At r = 3.250621:	q_mu = 3.83923	q_A  = 3.84586	Pmu = 0.02503	1-Pb  = 0.50067	CLs  = 0.05000
AsymptoticLimits.cc[337] : (in function: getCLs) - At r = 3.250586:	q_mu = 3.83919	q_A  = 3.84582	Pmu = 0.02503	1-Pb  = 0.50067	CLs  = 0.05000
AsymptoticLimits.cc[337] : (in function: getCLs) - At r = 3.250599:	q_mu = 3.83920	q_A  = 3.84584	Pmu = 0.02503	1-Pb  = 0.50067	CLs  = 0.05000
AsymptoticLimits.cc[337] : (in function: getCLs) - At r = 3.250592:	q_mu = 3.83919	q_A  = 3.84583	Pmu = 0.02503	1-Pb  = 0.50067	CLs  = 0.05000
