CascadeMinimizer.cc[188] : (in function: improveOnce) - Minimization configured with Type=Minuit2, Algo=Migrad, strategy=0, tolerance=0.1
CascadeMinimizer.cc[215] : (in function: improveOnce) - Minimization finished with status=0
CascadeMinimizer.cc[219] : (in function: improveOnce) - Minimization success! status=0
ToyMCSamplerOpt.cc[146] : (in function: generateAsimov) - Using internal logic for binned/unbinned Asimov dataset generation
ToyMCSamplerOpt.cc[214] : (in function: generateWithHisto) - Generating asimov with histogram for pdf pdf_binpass_LOW_obsOnly: in 2 x-bins
ToyMCSamplerOpt.cc[215] : (in function: generateWithHisto) -  , in 1 y-bins
ToyMCSamplerOpt.cc[146] : (in function: generateAsimov) - Using internal logic for binned/unbinned Asimov dataset generation
ToyMCSamplerOpt.cc[214] : (in function: generateWithHisto) - Generating asimov with histogram for pdf pdf_binpass_SIG_obsOnly: in 1 x-bins
ToyMCSamplerOpt.cc[215] : (in function: generateWithHisto) -  , in 1 y-bins
ToyMCSamplerOpt.cc[146] : (in function: generateAsimov) - Using internal logic for binned/unbinned Asimov dataset generation
ToyMCSamplerOpt.cc[214] : (in function: generateWithHisto) - Generating asimov with histogram for pdf pdf_binpass_HIGH_obsOnly: in 9 x-bins
ToyMCSamplerOpt.cc[215] : (in function: generateWithHisto) -  , in 1 y-bins
ToyMCSamplerOpt.cc[146] : (in function: generateAsimov) - Using internal logic for binned/unbinned Asimov dataset generation
ToyMCSamplerOpt.cc[214] : (in function: generateWithHisto) - Generating asimov with histogram for pdf pdf_binfail_LOW_obsOnly: in 2 x-bins
ToyMCSamplerOpt.cc[215] : (in function: generateWithHisto) -  , in 1 y-bins
ToyMCSamplerOpt.cc[146] : (in function: generateAsimov) - Using internal logic for binned/unbinned Asimov dataset generation
ToyMCSamplerOpt.cc[214] : (in function: generateWithHisto) - Generating asimov with histogram for pdf pdf_binfail_SIG_obsOnly: in 1 x-bins
ToyMCSamplerOpt.cc[215] : (in function: generateWithHisto) -  , in 1 y-bins
ToyMCSamplerOpt.cc[146] : (in function: generateAsimov) - Using internal logic for binned/unbinned Asimov dataset generation
ToyMCSamplerOpt.cc[214] : (in function: generateWithHisto) - Generating asimov with histogram for pdf pdf_binfail_HIGH_obsOnly: in 9 x-bins
ToyMCSamplerOpt.cc[215] : (in function: generateWithHisto) -  , in 1 y-bins
AsymptoticLimits.cc[428] : (in function: runLimitExpected) - Median for expected limits = 0.28125, Sigma for expected limits = 0.143498
AsymptoticLimits.cc[191] : (in function: runLimit) - NLL at global minimum of data = -42.4999 (r=3.46085e-07)
AsymptoticLimits.cc[211] : (in function: runLimit) - NLL at global minimum of asimov = -40.0118 (r=0.000116843)
AsymptoticLimits.cc[337] : (in function: getCLs) - At r = 1.200000:	q_mu = 24.68299	q_A  = 20.14235	Pmu = 0.00000	1-Pb  = 0.30648	CLs  = 0.00000
AsymptoticLimits.cc[337] : (in function: getCLs) - At r = 0.600000:	q_mu = 13.01279	q_A  = 9.52947	Pmu = 0.00013	1-Pb  = 0.28631	CLs  = 0.00046
AsymptoticLimits.cc[337] : (in function: getCLs) - At r = 0.300000:	q_mu = 6.70295	q_A  = 4.16465	Pmu = 0.00388	1-Pb  = 0.26700	CLs  = 0.01452
AsymptoticLimits.cc[337] : (in function: getCLs) - At r = 0.150000:	q_mu = 3.40593	q_A  = 1.67569	Pmu = 0.02483	1-Pb  = 0.25197	CLs  = 0.09856
AsymptoticLimits.cc[337] : (in function: getCLs) - At r = 0.225000:	q_mu = 5.06732	q_A  = 2.88803	Pmu = 0.00963	1-Pb  = 0.26070	CLs  = 0.03692
AsymptoticLimits.cc[337] : (in function: getCLs) - At r = 0.191475:	q_mu = 4.32789	q_A  = 2.33382	Pmu = 0.01462	1-Pb  = 0.25699	CLs  = 0.05688
AsymptoticLimits.cc[337] : (in function: getCLs) - At r = 0.206179:	q_mu = 4.65279	q_A  = 2.57481	Pmu = 0.01216	1-Pb  = 0.25866	CLs  = 0.04700
AsymptoticLimits.cc[337] : (in function: getCLs) - At r = 0.199423:	q_mu = 4.50365	q_A  = 2.46362	Pmu = 0.01323	1-Pb  = 0.25789	CLs  = 0.05129
AsymptoticLimits.cc[337] : (in function: getCLs) - At r = 0.202354:	q_mu = 4.56835	q_A  = 2.51173	Pmu = 0.01275	1-Pb  = 0.25822	CLs  = 0.04938
AsymptoticLimits.cc[337] : (in function: getCLs) - At r = 0.201001:	q_mu = 4.53848	q_A  = 2.48948	Pmu = 0.01297	1-Pb  = 0.25807	CLs  = 0.05026
AsymptoticLimits.cc[337] : (in function: getCLs) - At r = 0.201588:	q_mu = 4.55142	q_A  = 2.49908	Pmu = 0.01287	1-Pb  = 0.25813	CLs  = 0.04988
AsymptoticLimits.cc[337] : (in function: getCLs) - At r = 0.201317:	q_mu = 4.54546	q_A  = 2.49462	Pmu = 0.01292	1-Pb  = 0.25809	CLs  = 0.05005
AsymptoticLimits.cc[337] : (in function: getCLs) - At r = 0.201435:	q_mu = 4.54801	q_A  = 2.49654	Pmu = 0.01290	1-Pb  = 0.25811	CLs  = 0.04998
AsymptoticLimits.cc[337] : (in function: getCLs) - At r = 0.201382:	q_mu = 4.54683	q_A  = 2.49562	Pmu = 0.01291	1-Pb  = 0.25810	CLs  = 0.05001
AsymptoticLimits.cc[337] : (in function: getCLs) - At r = 0.201406:	q_mu = 4.54737	q_A  = 2.49600	Pmu = 0.01290	1-Pb  = 0.25810	CLs  = 0.05000
AsymptoticLimits.cc[337] : (in function: getCLs) - At r = 0.201396:	q_mu = 4.54715	q_A  = 2.49581	Pmu = 0.01291	1-Pb  = 0.25809	CLs  = 0.05000
AsymptoticLimits.cc[337] : (in function: getCLs) - At r = 0.201402:	q_mu = 4.54726	q_A  = 2.49588	Pmu = 0.01290	1-Pb  = 0.25809	CLs  = 0.05000
AsymptoticLimits.cc[337] : (in function: getCLs) - At r = 0.201400:	q_mu = 4.54721	q_A  = 2.49584	Pmu = 0.01290	1-Pb  = 0.25809	CLs  = 0.05000
