CascadeMinimizer.cc[188] : (in function: improveOnce) - Minimization configured with Type=Minuit2, Algo=Migrad, strategy=0, tolerance=0.1
CascadeMinimizer.cc[215] : (in function: improveOnce) - Minimization finished with status=0
CascadeMinimizer.cc[219] : (in function: improveOnce) - Minimization success! status=0
ToyMCSamplerOpt.cc[146] : (in function: generateAsimov) - Using internal logic for binned/unbinned Asimov dataset generation
ToyMCSamplerOpt.cc[214] : (in function: generateWithHisto) - Generating asimov with histogram for pdf pdf_binpass_LOW_obsOnly: in 3 x-bins
ToyMCSamplerOpt.cc[215] : (in function: generateWithHisto) -  , in 1 y-bins
ToyMCSamplerOpt.cc[146] : (in function: generateAsimov) - Using internal logic for binned/unbinned Asimov dataset generation
ToyMCSamplerOpt.cc[214] : (in function: generateWithHisto) - Generating asimov with histogram for pdf pdf_binpass_SIG_obsOnly: in 1 x-bins
ToyMCSamplerOpt.cc[215] : (in function: generateWithHisto) -  , in 1 y-bins
ToyMCSamplerOpt.cc[146] : (in function: generateAsimov) - Using internal logic for binned/unbinned Asimov dataset generation
ToyMCSamplerOpt.cc[214] : (in function: generateWithHisto) - Generating asimov with histogram for pdf pdf_binpass_HIGH_obsOnly: in 3 x-bins
ToyMCSamplerOpt.cc[215] : (in function: generateWithHisto) -  , in 1 y-bins
ToyMCSamplerOpt.cc[146] : (in function: generateAsimov) - Using internal logic for binned/unbinned Asimov dataset generation
ToyMCSamplerOpt.cc[214] : (in function: generateWithHisto) - Generating asimov with histogram for pdf pdf_binfail_LOW_obsOnly: in 3 x-bins
ToyMCSamplerOpt.cc[215] : (in function: generateWithHisto) -  , in 1 y-bins
ToyMCSamplerOpt.cc[146] : (in function: generateAsimov) - Using internal logic for binned/unbinned Asimov dataset generation
ToyMCSamplerOpt.cc[214] : (in function: generateWithHisto) - Generating asimov with histogram for pdf pdf_binfail_SIG_obsOnly: in 1 x-bins
ToyMCSamplerOpt.cc[215] : (in function: generateWithHisto) -  , in 1 y-bins
ToyMCSamplerOpt.cc[146] : (in function: generateAsimov) - Using internal logic for binned/unbinned Asimov dataset generation
ToyMCSamplerOpt.cc[214] : (in function: generateWithHisto) - Generating asimov with histogram for pdf pdf_binfail_HIGH_obsOnly: in 3 x-bins
ToyMCSamplerOpt.cc[215] : (in function: generateWithHisto) -  , in 1 y-bins
AsymptoticLimits.cc[428] : (in function: runLimitExpected) - Median for expected limits = 2.99219, Sigma for expected limits = 1.52665
AsymptoticLimits.cc[191] : (in function: runLimit) - NLL at global minimum of data = -8424.91 (r=3.3958e-08)
AsymptoticLimits.cc[211] : (in function: runLimit) - NLL at global minimum of asimov = -8425.26 (r=9.53518e-07)
AsymptoticLimits.cc[337] : (in function: getCLs) - At r = 1.200000:	q_mu = 3.46731	q_A  = 1.38445	Pmu = 0.01962	1-Pb  = 0.18805	CLs  = 0.10432
AsymptoticLimits.cc[337] : (in function: getCLs) - At r = 2.400000:	q_mu = 5.84198	q_A  = 3.07522	Pmu = 0.00550	1-Pb  = 0.21509	CLs  = 0.02558
AsymptoticLimits.cc[337] : (in function: getCLs) - At r = 1.200000:	q_mu = 3.46729	q_A  = 1.38448	Pmu = 0.01962	1-Pb  = 0.18806	CLs  = 0.10432
AsymptoticLimits.cc[337] : (in function: getCLs) - At r = 1.702333:	q_mu = 4.54192	q_A  = 2.11303	Pmu = 0.01104	1-Pb  = 0.20173	CLs  = 0.05471
AsymptoticLimits.cc[337] : (in function: getCLs) - At r = 1.908008:	q_mu = 4.94530	q_A  = 2.40357	Pmu = 0.00889	1-Pb  = 0.20619	CLs  = 0.04313
AsymptoticLimits.cc[337] : (in function: getCLs) - At r = 1.805757:	q_mu = 4.74711	q_A  = 2.25979	Pmu = 0.00989	1-Pb  = 0.20403	CLs  = 0.04846
AsymptoticLimits.cc[337] : (in function: getCLs) - At r = 1.763780:	q_mu = 4.66440	q_A  = 2.20037	Pmu = 0.01034	1-Pb  = 0.20311	CLs  = 0.05089
AsymptoticLimits.cc[337] : (in function: getCLs) - At r = 1.784289:	q_mu = 4.70491	q_A  = 2.22943	Pmu = 0.01011	1-Pb  = 0.20356	CLs  = 0.04969
AsymptoticLimits.cc[337] : (in function: getCLs) - At r = 1.775859:	q_mu = 4.68828	q_A  = 2.21749	Pmu = 0.01020	1-Pb  = 0.20338	CLs  = 0.05018
AsymptoticLimits.cc[337] : (in function: getCLs) - At r = 1.779955:	q_mu = 4.69636	q_A  = 2.22329	Pmu = 0.01016	1-Pb  = 0.20347	CLs  = 0.04994
AsymptoticLimits.cc[337] : (in function: getCLs) - At r = 1.778267:	q_mu = 4.69303	q_A  = 2.22090	Pmu = 0.01018	1-Pb  = 0.20343	CLs  = 0.05004
AsymptoticLimits.cc[337] : (in function: getCLs) - At r = 1.779086:	q_mu = 4.69465	q_A  = 2.22206	Pmu = 0.01017	1-Pb  = 0.20345	CLs  = 0.04999
AsymptoticLimits.cc[337] : (in function: getCLs) - At r = 1.778749:	q_mu = 4.69398	q_A  = 2.22158	Pmu = 0.01017	1-Pb  = 0.20344	CLs  = 0.05001
AsymptoticLimits.cc[337] : (in function: getCLs) - At r = 1.778913:	q_mu = 4.69430	q_A  = 2.22182	Pmu = 0.01017	1-Pb  = 0.20345	CLs  = 0.05000
AsymptoticLimits.cc[337] : (in function: getCLs) - At r = 1.778845:	q_mu = 4.69417	q_A  = 2.22172	Pmu = 0.01017	1-Pb  = 0.20344	CLs  = 0.05000
AsymptoticLimits.cc[337] : (in function: getCLs) - At r = 1.778878:	q_mu = 4.69424	q_A  = 2.22177	Pmu = 0.01017	1-Pb  = 0.20345	CLs  = 0.05000
AsymptoticLimits.cc[337] : (in function: getCLs) - At r = 1.778864:	q_mu = 4.69421	q_A  = 2.22175	Pmu = 0.01017	1-Pb  = 0.20345	CLs  = 0.05000
AsymptoticLimits.cc[337] : (in function: getCLs) - At r = 1.778871:	q_mu = 4.69422	q_A  = 2.22176	Pmu = 0.01017	1-Pb  = 0.20345	CLs  = 0.05000
