CascadeMinimizer.cc[188] : (in function: improveOnce) - Minimization configured with Type=Minuit2, Algo=Migrad, strategy=0, tolerance=0.1
CascadeMinimizer.cc[215] : (in function: improveOnce) - Minimization finished with status=0
CascadeMinimizer.cc[219] : (in function: improveOnce) - Minimization success! status=0
ToyMCSamplerOpt.cc[146] : (in function: generateAsimov) - Using internal logic for binned/unbinned Asimov dataset generation
ToyMCSamplerOpt.cc[214] : (in function: generateWithHisto) - Generating asimov with histogram for pdf pdf_binpass_LOW_obsOnly: in 3 x-bins
ToyMCSamplerOpt.cc[215] : (in function: generateWithHisto) -  , in 1 y-bins
ToyMCSamplerOpt.cc[146] : (in function: generateAsimov) - Using internal logic for binned/unbinned Asimov dataset generation
ToyMCSamplerOpt.cc[214] : (in function: generateWithHisto) - Generating asimov with histogram for pdf pdf_binpass_SIG_obsOnly: in 1 x-bins
ToyMCSamplerOpt.cc[215] : (in function: generateWithHisto) -  , in 1 y-bins
ToyMCSamplerOpt.cc[146] : (in function: generateAsimov) - Using internal logic for binned/unbinned Asimov dataset generation
ToyMCSamplerOpt.cc[214] : (in function: generateWithHisto) - Generating asimov with histogram for pdf pdf_binpass_HIGH_obsOnly: in 3 x-bins
ToyMCSamplerOpt.cc[215] : (in function: generateWithHisto) -  , in 1 y-bins
ToyMCSamplerOpt.cc[146] : (in function: generateAsimov) - Using internal logic for binned/unbinned Asimov dataset generation
ToyMCSamplerOpt.cc[214] : (in function: generateWithHisto) - Generating asimov with histogram for pdf pdf_binfail_LOW_obsOnly: in 3 x-bins
ToyMCSamplerOpt.cc[215] : (in function: generateWithHisto) -  , in 1 y-bins
ToyMCSamplerOpt.cc[146] : (in function: generateAsimov) - Using internal logic for binned/unbinned Asimov dataset generation
ToyMCSamplerOpt.cc[214] : (in function: generateWithHisto) - Generating asimov with histogram for pdf pdf_binfail_SIG_obsOnly: in 1 x-bins
ToyMCSamplerOpt.cc[215] : (in function: generateWithHisto) -  , in 1 y-bins
ToyMCSamplerOpt.cc[146] : (in function: generateAsimov) - Using internal logic for binned/unbinned Asimov dataset generation
ToyMCSamplerOpt.cc[214] : (in function: generateWithHisto) - Generating asimov with histogram for pdf pdf_binfail_HIGH_obsOnly: in 3 x-bins
ToyMCSamplerOpt.cc[215] : (in function: generateWithHisto) -  , in 1 y-bins
AsymptoticLimits.cc[428] : (in function: runLimitExpected) - Median for expected limits = 1.0625, Sigma for expected limits = 0.542102
AsymptoticLimits.cc[191] : (in function: runLimit) - NLL at global minimum of data = -8430.96 (r=3.88327e-09)
AsymptoticLimits.cc[211] : (in function: runLimit) - NLL at global minimum of asimov = -8431.15 (r=7.62044e-07)
AsymptoticLimits.cc[337] : (in function: getCLs) - At r = 1.200000:	q_mu = 8.52764	q_A  = 4.40817	Pmu = 0.00103	1-Pb  = 0.16329	CLs  = 0.00633
AsymptoticLimits.cc[337] : (in function: getCLs) - At r = 0.600000:	q_mu = 4.82823	q_A  = 1.86835	Pmu = 0.00715	1-Pb  = 0.13947	CLs  = 0.05127
AsymptoticLimits.cc[337] : (in function: getCLs) - At r = 0.900000:	q_mu = 6.77545	q_A  = 3.14462	Pmu = 0.00258	1-Pb  = 0.15298	CLs  = 0.01686
AsymptoticLimits.cc[337] : (in function: getCLs) - At r = 0.665424:	q_mu = 5.27262	q_A  = 2.14484	Pmu = 0.00566	1-Pb  = 0.14279	CLs  = 0.03967
AsymptoticLimits.cc[337] : (in function: getCLs) - At r = 0.618213:	q_mu = 4.95318	q_A  = 1.94505	Pmu = 0.00670	1-Pb  = 0.14042	CLs  = 0.04770
AsymptoticLimits.cc[337] : (in function: getCLs) - At r = 0.608708:	q_mu = 4.88808	q_A  = 1.90499	Pmu = 0.00693	1-Pb  = 0.13992	CLs  = 0.04953
AsymptoticLimits.cc[337] : (in function: getCLs) - At r = 0.605053:	q_mu = 4.86298	q_A  = 1.88962	Pmu = 0.00702	1-Pb  = 0.13973	CLs  = 0.05025
AsymptoticLimits.cc[337] : (in function: getCLs) - At r = 0.606792:	q_mu = 4.87493	q_A  = 1.89691	Pmu = 0.00698	1-Pb  = 0.13982	CLs  = 0.04991
AsymptoticLimits.cc[337] : (in function: getCLs) - At r = 0.606062:	q_mu = 4.86991	q_A  = 1.89383	Pmu = 0.00700	1-Pb  = 0.13978	CLs  = 0.05005
AsymptoticLimits.cc[337] : (in function: getCLs) - At r = 0.606410:	q_mu = 4.87230	q_A  = 1.89529	Pmu = 0.00699	1-Pb  = 0.13980	CLs  = 0.04998
AsymptoticLimits.cc[337] : (in function: getCLs) - At r = 0.606264:	q_mu = 4.87130	q_A  = 1.89468	Pmu = 0.00699	1-Pb  = 0.13979	CLs  = 0.05001
AsymptoticLimits.cc[337] : (in function: getCLs) - At r = 0.606334:	q_mu = 4.87178	q_A  = 1.89497	Pmu = 0.00699	1-Pb  = 0.13980	CLs  = 0.05000
AsymptoticLimits.cc[337] : (in function: getCLs) - At r = 0.606304:	q_mu = 4.87158	q_A  = 1.89484	Pmu = 0.00699	1-Pb  = 0.13979	CLs  = 0.05000
AsymptoticLimits.cc[337] : (in function: getCLs) - At r = 0.606318:	q_mu = 4.87167	q_A  = 1.89490	Pmu = 0.00699	1-Pb  = 0.13980	CLs  = 0.05000
AsymptoticLimits.cc[337] : (in function: getCLs) - At r = 0.606313:	q_mu = 4.87163	q_A  = 1.89488	Pmu = 0.00699	1-Pb  = 0.13979	CLs  = 0.05000
AsymptoticLimits.cc[337] : (in function: getCLs) - At r = 0.606315:	q_mu = 4.87165	q_A  = 1.89489	Pmu = 0.00699	1-Pb  = 0.13980	CLs  = 0.05000
