CascadeMinimizer.cc[188] : (in function: improveOnce) - Minimization configured with Type=Minuit2, Algo=Migrad, strategy=0, tolerance=0.1
CascadeMinimizer.cc[215] : (in function: improveOnce) - Minimization finished with status=0
CascadeMinimizer.cc[219] : (in function: improveOnce) - Minimization success! status=0
ToyMCSamplerOpt.cc[146] : (in function: generateAsimov) - Using internal logic for binned/unbinned Asimov dataset generation
ToyMCSamplerOpt.cc[214] : (in function: generateWithHisto) - Generating asimov with histogram for pdf pdf_binpass_LOW_obsOnly: in 2 x-bins
ToyMCSamplerOpt.cc[215] : (in function: generateWithHisto) -  , in 1 y-bins
ToyMCSamplerOpt.cc[146] : (in function: generateAsimov) - Using internal logic for binned/unbinned Asimov dataset generation
ToyMCSamplerOpt.cc[214] : (in function: generateWithHisto) - Generating asimov with histogram for pdf pdf_binpass_SIG_obsOnly: in 1 x-bins
ToyMCSamplerOpt.cc[215] : (in function: generateWithHisto) -  , in 1 y-bins
ToyMCSamplerOpt.cc[146] : (in function: generateAsimov) - Using internal logic for binned/unbinned Asimov dataset generation
ToyMCSamplerOpt.cc[214] : (in function: generateWithHisto) - Generating asimov with histogram for pdf pdf_binpass_HIGH_obsOnly: in 9 x-bins
ToyMCSamplerOpt.cc[215] : (in function: generateWithHisto) -  , in 1 y-bins
ToyMCSamplerOpt.cc[146] : (in function: generateAsimov) - Using internal logic for binned/unbinned Asimov dataset generation
ToyMCSamplerOpt.cc[214] : (in function: generateWithHisto) - Generating asimov with histogram for pdf pdf_binfail_LOW_obsOnly: in 2 x-bins
ToyMCSamplerOpt.cc[215] : (in function: generateWithHisto) -  , in 1 y-bins
ToyMCSamplerOpt.cc[146] : (in function: generateAsimov) - Using internal logic for binned/unbinned Asimov dataset generation
ToyMCSamplerOpt.cc[214] : (in function: generateWithHisto) - Generating asimov with histogram for pdf pdf_binfail_SIG_obsOnly: in 1 x-bins
ToyMCSamplerOpt.cc[215] : (in function: generateWithHisto) -  , in 1 y-bins
ToyMCSamplerOpt.cc[146] : (in function: generateAsimov) - Using internal logic for binned/unbinned Asimov dataset generation
ToyMCSamplerOpt.cc[214] : (in function: generateWithHisto) - Generating asimov with histogram for pdf pdf_binfail_HIGH_obsOnly: in 9 x-bins
ToyMCSamplerOpt.cc[215] : (in function: generateWithHisto) -  , in 1 y-bins
AsymptoticLimits.cc[428] : (in function: runLimitExpected) - Median for expected limits = 2.90625, Sigma for expected limits = 1.48281
AsymptoticLimits.cc[191] : (in function: runLimit) - NLL at global minimum of data = -18.8286 (r=0.425528)
AsymptoticLimits.cc[211] : (in function: runLimit) - NLL at global minimum of asimov = -18.7304 (r=0.308831)
AsymptoticLimits.cc[337] : (in function: getCLs) - At r = 2.418534:	q_mu = 2.79461	q_A  = 2.94713	Pmu = 0.04729	1-Pb  = 0.51795	CLs  = 0.09130
AsymptoticLimits.cc[337] : (in function: getCLs) - At r = 4.837068:	q_mu = 7.27684	q_A  = 7.30898	Pmu = 0.00349	1-Pb  = 0.50237	CLs  = 0.00695
AsymptoticLimits.cc[337] : (in function: getCLs) - At r = 2.631298:	q_mu = 3.18708	q_A  = 3.33027	Pmu = 0.03711	1-Pb  = 0.51582	CLs  = 0.07195
AsymptoticLimits.cc[337] : (in function: getCLs) - At r = 3.734183:	q_mu = 5.24427	q_A  = 5.33244	Pmu = 0.01101	1-Pb  = 0.50765	CLs  = 0.02169
AsymptoticLimits.cc[337] : (in function: getCLs) - At r = 3.119613:	q_mu = 4.09599	q_A  = 4.21783	Pmu = 0.02149	1-Pb  = 0.51192	CLs  = 0.04198
AsymptoticLimits.cc[337] : (in function: getCLs) - At r = 2.895223:	q_mu = 3.67725	q_A  = 3.81147	Pmu = 0.02758	1-Pb  = 0.51383	CLs  = 0.05367
AsymptoticLimits.cc[337] : (in function: getCLs) - At r = 2.991927:	q_mu = 3.85760	q_A  = 3.98628	Pmu = 0.02476	1-Pb  = 0.51296	CLs  = 0.04827
AsymptoticLimits.cc[337] : (in function: getCLs) - At r = 2.946918:	q_mu = 3.77358	q_A  = 3.90489	Pmu = 0.02603	1-Pb  = 0.51337	CLs  = 0.05071
AsymptoticLimits.cc[337] : (in function: getCLs) - At r = 2.966241:	q_mu = 3.80956	q_A  = 3.93747	Pmu = 0.02548	1-Pb  = 0.51296	CLs  = 0.04967
AsymptoticLimits.cc[337] : (in function: getCLs) - At r = 2.957480:	q_mu = 3.79322	q_A  = 3.92151	Pmu = 0.02573	1-Pb  = 0.51303	CLs  = 0.05015
AsymptoticLimits.cc[337] : (in function: getCLs) - At r = 2.961467:	q_mu = 3.80084	q_A  = 3.92875	Pmu = 0.02561	1-Pb  = 0.51298	CLs  = 0.04993
AsymptoticLimits.cc[337] : (in function: getCLs) - At r = 2.959681:	q_mu = 3.79740	q_A  = 3.92550	Pmu = 0.02567	1-Pb  = 0.51300	CLs  = 0.05003
AsymptoticLimits.cc[337] : (in function: getCLs) - At r = 2.960484:	q_mu = 3.79889	q_A  = 3.92696	Pmu = 0.02564	1-Pb  = 0.51300	CLs  = 0.04999
AsymptoticLimits.cc[337] : (in function: getCLs) - At r = 2.960138:	q_mu = 3.79824	q_A  = 3.92633	Pmu = 0.02565	1-Pb  = 0.51300	CLs  = 0.05001
AsymptoticLimits.cc[337] : (in function: getCLs) - At r = 2.960299:	q_mu = 3.79854	q_A  = 3.92680	Pmu = 0.02565	1-Pb  = 0.51301	CLs  = 0.05000
AsymptoticLimits.cc[337] : (in function: getCLs) - At r = 2.960215:	q_mu = 3.79839	q_A  = 3.92652	Pmu = 0.02565	1-Pb  = 0.51300	CLs  = 0.05000
AsymptoticLimits.cc[337] : (in function: getCLs) - At r = 2.960250:	q_mu = 3.79845	q_A  = 3.92657	Pmu = 0.02565	1-Pb  = 0.51300	CLs  = 0.05000
AsymptoticLimits.cc[337] : (in function: getCLs) - At r = 2.960240:	q_mu = 3.79843	q_A  = 3.92655	Pmu = 0.02565	1-Pb  = 0.51300	CLs  = 0.05000
AsymptoticLimits.cc[337] : (in function: getCLs) - At r = 2.960245:	q_mu = 3.79844	q_A  = 3.92656	Pmu = 0.02565	1-Pb  = 0.51300	CLs  = 0.05000
