CascadeMinimizer.cc[188] : (in function: improveOnce) - Minimization configured with Type=Minuit2, Algo=Migrad, strategy=0, tolerance=0.1
CascadeMinimizer.cc[215] : (in function: improveOnce) - Minimization finished with status=0
CascadeMinimizer.cc[219] : (in function: improveOnce) - Minimization success! status=0
ToyMCSamplerOpt.cc[146] : (in function: generateAsimov) - Using internal logic for binned/unbinned Asimov dataset generation
ToyMCSamplerOpt.cc[214] : (in function: generateWithHisto) - Generating asimov with histogram for pdf pdf_binpass_LOW_obsOnly: in 3 x-bins
ToyMCSamplerOpt.cc[215] : (in function: generateWithHisto) -  , in 1 y-bins
ToyMCSamplerOpt.cc[146] : (in function: generateAsimov) - Using internal logic for binned/unbinned Asimov dataset generation
ToyMCSamplerOpt.cc[214] : (in function: generateWithHisto) - Generating asimov with histogram for pdf pdf_binpass_SIG_obsOnly: in 1 x-bins
ToyMCSamplerOpt.cc[215] : (in function: generateWithHisto) -  , in 1 y-bins
ToyMCSamplerOpt.cc[146] : (in function: generateAsimov) - Using internal logic for binned/unbinned Asimov dataset generation
ToyMCSamplerOpt.cc[214] : (in function: generateWithHisto) - Generating asimov with histogram for pdf pdf_binpass_HIGH_obsOnly: in 5 x-bins
ToyMCSamplerOpt.cc[215] : (in function: generateWithHisto) -  , in 1 y-bins
ToyMCSamplerOpt.cc[146] : (in function: generateAsimov) - Using internal logic for binned/unbinned Asimov dataset generation
ToyMCSamplerOpt.cc[214] : (in function: generateWithHisto) - Generating asimov with histogram for pdf pdf_binfail_LOW_obsOnly: in 3 x-bins
ToyMCSamplerOpt.cc[215] : (in function: generateWithHisto) -  , in 1 y-bins
ToyMCSamplerOpt.cc[146] : (in function: generateAsimov) - Using internal logic for binned/unbinned Asimov dataset generation
ToyMCSamplerOpt.cc[214] : (in function: generateWithHisto) - Generating asimov with histogram for pdf pdf_binfail_SIG_obsOnly: in 1 x-bins
ToyMCSamplerOpt.cc[215] : (in function: generateWithHisto) -  , in 1 y-bins
ToyMCSamplerOpt.cc[146] : (in function: generateAsimov) - Using internal logic for binned/unbinned Asimov dataset generation
ToyMCSamplerOpt.cc[214] : (in function: generateWithHisto) - Generating asimov with histogram for pdf pdf_binfail_HIGH_obsOnly: in 5 x-bins
ToyMCSamplerOpt.cc[215] : (in function: generateWithHisto) -  , in 1 y-bins
AsymptoticLimits.cc[428] : (in function: runLimitExpected) - Median for expected limits = 1.77344, Sigma for expected limits = 0.904832
AsymptoticLimits.cc[191] : (in function: runLimit) - NLL at global minimum of data = -42.4333 (r=5.23271e-08)
AsymptoticLimits.cc[211] : (in function: runLimit) - NLL at global minimum of asimov = -42.4148 (r=3.6e-08)
AsymptoticLimits.cc[337] : (in function: getCLs) - At r = 1.416171:	q_mu = 3.15657	q_A  = 3.11637	Pmu = 0.03781	1-Pb  = 0.49546	CLs  = 0.07631
AsymptoticLimits.cc[337] : (in function: getCLs) - At r = 2.832342:	q_mu = 5.92661	q_A  = 5.85287	Pmu = 0.00746	1-Pb  = 0.49392	CLs  = 0.01510
AsymptoticLimits.cc[337] : (in function: getCLs) - At r = 1.416171:	q_mu = 3.15653	q_A  = 3.11618	Pmu = 0.03781	1-Pb  = 0.49544	CLs  = 0.07631
AsymptoticLimits.cc[337] : (in function: getCLs) - At r = 1.995025:	q_mu = 4.32773	q_A  = 4.27305	Pmu = 0.01875	1-Pb  = 0.49472	CLs  = 0.03789
AsymptoticLimits.cc[337] : (in function: getCLs) - At r = 1.695851:	q_mu = 3.72965	q_A  = 3.68228	Pmu = 0.02672	1-Pb  = 0.49508	CLs  = 0.05398
AsymptoticLimits.cc[337] : (in function: getCLs) - At r = 1.807501:	q_mu = 3.95459	q_A  = 3.90447	Pmu = 0.02337	1-Pb  = 0.49494	CLs  = 0.04722
AsymptoticLimits.cc[337] : (in function: getCLs) - At r = 1.746965:	q_mu = 3.83253	q_A  = 3.78423	Pmu = 0.02513	1-Pb  = 0.49505	CLs  = 0.05077
AsymptoticLimits.cc[337] : (in function: getCLs) - At r = 1.769223:	q_mu = 3.87733	q_A  = 3.82850	Pmu = 0.02447	1-Pb  = 0.49502	CLs  = 0.04943
AsymptoticLimits.cc[337] : (in function: getCLs) - At r = 1.757111:	q_mu = 3.85293	q_A  = 3.80442	Pmu = 0.02483	1-Pb  = 0.49504	CLs  = 0.05015
AsymptoticLimits.cc[337] : (in function: getCLs) - At r = 1.761565:	q_mu = 3.86188	q_A  = 3.81327	Pmu = 0.02470	1-Pb  = 0.49503	CLs  = 0.04989
AsymptoticLimits.cc[337] : (in function: getCLs) - At r = 1.759145:	q_mu = 3.85699	q_A  = 3.80845	Pmu = 0.02477	1-Pb  = 0.49504	CLs  = 0.05003
AsymptoticLimits.cc[337] : (in function: getCLs) - At r = 1.760042:	q_mu = 3.85878	q_A  = 3.81023	Pmu = 0.02474	1-Pb  = 0.49504	CLs  = 0.04998
AsymptoticLimits.cc[337] : (in function: getCLs) - At r = 1.759561:	q_mu = 3.85780	q_A  = 3.80928	Pmu = 0.02476	1-Pb  = 0.49504	CLs  = 0.05001
AsymptoticLimits.cc[337] : (in function: getCLs) - At r = 1.759746:	q_mu = 3.85815	q_A  = 3.80964	Pmu = 0.02475	1-Pb  = 0.49504	CLs  = 0.05000
AsymptoticLimits.cc[337] : (in function: getCLs) - At r = 1.759653:	q_mu = 3.85795	q_A  = 3.80946	Pmu = 0.02475	1-Pb  = 0.49504	CLs  = 0.05000
AsymptoticLimits.cc[337] : (in function: getCLs) - At r = 1.759695:	q_mu = 3.85802	q_A  = 3.80954	Pmu = 0.02475	1-Pb  = 0.49505	CLs  = 0.05000
AsymptoticLimits.cc[337] : (in function: getCLs) - At r = 1.759681:	q_mu = 3.85798	q_A  = 3.80951	Pmu = 0.02475	1-Pb  = 0.49505	CLs  = 0.05000
AsymptoticLimits.cc[337] : (in function: getCLs) - At r = 1.759689:	q_mu = 3.85798	q_A  = 3.80952	Pmu = 0.02475	1-Pb  = 0.49505	CLs  = 0.05000
