CascadeMinimizer.cc[188] : (in function: improveOnce) - Minimization configured with Type=Minuit2, Algo=Migrad, strategy=0, tolerance=0.1
CascadeMinimizer.cc[215] : (in function: improveOnce) - Minimization finished with status=0
CascadeMinimizer.cc[219] : (in function: improveOnce) - Minimization success! status=0
ToyMCSamplerOpt.cc[146] : (in function: generateAsimov) - Using internal logic for binned/unbinned Asimov dataset generation
ToyMCSamplerOpt.cc[214] : (in function: generateWithHisto) - Generating asimov with histogram for pdf pdf_binpass_LOW_obsOnly: in 3 x-bins
ToyMCSamplerOpt.cc[215] : (in function: generateWithHisto) -  , in 1 y-bins
ToyMCSamplerOpt.cc[146] : (in function: generateAsimov) - Using internal logic for binned/unbinned Asimov dataset generation
ToyMCSamplerOpt.cc[214] : (in function: generateWithHisto) - Generating asimov with histogram for pdf pdf_binpass_SIG_obsOnly: in 1 x-bins
ToyMCSamplerOpt.cc[215] : (in function: generateWithHisto) -  , in 1 y-bins
ToyMCSamplerOpt.cc[146] : (in function: generateAsimov) - Using internal logic for binned/unbinned Asimov dataset generation
ToyMCSamplerOpt.cc[214] : (in function: generateWithHisto) - Generating asimov with histogram for pdf pdf_binpass_HIGH_obsOnly: in 3 x-bins
ToyMCSamplerOpt.cc[215] : (in function: generateWithHisto) -  , in 1 y-bins
ToyMCSamplerOpt.cc[146] : (in function: generateAsimov) - Using internal logic for binned/unbinned Asimov dataset generation
ToyMCSamplerOpt.cc[214] : (in function: generateWithHisto) - Generating asimov with histogram for pdf pdf_binfail_LOW_obsOnly: in 3 x-bins
ToyMCSamplerOpt.cc[215] : (in function: generateWithHisto) -  , in 1 y-bins
ToyMCSamplerOpt.cc[146] : (in function: generateAsimov) - Using internal logic for binned/unbinned Asimov dataset generation
ToyMCSamplerOpt.cc[214] : (in function: generateWithHisto) - Generating asimov with histogram for pdf pdf_binfail_SIG_obsOnly: in 1 x-bins
ToyMCSamplerOpt.cc[215] : (in function: generateWithHisto) -  , in 1 y-bins
ToyMCSamplerOpt.cc[146] : (in function: generateAsimov) - Using internal logic for binned/unbinned Asimov dataset generation
ToyMCSamplerOpt.cc[214] : (in function: generateWithHisto) - Generating asimov with histogram for pdf pdf_binfail_HIGH_obsOnly: in 3 x-bins
ToyMCSamplerOpt.cc[215] : (in function: generateWithHisto) -  , in 1 y-bins
AsymptoticLimits.cc[428] : (in function: runLimitExpected) - Median for expected limits = 0.544922, Sigma for expected limits = 0.278026
AsymptoticLimits.cc[191] : (in function: runLimit) - NLL at global minimum of data = -708.243 (r=1.60859e-07)
AsymptoticLimits.cc[211] : (in function: runLimit) - NLL at global minimum of asimov = -707.737 (r=3.8957e-06)
AsymptoticLimits.cc[337] : (in function: getCLs) - At r = 1.200000:	q_mu = 15.43912	q_A  = 11.05246	Pmu = 0.00003	1-Pb  = 0.25471	CLs  = 0.00013
AsymptoticLimits.cc[337] : (in function: getCLs) - At r = 0.600000:	q_mu = 8.59090	q_A  = 4.95287	Pmu = 0.00117	1-Pb  = 0.20686	CLs  = 0.00566
AsymptoticLimits.cc[337] : (in function: getCLs) - At r = 0.300000:	q_mu = 4.47891	q_A  = 1.45426	Pmu = 0.00695	1-Pb  = 0.10491	CLs  = 0.06622
AsymptoticLimits.cc[337] : (in function: getCLs) - At r = 0.450000:	q_mu = 6.60381	q_A  = 2.88625	Pmu = 0.00261	1-Pb  = 0.13695	CLs  = 0.01907
AsymptoticLimits.cc[337] : (in function: getCLs) - At r = 0.357076:	q_mu = 5.30414	q_A  = 1.97434	Pmu = 0.00480	1-Pb  = 0.11803	CLs  = 0.04066
AsymptoticLimits.cc[337] : (in function: getCLs) - At r = 0.326298:	q_mu = 4.86175	q_A  = 1.68773	Pmu = 0.00586	1-Pb  = 0.11093	CLs  = 0.05279
AsymptoticLimits.cc[337] : (in function: getCLs) - At r = 0.337569:	q_mu = 5.02532	q_A  = 1.79132	Pmu = 0.00544	1-Pb  = 0.11349	CLs  = 0.04793
AsymptoticLimits.cc[337] : (in function: getCLs) - At r = 0.331364:	q_mu = 4.93516	q_A  = 1.73406	Pmu = 0.00567	1-Pb  = 0.11210	CLs  = 0.05055
AsymptoticLimits.cc[337] : (in function: getCLs) - At r = 0.333619:	q_mu = 4.96789	q_A  = 1.75480	Pmu = 0.00558	1-Pb  = 0.11261	CLs  = 0.04958
AsymptoticLimits.cc[337] : (in function: getCLs) - At r = 0.332378:	q_mu = 4.94987	q_A  = 1.74338	Pmu = 0.00563	1-Pb  = 0.11233	CLs  = 0.05011
AsymptoticLimits.cc[337] : (in function: getCLs) - At r = 0.332829:	q_mu = 4.95642	q_A  = 1.74753	Pmu = 0.00561	1-Pb  = 0.11243	CLs  = 0.04992
AsymptoticLimits.cc[337] : (in function: getCLs) - At r = 0.332581:	q_mu = 4.95282	q_A  = 1.74524	Pmu = 0.00562	1-Pb  = 0.11237	CLs  = 0.05002
AsymptoticLimits.cc[337] : (in function: getCLs) - At r = 0.332671:	q_mu = 4.95413	q_A  = 1.74607	Pmu = 0.00562	1-Pb  = 0.11239	CLs  = 0.04998
AsymptoticLimits.cc[337] : (in function: getCLs) - At r = 0.332621:	q_mu = 4.95341	q_A  = 1.74562	Pmu = 0.00562	1-Pb  = 0.11238	CLs  = 0.05000
AsymptoticLimits.cc[337] : (in function: getCLs) - At r = 0.332639:	q_mu = 4.95367	q_A  = 1.74578	Pmu = 0.00562	1-Pb  = 0.11239	CLs  = 0.05000
AsymptoticLimits.cc[337] : (in function: getCLs) - At r = 0.332629:	q_mu = 4.95352	q_A  = 1.74569	Pmu = 0.00562	1-Pb  = 0.11238	CLs  = 0.05000
AsymptoticLimits.cc[337] : (in function: getCLs) - At r = 0.332633:	q_mu = 4.95358	q_A  = 1.74573	Pmu = 0.00562	1-Pb  = 0.11239	CLs  = 0.05000
