CascadeMinimizer.cc[188] : (in function: improveOnce) - Minimization configured with Type=Minuit2, Algo=Migrad, strategy=0, tolerance=0.1
CascadeMinimizer.cc[215] : (in function: improveOnce) - Minimization finished with status=0
CascadeMinimizer.cc[219] : (in function: improveOnce) - Minimization success! status=0
ToyMCSamplerOpt.cc[146] : (in function: generateAsimov) - Using internal logic for binned/unbinned Asimov dataset generation
ToyMCSamplerOpt.cc[214] : (in function: generateWithHisto) - Generating asimov with histogram for pdf pdf_binpass_LOW_obsOnly: in 2 x-bins
ToyMCSamplerOpt.cc[215] : (in function: generateWithHisto) -  , in 1 y-bins
ToyMCSamplerOpt.cc[146] : (in function: generateAsimov) - Using internal logic for binned/unbinned Asimov dataset generation
ToyMCSamplerOpt.cc[214] : (in function: generateWithHisto) - Generating asimov with histogram for pdf pdf_binpass_SIG_obsOnly: in 1 x-bins
ToyMCSamplerOpt.cc[215] : (in function: generateWithHisto) -  , in 1 y-bins
ToyMCSamplerOpt.cc[146] : (in function: generateAsimov) - Using internal logic for binned/unbinned Asimov dataset generation
ToyMCSamplerOpt.cc[214] : (in function: generateWithHisto) - Generating asimov with histogram for pdf pdf_binpass_HIGH_obsOnly: in 9 x-bins
ToyMCSamplerOpt.cc[215] : (in function: generateWithHisto) -  , in 1 y-bins
ToyMCSamplerOpt.cc[146] : (in function: generateAsimov) - Using internal logic for binned/unbinned Asimov dataset generation
ToyMCSamplerOpt.cc[214] : (in function: generateWithHisto) - Generating asimov with histogram for pdf pdf_binfail_LOW_obsOnly: in 2 x-bins
ToyMCSamplerOpt.cc[215] : (in function: generateWithHisto) -  , in 1 y-bins
ToyMCSamplerOpt.cc[146] : (in function: generateAsimov) - Using internal logic for binned/unbinned Asimov dataset generation
ToyMCSamplerOpt.cc[214] : (in function: generateWithHisto) - Generating asimov with histogram for pdf pdf_binfail_SIG_obsOnly: in 1 x-bins
ToyMCSamplerOpt.cc[215] : (in function: generateWithHisto) -  , in 1 y-bins
ToyMCSamplerOpt.cc[146] : (in function: generateAsimov) - Using internal logic for binned/unbinned Asimov dataset generation
ToyMCSamplerOpt.cc[214] : (in function: generateWithHisto) - Generating asimov with histogram for pdf pdf_binfail_HIGH_obsOnly: in 9 x-bins
ToyMCSamplerOpt.cc[215] : (in function: generateWithHisto) -  , in 1 y-bins
AsymptoticLimits.cc[428] : (in function: runLimitExpected) - Median for expected limits = 2.42188, Sigma for expected limits = 1.23567
AsymptoticLimits.cc[191] : (in function: runLimit) - NLL at global minimum of data = -545.779 (r=8.33389e-09)
AsymptoticLimits.cc[211] : (in function: runLimit) - NLL at global minimum of asimov = -545.191 (r=3.2313e-08)
AsymptoticLimits.cc[337] : (in function: getCLs) - At r = 1.233897:	q_mu = 2.84108	q_A  = 1.74360	Pmu = 0.04128	1-Pb  = 0.33886	CLs  = 0.12182
AsymptoticLimits.cc[337] : (in function: getCLs) - At r = 2.467794:	q_mu = 5.44649	q_A  = 3.92098	Pmu = 0.00901	1-Pb  = 0.35004	CLs  = 0.02573
AsymptoticLimits.cc[337] : (in function: getCLs) - At r = 1.233897:	q_mu = 2.84107	q_A  = 1.74357	Pmu = 0.04128	1-Pb  = 0.33886	CLs  = 0.12182
AsymptoticLimits.cc[337] : (in function: getCLs) - At r = 1.799241:	q_mu = 4.05995	q_A  = 2.73703	Pmu = 0.01998	1-Pb  = 0.34464	CLs  = 0.05797
AsymptoticLimits.cc[337] : (in function: getCLs) - At r = 2.030292:	q_mu = 4.54560	q_A  = 3.14638	Pmu = 0.01507	1-Pb  = 0.34664	CLs  = 0.04348
AsymptoticLimits.cc[337] : (in function: getCLs) - At r = 1.894247:	q_mu = 4.26048	q_A  = 2.90525	Pmu = 0.01778	1-Pb  = 0.34548	CLs  = 0.05145
AsymptoticLimits.cc[337] : (in function: getCLs) - At r = 1.939948:	q_mu = 4.35656	q_A  = 2.98617	Pmu = 0.01681	1-Pb  = 0.34586	CLs  = 0.04861
AsymptoticLimits.cc[337] : (in function: getCLs) - At r = 1.912642:	q_mu = 4.29917	q_A  = 2.93777	Pmu = 0.01738	1-Pb  = 0.34563	CLs  = 0.05029
AsymptoticLimits.cc[337] : (in function: getCLs) - At r = 1.921770:	q_mu = 4.31840	q_A  = 2.95393	Pmu = 0.01719	1-Pb  = 0.34570	CLs  = 0.04972
AsymptoticLimits.cc[337] : (in function: getCLs) - At r = 1.916301:	q_mu = 4.30690	q_A  = 2.94423	Pmu = 0.01730	1-Pb  = 0.34566	CLs  = 0.05006
AsymptoticLimits.cc[337] : (in function: getCLs) - At r = 1.918123:	q_mu = 4.31073	q_A  = 2.94749	Pmu = 0.01726	1-Pb  = 0.34567	CLs  = 0.04994
AsymptoticLimits.cc[337] : (in function: getCLs) - At r = 1.917393:	q_mu = 4.30930	q_A  = 2.94612	Pmu = 0.01728	1-Pb  = 0.34565	CLs  = 0.04999
AsymptoticLimits.cc[337] : (in function: getCLs) - At r = 1.917014:	q_mu = 4.30849	q_A  = 2.94544	Pmu = 0.01729	1-Pb  = 0.34564	CLs  = 0.05001
AsymptoticLimits.cc[337] : (in function: getCLs) - At r = 1.917231:	q_mu = 4.30894	q_A  = 2.94581	Pmu = 0.01728	1-Pb  = 0.34565	CLs  = 0.05000
AsymptoticLimits.cc[337] : (in function: getCLs) - At r = 1.917159:	q_mu = 4.30894	q_A  = 2.94568	Pmu = 0.01728	1-Pb  = 0.34563	CLs  = 0.05000
AsymptoticLimits.cc[337] : (in function: getCLs) - At r = 1.917123:	q_mu = 4.30885	q_A  = 2.94561	Pmu = 0.01728	1-Pb  = 0.34563	CLs  = 0.05000
AsymptoticLimits.cc[337] : (in function: getCLs) - At r = 1.917144:	q_mu = 4.30894	q_A  = 2.94568	Pmu = 0.01728	1-Pb  = 0.34563	CLs  = 0.05000
AsymptoticLimits.cc[337] : (in function: getCLs) - At r = 1.917135:	q_mu = 4.30889	q_A  = 2.94559	Pmu = 0.01728	1-Pb  = 0.34562	CLs  = 0.05000
AsymptoticLimits.cc[337] : (in function: getCLs) - At r = 1.917139:	q_mu = 4.30889	q_A  = 2.94559	Pmu = 0.01728	1-Pb  = 0.34562	CLs  = 0.05000
