CascadeMinimizer.cc[188] : (in function: improveOnce) - Minimization configured with Type=Minuit2, Algo=Migrad, strategy=0, tolerance=0.1
CascadeMinimizer.cc[215] : (in function: improveOnce) - Minimization finished with status=0
CascadeMinimizer.cc[219] : (in function: improveOnce) - Minimization success! status=0
ToyMCSamplerOpt.cc[146] : (in function: generateAsimov) - Using internal logic for binned/unbinned Asimov dataset generation
ToyMCSamplerOpt.cc[214] : (in function: generateWithHisto) - Generating asimov with histogram for pdf pdf_binpass_LOW_obsOnly: in 3 x-bins
ToyMCSamplerOpt.cc[215] : (in function: generateWithHisto) -  , in 1 y-bins
ToyMCSamplerOpt.cc[146] : (in function: generateAsimov) - Using internal logic for binned/unbinned Asimov dataset generation
ToyMCSamplerOpt.cc[214] : (in function: generateWithHisto) - Generating asimov with histogram for pdf pdf_binpass_SIG_obsOnly: in 1 x-bins
ToyMCSamplerOpt.cc[215] : (in function: generateWithHisto) -  , in 1 y-bins
ToyMCSamplerOpt.cc[146] : (in function: generateAsimov) - Using internal logic for binned/unbinned Asimov dataset generation
ToyMCSamplerOpt.cc[214] : (in function: generateWithHisto) - Generating asimov with histogram for pdf pdf_binpass_HIGH_obsOnly: in 3 x-bins
ToyMCSamplerOpt.cc[215] : (in function: generateWithHisto) -  , in 1 y-bins
ToyMCSamplerOpt.cc[146] : (in function: generateAsimov) - Using internal logic for binned/unbinned Asimov dataset generation
ToyMCSamplerOpt.cc[214] : (in function: generateWithHisto) - Generating asimov with histogram for pdf pdf_binfail_LOW_obsOnly: in 3 x-bins
ToyMCSamplerOpt.cc[215] : (in function: generateWithHisto) -  , in 1 y-bins
ToyMCSamplerOpt.cc[146] : (in function: generateAsimov) - Using internal logic for binned/unbinned Asimov dataset generation
ToyMCSamplerOpt.cc[214] : (in function: generateWithHisto) - Generating asimov with histogram for pdf pdf_binfail_SIG_obsOnly: in 1 x-bins
ToyMCSamplerOpt.cc[215] : (in function: generateWithHisto) -  , in 1 y-bins
ToyMCSamplerOpt.cc[146] : (in function: generateAsimov) - Using internal logic for binned/unbinned Asimov dataset generation
ToyMCSamplerOpt.cc[214] : (in function: generateWithHisto) - Generating asimov with histogram for pdf pdf_binfail_HIGH_obsOnly: in 3 x-bins
ToyMCSamplerOpt.cc[215] : (in function: generateWithHisto) -  , in 1 y-bins
AsymptoticLimits.cc[428] : (in function: runLimitExpected) - Median for expected limits = 4.46875, Sigma for expected limits = 2.28002
AsymptoticLimits.cc[191] : (in function: runLimit) - NLL at global minimum of data = -683.266 (r=3.03884e-07)
AsymptoticLimits.cc[211] : (in function: runLimit) - NLL at global minimum of asimov = -683.337 (r=2.97494e-08)
AsymptoticLimits.cc[337] : (in function: getCLs) - At r = 2.276119:	q_mu = 2.33724	q_A  = 2.34217	Pmu = 0.06316	1-Pb  = 0.50064	CLs  = 0.12615
AsymptoticLimits.cc[337] : (in function: getCLs) - At r = 4.552237:	q_mu = 3.89162	q_A  = 3.89579	Pmu = 0.02426	1-Pb  = 0.50042	CLs  = 0.04849
AsymptoticLimits.cc[337] : (in function: getCLs) - At r = 2.276119:	q_mu = 2.33724	q_A  = 2.34217	Pmu = 0.06316	1-Pb  = 0.50064	CLs  = 0.12615
AsymptoticLimits.cc[337] : (in function: getCLs) - At r = 4.038491:	q_mu = 3.57738	q_A  = 3.58185	Pmu = 0.02929	1-Pb  = 0.50047	CLs  = 0.05852
AsymptoticLimits.cc[337] : (in function: getCLs) - At r = 4.382310:	q_mu = 3.78957	q_A  = 3.79385	Pmu = 0.02579	1-Pb  = 0.50044	CLs  = 0.05153
AsymptoticLimits.cc[337] : (in function: getCLs) - At r = 4.483555:	q_mu = 3.85057	q_A  = 3.85479	Pmu = 0.02486	1-Pb  = 0.50043	CLs  = 0.04969
AsymptoticLimits.cc[337] : (in function: getCLs) - At r = 4.449302:	q_mu = 3.83000	q_A  = 3.83424	Pmu = 0.02517	1-Pb  = 0.50043	CLs  = 0.05030
AsymptoticLimits.cc[337] : (in function: getCLs) - At r = 4.469497:	q_mu = 3.84214	q_A  = 3.84635	Pmu = 0.02499	1-Pb  = 0.50043	CLs  = 0.04994
AsymptoticLimits.cc[337] : (in function: getCLs) - At r = 4.462634:	q_mu = 3.83801	q_A  = 3.84223	Pmu = 0.02505	1-Pb  = 0.50043	CLs  = 0.05006
AsymptoticLimits.cc[337] : (in function: getCLs) - At r = 4.466675:	q_mu = 3.84044	q_A  = 3.84466	Pmu = 0.02502	1-Pb  = 0.50043	CLs  = 0.04999
AsymptoticLimits.cc[337] : (in function: getCLs) - At r = 4.465306:	q_mu = 3.83962	q_A  = 3.84384	Pmu = 0.02503	1-Pb  = 0.50043	CLs  = 0.05001
AsymptoticLimits.cc[337] : (in function: getCLs) - At r = 4.466114:	q_mu = 3.84010	q_A  = 3.84432	Pmu = 0.02502	1-Pb  = 0.50043	CLs  = 0.05000
AsymptoticLimits.cc[337] : (in function: getCLs) - At r = 4.465840:	q_mu = 3.83994	q_A  = 3.84416	Pmu = 0.02502	1-Pb  = 0.50043	CLs  = 0.05000
AsymptoticLimits.cc[337] : (in function: getCLs) - At r = 4.466002:	q_mu = 3.84004	q_A  = 3.84426	Pmu = 0.02502	1-Pb  = 0.50043	CLs  = 0.05000
AsymptoticLimits.cc[337] : (in function: getCLs) - At r = 4.465947:	q_mu = 3.84000	q_A  = 3.84422	Pmu = 0.02502	1-Pb  = 0.50043	CLs  = 0.05000
AsymptoticLimits.cc[337] : (in function: getCLs) - At r = 4.465979:	q_mu = 3.84002	q_A  = 3.84424	Pmu = 0.02502	1-Pb  = 0.50043	CLs  = 0.05000
AsymptoticLimits.cc[337] : (in function: getCLs) - At r = 4.465968:	q_mu = 3.84002	q_A  = 3.84424	Pmu = 0.02502	1-Pb  = 0.50043	CLs  = 0.05000
