CascadeMinimizer.cc[188] : (in function: improveOnce) - Minimization configured with Type=Minuit2, Algo=Migrad, strategy=0, tolerance=0.1
CascadeMinimizer.cc[215] : (in function: improveOnce) - Minimization finished with status=0
CascadeMinimizer.cc[219] : (in function: improveOnce) - Minimization success! status=0
ToyMCSamplerOpt.cc[146] : (in function: generateAsimov) - Using internal logic for binned/unbinned Asimov dataset generation
ToyMCSamplerOpt.cc[214] : (in function: generateWithHisto) - Generating asimov with histogram for pdf pdf_binpass_LOW_obsOnly: in 2 x-bins
ToyMCSamplerOpt.cc[215] : (in function: generateWithHisto) -  , in 1 y-bins
ToyMCSamplerOpt.cc[146] : (in function: generateAsimov) - Using internal logic for binned/unbinned Asimov dataset generation
ToyMCSamplerOpt.cc[214] : (in function: generateWithHisto) - Generating asimov with histogram for pdf pdf_binpass_SIG_obsOnly: in 1 x-bins
ToyMCSamplerOpt.cc[215] : (in function: generateWithHisto) -  , in 1 y-bins
ToyMCSamplerOpt.cc[146] : (in function: generateAsimov) - Using internal logic for binned/unbinned Asimov dataset generation
ToyMCSamplerOpt.cc[214] : (in function: generateWithHisto) - Generating asimov with histogram for pdf pdf_binpass_HIGH_obsOnly: in 9 x-bins
ToyMCSamplerOpt.cc[215] : (in function: generateWithHisto) -  , in 1 y-bins
ToyMCSamplerOpt.cc[146] : (in function: generateAsimov) - Using internal logic for binned/unbinned Asimov dataset generation
ToyMCSamplerOpt.cc[214] : (in function: generateWithHisto) - Generating asimov with histogram for pdf pdf_binfail_LOW_obsOnly: in 2 x-bins
ToyMCSamplerOpt.cc[215] : (in function: generateWithHisto) -  , in 1 y-bins
ToyMCSamplerOpt.cc[146] : (in function: generateAsimov) - Using internal logic for binned/unbinned Asimov dataset generation
ToyMCSamplerOpt.cc[214] : (in function: generateWithHisto) - Generating asimov with histogram for pdf pdf_binfail_SIG_obsOnly: in 1 x-bins
ToyMCSamplerOpt.cc[215] : (in function: generateWithHisto) -  , in 1 y-bins
ToyMCSamplerOpt.cc[146] : (in function: generateAsimov) - Using internal logic for binned/unbinned Asimov dataset generation
ToyMCSamplerOpt.cc[214] : (in function: generateWithHisto) - Generating asimov with histogram for pdf pdf_binfail_HIGH_obsOnly: in 9 x-bins
ToyMCSamplerOpt.cc[215] : (in function: generateWithHisto) -  , in 1 y-bins
AsymptoticLimits.cc[428] : (in function: runLimitExpected) - Median for expected limits = 0.640625, Sigma for expected limits = 0.326856
AsymptoticLimits.cc[191] : (in function: runLimit) - NLL at global minimum of data = -566.67 (r=8.54764e-07)
AsymptoticLimits.cc[211] : (in function: runLimit) - NLL at global minimum of asimov = -565.229 (r=3.60078e-05)
AsymptoticLimits.cc[337] : (in function: getCLs) - At r = 1.200001:	q_mu = 12.54334	q_A  = 9.40937	Pmu = 0.00017	1-Pb  = 0.30473	CLs  = 0.00057
AsymptoticLimits.cc[337] : (in function: getCLs) - At r = 0.600001:	q_mu = 5.98869	q_A  = 3.55676	Pmu = 0.00569	1-Pb  = 0.25954	CLs  = 0.02193
AsymptoticLimits.cc[337] : (in function: getCLs) - At r = 0.300001:	q_mu = 2.85540	q_A  = 1.15069	Pmu = 0.03093	1-Pb  = 0.21343	CLs  = 0.14492
AsymptoticLimits.cc[337] : (in function: getCLs) - At r = 0.435255:	q_mu = 4.24574	q_A  = 2.11651	Pmu = 0.01439	1-Pb  = 0.23215	CLs  = 0.06197
AsymptoticLimits.cc[337] : (in function: getCLs) - At r = 0.495430:	q_mu = 4.88132	q_A  = 2.60182	Pmu = 0.01018	1-Pb  = 0.23991	CLs  = 0.04244
AsymptoticLimits.cc[337] : (in function: getCLs) - At r = 0.462540:	q_mu = 4.53207	q_A  = 2.33200	Pmu = 0.01231	1-Pb  = 0.23565	CLs  = 0.05222
AsymptoticLimits.cc[337] : (in function: getCLs) - At r = 0.474629:	q_mu = 4.65991	q_A  = 2.42992	Pmu = 0.01148	1-Pb  = 0.23722	CLs  = 0.04839
AsymptoticLimits.cc[337] : (in function: getCLs) - At r = 0.468063:	q_mu = 4.59037	q_A  = 2.37652	Pmu = 0.01192	1-Pb  = 0.23637	CLs  = 0.05044
AsymptoticLimits.cc[337] : (in function: getCLs) - At r = 0.470484:	q_mu = 4.61595	q_A  = 2.39613	Pmu = 0.01176	1-Pb  = 0.23668	CLs  = 0.04968
AsymptoticLimits.cc[337] : (in function: getCLs) - At r = 0.469173:	q_mu = 4.60190	q_A  = 2.38547	Pmu = 0.01185	1-Pb  = 0.23653	CLs  = 0.05009
AsymptoticLimits.cc[337] : (in function: getCLs) - At r = 0.469667:	q_mu = 4.60705	q_A  = 2.38945	Pmu = 0.01182	1-Pb  = 0.23659	CLs  = 0.04994
AsymptoticLimits.cc[337] : (in function: getCLs) - At r = 0.469410:	q_mu = 4.60430	q_A  = 2.38734	Pmu = 0.01183	1-Pb  = 0.23656	CLs  = 0.05002
AsymptoticLimits.cc[337] : (in function: getCLs) - At r = 0.469512:	q_mu = 4.60536	q_A  = 2.38815	Pmu = 0.01183	1-Pb  = 0.23657	CLs  = 0.04999
AsymptoticLimits.cc[337] : (in function: getCLs) - At r = 0.469462:	q_mu = 4.60481	q_A  = 2.38772	Pmu = 0.01183	1-Pb  = 0.23656	CLs  = 0.05001
AsymptoticLimits.cc[337] : (in function: getCLs) - At r = 0.469485:	q_mu = 4.60502	q_A  = 2.38788	Pmu = 0.01183	1-Pb  = 0.23657	CLs  = 0.05000
AsymptoticLimits.cc[337] : (in function: getCLs) - At r = 0.469477:	q_mu = 4.60492	q_A  = 2.38779	Pmu = 0.01183	1-Pb  = 0.23656	CLs  = 0.05000
AsymptoticLimits.cc[337] : (in function: getCLs) - At r = 0.469481:	q_mu = 4.60494	q_A  = 2.38780	Pmu = 0.01183	1-Pb  = 0.23656	CLs  = 0.05000
