CascadeMinimizer.cc[188] : (in function: improveOnce) - Minimization configured with Type=Minuit2, Algo=Migrad, strategy=0, tolerance=0.1
CascadeMinimizer.cc[215] : (in function: improveOnce) - Minimization finished with status=0
CascadeMinimizer.cc[219] : (in function: improveOnce) - Minimization success! status=0
ToyMCSamplerOpt.cc[146] : (in function: generateAsimov) - Using internal logic for binned/unbinned Asimov dataset generation
ToyMCSamplerOpt.cc[214] : (in function: generateWithHisto) - Generating asimov with histogram for pdf pdf_binpass_LOW_obsOnly: in 3 x-bins
ToyMCSamplerOpt.cc[215] : (in function: generateWithHisto) -  , in 1 y-bins
ToyMCSamplerOpt.cc[146] : (in function: generateAsimov) - Using internal logic for binned/unbinned Asimov dataset generation
ToyMCSamplerOpt.cc[214] : (in function: generateWithHisto) - Generating asimov with histogram for pdf pdf_binpass_SIG_obsOnly: in 1 x-bins
ToyMCSamplerOpt.cc[215] : (in function: generateWithHisto) -  , in 1 y-bins
ToyMCSamplerOpt.cc[146] : (in function: generateAsimov) - Using internal logic for binned/unbinned Asimov dataset generation
ToyMCSamplerOpt.cc[214] : (in function: generateWithHisto) - Generating asimov with histogram for pdf pdf_binpass_HIGH_obsOnly: in 3 x-bins
ToyMCSamplerOpt.cc[215] : (in function: generateWithHisto) -  , in 1 y-bins
ToyMCSamplerOpt.cc[146] : (in function: generateAsimov) - Using internal logic for binned/unbinned Asimov dataset generation
ToyMCSamplerOpt.cc[214] : (in function: generateWithHisto) - Generating asimov with histogram for pdf pdf_binfail_LOW_obsOnly: in 3 x-bins
ToyMCSamplerOpt.cc[215] : (in function: generateWithHisto) -  , in 1 y-bins
ToyMCSamplerOpt.cc[146] : (in function: generateAsimov) - Using internal logic for binned/unbinned Asimov dataset generation
ToyMCSamplerOpt.cc[214] : (in function: generateWithHisto) - Generating asimov with histogram for pdf pdf_binfail_SIG_obsOnly: in 1 x-bins
ToyMCSamplerOpt.cc[215] : (in function: generateWithHisto) -  , in 1 y-bins
ToyMCSamplerOpt.cc[146] : (in function: generateAsimov) - Using internal logic for binned/unbinned Asimov dataset generation
ToyMCSamplerOpt.cc[214] : (in function: generateWithHisto) - Generating asimov with histogram for pdf pdf_binfail_HIGH_obsOnly: in 3 x-bins
ToyMCSamplerOpt.cc[215] : (in function: generateWithHisto) -  , in 1 y-bins
AsymptoticLimits.cc[428] : (in function: runLimitExpected) - Median for expected limits = 1.38281, Sigma for expected limits = 0.70553
AsymptoticLimits.cc[191] : (in function: runLimit) - NLL at global minimum of data = -8432.02 (r=8.83694e-07)
AsymptoticLimits.cc[211] : (in function: runLimit) - NLL at global minimum of asimov = -8432.25 (r=8.77462e-08)
AsymptoticLimits.cc[337] : (in function: getCLs) - At r = 1.200001:	q_mu = 7.44813	q_A  = 3.22210	Pmu = 0.00148	1-Pb  = 0.11957	CLs  = 0.01237
AsymptoticLimits.cc[337] : (in function: getCLs) - At r = 0.600001:	q_mu = 4.11196	q_A  = 1.27227	Pmu = 0.00850	1-Pb  = 0.10405	CLs  = 0.08168
AsymptoticLimits.cc[337] : (in function: getCLs) - At r = 0.900001:	q_mu = 5.84289	q_A  = 2.21381	Pmu = 0.00339	1-Pb  = 0.11132	CLs  = 0.03046
AsymptoticLimits.cc[337] : (in function: getCLs) - At r = 0.779401:	q_mu = 5.16349	q_A  = 1.82235	Pmu = 0.00483	1-Pb  = 0.10795	CLs  = 0.04478
AsymptoticLimits.cc[337] : (in function: getCLs) - At r = 0.717212:	q_mu = 4.80469	q_A  = 1.62662	Pmu = 0.00585	1-Pb  = 0.10640	CLs  = 0.05494
AsymptoticLimits.cc[337] : (in function: getCLs) - At r = 0.752595:	q_mu = 5.00953	q_A  = 1.73725	Pmu = 0.00524	1-Pb  = 0.10724	CLs  = 0.04889
AsymptoticLimits.cc[337] : (in function: getCLs) - At r = 0.740070:	q_mu = 4.93723	q_A  = 1.69787	Pmu = 0.00545	1-Pb  = 0.10693	CLs  = 0.05095
AsymptoticLimits.cc[337] : (in function: getCLs) - At r = 0.747130:	q_mu = 4.97801	q_A  = 1.72007	Pmu = 0.00533	1-Pb  = 0.10711	CLs  = 0.04977
AsymptoticLimits.cc[337] : (in function: getCLs) - At r = 0.744621:	q_mu = 4.96351	q_A  = 1.71215	Pmu = 0.00537	1-Pb  = 0.10704	CLs  = 0.05019
AsymptoticLimits.cc[337] : (in function: getCLs) - At r = 0.746033:	q_mu = 4.97167	q_A  = 1.71661	Pmu = 0.00535	1-Pb  = 0.10708	CLs  = 0.04995
AsymptoticLimits.cc[337] : (in function: getCLs) - At r = 0.745530:	q_mu = 4.96877	q_A  = 1.71501	Pmu = 0.00536	1-Pb  = 0.10707	CLs  = 0.05004
AsymptoticLimits.cc[337] : (in function: getCLs) - At r = 0.745813:	q_mu = 4.97040	q_A  = 1.71591	Pmu = 0.00535	1-Pb  = 0.10707	CLs  = 0.04999
AsymptoticLimits.cc[337] : (in function: getCLs) - At r = 0.745713:	q_mu = 4.96982	q_A  = 1.71559	Pmu = 0.00535	1-Pb  = 0.10707	CLs  = 0.05001
AsymptoticLimits.cc[337] : (in function: getCLs) - At r = 0.745770:	q_mu = 4.97015	q_A  = 1.71577	Pmu = 0.00535	1-Pb  = 0.10707	CLs  = 0.05000
AsymptoticLimits.cc[337] : (in function: getCLs) - At r = 0.745750:	q_mu = 4.97003	q_A  = 1.71570	Pmu = 0.00535	1-Pb  = 0.10707	CLs  = 0.05000
AsymptoticLimits.cc[337] : (in function: getCLs) - At r = 0.745761:	q_mu = 4.97010	q_A  = 1.71575	Pmu = 0.00535	1-Pb  = 0.10707	CLs  = 0.05000
AsymptoticLimits.cc[337] : (in function: getCLs) - At r = 0.745757:	q_mu = 4.97008	q_A  = 1.71573	Pmu = 0.00535	1-Pb  = 0.10707	CLs  = 0.05000
AsymptoticLimits.cc[337] : (in function: getCLs) - At r = 0.745760:	q_mu = 4.97009	q_A  = 1.71574	Pmu = 0.00535	1-Pb  = 0.10707	CLs  = 0.05000
