CascadeMinimizer.cc[188] : (in function: improveOnce) - Minimization configured with Type=Minuit2, Algo=Migrad, strategy=0, tolerance=0.1
CascadeMinimizer.cc[215] : (in function: improveOnce) - Minimization finished with status=0
CascadeMinimizer.cc[219] : (in function: improveOnce) - Minimization success! status=0
ToyMCSamplerOpt.cc[146] : (in function: generateAsimov) - Using internal logic for binned/unbinned Asimov dataset generation
ToyMCSamplerOpt.cc[214] : (in function: generateWithHisto) - Generating asimov with histogram for pdf pdf_binpass_LOW_obsOnly: in 2 x-bins
ToyMCSamplerOpt.cc[215] : (in function: generateWithHisto) -  , in 1 y-bins
ToyMCSamplerOpt.cc[146] : (in function: generateAsimov) - Using internal logic for binned/unbinned Asimov dataset generation
ToyMCSamplerOpt.cc[214] : (in function: generateWithHisto) - Generating asimov with histogram for pdf pdf_binpass_SIG_obsOnly: in 1 x-bins
ToyMCSamplerOpt.cc[215] : (in function: generateWithHisto) -  , in 1 y-bins
ToyMCSamplerOpt.cc[146] : (in function: generateAsimov) - Using internal logic for binned/unbinned Asimov dataset generation
ToyMCSamplerOpt.cc[214] : (in function: generateWithHisto) - Generating asimov with histogram for pdf pdf_binpass_HIGH_obsOnly: in 9 x-bins
ToyMCSamplerOpt.cc[215] : (in function: generateWithHisto) -  , in 1 y-bins
ToyMCSamplerOpt.cc[146] : (in function: generateAsimov) - Using internal logic for binned/unbinned Asimov dataset generation
ToyMCSamplerOpt.cc[214] : (in function: generateWithHisto) - Generating asimov with histogram for pdf pdf_binfail_LOW_obsOnly: in 2 x-bins
ToyMCSamplerOpt.cc[215] : (in function: generateWithHisto) -  , in 1 y-bins
ToyMCSamplerOpt.cc[146] : (in function: generateAsimov) - Using internal logic for binned/unbinned Asimov dataset generation
ToyMCSamplerOpt.cc[214] : (in function: generateWithHisto) - Generating asimov with histogram for pdf pdf_binfail_SIG_obsOnly: in 1 x-bins
ToyMCSamplerOpt.cc[215] : (in function: generateWithHisto) -  , in 1 y-bins
ToyMCSamplerOpt.cc[146] : (in function: generateAsimov) - Using internal logic for binned/unbinned Asimov dataset generation
ToyMCSamplerOpt.cc[214] : (in function: generateWithHisto) - Generating asimov with histogram for pdf pdf_binfail_HIGH_obsOnly: in 9 x-bins
ToyMCSamplerOpt.cc[215] : (in function: generateWithHisto) -  , in 1 y-bins
AsymptoticLimits.cc[428] : (in function: runLimitExpected) - Median for expected limits = 0.517578, Sigma for expected limits = 0.264075
AsymptoticLimits.cc[191] : (in function: runLimit) - NLL at global minimum of data = -820.48 (r=7.53904e-08)
AsymptoticLimits.cc[211] : (in function: runLimit) - NLL at global minimum of asimov = -819.768 (r=2.13722e-06)
AsymptoticLimits.cc[337] : (in function: getCLs) - At r = 1.200000:	q_mu = 9.99129	q_A  = 8.83325	Pmu = 0.00077	1-Pb  = 0.42277	CLs  = 0.00182
AsymptoticLimits.cc[337] : (in function: getCLs) - At r = 0.600000:	q_mu = 5.29865	q_A  = 4.46050	Pmu = 0.01043	1-Pb  = 0.42136	CLs  = 0.02476
AsymptoticLimits.cc[337] : (in function: getCLs) - At r = 0.300000:	q_mu = 2.74053	q_A  = 2.18942	Pmu = 0.04787	1-Pb  = 0.42613	CLs  = 0.11233
AsymptoticLimits.cc[337] : (in function: getCLs) - At r = 0.428459:	q_mu = 3.85504	q_A  = 3.16359	Pmu = 0.02425	1-Pb  = 0.42294	CLs  = 0.05733
AsymptoticLimits.cc[337] : (in function: getCLs) - At r = 0.485122:	q_mu = 4.33722	q_A  = 3.59293	Pmu = 0.01823	1-Pb  = 0.42218	CLs  = 0.04317
AsymptoticLimits.cc[337] : (in function: getCLs) - At r = 0.461655:	q_mu = 4.13806	q_A  = 3.41527	Pmu = 0.02050	1-Pb  = 0.42248	CLs  = 0.04851
AsymptoticLimits.cc[337] : (in function: getCLs) - At r = 0.450219:	q_mu = 4.04054	q_A  = 3.32843	Pmu = 0.02171	1-Pb  = 0.42263	CLs  = 0.05138
AsymptoticLimits.cc[337] : (in function: getCLs) - At r = 0.456846:	q_mu = 4.09680	q_A  = 3.37859	Pmu = 0.02100	1-Pb  = 0.42255	CLs  = 0.04970
AsymptoticLimits.cc[337] : (in function: getCLs) - At r = 0.454573:	q_mu = 4.07425	q_A  = 3.36131	Pmu = 0.02129	1-Pb  = 0.42292	CLs  = 0.05034
AsymptoticLimits.cc[337] : (in function: getCLs) - At r = 0.455542:	q_mu = 4.08250	q_A  = 3.36860	Pmu = 0.02119	1-Pb  = 0.42290	CLs  = 0.05010
AsymptoticLimits.cc[337] : (in function: getCLs) - At r = 0.456058:	q_mu = 4.08689	q_A  = 3.37246	Pmu = 0.02113	1-Pb  = 0.42289	CLs  = 0.04997
AsymptoticLimits.cc[337] : (in function: getCLs) - At r = 0.455849:	q_mu = 4.08511	q_A  = 3.37084	Pmu = 0.02115	1-Pb  = 0.42288	CLs  = 0.05002
AsymptoticLimits.cc[337] : (in function: getCLs) - At r = 0.455954:	q_mu = 4.08600	q_A  = 3.37176	Pmu = 0.02114	1-Pb  = 0.42290	CLs  = 0.04999
AsymptoticLimits.cc[337] : (in function: getCLs) - At r = 0.455910:	q_mu = 4.08562	q_A  = 3.37127	Pmu = 0.02115	1-Pb  = 0.42288	CLs  = 0.05001
AsymptoticLimits.cc[337] : (in function: getCLs) - At r = 0.455933:	q_mu = 4.08582	q_A  = 3.37139	Pmu = 0.02114	1-Pb  = 0.42287	CLs  = 0.05000
AsymptoticLimits.cc[337] : (in function: getCLs) - At r = 0.455928:	q_mu = 4.08577	q_A  = 3.37131	Pmu = 0.02114	1-Pb  = 0.42287	CLs  = 0.05000
AsymptoticLimits.cc[337] : (in function: getCLs) - At r = 0.455932:	q_mu = 4.08580	q_A  = 3.37130	Pmu = 0.02114	1-Pb  = 0.42287	CLs  = 0.05000
