CascadeMinimizer.cc[188] : (in function: improveOnce) - Minimization configured with Type=Minuit2, Algo=Migrad, strategy=0, tolerance=0.1
CascadeMinimizer.cc[215] : (in function: improveOnce) - Minimization finished with status=0
CascadeMinimizer.cc[219] : (in function: improveOnce) - Minimization success! status=0
ToyMCSamplerOpt.cc[146] : (in function: generateAsimov) - Using internal logic for binned/unbinned Asimov dataset generation
ToyMCSamplerOpt.cc[214] : (in function: generateWithHisto) - Generating asimov with histogram for pdf pdf_binpass_LOW_obsOnly: in 3 x-bins
ToyMCSamplerOpt.cc[215] : (in function: generateWithHisto) -  , in 1 y-bins
ToyMCSamplerOpt.cc[146] : (in function: generateAsimov) - Using internal logic for binned/unbinned Asimov dataset generation
ToyMCSamplerOpt.cc[214] : (in function: generateWithHisto) - Generating asimov with histogram for pdf pdf_binpass_SIG_obsOnly: in 1 x-bins
ToyMCSamplerOpt.cc[215] : (in function: generateWithHisto) -  , in 1 y-bins
ToyMCSamplerOpt.cc[146] : (in function: generateAsimov) - Using internal logic for binned/unbinned Asimov dataset generation
ToyMCSamplerOpt.cc[214] : (in function: generateWithHisto) - Generating asimov with histogram for pdf pdf_binpass_HIGH_obsOnly: in 3 x-bins
ToyMCSamplerOpt.cc[215] : (in function: generateWithHisto) -  , in 1 y-bins
ToyMCSamplerOpt.cc[146] : (in function: generateAsimov) - Using internal logic for binned/unbinned Asimov dataset generation
ToyMCSamplerOpt.cc[214] : (in function: generateWithHisto) - Generating asimov with histogram for pdf pdf_binfail_LOW_obsOnly: in 3 x-bins
ToyMCSamplerOpt.cc[215] : (in function: generateWithHisto) -  , in 1 y-bins
ToyMCSamplerOpt.cc[146] : (in function: generateAsimov) - Using internal logic for binned/unbinned Asimov dataset generation
ToyMCSamplerOpt.cc[214] : (in function: generateWithHisto) - Generating asimov with histogram for pdf pdf_binfail_SIG_obsOnly: in 1 x-bins
ToyMCSamplerOpt.cc[215] : (in function: generateWithHisto) -  , in 1 y-bins
ToyMCSamplerOpt.cc[146] : (in function: generateAsimov) - Using internal logic for binned/unbinned Asimov dataset generation
ToyMCSamplerOpt.cc[214] : (in function: generateWithHisto) - Generating asimov with histogram for pdf pdf_binfail_HIGH_obsOnly: in 3 x-bins
ToyMCSamplerOpt.cc[215] : (in function: generateWithHisto) -  , in 1 y-bins
AsymptoticLimits.cc[428] : (in function: runLimitExpected) - Median for expected limits = 0.570312, Sigma for expected limits = 0.290981
AsymptoticLimits.cc[191] : (in function: runLimit) - NLL at global minimum of data = -8446.55 (r=7.81533e-09)
AsymptoticLimits.cc[211] : (in function: runLimit) - NLL at global minimum of asimov = -8446.46 (r=2.41808e-06)
AsymptoticLimits.cc[337] : (in function: getCLs) - At r = 1.200000:	q_mu = 14.81906	q_A  = 8.75100	Pmu = 0.00003	1-Pb  = 0.15253	CLs  = 0.00022
AsymptoticLimits.cc[337] : (in function: getCLs) - At r = 0.600000:	q_mu = 8.68770	q_A  = 4.08874	Pmu = 0.00079	1-Pb  = 0.12773	CLs  = 0.00619
AsymptoticLimits.cc[337] : (in function: getCLs) - At r = 0.300000:	q_mu = 4.87731	q_A  = 1.70060	Pmu = 0.00583	1-Pb  = 0.11161	CLs  = 0.05226
AsymptoticLimits.cc[337] : (in function: getCLs) - At r = 0.450000:	q_mu = 6.86672	q_A  = 2.87466	Pmu = 0.00203	1-Pb  = 0.11955	CLs  = 0.01702
AsymptoticLimits.cc[337] : (in function: getCLs) - At r = 0.334737:	q_mu = 5.35524	q_A  = 1.96396	Pmu = 0.00451	1-Pb  = 0.11315	CLs  = 0.03985
AsymptoticLimits.cc[337] : (in function: getCLs) - At r = 0.311487:	q_mu = 5.03656	q_A  = 1.78686	Pmu = 0.00535	1-Pb  = 0.11208	CLs  = 0.04774
AsymptoticLimits.cc[337] : (in function: getCLs) - At r = 0.306796:	q_mu = 4.97164	q_A  = 1.75154	Pmu = 0.00554	1-Pb  = 0.11189	CLs  = 0.04954
AsymptoticLimits.cc[337] : (in function: getCLs) - At r = 0.304492:	q_mu = 4.93966	q_A  = 1.73425	Pmu = 0.00564	1-Pb  = 0.11180	CLs  = 0.05044
AsymptoticLimits.cc[337] : (in function: getCLs) - At r = 0.305851:	q_mu = 4.95851	q_A  = 1.74439	Pmu = 0.00558	1-Pb  = 0.11184	CLs  = 0.04991
AsymptoticLimits.cc[337] : (in function: getCLs) - At r = 0.305391:	q_mu = 4.95213	q_A  = 1.74094	Pmu = 0.00560	1-Pb  = 0.11183	CLs  = 0.05009
AsymptoticLimits.cc[337] : (in function: getCLs) - At r = 0.305663:	q_mu = 4.95590	q_A  = 1.74297	Pmu = 0.00559	1-Pb  = 0.11184	CLs  = 0.04998
AsymptoticLimits.cc[337] : (in function: getCLs) - At r = 0.305571:	q_mu = 4.95463	q_A  = 1.74228	Pmu = 0.00559	1-Pb  = 0.11183	CLs  = 0.05002
AsymptoticLimits.cc[337] : (in function: getCLs) - At r = 0.305626:	q_mu = 4.95538	q_A  = 1.74269	Pmu = 0.00559	1-Pb  = 0.11184	CLs  = 0.05000
AsymptoticLimits.cc[337] : (in function: getCLs) - At r = 0.305608:	q_mu = 4.95513	q_A  = 1.74255	Pmu = 0.00559	1-Pb  = 0.11183	CLs  = 0.05000
AsymptoticLimits.cc[337] : (in function: getCLs) - At r = 0.305619:	q_mu = 4.95528	q_A  = 1.74264	Pmu = 0.00559	1-Pb  = 0.11183	CLs  = 0.05000
AsymptoticLimits.cc[337] : (in function: getCLs) - At r = 0.305615:	q_mu = 4.95523	q_A  = 1.74261	Pmu = 0.00559	1-Pb  = 0.11183	CLs  = 0.05000
AsymptoticLimits.cc[337] : (in function: getCLs) - At r = 0.305616:	q_mu = 4.95525	q_A  = 1.74262	Pmu = 0.00559	1-Pb  = 0.11183	CLs  = 0.05000
