CascadeMinimizer.cc[188] : (in function: improveOnce) - Minimization configured with Type=Minuit2, Algo=Migrad, strategy=0, tolerance=0.1
CascadeMinimizer.cc[215] : (in function: improveOnce) - Minimization finished with status=0
CascadeMinimizer.cc[219] : (in function: improveOnce) - Minimization success! status=0
ToyMCSamplerOpt.cc[146] : (in function: generateAsimov) - Using internal logic for binned/unbinned Asimov dataset generation
ToyMCSamplerOpt.cc[214] : (in function: generateWithHisto) - Generating asimov with histogram for pdf pdf_binpass_LOW_obsOnly: in 3 x-bins
ToyMCSamplerOpt.cc[215] : (in function: generateWithHisto) -  , in 1 y-bins
ToyMCSamplerOpt.cc[146] : (in function: generateAsimov) - Using internal logic for binned/unbinned Asimov dataset generation
ToyMCSamplerOpt.cc[214] : (in function: generateWithHisto) - Generating asimov with histogram for pdf pdf_binpass_SIG_obsOnly: in 1 x-bins
ToyMCSamplerOpt.cc[215] : (in function: generateWithHisto) -  , in 1 y-bins
ToyMCSamplerOpt.cc[146] : (in function: generateAsimov) - Using internal logic for binned/unbinned Asimov dataset generation
ToyMCSamplerOpt.cc[214] : (in function: generateWithHisto) - Generating asimov with histogram for pdf pdf_binpass_HIGH_obsOnly: in 5 x-bins
ToyMCSamplerOpt.cc[215] : (in function: generateWithHisto) -  , in 1 y-bins
ToyMCSamplerOpt.cc[146] : (in function: generateAsimov) - Using internal logic for binned/unbinned Asimov dataset generation
ToyMCSamplerOpt.cc[214] : (in function: generateWithHisto) - Generating asimov with histogram for pdf pdf_binfail_LOW_obsOnly: in 3 x-bins
ToyMCSamplerOpt.cc[215] : (in function: generateWithHisto) -  , in 1 y-bins
ToyMCSamplerOpt.cc[146] : (in function: generateAsimov) - Using internal logic for binned/unbinned Asimov dataset generation
ToyMCSamplerOpt.cc[214] : (in function: generateWithHisto) - Generating asimov with histogram for pdf pdf_binfail_SIG_obsOnly: in 1 x-bins
ToyMCSamplerOpt.cc[215] : (in function: generateWithHisto) -  , in 1 y-bins
ToyMCSamplerOpt.cc[146] : (in function: generateAsimov) - Using internal logic for binned/unbinned Asimov dataset generation
ToyMCSamplerOpt.cc[214] : (in function: generateWithHisto) - Generating asimov with histogram for pdf pdf_binfail_HIGH_obsOnly: in 5 x-bins
ToyMCSamplerOpt.cc[215] : (in function: generateWithHisto) -  , in 1 y-bins
AsymptoticLimits.cc[428] : (in function: runLimitExpected) - Median for expected limits = 0.267578, Sigma for expected limits = 0.136522
AsymptoticLimits.cc[191] : (in function: runLimit) - NLL at global minimum of data = -924.798 (r=5.88078e-09)
AsymptoticLimits.cc[211] : (in function: runLimit) - NLL at global minimum of asimov = -923.705 (r=1.51798e-08)
AsymptoticLimits.cc[337] : (in function: getCLs) - At r = 1.200000:	q_mu = 24.39134	q_A  = 20.57879	Pmu = 0.00000	1-Pb  = 0.33716	CLs  = 0.00000
AsymptoticLimits.cc[337] : (in function: getCLs) - At r = 0.600000:	q_mu = 13.06121	q_A  = 9.98205	Pmu = 0.00013	1-Pb  = 0.31302	CLs  = 0.00042
AsymptoticLimits.cc[337] : (in function: getCLs) - At r = 0.300000:	q_mu = 6.79461	q_A  = 4.42968	Pmu = 0.00383	1-Pb  = 0.28712	CLs  = 0.01335
AsymptoticLimits.cc[337] : (in function: getCLs) - At r = 0.150000:	q_mu = 3.47441	q_A  = 1.78490	Pmu = 0.02452	1-Pb  = 0.26360	CLs  = 0.09301
AsymptoticLimits.cc[337] : (in function: getCLs) - At r = 0.225000:	q_mu = 5.15108	q_A  = 3.07225	Pmu = 0.00949	1-Pb  = 0.27659	CLs  = 0.03432
AsymptoticLimits.cc[337] : (in function: getCLs) - At r = 0.187357:	q_mu = 4.31394	q_A  = 2.41282	Pmu = 0.01518	1-Pb  = 0.27029	CLs  = 0.05617
AsymptoticLimits.cc[337] : (in function: getCLs) - At r = 0.202004:	q_mu = 4.64066	q_A  = 2.66686	Pmu = 0.01263	1-Pb  = 0.27281	CLs  = 0.04630
AsymptoticLimits.cc[337] : (in function: getCLs) - At r = 0.194413:	q_mu = 4.47146	q_A  = 2.53477	Pmu = 0.01389	1-Pb  = 0.27152	CLs  = 0.05116
AsymptoticLimits.cc[337] : (in function: getCLs) - At r = 0.197330:	q_mu = 4.53649	q_A  = 2.58540	Pmu = 0.01339	1-Pb  = 0.27202	CLs  = 0.04923
AsymptoticLimits.cc[337] : (in function: getCLs) - At r = 0.195810:	q_mu = 4.50258	q_A  = 2.55898	Pmu = 0.01365	1-Pb  = 0.27176	CLs  = 0.05023
AsymptoticLimits.cc[337] : (in function: getCLs) - At r = 0.196394:	q_mu = 4.51558	q_A  = 2.56912	Pmu = 0.01355	1-Pb  = 0.27186	CLs  = 0.04985
AsymptoticLimits.cc[337] : (in function: getCLs) - At r = 0.196090:	q_mu = 4.50879	q_A  = 2.56385	Pmu = 0.01360	1-Pb  = 0.27181	CLs  = 0.05005
AsymptoticLimits.cc[337] : (in function: getCLs) - At r = 0.196207:	q_mu = 4.51140	q_A  = 2.56588	Pmu = 0.01358	1-Pb  = 0.27183	CLs  = 0.04997
AsymptoticLimits.cc[337] : (in function: getCLs) - At r = 0.196147:	q_mu = 4.51004	q_A  = 2.56483	Pmu = 0.01359	1-Pb  = 0.27182	CLs  = 0.05001
AsymptoticLimits.cc[337] : (in function: getCLs) - At r = 0.196170:	q_mu = 4.51056	q_A  = 2.56524	Pmu = 0.01359	1-Pb  = 0.27183	CLs  = 0.04999
AsymptoticLimits.cc[337] : (in function: getCLs) - At r = 0.196158:	q_mu = 4.51029	q_A  = 2.56503	Pmu = 0.01359	1-Pb  = 0.27183	CLs  = 0.05000
AsymptoticLimits.cc[337] : (in function: getCLs) - At r = 0.196163:	q_mu = 4.51039	q_A  = 2.56511	Pmu = 0.01359	1-Pb  = 0.27183	CLs  = 0.05000
AsymptoticLimits.cc[337] : (in function: getCLs) - At r = 0.196161:	q_mu = 4.51034	q_A  = 2.56507	Pmu = 0.01359	1-Pb  = 0.27183	CLs  = 0.05000
