 <<< Combine >>> 
 <<< v10.0.1 >>>
>>> Random number generator seed is 123456
>>> Method used is FitDiagnostics
Set Default Value of Parameter mask_pass_SIG To : 1
Set Default Value of Parameter mask_pass_HIGH To : 1
Set Default Value of Parameter r To : 1
>>> 2 out of 6 channels masked

>> Found 20 floating parameters
>> The following parameters are protected in the event of negative eigenvalues:
>> Parameter CMS_AN23122_Background_rpf_2x0_par2 does not have a valid stencil and will be dropped
>> Verifying eigenvalues are all positive (iteration 0)
Eigenvalue 18 : -0.000224076
 - -0.733626	CMS_AN23122_Background_rpf_2x0_par3
 - 0.675245	CMS_AN23122_Background_rpf_2x0_par0
 - 0.0763999	CMS_AN23122_Background_rpf_2x0_par1
 - -8.39812e-05	CMS_AN23122_Background_fail_LOW_bin_2-1
 - 5.52483e-05	CMS_AN23122_Background_fail_LOW_bin_1-1
>> Attempt 0 failed, remove the variable with largest eigenvector component...
>> Dropping CMS_AN23122_Background_rpf_2x0_par3 from the hessian
>> Verifying eigenvalues are all positive (iteration 1)
>> All eigenvalues are positive
>> Inverting Hessian...
>> Matrix inverted
>> Note: the following parameters were dropped as their ranges are either too narrow or the parameter has no effect on the NLL:
     - CMS_AN23122_Background_rpf_2x0_par2
>> Note: the following parameters were dropped to make the covariance matrix pos-def:
     - CMS_AN23122_Background_rpf_2x0_par3
 Fit B-only, status = 0, numBadNLL = 0, covariance quality = -1
Running Minos for POI r
>> Found 21 floating parameters
>> The following parameters are protected in the event of negative eigenvalues: r
>> Parameter CMS_AN23122_Background_rpf_2x0_par2 does not have a valid stencil and will be dropped
>> Verifying eigenvalues are all positive (iteration 0)
Eigenvalue 18 : -6.62224e-05
 - 0.737999	CMS_AN23122_Background_rpf_2x0_par3
 - -0.670491	CMS_AN23122_Background_rpf_2x0_par0
 - -0.0761374	CMS_AN23122_Background_rpf_2x0_par1
 - -0.00113286	r
 - 0.00112276	CMS_AN23122_Background_fail_HIGH_bin_9-1
Eigenvalue 19 : -0.00744876
 - 0.707123	r
 - -0.674319	CMS_AN23122_Background_fail_HIGH_bin_9-1
 - 0.178715	pT
 - -0.0886563	CMS_AN23122_Background_fail_HIGH_bin_7-1
 - -0.0479264	CMS_AN23122_Background_fail_HIGH_bin_8-1
>> Attempt 0 failed, remove the variable with largest eigenvector component...
>> Dropping CMS_AN23122_Background_fail_HIGH_bin_9-1 from the hessian
>> Verifying eigenvalues are all positive (iteration 1)
Eigenvalue 18 : -6.62433e-05
 - 0.737997	CMS_AN23122_Background_rpf_2x0_par3
 - -0.670491	CMS_AN23122_Background_rpf_2x0_par0
 - -0.0761637	CMS_AN23122_Background_rpf_2x0_par1
 - 9.51074e-05	r
 - 8.41907e-05	CMS_AN23122_Background_fail_LOW_bin_2-1
>> Attempt 1 failed, remove the variable with largest eigenvector component...
>> Dropping CMS_AN23122_Background_rpf_2x0_par3 from the hessian
>> Verifying eigenvalues are all positive (iteration 2)
>> All eigenvalues are positive
>> Inverting Hessian...
>> Matrix inverted
>> Note: the following parameters were dropped as their ranges are either too narrow or the parameter has no effect on the NLL:
     - CMS_AN23122_Background_rpf_2x0_par2
>> Note: the following parameters were dropped to make the covariance matrix pos-def:
     - CMS_AN23122_Background_fail_HIGH_bin_9-1
     - CMS_AN23122_Background_rpf_2x0_par3
Fit S+B, status = 0, numBadNLL = 0, covariance quality = -1

 --- FitDiagnostics ---
Best fit r: 5.14929  -5.14929/+44.8507  (68% CL)
Done in 0.00 min (cpu), 0.00 min (real)
31 log messages saved to combine_logger.out
