CascadeMinimizer.cc[188] : (in function: improveOnce) - Minimization configured with Type=Minuit2, Algo=Migrad, strategy=0, tolerance=0.1
CascadeMinimizer.cc[215] : (in function: improveOnce) - Minimization finished with status=0
CascadeMinimizer.cc[219] : (in function: improveOnce) - Minimization success! status=0
ToyMCSamplerOpt.cc[146] : (in function: generateAsimov) - Using internal logic for binned/unbinned Asimov dataset generation
ToyMCSamplerOpt.cc[214] : (in function: generateWithHisto) - Generating asimov with histogram for pdf pdf_binpass_LOW_obsOnly: in 4 x-bins
ToyMCSamplerOpt.cc[215] : (in function: generateWithHisto) -  , in 1 y-bins
ToyMCSamplerOpt.cc[146] : (in function: generateAsimov) - Using internal logic for binned/unbinned Asimov dataset generation
ToyMCSamplerOpt.cc[214] : (in function: generateWithHisto) - Generating asimov with histogram for pdf pdf_binpass_SIG_obsOnly: in 3 x-bins
ToyMCSamplerOpt.cc[215] : (in function: generateWithHisto) -  , in 1 y-bins
ToyMCSamplerOpt.cc[146] : (in function: generateAsimov) - Using internal logic for binned/unbinned Asimov dataset generation
ToyMCSamplerOpt.cc[214] : (in function: generateWithHisto) - Generating asimov with histogram for pdf pdf_binpass_HIGH_obsOnly: in 7 x-bins
ToyMCSamplerOpt.cc[215] : (in function: generateWithHisto) -  , in 1 y-bins
ToyMCSamplerOpt.cc[146] : (in function: generateAsimov) - Using internal logic for binned/unbinned Asimov dataset generation
ToyMCSamplerOpt.cc[214] : (in function: generateWithHisto) - Generating asimov with histogram for pdf pdf_binfail_LOW_obsOnly: in 4 x-bins
ToyMCSamplerOpt.cc[215] : (in function: generateWithHisto) -  , in 1 y-bins
ToyMCSamplerOpt.cc[146] : (in function: generateAsimov) - Using internal logic for binned/unbinned Asimov dataset generation
ToyMCSamplerOpt.cc[214] : (in function: generateWithHisto) - Generating asimov with histogram for pdf pdf_binfail_SIG_obsOnly: in 3 x-bins
ToyMCSamplerOpt.cc[215] : (in function: generateWithHisto) -  , in 1 y-bins
ToyMCSamplerOpt.cc[146] : (in function: generateAsimov) - Using internal logic for binned/unbinned Asimov dataset generation
ToyMCSamplerOpt.cc[214] : (in function: generateWithHisto) - Generating asimov with histogram for pdf pdf_binfail_HIGH_obsOnly: in 7 x-bins
ToyMCSamplerOpt.cc[215] : (in function: generateWithHisto) -  , in 1 y-bins
AsymptoticLimits.cc[428] : (in function: runLimitExpected) - Median for expected limits = 0.886719, Sigma for expected limits = 0.452416
AsymptoticLimits.cc[191] : (in function: runLimit) - NLL at global minimum of data = -11153.7 (r=1.70327e-08)
AsymptoticLimits.cc[211] : (in function: runLimit) - NLL at global minimum of asimov = -11152.9 (r=7.56699e-06)
AsymptoticLimits.cc[337] : (in function: getCLs) - At r = 1.200000:	q_mu = 6.35992	q_A  = 5.54503	Pmu = 0.00574	1-Pb  = 0.43131	CLs  = 0.01331
AsymptoticLimits.cc[337] : (in function: getCLs) - At r = 0.600000:	q_mu = 3.42281	q_A  = 2.29710	Pmu = 0.02958	1-Pb  = 0.35518	CLs  = 0.08328
AsymptoticLimits.cc[337] : (in function: getCLs) - At r = 0.900000:	q_mu = 4.89508	q_A  = 3.91092	Pmu = 0.01299	1-Pb  = 0.40175	CLs  = 0.03234
AsymptoticLimits.cc[337] : (in function: getCLs) - At r = 0.729455:	q_mu = 4.05874	q_A  = 2.98514	Pmu = 0.02075	1-Pb  = 0.37802	CLs  = 0.05490
AsymptoticLimits.cc[337] : (in function: getCLs) - At r = 0.787661:	q_mu = 4.34436	q_A  = 3.29978	Pmu = 0.01769	1-Pb  = 0.38686	CLs  = 0.04572
AsymptoticLimits.cc[337] : (in function: getCLs) - At r = 0.753243:	q_mu = 4.17564	q_A  = 3.11336	Pmu = 0.01944	1-Pb  = 0.38170	CLs  = 0.05093
AsymptoticLimits.cc[337] : (in function: getCLs) - At r = 0.764811:	q_mu = 4.23224	q_A  = 3.17588	Pmu = 0.01883	1-Pb  = 0.38347	CLs  = 0.04911
AsymptoticLimits.cc[337] : (in function: getCLs) - At r = 0.757921:	q_mu = 4.19847	q_A  = 3.13862	Pmu = 0.01919	1-Pb  = 0.38242	CLs  = 0.05018
AsymptoticLimits.cc[337] : (in function: getCLs) - At r = 0.760238:	q_mu = 4.20980	q_A  = 3.15114	Pmu = 0.01907	1-Pb  = 0.38278	CLs  = 0.04982
AsymptoticLimits.cc[337] : (in function: getCLs) - At r = 0.758861:	q_mu = 4.20305	q_A  = 3.14370	Pmu = 0.01914	1-Pb  = 0.38257	CLs  = 0.05004
AsymptoticLimits.cc[337] : (in function: getCLs) - At r = 0.759326:	q_mu = 4.20532	q_A  = 3.14621	Pmu = 0.01912	1-Pb  = 0.38264	CLs  = 0.04996
AsymptoticLimits.cc[337] : (in function: getCLs) - At r = 0.759051:	q_mu = 4.20397	q_A  = 3.14472	Pmu = 0.01913	1-Pb  = 0.38260	CLs  = 0.05001
AsymptoticLimits.cc[337] : (in function: getCLs) - At r = 0.759145:	q_mu = 4.20456	q_A  = 3.14523	Pmu = 0.01913	1-Pb  = 0.38260	CLs  = 0.04999
AsymptoticLimits.cc[337] : (in function: getCLs) - At r = 0.759103:	q_mu = 4.20427	q_A  = 3.14500	Pmu = 0.01913	1-Pb  = 0.38260	CLs  = 0.05000
AsymptoticLimits.cc[337] : (in function: getCLs) - At r = 0.759086:	q_mu = 4.20416	q_A  = 3.14491	Pmu = 0.01913	1-Pb  = 0.38260	CLs  = 0.05000
AsymptoticLimits.cc[337] : (in function: getCLs) - At r = 0.759093:	q_mu = 4.20418	q_A  = 3.14495	Pmu = 0.01913	1-Pb  = 0.38261	CLs  = 0.05000
AsymptoticLimits.cc[337] : (in function: getCLs) - At r = 0.759098:	q_mu = 4.20420	q_A  = 3.14498	Pmu = 0.01913	1-Pb  = 0.38261	CLs  = 0.05000
