CascadeMinimizer.cc[188] : (in function: improveOnce) - Minimization configured with Type=Minuit2, Algo=Migrad, strategy=0, tolerance=0.1
CascadeMinimizer.cc[215] : (in function: improveOnce) - Minimization finished with status=0
CascadeMinimizer.cc[219] : (in function: improveOnce) - Minimization success! status=0
ToyMCSamplerOpt.cc[146] : (in function: generateAsimov) - Using internal logic for binned/unbinned Asimov dataset generation
ToyMCSamplerOpt.cc[214] : (in function: generateWithHisto) - Generating asimov with histogram for pdf pdf_binpass_LOW_obsOnly: in 3 x-bins
ToyMCSamplerOpt.cc[215] : (in function: generateWithHisto) -  , in 1 y-bins
ToyMCSamplerOpt.cc[146] : (in function: generateAsimov) - Using internal logic for binned/unbinned Asimov dataset generation
ToyMCSamplerOpt.cc[214] : (in function: generateWithHisto) - Generating asimov with histogram for pdf pdf_binpass_SIG_obsOnly: in 1 x-bins
ToyMCSamplerOpt.cc[215] : (in function: generateWithHisto) -  , in 1 y-bins
ToyMCSamplerOpt.cc[146] : (in function: generateAsimov) - Using internal logic for binned/unbinned Asimov dataset generation
ToyMCSamplerOpt.cc[214] : (in function: generateWithHisto) - Generating asimov with histogram for pdf pdf_binpass_HIGH_obsOnly: in 3 x-bins
ToyMCSamplerOpt.cc[215] : (in function: generateWithHisto) -  , in 1 y-bins
ToyMCSamplerOpt.cc[146] : (in function: generateAsimov) - Using internal logic for binned/unbinned Asimov dataset generation
ToyMCSamplerOpt.cc[214] : (in function: generateWithHisto) - Generating asimov with histogram for pdf pdf_binfail_LOW_obsOnly: in 3 x-bins
ToyMCSamplerOpt.cc[215] : (in function: generateWithHisto) -  , in 1 y-bins
ToyMCSamplerOpt.cc[146] : (in function: generateAsimov) - Using internal logic for binned/unbinned Asimov dataset generation
ToyMCSamplerOpt.cc[214] : (in function: generateWithHisto) - Generating asimov with histogram for pdf pdf_binfail_SIG_obsOnly: in 1 x-bins
ToyMCSamplerOpt.cc[215] : (in function: generateWithHisto) -  , in 1 y-bins
ToyMCSamplerOpt.cc[146] : (in function: generateAsimov) - Using internal logic for binned/unbinned Asimov dataset generation
ToyMCSamplerOpt.cc[214] : (in function: generateWithHisto) - Generating asimov with histogram for pdf pdf_binfail_HIGH_obsOnly: in 3 x-bins
ToyMCSamplerOpt.cc[215] : (in function: generateWithHisto) -  , in 1 y-bins
AsymptoticLimits.cc[428] : (in function: runLimitExpected) - Median for expected limits = 0.542969, Sigma for expected limits = 0.27703
AsymptoticLimits.cc[191] : (in function: runLimit) - NLL at global minimum of data = -692.215 (r=8.73204e-07)
AsymptoticLimits.cc[211] : (in function: runLimit) - NLL at global minimum of asimov = -692.241 (r=3.13106e-07)
AsymptoticLimits.cc[337] : (in function: getCLs) - At r = 1.200001:	q_mu = 8.15277	q_A  = 7.17388	Pmu = 0.00211	1-Pb  = 0.42750	CLs  = 0.00494
AsymptoticLimits.cc[337] : (in function: getCLs) - At r = 0.600001:	q_mu = 4.61631	q_A  = 4.16207	Pmu = 0.01572	1-Pb  = 0.45568	CLs  = 0.03450
AsymptoticLimits.cc[337] : (in function: getCLs) - At r = 0.300001:	q_mu = 2.52738	q_A  = 2.32604	Pmu = 0.05579	1-Pb  = 0.47369	CLs  = 0.11778
AsymptoticLimits.cc[337] : (in function: getCLs) - At r = 0.467468:	q_mu = 3.72815	q_A  = 3.38930	Pmu = 0.02662	1-Pb  = 0.46334	CLs  = 0.05744
AsymptoticLimits.cc[337] : (in function: getCLs) - At r = 0.522835:	q_mu = 4.10513	q_A  = 3.71870	Pmu = 0.02125	1-Pb  = 0.46009	CLs  = 0.04619
AsymptoticLimits.cc[337] : (in function: getCLs) - At r = 0.495651:	q_mu = 3.92115	q_A  = 3.55831	Pmu = 0.02371	1-Pb  = 0.46169	CLs  = 0.05136
AsymptoticLimits.cc[337] : (in function: getCLs) - At r = 0.506571:	q_mu = 3.99530	q_A  = 3.62299	Pmu = 0.02268	1-Pb  = 0.46104	CLs  = 0.04920
AsymptoticLimits.cc[337] : (in function: getCLs) - At r = 0.501107:	q_mu = 3.95824	q_A  = 3.59066	Pmu = 0.02319	1-Pb  = 0.46137	CLs  = 0.05027
AsymptoticLimits.cc[337] : (in function: getCLs) - At r = 0.503286:	q_mu = 3.97304	q_A  = 3.60354	Pmu = 0.02299	1-Pb  = 0.46124	CLs  = 0.04984
AsymptoticLimits.cc[337] : (in function: getCLs) - At r = 0.502192:	q_mu = 3.96561	q_A  = 3.59706	Pmu = 0.02309	1-Pb  = 0.46130	CLs  = 0.05005
AsymptoticLimits.cc[337] : (in function: getCLs) - At r = 0.502628:	q_mu = 3.96857	q_A  = 3.59964	Pmu = 0.02305	1-Pb  = 0.46127	CLs  = 0.04997
AsymptoticLimits.cc[337] : (in function: getCLs) - At r = 0.502409:	q_mu = 3.96708	q_A  = 3.59834	Pmu = 0.02307	1-Pb  = 0.46129	CLs  = 0.05001
AsymptoticLimits.cc[337] : (in function: getCLs) - At r = 0.502497:	q_mu = 3.96768	q_A  = 3.59886	Pmu = 0.02306	1-Pb  = 0.46128	CLs  = 0.04999
AsymptoticLimits.cc[337] : (in function: getCLs) - At r = 0.502453:	q_mu = 3.96738	q_A  = 3.59859	Pmu = 0.02307	1-Pb  = 0.46128	CLs  = 0.05000
AsymptoticLimits.cc[337] : (in function: getCLs) - At r = 0.502471:	q_mu = 3.96750	q_A  = 3.59870	Pmu = 0.02306	1-Pb  = 0.46128	CLs  = 0.05000
AsymptoticLimits.cc[337] : (in function: getCLs) - At r = 0.502462:	q_mu = 3.96744	q_A  = 3.59864	Pmu = 0.02306	1-Pb  = 0.46128	CLs  = 0.05000
AsymptoticLimits.cc[337] : (in function: getCLs) - At r = 0.502466:	q_mu = 3.96747	q_A  = 3.59866	Pmu = 0.02306	1-Pb  = 0.46128	CLs  = 0.05000
