CascadeMinimizer.cc[188] : (in function: improveOnce) - Minimization configured with Type=Minuit2, Algo=Migrad, strategy=0, tolerance=0.1
CascadeMinimizer.cc[215] : (in function: improveOnce) - Minimization finished with status=0
CascadeMinimizer.cc[219] : (in function: improveOnce) - Minimization success! status=0
ToyMCSamplerOpt.cc[146] : (in function: generateAsimov) - Using internal logic for binned/unbinned Asimov dataset generation
ToyMCSamplerOpt.cc[214] : (in function: generateWithHisto) - Generating asimov with histogram for pdf pdf_binpass_LOW_obsOnly: in 3 x-bins
ToyMCSamplerOpt.cc[215] : (in function: generateWithHisto) -  , in 1 y-bins
ToyMCSamplerOpt.cc[146] : (in function: generateAsimov) - Using internal logic for binned/unbinned Asimov dataset generation
ToyMCSamplerOpt.cc[214] : (in function: generateWithHisto) - Generating asimov with histogram for pdf pdf_binpass_SIG_obsOnly: in 1 x-bins
ToyMCSamplerOpt.cc[215] : (in function: generateWithHisto) -  , in 1 y-bins
ToyMCSamplerOpt.cc[146] : (in function: generateAsimov) - Using internal logic for binned/unbinned Asimov dataset generation
ToyMCSamplerOpt.cc[214] : (in function: generateWithHisto) - Generating asimov with histogram for pdf pdf_binpass_HIGH_obsOnly: in 3 x-bins
ToyMCSamplerOpt.cc[215] : (in function: generateWithHisto) -  , in 1 y-bins
ToyMCSamplerOpt.cc[146] : (in function: generateAsimov) - Using internal logic for binned/unbinned Asimov dataset generation
ToyMCSamplerOpt.cc[214] : (in function: generateWithHisto) - Generating asimov with histogram for pdf pdf_binfail_LOW_obsOnly: in 3 x-bins
ToyMCSamplerOpt.cc[215] : (in function: generateWithHisto) -  , in 1 y-bins
ToyMCSamplerOpt.cc[146] : (in function: generateAsimov) - Using internal logic for binned/unbinned Asimov dataset generation
ToyMCSamplerOpt.cc[214] : (in function: generateWithHisto) - Generating asimov with histogram for pdf pdf_binfail_SIG_obsOnly: in 1 x-bins
ToyMCSamplerOpt.cc[215] : (in function: generateWithHisto) -  , in 1 y-bins
ToyMCSamplerOpt.cc[146] : (in function: generateAsimov) - Using internal logic for binned/unbinned Asimov dataset generation
ToyMCSamplerOpt.cc[214] : (in function: generateWithHisto) - Generating asimov with histogram for pdf pdf_binfail_HIGH_obsOnly: in 3 x-bins
ToyMCSamplerOpt.cc[215] : (in function: generateWithHisto) -  , in 1 y-bins
AsymptoticLimits.cc[428] : (in function: runLimitExpected) - Median for expected limits = 0.204102, Sigma for expected limits = 0.104135
AsymptoticLimits.cc[191] : (in function: runLimit) - NLL at global minimum of data = -704.105 (r=5.65454e-08)
AsymptoticLimits.cc[211] : (in function: runLimit) - NLL at global minimum of asimov = -704.169 (r=4.49826e-07)
AsymptoticLimits.cc[337] : (in function: getCLs) - At r = 1.200000:	q_mu = 16.01825	q_A  = 15.92292	Pmu = 0.00003	1-Pb  = 0.49523	CLs  = 0.00006
AsymptoticLimits.cc[337] : (in function: getCLs) - At r = 0.600000:	q_mu = 9.55728	q_A  = 9.50123	Pmu = 0.00100	1-Pb  = 0.49637	CLs  = 0.00201
AsymptoticLimits.cc[337] : (in function: getCLs) - At r = 0.300000:	q_mu = 5.40871	q_A  = 5.37993	Pmu = 0.01002	1-Pb  = 0.49753	CLs  = 0.02014
AsymptoticLimits.cc[337] : (in function: getCLs) - At r = 0.150000:	q_mu = 2.92624	q_A  = 2.91226	Pmu = 0.04357	1-Pb  = 0.49837	CLs  = 0.08743
AsymptoticLimits.cc[337] : (in function: getCLs) - At r = 0.225672:	q_mu = 4.22283	q_A  = 4.20122	Pmu = 0.01994	1-Pb  = 0.49790	CLs  = 0.04005
AsymptoticLimits.cc[337] : (in function: getCLs) - At r = 0.193335:	q_mu = 3.68083	q_A  = 3.66239	Pmu = 0.02752	1-Pb  = 0.49808	CLs  = 0.05525
AsymptoticLimits.cc[337] : (in function: getCLs) - At r = 0.207834:	q_mu = 3.92596	q_A  = 3.90608	Pmu = 0.02377	1-Pb  = 0.49799	CLs  = 0.04774
AsymptoticLimits.cc[337] : (in function: getCLs) - At r = 0.201260:	q_mu = 3.81524	q_A  = 3.79600	Pmu = 0.02539	1-Pb  = 0.49803	CLs  = 0.05099
AsymptoticLimits.cc[337] : (in function: getCLs) - At r = 0.204137:	q_mu = 3.86379	q_A  = 3.84427	Pmu = 0.02467	1-Pb  = 0.49801	CLs  = 0.04953
AsymptoticLimits.cc[337] : (in function: getCLs) - At r = 0.202818:	q_mu = 3.84156	q_A  = 3.82214	Pmu = 0.02500	1-Pb  = 0.49802	CLs  = 0.05020
AsymptoticLimits.cc[337] : (in function: getCLs) - At r = 0.203392:	q_mu = 3.85123	q_A  = 3.83176	Pmu = 0.02485	1-Pb  = 0.49802	CLs  = 0.04991
AsymptoticLimits.cc[337] : (in function: getCLs) - At r = 0.203128:	q_mu = 3.84679	q_A  = 3.82734	Pmu = 0.02492	1-Pb  = 0.49802	CLs  = 0.05004
AsymptoticLimits.cc[337] : (in function: getCLs) - At r = 0.203243:	q_mu = 3.84873	q_A  = 3.82926	Pmu = 0.02489	1-Pb  = 0.49802	CLs  = 0.04998
AsymptoticLimits.cc[337] : (in function: getCLs) - At r = 0.203191:	q_mu = 3.84784	q_A  = 3.82837	Pmu = 0.02490	1-Pb  = 0.49802	CLs  = 0.05001
AsymptoticLimits.cc[337] : (in function: getCLs) - At r = 0.203214:	q_mu = 3.84823	q_A  = 3.82876	Pmu = 0.02490	1-Pb  = 0.49802	CLs  = 0.05000
AsymptoticLimits.cc[337] : (in function: getCLs) - At r = 0.203203:	q_mu = 3.84805	q_A  = 3.82858	Pmu = 0.02490	1-Pb  = 0.49802	CLs  = 0.05000
AsymptoticLimits.cc[337] : (in function: getCLs) - At r = 0.203208:	q_mu = 3.84813	q_A  = 3.82865	Pmu = 0.02490	1-Pb  = 0.49801	CLs  = 0.05000
AsymptoticLimits.cc[337] : (in function: getCLs) - At r = 0.203206:	q_mu = 3.84809	q_A  = 3.82862	Pmu = 0.02490	1-Pb  = 0.49801	CLs  = 0.05000
