 <<< Combine >>> 
 <<< v10.0.1 >>>
>>> Random number generator seed is 123456
>>> Method used is FitDiagnostics
Set Default Value of Parameter r To : 1
>>> 0 out of 6 channels masked

>> Found 15 floating parameters
>> The following parameters are protected in the event of negative eigenvalues:
>> Verifying eigenvalues are all positive (iteration 0)
Eigenvalue 14 : -0.00147007
 - 0.71637	CMS_EXO26004_Background_rpf_2x0_par3
 - -0.580966	CMS_EXO26004_Background_rpf_2x0_par1
 - -0.342917	CMS_EXO26004_Background_rpf_2x0_par0
 - 0.178048	CMS_EXO26004_Background_rpf_2x0_par2
 - -9.79632e-05	CMS_EXO26004_Background_fail_HIGH_bin_1-1
>> Attempt 0 failed, remove the variable with largest eigenvector component...
>> Dropping CMS_EXO26004_Background_rpf_2x0_par3 from the hessian
>> Verifying eigenvalues are all positive (iteration 1)
>> All eigenvalues are positive
>> Inverting Hessian...
>> Matrix inverted
>> Note: the following parameters were dropped to make the covariance matrix pos-def:
     - CMS_EXO26004_Background_rpf_2x0_par3
 Fit B-only, status = 0, numBadNLL = 0, covariance quality = -1
Running Minos for POI r
>> Found 16 floating parameters
>> The following parameters are protected in the event of negative eigenvalues: r
>> Parameter r does not have a valid stencil and will be dropped
>> Verifying eigenvalues are all positive (iteration 0)
Eigenvalue 14 : -0.00149979
 - -0.717035	CMS_EXO26004_Background_rpf_2x0_par3
 - 0.577656	CMS_EXO26004_Background_rpf_2x0_par1
 - 0.342013	CMS_EXO26004_Background_rpf_2x0_par0
 - -0.18762	CMS_EXO26004_Background_rpf_2x0_par2
 - 0.000103692	CMS_EXO26004_Background_fail_HIGH_bin_1-1
>> Attempt 0 failed, remove the variable with largest eigenvector component...
>> Dropping CMS_EXO26004_Background_rpf_2x0_par3 from the hessian
>> Verifying eigenvalues are all positive (iteration 1)
>> All eigenvalues are positive
>> Inverting Hessian...
>> Matrix inverted
>> Note: the following parameters were dropped as their ranges are either too narrow or the parameter has no effect on the NLL:
     - r
>> Note: the following parameters were dropped to make the covariance matrix pos-def:
     - CMS_EXO26004_Background_rpf_2x0_par3
Fit S+B, status = 0, numBadNLL = 0, covariance quality = -1

 --- FitDiagnostics ---
Done! s+b fit and b-only fit should be identical
Done in 0.00 min (cpu), 0.00 min (real)
21 log messages saved to combine_logger.out
