CascadeMinimizer.cc[188] : (in function: improveOnce) - Minimization configured with Type=Minuit2, Algo=Migrad, strategy=0, tolerance=0.1
CascadeMinimizer.cc[215] : (in function: improveOnce) - Minimization finished with status=0
CascadeMinimizer.cc[219] : (in function: improveOnce) - Minimization success! status=0
ToyMCSamplerOpt.cc[146] : (in function: generateAsimov) - Using internal logic for binned/unbinned Asimov dataset generation
ToyMCSamplerOpt.cc[214] : (in function: generateWithHisto) - Generating asimov with histogram for pdf pdf_binpass_LOW_obsOnly: in 3 x-bins
ToyMCSamplerOpt.cc[215] : (in function: generateWithHisto) -  , in 1 y-bins
ToyMCSamplerOpt.cc[146] : (in function: generateAsimov) - Using internal logic for binned/unbinned Asimov dataset generation
ToyMCSamplerOpt.cc[214] : (in function: generateWithHisto) - Generating asimov with histogram for pdf pdf_binpass_SIG_obsOnly: in 1 x-bins
ToyMCSamplerOpt.cc[215] : (in function: generateWithHisto) -  , in 1 y-bins
ToyMCSamplerOpt.cc[146] : (in function: generateAsimov) - Using internal logic for binned/unbinned Asimov dataset generation
ToyMCSamplerOpt.cc[214] : (in function: generateWithHisto) - Generating asimov with histogram for pdf pdf_binpass_HIGH_obsOnly: in 5 x-bins
ToyMCSamplerOpt.cc[215] : (in function: generateWithHisto) -  , in 1 y-bins
ToyMCSamplerOpt.cc[146] : (in function: generateAsimov) - Using internal logic for binned/unbinned Asimov dataset generation
ToyMCSamplerOpt.cc[214] : (in function: generateWithHisto) - Generating asimov with histogram for pdf pdf_binfail_LOW_obsOnly: in 3 x-bins
ToyMCSamplerOpt.cc[215] : (in function: generateWithHisto) -  , in 1 y-bins
ToyMCSamplerOpt.cc[146] : (in function: generateAsimov) - Using internal logic for binned/unbinned Asimov dataset generation
ToyMCSamplerOpt.cc[214] : (in function: generateWithHisto) - Generating asimov with histogram for pdf pdf_binfail_SIG_obsOnly: in 1 x-bins
ToyMCSamplerOpt.cc[215] : (in function: generateWithHisto) -  , in 1 y-bins
ToyMCSamplerOpt.cc[146] : (in function: generateAsimov) - Using internal logic for binned/unbinned Asimov dataset generation
ToyMCSamplerOpt.cc[214] : (in function: generateWithHisto) - Generating asimov with histogram for pdf pdf_binfail_HIGH_obsOnly: in 5 x-bins
ToyMCSamplerOpt.cc[215] : (in function: generateWithHisto) -  , in 1 y-bins
AsymptoticLimits.cc[428] : (in function: runLimitExpected) - Median for expected limits = 0.886719, Sigma for expected limits = 0.452416
AsymptoticLimits.cc[191] : (in function: runLimit) - NLL at global minimum of data = -783.929 (r=1.37023)
AsymptoticLimits.cc[211] : (in function: runLimit) - NLL at global minimum of asimov = -778.956 (r=0.00307629)
AsymptoticLimits.cc[337] : (in function: getCLs) - At r = 2.600466:	q_mu = 5.61960	q_A  = 21.27112	Pmu = 0.00888	1-Pb  = 0.98750	CLs  = 0.00899
AsymptoticLimits.cc[337] : (in function: getCLs) - At r = 1.985347:	q_mu = 1.65893	q_A  = 14.27575	Pmu = 0.09887	1-Pb  = 0.99362	CLs  = 0.09951
AsymptoticLimits.cc[337] : (in function: getCLs) - At r = 2.292906:	q_mu = 3.43591	q_A  = 17.72063	Pmu = 0.03190	1-Pb  = 0.99076	CLs  = 0.03219
AsymptoticLimits.cc[337] : (in function: getCLs) - At r = 2.135405:	q_mu = 2.46625	q_A  = 15.93154	Pmu = 0.05816	1-Pb  = 0.99226	CLs  = 0.05861
AsymptoticLimits.cc[337] : (in function: getCLs) - At r = 2.200323:	q_mu = 2.85190	q_A  = 16.66217	Pmu = 0.04563	1-Pb  = 0.99165	CLs  = 0.04602
AsymptoticLimits.cc[337] : (in function: getCLs) - At r = 2.169520:	q_mu = 2.66633	q_A  = 16.31443	Pmu = 0.05125	1-Pb  = 0.99194	CLs  = 0.05166
AsymptoticLimits.cc[337] : (in function: getCLs) - At r = 2.182647:	q_mu = 2.74486	q_A  = 16.46239	Pmu = 0.04878	1-Pb  = 0.99182	CLs  = 0.04919
AsymptoticLimits.cc[337] : (in function: getCLs) - At r = 2.176513:	q_mu = 2.70805	q_A  = 16.39320	Pmu = 0.04992	1-Pb  = 0.99187	CLs  = 0.05033
AsymptoticLimits.cc[337] : (in function: getCLs) - At r = 2.179145:	q_mu = 2.72382	q_A  = 16.42286	Pmu = 0.04943	1-Pb  = 0.99185	CLs  = 0.04984
AsymptoticLimits.cc[337] : (in function: getCLs) - At r = 2.177920:	q_mu = 2.71647	q_A  = 16.40904	Pmu = 0.04966	1-Pb  = 0.99186	CLs  = 0.05007
AsymptoticLimits.cc[337] : (in function: getCLs) - At r = 2.178447:	q_mu = 2.71963	q_A  = 16.41498	Pmu = 0.04956	1-Pb  = 0.99186	CLs  = 0.04997
AsymptoticLimits.cc[337] : (in function: getCLs) - At r = 2.178203:	q_mu = 2.71816	q_A  = 16.41221	Pmu = 0.04961	1-Pb  = 0.99186	CLs  = 0.05001
AsymptoticLimits.cc[337] : (in function: getCLs) - At r = 2.178308:	q_mu = 2.71879	q_A  = 16.41339	Pmu = 0.04959	1-Pb  = 0.99186	CLs  = 0.04999
AsymptoticLimits.cc[337] : (in function: getCLs) - At r = 2.178259:	q_mu = 2.71851	q_A  = 16.41283	Pmu = 0.04960	1-Pb  = 0.99186	CLs  = 0.05000
AsymptoticLimits.cc[337] : (in function: getCLs) - At r = 2.178280:	q_mu = 2.71862	q_A  = 16.41304	Pmu = 0.04959	1-Pb  = 0.99186	CLs  = 0.05000
AsymptoticLimits.cc[337] : (in function: getCLs) - At r = 2.178271:	q_mu = 2.71857	q_A  = 16.41292	Pmu = 0.04959	1-Pb  = 0.99186	CLs  = 0.05000
