CascadeMinimizer.cc[188] : (in function: improveOnce) - Minimization configured with Type=Minuit2, Algo=Migrad, strategy=0, tolerance=0.1
CascadeMinimizer.cc[215] : (in function: improveOnce) - Minimization finished with status=0
CascadeMinimizer.cc[219] : (in function: improveOnce) - Minimization success! status=0
ToyMCSamplerOpt.cc[146] : (in function: generateAsimov) - Using internal logic for binned/unbinned Asimov dataset generation
ToyMCSamplerOpt.cc[214] : (in function: generateWithHisto) - Generating asimov with histogram for pdf pdf_binpass_LOW_obsOnly: in 2 x-bins
ToyMCSamplerOpt.cc[215] : (in function: generateWithHisto) -  , in 1 y-bins
ToyMCSamplerOpt.cc[146] : (in function: generateAsimov) - Using internal logic for binned/unbinned Asimov dataset generation
ToyMCSamplerOpt.cc[214] : (in function: generateWithHisto) - Generating asimov with histogram for pdf pdf_binpass_SIG_obsOnly: in 1 x-bins
ToyMCSamplerOpt.cc[215] : (in function: generateWithHisto) -  , in 1 y-bins
ToyMCSamplerOpt.cc[146] : (in function: generateAsimov) - Using internal logic for binned/unbinned Asimov dataset generation
ToyMCSamplerOpt.cc[214] : (in function: generateWithHisto) - Generating asimov with histogram for pdf pdf_binpass_HIGH_obsOnly: in 9 x-bins
ToyMCSamplerOpt.cc[215] : (in function: generateWithHisto) -  , in 1 y-bins
ToyMCSamplerOpt.cc[146] : (in function: generateAsimov) - Using internal logic for binned/unbinned Asimov dataset generation
ToyMCSamplerOpt.cc[214] : (in function: generateWithHisto) - Generating asimov with histogram for pdf pdf_binfail_LOW_obsOnly: in 2 x-bins
ToyMCSamplerOpt.cc[215] : (in function: generateWithHisto) -  , in 1 y-bins
ToyMCSamplerOpt.cc[146] : (in function: generateAsimov) - Using internal logic for binned/unbinned Asimov dataset generation
ToyMCSamplerOpt.cc[214] : (in function: generateWithHisto) - Generating asimov with histogram for pdf pdf_binfail_SIG_obsOnly: in 1 x-bins
ToyMCSamplerOpt.cc[215] : (in function: generateWithHisto) -  , in 1 y-bins
ToyMCSamplerOpt.cc[146] : (in function: generateAsimov) - Using internal logic for binned/unbinned Asimov dataset generation
ToyMCSamplerOpt.cc[214] : (in function: generateWithHisto) - Generating asimov with histogram for pdf pdf_binfail_HIGH_obsOnly: in 9 x-bins
ToyMCSamplerOpt.cc[215] : (in function: generateWithHisto) -  , in 1 y-bins
AsymptoticLimits.cc[428] : (in function: runLimitExpected) - Median for expected limits = 0.302734, Sigma for expected limits = 0.154459
AsymptoticLimits.cc[191] : (in function: runLimit) - NLL at global minimum of data = -836.214 (r=5.08748e-09)
AsymptoticLimits.cc[211] : (in function: runLimit) - NLL at global minimum of asimov = -834.402 (r=7.65918e-06)
AsymptoticLimits.cc[337] : (in function: getCLs) - At r = 1.200000:	q_mu = 24.78839	q_A  = 19.29224	Pmu = 0.00000	1-Pb  = 0.26577	CLs  = 0.00000
AsymptoticLimits.cc[337] : (in function: getCLs) - At r = 0.600000:	q_mu = 13.26243	q_A  = 8.96498	Pmu = 0.00010	1-Pb  = 0.23649	CLs  = 0.00044
AsymptoticLimits.cc[337] : (in function: getCLs) - At r = 0.300000:	q_mu = 6.89601	q_A  = 3.79589	Pmu = 0.00304	1-Pb  = 0.21313	CLs  = 0.01424
AsymptoticLimits.cc[337] : (in function: getCLs) - At r = 0.150000:	q_mu = 3.52436	q_A  = 1.47037	Pmu = 0.01972	1-Pb  = 0.19851	CLs  = 0.09935
AsymptoticLimits.cc[337] : (in function: getCLs) - At r = 0.225000:	q_mu = 5.22681	q_A  = 2.58832	Pmu = 0.00757	1-Pb  = 0.20611	CLs  = 0.03675
AsymptoticLimits.cc[337] : (in function: getCLs) - At r = 0.191421:	q_mu = 4.46890	q_A  = 2.07321	Pmu = 0.01155	1-Pb  = 0.20273	CLs  = 0.05697
AsymptoticLimits.cc[337] : (in function: getCLs) - At r = 0.206134:	q_mu = 4.80164	q_A  = 2.29639	Pmu = 0.00959	1-Pb  = 0.20423	CLs  = 0.04696
AsymptoticLimits.cc[337] : (in function: getCLs) - At r = 0.199371:	q_mu = 4.64862	q_A  = 2.19329	Pmu = 0.01045	1-Pb  = 0.20357	CLs  = 0.05132
AsymptoticLimits.cc[337] : (in function: getCLs) - At r = 0.202307:	q_mu = 4.71480	q_A  = 2.23788	Pmu = 0.01007	1-Pb  = 0.20387	CLs  = 0.04938
AsymptoticLimits.cc[337] : (in function: getCLs) - At r = 0.200958:	q_mu = 4.68072	q_A  = 2.21729	Pmu = 0.01027	1-Pb  = 0.20407	CLs  = 0.05034
AsymptoticLimits.cc[337] : (in function: getCLs) - At r = 0.201608:	q_mu = 4.69540	q_A  = 2.22775	Pmu = 0.01019	1-Pb  = 0.20422	CLs  = 0.04991
AsymptoticLimits.cc[337] : (in function: getCLs) - At r = 0.201365:	q_mu = 4.68990	q_A  = 2.22394	Pmu = 0.01022	1-Pb  = 0.20418	CLs  = 0.05007
AsymptoticLimits.cc[337] : (in function: getCLs) - At r = 0.201494:	q_mu = 4.69283	q_A  = 2.22583	Pmu = 0.01021	1-Pb  = 0.20418	CLs  = 0.04998
AsymptoticLimits.cc[337] : (in function: getCLs) - At r = 0.201447:	q_mu = 4.69176	q_A  = 2.22506	Pmu = 0.01021	1-Pb  = 0.20417	CLs  = 0.05001
AsymptoticLimits.cc[337] : (in function: getCLs) - At r = 0.201474:	q_mu = 4.69236	q_A  = 2.22603	Pmu = 0.01021	1-Pb  = 0.20425	CLs  = 0.04999
AsymptoticLimits.cc[337] : (in function: getCLs) - At r = 0.201460:	q_mu = 4.69205	q_A  = 2.22383	Pmu = 0.01020	1-Pb  = 0.20396	CLs  = 0.05002
AsymptoticLimits.cc[337] : (in function: getCLs) - At r = 0.201468:	q_mu = 4.69223	q_A  = 2.22394	Pmu = 0.01020	1-Pb  = 0.20396	CLs  = 0.05002
AsymptoticLimits.cc[337] : (in function: getCLs) - At r = 0.201471:	q_mu = 4.69230	q_A  = 2.22399	Pmu = 0.01020	1-Pb  = 0.20396	CLs  = 0.05002
