CascadeMinimizer.cc[188] : (in function: improveOnce) - Minimization configured with Type=Minuit2, Algo=Migrad, strategy=0, tolerance=0.1
CascadeMinimizer.cc[215] : (in function: improveOnce) - Minimization finished with status=0
CascadeMinimizer.cc[219] : (in function: improveOnce) - Minimization success! status=0
ToyMCSamplerOpt.cc[146] : (in function: generateAsimov) - Using internal logic for binned/unbinned Asimov dataset generation
ToyMCSamplerOpt.cc[214] : (in function: generateWithHisto) - Generating asimov with histogram for pdf pdf_binpass_LOW_obsOnly: in 4 x-bins
ToyMCSamplerOpt.cc[215] : (in function: generateWithHisto) -  , in 1 y-bins
ToyMCSamplerOpt.cc[146] : (in function: generateAsimov) - Using internal logic for binned/unbinned Asimov dataset generation
ToyMCSamplerOpt.cc[214] : (in function: generateWithHisto) - Generating asimov with histogram for pdf pdf_binpass_SIG_obsOnly: in 3 x-bins
ToyMCSamplerOpt.cc[215] : (in function: generateWithHisto) -  , in 1 y-bins
ToyMCSamplerOpt.cc[146] : (in function: generateAsimov) - Using internal logic for binned/unbinned Asimov dataset generation
ToyMCSamplerOpt.cc[214] : (in function: generateWithHisto) - Generating asimov with histogram for pdf pdf_binpass_HIGH_obsOnly: in 7 x-bins
ToyMCSamplerOpt.cc[215] : (in function: generateWithHisto) -  , in 1 y-bins
ToyMCSamplerOpt.cc[146] : (in function: generateAsimov) - Using internal logic for binned/unbinned Asimov dataset generation
ToyMCSamplerOpt.cc[214] : (in function: generateWithHisto) - Generating asimov with histogram for pdf pdf_binfail_LOW_obsOnly: in 4 x-bins
ToyMCSamplerOpt.cc[215] : (in function: generateWithHisto) -  , in 1 y-bins
ToyMCSamplerOpt.cc[146] : (in function: generateAsimov) - Using internal logic for binned/unbinned Asimov dataset generation
ToyMCSamplerOpt.cc[214] : (in function: generateWithHisto) - Generating asimov with histogram for pdf pdf_binfail_SIG_obsOnly: in 3 x-bins
ToyMCSamplerOpt.cc[215] : (in function: generateWithHisto) -  , in 1 y-bins
ToyMCSamplerOpt.cc[146] : (in function: generateAsimov) - Using internal logic for binned/unbinned Asimov dataset generation
ToyMCSamplerOpt.cc[214] : (in function: generateWithHisto) - Generating asimov with histogram for pdf pdf_binfail_HIGH_obsOnly: in 7 x-bins
ToyMCSamplerOpt.cc[215] : (in function: generateWithHisto) -  , in 1 y-bins
AsymptoticLimits.cc[428] : (in function: runLimitExpected) - Median for expected limits = 0.671875, Sigma for expected limits = 0.3428
AsymptoticLimits.cc[191] : (in function: runLimit) - NLL at global minimum of data = -11147.5 (r=5.44301e-07)
AsymptoticLimits.cc[211] : (in function: runLimit) - NLL at global minimum of asimov = -11146.7 (r=2.80542e-06)
AsymptoticLimits.cc[337] : (in function: getCLs) - At r = 1.200001:	q_mu = 11.56027	q_A  = 7.09128	Pmu = 0.00023	1-Pb  = 0.20070	CLs  = 0.00115
AsymptoticLimits.cc[337] : (in function: getCLs) - At r = 0.600001:	q_mu = 6.72411	q_A  = 3.37346	Pmu = 0.00299	1-Pb  = 0.18085	CLs  = 0.01654
AsymptoticLimits.cc[337] : (in function: getCLs) - At r = 0.300001:	q_mu = 3.72175	q_A  = 1.40853	Pmu = 0.01533	1-Pb  = 0.16489	CLs  = 0.09299
AsymptoticLimits.cc[337] : (in function: getCLs) - At r = 0.446228:	q_mu = 5.25208	q_A  = 2.36079	Pmu = 0.00662	1-Pb  = 0.17338	CLs  = 0.03817
AsymptoticLimits.cc[337] : (in function: getCLs) - At r = 0.381513:	q_mu = 4.59233	q_A  = 1.93438	Pmu = 0.00948	1-Pb  = 0.16965	CLs  = 0.05587
AsymptoticLimits.cc[337] : (in function: getCLs) - At r = 0.409545:	q_mu = 4.88130	q_A  = 2.11857	Pmu = 0.00810	1-Pb  = 0.17130	CLs  = 0.04726
AsymptoticLimits.cc[337] : (in function: getCLs) - At r = 0.396389:	q_mu = 4.74631	q_A  = 2.03202	Pmu = 0.00871	1-Pb  = 0.17053	CLs  = 0.05110
AsymptoticLimits.cc[337] : (in function: getCLs) - At r = 0.401950:	q_mu = 4.80350	q_A  = 2.06858	Pmu = 0.00845	1-Pb  = 0.17086	CLs  = 0.04943
AsymptoticLimits.cc[337] : (in function: getCLs) - At r = 0.399311:	q_mu = 4.77638	q_A  = 2.05122	Pmu = 0.00857	1-Pb  = 0.17070	CLs  = 0.05022
AsymptoticLimits.cc[337] : (in function: getCLs) - At r = 0.400422:	q_mu = 4.78779	q_A  = 2.05852	Pmu = 0.00852	1-Pb  = 0.17077	CLs  = 0.04989
AsymptoticLimits.cc[337] : (in function: getCLs) - At r = 0.399894:	q_mu = 4.78237	q_A  = 2.05505	Pmu = 0.00854	1-Pb  = 0.17074	CLs  = 0.05004
AsymptoticLimits.cc[337] : (in function: getCLs) - At r = 0.400116:	q_mu = 4.78465	q_A  = 2.05651	Pmu = 0.00853	1-Pb  = 0.17075	CLs  = 0.04998
AsymptoticLimits.cc[337] : (in function: getCLs) - At r = 0.400010:	q_mu = 4.78365	q_A  = 2.05584	Pmu = 0.00854	1-Pb  = 0.17074	CLs  = 0.05001
AsymptoticLimits.cc[337] : (in function: getCLs) - At r = 0.400050:	q_mu = 4.78400	q_A  = 2.05609	Pmu = 0.00854	1-Pb  = 0.17075	CLs  = 0.05000
AsymptoticLimits.cc[337] : (in function: getCLs) - At r = 0.400030:	q_mu = 4.78378	q_A  = 2.05599	Pmu = 0.00854	1-Pb  = 0.17075	CLs  = 0.05000
AsymptoticLimits.cc[337] : (in function: getCLs) - At r = 0.400040:	q_mu = 4.78387	q_A  = 2.05602	Pmu = 0.00854	1-Pb  = 0.17075	CLs  = 0.05000
AsymptoticLimits.cc[337] : (in function: getCLs) - At r = 0.400037:	q_mu = 4.78384	q_A  = 2.05600	Pmu = 0.00854	1-Pb  = 0.17075	CLs  = 0.05000
