CascadeMinimizer.cc[188] : (in function: improveOnce) - Minimization configured with Type=Minuit2, Algo=Migrad, strategy=0, tolerance=0.1
CascadeMinimizer.cc[215] : (in function: improveOnce) - Minimization finished with status=0
CascadeMinimizer.cc[219] : (in function: improveOnce) - Minimization success! status=0
ToyMCSamplerOpt.cc[146] : (in function: generateAsimov) - Using internal logic for binned/unbinned Asimov dataset generation
ToyMCSamplerOpt.cc[214] : (in function: generateWithHisto) - Generating asimov with histogram for pdf pdf_binpass_LOW_obsOnly: in 3 x-bins
ToyMCSamplerOpt.cc[215] : (in function: generateWithHisto) -  , in 1 y-bins
ToyMCSamplerOpt.cc[146] : (in function: generateAsimov) - Using internal logic for binned/unbinned Asimov dataset generation
ToyMCSamplerOpt.cc[214] : (in function: generateWithHisto) - Generating asimov with histogram for pdf pdf_binpass_SIG_obsOnly: in 1 x-bins
ToyMCSamplerOpt.cc[215] : (in function: generateWithHisto) -  , in 1 y-bins
ToyMCSamplerOpt.cc[146] : (in function: generateAsimov) - Using internal logic for binned/unbinned Asimov dataset generation
ToyMCSamplerOpt.cc[214] : (in function: generateWithHisto) - Generating asimov with histogram for pdf pdf_binpass_HIGH_obsOnly: in 5 x-bins
ToyMCSamplerOpt.cc[215] : (in function: generateWithHisto) -  , in 1 y-bins
ToyMCSamplerOpt.cc[146] : (in function: generateAsimov) - Using internal logic for binned/unbinned Asimov dataset generation
ToyMCSamplerOpt.cc[214] : (in function: generateWithHisto) - Generating asimov with histogram for pdf pdf_binfail_LOW_obsOnly: in 3 x-bins
ToyMCSamplerOpt.cc[215] : (in function: generateWithHisto) -  , in 1 y-bins
ToyMCSamplerOpt.cc[146] : (in function: generateAsimov) - Using internal logic for binned/unbinned Asimov dataset generation
ToyMCSamplerOpt.cc[214] : (in function: generateWithHisto) - Generating asimov with histogram for pdf pdf_binfail_SIG_obsOnly: in 1 x-bins
ToyMCSamplerOpt.cc[215] : (in function: generateWithHisto) -  , in 1 y-bins
ToyMCSamplerOpt.cc[146] : (in function: generateAsimov) - Using internal logic for binned/unbinned Asimov dataset generation
ToyMCSamplerOpt.cc[214] : (in function: generateWithHisto) - Generating asimov with histogram for pdf pdf_binfail_HIGH_obsOnly: in 5 x-bins
ToyMCSamplerOpt.cc[215] : (in function: generateWithHisto) -  , in 1 y-bins
AsymptoticLimits.cc[428] : (in function: runLimitExpected) - Median for expected limits = 0.464844, Sigma for expected limits = 0.23717
AsymptoticLimits.cc[191] : (in function: runLimit) - NLL at global minimum of data = -49.4475 (r=1.35123e-07)
AsymptoticLimits.cc[211] : (in function: runLimit) - NLL at global minimum of asimov = -49.4263 (r=4.21173e-07)
AsymptoticLimits.cc[337] : (in function: getCLs) - At r = 1.200000:	q_mu = 9.22368	q_A  = 10.95013	Pmu = 0.00119	1-Pb  = 0.60721	CLs  = 0.00197
AsymptoticLimits.cc[337] : (in function: getCLs) - At r = 0.600000:	q_mu = 5.31744	q_A  = 4.87393	Pmu = 0.01050	1-Pb  = 0.45999	CLs  = 0.02282
AsymptoticLimits.cc[337] : (in function: getCLs) - At r = 0.300000:	q_mu = 2.62193	q_A  = 2.54589	Pmu = 0.05268	1-Pb  = 0.49049	CLs  = 0.10740
AsymptoticLimits.cc[337] : (in function: getCLs) - At r = 0.478451:	q_mu = 4.06011	q_A  = 3.95129	Pmu = 0.02194	1-Pb  = 0.48908	CLs  = 0.04487
AsymptoticLimits.cc[337] : (in function: getCLs) - At r = 0.425047:	q_mu = 3.63749	q_A  = 3.53730	Pmu = 0.02823	1-Pb  = 0.48938	CLs  = 0.05769
AsymptoticLimits.cc[337] : (in function: getCLs) - At r = 0.449368:	q_mu = 3.83053	q_A  = 3.72648	Pmu = 0.02515	1-Pb  = 0.48925	CLs  = 0.05141
AsymptoticLimits.cc[337] : (in function: getCLs) - At r = 0.459940:	q_mu = 3.91401	q_A  = 3.80837	Pmu = 0.02393	1-Pb  = 0.48920	CLs  = 0.04892
AsymptoticLimits.cc[337] : (in function: getCLs) - At r = 0.454107:	q_mu = 3.86791	q_A  = 3.76322	Pmu = 0.02460	1-Pb  = 0.48924	CLs  = 0.05028
AsymptoticLimits.cc[337] : (in function: getCLs) - At r = 0.456221:	q_mu = 3.88460	q_A  = 3.77959	Pmu = 0.02435	1-Pb  = 0.48923	CLs  = 0.04978
AsymptoticLimits.cc[337] : (in function: getCLs) - At r = 0.455055:	q_mu = 3.87536	q_A  = 3.77056	Pmu = 0.02449	1-Pb  = 0.48924	CLs  = 0.05006
AsymptoticLimits.cc[337] : (in function: getCLs) - At r = 0.455479:	q_mu = 3.87870	q_A  = 3.77384	Pmu = 0.02444	1-Pb  = 0.48923	CLs  = 0.04996
AsymptoticLimits.cc[337] : (in function: getCLs) - At r = 0.455247:	q_mu = 3.87685	q_A  = 3.77204	Pmu = 0.02447	1-Pb  = 0.48924	CLs  = 0.05001
AsymptoticLimits.cc[337] : (in function: getCLs) - At r = 0.455333:	q_mu = 3.87751	q_A  = 3.77271	Pmu = 0.02446	1-Pb  = 0.48924	CLs  = 0.04999
AsymptoticLimits.cc[337] : (in function: getCLs) - At r = 0.455287:	q_mu = 3.87714	q_A  = 3.77236	Pmu = 0.02446	1-Pb  = 0.48924	CLs  = 0.05000
AsymptoticLimits.cc[337] : (in function: getCLs) - At r = 0.455306:	q_mu = 3.87727	q_A  = 3.77250	Pmu = 0.02446	1-Pb  = 0.48924	CLs  = 0.05000
AsymptoticLimits.cc[337] : (in function: getCLs) - At r = 0.455298:	q_mu = 3.87719	q_A  = 3.77243	Pmu = 0.02446	1-Pb  = 0.48924	CLs  = 0.05000
AsymptoticLimits.cc[337] : (in function: getCLs) - At r = 0.455302:	q_mu = 3.87721	q_A  = 3.77247	Pmu = 0.02446	1-Pb  = 0.48924	CLs  = 0.05000
