CascadeMinimizer.cc[188] : (in function: improveOnce) - Minimization configured with Type=Minuit2, Algo=Migrad, strategy=0, tolerance=0.1
CascadeMinimizer.cc[215] : (in function: improveOnce) - Minimization finished with status=0
CascadeMinimizer.cc[219] : (in function: improveOnce) - Minimization success! status=0
ToyMCSamplerOpt.cc[146] : (in function: generateAsimov) - Using internal logic for binned/unbinned Asimov dataset generation
ToyMCSamplerOpt.cc[214] : (in function: generateWithHisto) - Generating asimov with histogram for pdf pdf_binpass_LOW_obsOnly: in 3 x-bins
ToyMCSamplerOpt.cc[215] : (in function: generateWithHisto) -  , in 1 y-bins
ToyMCSamplerOpt.cc[146] : (in function: generateAsimov) - Using internal logic for binned/unbinned Asimov dataset generation
ToyMCSamplerOpt.cc[214] : (in function: generateWithHisto) - Generating asimov with histogram for pdf pdf_binpass_SIG_obsOnly: in 1 x-bins
ToyMCSamplerOpt.cc[215] : (in function: generateWithHisto) -  , in 1 y-bins
ToyMCSamplerOpt.cc[146] : (in function: generateAsimov) - Using internal logic for binned/unbinned Asimov dataset generation
ToyMCSamplerOpt.cc[214] : (in function: generateWithHisto) - Generating asimov with histogram for pdf pdf_binpass_HIGH_obsOnly: in 5 x-bins
ToyMCSamplerOpt.cc[215] : (in function: generateWithHisto) -  , in 1 y-bins
ToyMCSamplerOpt.cc[146] : (in function: generateAsimov) - Using internal logic for binned/unbinned Asimov dataset generation
ToyMCSamplerOpt.cc[214] : (in function: generateWithHisto) - Generating asimov with histogram for pdf pdf_binfail_LOW_obsOnly: in 3 x-bins
ToyMCSamplerOpt.cc[215] : (in function: generateWithHisto) -  , in 1 y-bins
ToyMCSamplerOpt.cc[146] : (in function: generateAsimov) - Using internal logic for binned/unbinned Asimov dataset generation
ToyMCSamplerOpt.cc[214] : (in function: generateWithHisto) - Generating asimov with histogram for pdf pdf_binfail_SIG_obsOnly: in 1 x-bins
ToyMCSamplerOpt.cc[215] : (in function: generateWithHisto) -  , in 1 y-bins
ToyMCSamplerOpt.cc[146] : (in function: generateAsimov) - Using internal logic for binned/unbinned Asimov dataset generation
ToyMCSamplerOpt.cc[214] : (in function: generateWithHisto) - Generating asimov with histogram for pdf pdf_binfail_HIGH_obsOnly: in 5 x-bins
ToyMCSamplerOpt.cc[215] : (in function: generateWithHisto) -  , in 1 y-bins
AsymptoticLimits.cc[428] : (in function: runLimitExpected) - Median for expected limits = 2.75, Sigma for expected limits = 1.40309
AsymptoticLimits.cc[191] : (in function: runLimit) - NLL at global minimum of data = -901.443 (r=9.88114e-07)
AsymptoticLimits.cc[211] : (in function: runLimit) - NLL at global minimum of asimov = -900.838 (r=2.19757e-07)
AsymptoticLimits.cc[337] : (in function: getCLs) - At r = 1.889717:	q_mu = 2.73521	q_A  = 2.71229	Pmu = 0.04908	1-Pb  = 0.49722	CLs  = 0.09870
AsymptoticLimits.cc[337] : (in function: getCLs) - At r = 3.779434:	q_mu = 5.15734	q_A  = 5.11612	Pmu = 0.01157	1-Pb  = 0.49636	CLs  = 0.02332
AsymptoticLimits.cc[337] : (in function: getCLs) - At r = 1.889718:	q_mu = 2.73525	q_A  = 2.71230	Pmu = 0.04908	1-Pb  = 0.49722	CLs  = 0.09870
AsymptoticLimits.cc[337] : (in function: getCLs) - At r = 2.980187:	q_mu = 4.16472	q_A  = 4.13070	Pmu = 0.02064	1-Pb  = 0.49666	CLs  = 0.04155
AsymptoticLimits.cc[337] : (in function: getCLs) - At r = 2.575433:	q_mu = 3.64488	q_A  = 3.61476	Pmu = 0.02812	1-Pb  = 0.49684	CLs  = 0.05660
AsymptoticLimits.cc[337] : (in function: getCLs) - At r = 2.786234:	q_mu = 3.91712	q_A  = 3.88493	Pmu = 0.02390	1-Pb  = 0.49674	CLs  = 0.04811
AsymptoticLimits.cc[337] : (in function: getCLs) - At r = 2.704051:	q_mu = 3.81139	q_A  = 3.77998	Pmu = 0.02545	1-Pb  = 0.49678	CLs  = 0.05123
AsymptoticLimits.cc[337] : (in function: getCLs) - At r = 2.745945:	q_mu = 3.86535	q_A  = 3.83355	Pmu = 0.02465	1-Pb  = 0.49676	CLs  = 0.04961
AsymptoticLimits.cc[337] : (in function: getCLs) - At r = 2.729454:	q_mu = 3.84411	q_A  = 3.81248	Pmu = 0.02496	1-Pb  = 0.49677	CLs  = 0.05024
AsymptoticLimits.cc[337] : (in function: getCLs) - At r = 2.737827:	q_mu = 3.85489	q_A  = 3.82317	Pmu = 0.02480	1-Pb  = 0.49676	CLs  = 0.04992
AsymptoticLimits.cc[337] : (in function: getCLs) - At r = 2.734530:	q_mu = 3.85064	q_A  = 3.81896	Pmu = 0.02486	1-Pb  = 0.49677	CLs  = 0.05005
AsymptoticLimits.cc[337] : (in function: getCLs) - At r = 2.736204:	q_mu = 3.85280	q_A  = 3.82110	Pmu = 0.02483	1-Pb  = 0.49677	CLs  = 0.04998
AsymptoticLimits.cc[337] : (in function: getCLs) - At r = 2.735545:	q_mu = 3.85195	q_A  = 3.82026	Pmu = 0.02484	1-Pb  = 0.49677	CLs  = 0.05001
AsymptoticLimits.cc[337] : (in function: getCLs) - At r = 2.735880:	q_mu = 3.85238	q_A  = 3.82068	Pmu = 0.02484	1-Pb  = 0.49677	CLs  = 0.05000
AsymptoticLimits.cc[337] : (in function: getCLs) - At r = 2.735748:	q_mu = 3.85221	q_A  = 3.82052	Pmu = 0.02484	1-Pb  = 0.49677	CLs  = 0.05000
AsymptoticLimits.cc[337] : (in function: getCLs) - At r = 2.735815:	q_mu = 3.85230	q_A  = 3.82060	Pmu = 0.02484	1-Pb  = 0.49677	CLs  = 0.05000
AsymptoticLimits.cc[337] : (in function: getCLs) - At r = 2.735789:	q_mu = 3.85226	q_A  = 3.82057	Pmu = 0.02484	1-Pb  = 0.49677	CLs  = 0.05000
AsymptoticLimits.cc[337] : (in function: getCLs) - At r = 2.735802:	q_mu = 3.85228	q_A  = 3.82059	Pmu = 0.02484	1-Pb  = 0.49677	CLs  = 0.05000
