CascadeMinimizer.cc[188] : (in function: improveOnce) - Minimization configured with Type=Minuit2, Algo=Migrad, strategy=0, tolerance=0.1
CascadeMinimizer.cc[215] : (in function: improveOnce) - Minimization finished with status=0
CascadeMinimizer.cc[219] : (in function: improveOnce) - Minimization success! status=0
ToyMCSamplerOpt.cc[146] : (in function: generateAsimov) - Using internal logic for binned/unbinned Asimov dataset generation
ToyMCSamplerOpt.cc[214] : (in function: generateWithHisto) - Generating asimov with histogram for pdf pdf_binpass_LOW_obsOnly: in 3 x-bins
ToyMCSamplerOpt.cc[215] : (in function: generateWithHisto) -  , in 1 y-bins
ToyMCSamplerOpt.cc[146] : (in function: generateAsimov) - Using internal logic for binned/unbinned Asimov dataset generation
ToyMCSamplerOpt.cc[214] : (in function: generateWithHisto) - Generating asimov with histogram for pdf pdf_binpass_SIG_obsOnly: in 1 x-bins
ToyMCSamplerOpt.cc[215] : (in function: generateWithHisto) -  , in 1 y-bins
ToyMCSamplerOpt.cc[146] : (in function: generateAsimov) - Using internal logic for binned/unbinned Asimov dataset generation
ToyMCSamplerOpt.cc[214] : (in function: generateWithHisto) - Generating asimov with histogram for pdf pdf_binpass_HIGH_obsOnly: in 3 x-bins
ToyMCSamplerOpt.cc[215] : (in function: generateWithHisto) -  , in 1 y-bins
ToyMCSamplerOpt.cc[146] : (in function: generateAsimov) - Using internal logic for binned/unbinned Asimov dataset generation
ToyMCSamplerOpt.cc[214] : (in function: generateWithHisto) - Generating asimov with histogram for pdf pdf_binfail_LOW_obsOnly: in 3 x-bins
ToyMCSamplerOpt.cc[215] : (in function: generateWithHisto) -  , in 1 y-bins
ToyMCSamplerOpt.cc[146] : (in function: generateAsimov) - Using internal logic for binned/unbinned Asimov dataset generation
ToyMCSamplerOpt.cc[214] : (in function: generateWithHisto) - Generating asimov with histogram for pdf pdf_binfail_SIG_obsOnly: in 1 x-bins
ToyMCSamplerOpt.cc[215] : (in function: generateWithHisto) -  , in 1 y-bins
ToyMCSamplerOpt.cc[146] : (in function: generateAsimov) - Using internal logic for binned/unbinned Asimov dataset generation
ToyMCSamplerOpt.cc[214] : (in function: generateWithHisto) - Generating asimov with histogram for pdf pdf_binfail_HIGH_obsOnly: in 3 x-bins
ToyMCSamplerOpt.cc[215] : (in function: generateWithHisto) -  , in 1 y-bins
AsymptoticLimits.cc[428] : (in function: runLimitExpected) - Median for expected limits = 1.04688, Sigma for expected limits = 0.53413
AsymptoticLimits.cc[191] : (in function: runLimit) - NLL at global minimum of data = -8393.37 (r=5.67633e-07)
AsymptoticLimits.cc[211] : (in function: runLimit) - NLL at global minimum of asimov = -8392.54 (r=1.02094e-07)
AsymptoticLimits.cc[337] : (in function: getCLs) - At r = 1.200001:	q_mu = 6.16481	q_A  = 4.35506	Pmu = 0.00586	1-Pb  = 0.33229	CLs  = 0.01763
AsymptoticLimits.cc[337] : (in function: getCLs) - At r = 0.600001:	q_mu = 3.60211	q_A  = 2.17072	Pmu = 0.02505	1-Pb  = 0.31357	CLs  = 0.07989
AsymptoticLimits.cc[337] : (in function: getCLs) - At r = 0.868887:	q_mu = 4.83162	q_A  = 3.19579	Pmu = 0.01238	1-Pb  = 0.32365	CLs  = 0.03824
AsymptoticLimits.cc[337] : (in function: getCLs) - At r = 0.736839:	q_mu = 4.24735	q_A  = 2.70211	Pmu = 0.01727	1-Pb  = 0.31917	CLs  = 0.05409
AsymptoticLimits.cc[337] : (in function: getCLs) - At r = 0.787222:	q_mu = 4.47442	q_A  = 2.89268	Pmu = 0.01516	1-Pb  = 0.32097	CLs  = 0.04724
AsymptoticLimits.cc[337] : (in function: getCLs) - At r = 0.760265:	q_mu = 4.35354	q_A  = 2.79103	Pmu = 0.01625	1-Pb  = 0.32002	CLs  = 0.05077
AsymptoticLimits.cc[337] : (in function: getCLs) - At r = 0.770230:	q_mu = 4.39837	q_A  = 2.82876	Pmu = 0.01584	1-Pb  = 0.32039	CLs  = 0.04943
AsymptoticLimits.cc[337] : (in function: getCLs) - At r = 0.764816:	q_mu = 4.37409	q_A  = 2.80825	Pmu = 0.01606	1-Pb  = 0.32018	CLs  = 0.05015
AsymptoticLimits.cc[337] : (in function: getCLs) - At r = 0.766801:	q_mu = 4.38297	q_A  = 2.81573	Pmu = 0.01598	1-Pb  = 0.32025	CLs  = 0.04989
AsymptoticLimits.cc[337] : (in function: getCLs) - At r = 0.765720:	q_mu = 4.37810	q_A  = 2.81164	Pmu = 0.01602	1-Pb  = 0.32022	CLs  = 0.05003
AsymptoticLimits.cc[337] : (in function: getCLs) - At r = 0.766122:	q_mu = 4.37990	q_A  = 2.81316	Pmu = 0.01600	1-Pb  = 0.32023	CLs  = 0.04998
AsymptoticLimits.cc[337] : (in function: getCLs) - At r = 0.765906:	q_mu = 4.37900	q_A  = 2.81238	Pmu = 0.01601	1-Pb  = 0.32022	CLs  = 0.05000
AsymptoticLimits.cc[337] : (in function: getCLs) - At r = 0.765977:	q_mu = 4.37927	q_A  = 2.81262	Pmu = 0.01601	1-Pb  = 0.32022	CLs  = 0.05000
AsymptoticLimits.cc[337] : (in function: getCLs) - At r = 0.765937:	q_mu = 4.37908	q_A  = 2.81246	Pmu = 0.01601	1-Pb  = 0.32022	CLs  = 0.05000
AsymptoticLimits.cc[337] : (in function: getCLs) - At r = 0.765957:	q_mu = 4.37916	q_A  = 2.81253	Pmu = 0.01601	1-Pb  = 0.32022	CLs  = 0.05000
AsymptoticLimits.cc[337] : (in function: getCLs) - At r = 0.765950:	q_mu = 4.37919	q_A  = 2.81251	Pmu = 0.01601	1-Pb  = 0.32022	CLs  = 0.05000
AsymptoticLimits.cc[337] : (in function: getCLs) - At r = 0.765944:	q_mu = 4.37912	q_A  = 2.81256	Pmu = 0.01601	1-Pb  = 0.32023	CLs  = 0.05000
AsymptoticLimits.cc[337] : (in function: getCLs) - At r = 0.765946:	q_mu = 4.37911	q_A  = 2.81251	Pmu = 0.01601	1-Pb  = 0.32023	CLs  = 0.05000
