CascadeMinimizer.cc[188] : (in function: improveOnce) - Minimization configured with Type=Minuit2, Algo=Migrad, strategy=0, tolerance=0.1
CascadeMinimizer.cc[215] : (in function: improveOnce) - Minimization finished with status=0
CascadeMinimizer.cc[219] : (in function: improveOnce) - Minimization success! status=0
ToyMCSamplerOpt.cc[146] : (in function: generateAsimov) - Using internal logic for binned/unbinned Asimov dataset generation
ToyMCSamplerOpt.cc[214] : (in function: generateWithHisto) - Generating asimov with histogram for pdf pdf_binpass_LOW_obsOnly: in 2 x-bins
ToyMCSamplerOpt.cc[215] : (in function: generateWithHisto) -  , in 1 y-bins
ToyMCSamplerOpt.cc[146] : (in function: generateAsimov) - Using internal logic for binned/unbinned Asimov dataset generation
ToyMCSamplerOpt.cc[214] : (in function: generateWithHisto) - Generating asimov with histogram for pdf pdf_binpass_SIG_obsOnly: in 1 x-bins
ToyMCSamplerOpt.cc[215] : (in function: generateWithHisto) -  , in 1 y-bins
ToyMCSamplerOpt.cc[146] : (in function: generateAsimov) - Using internal logic for binned/unbinned Asimov dataset generation
ToyMCSamplerOpt.cc[214] : (in function: generateWithHisto) - Generating asimov with histogram for pdf pdf_binpass_HIGH_obsOnly: in 9 x-bins
ToyMCSamplerOpt.cc[215] : (in function: generateWithHisto) -  , in 1 y-bins
ToyMCSamplerOpt.cc[146] : (in function: generateAsimov) - Using internal logic for binned/unbinned Asimov dataset generation
ToyMCSamplerOpt.cc[214] : (in function: generateWithHisto) - Generating asimov with histogram for pdf pdf_binfail_LOW_obsOnly: in 2 x-bins
ToyMCSamplerOpt.cc[215] : (in function: generateWithHisto) -  , in 1 y-bins
ToyMCSamplerOpt.cc[146] : (in function: generateAsimov) - Using internal logic for binned/unbinned Asimov dataset generation
ToyMCSamplerOpt.cc[214] : (in function: generateWithHisto) - Generating asimov with histogram for pdf pdf_binfail_SIG_obsOnly: in 1 x-bins
ToyMCSamplerOpt.cc[215] : (in function: generateWithHisto) -  , in 1 y-bins
ToyMCSamplerOpt.cc[146] : (in function: generateAsimov) - Using internal logic for binned/unbinned Asimov dataset generation
ToyMCSamplerOpt.cc[214] : (in function: generateWithHisto) - Generating asimov with histogram for pdf pdf_binfail_HIGH_obsOnly: in 9 x-bins
ToyMCSamplerOpt.cc[215] : (in function: generateWithHisto) -  , in 1 y-bins
AsymptoticLimits.cc[428] : (in function: runLimitExpected) - Median for expected limits = 2.34375, Sigma for expected limits = 1.19581
AsymptoticLimits.cc[191] : (in function: runLimit) - NLL at global minimum of data = -19.4426 (r=0.349779)
AsymptoticLimits.cc[211] : (in function: runLimit) - NLL at global minimum of asimov = -19.3532 (r=0.244436)
AsymptoticLimits.cc[337] : (in function: getCLs) - At r = 2.096210:	q_mu = 3.07935	q_A  = 3.26950	Pmu = 0.03965	1-Pb  = 0.52128	CLs  = 0.07606
AsymptoticLimits.cc[337] : (in function: getCLs) - At r = 4.192420:	q_mu = 7.84000	q_A  = 7.94855	Pmu = 0.00256	1-Pb  = 0.50771	CLs  = 0.00503
AsymptoticLimits.cc[337] : (in function: getCLs) - At r = 2.271099:	q_mu = 3.47770	q_A  = 3.66202	Pmu = 0.03110	1-Pb  = 0.51945	CLs  = 0.05987
AsymptoticLimits.cc[337] : (in function: getCLs) - At r = 3.231759:	q_mu = 5.67948	q_A  = 5.83003	Pmu = 0.00858	1-Pb  = 0.51252	CLs  = 0.01675
AsymptoticLimits.cc[337] : (in function: getCLs) - At r = 2.571916:	q_mu = 4.16666	q_A  = 4.34036	Pmu = 0.02061	1-Pb  = 0.51680	CLs  = 0.03989
AsymptoticLimits.cc[337] : (in function: getCLs) - At r = 2.438024:	q_mu = 3.85941	q_A  = 4.03800	Pmu = 0.02473	1-Pb  = 0.51792	CLs  = 0.04776
AsymptoticLimits.cc[337] : (in function: getCLs) - At r = 2.377518:	q_mu = 3.72087	q_A  = 3.90159	Pmu = 0.02687	1-Pb  = 0.51846	CLs  = 0.05182
AsymptoticLimits.cc[337] : (in function: getCLs) - At r = 2.410828:	q_mu = 3.79711	q_A  = 3.97678	Pmu = 0.02567	1-Pb  = 0.51817	CLs  = 0.04954
AsymptoticLimits.cc[337] : (in function: getCLs) - At r = 2.398703:	q_mu = 3.76935	q_A  = 3.94933	Pmu = 0.02610	1-Pb  = 0.51827	CLs  = 0.05036
AsymptoticLimits.cc[337] : (in function: getCLs) - At r = 2.405368:	q_mu = 3.78460	q_A  = 3.96434	Pmu = 0.02586	1-Pb  = 0.51821	CLs  = 0.04991
AsymptoticLimits.cc[337] : (in function: getCLs) - At r = 2.402951:	q_mu = 3.77907	q_A  = 3.95890	Pmu = 0.02595	1-Pb  = 0.51823	CLs  = 0.05007
AsymptoticLimits.cc[337] : (in function: getCLs) - At r = 2.404284:	q_mu = 3.78212	q_A  = 3.96195	Pmu = 0.02590	1-Pb  = 0.51822	CLs  = 0.04998
AsymptoticLimits.cc[337] : (in function: getCLs) - At r = 2.403796:	q_mu = 3.78111	q_A  = 3.96085	Pmu = 0.02592	1-Pb  = 0.51822	CLs  = 0.05001
AsymptoticLimits.cc[337] : (in function: getCLs) - At r = 2.404047:	q_mu = 3.78159	q_A  = 3.96141	Pmu = 0.02591	1-Pb  = 0.51822	CLs  = 0.05000
AsymptoticLimits.cc[337] : (in function: getCLs) - At r = 2.403958:	q_mu = 3.78138	q_A  = 3.96129	Pmu = 0.02591	1-Pb  = 0.51823	CLs  = 0.05000
AsymptoticLimits.cc[337] : (in function: getCLs) - At r = 2.404009:	q_mu = 3.78165	q_A  = 3.96139	Pmu = 0.02591	1-Pb  = 0.51822	CLs  = 0.05000
AsymptoticLimits.cc[337] : (in function: getCLs) - At r = 2.403984:	q_mu = 3.78150	q_A  = 3.96133	Pmu = 0.02591	1-Pb  = 0.51823	CLs  = 0.05000
AsymptoticLimits.cc[337] : (in function: getCLs) - At r = 2.403976:	q_mu = 3.78147	q_A  = 3.96141	Pmu = 0.02591	1-Pb  = 0.51824	CLs  = 0.05000
AsymptoticLimits.cc[337] : (in function: getCLs) - At r = 2.403969:	q_mu = 3.78167	q_A  = 3.96139	Pmu = 0.02591	1-Pb  = 0.51821	CLs  = 0.05000
