CascadeMinimizer.cc[188] : (in function: improveOnce) - Minimization configured with Type=Minuit2, Algo=Migrad, strategy=0, tolerance=0.1
CascadeMinimizer.cc[215] : (in function: improveOnce) - Minimization finished with status=0
CascadeMinimizer.cc[219] : (in function: improveOnce) - Minimization success! status=0
ToyMCSamplerOpt.cc[146] : (in function: generateAsimov) - Using internal logic for binned/unbinned Asimov dataset generation
ToyMCSamplerOpt.cc[214] : (in function: generateWithHisto) - Generating asimov with histogram for pdf pdf_binpass_LOW_obsOnly: in 2 x-bins
ToyMCSamplerOpt.cc[215] : (in function: generateWithHisto) -  , in 1 y-bins
ToyMCSamplerOpt.cc[146] : (in function: generateAsimov) - Using internal logic for binned/unbinned Asimov dataset generation
ToyMCSamplerOpt.cc[214] : (in function: generateWithHisto) - Generating asimov with histogram for pdf pdf_binpass_SIG_obsOnly: in 1 x-bins
ToyMCSamplerOpt.cc[215] : (in function: generateWithHisto) -  , in 1 y-bins
ToyMCSamplerOpt.cc[146] : (in function: generateAsimov) - Using internal logic for binned/unbinned Asimov dataset generation
ToyMCSamplerOpt.cc[214] : (in function: generateWithHisto) - Generating asimov with histogram for pdf pdf_binpass_HIGH_obsOnly: in 9 x-bins
ToyMCSamplerOpt.cc[215] : (in function: generateWithHisto) -  , in 1 y-bins
ToyMCSamplerOpt.cc[146] : (in function: generateAsimov) - Using internal logic for binned/unbinned Asimov dataset generation
ToyMCSamplerOpt.cc[214] : (in function: generateWithHisto) - Generating asimov with histogram for pdf pdf_binfail_LOW_obsOnly: in 2 x-bins
ToyMCSamplerOpt.cc[215] : (in function: generateWithHisto) -  , in 1 y-bins
ToyMCSamplerOpt.cc[146] : (in function: generateAsimov) - Using internal logic for binned/unbinned Asimov dataset generation
ToyMCSamplerOpt.cc[214] : (in function: generateWithHisto) - Generating asimov with histogram for pdf pdf_binfail_SIG_obsOnly: in 1 x-bins
ToyMCSamplerOpt.cc[215] : (in function: generateWithHisto) -  , in 1 y-bins
ToyMCSamplerOpt.cc[146] : (in function: generateAsimov) - Using internal logic for binned/unbinned Asimov dataset generation
ToyMCSamplerOpt.cc[214] : (in function: generateWithHisto) - Generating asimov with histogram for pdf pdf_binfail_HIGH_obsOnly: in 9 x-bins
ToyMCSamplerOpt.cc[215] : (in function: generateWithHisto) -  , in 1 y-bins
AsymptoticLimits.cc[428] : (in function: runLimitExpected) - Median for expected limits = 0.871094, Sigma for expected limits = 0.444444
AsymptoticLimits.cc[191] : (in function: runLimit) - NLL at global minimum of data = -554.526 (r=5.92872e-08)
AsymptoticLimits.cc[211] : (in function: runLimit) - NLL at global minimum of asimov = -553.543 (r=4.6681e-08)
AsymptoticLimits.cc[337] : (in function: getCLs) - At r = 1.200000:	q_mu = 7.88477	q_A  = 5.98988	Pmu = 0.00229	1-Pb  = 0.34933	CLs  = 0.00657
AsymptoticLimits.cc[337] : (in function: getCLs) - At r = 0.600000:	q_mu = 3.56589	q_A  = 2.23236	Pmu = 0.02617	1-Pb  = 0.32770	CLs  = 0.07985
AsymptoticLimits.cc[337] : (in function: getCLs) - At r = 0.900000:	q_mu = 5.70237	q_A  = 4.02961	Pmu = 0.00767	1-Pb  = 0.33847	CLs  = 0.02267
AsymptoticLimits.cc[337] : (in function: getCLs) - At r = 0.749244:	q_mu = 4.61479	q_A  = 3.09511	Pmu = 0.01422	1-Pb  = 0.33291	CLs  = 0.04271
AsymptoticLimits.cc[337] : (in function: getCLs) - At r = 0.689330:	q_mu = 4.18975	q_A  = 2.73779	Pmu = 0.01816	1-Pb  = 0.33042	CLs  = 0.05495
AsymptoticLimits.cc[337] : (in function: getCLs) - At r = 0.719277:	q_mu = 4.40158	q_A  = 2.91520	Pmu = 0.01607	1-Pb  = 0.33168	CLs  = 0.04845
AsymptoticLimits.cc[337] : (in function: getCLs) - At r = 0.707295:	q_mu = 4.31646	q_A  = 2.84392	Pmu = 0.01688	1-Pb  = 0.33120	CLs  = 0.05096
AsymptoticLimits.cc[337] : (in function: getCLs) - At r = 0.713295:	q_mu = 4.35892	q_A  = 2.87957	Pmu = 0.01647	1-Pb  = 0.33146	CLs  = 0.04969
AsymptoticLimits.cc[337] : (in function: getCLs) - At r = 0.710907:	q_mu = 4.34200	q_A  = 2.86536	Pmu = 0.01663	1-Pb  = 0.33136	CLs  = 0.05019
AsymptoticLimits.cc[337] : (in function: getCLs) - At r = 0.712108:	q_mu = 4.35048	q_A  = 2.87250	Pmu = 0.01655	1-Pb  = 0.33141	CLs  = 0.04994
AsymptoticLimits.cc[337] : (in function: getCLs) - At r = 0.711632:	q_mu = 4.34710	q_A  = 2.86967	Pmu = 0.01658	1-Pb  = 0.33139	CLs  = 0.05004
AsymptoticLimits.cc[337] : (in function: getCLs) - At r = 0.711873:	q_mu = 4.34879	q_A  = 2.87110	Pmu = 0.01657	1-Pb  = 0.33140	CLs  = 0.04999
AsymptoticLimits.cc[337] : (in function: getCLs) - At r = 0.711780:	q_mu = 4.34811	q_A  = 2.87054	Pmu = 0.01657	1-Pb  = 0.33140	CLs  = 0.05001
AsymptoticLimits.cc[337] : (in function: getCLs) - At r = 0.711829:	q_mu = 4.34845	q_A  = 2.87084	Pmu = 0.01657	1-Pb  = 0.33140	CLs  = 0.05000
AsymptoticLimits.cc[337] : (in function: getCLs) - At r = 0.711811:	q_mu = 4.34832	q_A  = 2.87073	Pmu = 0.01657	1-Pb  = 0.33140	CLs  = 0.05000
AsymptoticLimits.cc[337] : (in function: getCLs) - At r = 0.711821:	q_mu = 4.34826	q_A  = 2.87079	Pmu = 0.01657	1-Pb  = 0.33142	CLs  = 0.05000
AsymptoticLimits.cc[337] : (in function: getCLs) - At r = 0.711825:	q_mu = 4.34828	q_A  = 2.87081	Pmu = 0.01657	1-Pb  = 0.33142	CLs  = 0.05000
