CascadeMinimizer.cc[188] : (in function: improveOnce) - Minimization configured with Type=Minuit2, Algo=Migrad, strategy=0, tolerance=0.1
CascadeMinimizer.cc[215] : (in function: improveOnce) - Minimization finished with status=0
CascadeMinimizer.cc[219] : (in function: improveOnce) - Minimization success! status=0
ToyMCSamplerOpt.cc[146] : (in function: generateAsimov) - Using internal logic for binned/unbinned Asimov dataset generation
ToyMCSamplerOpt.cc[214] : (in function: generateWithHisto) - Generating asimov with histogram for pdf pdf_binpass_LOW_obsOnly: in 2 x-bins
ToyMCSamplerOpt.cc[215] : (in function: generateWithHisto) -  , in 1 y-bins
ToyMCSamplerOpt.cc[146] : (in function: generateAsimov) - Using internal logic for binned/unbinned Asimov dataset generation
ToyMCSamplerOpt.cc[214] : (in function: generateWithHisto) - Generating asimov with histogram for pdf pdf_binpass_SIG_obsOnly: in 1 x-bins
ToyMCSamplerOpt.cc[215] : (in function: generateWithHisto) -  , in 1 y-bins
ToyMCSamplerOpt.cc[146] : (in function: generateAsimov) - Using internal logic for binned/unbinned Asimov dataset generation
ToyMCSamplerOpt.cc[214] : (in function: generateWithHisto) - Generating asimov with histogram for pdf pdf_binpass_HIGH_obsOnly: in 9 x-bins
ToyMCSamplerOpt.cc[215] : (in function: generateWithHisto) -  , in 1 y-bins
ToyMCSamplerOpt.cc[146] : (in function: generateAsimov) - Using internal logic for binned/unbinned Asimov dataset generation
ToyMCSamplerOpt.cc[214] : (in function: generateWithHisto) - Generating asimov with histogram for pdf pdf_binfail_LOW_obsOnly: in 2 x-bins
ToyMCSamplerOpt.cc[215] : (in function: generateWithHisto) -  , in 1 y-bins
ToyMCSamplerOpt.cc[146] : (in function: generateAsimov) - Using internal logic for binned/unbinned Asimov dataset generation
ToyMCSamplerOpt.cc[214] : (in function: generateWithHisto) - Generating asimov with histogram for pdf pdf_binfail_SIG_obsOnly: in 1 x-bins
ToyMCSamplerOpt.cc[215] : (in function: generateWithHisto) -  , in 1 y-bins
ToyMCSamplerOpt.cc[146] : (in function: generateAsimov) - Using internal logic for binned/unbinned Asimov dataset generation
ToyMCSamplerOpt.cc[214] : (in function: generateWithHisto) - Generating asimov with histogram for pdf pdf_binfail_HIGH_obsOnly: in 9 x-bins
ToyMCSamplerOpt.cc[215] : (in function: generateWithHisto) -  , in 1 y-bins
AsymptoticLimits.cc[428] : (in function: runLimitExpected) - Median for expected limits = 0.898438, Sigma for expected limits = 0.458395
AsymptoticLimits.cc[191] : (in function: runLimit) - NLL at global minimum of data = -554.589 (r=7.07491e-10)
AsymptoticLimits.cc[211] : (in function: runLimit) - NLL at global minimum of asimov = -553.02 (r=0.000213767)
AsymptoticLimits.cc[337] : (in function: getCLs) - At r = 1.200000:	q_mu = 10.20149	q_A  = 5.77883	Pmu = 0.00044	1-Pb  = 0.17882	CLs  = 0.00248
AsymptoticLimits.cc[337] : (in function: getCLs) - At r = 0.600000:	q_mu = 5.04351	q_A  = 2.09472	Pmu = 0.00683	1-Pb  = 0.15417	CLs  = 0.04431
AsymptoticLimits.cc[337] : (in function: getCLs) - At r = 0.300000:	q_mu = 2.45654	q_A  = 0.65688	Pmu = 0.02738	1-Pb  = 0.13345	CLs  = 0.20520
AsymptoticLimits.cc[337] : (in function: getCLs) - At r = 0.450000:	q_mu = 3.74282	q_A  = 1.30944	Pmu = 0.01364	1-Pb  = 0.14383	CLs  = 0.09481
AsymptoticLimits.cc[337] : (in function: getCLs) - At r = 0.550938:	q_mu = 4.61651	q_A  = 1.82058	Pmu = 0.00853	1-Pb  = 0.15008	CLs  = 0.05684
AsymptoticLimits.cc[337] : (in function: getCLs) - At r = 0.571147:	q_mu = 4.78892	q_A  = 1.92852	Pmu = 0.00779	1-Pb  = 0.15153	CLs  = 0.05141
AsymptoticLimits.cc[337] : (in function: getCLs) - At r = 0.581237:	q_mu = 4.87629	q_A  = 1.98303	Pmu = 0.00744	1-Pb  = 0.15214	CLs  = 0.04887
AsymptoticLimits.cc[337] : (in function: getCLs) - At r = 0.575586:	q_mu = 4.82731	q_A  = 1.95234	Pmu = 0.00763	1-Pb  = 0.15179	CLs  = 0.05028
AsymptoticLimits.cc[337] : (in function: getCLs) - At r = 0.577608:	q_mu = 4.84483	q_A  = 1.96322	Pmu = 0.00756	1-Pb  = 0.15190	CLs  = 0.04977
AsymptoticLimits.cc[337] : (in function: getCLs) - At r = 0.576479:	q_mu = 4.83506	q_A  = 1.95705	Pmu = 0.00760	1-Pb  = 0.15183	CLs  = 0.05006
AsymptoticLimits.cc[337] : (in function: getCLs) - At r = 0.576887:	q_mu = 4.83860	q_A  = 1.95920	Pmu = 0.00759	1-Pb  = 0.15184	CLs  = 0.04996
AsymptoticLimits.cc[337] : (in function: getCLs) - At r = 0.576662:	q_mu = 4.83664	q_A  = 1.95793	Pmu = 0.00759	1-Pb  = 0.15182	CLs  = 0.05001
AsymptoticLimits.cc[337] : (in function: getCLs) - At r = 0.576746:	q_mu = 4.83737	q_A  = 1.95833	Pmu = 0.00759	1-Pb  = 0.15182	CLs  = 0.04999
AsymptoticLimits.cc[337] : (in function: getCLs) - At r = 0.576703:	q_mu = 4.83700	q_A  = 1.95805	Pmu = 0.00759	1-Pb  = 0.15181	CLs  = 0.05000
AsymptoticLimits.cc[337] : (in function: getCLs) - At r = 0.576722:	q_mu = 4.83723	q_A  = 1.95810	Pmu = 0.00759	1-Pb  = 0.15180	CLs  = 0.05000
AsymptoticLimits.cc[337] : (in function: getCLs) - At r = 0.576713:	q_mu = 4.83713	q_A  = 1.95800	Pmu = 0.00759	1-Pb  = 0.15179	CLs  = 0.05000
AsymptoticLimits.cc[337] : (in function: getCLs) - At r = 0.576717:	q_mu = 4.83717	q_A  = 1.95797	Pmu = 0.00759	1-Pb  = 0.15178	CLs  = 0.05000
