CascadeMinimizer.cc[188] : (in function: improveOnce) - Minimization configured with Type=Minuit2, Algo=Migrad, strategy=0, tolerance=0.1
CascadeMinimizer.cc[215] : (in function: improveOnce) - Minimization finished with status=0
CascadeMinimizer.cc[219] : (in function: improveOnce) - Minimization success! status=0
ToyMCSamplerOpt.cc[146] : (in function: generateAsimov) - Using internal logic for binned/unbinned Asimov dataset generation
ToyMCSamplerOpt.cc[214] : (in function: generateWithHisto) - Generating asimov with histogram for pdf pdf_binpass_LOW_obsOnly: in 3 x-bins
ToyMCSamplerOpt.cc[215] : (in function: generateWithHisto) -  , in 1 y-bins
ToyMCSamplerOpt.cc[146] : (in function: generateAsimov) - Using internal logic for binned/unbinned Asimov dataset generation
ToyMCSamplerOpt.cc[214] : (in function: generateWithHisto) - Generating asimov with histogram for pdf pdf_binpass_SIG_obsOnly: in 1 x-bins
ToyMCSamplerOpt.cc[215] : (in function: generateWithHisto) -  , in 1 y-bins
ToyMCSamplerOpt.cc[146] : (in function: generateAsimov) - Using internal logic for binned/unbinned Asimov dataset generation
ToyMCSamplerOpt.cc[214] : (in function: generateWithHisto) - Generating asimov with histogram for pdf pdf_binpass_HIGH_obsOnly: in 5 x-bins
ToyMCSamplerOpt.cc[215] : (in function: generateWithHisto) -  , in 1 y-bins
ToyMCSamplerOpt.cc[146] : (in function: generateAsimov) - Using internal logic for binned/unbinned Asimov dataset generation
ToyMCSamplerOpt.cc[214] : (in function: generateWithHisto) - Generating asimov with histogram for pdf pdf_binfail_LOW_obsOnly: in 3 x-bins
ToyMCSamplerOpt.cc[215] : (in function: generateWithHisto) -  , in 1 y-bins
ToyMCSamplerOpt.cc[146] : (in function: generateAsimov) - Using internal logic for binned/unbinned Asimov dataset generation
ToyMCSamplerOpt.cc[214] : (in function: generateWithHisto) - Generating asimov with histogram for pdf pdf_binfail_SIG_obsOnly: in 1 x-bins
ToyMCSamplerOpt.cc[215] : (in function: generateWithHisto) -  , in 1 y-bins
ToyMCSamplerOpt.cc[146] : (in function: generateAsimov) - Using internal logic for binned/unbinned Asimov dataset generation
ToyMCSamplerOpt.cc[214] : (in function: generateWithHisto) - Generating asimov with histogram for pdf pdf_binfail_HIGH_obsOnly: in 5 x-bins
ToyMCSamplerOpt.cc[215] : (in function: generateWithHisto) -  , in 1 y-bins
AsymptoticLimits.cc[428] : (in function: runLimitExpected) - Median for expected limits = 0.472656, Sigma for expected limits = 0.241156
AsymptoticLimits.cc[191] : (in function: runLimit) - NLL at global minimum of data = -909.407 (r=8.79038e-09)
AsymptoticLimits.cc[211] : (in function: runLimit) - NLL at global minimum of asimov = -908.768 (r=1.42195e-08)
AsymptoticLimits.cc[337] : (in function: getCLs) - At r = 1.200000:	q_mu = 9.78017	q_A  = 9.14717	Pmu = 0.00088	1-Pb  = 0.45833	CLs  = 0.00191
AsymptoticLimits.cc[337] : (in function: getCLs) - At r = 0.600000:	q_mu = 5.19971	q_A  = 4.82615	Pmu = 0.01125	1-Pb  = 0.46612	CLs  = 0.02413
AsymptoticLimits.cc[337] : (in function: getCLs) - At r = 0.300000:	q_mu = 2.69464	q_A  = 2.48928	Pmu = 0.05021	1-Pb  = 0.47405	CLs  = 0.10592
AsymptoticLimits.cc[337] : (in function: getCLs) - At r = 0.421796:	q_mu = 3.73096	q_A  = 3.45402	Pmu = 0.02662	1-Pb  = 0.47030	CLs  = 0.05660
AsymptoticLimits.cc[337] : (in function: getCLs) - At r = 0.478164:	q_mu = 4.20152	q_A  = 3.89311	Pmu = 0.02012	1-Pb  = 0.46885	CLs  = 0.04292
AsymptoticLimits.cc[337] : (in function: getCLs) - At r = 0.453266:	q_mu = 3.99432	q_A  = 3.69947	Pmu = 0.02275	1-Pb  = 0.46945	CLs  = 0.04846
AsymptoticLimits.cc[337] : (in function: getCLs) - At r = 0.441885:	q_mu = 3.89927	q_A  = 3.61074	Pmu = 0.02407	1-Pb  = 0.46974	CLs  = 0.05124
AsymptoticLimits.cc[337] : (in function: getCLs) - At r = 0.448158:	q_mu = 3.95169	q_A  = 3.65961	Pmu = 0.02333	1-Pb  = 0.46957	CLs  = 0.04969
AsymptoticLimits.cc[337] : (in function: getCLs) - At r = 0.445878:	q_mu = 3.93265	q_A  = 3.64182	Pmu = 0.02360	1-Pb  = 0.46963	CLs  = 0.05025
AsymptoticLimits.cc[337] : (in function: getCLs) - At r = 0.447133:	q_mu = 3.94313	q_A  = 3.65157	Pmu = 0.02345	1-Pb  = 0.46960	CLs  = 0.04994
AsymptoticLimits.cc[337] : (in function: getCLs) - At r = 0.446678:	q_mu = 3.93933	q_A  = 3.64800	Pmu = 0.02350	1-Pb  = 0.46960	CLs  = 0.05005
AsymptoticLimits.cc[337] : (in function: getCLs) - At r = 0.446929:	q_mu = 3.94143	q_A  = 3.64994	Pmu = 0.02347	1-Pb  = 0.46960	CLs  = 0.04999
AsymptoticLimits.cc[337] : (in function: getCLs) - At r = 0.446839:	q_mu = 3.94067	q_A  = 3.64923	Pmu = 0.02348	1-Pb  = 0.46960	CLs  = 0.05001
AsymptoticLimits.cc[337] : (in function: getCLs) - At r = 0.446890:	q_mu = 3.94110	q_A  = 3.64961	Pmu = 0.02348	1-Pb  = 0.46959	CLs  = 0.05000
AsymptoticLimits.cc[337] : (in function: getCLs) - At r = 0.446872:	q_mu = 3.94095	q_A  = 3.64946	Pmu = 0.02348	1-Pb  = 0.46959	CLs  = 0.05000
AsymptoticLimits.cc[337] : (in function: getCLs) - At r = 0.446882:	q_mu = 3.94104	q_A  = 3.64953	Pmu = 0.02348	1-Pb  = 0.46959	CLs  = 0.05000
AsymptoticLimits.cc[337] : (in function: getCLs) - At r = 0.446879:	q_mu = 3.94101	q_A  = 3.64950	Pmu = 0.02348	1-Pb  = 0.46959	CLs  = 0.05000
AsymptoticLimits.cc[337] : (in function: getCLs) - At r = 0.446881:	q_mu = 3.94102	q_A  = 3.64951	Pmu = 0.02348	1-Pb  = 0.46959	CLs  = 0.05000
