CascadeMinimizer.cc[188] : (in function: improveOnce) - Minimization configured with Type=Minuit2, Algo=Migrad, strategy=0, tolerance=0.1
CascadeMinimizer.cc[215] : (in function: improveOnce) - Minimization finished with status=0
CascadeMinimizer.cc[219] : (in function: improveOnce) - Minimization success! status=0
ToyMCSamplerOpt.cc[146] : (in function: generateAsimov) - Using internal logic for binned/unbinned Asimov dataset generation
ToyMCSamplerOpt.cc[214] : (in function: generateWithHisto) - Generating asimov with histogram for pdf pdf_binpass_LOW_obsOnly: in 3 x-bins
ToyMCSamplerOpt.cc[215] : (in function: generateWithHisto) -  , in 1 y-bins
ToyMCSamplerOpt.cc[146] : (in function: generateAsimov) - Using internal logic for binned/unbinned Asimov dataset generation
ToyMCSamplerOpt.cc[214] : (in function: generateWithHisto) - Generating asimov with histogram for pdf pdf_binpass_SIG_obsOnly: in 1 x-bins
ToyMCSamplerOpt.cc[215] : (in function: generateWithHisto) -  , in 1 y-bins
ToyMCSamplerOpt.cc[146] : (in function: generateAsimov) - Using internal logic for binned/unbinned Asimov dataset generation
ToyMCSamplerOpt.cc[214] : (in function: generateWithHisto) - Generating asimov with histogram for pdf pdf_binpass_HIGH_obsOnly: in 5 x-bins
ToyMCSamplerOpt.cc[215] : (in function: generateWithHisto) -  , in 1 y-bins
ToyMCSamplerOpt.cc[146] : (in function: generateAsimov) - Using internal logic for binned/unbinned Asimov dataset generation
ToyMCSamplerOpt.cc[214] : (in function: generateWithHisto) - Generating asimov with histogram for pdf pdf_binfail_LOW_obsOnly: in 3 x-bins
ToyMCSamplerOpt.cc[215] : (in function: generateWithHisto) -  , in 1 y-bins
ToyMCSamplerOpt.cc[146] : (in function: generateAsimov) - Using internal logic for binned/unbinned Asimov dataset generation
ToyMCSamplerOpt.cc[214] : (in function: generateWithHisto) - Generating asimov with histogram for pdf pdf_binfail_SIG_obsOnly: in 1 x-bins
ToyMCSamplerOpt.cc[215] : (in function: generateWithHisto) -  , in 1 y-bins
ToyMCSamplerOpt.cc[146] : (in function: generateAsimov) - Using internal logic for binned/unbinned Asimov dataset generation
ToyMCSamplerOpt.cc[214] : (in function: generateWithHisto) - Generating asimov with histogram for pdf pdf_binfail_HIGH_obsOnly: in 5 x-bins
ToyMCSamplerOpt.cc[215] : (in function: generateWithHisto) -  , in 1 y-bins
AsymptoticLimits.cc[428] : (in function: runLimitExpected) - Median for expected limits = 2.28125, Sigma for expected limits = 1.16392
AsymptoticLimits.cc[191] : (in function: runLimit) - NLL at global minimum of data = -901.768 (r=8.14133e-08)
AsymptoticLimits.cc[211] : (in function: runLimit) - NLL at global minimum of asimov = -901.162 (r=2.66505e-07)
AsymptoticLimits.cc[337] : (in function: getCLs) - At r = 1.594121:	q_mu = 2.79250	q_A  = 2.76101	Pmu = 0.04735	1-Pb  = 0.49622	CLs  = 0.09542
AsymptoticLimits.cc[337] : (in function: getCLs) - At r = 3.188242:	q_mu = 5.22012	q_A  = 5.16659	Pmu = 0.01116	1-Pb  = 0.49530	CLs  = 0.02254
AsymptoticLimits.cc[337] : (in function: getCLs) - At r = 1.594121:	q_mu = 2.79249	q_A  = 2.76108	Pmu = 0.04735	1-Pb  = 0.49623	CLs  = 0.09542
AsymptoticLimits.cc[337] : (in function: getCLs) - At r = 2.484056:	q_mu = 4.18419	q_A  = 4.13955	Pmu = 0.02040	1-Pb  = 0.49562	CLs  = 0.04116
AsymptoticLimits.cc[337] : (in function: getCLs) - At r = 2.141337:	q_mu = 3.65995	q_A  = 3.62006	Pmu = 0.02787	1-Pb  = 0.49582	CLs  = 0.05620
AsymptoticLimits.cc[337] : (in function: getCLs) - At r = 2.312802:	q_mu = 3.92393	q_A  = 3.88163	Pmu = 0.02380	1-Pb  = 0.49572	CLs  = 0.04801
AsymptoticLimits.cc[337] : (in function: getCLs) - At r = 2.243164:	q_mu = 3.81713	q_A  = 3.77582	Pmu = 0.02536	1-Pb  = 0.49576	CLs  = 0.05116
AsymptoticLimits.cc[337] : (in function: getCLs) - At r = 2.277222:	q_mu = 3.86944	q_A  = 3.82765	Pmu = 0.02458	1-Pb  = 0.49574	CLs  = 0.04959
AsymptoticLimits.cc[337] : (in function: getCLs) - At r = 2.263248:	q_mu = 3.84800	q_A  = 3.80639	Pmu = 0.02490	1-Pb  = 0.49575	CLs  = 0.05023
AsymptoticLimits.cc[337] : (in function: getCLs) - At r = 2.270051:	q_mu = 3.85844	q_A  = 3.81673	Pmu = 0.02475	1-Pb  = 0.49574	CLs  = 0.04992
AsymptoticLimits.cc[337] : (in function: getCLs) - At r = 2.267256:	q_mu = 3.85415	q_A  = 3.81248	Pmu = 0.02481	1-Pb  = 0.49574	CLs  = 0.05005
AsymptoticLimits.cc[337] : (in function: getCLs) - At r = 2.268617:	q_mu = 3.85623	q_A  = 3.81455	Pmu = 0.02478	1-Pb  = 0.49574	CLs  = 0.04998
AsymptoticLimits.cc[337] : (in function: getCLs) - At r = 2.268058:	q_mu = 3.85538	q_A  = 3.81370	Pmu = 0.02479	1-Pb  = 0.49574	CLs  = 0.05001
AsymptoticLimits.cc[337] : (in function: getCLs) - At r = 2.268330:	q_mu = 3.85579	q_A  = 3.81412	Pmu = 0.02479	1-Pb  = 0.49574	CLs  = 0.05000
AsymptoticLimits.cc[337] : (in function: getCLs) - At r = 2.268219:	q_mu = 3.85562	q_A  = 3.81395	Pmu = 0.02479	1-Pb  = 0.49574	CLs  = 0.05000
AsymptoticLimits.cc[337] : (in function: getCLs) - At r = 2.268273:	q_mu = 3.85571	q_A  = 3.81403	Pmu = 0.02479	1-Pb  = 0.49574	CLs  = 0.05000
AsymptoticLimits.cc[337] : (in function: getCLs) - At r = 2.268251:	q_mu = 3.85567	q_A  = 3.81400	Pmu = 0.02479	1-Pb  = 0.49574	CLs  = 0.05000
AsymptoticLimits.cc[337] : (in function: getCLs) - At r = 2.268262:	q_mu = 3.85569	q_A  = 3.81401	Pmu = 0.02479	1-Pb  = 0.49574	CLs  = 0.05000
