CascadeMinimizer.cc[188] : (in function: improveOnce) - Minimization configured with Type=Minuit2, Algo=Migrad, strategy=0, tolerance=0.1
CascadeMinimizer.cc[215] : (in function: improveOnce) - Minimization finished with status=0
CascadeMinimizer.cc[219] : (in function: improveOnce) - Minimization success! status=0
ToyMCSamplerOpt.cc[146] : (in function: generateAsimov) - Using internal logic for binned/unbinned Asimov dataset generation
ToyMCSamplerOpt.cc[214] : (in function: generateWithHisto) - Generating asimov with histogram for pdf pdf_binpass_LOW_obsOnly: in 3 x-bins
ToyMCSamplerOpt.cc[215] : (in function: generateWithHisto) -  , in 1 y-bins
ToyMCSamplerOpt.cc[146] : (in function: generateAsimov) - Using internal logic for binned/unbinned Asimov dataset generation
ToyMCSamplerOpt.cc[214] : (in function: generateWithHisto) - Generating asimov with histogram for pdf pdf_binpass_SIG_obsOnly: in 1 x-bins
ToyMCSamplerOpt.cc[215] : (in function: generateWithHisto) -  , in 1 y-bins
ToyMCSamplerOpt.cc[146] : (in function: generateAsimov) - Using internal logic for binned/unbinned Asimov dataset generation
ToyMCSamplerOpt.cc[214] : (in function: generateWithHisto) - Generating asimov with histogram for pdf pdf_binpass_HIGH_obsOnly: in 3 x-bins
ToyMCSamplerOpt.cc[215] : (in function: generateWithHisto) -  , in 1 y-bins
ToyMCSamplerOpt.cc[146] : (in function: generateAsimov) - Using internal logic for binned/unbinned Asimov dataset generation
ToyMCSamplerOpt.cc[214] : (in function: generateWithHisto) - Generating asimov with histogram for pdf pdf_binfail_LOW_obsOnly: in 3 x-bins
ToyMCSamplerOpt.cc[215] : (in function: generateWithHisto) -  , in 1 y-bins
ToyMCSamplerOpt.cc[146] : (in function: generateAsimov) - Using internal logic for binned/unbinned Asimov dataset generation
ToyMCSamplerOpt.cc[214] : (in function: generateWithHisto) - Generating asimov with histogram for pdf pdf_binfail_SIG_obsOnly: in 1 x-bins
ToyMCSamplerOpt.cc[215] : (in function: generateWithHisto) -  , in 1 y-bins
ToyMCSamplerOpt.cc[146] : (in function: generateAsimov) - Using internal logic for binned/unbinned Asimov dataset generation
ToyMCSamplerOpt.cc[214] : (in function: generateWithHisto) - Generating asimov with histogram for pdf pdf_binfail_HIGH_obsOnly: in 3 x-bins
ToyMCSamplerOpt.cc[215] : (in function: generateWithHisto) -  , in 1 y-bins
AsymptoticLimits.cc[428] : (in function: runLimitExpected) - Median for expected limits = 0.521484, Sigma for expected limits = 0.266068
AsymptoticLimits.cc[191] : (in function: runLimit) - NLL at global minimum of data = -702.803 (r=7.59066e-08)
AsymptoticLimits.cc[211] : (in function: runLimit) - NLL at global minimum of asimov = -702.525 (r=1.12879e-05)
AsymptoticLimits.cc[337] : (in function: getCLs) - At r = 1.200000:	q_mu = 14.30988	q_A  = 10.12258	Pmu = 0.00006	1-Pb  = 0.25525	CLs  = 0.00024
AsymptoticLimits.cc[337] : (in function: getCLs) - At r = 0.600000:	q_mu = 8.01601	q_A  = 4.60184	Pmu = 0.00164	1-Pb  = 0.21308	CLs  = 0.00768
AsymptoticLimits.cc[337] : (in function: getCLs) - At r = 0.300000:	q_mu = 4.24701	q_A  = 1.86188	Pmu = 0.01259	1-Pb  = 0.19106	CLs  = 0.06592
AsymptoticLimits.cc[337] : (in function: getCLs) - At r = 0.450000:	q_mu = 6.19147	q_A  = 3.17124	Pmu = 0.00428	1-Pb  = 0.19822	CLs  = 0.02161
AsymptoticLimits.cc[337] : (in function: getCLs) - At r = 0.359744:	q_mu = 5.03611	q_A  = 2.35331	Pmu = 0.00801	1-Pb  = 0.19095	CLs  = 0.04195
AsymptoticLimits.cc[337] : (in function: getCLs) - At r = 0.329227:	q_mu = 4.63536	q_A  = 2.09461	Pmu = 0.01003	1-Pb  = 0.19003	CLs  = 0.05280
AsymptoticLimits.cc[337] : (in function: getCLs) - At r = 0.341120:	q_mu = 4.79213	q_A  = 2.19388	Pmu = 0.00918	1-Pb  = 0.19022	CLs  = 0.04826
AsymptoticLimits.cc[337] : (in function: getCLs) - At r = 0.334999:	q_mu = 4.71159	q_A  = 2.14250	Pmu = 0.00961	1-Pb  = 0.19008	CLs  = 0.05055
AsymptoticLimits.cc[337] : (in function: getCLs) - At r = 0.337373:	q_mu = 4.74296	q_A  = 2.16236	Pmu = 0.00944	1-Pb  = 0.19012	CLs  = 0.04964
AsymptoticLimits.cc[337] : (in function: getCLs) - At r = 0.336146:	q_mu = 4.72674	q_A  = 2.15208	Pmu = 0.00953	1-Pb  = 0.19010	CLs  = 0.05011
AsymptoticLimits.cc[337] : (in function: getCLs) - At r = 0.336621:	q_mu = 4.73301	q_A  = 2.15605	Pmu = 0.00949	1-Pb  = 0.19011	CLs  = 0.04993
AsymptoticLimits.cc[337] : (in function: getCLs) - At r = 0.336375:	q_mu = 4.72977	q_A  = 2.15400	Pmu = 0.00951	1-Pb  = 0.19010	CLs  = 0.05002
AsymptoticLimits.cc[337] : (in function: getCLs) - At r = 0.336471:	q_mu = 4.73103	q_A  = 2.15479	Pmu = 0.00950	1-Pb  = 0.19010	CLs  = 0.04999
AsymptoticLimits.cc[337] : (in function: getCLs) - At r = 0.336422:	q_mu = 4.73038	q_A  = 2.15438	Pmu = 0.00951	1-Pb  = 0.19010	CLs  = 0.05000
AsymptoticLimits.cc[337] : (in function: getCLs) - At r = 0.336441:	q_mu = 4.73063	q_A  = 2.15454	Pmu = 0.00950	1-Pb  = 0.19010	CLs  = 0.05000
AsymptoticLimits.cc[337] : (in function: getCLs) - At r = 0.336431:	q_mu = 4.73050	q_A  = 2.15445	Pmu = 0.00951	1-Pb  = 0.19010	CLs  = 0.05000
AsymptoticLimits.cc[337] : (in function: getCLs) - At r = 0.336435:	q_mu = 4.73055	q_A  = 2.15449	Pmu = 0.00951	1-Pb  = 0.19010	CLs  = 0.05000
