CascadeMinimizer.cc[188] : (in function: improveOnce) - Minimization configured with Type=Minuit2, Algo=Migrad, strategy=0, tolerance=0.1
CascadeMinimizer.cc[215] : (in function: improveOnce) - Minimization finished with status=0
CascadeMinimizer.cc[219] : (in function: improveOnce) - Minimization success! status=0
ToyMCSamplerOpt.cc[146] : (in function: generateAsimov) - Using internal logic for binned/unbinned Asimov dataset generation
ToyMCSamplerOpt.cc[214] : (in function: generateWithHisto) - Generating asimov with histogram for pdf pdf_binpass_LOW_obsOnly: in 4 x-bins
ToyMCSamplerOpt.cc[215] : (in function: generateWithHisto) -  , in 1 y-bins
ToyMCSamplerOpt.cc[146] : (in function: generateAsimov) - Using internal logic for binned/unbinned Asimov dataset generation
ToyMCSamplerOpt.cc[214] : (in function: generateWithHisto) - Generating asimov with histogram for pdf pdf_binpass_SIG_obsOnly: in 3 x-bins
ToyMCSamplerOpt.cc[215] : (in function: generateWithHisto) -  , in 1 y-bins
ToyMCSamplerOpt.cc[146] : (in function: generateAsimov) - Using internal logic for binned/unbinned Asimov dataset generation
ToyMCSamplerOpt.cc[214] : (in function: generateWithHisto) - Generating asimov with histogram for pdf pdf_binpass_HIGH_obsOnly: in 7 x-bins
ToyMCSamplerOpt.cc[215] : (in function: generateWithHisto) -  , in 1 y-bins
ToyMCSamplerOpt.cc[146] : (in function: generateAsimov) - Using internal logic for binned/unbinned Asimov dataset generation
ToyMCSamplerOpt.cc[214] : (in function: generateWithHisto) - Generating asimov with histogram for pdf pdf_binfail_LOW_obsOnly: in 4 x-bins
ToyMCSamplerOpt.cc[215] : (in function: generateWithHisto) -  , in 1 y-bins
ToyMCSamplerOpt.cc[146] : (in function: generateAsimov) - Using internal logic for binned/unbinned Asimov dataset generation
ToyMCSamplerOpt.cc[214] : (in function: generateWithHisto) - Generating asimov with histogram for pdf pdf_binfail_SIG_obsOnly: in 3 x-bins
ToyMCSamplerOpt.cc[215] : (in function: generateWithHisto) -  , in 1 y-bins
ToyMCSamplerOpt.cc[146] : (in function: generateAsimov) - Using internal logic for binned/unbinned Asimov dataset generation
ToyMCSamplerOpt.cc[214] : (in function: generateWithHisto) - Generating asimov with histogram for pdf pdf_binfail_HIGH_obsOnly: in 7 x-bins
ToyMCSamplerOpt.cc[215] : (in function: generateWithHisto) -  , in 1 y-bins
AsymptoticLimits.cc[428] : (in function: runLimitExpected) - Median for expected limits = 1.03516, Sigma for expected limits = 0.528151
AsymptoticLimits.cc[191] : (in function: runLimit) - NLL at global minimum of data = -11136.3 (r=2.64868e-08)
AsymptoticLimits.cc[211] : (in function: runLimit) - NLL at global minimum of asimov = -11135.7 (r=7.2282e-07)
AsymptoticLimits.cc[337] : (in function: getCLs) - At r = 1.200000:	q_mu = 6.04758	q_A  = 4.42855	Pmu = 0.00640	1-Pb  = 0.35024	CLs  = 0.01828
AsymptoticLimits.cc[337] : (in function: getCLs) - At r = 0.600000:	q_mu = 3.42836	q_A  = 2.18474	Pmu = 0.02880	1-Pb  = 0.33699	CLs  = 0.08545
AsymptoticLimits.cc[337] : (in function: getCLs) - At r = 0.886835:	q_mu = 4.75006	q_A  = 3.29614	Pmu = 0.01335	1-Pb  = 0.34443	CLs  = 0.03875
AsymptoticLimits.cc[337] : (in function: getCLs) - At r = 0.755528:	q_mu = 4.16320	q_A  = 2.79616	Pmu = 0.01872	1-Pb  = 0.34136	CLs  = 0.05484
AsymptoticLimits.cc[337] : (in function: getCLs) - At r = 0.809744:	q_mu = 4.40903	q_A  = 3.00442	Pmu = 0.01624	1-Pb  = 0.34267	CLs  = 0.04739
AsymptoticLimits.cc[337] : (in function: getCLs) - At r = 0.782960:	q_mu = 4.28817	q_A  = 2.90185	Pmu = 0.01741	1-Pb  = 0.34204	CLs  = 0.05091
AsymptoticLimits.cc[337] : (in function: getCLs) - At r = 0.793695:	q_mu = 4.33672	q_A  = 2.94302	Pmu = 0.01693	1-Pb  = 0.34230	CLs  = 0.04946
AsymptoticLimits.cc[337] : (in function: getCLs) - At r = 0.788319:	q_mu = 4.31251	q_A  = 2.92243	Pmu = 0.01717	1-Pb  = 0.34216	CLs  = 0.05018
AsymptoticLimits.cc[337] : (in function: getCLs) - At r = 0.790455:	q_mu = 4.32210	q_A  = 2.93060	Pmu = 0.01707	1-Pb  = 0.34222	CLs  = 0.04989
AsymptoticLimits.cc[337] : (in function: getCLs) - At r = 0.789382:	q_mu = 4.31724	q_A  = 2.92648	Pmu = 0.01712	1-Pb  = 0.34219	CLs  = 0.05004
AsymptoticLimits.cc[337] : (in function: getCLs) - At r = 0.789814:	q_mu = 4.31918	q_A  = 2.92813	Pmu = 0.01710	1-Pb  = 0.34220	CLs  = 0.04998
AsymptoticLimits.cc[337] : (in function: getCLs) - At r = 0.789601:	q_mu = 4.31822	q_A  = 2.92731	Pmu = 0.01711	1-Pb  = 0.34220	CLs  = 0.05001
AsymptoticLimits.cc[337] : (in function: getCLs) - At r = 0.789688:	q_mu = 4.31869	q_A  = 2.92767	Pmu = 0.01711	1-Pb  = 0.34219	CLs  = 0.04999
AsymptoticLimits.cc[337] : (in function: getCLs) - At r = 0.789639:	q_mu = 4.31841	q_A  = 2.92746	Pmu = 0.01711	1-Pb  = 0.34220	CLs  = 0.05000
AsymptoticLimits.cc[337] : (in function: getCLs) - At r = 0.789658:	q_mu = 4.31848	q_A  = 2.92753	Pmu = 0.01711	1-Pb  = 0.34220	CLs  = 0.05000
AsymptoticLimits.cc[337] : (in function: getCLs) - At r = 0.789651:	q_mu = 4.31845	q_A  = 2.92751	Pmu = 0.01711	1-Pb  = 0.34220	CLs  = 0.05000
AsymptoticLimits.cc[337] : (in function: getCLs) - At r = 0.789655:	q_mu = 4.31846	q_A  = 2.92755	Pmu = 0.01711	1-Pb  = 0.34220	CLs  = 0.05000
