CascadeMinimizer.cc[188] : (in function: improveOnce) - Minimization configured with Type=Minuit2, Algo=Migrad, strategy=0, tolerance=0.1
CascadeMinimizer.cc[215] : (in function: improveOnce) - Minimization finished with status=0
CascadeMinimizer.cc[219] : (in function: improveOnce) - Minimization success! status=0
ToyMCSamplerOpt.cc[146] : (in function: generateAsimov) - Using internal logic for binned/unbinned Asimov dataset generation
ToyMCSamplerOpt.cc[214] : (in function: generateWithHisto) - Generating asimov with histogram for pdf pdf_binpass_LOW_obsOnly: in 3 x-bins
ToyMCSamplerOpt.cc[215] : (in function: generateWithHisto) -  , in 1 y-bins
ToyMCSamplerOpt.cc[146] : (in function: generateAsimov) - Using internal logic for binned/unbinned Asimov dataset generation
ToyMCSamplerOpt.cc[214] : (in function: generateWithHisto) - Generating asimov with histogram for pdf pdf_binpass_SIG_obsOnly: in 1 x-bins
ToyMCSamplerOpt.cc[215] : (in function: generateWithHisto) -  , in 1 y-bins
ToyMCSamplerOpt.cc[146] : (in function: generateAsimov) - Using internal logic for binned/unbinned Asimov dataset generation
ToyMCSamplerOpt.cc[214] : (in function: generateWithHisto) - Generating asimov with histogram for pdf pdf_binpass_HIGH_obsOnly: in 5 x-bins
ToyMCSamplerOpt.cc[215] : (in function: generateWithHisto) -  , in 1 y-bins
ToyMCSamplerOpt.cc[146] : (in function: generateAsimov) - Using internal logic for binned/unbinned Asimov dataset generation
ToyMCSamplerOpt.cc[214] : (in function: generateWithHisto) - Generating asimov with histogram for pdf pdf_binfail_LOW_obsOnly: in 3 x-bins
ToyMCSamplerOpt.cc[215] : (in function: generateWithHisto) -  , in 1 y-bins
ToyMCSamplerOpt.cc[146] : (in function: generateAsimov) - Using internal logic for binned/unbinned Asimov dataset generation
ToyMCSamplerOpt.cc[214] : (in function: generateWithHisto) - Generating asimov with histogram for pdf pdf_binfail_SIG_obsOnly: in 1 x-bins
ToyMCSamplerOpt.cc[215] : (in function: generateWithHisto) -  , in 1 y-bins
ToyMCSamplerOpt.cc[146] : (in function: generateAsimov) - Using internal logic for binned/unbinned Asimov dataset generation
ToyMCSamplerOpt.cc[214] : (in function: generateWithHisto) - Generating asimov with histogram for pdf pdf_binfail_HIGH_obsOnly: in 5 x-bins
ToyMCSamplerOpt.cc[215] : (in function: generateWithHisto) -  , in 1 y-bins
AsymptoticLimits.cc[428] : (in function: runLimitExpected) - Median for expected limits = 1.17969, Sigma for expected limits = 0.601892
AsymptoticLimits.cc[191] : (in function: runLimit) - NLL at global minimum of data = -911.227 (r=4.32591e-09)
AsymptoticLimits.cc[211] : (in function: runLimit) - NLL at global minimum of asimov = -910.156 (r=2.06406e-05)
AsymptoticLimits.cc[337] : (in function: getCLs) - At r = 1.200000:	q_mu = 9.38998	q_A  = 3.95553	Pmu = 0.00040	1-Pb  = 0.08593	CLs  = 0.00462
AsymptoticLimits.cc[337] : (in function: getCLs) - At r = 0.600000:	q_mu = 4.62513	q_A  = 0.96308	Pmu = 0.00221	1-Pb  = 0.03104	CLs  = 0.07107
AsymptoticLimits.cc[337] : (in function: getCLs) - At r = 0.900000:	q_mu = 7.01766	q_A  = 2.29924	Pmu = 0.00106	1-Pb  = 0.05987	CLs  = 0.01775
AsymptoticLimits.cc[337] : (in function: getCLs) - At r = 0.720819:	q_mu = 5.58756	q_A  = 1.44364	Pmu = 0.00172	1-Pb  = 0.04231	CLs  = 0.04058
AsymptoticLimits.cc[337] : (in function: getCLs) - At r = 0.660639:	q_mu = 5.10528	q_A  = 1.19221	Pmu = 0.00196	1-Pb  = 0.03658	CLs  = 0.05372
AsymptoticLimits.cc[337] : (in function: getCLs) - At r = 0.684980:	q_mu = 5.30009	q_A  = 1.29128	Pmu = 0.00186	1-Pb  = 0.03887	CLs  = 0.04796
AsymptoticLimits.cc[337] : (in function: getCLs) - At r = 0.672952:	q_mu = 5.20384	q_A  = 1.24183	Pmu = 0.00191	1-Pb  = 0.03773	CLs  = 0.05072
AsymptoticLimits.cc[337] : (in function: getCLs) - At r = 0.677820:	q_mu = 5.24271	q_A  = 1.26171	Pmu = 0.00189	1-Pb  = 0.03819	CLs  = 0.04959
AsymptoticLimits.cc[337] : (in function: getCLs) - At r = 0.675418:	q_mu = 5.22350	q_A  = 1.25188	Pmu = 0.00190	1-Pb  = 0.03796	CLs  = 0.05014
AsymptoticLimits.cc[337] : (in function: getCLs) - At r = 0.676394:	q_mu = 5.23131	q_A  = 1.25587	Pmu = 0.00190	1-Pb  = 0.03806	CLs  = 0.04992
AsymptoticLimits.cc[337] : (in function: getCLs) - At r = 0.675914:	q_mu = 5.22747	q_A  = 1.25390	Pmu = 0.00190	1-Pb  = 0.03801	CLs  = 0.05003
AsymptoticLimits.cc[337] : (in function: getCLs) - At r = 0.676109:	q_mu = 5.22903	q_A  = 1.25470	Pmu = 0.00190	1-Pb  = 0.03803	CLs  = 0.04998
AsymptoticLimits.cc[337] : (in function: getCLs) - At r = 0.676013:	q_mu = 5.22826	q_A  = 1.25431	Pmu = 0.00190	1-Pb  = 0.03802	CLs  = 0.05001
AsymptoticLimits.cc[337] : (in function: getCLs) - At r = 0.676052:	q_mu = 5.22857	q_A  = 1.25447	Pmu = 0.00190	1-Pb  = 0.03802	CLs  = 0.05000
AsymptoticLimits.cc[337] : (in function: getCLs) - At r = 0.676033:	q_mu = 5.22842	q_A  = 1.25439	Pmu = 0.00190	1-Pb  = 0.03802	CLs  = 0.05000
AsymptoticLimits.cc[337] : (in function: getCLs) - At r = 0.676041:	q_mu = 5.22848	q_A  = 1.25442	Pmu = 0.00190	1-Pb  = 0.03802	CLs  = 0.05000
AsymptoticLimits.cc[337] : (in function: getCLs) - At r = 0.676037:	q_mu = 5.22845	q_A  = 1.25440	Pmu = 0.00190	1-Pb  = 0.03802	CLs  = 0.05000
