CascadeMinimizer.cc[188] : (in function: improveOnce) - Minimization configured with Type=Minuit2, Algo=Migrad, strategy=0, tolerance=0.1
CascadeMinimizer.cc[215] : (in function: improveOnce) - Minimization finished with status=0
CascadeMinimizer.cc[219] : (in function: improveOnce) - Minimization success! status=0
ToyMCSamplerOpt.cc[146] : (in function: generateAsimov) - Using internal logic for binned/unbinned Asimov dataset generation
ToyMCSamplerOpt.cc[214] : (in function: generateWithHisto) - Generating asimov with histogram for pdf pdf_binpass_LOW_obsOnly: in 2 x-bins
ToyMCSamplerOpt.cc[215] : (in function: generateWithHisto) -  , in 1 y-bins
ToyMCSamplerOpt.cc[146] : (in function: generateAsimov) - Using internal logic for binned/unbinned Asimov dataset generation
ToyMCSamplerOpt.cc[214] : (in function: generateWithHisto) - Generating asimov with histogram for pdf pdf_binpass_SIG_obsOnly: in 1 x-bins
ToyMCSamplerOpt.cc[215] : (in function: generateWithHisto) -  , in 1 y-bins
ToyMCSamplerOpt.cc[146] : (in function: generateAsimov) - Using internal logic for binned/unbinned Asimov dataset generation
ToyMCSamplerOpt.cc[214] : (in function: generateWithHisto) - Generating asimov with histogram for pdf pdf_binpass_HIGH_obsOnly: in 9 x-bins
ToyMCSamplerOpt.cc[215] : (in function: generateWithHisto) -  , in 1 y-bins
ToyMCSamplerOpt.cc[146] : (in function: generateAsimov) - Using internal logic for binned/unbinned Asimov dataset generation
ToyMCSamplerOpt.cc[214] : (in function: generateWithHisto) - Generating asimov with histogram for pdf pdf_binfail_LOW_obsOnly: in 2 x-bins
ToyMCSamplerOpt.cc[215] : (in function: generateWithHisto) -  , in 1 y-bins
ToyMCSamplerOpt.cc[146] : (in function: generateAsimov) - Using internal logic for binned/unbinned Asimov dataset generation
ToyMCSamplerOpt.cc[214] : (in function: generateWithHisto) - Generating asimov with histogram for pdf pdf_binfail_SIG_obsOnly: in 1 x-bins
ToyMCSamplerOpt.cc[215] : (in function: generateWithHisto) -  , in 1 y-bins
ToyMCSamplerOpt.cc[146] : (in function: generateAsimov) - Using internal logic for binned/unbinned Asimov dataset generation
ToyMCSamplerOpt.cc[214] : (in function: generateWithHisto) - Generating asimov with histogram for pdf pdf_binfail_HIGH_obsOnly: in 9 x-bins
ToyMCSamplerOpt.cc[215] : (in function: generateWithHisto) -  , in 1 y-bins
AsymptoticLimits.cc[428] : (in function: runLimitExpected) - Median for expected limits = 0.345703, Sigma for expected limits = 0.176382
AsymptoticLimits.cc[191] : (in function: runLimit) - NLL at global minimum of data = -40.3081 (r=0.000567592)
AsymptoticLimits.cc[211] : (in function: runLimit) - NLL at global minimum of asimov = -41.4228 (r=0.00105712)
AsymptoticLimits.cc[337] : (in function: getCLs) - At r = 59.994877:	q_mu = 711.49320	q_A  = 723.53036	Pmu = 0.00000	1-Pb  = 0.58889	CLs  = 0.00000
AsymptoticLimits.cc[337] : (in function: getCLs) - At r = 29.997722:	q_mu = 357.42016	q_A  = 367.67361	Pmu = 0.00000	1-Pb  = 0.60613	CLs  = 0.00000
AsymptoticLimits.cc[337] : (in function: getCLs) - At r = 14.999145:	q_mu = 202.67037	q_A  = 211.12392	Pmu = 0.00000	1-Pb  = 0.61557	CLs  = 0.00000
AsymptoticLimits.cc[337] : (in function: getCLs) - At r = 7.499856:	q_mu = 119.84902	q_A  = 126.15542	Pmu = 0.00000	1-Pb  = 0.61192	CLs  = 0.00000
AsymptoticLimits.cc[337] : (in function: getCLs) - At r = 3.750212:	q_mu = 62.11226	q_A  = 67.22991	Pmu = 0.00000	1-Pb  = 0.62485	CLs  = 0.00000
AsymptoticLimits.cc[337] : (in function: getCLs) - At r = 1.875390:	q_mu = 29.79628	q_A  = 33.35259	Pmu = 0.00000	1-Pb  = 0.62422	CLs  = 0.00000
AsymptoticLimits.cc[337] : (in function: getCLs) - At r = 0.937979:	q_mu = 13.19433	q_A  = 15.39148	Pmu = 0.00014	1-Pb  = 0.61440	CLs  = 0.00023
AsymptoticLimits.cc[337] : (in function: getCLs) - At r = 0.469273:	q_mu = 5.35930	q_A  = 7.31150	Pmu = 0.01031	1-Pb  = 0.65135	CLs  = 0.01582
AsymptoticLimits.cc[337] : (in function: getCLs) - At r = 0.234920:	q_mu = 1.97998	q_A  = 4.46975	Pmu = 0.07970	1-Pb  = 0.76024	CLs  = 0.10483
AsymptoticLimits.cc[337] : (in function: getCLs) - At r = 0.355194:	q_mu = 3.55959	q_A  = 4.15617	Pmu = 0.02960	1-Pb  = 0.56040	CLs  = 0.05282
AsymptoticLimits.cc[337] : (in function: getCLs) - At r = 0.382166:	q_mu = 3.94586	q_A  = 4.45084	Pmu = 0.02349	1-Pb  = 0.54906	CLs  = 0.04279
AsymptoticLimits.cc[337] : (in function: getCLs) - At r = 0.366211:	q_mu = 3.71618	q_A  = 4.18493	Pmu = 0.02694	1-Pb  = 0.54695	CLs  = 0.04926
AsymptoticLimits.cc[337] : (in function: getCLs) - At r = 0.362128:	q_mu = 3.65795	q_A  = 4.11754	Pmu = 0.02790	1-Pb  = 0.54641	CLs  = 0.05106
AsymptoticLimits.cc[337] : (in function: getCLs) - At r = 0.364041:	q_mu = 3.68519	q_A  = 4.14906	Pmu = 0.02745	1-Pb  = 0.54667	CLs  = 0.05021
AsymptoticLimits.cc[337] : (in function: getCLs) - At r = 0.364859:	q_mu = 3.69684	q_A  = 4.16255	Pmu = 0.02726	1-Pb  = 0.54677	CLs  = 0.04985
AsymptoticLimits.cc[337] : (in function: getCLs) - At r = 0.364425:	q_mu = 3.69065	q_A  = 4.15533	Pmu = 0.02736	1-Pb  = 0.54671	CLs  = 0.05004
AsymptoticLimits.cc[337] : (in function: getCLs) - At r = 0.364590:	q_mu = 3.69300	q_A  = 4.15803	Pmu = 0.02732	1-Pb  = 0.54673	CLs  = 0.04997
AsymptoticLimits.cc[337] : (in function: getCLs) - At r = 0.364504:	q_mu = 3.69176	q_A  = 4.15660	Pmu = 0.02734	1-Pb  = 0.54672	CLs  = 0.05001
AsymptoticLimits.cc[337] : (in function: getCLs) - At r = 0.364537:	q_mu = 3.69224	q_A  = 4.15714	Pmu = 0.02733	1-Pb  = 0.54672	CLs  = 0.04999
AsymptoticLimits.cc[337] : (in function: getCLs) - At r = 0.364520:	q_mu = 3.69199	q_A  = 4.15685	Pmu = 0.02734	1-Pb  = 0.54672	CLs  = 0.05000
AsymptoticLimits.cc[337] : (in function: getCLs) - At r = 0.364527:	q_mu = 3.69209	q_A  = 4.15696	Pmu = 0.02734	1-Pb  = 0.54672	CLs  = 0.05000
AsymptoticLimits.cc[337] : (in function: getCLs) - At r = 0.364524:	q_mu = 3.69204	q_A  = 4.15690	Pmu = 0.02734	1-Pb  = 0.54672	CLs  = 0.05000
