CascadeMinimizer.cc[188] : (in function: improveOnce) - Minimization configured with Type=Minuit2, Algo=Migrad, strategy=0, tolerance=0.1
CascadeMinimizer.cc[215] : (in function: improveOnce) - Minimization finished with status=0
CascadeMinimizer.cc[219] : (in function: improveOnce) - Minimization success! status=0
ToyMCSamplerOpt.cc[146] : (in function: generateAsimov) - Using internal logic for binned/unbinned Asimov dataset generation
ToyMCSamplerOpt.cc[214] : (in function: generateWithHisto) - Generating asimov with histogram for pdf pdf_binpass_LOW_obsOnly: in 3 x-bins
ToyMCSamplerOpt.cc[215] : (in function: generateWithHisto) -  , in 1 y-bins
ToyMCSamplerOpt.cc[146] : (in function: generateAsimov) - Using internal logic for binned/unbinned Asimov dataset generation
ToyMCSamplerOpt.cc[214] : (in function: generateWithHisto) - Generating asimov with histogram for pdf pdf_binpass_SIG_obsOnly: in 1 x-bins
ToyMCSamplerOpt.cc[215] : (in function: generateWithHisto) -  , in 1 y-bins
ToyMCSamplerOpt.cc[146] : (in function: generateAsimov) - Using internal logic for binned/unbinned Asimov dataset generation
ToyMCSamplerOpt.cc[214] : (in function: generateWithHisto) - Generating asimov with histogram for pdf pdf_binpass_HIGH_obsOnly: in 5 x-bins
ToyMCSamplerOpt.cc[215] : (in function: generateWithHisto) -  , in 1 y-bins
ToyMCSamplerOpt.cc[146] : (in function: generateAsimov) - Using internal logic for binned/unbinned Asimov dataset generation
ToyMCSamplerOpt.cc[214] : (in function: generateWithHisto) - Generating asimov with histogram for pdf pdf_binfail_LOW_obsOnly: in 3 x-bins
ToyMCSamplerOpt.cc[215] : (in function: generateWithHisto) -  , in 1 y-bins
ToyMCSamplerOpt.cc[146] : (in function: generateAsimov) - Using internal logic for binned/unbinned Asimov dataset generation
ToyMCSamplerOpt.cc[214] : (in function: generateWithHisto) - Generating asimov with histogram for pdf pdf_binfail_SIG_obsOnly: in 1 x-bins
ToyMCSamplerOpt.cc[215] : (in function: generateWithHisto) -  , in 1 y-bins
ToyMCSamplerOpt.cc[146] : (in function: generateAsimov) - Using internal logic for binned/unbinned Asimov dataset generation
ToyMCSamplerOpt.cc[214] : (in function: generateWithHisto) - Generating asimov with histogram for pdf pdf_binfail_HIGH_obsOnly: in 5 x-bins
ToyMCSamplerOpt.cc[215] : (in function: generateWithHisto) -  , in 1 y-bins
AsymptoticLimits.cc[428] : (in function: runLimitExpected) - Median for expected limits = 0.490234, Sigma for expected limits = 0.250124
AsymptoticLimits.cc[191] : (in function: runLimit) - NLL at global minimum of data = -54.2305 (r=2.95434e-09)
AsymptoticLimits.cc[211] : (in function: runLimit) - NLL at global minimum of asimov = -53.4343 (r=7.65161e-06)
AsymptoticLimits.cc[337] : (in function: getCLs) - At r = 1.200000:	q_mu = 14.03023	q_A  = 13.83092	Pmu = 0.00009	1-Pb  = 0.48931	CLs  = 0.00018
AsymptoticLimits.cc[337] : (in function: getCLs) - At r = 0.600000:	q_mu = 7.44472	q_A  = 4.96572	Pmu = 0.00268	1-Pb  = 0.28903	CLs  = 0.00927
AsymptoticLimits.cc[337] : (in function: getCLs) - At r = 0.300000:	q_mu = 3.85140	q_A  = 1.99107	Pmu = 0.01921	1-Pb  = 0.25488	CLs  = 0.07538
AsymptoticLimits.cc[337] : (in function: getCLs) - At r = 0.450000:	q_mu = 5.67618	q_A  = 3.44348	Pmu = 0.00700	1-Pb  = 0.27372	CLs  = 0.02557
AsymptoticLimits.cc[337] : (in function: getCLs) - At r = 0.375577:	q_mu = 4.77761	q_A  = 2.70909	Pmu = 0.01147	1-Pb  = 0.26488	CLs  = 0.04332
AsymptoticLimits.cc[337] : (in function: getCLs) - At r = 0.344804:	q_mu = 4.40210	q_A  = 2.41249	Pmu = 0.01413	1-Pb  = 0.26093	CLs  = 0.05415
AsymptoticLimits.cc[337] : (in function: getCLs) - At r = 0.359748:	q_mu = 4.58473	q_A  = 2.55588	Pmu = 0.01277	1-Pb  = 0.26287	CLs  = 0.04857
AsymptoticLimits.cc[337] : (in function: getCLs) - At r = 0.353562:	q_mu = 4.50917	q_A  = 2.49636	Pmu = 0.01331	1-Pb  = 0.26207	CLs  = 0.05080
AsymptoticLimits.cc[337] : (in function: getCLs) - At r = 0.356545:	q_mu = 4.54561	q_A  = 2.52503	Pmu = 0.01305	1-Pb  = 0.26246	CLs  = 0.04971
AsymptoticLimits.cc[337] : (in function: getCLs) - At r = 0.355307:	q_mu = 4.53048	q_A  = 2.51312	Pmu = 0.01316	1-Pb  = 0.26230	CLs  = 0.05016
AsymptoticLimits.cc[337] : (in function: getCLs) - At r = 0.355903:	q_mu = 4.53776	q_A  = 2.51885	Pmu = 0.01310	1-Pb  = 0.26237	CLs  = 0.04994
AsymptoticLimits.cc[337] : (in function: getCLs) - At r = 0.355656:	q_mu = 4.53473	q_A  = 2.51647	Pmu = 0.01313	1-Pb  = 0.26234	CLs  = 0.05003
AsymptoticLimits.cc[337] : (in function: getCLs) - At r = 0.355776:	q_mu = 4.53619	q_A  = 2.51762	Pmu = 0.01311	1-Pb  = 0.26236	CLs  = 0.04999
AsymptoticLimits.cc[337] : (in function: getCLs) - At r = 0.355727:	q_mu = 4.53558	q_A  = 2.51714	Pmu = 0.01312	1-Pb  = 0.26235	CLs  = 0.05001
AsymptoticLimits.cc[337] : (in function: getCLs) - At r = 0.355751:	q_mu = 4.53587	q_A  = 2.51737	Pmu = 0.01312	1-Pb  = 0.26236	CLs  = 0.05000
AsymptoticLimits.cc[337] : (in function: getCLs) - At r = 0.355742:	q_mu = 4.53575	q_A  = 2.51728	Pmu = 0.01312	1-Pb  = 0.26236	CLs  = 0.05000
AsymptoticLimits.cc[337] : (in function: getCLs) - At r = 0.355747:	q_mu = 4.53581	q_A  = 2.51733	Pmu = 0.01312	1-Pb  = 0.26236	CLs  = 0.05000
