 <<< Combine >>> 
 <<< v10.0.1 >>>
>>> Random number generator seed is 123456
>>> Method used is FitDiagnostics
Set Default Value of Parameter mask_pass_SIG To : 1
Set Default Value of Parameter mask_pass_HIGH To : 1
Set Default Value of Parameter r To : 1
>>> 2 out of 6 channels masked

>> Found 15 floating parameters
>> The following parameters are protected in the event of negative eigenvalues:
>> Verifying eigenvalues are all positive (iteration 0)
Eigenvalue 14 : -0.00468799
 - 0.608246	CMS_EXO26004_Background_rpf_2x0_par3
 - 0.558654	CMS_EXO26004_Background_rpf_2x0_par2
 - -0.496371	CMS_EXO26004_Background_rpf_2x0_par1
 - -0.267505	CMS_EXO26004_Background_rpf_2x0_par0
 - 0.000703685	CMS_EXO26004_Background_fail_LOW_bin_2-1
>> Attempt 0 failed, remove the variable with largest eigenvector component...
>> Dropping CMS_EXO26004_Background_rpf_2x0_par3 from the hessian
>> Verifying eigenvalues are all positive (iteration 1)
>> All eigenvalues are positive
>> Inverting Hessian...
>> Matrix inverted
>> Note: the following parameters were dropped to make the covariance matrix pos-def:
     - CMS_EXO26004_Background_rpf_2x0_par3
 Fit B-only, status = 0, numBadNLL = 0, covariance quality = -1
Running Minos for POI r
>> Found 16 floating parameters
>> The following parameters are protected in the event of negative eigenvalues: r
>> Verifying eigenvalues are all positive (iteration 0)
Eigenvalue 13 : -8.33167e-05
 - -0.735939	CMS_EXO26004_Background_rpf_2x0_par3
 - 0.672085	CMS_EXO26004_Background_rpf_2x0_par0
 - 0.0626811	CMS_EXO26004_Background_rpf_2x0_par1
 - 0.0413255	CMS_EXO26004_Background_rpf_2x0_par2
 - 0.0319334	pT
Eigenvalue 14 : -0.00859697
 - 0.683433	pT
 - 0.633599	r
 - -0.270467	CMS_EXO26004_Background_rpf_2x0_par1
 - 0.19023	CMS_EXO26004_Background_rpf_2x0_par2
 - -0.0964857	CMS_EXO26004_Background_fail_SIG_bin_1-1
Eigenvalue 15 : -0.0119626
 - -0.703297	CMS_EXO26004_Background_rpf_2x0_par2
 - 0.584021	CMS_EXO26004_Background_rpf_2x0_par1
 - 0.359509	r
 - -0.103163	CMS_EXO26004_Background_rpf_2x0_par0
 - 0.0888468	pT
>> Attempt 0 failed, remove the variable with largest eigenvector component...
>> Dropping CMS_EXO26004_Background_rpf_2x0_par2 from the hessian
>> Verifying eigenvalues are all positive (iteration 1)
Eigenvalue 13 : -0.000124567
 - 0.742693	CMS_EXO26004_Background_rpf_2x0_par3
 - -0.660313	CMS_EXO26004_Background_rpf_2x0_par0
 - -0.108498	CMS_EXO26004_Background_rpf_2x0_par1
 - -0.0244386	pT
 - 0.00321936	RNN
Eigenvalue 14 : -0.00883232
 - 0.705286	r
 - 0.685019	pT
 - -0.106638	CMS_EXO26004_Background_fail_SIG_bin_1-1
 - -0.0982765	CMS_EXO26004_Background_rpf_2x0_par1
 - 0.0816912	RNN
>> Attempt 1 failed, remove the variable with largest eigenvector component...
>> Dropping pT from the hessian
>> Verifying eigenvalues are all positive (iteration 2)
Eigenvalue 13 : -0.000136488
 - -0.743469	CMS_EXO26004_Background_rpf_2x0_par3
 - 0.658335	CMS_EXO26004_Background_rpf_2x0_par0
 - 0.11473	CMS_EXO26004_Background_rpf_2x0_par1
 - -0.0253447	r
 - -0.0048062	RNN
>> Attempt 2 failed, remove the variable with largest eigenvector component...
>> Dropping CMS_EXO26004_Background_rpf_2x0_par3 from the hessian
>> Verifying eigenvalues are all positive (iteration 3)
>> All eigenvalues are positive
>> Inverting Hessian...
>> Matrix inverted
>> Note: the following parameters were dropped to make the covariance matrix pos-def:
     - CMS_EXO26004_Background_rpf_2x0_par2
     - pT
     - CMS_EXO26004_Background_rpf_2x0_par3
Fit S+B, status = 0, numBadNLL = 0, covariance quality = -1

 --- FitDiagnostics ---
Best fit r: 21.7737  -21.7737/+28.2263  (68% CL)
Done in 0.00 min (cpu), 0.00 min (real)
29 log messages saved to combine_logger.out
