CascadeMinimizer.cc[188] : (in function: improveOnce) - Minimization configured with Type=Minuit2, Algo=Migrad, strategy=0, tolerance=0.1
CascadeMinimizer.cc[215] : (in function: improveOnce) - Minimization finished with status=0
CascadeMinimizer.cc[219] : (in function: improveOnce) - Minimization success! status=0
ToyMCSamplerOpt.cc[146] : (in function: generateAsimov) - Using internal logic for binned/unbinned Asimov dataset generation
ToyMCSamplerOpt.cc[214] : (in function: generateWithHisto) - Generating asimov with histogram for pdf pdf_binpass_LOW_obsOnly: in 2 x-bins
ToyMCSamplerOpt.cc[215] : (in function: generateWithHisto) -  , in 1 y-bins
ToyMCSamplerOpt.cc[146] : (in function: generateAsimov) - Using internal logic for binned/unbinned Asimov dataset generation
ToyMCSamplerOpt.cc[214] : (in function: generateWithHisto) - Generating asimov with histogram for pdf pdf_binpass_SIG_obsOnly: in 1 x-bins
ToyMCSamplerOpt.cc[215] : (in function: generateWithHisto) -  , in 1 y-bins
ToyMCSamplerOpt.cc[146] : (in function: generateAsimov) - Using internal logic for binned/unbinned Asimov dataset generation
ToyMCSamplerOpt.cc[214] : (in function: generateWithHisto) - Generating asimov with histogram for pdf pdf_binpass_HIGH_obsOnly: in 9 x-bins
ToyMCSamplerOpt.cc[215] : (in function: generateWithHisto) -  , in 1 y-bins
ToyMCSamplerOpt.cc[146] : (in function: generateAsimov) - Using internal logic for binned/unbinned Asimov dataset generation
ToyMCSamplerOpt.cc[214] : (in function: generateWithHisto) - Generating asimov with histogram for pdf pdf_binfail_LOW_obsOnly: in 2 x-bins
ToyMCSamplerOpt.cc[215] : (in function: generateWithHisto) -  , in 1 y-bins
ToyMCSamplerOpt.cc[146] : (in function: generateAsimov) - Using internal logic for binned/unbinned Asimov dataset generation
ToyMCSamplerOpt.cc[214] : (in function: generateWithHisto) - Generating asimov with histogram for pdf pdf_binfail_SIG_obsOnly: in 1 x-bins
ToyMCSamplerOpt.cc[215] : (in function: generateWithHisto) -  , in 1 y-bins
ToyMCSamplerOpt.cc[146] : (in function: generateAsimov) - Using internal logic for binned/unbinned Asimov dataset generation
ToyMCSamplerOpt.cc[214] : (in function: generateWithHisto) - Generating asimov with histogram for pdf pdf_binfail_HIGH_obsOnly: in 9 x-bins
ToyMCSamplerOpt.cc[215] : (in function: generateWithHisto) -  , in 1 y-bins
AsymptoticLimits.cc[428] : (in function: runLimitExpected) - Median for expected limits = 0.480469, Sigma for expected limits = 0.245142
AsymptoticLimits.cc[191] : (in function: runLimit) - NLL at global minimum of data = -42.495 (r=2.13826e-06)
AsymptoticLimits.cc[211] : (in function: runLimit) - NLL at global minimum of asimov = -40.7541 (r=0.000357938)
AsymptoticLimits.cc[337] : (in function: getCLs) - At r = 1.200002:	q_mu = 19.41635	q_A  = 15.75024	Pmu = 0.00000	1-Pb  = 0.32208	CLs  = 0.00001
AsymptoticLimits.cc[337] : (in function: getCLs) - At r = 0.600002:	q_mu = 7.96309	q_A  = 5.52649	Pmu = 0.00206	1-Pb  = 0.30215	CLs  = 0.00681
AsymptoticLimits.cc[337] : (in function: getCLs) - At r = 0.300002:	q_mu = 3.17588	q_A  = 1.69412	Pmu = 0.03069	1-Pb  = 0.28461	CLs  = 0.10782
AsymptoticLimits.cc[337] : (in function: getCLs) - At r = 0.450002:	q_mu = 5.42732	q_A  = 3.43260	Pmu = 0.00840	1-Pb  = 0.29518	CLs  = 0.02846
AsymptoticLimits.cc[337] : (in function: getCLs) - At r = 0.369230:	q_mu = 4.17105	q_A  = 2.44355	Pmu = 0.01718	1-Pb  = 0.29028	CLs  = 0.05920
AsymptoticLimits.cc[337] : (in function: getCLs) - At r = 0.400278:	q_mu = 4.64292	q_A  = 2.81033	Pmu = 0.01311	1-Pb  = 0.29233	CLs  = 0.04484
AsymptoticLimits.cc[337] : (in function: getCLs) - At r = 0.384328:	q_mu = 4.39860	q_A  = 2.61981	Pmu = 0.01508	1-Pb  = 0.29133	CLs  = 0.05175
AsymptoticLimits.cc[337] : (in function: getCLs) - At r = 0.390581:	q_mu = 4.49391	q_A  = 2.69391	Pmu = 0.01427	1-Pb  = 0.29173	CLs  = 0.04893
AsymptoticLimits.cc[337] : (in function: getCLs) - At r = 0.387400:	q_mu = 4.44533	q_A  = 2.65610	Pmu = 0.01468	1-Pb  = 0.29153	CLs  = 0.05035
AsymptoticLimits.cc[337] : (in function: getCLs) - At r = 0.388654:	q_mu = 4.46443	q_A  = 2.67096	Pmu = 0.01452	1-Pb  = 0.29161	CLs  = 0.04979
AsymptoticLimits.cc[337] : (in function: getCLs) - At r = 0.388019:	q_mu = 4.45472	q_A  = 2.66342	Pmu = 0.01460	1-Pb  = 0.29157	CLs  = 0.05007
AsymptoticLimits.cc[337] : (in function: getCLs) - At r = 0.388271:	q_mu = 4.45854	q_A  = 2.66641	Pmu = 0.01457	1-Pb  = 0.29159	CLs  = 0.04996
AsymptoticLimits.cc[337] : (in function: getCLs) - At r = 0.388145:	q_mu = 4.45640	q_A  = 2.66490	Pmu = 0.01459	1-Pb  = 0.29160	CLs  = 0.05002
AsymptoticLimits.cc[337] : (in function: getCLs) - At r = 0.388202:	q_mu = 4.45721	q_A  = 2.66557	Pmu = 0.01458	1-Pb  = 0.29161	CLs  = 0.04999
AsymptoticLimits.cc[337] : (in function: getCLs) - At r = 0.388180:	q_mu = 4.45686	q_A  = 2.66531	Pmu = 0.01458	1-Pb  = 0.29161	CLs  = 0.05000
AsymptoticLimits.cc[337] : (in function: getCLs) - At r = 0.388193:	q_mu = 4.45702	q_A  = 2.66546	Pmu = 0.01458	1-Pb  = 0.29161	CLs  = 0.05000
AsymptoticLimits.cc[337] : (in function: getCLs) - At r = 0.388190:	q_mu = 4.45676	q_A  = 2.66542	Pmu = 0.01458	1-Pb  = 0.29164	CLs  = 0.05001
AsymptoticLimits.cc[337] : (in function: getCLs) - At r = 0.388192:	q_mu = 4.45673	q_A  = 2.66544	Pmu = 0.01458	1-Pb  = 0.29164	CLs  = 0.05001
