CascadeMinimizer.cc[188] : (in function: improveOnce) - Minimization configured with Type=Minuit2, Algo=Migrad, strategy=0, tolerance=0.1
CascadeMinimizer.cc[215] : (in function: improveOnce) - Minimization finished with status=0
CascadeMinimizer.cc[219] : (in function: improveOnce) - Minimization success! status=0
ToyMCSamplerOpt.cc[146] : (in function: generateAsimov) - Using internal logic for binned/unbinned Asimov dataset generation
ToyMCSamplerOpt.cc[214] : (in function: generateWithHisto) - Generating asimov with histogram for pdf pdf_binpass_LOW_obsOnly: in 3 x-bins
ToyMCSamplerOpt.cc[215] : (in function: generateWithHisto) -  , in 1 y-bins
ToyMCSamplerOpt.cc[146] : (in function: generateAsimov) - Using internal logic for binned/unbinned Asimov dataset generation
ToyMCSamplerOpt.cc[214] : (in function: generateWithHisto) - Generating asimov with histogram for pdf pdf_binpass_SIG_obsOnly: in 1 x-bins
ToyMCSamplerOpt.cc[215] : (in function: generateWithHisto) -  , in 1 y-bins
ToyMCSamplerOpt.cc[146] : (in function: generateAsimov) - Using internal logic for binned/unbinned Asimov dataset generation
ToyMCSamplerOpt.cc[214] : (in function: generateWithHisto) - Generating asimov with histogram for pdf pdf_binpass_HIGH_obsOnly: in 5 x-bins
ToyMCSamplerOpt.cc[215] : (in function: generateWithHisto) -  , in 1 y-bins
ToyMCSamplerOpt.cc[146] : (in function: generateAsimov) - Using internal logic for binned/unbinned Asimov dataset generation
ToyMCSamplerOpt.cc[214] : (in function: generateWithHisto) - Generating asimov with histogram for pdf pdf_binfail_LOW_obsOnly: in 3 x-bins
ToyMCSamplerOpt.cc[215] : (in function: generateWithHisto) -  , in 1 y-bins
ToyMCSamplerOpt.cc[146] : (in function: generateAsimov) - Using internal logic for binned/unbinned Asimov dataset generation
ToyMCSamplerOpt.cc[214] : (in function: generateWithHisto) - Generating asimov with histogram for pdf pdf_binfail_SIG_obsOnly: in 1 x-bins
ToyMCSamplerOpt.cc[215] : (in function: generateWithHisto) -  , in 1 y-bins
ToyMCSamplerOpt.cc[146] : (in function: generateAsimov) - Using internal logic for binned/unbinned Asimov dataset generation
ToyMCSamplerOpt.cc[214] : (in function: generateWithHisto) - Generating asimov with histogram for pdf pdf_binfail_HIGH_obsOnly: in 5 x-bins
ToyMCSamplerOpt.cc[215] : (in function: generateWithHisto) -  , in 1 y-bins
AsymptoticLimits.cc[428] : (in function: runLimitExpected) - Median for expected limits = 3.01562, Sigma for expected limits = 1.53861
AsymptoticLimits.cc[191] : (in function: runLimit) - NLL at global minimum of data = -901.269 (r=7.4545e-08)
AsymptoticLimits.cc[211] : (in function: runLimit) - NLL at global minimum of asimov = -900.664 (r=4.32668e-07)
AsymptoticLimits.cc[337] : (in function: getCLs) - At r = 2.175123:	q_mu = 2.87429	q_A  = 2.84024	Pmu = 0.04500	1-Pb  = 0.49597	CLs  = 0.09073
AsymptoticLimits.cc[337] : (in function: getCLs) - At r = 4.350247:	q_mu = 5.42272	q_A  = 5.36579	Pmu = 0.00994	1-Pb  = 0.49510	CLs  = 0.02007
AsymptoticLimits.cc[337] : (in function: getCLs) - At r = 2.175123:	q_mu = 2.87428	q_A  = 2.84024	Pmu = 0.04500	1-Pb  = 0.49597	CLs  = 0.09073
AsymptoticLimits.cc[337] : (in function: getCLs) - At r = 3.297458:	q_mu = 4.22336	q_A  = 4.17642	Pmu = 0.01993	1-Pb  = 0.49542	CLs  = 0.04024
AsymptoticLimits.cc[337] : (in function: getCLs) - At r = 2.833104:	q_mu = 3.67461	q_A  = 3.63272	Pmu = 0.02762	1-Pb  = 0.49562	CLs  = 0.05573
AsymptoticLimits.cc[337] : (in function: getCLs) - At r = 3.049733:	q_mu = 3.93218	q_A  = 3.88790	Pmu = 0.02368	1-Pb  = 0.49552	CLs  = 0.04780
AsymptoticLimits.cc[337] : (in function: getCLs) - At r = 2.955533:	q_mu = 3.82052	q_A  = 3.77729	Pmu = 0.02531	1-Pb  = 0.49556	CLs  = 0.05108
AsymptoticLimits.cc[337] : (in function: getCLs) - At r = 2.998570:	q_mu = 3.87161	q_A  = 3.82788	Pmu = 0.02455	1-Pb  = 0.49554	CLs  = 0.04955
AsymptoticLimits.cc[337] : (in function: getCLs) - At r = 2.979675:	q_mu = 3.84918	q_A  = 3.80567	Pmu = 0.02488	1-Pb  = 0.49555	CLs  = 0.05021
AsymptoticLimits.cc[337] : (in function: getCLs) - At r = 2.988276:	q_mu = 3.85939	q_A  = 3.81578	Pmu = 0.02473	1-Pb  = 0.49555	CLs  = 0.04991
AsymptoticLimits.cc[337] : (in function: getCLs) - At r = 2.984497:	q_mu = 3.85490	q_A  = 3.81133	Pmu = 0.02480	1-Pb  = 0.49555	CLs  = 0.05004
AsymptoticLimits.cc[337] : (in function: getCLs) - At r = 2.986217:	q_mu = 3.85694	q_A  = 3.81336	Pmu = 0.02477	1-Pb  = 0.49555	CLs  = 0.04998
AsymptoticLimits.cc[337] : (in function: getCLs) - At r = 2.985462:	q_mu = 3.85605	q_A  = 3.81247	Pmu = 0.02478	1-Pb  = 0.49555	CLs  = 0.05001
AsymptoticLimits.cc[337] : (in function: getCLs) - At r = 2.985806:	q_mu = 3.85646	q_A  = 3.81287	Pmu = 0.02478	1-Pb  = 0.49555	CLs  = 0.05000
AsymptoticLimits.cc[337] : (in function: getCLs) - At r = 2.985655:	q_mu = 3.85628	q_A  = 3.81270	Pmu = 0.02478	1-Pb  = 0.49555	CLs  = 0.05000
AsymptoticLimits.cc[337] : (in function: getCLs) - At r = 2.985724:	q_mu = 3.85636	q_A  = 3.81278	Pmu = 0.02478	1-Pb  = 0.49555	CLs  = 0.05000
AsymptoticLimits.cc[337] : (in function: getCLs) - At r = 2.985694:	q_mu = 3.85632	q_A  = 3.81274	Pmu = 0.02478	1-Pb  = 0.49555	CLs  = 0.05000
AsymptoticLimits.cc[337] : (in function: getCLs) - At r = 2.985708:	q_mu = 3.85634	q_A  = 3.81276	Pmu = 0.02478	1-Pb  = 0.49555	CLs  = 0.05000
AsymptoticLimits.cc[337] : (in function: getCLs) - At r = 2.985702:	q_mu = 3.85633	q_A  = 3.81275	Pmu = 0.02478	1-Pb  = 0.49555	CLs  = 0.05000
