CascadeMinimizer.cc[188] : (in function: improveOnce) - Minimization configured with Type=Minuit2, Algo=Migrad, strategy=0, tolerance=0.1
CascadeMinimizer.cc[215] : (in function: improveOnce) - Minimization finished with status=0
CascadeMinimizer.cc[219] : (in function: improveOnce) - Minimization success! status=0
ToyMCSamplerOpt.cc[146] : (in function: generateAsimov) - Using internal logic for binned/unbinned Asimov dataset generation
ToyMCSamplerOpt.cc[214] : (in function: generateWithHisto) - Generating asimov with histogram for pdf pdf_binpass_LOW_obsOnly: in 3 x-bins
ToyMCSamplerOpt.cc[215] : (in function: generateWithHisto) -  , in 1 y-bins
ToyMCSamplerOpt.cc[146] : (in function: generateAsimov) - Using internal logic for binned/unbinned Asimov dataset generation
ToyMCSamplerOpt.cc[214] : (in function: generateWithHisto) - Generating asimov with histogram for pdf pdf_binpass_SIG_obsOnly: in 1 x-bins
ToyMCSamplerOpt.cc[215] : (in function: generateWithHisto) -  , in 1 y-bins
ToyMCSamplerOpt.cc[146] : (in function: generateAsimov) - Using internal logic for binned/unbinned Asimov dataset generation
ToyMCSamplerOpt.cc[214] : (in function: generateWithHisto) - Generating asimov with histogram for pdf pdf_binpass_HIGH_obsOnly: in 4 x-bins
ToyMCSamplerOpt.cc[215] : (in function: generateWithHisto) -  , in 1 y-bins
ToyMCSamplerOpt.cc[146] : (in function: generateAsimov) - Using internal logic for binned/unbinned Asimov dataset generation
ToyMCSamplerOpt.cc[214] : (in function: generateWithHisto) - Generating asimov with histogram for pdf pdf_binfail_LOW_obsOnly: in 3 x-bins
ToyMCSamplerOpt.cc[215] : (in function: generateWithHisto) -  , in 1 y-bins
ToyMCSamplerOpt.cc[146] : (in function: generateAsimov) - Using internal logic for binned/unbinned Asimov dataset generation
ToyMCSamplerOpt.cc[214] : (in function: generateWithHisto) - Generating asimov with histogram for pdf pdf_binfail_SIG_obsOnly: in 1 x-bins
ToyMCSamplerOpt.cc[215] : (in function: generateWithHisto) -  , in 1 y-bins
ToyMCSamplerOpt.cc[146] : (in function: generateAsimov) - Using internal logic for binned/unbinned Asimov dataset generation
ToyMCSamplerOpt.cc[214] : (in function: generateWithHisto) - Generating asimov with histogram for pdf pdf_binfail_HIGH_obsOnly: in 4 x-bins
ToyMCSamplerOpt.cc[215] : (in function: generateWithHisto) -  , in 1 y-bins
AsymptoticLimits.cc[428] : (in function: runLimitExpected) - Median for expected limits = 0.570312, Sigma for expected limits = 0.290981
AsymptoticLimits.cc[191] : (in function: runLimit) - NLL at global minimum of data = -3882.71 (r=0.149066)
AsymptoticLimits.cc[211] : (in function: runLimit) - NLL at global minimum of asimov = -3882.44 (r=0.00177566)
AsymptoticLimits.cc[337] : (in function: getCLs) - At r = 1.349066:	q_mu = 10.85387	q_A  = 13.67957	Pmu = 0.00049	1-Pb  = 0.65692	CLs  = 0.00075
AsymptoticLimits.cc[337] : (in function: getCLs) - At r = 0.749066:	q_mu = 3.89551	q_A  = 5.93546	Pmu = 0.02421	1-Pb  = 0.67817	CLs  = 0.03570
AsymptoticLimits.cc[337] : (in function: getCLs) - At r = 0.449066:	q_mu = 1.20099	q_A  = 2.58049	Pmu = 0.13656	1-Pb  = 0.69515	CLs  = 0.19645
AsymptoticLimits.cc[337] : (in function: getCLs) - At r = 0.599066:	q_mu = 2.43636	q_A  = 4.16931	Pmu = 0.05928	1-Pb  = 0.68474	CLs  = 0.08657
AsymptoticLimits.cc[337] : (in function: getCLs) - At r = 0.673418:	q_mu = 3.13049	q_A  = 5.02794	Pmu = 0.03842	1-Pb  = 0.68189	CLs  = 0.05634
AsymptoticLimits.cc[337] : (in function: getCLs) - At r = 0.704385:	q_mu = 3.43864	q_A  = 5.39577	Pmu = 0.03184	1-Pb  = 0.68029	CLs  = 0.04681
AsymptoticLimits.cc[337] : (in function: getCLs) - At r = 0.689380:	q_mu = 3.28825	q_A  = 5.21683	Pmu = 0.03489	1-Pb  = 0.68107	CLs  = 0.05123
AsymptoticLimits.cc[337] : (in function: getCLs) - At r = 0.695607:	q_mu = 3.35044	q_A  = 5.29095	Pmu = 0.03359	1-Pb  = 0.68075	CLs  = 0.04935
AsymptoticLimits.cc[337] : (in function: getCLs) - At r = 0.692611:	q_mu = 3.32048	q_A  = 5.25525	Pmu = 0.03421	1-Pb  = 0.68090	CLs  = 0.05024
AsymptoticLimits.cc[337] : (in function: getCLs) - At r = 0.693858:	q_mu = 3.33293	q_A  = 5.27010	Pmu = 0.03395	1-Pb  = 0.68084	CLs  = 0.04987
AsymptoticLimits.cc[337] : (in function: getCLs) - At r = 0.693260:	q_mu = 3.32695	q_A  = 5.26297	Pmu = 0.03408	1-Pb  = 0.68087	CLs  = 0.05005
AsymptoticLimits.cc[337] : (in function: getCLs) - At r = 0.693509:	q_mu = 3.32944	q_A  = 5.26594	Pmu = 0.03402	1-Pb  = 0.68085	CLs  = 0.04997
AsymptoticLimits.cc[337] : (in function: getCLs) - At r = 0.693390:	q_mu = 3.32834	q_A  = 5.26452	Pmu = 0.03405	1-Pb  = 0.68085	CLs  = 0.05001
AsymptoticLimits.cc[337] : (in function: getCLs) - At r = 0.693435:	q_mu = 3.32869	q_A  = 5.26506	Pmu = 0.03404	1-Pb  = 0.68086	CLs  = 0.05000
AsymptoticLimits.cc[337] : (in function: getCLs) - At r = 0.693415:	q_mu = 3.32847	q_A  = 5.26482	Pmu = 0.03405	1-Pb  = 0.68086	CLs  = 0.05000
AsymptoticLimits.cc[337] : (in function: getCLs) - At r = 0.693427:	q_mu = 3.32858	q_A  = 5.26496	Pmu = 0.03404	1-Pb  = 0.68086	CLs  = 0.05000
AsymptoticLimits.cc[337] : (in function: getCLs) - At r = 0.693423:	q_mu = 3.32855	q_A  = 5.26491	Pmu = 0.03404	1-Pb  = 0.68086	CLs  = 0.05000
AsymptoticLimits.cc[337] : (in function: getCLs) - At r = 0.693424:	q_mu = 3.32856	q_A  = 5.26493	Pmu = 0.03404	1-Pb  = 0.68086	CLs  = 0.05000
