CascadeMinimizer.cc[188] : (in function: improveOnce) - Minimization configured with Type=Minuit2, Algo=Migrad, strategy=0, tolerance=0.1
CascadeMinimizer.cc[215] : (in function: improveOnce) - Minimization finished with status=0
CascadeMinimizer.cc[219] : (in function: improveOnce) - Minimization success! status=0
ToyMCSamplerOpt.cc[146] : (in function: generateAsimov) - Using internal logic for binned/unbinned Asimov dataset generation
ToyMCSamplerOpt.cc[214] : (in function: generateWithHisto) - Generating asimov with histogram for pdf pdf_binpass_LOW_obsOnly: in 3 x-bins
ToyMCSamplerOpt.cc[215] : (in function: generateWithHisto) -  , in 1 y-bins
ToyMCSamplerOpt.cc[146] : (in function: generateAsimov) - Using internal logic for binned/unbinned Asimov dataset generation
ToyMCSamplerOpt.cc[214] : (in function: generateWithHisto) - Generating asimov with histogram for pdf pdf_binpass_SIG_obsOnly: in 1 x-bins
ToyMCSamplerOpt.cc[215] : (in function: generateWithHisto) -  , in 1 y-bins
ToyMCSamplerOpt.cc[146] : (in function: generateAsimov) - Using internal logic for binned/unbinned Asimov dataset generation
ToyMCSamplerOpt.cc[214] : (in function: generateWithHisto) - Generating asimov with histogram for pdf pdf_binpass_HIGH_obsOnly: in 4 x-bins
ToyMCSamplerOpt.cc[215] : (in function: generateWithHisto) -  , in 1 y-bins
ToyMCSamplerOpt.cc[146] : (in function: generateAsimov) - Using internal logic for binned/unbinned Asimov dataset generation
ToyMCSamplerOpt.cc[214] : (in function: generateWithHisto) - Generating asimov with histogram for pdf pdf_binfail_LOW_obsOnly: in 3 x-bins
ToyMCSamplerOpt.cc[215] : (in function: generateWithHisto) -  , in 1 y-bins
ToyMCSamplerOpt.cc[146] : (in function: generateAsimov) - Using internal logic for binned/unbinned Asimov dataset generation
ToyMCSamplerOpt.cc[214] : (in function: generateWithHisto) - Generating asimov with histogram for pdf pdf_binfail_SIG_obsOnly: in 1 x-bins
ToyMCSamplerOpt.cc[215] : (in function: generateWithHisto) -  , in 1 y-bins
ToyMCSamplerOpt.cc[146] : (in function: generateAsimov) - Using internal logic for binned/unbinned Asimov dataset generation
ToyMCSamplerOpt.cc[214] : (in function: generateWithHisto) - Generating asimov with histogram for pdf pdf_binfail_HIGH_obsOnly: in 4 x-bins
ToyMCSamplerOpt.cc[215] : (in function: generateWithHisto) -  , in 1 y-bins
AsymptoticLimits.cc[428] : (in function: runLimitExpected) - Median for expected limits = 0.380859, Sigma for expected limits = 0.19432
AsymptoticLimits.cc[191] : (in function: runLimit) - NLL at global minimum of data = -3866.74 (r=4.38955e-11)
AsymptoticLimits.cc[211] : (in function: runLimit) - NLL at global minimum of asimov = -3866.61 (r=3.82722e-06)
AsymptoticLimits.cc[337] : (in function: getCLs) - At r = 1.200000:	q_mu = 13.94352	q_A  = 12.06995	Pmu = 0.00009	1-Pb  = 0.39372	CLs  = 0.00023
AsymptoticLimits.cc[337] : (in function: getCLs) - At r = 0.600000:	q_mu = 7.73609	q_A  = 6.19453	Pmu = 0.00257	1-Pb  = 0.37840	CLs  = 0.00678
AsymptoticLimits.cc[337] : (in function: getCLs) - At r = 0.300000:	q_mu = 4.12558	q_A  = 2.94457	Pmu = 0.01969	1-Pb  = 0.36538	CLs  = 0.05390
AsymptoticLimits.cc[337] : (in function: getCLs) - At r = 0.450000:	q_mu = 5.98310	q_A  = 4.59067	Pmu = 0.00680	1-Pb  = 0.37261	CLs  = 0.01826
AsymptoticLimits.cc[337] : (in function: getCLs) - At r = 0.338329:	q_mu = 4.61133	q_A  = 3.36780	Pmu = 0.01485	1-Pb  = 0.36738	CLs  = 0.04043
AsymptoticLimits.cc[337] : (in function: getCLs) - At r = 0.315679:	q_mu = 4.32522	q_A  = 3.11777	Pmu = 0.01753	1-Pb  = 0.36621	CLs  = 0.04787
AsymptoticLimits.cc[337] : (in function: getCLs) - At r = 0.307946:	q_mu = 4.22688	q_A  = 3.03234	Pmu = 0.01856	1-Pb  = 0.36580	CLs  = 0.05075
AsymptoticLimits.cc[337] : (in function: getCLs) - At r = 0.311069:	q_mu = 4.26662	q_A  = 3.06683	Pmu = 0.01814	1-Pb  = 0.36597	CLs  = 0.04957
AsymptoticLimits.cc[337] : (in function: getCLs) - At r = 0.309520:	q_mu = 4.24694	q_A  = 3.04972	Pmu = 0.01835	1-Pb  = 0.36588	CLs  = 0.05015
AsymptoticLimits.cc[337] : (in function: getCLs) - At r = 0.310143:	q_mu = 4.25485	q_A  = 3.05661	Pmu = 0.01826	1-Pb  = 0.36592	CLs  = 0.04991
AsymptoticLimits.cc[337] : (in function: getCLs) - At r = 0.309834:	q_mu = 4.25091	q_A  = 3.05318	Pmu = 0.01831	1-Pb  = 0.36590	CLs  = 0.05003
AsymptoticLimits.cc[337] : (in function: getCLs) - At r = 0.309959:	q_mu = 4.25252	q_A  = 3.05457	Pmu = 0.01829	1-Pb  = 0.36591	CLs  = 0.04998
AsymptoticLimits.cc[337] : (in function: getCLs) - At r = 0.309896:	q_mu = 4.25171	q_A  = 3.05388	Pmu = 0.01830	1-Pb  = 0.36590	CLs  = 0.05001
AsymptoticLimits.cc[337] : (in function: getCLs) - At r = 0.309921:	q_mu = 4.25203	q_A  = 3.05416	Pmu = 0.01829	1-Pb  = 0.36591	CLs  = 0.05000
AsymptoticLimits.cc[337] : (in function: getCLs) - At r = 0.309909:	q_mu = 4.25187	q_A  = 3.05402	Pmu = 0.01830	1-Pb  = 0.36591	CLs  = 0.05000
AsymptoticLimits.cc[337] : (in function: getCLs) - At r = 0.309914:	q_mu = 4.25194	q_A  = 3.05409	Pmu = 0.01830	1-Pb  = 0.36591	CLs  = 0.05000
AsymptoticLimits.cc[337] : (in function: getCLs) - At r = 0.309911:	q_mu = 4.25190	q_A  = 3.05405	Pmu = 0.01830	1-Pb  = 0.36591	CLs  = 0.05000
