CascadeMinimizer.cc[188] : (in function: improveOnce) - Minimization configured with Type=Minuit2, Algo=Migrad, strategy=0, tolerance=0.1
CascadeMinimizer.cc[215] : (in function: improveOnce) - Minimization finished with status=0
CascadeMinimizer.cc[219] : (in function: improveOnce) - Minimization success! status=0
ToyMCSamplerOpt.cc[146] : (in function: generateAsimov) - Using internal logic for binned/unbinned Asimov dataset generation
ToyMCSamplerOpt.cc[214] : (in function: generateWithHisto) - Generating asimov with histogram for pdf pdf_binpass_LOW_obsOnly: in 3 x-bins
ToyMCSamplerOpt.cc[215] : (in function: generateWithHisto) -  , in 1 y-bins
ToyMCSamplerOpt.cc[146] : (in function: generateAsimov) - Using internal logic for binned/unbinned Asimov dataset generation
ToyMCSamplerOpt.cc[214] : (in function: generateWithHisto) - Generating asimov with histogram for pdf pdf_binpass_SIG_obsOnly: in 1 x-bins
ToyMCSamplerOpt.cc[215] : (in function: generateWithHisto) -  , in 1 y-bins
ToyMCSamplerOpt.cc[146] : (in function: generateAsimov) - Using internal logic for binned/unbinned Asimov dataset generation
ToyMCSamplerOpt.cc[214] : (in function: generateWithHisto) - Generating asimov with histogram for pdf pdf_binpass_HIGH_obsOnly: in 3 x-bins
ToyMCSamplerOpt.cc[215] : (in function: generateWithHisto) -  , in 1 y-bins
ToyMCSamplerOpt.cc[146] : (in function: generateAsimov) - Using internal logic for binned/unbinned Asimov dataset generation
ToyMCSamplerOpt.cc[214] : (in function: generateWithHisto) - Generating asimov with histogram for pdf pdf_binfail_LOW_obsOnly: in 3 x-bins
ToyMCSamplerOpt.cc[215] : (in function: generateWithHisto) -  , in 1 y-bins
ToyMCSamplerOpt.cc[146] : (in function: generateAsimov) - Using internal logic for binned/unbinned Asimov dataset generation
ToyMCSamplerOpt.cc[214] : (in function: generateWithHisto) - Generating asimov with histogram for pdf pdf_binfail_SIG_obsOnly: in 1 x-bins
ToyMCSamplerOpt.cc[215] : (in function: generateWithHisto) -  , in 1 y-bins
ToyMCSamplerOpt.cc[146] : (in function: generateAsimov) - Using internal logic for binned/unbinned Asimov dataset generation
ToyMCSamplerOpt.cc[214] : (in function: generateWithHisto) - Generating asimov with histogram for pdf pdf_binfail_HIGH_obsOnly: in 3 x-bins
ToyMCSamplerOpt.cc[215] : (in function: generateWithHisto) -  , in 1 y-bins
AsymptoticLimits.cc[428] : (in function: runLimitExpected) - Median for expected limits = 0.486328, Sigma for expected limits = 0.248131
AsymptoticLimits.cc[191] : (in function: runLimit) - NLL at global minimum of data = -8445.19 (r=4.06548e-07)
AsymptoticLimits.cc[211] : (in function: runLimit) - NLL at global minimum of asimov = -8445.08 (r=1.08772e-08)
AsymptoticLimits.cc[337] : (in function: getCLs) - At r = 1.200000:	q_mu = 15.49366	q_A  = 9.70667	Pmu = 0.00003	1-Pb  = 0.17652	CLs  = 0.00015
AsymptoticLimits.cc[337] : (in function: getCLs) - At r = 0.600000:	q_mu = 9.26727	q_A  = 4.84450	Pmu = 0.00067	1-Pb  = 0.15752	CLs  = 0.00428
AsymptoticLimits.cc[337] : (in function: getCLs) - At r = 0.300000:	q_mu = 5.29155	q_A  = 2.17746	Pmu = 0.00569	1-Pb  = 0.14567	CLs  = 0.03906
AsymptoticLimits.cc[337] : (in function: getCLs) - At r = 0.150000:	q_mu = 2.91446	q_A  = 0.88381	Pmu = 0.02169	1-Pb  = 0.14007	CLs  = 0.15482
AsymptoticLimits.cc[337] : (in function: getCLs) - At r = 0.225000:	q_mu = 4.14643	q_A  = 1.51739	Pmu = 0.01075	1-Pb  = 0.14296	CLs  = 0.07522
AsymptoticLimits.cc[337] : (in function: getCLs) - At r = 0.262396:	q_mu = 4.72698	q_A  = 1.84360	Pmu = 0.00777	1-Pb  = 0.14417	CLs  = 0.05389
AsymptoticLimits.cc[337] : (in function: getCLs) - At r = 0.276922:	q_mu = 4.94724	q_A  = 1.97196	Pmu = 0.00688	1-Pb  = 0.14472	CLs  = 0.04752
AsymptoticLimits.cc[337] : (in function: getCLs) - At r = 0.269317:	q_mu = 4.83226	q_A  = 1.90466	Pmu = 0.00733	1-Pb  = 0.14442	CLs  = 0.05074
AsymptoticLimits.cc[337] : (in function: getCLs) - At r = 0.272204:	q_mu = 4.87601	q_A  = 1.93020	Pmu = 0.00715	1-Pb  = 0.14453	CLs  = 0.04949
AsymptoticLimits.cc[337] : (in function: getCLs) - At r = 0.270680:	q_mu = 4.85292	q_A  = 1.91670	Pmu = 0.00725	1-Pb  = 0.14447	CLs  = 0.05015
AsymptoticLimits.cc[337] : (in function: getCLs) - At r = 0.271257:	q_mu = 4.86167	q_A  = 1.92182	Pmu = 0.00721	1-Pb  = 0.14450	CLs  = 0.04990
AsymptoticLimits.cc[337] : (in function: getCLs) - At r = 0.270952:	q_mu = 4.85704	q_A  = 1.91911	Pmu = 0.00723	1-Pb  = 0.14449	CLs  = 0.05003
AsymptoticLimits.cc[337] : (in function: getCLs) - At r = 0.271068:	q_mu = 4.85880	q_A  = 1.92014	Pmu = 0.00722	1-Pb  = 0.14449	CLs  = 0.04998
AsymptoticLimits.cc[337] : (in function: getCLs) - At r = 0.271006:	q_mu = 4.85787	q_A  = 1.91959	Pmu = 0.00723	1-Pb  = 0.14449	CLs  = 0.05001
AsymptoticLimits.cc[337] : (in function: getCLs) - At r = 0.271030:	q_mu = 4.85822	q_A  = 1.91981	Pmu = 0.00722	1-Pb  = 0.14449	CLs  = 0.05000
AsymptoticLimits.cc[337] : (in function: getCLs) - At r = 0.271017:	q_mu = 4.85803	q_A  = 1.91969	Pmu = 0.00722	1-Pb  = 0.14449	CLs  = 0.05000
AsymptoticLimits.cc[337] : (in function: getCLs) - At r = 0.271022:	q_mu = 4.85810	q_A  = 1.91974	Pmu = 0.00722	1-Pb  = 0.14449	CLs  = 0.05000
AsymptoticLimits.cc[337] : (in function: getCLs) - At r = 0.271019:	q_mu = 4.85807	q_A  = 1.91971	Pmu = 0.00722	1-Pb  = 0.14449	CLs  = 0.05000
