CascadeMinimizer.cc[188] : (in function: improveOnce) - Minimization configured with Type=Minuit2, Algo=Migrad, strategy=0, tolerance=0.1
CascadeMinimizer.cc[215] : (in function: improveOnce) - Minimization finished with status=0
CascadeMinimizer.cc[219] : (in function: improveOnce) - Minimization success! status=0
ToyMCSamplerOpt.cc[146] : (in function: generateAsimov) - Using internal logic for binned/unbinned Asimov dataset generation
ToyMCSamplerOpt.cc[214] : (in function: generateWithHisto) - Generating asimov with histogram for pdf pdf_binpass_LOW_obsOnly: in 3 x-bins
ToyMCSamplerOpt.cc[215] : (in function: generateWithHisto) -  , in 1 y-bins
ToyMCSamplerOpt.cc[146] : (in function: generateAsimov) - Using internal logic for binned/unbinned Asimov dataset generation
ToyMCSamplerOpt.cc[214] : (in function: generateWithHisto) - Generating asimov with histogram for pdf pdf_binpass_SIG_obsOnly: in 1 x-bins
ToyMCSamplerOpt.cc[215] : (in function: generateWithHisto) -  , in 1 y-bins
ToyMCSamplerOpt.cc[146] : (in function: generateAsimov) - Using internal logic for binned/unbinned Asimov dataset generation
ToyMCSamplerOpt.cc[214] : (in function: generateWithHisto) - Generating asimov with histogram for pdf pdf_binpass_HIGH_obsOnly: in 3 x-bins
ToyMCSamplerOpt.cc[215] : (in function: generateWithHisto) -  , in 1 y-bins
ToyMCSamplerOpt.cc[146] : (in function: generateAsimov) - Using internal logic for binned/unbinned Asimov dataset generation
ToyMCSamplerOpt.cc[214] : (in function: generateWithHisto) - Generating asimov with histogram for pdf pdf_binfail_LOW_obsOnly: in 3 x-bins
ToyMCSamplerOpt.cc[215] : (in function: generateWithHisto) -  , in 1 y-bins
ToyMCSamplerOpt.cc[146] : (in function: generateAsimov) - Using internal logic for binned/unbinned Asimov dataset generation
ToyMCSamplerOpt.cc[214] : (in function: generateWithHisto) - Generating asimov with histogram for pdf pdf_binfail_SIG_obsOnly: in 1 x-bins
ToyMCSamplerOpt.cc[215] : (in function: generateWithHisto) -  , in 1 y-bins
ToyMCSamplerOpt.cc[146] : (in function: generateAsimov) - Using internal logic for binned/unbinned Asimov dataset generation
ToyMCSamplerOpt.cc[214] : (in function: generateWithHisto) - Generating asimov with histogram for pdf pdf_binfail_HIGH_obsOnly: in 3 x-bins
ToyMCSamplerOpt.cc[215] : (in function: generateWithHisto) -  , in 1 y-bins
AsymptoticLimits.cc[428] : (in function: runLimitExpected) - Median for expected limits = 0.328125, Sigma for expected limits = 0.167414
AsymptoticLimits.cc[191] : (in function: runLimit) - NLL at global minimum of data = -706.442 (r=1.8317e-08)
AsymptoticLimits.cc[211] : (in function: runLimit) - NLL at global minimum of asimov = -706.328 (r=2.02144e-08)
AsymptoticLimits.cc[337] : (in function: getCLs) - At r = 1.200000:	q_mu = 14.58512	q_A  = 11.58335	Pmu = 0.00006	1-Pb  = 0.32961	CLs  = 0.00018
AsymptoticLimits.cc[337] : (in function: getCLs) - At r = 0.600000:	q_mu = 8.54409	q_A  = 6.35103	Pmu = 0.00156	1-Pb  = 0.33174	CLs  = 0.00471
AsymptoticLimits.cc[337] : (in function: getCLs) - At r = 0.300000:	q_mu = 4.79269	q_A  = 3.57246	Pmu = 0.01345	1-Pb  = 0.37343	CLs  = 0.03602
AsymptoticLimits.cc[337] : (in function: getCLs) - At r = 0.150000:	q_mu = 2.62183	q_A  = 2.07545	Pmu = 0.05152	1-Pb  = 0.42480	CLs  = 0.12129
AsymptoticLimits.cc[337] : (in function: getCLs) - At r = 0.237595:	q_mu = 3.91893	q_A  = 2.97351	Pmu = 0.02283	1-Pb  = 0.39199	CLs  = 0.05824
AsymptoticLimits.cc[337] : (in function: getCLs) - At r = 0.265932:	q_mu = 4.32030	q_A  = 3.24813	Pmu = 0.01788	1-Pb  = 0.38306	CLs  = 0.04667
AsymptoticLimits.cc[337] : (in function: getCLs) - At r = 0.253210:	q_mu = 4.14089	q_A  = 3.12585	Pmu = 0.01994	1-Pb  = 0.38703	CLs  = 0.05151
AsymptoticLimits.cc[337] : (in function: getCLs) - At r = 0.258824:	q_mu = 4.22011	q_A  = 3.17973	Pmu = 0.01900	1-Pb  = 0.38525	CLs  = 0.04931
AsymptoticLimits.cc[337] : (in function: getCLs) - At r = 0.256276:	q_mu = 4.18398	q_A  = 3.15523	Pmu = 0.01942	1-Pb  = 0.38607	CLs  = 0.05030
AsymptoticLimits.cc[337] : (in function: getCLs) - At r = 0.257404:	q_mu = 4.19898	q_A  = 3.16605	Pmu = 0.01925	1-Pb  = 0.38581	CLs  = 0.04988
AsymptoticLimits.cc[337] : (in function: getCLs) - At r = 0.256925:	q_mu = 4.19217	q_A  = 3.16143	Pmu = 0.01932	1-Pb  = 0.38596	CLs  = 0.05007
AsymptoticLimits.cc[337] : (in function: getCLs) - At r = 0.257163:	q_mu = 4.19548	q_A  = 3.16371	Pmu = 0.01929	1-Pb  = 0.38589	CLs  = 0.04998
AsymptoticLimits.cc[337] : (in function: getCLs) - At r = 0.257069:	q_mu = 4.19416	q_A  = 3.16281	Pmu = 0.01930	1-Pb  = 0.38592	CLs  = 0.05001
AsymptoticLimits.cc[337] : (in function: getCLs) - At r = 0.257117:	q_mu = 4.19484	q_A  = 3.16326	Pmu = 0.01929	1-Pb  = 0.38591	CLs  = 0.05000
AsymptoticLimits.cc[337] : (in function: getCLs) - At r = 0.257099:	q_mu = 4.19458	q_A  = 3.16308	Pmu = 0.01930	1-Pb  = 0.38591	CLs  = 0.05000
AsymptoticLimits.cc[337] : (in function: getCLs) - At r = 0.257109:	q_mu = 4.19472	q_A  = 3.16317	Pmu = 0.01930	1-Pb  = 0.38591	CLs  = 0.05000
AsymptoticLimits.cc[337] : (in function: getCLs) - At r = 0.257105:	q_mu = 4.19467	q_A  = 3.16313	Pmu = 0.01930	1-Pb  = 0.38591	CLs  = 0.05000
