CascadeMinimizer.cc[188] : (in function: improveOnce) - Minimization configured with Type=Minuit2, Algo=Migrad, strategy=0, tolerance=0.1
CascadeMinimizer.cc[215] : (in function: improveOnce) - Minimization finished with status=0
CascadeMinimizer.cc[219] : (in function: improveOnce) - Minimization success! status=0
ToyMCSamplerOpt.cc[146] : (in function: generateAsimov) - Using internal logic for binned/unbinned Asimov dataset generation
ToyMCSamplerOpt.cc[214] : (in function: generateWithHisto) - Generating asimov with histogram for pdf pdf_binpass_LOW_obsOnly: in 3 x-bins
ToyMCSamplerOpt.cc[215] : (in function: generateWithHisto) -  , in 1 y-bins
ToyMCSamplerOpt.cc[146] : (in function: generateAsimov) - Using internal logic for binned/unbinned Asimov dataset generation
ToyMCSamplerOpt.cc[214] : (in function: generateWithHisto) - Generating asimov with histogram for pdf pdf_binpass_SIG_obsOnly: in 1 x-bins
ToyMCSamplerOpt.cc[215] : (in function: generateWithHisto) -  , in 1 y-bins
ToyMCSamplerOpt.cc[146] : (in function: generateAsimov) - Using internal logic for binned/unbinned Asimov dataset generation
ToyMCSamplerOpt.cc[214] : (in function: generateWithHisto) - Generating asimov with histogram for pdf pdf_binpass_HIGH_obsOnly: in 3 x-bins
ToyMCSamplerOpt.cc[215] : (in function: generateWithHisto) -  , in 1 y-bins
ToyMCSamplerOpt.cc[146] : (in function: generateAsimov) - Using internal logic for binned/unbinned Asimov dataset generation
ToyMCSamplerOpt.cc[214] : (in function: generateWithHisto) - Generating asimov with histogram for pdf pdf_binfail_LOW_obsOnly: in 3 x-bins
ToyMCSamplerOpt.cc[215] : (in function: generateWithHisto) -  , in 1 y-bins
ToyMCSamplerOpt.cc[146] : (in function: generateAsimov) - Using internal logic for binned/unbinned Asimov dataset generation
ToyMCSamplerOpt.cc[214] : (in function: generateWithHisto) - Generating asimov with histogram for pdf pdf_binfail_SIG_obsOnly: in 1 x-bins
ToyMCSamplerOpt.cc[215] : (in function: generateWithHisto) -  , in 1 y-bins
ToyMCSamplerOpt.cc[146] : (in function: generateAsimov) - Using internal logic for binned/unbinned Asimov dataset generation
ToyMCSamplerOpt.cc[214] : (in function: generateWithHisto) - Generating asimov with histogram for pdf pdf_binfail_HIGH_obsOnly: in 3 x-bins
ToyMCSamplerOpt.cc[215] : (in function: generateWithHisto) -  , in 1 y-bins
AsymptoticLimits.cc[428] : (in function: runLimitExpected) - Median for expected limits = 1.39062, Sigma for expected limits = 0.709516
AsymptoticLimits.cc[191] : (in function: runLimit) - NLL at global minimum of data = -681.468 (r=1.13495e-06)
AsymptoticLimits.cc[211] : (in function: runLimit) - NLL at global minimum of asimov = -681.656 (r=7.85533e-07)
AsymptoticLimits.cc[337] : (in function: getCLs) - At r = 1.200001:	q_mu = 3.48039	q_A  = 3.40478	Pmu = 0.03104	1-Pb  = 0.49183	CLs  = 0.06312
AsymptoticLimits.cc[337] : (in function: getCLs) - At r = 2.400002:	q_mu = 6.05785	q_A  = 5.92018	Pmu = 0.00692	1-Pb  = 0.48872	CLs  = 0.01416
AsymptoticLimits.cc[337] : (in function: getCLs) - At r = 1.200002:	q_mu = 3.48051	q_A  = 3.40481	Pmu = 0.03104	1-Pb  = 0.49182	CLs  = 0.06311
AsymptoticLimits.cc[337] : (in function: getCLs) - At r = 1.800002:	q_mu = 4.84404	q_A  = 4.73554	Pmu = 0.01387	1-Pb  = 0.49006	CLs  = 0.02829
AsymptoticLimits.cc[337] : (in function: getCLs) - At r = 1.459348:	q_mu = 4.09128	q_A  = 4.00096	Pmu = 0.02155	1-Pb  = 0.49099	CLs  = 0.04388
AsymptoticLimits.cc[337] : (in function: getCLs) - At r = 1.332969:	q_mu = 3.79804	q_A  = 3.71483	Pmu = 0.02565	1-Pb  = 0.49139	CLs  = 0.05220
AsymptoticLimits.cc[337] : (in function: getCLs) - At r = 1.383305:	q_mu = 3.91581	q_A  = 3.82976	Pmu = 0.02391	1-Pb  = 0.49123	CLs  = 0.04867
AsymptoticLimits.cc[337] : (in function: getCLs) - At r = 1.357750:	q_mu = 3.85618	q_A  = 3.77158	Pmu = 0.02477	1-Pb  = 0.49131	CLs  = 0.05043
AsymptoticLimits.cc[337] : (in function: getCLs) - At r = 1.367758:	q_mu = 3.87957	q_A  = 3.79438	Pmu = 0.02443	1-Pb  = 0.49128	CLs  = 0.04973
AsymptoticLimits.cc[337] : (in function: getCLs) - At r = 1.362639:	q_mu = 3.86761	q_A  = 3.78271	Pmu = 0.02461	1-Pb  = 0.49129	CLs  = 0.05008
AsymptoticLimits.cc[337] : (in function: getCLs) - At r = 1.364640:	q_mu = 3.87229	q_A  = 3.78727	Pmu = 0.02454	1-Pb  = 0.49129	CLs  = 0.04995
AsymptoticLimits.cc[337] : (in function: getCLs) - At r = 1.363616:	q_mu = 3.86990	q_A  = 3.78493	Pmu = 0.02457	1-Pb  = 0.49129	CLs  = 0.05002
AsymptoticLimits.cc[337] : (in function: getCLs) - At r = 1.364017:	q_mu = 3.87083	q_A  = 3.78585	Pmu = 0.02456	1-Pb  = 0.49129	CLs  = 0.04999
AsymptoticLimits.cc[337] : (in function: getCLs) - At r = 1.363812:	q_mu = 3.87035	q_A  = 3.78538	Pmu = 0.02457	1-Pb  = 0.49129	CLs  = 0.05000
AsymptoticLimits.cc[337] : (in function: getCLs) - At r = 1.363892:	q_mu = 3.87054	q_A  = 3.78556	Pmu = 0.02456	1-Pb  = 0.49129	CLs  = 0.05000
AsymptoticLimits.cc[337] : (in function: getCLs) - At r = 1.363851:	q_mu = 3.87044	q_A  = 3.78547	Pmu = 0.02456	1-Pb  = 0.49129	CLs  = 0.05000
AsymptoticLimits.cc[337] : (in function: getCLs) - At r = 1.363867:	q_mu = 3.87048	q_A  = 3.78550	Pmu = 0.02456	1-Pb  = 0.49129	CLs  = 0.05000
AsymptoticLimits.cc[337] : (in function: getCLs) - At r = 1.363859:	q_mu = 3.87046	q_A  = 3.78549	Pmu = 0.02456	1-Pb  = 0.49129	CLs  = 0.05000
AsymptoticLimits.cc[337] : (in function: getCLs) - At r = 1.363862:	q_mu = 3.87047	q_A  = 3.78549	Pmu = 0.02456	1-Pb  = 0.49129	CLs  = 0.05000
