CascadeMinimizer.cc[188] : (in function: improveOnce) - Minimization configured with Type=Minuit2, Algo=Migrad, strategy=0, tolerance=0.1
CascadeMinimizer.cc[215] : (in function: improveOnce) - Minimization finished with status=0
CascadeMinimizer.cc[219] : (in function: improveOnce) - Minimization success! status=0
ToyMCSamplerOpt.cc[146] : (in function: generateAsimov) - Using internal logic for binned/unbinned Asimov dataset generation
ToyMCSamplerOpt.cc[214] : (in function: generateWithHisto) - Generating asimov with histogram for pdf pdf_binpass_LOW_obsOnly: in 3 x-bins
ToyMCSamplerOpt.cc[215] : (in function: generateWithHisto) -  , in 1 y-bins
ToyMCSamplerOpt.cc[146] : (in function: generateAsimov) - Using internal logic for binned/unbinned Asimov dataset generation
ToyMCSamplerOpt.cc[214] : (in function: generateWithHisto) - Generating asimov with histogram for pdf pdf_binpass_SIG_obsOnly: in 1 x-bins
ToyMCSamplerOpt.cc[215] : (in function: generateWithHisto) -  , in 1 y-bins
ToyMCSamplerOpt.cc[146] : (in function: generateAsimov) - Using internal logic for binned/unbinned Asimov dataset generation
ToyMCSamplerOpt.cc[214] : (in function: generateWithHisto) - Generating asimov with histogram for pdf pdf_binpass_HIGH_obsOnly: in 3 x-bins
ToyMCSamplerOpt.cc[215] : (in function: generateWithHisto) -  , in 1 y-bins
ToyMCSamplerOpt.cc[146] : (in function: generateAsimov) - Using internal logic for binned/unbinned Asimov dataset generation
ToyMCSamplerOpt.cc[214] : (in function: generateWithHisto) - Generating asimov with histogram for pdf pdf_binfail_LOW_obsOnly: in 3 x-bins
ToyMCSamplerOpt.cc[215] : (in function: generateWithHisto) -  , in 1 y-bins
ToyMCSamplerOpt.cc[146] : (in function: generateAsimov) - Using internal logic for binned/unbinned Asimov dataset generation
ToyMCSamplerOpt.cc[214] : (in function: generateWithHisto) - Generating asimov with histogram for pdf pdf_binfail_SIG_obsOnly: in 1 x-bins
ToyMCSamplerOpt.cc[215] : (in function: generateWithHisto) -  , in 1 y-bins
ToyMCSamplerOpt.cc[146] : (in function: generateAsimov) - Using internal logic for binned/unbinned Asimov dataset generation
ToyMCSamplerOpt.cc[214] : (in function: generateWithHisto) - Generating asimov with histogram for pdf pdf_binfail_HIGH_obsOnly: in 3 x-bins
ToyMCSamplerOpt.cc[215] : (in function: generateWithHisto) -  , in 1 y-bins
AsymptoticLimits.cc[428] : (in function: runLimitExpected) - Median for expected limits = 0.808594, Sigma for expected limits = 0.412555
AsymptoticLimits.cc[191] : (in function: runLimit) - NLL at global minimum of data = -8456.97 (r=0.9966)
AsymptoticLimits.cc[211] : (in function: runLimit) - NLL at global minimum of asimov = -8451.45 (r=0.00438937)
AsymptoticLimits.cc[337] : (in function: getCLs) - At r = 2.196600:	q_mu = 3.34569	q_A  = 13.29339	Pmu = 0.03369	1-Pb  = 0.96538	CLs  = 0.03490
AsymptoticLimits.cc[337] : (in function: getCLs) - At r = 1.596600:	q_mu = 1.15550	q_A  = 9.30046	Pmu = 0.14120	1-Pb  = 0.97585	CLs  = 0.14469
AsymptoticLimits.cc[337] : (in function: getCLs) - At r = 1.955239:	q_mu = 2.40888	q_A  = 11.71772	Pmu = 0.06032	1-Pb  = 0.96933	CLs  = 0.06223
AsymptoticLimits.cc[337] : (in function: getCLs) - At r = 2.076570:	q_mu = 2.87338	q_A  = 12.51528	Pmu = 0.04503	1-Pb  = 0.96731	CLs  = 0.04655
AsymptoticLimits.cc[337] : (in function: getCLs) - At r = 2.028402:	q_mu = 2.68720	q_A  = 12.19989	Pmu = 0.05058	1-Pb  = 0.96810	CLs  = 0.05225
AsymptoticLimits.cc[337] : (in function: getCLs) - At r = 2.052701:	q_mu = 2.78084	q_A  = 12.35915	Pmu = 0.04770	1-Pb  = 0.96770	CLs  = 0.04929
AsymptoticLimits.cc[337] : (in function: getCLs) - At r = 2.043074:	q_mu = 2.74367	q_A  = 12.29609	Pmu = 0.04882	1-Pb  = 0.96786	CLs  = 0.05044
AsymptoticLimits.cc[337] : (in function: getCLs) - At r = 2.047935:	q_mu = 2.76243	q_A  = 12.32793	Pmu = 0.04825	1-Pb  = 0.96778	CLs  = 0.04986
AsymptoticLimits.cc[337] : (in function: getCLs) - At r = 2.046010:	q_mu = 2.75500	q_A  = 12.31531	Pmu = 0.04848	1-Pb  = 0.96781	CLs  = 0.05009
AsymptoticLimits.cc[337] : (in function: getCLs) - At r = 2.046982:	q_mu = 2.75875	q_A  = 12.32168	Pmu = 0.04836	1-Pb  = 0.96779	CLs  = 0.04997
AsymptoticLimits.cc[337] : (in function: getCLs) - At r = 2.046597:	q_mu = 2.75726	q_A  = 12.31915	Pmu = 0.04841	1-Pb  = 0.96780	CLs  = 0.05002
AsymptoticLimits.cc[337] : (in function: getCLs) - At r = 2.046791:	q_mu = 2.75801	q_A  = 12.32043	Pmu = 0.04838	1-Pb  = 0.96779	CLs  = 0.04999
AsymptoticLimits.cc[337] : (in function: getCLs) - At r = 2.046714:	q_mu = 2.75772	q_A  = 12.31992	Pmu = 0.04839	1-Pb  = 0.96780	CLs  = 0.05000
AsymptoticLimits.cc[337] : (in function: getCLs) - At r = 2.046753:	q_mu = 2.75787	q_A  = 12.32017	Pmu = 0.04839	1-Pb  = 0.96779	CLs  = 0.05000
AsymptoticLimits.cc[337] : (in function: getCLs) - At r = 2.046738:	q_mu = 2.75781	q_A  = 12.32007	Pmu = 0.04839	1-Pb  = 0.96780	CLs  = 0.05000
AsymptoticLimits.cc[337] : (in function: getCLs) - At r = 2.046746:	q_mu = 2.75784	q_A  = 12.32012	Pmu = 0.04839	1-Pb  = 0.96779	CLs  = 0.05000
