CascadeMinimizer.cc[188] : (in function: improveOnce) - Minimization configured with Type=Minuit2, Algo=Migrad, strategy=0, tolerance=0.1
CascadeMinimizer.cc[215] : (in function: improveOnce) - Minimization finished with status=0
CascadeMinimizer.cc[219] : (in function: improveOnce) - Minimization success! status=0
ToyMCSamplerOpt.cc[146] : (in function: generateAsimov) - Using internal logic for binned/unbinned Asimov dataset generation
ToyMCSamplerOpt.cc[214] : (in function: generateWithHisto) - Generating asimov with histogram for pdf pdf_binpass_LOW_obsOnly: in 2 x-bins
ToyMCSamplerOpt.cc[215] : (in function: generateWithHisto) -  , in 1 y-bins
ToyMCSamplerOpt.cc[146] : (in function: generateAsimov) - Using internal logic for binned/unbinned Asimov dataset generation
ToyMCSamplerOpt.cc[214] : (in function: generateWithHisto) - Generating asimov with histogram for pdf pdf_binpass_SIG_obsOnly: in 1 x-bins
ToyMCSamplerOpt.cc[215] : (in function: generateWithHisto) -  , in 1 y-bins
ToyMCSamplerOpt.cc[146] : (in function: generateAsimov) - Using internal logic for binned/unbinned Asimov dataset generation
ToyMCSamplerOpt.cc[214] : (in function: generateWithHisto) - Generating asimov with histogram for pdf pdf_binpass_HIGH_obsOnly: in 9 x-bins
ToyMCSamplerOpt.cc[215] : (in function: generateWithHisto) -  , in 1 y-bins
ToyMCSamplerOpt.cc[146] : (in function: generateAsimov) - Using internal logic for binned/unbinned Asimov dataset generation
ToyMCSamplerOpt.cc[214] : (in function: generateWithHisto) - Generating asimov with histogram for pdf pdf_binfail_LOW_obsOnly: in 2 x-bins
ToyMCSamplerOpt.cc[215] : (in function: generateWithHisto) -  , in 1 y-bins
ToyMCSamplerOpt.cc[146] : (in function: generateAsimov) - Using internal logic for binned/unbinned Asimov dataset generation
ToyMCSamplerOpt.cc[214] : (in function: generateWithHisto) - Generating asimov with histogram for pdf pdf_binfail_SIG_obsOnly: in 1 x-bins
ToyMCSamplerOpt.cc[215] : (in function: generateWithHisto) -  , in 1 y-bins
ToyMCSamplerOpt.cc[146] : (in function: generateAsimov) - Using internal logic for binned/unbinned Asimov dataset generation
ToyMCSamplerOpt.cc[214] : (in function: generateWithHisto) - Generating asimov with histogram for pdf pdf_binfail_HIGH_obsOnly: in 9 x-bins
ToyMCSamplerOpt.cc[215] : (in function: generateWithHisto) -  , in 1 y-bins
AsymptoticLimits.cc[415] : (in function: runLimitExpected) - [WARNING] Best fit of asimov dataset is at r = 0.078217 (0.003911 times rMax), while it should be at zero
AsymptoticLimits.cc[428] : (in function: runLimitExpected) - Median for expected limits = 2.375, Sigma for expected limits = 1.21176
AsymptoticLimits.cc[191] : (in function: runLimit) - NLL at global minimum of data = -10.9697 (r=0.219716)
AsymptoticLimits.cc[211] : (in function: runLimit) - NLL at global minimum of asimov = -11.0298 (r=0.0975626)
AsymptoticLimits.cc[337] : (in function: getCLs) - At r = 2.075130:	q_mu = 3.00774	q_A  = 3.19135	Pmu = 0.04143	1-Pb  = 0.52080	CLs  = 0.07956
AsymptoticLimits.cc[337] : (in function: getCLs) - At r = 4.150261:	q_mu = 7.24105	q_A  = 7.49283	Pmu = 0.00356	1-Pb  = 0.51850	CLs  = 0.00687
AsymptoticLimits.cc[337] : (in function: getCLs) - At r = 2.184988:	q_mu = 3.15204	q_A  = 3.41803	Pmu = 0.03792	1-Pb  = 0.52925	CLs  = 0.07164
AsymptoticLimits.cc[337] : (in function: getCLs) - At r = 3.167624:	q_mu = 5.20588	q_A  = 5.46568	Pmu = 0.01126	1-Pb  = 0.52242	CLs  = 0.02154
AsymptoticLimits.cc[337] : (in function: getCLs) - At r = 2.616808:	q_mu = 4.05226	q_A  = 4.31623	Pmu = 0.02206	1-Pb  = 0.52573	CLs  = 0.04195
AsymptoticLimits.cc[337] : (in function: getCLs) - At r = 2.417169:	q_mu = 3.63460	q_A  = 3.89998	Pmu = 0.02830	1-Pb  = 0.52726	CLs  = 0.05366
AsymptoticLimits.cc[337] : (in function: getCLs) - At r = 2.502983:	q_mu = 3.81389	q_A  = 4.07878	Pmu = 0.02541	1-Pb  = 0.52658	CLs  = 0.04826
AsymptoticLimits.cc[337] : (in function: getCLs) - At r = 2.462945:	q_mu = 3.73022	q_A  = 3.99532	Pmu = 0.02672	1-Pb  = 0.52689	CLs  = 0.05071
AsymptoticLimits.cc[337] : (in function: getCLs) - At r = 2.480079:	q_mu = 3.76600	q_A  = 4.03099	Pmu = 0.02615	1-Pb  = 0.52675	CLs  = 0.04965
AsymptoticLimits.cc[337] : (in function: getCLs) - At r = 2.472073:	q_mu = 3.74926	q_A  = 4.01430	Pmu = 0.02642	1-Pb  = 0.52682	CLs  = 0.05014
AsymptoticLimits.cc[337] : (in function: getCLs) - At r = 2.475504:	q_mu = 3.75643	q_A  = 4.02144	Pmu = 0.02630	1-Pb  = 0.52679	CLs  = 0.04993
AsymptoticLimits.cc[337] : (in function: getCLs) - At r = 2.473905:	q_mu = 3.75308	q_A  = 4.01810	Pmu = 0.02636	1-Pb  = 0.52680	CLs  = 0.05003
AsymptoticLimits.cc[337] : (in function: getCLs) - At r = 2.474594:	q_mu = 3.75449	q_A  = 4.01952	Pmu = 0.02633	1-Pb  = 0.52680	CLs  = 0.04999
AsymptoticLimits.cc[337] : (in function: getCLs) - At r = 2.474282:	q_mu = 3.75382	q_A  = 4.01884	Pmu = 0.02634	1-Pb  = 0.52680	CLs  = 0.05001
AsymptoticLimits.cc[337] : (in function: getCLs) - At r = 2.474428:	q_mu = 3.75411	q_A  = 4.01912	Pmu = 0.02634	1-Pb  = 0.52680	CLs  = 0.05000
AsymptoticLimits.cc[337] : (in function: getCLs) - At r = 2.474373:	q_mu = 3.75398	q_A  = 4.01899	Pmu = 0.02634	1-Pb  = 0.52680	CLs  = 0.05000
AsymptoticLimits.cc[337] : (in function: getCLs) - At r = 2.474396:	q_mu = 3.75402	q_A  = 4.01903	Pmu = 0.02634	1-Pb  = 0.52680	CLs  = 0.05000
AsymptoticLimits.cc[337] : (in function: getCLs) - At r = 2.474410:	q_mu = 3.75404	q_A  = 4.01905	Pmu = 0.02634	1-Pb  = 0.52680	CLs  = 0.05000
AsymptoticLimits.cc[337] : (in function: getCLs) - At r = 2.474415:	q_mu = 3.75405	q_A  = 4.01905	Pmu = 0.02634	1-Pb  = 0.52680	CLs  = 0.05000
