CascadeMinimizer.cc[188] : (in function: improveOnce) - Minimization configured with Type=Minuit2, Algo=Migrad, strategy=0, tolerance=0.1
CascadeMinimizer.cc[215] : (in function: improveOnce) - Minimization finished with status=0
CascadeMinimizer.cc[219] : (in function: improveOnce) - Minimization success! status=0
ToyMCSamplerOpt.cc[146] : (in function: generateAsimov) - Using internal logic for binned/unbinned Asimov dataset generation
ToyMCSamplerOpt.cc[214] : (in function: generateWithHisto) - Generating asimov with histogram for pdf pdf_binpass_LOW_obsOnly: in 3 x-bins
ToyMCSamplerOpt.cc[215] : (in function: generateWithHisto) -  , in 1 y-bins
ToyMCSamplerOpt.cc[146] : (in function: generateAsimov) - Using internal logic for binned/unbinned Asimov dataset generation
ToyMCSamplerOpt.cc[214] : (in function: generateWithHisto) - Generating asimov with histogram for pdf pdf_binpass_SIG_obsOnly: in 1 x-bins
ToyMCSamplerOpt.cc[215] : (in function: generateWithHisto) -  , in 1 y-bins
ToyMCSamplerOpt.cc[146] : (in function: generateAsimov) - Using internal logic for binned/unbinned Asimov dataset generation
ToyMCSamplerOpt.cc[214] : (in function: generateWithHisto) - Generating asimov with histogram for pdf pdf_binpass_HIGH_obsOnly: in 3 x-bins
ToyMCSamplerOpt.cc[215] : (in function: generateWithHisto) -  , in 1 y-bins
ToyMCSamplerOpt.cc[146] : (in function: generateAsimov) - Using internal logic for binned/unbinned Asimov dataset generation
ToyMCSamplerOpt.cc[214] : (in function: generateWithHisto) - Generating asimov with histogram for pdf pdf_binfail_LOW_obsOnly: in 3 x-bins
ToyMCSamplerOpt.cc[215] : (in function: generateWithHisto) -  , in 1 y-bins
ToyMCSamplerOpt.cc[146] : (in function: generateAsimov) - Using internal logic for binned/unbinned Asimov dataset generation
ToyMCSamplerOpt.cc[214] : (in function: generateWithHisto) - Generating asimov with histogram for pdf pdf_binfail_SIG_obsOnly: in 1 x-bins
ToyMCSamplerOpt.cc[215] : (in function: generateWithHisto) -  , in 1 y-bins
ToyMCSamplerOpt.cc[146] : (in function: generateAsimov) - Using internal logic for binned/unbinned Asimov dataset generation
ToyMCSamplerOpt.cc[214] : (in function: generateWithHisto) - Generating asimov with histogram for pdf pdf_binfail_HIGH_obsOnly: in 3 x-bins
ToyMCSamplerOpt.cc[215] : (in function: generateWithHisto) -  , in 1 y-bins
AsymptoticLimits.cc[428] : (in function: runLimitExpected) - Median for expected limits = 22, Sigma for expected limits = 11.2247
AsymptoticLimits.cc[191] : (in function: runLimit) - NLL at global minimum of data = -678.496 (r=1.73682e-06)
AsymptoticLimits.cc[211] : (in function: runLimit) - NLL at global minimum of asimov = -678.686 (r=0.000358912)
AsymptoticLimits.cc[337] : (in function: getCLs) - At r = 9.957452:	q_mu = 2.09594	q_A  = 2.13194	Pmu = 0.07385	1-Pb  = 0.50494	CLs  = 0.14625
AsymptoticLimits.cc[337] : (in function: getCLs) - At r = 19.914904:	q_mu = 3.50548	q_A  = 3.57805	Pmu = 0.03058	1-Pb  = 0.50769	CLs  = 0.06024
AsymptoticLimits.cc[337] : (in function: getCLs) - At r = 39.829808:	q_mu = 5.55064	q_A  = 5.68127	Pmu = 0.00924	1-Pb  = 0.51099	CLs  = 0.01808
AsymptoticLimits.cc[337] : (in function: getCLs) - At r = 19.914905:	q_mu = 3.50508	q_A  = 3.57797	Pmu = 0.03059	1-Pb  = 0.50773	CLs  = 0.06025
AsymptoticLimits.cc[337] : (in function: getCLs) - At r = 26.365688:	q_mu = 4.24967	q_A  = 4.34312	Pmu = 0.01963	1-Pb  = 0.50899	CLs  = 0.03856
AsymptoticLimits.cc[337] : (in function: getCLs) - At r = 23.361950:	q_mu = 3.91541	q_A  = 3.99952	Pmu = 0.02392	1-Pb  = 0.50843	CLs  = 0.04705
AsymptoticLimits.cc[337] : (in function: getCLs) - At r = 21.994699:	q_mu = 3.75621	q_A  = 3.83608	Pmu = 0.02631	1-Pb  = 0.50818	CLs  = 0.05177
AsymptoticLimits.cc[337] : (in function: getCLs) - At r = 22.665637:	q_mu = 3.83481	q_A  = 3.91688	Pmu = 0.02510	1-Pb  = 0.50832	CLs  = 0.04938
AsymptoticLimits.cc[337] : (in function: getCLs) - At r = 22.389071:	q_mu = 3.80252	q_A  = 3.88370	Pmu = 0.02559	1-Pb  = 0.50826	CLs  = 0.05034
AsymptoticLimits.cc[337] : (in function: getCLs) - At r = 22.522618:	q_mu = 3.81813	q_A  = 3.89972	Pmu = 0.02535	1-Pb  = 0.50828	CLs  = 0.04987
AsymptoticLimits.cc[337] : (in function: getCLs) - At r = 22.467220:	q_mu = 3.81165	q_A  = 3.89307	Pmu = 0.02545	1-Pb  = 0.50827	CLs  = 0.05007
AsymptoticLimits.cc[337] : (in function: getCLs) - At r = 22.493937:	q_mu = 3.81478	q_A  = 3.89628	Pmu = 0.02540	1-Pb  = 0.50828	CLs  = 0.04997
AsymptoticLimits.cc[337] : (in function: getCLs) - At r = 22.482864:	q_mu = 3.81348	q_A  = 3.89495	Pmu = 0.02542	1-Pb  = 0.50828	CLs  = 0.05001
AsymptoticLimits.cc[337] : (in function: getCLs) - At r = 22.488211:	q_mu = 3.81411	q_A  = 3.89559	Pmu = 0.02541	1-Pb  = 0.50828	CLs  = 0.05000
AsymptoticLimits.cc[337] : (in function: getCLs) - At r = 22.485999:	q_mu = 3.81385	q_A  = 3.89532	Pmu = 0.02542	1-Pb  = 0.50828	CLs  = 0.05000
AsymptoticLimits.cc[337] : (in function: getCLs) - At r = 22.487069:	q_mu = 3.81397	q_A  = 3.89545	Pmu = 0.02541	1-Pb  = 0.50828	CLs  = 0.05000
AsymptoticLimits.cc[337] : (in function: getCLs) - At r = 22.486629:	q_mu = 3.81392	q_A  = 3.89540	Pmu = 0.02541	1-Pb  = 0.50828	CLs  = 0.05000
AsymptoticLimits.cc[337] : (in function: getCLs) - At r = 22.486844:	q_mu = 3.81395	q_A  = 3.89542	Pmu = 0.02541	1-Pb  = 0.50828	CLs  = 0.05000
AsymptoticLimits.cc[337] : (in function: getCLs) - At r = 22.486757:	q_mu = 3.81394	q_A  = 3.89541	Pmu = 0.02541	1-Pb  = 0.50828	CLs  = 0.05000
