 <<< Combine >>> 
 <<< v10.0.1 >>>
>>> Random number generator seed is 123456
>>> Method used is FitDiagnostics
Set Default Value of Parameter r To : 1
>>> 0 out of 6 channels masked

>> Found 15 floating parameters
>> The following parameters are protected in the event of negative eigenvalues:
>> Verifying eigenvalues are all positive (iteration 0)
Eigenvalue 14 : -0.00147007
 - 0.71637	CMS_EXO26004_Background_rpf_2x0_par3
 - -0.580966	CMS_EXO26004_Background_rpf_2x0_par1
 - -0.342917	CMS_EXO26004_Background_rpf_2x0_par0
 - 0.178048	CMS_EXO26004_Background_rpf_2x0_par2
 - -9.79632e-05	CMS_EXO26004_Background_fail_HIGH_bin_1-1
>> Attempt 0 failed, remove the variable with largest eigenvector component...
>> Dropping CMS_EXO26004_Background_rpf_2x0_par3 from the hessian
>> Verifying eigenvalues are all positive (iteration 1)
>> All eigenvalues are positive
>> Inverting Hessian...
>> Matrix inverted
>> Note: the following parameters were dropped to make the covariance matrix pos-def:
     - CMS_EXO26004_Background_rpf_2x0_par3
 Fit B-only, status = 0, numBadNLL = 0, covariance quality = -1
Running Minos for POI r
>> Found 16 floating parameters
>> The following parameters are protected in the event of negative eigenvalues: r
>> Verifying eigenvalues are all positive (iteration 0)
Eigenvalue 15 : -0.00230562
 - -0.659572	CMS_EXO26004_Background_rpf_2x0_par1
 - 0.534492	CMS_EXO26004_Background_rpf_2x0_par3
 - 0.468828	CMS_EXO26004_Background_rpf_2x0_par2
 - -0.243559	CMS_EXO26004_Background_rpf_2x0_par0
 - 0.0107817	RNN
>> Attempt 0 failed, remove the variable with largest eigenvector component...
>> Dropping CMS_EXO26004_Background_rpf_2x0_par1 from the hessian
>> Verifying eigenvalues are all positive (iteration 1)
>> All eigenvalues are positive
>> Inverting Hessian...
>> Matrix inverted
>> Note: the following parameters were dropped to make the covariance matrix pos-def:
     - CMS_EXO26004_Background_rpf_2x0_par1
Fit S+B, status = 0, numBadNLL = 0, covariance quality = -1

 --- FitDiagnostics ---
Best fit r: 50  -50/+2.93753e-07  (68% CL)
Done in 0.01 min (cpu), 0.01 min (real)
21 log messages saved to combine_logger.out
