CascadeMinimizer.cc[188] : (in function: improveOnce) - Minimization configured with Type=Minuit2, Algo=Migrad, strategy=0, tolerance=0.1
CascadeMinimizer.cc[215] : (in function: improveOnce) - Minimization finished with status=0
CascadeMinimizer.cc[219] : (in function: improveOnce) - Minimization success! status=0
ToyMCSamplerOpt.cc[146] : (in function: generateAsimov) - Using internal logic for binned/unbinned Asimov dataset generation
ToyMCSamplerOpt.cc[214] : (in function: generateWithHisto) - Generating asimov with histogram for pdf pdf_binpass_LOW_obsOnly: in 2 x-bins
ToyMCSamplerOpt.cc[215] : (in function: generateWithHisto) -  , in 1 y-bins
ToyMCSamplerOpt.cc[146] : (in function: generateAsimov) - Using internal logic for binned/unbinned Asimov dataset generation
ToyMCSamplerOpt.cc[214] : (in function: generateWithHisto) - Generating asimov with histogram for pdf pdf_binpass_SIG_obsOnly: in 1 x-bins
ToyMCSamplerOpt.cc[215] : (in function: generateWithHisto) -  , in 1 y-bins
ToyMCSamplerOpt.cc[146] : (in function: generateAsimov) - Using internal logic for binned/unbinned Asimov dataset generation
ToyMCSamplerOpt.cc[214] : (in function: generateWithHisto) - Generating asimov with histogram for pdf pdf_binpass_HIGH_obsOnly: in 9 x-bins
ToyMCSamplerOpt.cc[215] : (in function: generateWithHisto) -  , in 1 y-bins
ToyMCSamplerOpt.cc[146] : (in function: generateAsimov) - Using internal logic for binned/unbinned Asimov dataset generation
ToyMCSamplerOpt.cc[214] : (in function: generateWithHisto) - Generating asimov with histogram for pdf pdf_binfail_LOW_obsOnly: in 2 x-bins
ToyMCSamplerOpt.cc[215] : (in function: generateWithHisto) -  , in 1 y-bins
ToyMCSamplerOpt.cc[146] : (in function: generateAsimov) - Using internal logic for binned/unbinned Asimov dataset generation
ToyMCSamplerOpt.cc[214] : (in function: generateWithHisto) - Generating asimov with histogram for pdf pdf_binfail_SIG_obsOnly: in 1 x-bins
ToyMCSamplerOpt.cc[215] : (in function: generateWithHisto) -  , in 1 y-bins
ToyMCSamplerOpt.cc[146] : (in function: generateAsimov) - Using internal logic for binned/unbinned Asimov dataset generation
ToyMCSamplerOpt.cc[214] : (in function: generateWithHisto) - Generating asimov with histogram for pdf pdf_binfail_HIGH_obsOnly: in 9 x-bins
ToyMCSamplerOpt.cc[215] : (in function: generateWithHisto) -  , in 1 y-bins
AsymptoticLimits.cc[428] : (in function: runLimitExpected) - Median for expected limits = 0.451172, Sigma for expected limits = 0.230194
AsymptoticLimits.cc[191] : (in function: runLimit) - NLL at global minimum of data = -40.4606 (r=0.30883)
AsymptoticLimits.cc[211] : (in function: runLimit) - NLL at global minimum of asimov = -42.236 (r=0.103048)
AsymptoticLimits.cc[337] : (in function: getCLs) - At r = 1.508830:	q_mu = 15.72571	q_A  = 22.35007	Pmu = 0.00004	1-Pb  = 0.77698	CLs  = 0.00005
AsymptoticLimits.cc[337] : (in function: getCLs) - At r = 0.908830:	q_mu = 5.71698	q_A  = 10.65962	Pmu = 0.00840	1-Pb  = 0.80891	CLs  = 0.01039
AsymptoticLimits.cc[337] : (in function: getCLs) - At r = 0.608830:	q_mu = 1.84057	q_A  = 5.39324	Pmu = 0.08744	1-Pb  = 0.83289	CLs  = 0.10499
AsymptoticLimits.cc[337] : (in function: getCLs) - At r = 0.758830:	q_mu = 3.62202	q_A  = 7.94039	Pmu = 0.02851	1-Pb  = 0.81983	CLs  = 0.03478
AsymptoticLimits.cc[337] : (in function: getCLs) - At r = 0.689394:	q_mu = 2.75037	q_A  = 6.73541	Pmu = 0.04862	1-Pb  = 0.82558	CLs  = 0.05889
AsymptoticLimits.cc[337] : (in function: getCLs) - At r = 0.720535:	q_mu = 3.13203	q_A  = 7.27084	Pmu = 0.03838	1-Pb  = 0.82296	CLs  = 0.04664
AsymptoticLimits.cc[337] : (in function: getCLs) - At r = 0.706877:	q_mu = 2.96258	q_A  = 7.03495	Pmu = 0.04261	1-Pb  = 0.82411	CLs  = 0.05170
AsymptoticLimits.cc[337] : (in function: getCLs) - At r = 0.713156:	q_mu = 3.03992	q_A  = 7.14318	Pmu = 0.04062	1-Pb  = 0.82359	CLs  = 0.04932
AsymptoticLimits.cc[337] : (in function: getCLs) - At r = 0.710441:	q_mu = 3.00624	q_A  = 7.09631	Pmu = 0.04147	1-Pb  = 0.82382	CLs  = 0.05034
AsymptoticLimits.cc[337] : (in function: getCLs) - At r = 0.711705:	q_mu = 3.02183	q_A  = 7.11810	Pmu = 0.04108	1-Pb  = 0.82372	CLs  = 0.04987
AsymptoticLimits.cc[337] : (in function: getCLs) - At r = 0.711165:	q_mu = 3.01516	q_A  = 7.10877	Pmu = 0.04124	1-Pb  = 0.82376	CLs  = 0.05007
AsymptoticLimits.cc[337] : (in function: getCLs) - At r = 0.711419:	q_mu = 3.01829	q_A  = 7.11183	Pmu = 0.04117	1-Pb  = 0.82368	CLs  = 0.04998
AsymptoticLimits.cc[337] : (in function: getCLs) - At r = 0.711317:	q_mu = 3.01705	q_A  = 7.10968	Pmu = 0.04120	1-Pb  = 0.82367	CLs  = 0.05002
AsymptoticLimits.cc[337] : (in function: getCLs) - At r = 0.711371:	q_mu = 3.01770	q_A  = 7.11057	Pmu = 0.04118	1-Pb  = 0.82366	CLs  = 0.05000
AsymptoticLimits.cc[337] : (in function: getCLs) - At r = 0.711352:	q_mu = 3.01747	q_A  = 7.11023	Pmu = 0.04119	1-Pb  = 0.82366	CLs  = 0.05000
AsymptoticLimits.cc[337] : (in function: getCLs) - At r = 0.711363:	q_mu = 3.01760	q_A  = 7.11041	Pmu = 0.04118	1-Pb  = 0.82366	CLs  = 0.05000
AsymptoticLimits.cc[337] : (in function: getCLs) - At r = 0.711359:	q_mu = 3.01757	q_A  = 7.11033	Pmu = 0.04118	1-Pb  = 0.82366	CLs  = 0.05000
AsymptoticLimits.cc[337] : (in function: getCLs) - At r = 0.711361:	q_mu = 3.01758	q_A  = 7.11035	Pmu = 0.04118	1-Pb  = 0.82366	CLs  = 0.05000
