CascadeMinimizer.cc[188] : (in function: improveOnce) - Minimization configured with Type=Minuit2, Algo=Migrad, strategy=0, tolerance=0.1
CascadeMinimizer.cc[215] : (in function: improveOnce) - Minimization finished with status=0
CascadeMinimizer.cc[219] : (in function: improveOnce) - Minimization success! status=0
ToyMCSamplerOpt.cc[146] : (in function: generateAsimov) - Using internal logic for binned/unbinned Asimov dataset generation
ToyMCSamplerOpt.cc[214] : (in function: generateWithHisto) - Generating asimov with histogram for pdf pdf_binpass_LOW_obsOnly: in 3 x-bins
ToyMCSamplerOpt.cc[215] : (in function: generateWithHisto) -  , in 1 y-bins
ToyMCSamplerOpt.cc[146] : (in function: generateAsimov) - Using internal logic for binned/unbinned Asimov dataset generation
ToyMCSamplerOpt.cc[214] : (in function: generateWithHisto) - Generating asimov with histogram for pdf pdf_binpass_SIG_obsOnly: in 1 x-bins
ToyMCSamplerOpt.cc[215] : (in function: generateWithHisto) -  , in 1 y-bins
ToyMCSamplerOpt.cc[146] : (in function: generateAsimov) - Using internal logic for binned/unbinned Asimov dataset generation
ToyMCSamplerOpt.cc[214] : (in function: generateWithHisto) - Generating asimov with histogram for pdf pdf_binpass_HIGH_obsOnly: in 3 x-bins
ToyMCSamplerOpt.cc[215] : (in function: generateWithHisto) -  , in 1 y-bins
ToyMCSamplerOpt.cc[146] : (in function: generateAsimov) - Using internal logic for binned/unbinned Asimov dataset generation
ToyMCSamplerOpt.cc[214] : (in function: generateWithHisto) - Generating asimov with histogram for pdf pdf_binfail_LOW_obsOnly: in 3 x-bins
ToyMCSamplerOpt.cc[215] : (in function: generateWithHisto) -  , in 1 y-bins
ToyMCSamplerOpt.cc[146] : (in function: generateAsimov) - Using internal logic for binned/unbinned Asimov dataset generation
ToyMCSamplerOpt.cc[214] : (in function: generateWithHisto) - Generating asimov with histogram for pdf pdf_binfail_SIG_obsOnly: in 1 x-bins
ToyMCSamplerOpt.cc[215] : (in function: generateWithHisto) -  , in 1 y-bins
ToyMCSamplerOpt.cc[146] : (in function: generateAsimov) - Using internal logic for binned/unbinned Asimov dataset generation
ToyMCSamplerOpt.cc[214] : (in function: generateWithHisto) - Generating asimov with histogram for pdf pdf_binfail_HIGH_obsOnly: in 3 x-bins
ToyMCSamplerOpt.cc[215] : (in function: generateWithHisto) -  , in 1 y-bins
AsymptoticLimits.cc[428] : (in function: runLimitExpected) - Median for expected limits = 0.660156, Sigma for expected limits = 0.336821
AsymptoticLimits.cc[191] : (in function: runLimit) - NLL at global minimum of data = -711.502 (r=0.828665)
AsymptoticLimits.cc[211] : (in function: runLimit) - NLL at global minimum of asimov = -709.931 (r=0.00676506)
AsymptoticLimits.cc[337] : (in function: getCLs) - At r = 2.028665:	q_mu = 3.84448	q_A  = 14.81967	Pmu = 0.02495	1-Pb  = 0.97055	CLs  = 0.02571
AsymptoticLimits.cc[337] : (in function: getCLs) - At r = 1.428665:	q_mu = 1.36655	q_A  = 10.89407	Pmu = 0.12120	1-Pb  = 0.98348	CLs  = 0.12324
AsymptoticLimits.cc[337] : (in function: getCLs) - At r = 1.704967:	q_mu = 2.44295	q_A  = 12.40323	Pmu = 0.05903	1-Pb  = 0.97493	CLs  = 0.06054
AsymptoticLimits.cc[337] : (in function: getCLs) - At r = 1.827569:	q_mu = 2.96193	q_A  = 13.33302	Pmu = 0.04262	1-Pb  = 0.97322	CLs  = 0.04380
AsymptoticLimits.cc[337] : (in function: getCLs) - At r = 1.762923:	q_mu = 2.68559	q_A  = 12.84490	Pmu = 0.05063	1-Pb  = 0.97412	CLs  = 0.05197
AsymptoticLimits.cc[337] : (in function: getCLs) - At r = 1.787552:	q_mu = 2.79196	q_A  = 13.03145	Pmu = 0.04737	1-Pb  = 0.97375	CLs  = 0.04865
AsymptoticLimits.cc[337] : (in function: getCLs) - At r = 1.774455:	q_mu = 2.73484	q_A  = 12.93235	Pmu = 0.04909	1-Pb  = 0.97396	CLs  = 0.05040
AsymptoticLimits.cc[337] : (in function: getCLs) - At r = 1.779447:	q_mu = 2.75646	q_A  = 12.97013	Pmu = 0.04843	1-Pb  = 0.97388	CLs  = 0.04973
AsymptoticLimits.cc[337] : (in function: getCLs) - At r = 1.776841:	q_mu = 2.74515	q_A  = 12.95039	Pmu = 0.04877	1-Pb  = 0.97392	CLs  = 0.05008
AsymptoticLimits.cc[337] : (in function: getCLs) - At r = 1.777843:	q_mu = 2.74949	q_A  = 12.95797	Pmu = 0.04864	1-Pb  = 0.97390	CLs  = 0.04995
AsymptoticLimits.cc[337] : (in function: getCLs) - At r = 1.777322:	q_mu = 2.74723	q_A  = 12.95403	Pmu = 0.04871	1-Pb  = 0.97391	CLs  = 0.05002
AsymptoticLimits.cc[337] : (in function: getCLs) - At r = 1.777522:	q_mu = 2.74810	q_A  = 12.95555	Pmu = 0.04868	1-Pb  = 0.97391	CLs  = 0.04999
AsymptoticLimits.cc[337] : (in function: getCLs) - At r = 1.777418:	q_mu = 2.74765	q_A  = 12.95476	Pmu = 0.04870	1-Pb  = 0.97391	CLs  = 0.05000
AsymptoticLimits.cc[337] : (in function: getCLs) - At r = 1.777458:	q_mu = 2.74782	q_A  = 12.95506	Pmu = 0.04869	1-Pb  = 0.97391	CLs  = 0.05000
AsymptoticLimits.cc[337] : (in function: getCLs) - At r = 1.777438:	q_mu = 2.74773	q_A  = 12.95491	Pmu = 0.04870	1-Pb  = 0.97391	CLs  = 0.05000
AsymptoticLimits.cc[337] : (in function: getCLs) - At r = 1.777446:	q_mu = 2.74777	q_A  = 12.95497	Pmu = 0.04870	1-Pb  = 0.97391	CLs  = 0.05000
AsymptoticLimits.cc[337] : (in function: getCLs) - At r = 1.777441:	q_mu = 2.74775	q_A  = 12.95493	Pmu = 0.04870	1-Pb  = 0.97391	CLs  = 0.05000
