CascadeMinimizer.cc[188] : (in function: improveOnce) - Minimization configured with Type=Minuit2, Algo=Migrad, strategy=0, tolerance=0.1
CascadeMinimizer.cc[215] : (in function: improveOnce) - Minimization finished with status=0
CascadeMinimizer.cc[219] : (in function: improveOnce) - Minimization success! status=0
ToyMCSamplerOpt.cc[146] : (in function: generateAsimov) - Using internal logic for binned/unbinned Asimov dataset generation
ToyMCSamplerOpt.cc[214] : (in function: generateWithHisto) - Generating asimov with histogram for pdf pdf_binpass_LOW_obsOnly: in 3 x-bins
ToyMCSamplerOpt.cc[215] : (in function: generateWithHisto) -  , in 1 y-bins
ToyMCSamplerOpt.cc[146] : (in function: generateAsimov) - Using internal logic for binned/unbinned Asimov dataset generation
ToyMCSamplerOpt.cc[214] : (in function: generateWithHisto) - Generating asimov with histogram for pdf pdf_binpass_SIG_obsOnly: in 1 x-bins
ToyMCSamplerOpt.cc[215] : (in function: generateWithHisto) -  , in 1 y-bins
ToyMCSamplerOpt.cc[146] : (in function: generateAsimov) - Using internal logic for binned/unbinned Asimov dataset generation
ToyMCSamplerOpt.cc[214] : (in function: generateWithHisto) - Generating asimov with histogram for pdf pdf_binpass_HIGH_obsOnly: in 3 x-bins
ToyMCSamplerOpt.cc[215] : (in function: generateWithHisto) -  , in 1 y-bins
ToyMCSamplerOpt.cc[146] : (in function: generateAsimov) - Using internal logic for binned/unbinned Asimov dataset generation
ToyMCSamplerOpt.cc[214] : (in function: generateWithHisto) - Generating asimov with histogram for pdf pdf_binfail_LOW_obsOnly: in 3 x-bins
ToyMCSamplerOpt.cc[215] : (in function: generateWithHisto) -  , in 1 y-bins
ToyMCSamplerOpt.cc[146] : (in function: generateAsimov) - Using internal logic for binned/unbinned Asimov dataset generation
ToyMCSamplerOpt.cc[214] : (in function: generateWithHisto) - Generating asimov with histogram for pdf pdf_binfail_SIG_obsOnly: in 1 x-bins
ToyMCSamplerOpt.cc[215] : (in function: generateWithHisto) -  , in 1 y-bins
ToyMCSamplerOpt.cc[146] : (in function: generateAsimov) - Using internal logic for binned/unbinned Asimov dataset generation
ToyMCSamplerOpt.cc[214] : (in function: generateWithHisto) - Generating asimov with histogram for pdf pdf_binfail_HIGH_obsOnly: in 3 x-bins
ToyMCSamplerOpt.cc[215] : (in function: generateWithHisto) -  , in 1 y-bins
AsymptoticLimits.cc[428] : (in function: runLimitExpected) - Median for expected limits = 72.75, Sigma for expected limits = 37.118
AsymptoticLimits.cc[191] : (in function: runLimit) - NLL at global minimum of data = -678.491 (r=4.47326e-06)
AsymptoticLimits.cc[211] : (in function: runLimit) - NLL at global minimum of asimov = -678.695 (r=0.00119684)
AsymptoticLimits.cc[337] : (in function: getCLs) - At r = 52.806553:	q_mu = 2.40950	q_A  = 2.96938	Pmu = 0.06030	1-Pb  = 0.56786	CLs  = 0.10619
AsymptoticLimits.cc[337] : (in function: getCLs) - At r = 105.613107:	q_mu = 4.11441	q_A  = 5.10455	Pmu = 0.02126	1-Pb  = 0.59131	CLs  = 0.03595
AsymptoticLimits.cc[337] : (in function: getCLs) - At r = 52.806556:	q_mu = 2.52908	q_A  = 2.96917	Pmu = 0.05588	1-Pb  = 0.55283	CLs  = 0.10108
AsymptoticLimits.cc[337] : (in function: getCLs) - At r = 81.573938:	q_mu = 3.37875	q_A  = 4.19866	Pmu = 0.03302	1-Pb  = 0.58353	CLs  = 0.05659
AsymptoticLimits.cc[337] : (in function: getCLs) - At r = 91.630109:	q_mu = 3.68370	q_A  = 4.58874	Pmu = 0.02747	1-Pb  = 0.58817	CLs  = 0.04671
AsymptoticLimits.cc[337] : (in function: getCLs) - At r = 86.764721:	q_mu = 3.53565	q_A  = 4.40215	Pmu = 0.03003	1-Pb  = 0.58621	CLs  = 0.05123
AsymptoticLimits.cc[337] : (in function: getCLs) - At r = 88.761867:	q_mu = 3.59631	q_A  = 4.47918	Pmu = 0.02895	1-Pb  = 0.58707	CLs  = 0.04932
AsymptoticLimits.cc[337] : (in function: getCLs) - At r = 87.786378:	q_mu = 3.56666	q_A  = 4.44161	Pmu = 0.02948	1-Pb  = 0.58666	CLs  = 0.05024
AsymptoticLimits.cc[337] : (in function: getCLs) - At r = 88.185401:	q_mu = 3.57878	q_A  = 4.45699	Pmu = 0.02926	1-Pb  = 0.58683	CLs  = 0.04986
AsymptoticLimits.cc[337] : (in function: getCLs) - At r = 87.990246:	q_mu = 3.57285	q_A  = 4.44946	Pmu = 0.02937	1-Pb  = 0.58674	CLs  = 0.05005
AsymptoticLimits.cc[337] : (in function: getCLs) - At r = 88.070091:	q_mu = 3.57528	q_A  = 4.45253	Pmu = 0.02932	1-Pb  = 0.58678	CLs  = 0.04997
AsymptoticLimits.cc[337] : (in function: getCLs) - At r = 88.031091:	q_mu = 3.57410	q_A  = 4.45102	Pmu = 0.02934	1-Pb  = 0.58676	CLs  = 0.05001
AsymptoticLimits.cc[337] : (in function: getCLs) - At r = 88.047098:	q_mu = 3.57458	q_A  = 4.45163	Pmu = 0.02934	1-Pb  = 0.58677	CLs  = 0.04999
AsymptoticLimits.cc[337] : (in function: getCLs) - At r = 88.039327:	q_mu = 3.57435	q_A  = 4.45133	Pmu = 0.02934	1-Pb  = 0.58676	CLs  = 0.05000
AsymptoticLimits.cc[337] : (in function: getCLs) - At r = 88.042560:	q_mu = 3.57444	q_A  = 4.45145	Pmu = 0.02934	1-Pb  = 0.58676	CLs  = 0.05000
AsymptoticLimits.cc[337] : (in function: getCLs) - At r = 88.041030:	q_mu = 3.57440	q_A  = 4.45139	Pmu = 0.02934	1-Pb  = 0.58676	CLs  = 0.05000
AsymptoticLimits.cc[337] : (in function: getCLs) - At r = 88.041702:	q_mu = 3.57442	q_A  = 4.45141	Pmu = 0.02934	1-Pb  = 0.58676	CLs  = 0.05000
AsymptoticLimits.cc[337] : (in function: getCLs) - At r = 88.041418:	q_mu = 3.57441	q_A  = 4.45140	Pmu = 0.02934	1-Pb  = 0.58676	CLs  = 0.05000
