CascadeMinimizer.cc[188] : (in function: improveOnce) - Minimization configured with Type=Minuit2, Algo=Migrad, strategy=0, tolerance=0.1
CascadeMinimizer.cc[215] : (in function: improveOnce) - Minimization finished with status=0
CascadeMinimizer.cc[219] : (in function: improveOnce) - Minimization success! status=0
ToyMCSamplerOpt.cc[146] : (in function: generateAsimov) - Using internal logic for binned/unbinned Asimov dataset generation
ToyMCSamplerOpt.cc[214] : (in function: generateWithHisto) - Generating asimov with histogram for pdf pdf_binpass_LOW_obsOnly: in 3 x-bins
ToyMCSamplerOpt.cc[215] : (in function: generateWithHisto) -  , in 1 y-bins
ToyMCSamplerOpt.cc[146] : (in function: generateAsimov) - Using internal logic for binned/unbinned Asimov dataset generation
ToyMCSamplerOpt.cc[214] : (in function: generateWithHisto) - Generating asimov with histogram for pdf pdf_binpass_SIG_obsOnly: in 1 x-bins
ToyMCSamplerOpt.cc[215] : (in function: generateWithHisto) -  , in 1 y-bins
ToyMCSamplerOpt.cc[146] : (in function: generateAsimov) - Using internal logic for binned/unbinned Asimov dataset generation
ToyMCSamplerOpt.cc[214] : (in function: generateWithHisto) - Generating asimov with histogram for pdf pdf_binpass_HIGH_obsOnly: in 3 x-bins
ToyMCSamplerOpt.cc[215] : (in function: generateWithHisto) -  , in 1 y-bins
ToyMCSamplerOpt.cc[146] : (in function: generateAsimov) - Using internal logic for binned/unbinned Asimov dataset generation
ToyMCSamplerOpt.cc[214] : (in function: generateWithHisto) - Generating asimov with histogram for pdf pdf_binfail_LOW_obsOnly: in 3 x-bins
ToyMCSamplerOpt.cc[215] : (in function: generateWithHisto) -  , in 1 y-bins
ToyMCSamplerOpt.cc[146] : (in function: generateAsimov) - Using internal logic for binned/unbinned Asimov dataset generation
ToyMCSamplerOpt.cc[214] : (in function: generateWithHisto) - Generating asimov with histogram for pdf pdf_binfail_SIG_obsOnly: in 1 x-bins
ToyMCSamplerOpt.cc[215] : (in function: generateWithHisto) -  , in 1 y-bins
ToyMCSamplerOpt.cc[146] : (in function: generateAsimov) - Using internal logic for binned/unbinned Asimov dataset generation
ToyMCSamplerOpt.cc[214] : (in function: generateWithHisto) - Generating asimov with histogram for pdf pdf_binfail_HIGH_obsOnly: in 3 x-bins
ToyMCSamplerOpt.cc[215] : (in function: generateWithHisto) -  , in 1 y-bins
AsymptoticLimits.cc[428] : (in function: runLimitExpected) - Median for expected limits = 3.8125, Sigma for expected limits = 1.94519
AsymptoticLimits.cc[191] : (in function: runLimit) - NLL at global minimum of data = -8387.82 (r=7.42778e-06)
AsymptoticLimits.cc[211] : (in function: runLimit) - NLL at global minimum of asimov = -8387.06 (r=7.74965e-07)
AsymptoticLimits.cc[337] : (in function: getCLs) - At r = 1.412474:	q_mu = 2.54644	q_A  = 1.42951	Pmu = 0.04819	1-Pb  = 0.32022	CLs  = 0.15048
AsymptoticLimits.cc[337] : (in function: getCLs) - At r = 2.824948:	q_mu = 4.34905	q_A  = 2.92280	Pmu = 0.01672	1-Pb  = 0.33829	CLs  = 0.04943
AsymptoticLimits.cc[337] : (in function: getCLs) - At r = 1.412478:	q_mu = 2.54643	q_A  = 1.42956	Pmu = 0.04819	1-Pb  = 0.32023	CLs  = 0.15047
AsymptoticLimits.cc[337] : (in function: getCLs) - At r = 2.118713:	q_mu = 3.50524	q_A  = 2.20627	Pmu = 0.02726	1-Pb  = 0.33096	CLs  = 0.08238
AsymptoticLimits.cc[337] : (in function: getCLs) - At r = 2.670941:	q_mu = 4.17308	q_A  = 2.77147	Pmu = 0.01850	1-Pb  = 0.33689	CLs  = 0.05492
AsymptoticLimits.cc[337] : (in function: getCLs) - At r = 2.780654:	q_mu = 4.29885	q_A  = 2.87955	Pmu = 0.01721	1-Pb  = 0.33790	CLs  = 0.05093
AsymptoticLimits.cc[337] : (in function: getCLs) - At r = 2.802459:	q_mu = 4.32366	q_A  = 2.90086	Pmu = 0.01697	1-Pb  = 0.33809	CLs  = 0.05018
AsymptoticLimits.cc[337] : (in function: getCLs) - At r = 2.811271:	q_mu = 4.33359	q_A  = 2.90946	Pmu = 0.01687	1-Pb  = 0.33817	CLs  = 0.04989
AsymptoticLimits.cc[337] : (in function: getCLs) - At r = 2.806778:	q_mu = 4.32849	q_A  = 2.90508	Pmu = 0.01692	1-Pb  = 0.33813	CLs  = 0.05004
AsymptoticLimits.cc[337] : (in function: getCLs) - At r = 2.808554:	q_mu = 4.33049	q_A  = 2.90681	Pmu = 0.01690	1-Pb  = 0.33815	CLs  = 0.04998
AsymptoticLimits.cc[337] : (in function: getCLs) - At r = 2.807657:	q_mu = 4.32955	q_A  = 2.90596	Pmu = 0.01691	1-Pb  = 0.33814	CLs  = 0.05001
AsymptoticLimits.cc[337] : (in function: getCLs) - At r = 2.807979:	q_mu = 4.32986	q_A  = 2.90625	Pmu = 0.01691	1-Pb  = 0.33814	CLs  = 0.05000
AsymptoticLimits.cc[337] : (in function: getCLs) - At r = 2.807811:	q_mu = 4.32966	q_A  = 2.90609	Pmu = 0.01691	1-Pb  = 0.33814	CLs  = 0.05000
AsymptoticLimits.cc[337] : (in function: getCLs) - At r = 2.807893:	q_mu = 4.32975	q_A  = 2.90616	Pmu = 0.01691	1-Pb  = 0.33814	CLs  = 0.05000
AsymptoticLimits.cc[337] : (in function: getCLs) - At r = 2.807864:	q_mu = 4.32978	q_A  = 2.90614	Pmu = 0.01691	1-Pb  = 0.33814	CLs  = 0.05000
AsymptoticLimits.cc[337] : (in function: getCLs) - At r = 2.807841:	q_mu = 4.32970	q_A  = 2.90618	Pmu = 0.01691	1-Pb  = 0.33815	CLs  = 0.05000
AsymptoticLimits.cc[337] : (in function: getCLs) - At r = 2.807849:	q_mu = 4.32970	q_A  = 2.90614	Pmu = 0.01691	1-Pb  = 0.33815	CLs  = 0.05000
