CascadeMinimizer.cc[188] : (in function: improveOnce) - Minimization configured with Type=Minuit2, Algo=Migrad, strategy=0, tolerance=0.1
CascadeMinimizer.cc[215] : (in function: improveOnce) - Minimization finished with status=0
CascadeMinimizer.cc[219] : (in function: improveOnce) - Minimization success! status=0
ToyMCSamplerOpt.cc[146] : (in function: generateAsimov) - Using internal logic for binned/unbinned Asimov dataset generation
ToyMCSamplerOpt.cc[214] : (in function: generateWithHisto) - Generating asimov with histogram for pdf pdf_binpass_LOW_obsOnly: in 3 x-bins
ToyMCSamplerOpt.cc[215] : (in function: generateWithHisto) -  , in 1 y-bins
ToyMCSamplerOpt.cc[146] : (in function: generateAsimov) - Using internal logic for binned/unbinned Asimov dataset generation
ToyMCSamplerOpt.cc[214] : (in function: generateWithHisto) - Generating asimov with histogram for pdf pdf_binpass_SIG_obsOnly: in 1 x-bins
ToyMCSamplerOpt.cc[215] : (in function: generateWithHisto) -  , in 1 y-bins
ToyMCSamplerOpt.cc[146] : (in function: generateAsimov) - Using internal logic for binned/unbinned Asimov dataset generation
ToyMCSamplerOpt.cc[214] : (in function: generateWithHisto) - Generating asimov with histogram for pdf pdf_binpass_HIGH_obsOnly: in 3 x-bins
ToyMCSamplerOpt.cc[215] : (in function: generateWithHisto) -  , in 1 y-bins
ToyMCSamplerOpt.cc[146] : (in function: generateAsimov) - Using internal logic for binned/unbinned Asimov dataset generation
ToyMCSamplerOpt.cc[214] : (in function: generateWithHisto) - Generating asimov with histogram for pdf pdf_binfail_LOW_obsOnly: in 3 x-bins
ToyMCSamplerOpt.cc[215] : (in function: generateWithHisto) -  , in 1 y-bins
ToyMCSamplerOpt.cc[146] : (in function: generateAsimov) - Using internal logic for binned/unbinned Asimov dataset generation
ToyMCSamplerOpt.cc[214] : (in function: generateWithHisto) - Generating asimov with histogram for pdf pdf_binfail_SIG_obsOnly: in 1 x-bins
ToyMCSamplerOpt.cc[215] : (in function: generateWithHisto) -  , in 1 y-bins
ToyMCSamplerOpt.cc[146] : (in function: generateAsimov) - Using internal logic for binned/unbinned Asimov dataset generation
ToyMCSamplerOpt.cc[214] : (in function: generateWithHisto) - Generating asimov with histogram for pdf pdf_binfail_HIGH_obsOnly: in 3 x-bins
ToyMCSamplerOpt.cc[215] : (in function: generateWithHisto) -  , in 1 y-bins
AsymptoticLimits.cc[428] : (in function: runLimitExpected) - Median for expected limits = 1.30859, Sigma for expected limits = 0.667662
AsymptoticLimits.cc[191] : (in function: runLimit) - NLL at global minimum of data = -688.277 (r=6.49504e-06)
AsymptoticLimits.cc[211] : (in function: runLimit) - NLL at global minimum of asimov = -688.141 (r=0.000162858)
AsymptoticLimits.cc[337] : (in function: getCLs) - At r = 1.200006:	q_mu = 0.68038	q_A  = 3.39058	Pmu = 0.20473	1-Pb  = 0.84530	CLs  = 0.24219
AsymptoticLimits.cc[337] : (in function: getCLs) - At r = 2.400013:	q_mu = 4.43653	q_A  = 8.25122	Pmu = 0.01759	1-Pb  = 0.77822	CLs  = 0.02260
AsymptoticLimits.cc[337] : (in function: getCLs) - At r = 1.200010:	q_mu = 0.68032	q_A  = 3.39060	Pmu = 0.20474	1-Pb  = 0.84532	CLs  = 0.24220
AsymptoticLimits.cc[337] : (in function: getCLs) - At r = 1.800011:	q_mu = 2.47712	q_A  = 5.87713	Pmu = 0.05776	1-Pb  = 0.80245	CLs  = 0.07198
AsymptoticLimits.cc[337] : (in function: getCLs) - At r = 2.070978:	q_mu = 3.35716	q_A  = 6.96570	Pmu = 0.03346	1-Pb  = 0.79017	CLs  = 0.04234
AsymptoticLimits.cc[337] : (in function: getCLs) - At r = 1.948855:	q_mu = 2.95861	q_A  = 6.47803	Pmu = 0.04271	1-Pb  = 0.79535	CLs  = 0.05370
AsymptoticLimits.cc[337] : (in function: getCLs) - At r = 2.002629:	q_mu = 3.13385	q_A  = 6.69346	Pmu = 0.03834	1-Pb  = 0.79301	CLs  = 0.04835
AsymptoticLimits.cc[337] : (in function: getCLs) - At r = 1.978114:	q_mu = 3.05386	q_A  = 6.59536	Pmu = 0.04027	1-Pb  = 0.79407	CLs  = 0.05072
AsymptoticLimits.cc[337] : (in function: getCLs) - At r = 1.988858:	q_mu = 3.08886	q_A  = 6.63837	Pmu = 0.03941	1-Pb  = 0.79360	CLs  = 0.04967
AsymptoticLimits.cc[337] : (in function: getCLs) - At r = 1.983958:	q_mu = 3.07287	q_A  = 6.61875	Pmu = 0.03980	1-Pb  = 0.79382	CLs  = 0.05014
AsymptoticLimits.cc[337] : (in function: getCLs) - At r = 1.986109:	q_mu = 3.07988	q_A  = 6.62736	Pmu = 0.03963	1-Pb  = 0.79372	CLs  = 0.04993
AsymptoticLimits.cc[337] : (in function: getCLs) - At r = 1.985130:	q_mu = 3.07669	q_A  = 6.62360	Pmu = 0.03971	1-Pb  = 0.79377	CLs  = 0.05003
AsymptoticLimits.cc[337] : (in function: getCLs) - At r = 1.985558:	q_mu = 3.07808	q_A  = 6.62528	Pmu = 0.03968	1-Pb  = 0.79375	CLs  = 0.04999
AsymptoticLimits.cc[337] : (in function: getCLs) - At r = 1.985363:	q_mu = 3.07741	q_A  = 6.62449	Pmu = 0.03969	1-Pb  = 0.79376	CLs  = 0.05001
AsymptoticLimits.cc[337] : (in function: getCLs) - At r = 1.985454:	q_mu = 3.07770	q_A  = 6.62484	Pmu = 0.03969	1-Pb  = 0.79376	CLs  = 0.05000
AsymptoticLimits.cc[337] : (in function: getCLs) - At r = 1.985418:	q_mu = 3.07758	q_A  = 6.62469	Pmu = 0.03969	1-Pb  = 0.79376	CLs  = 0.05000
AsymptoticLimits.cc[337] : (in function: getCLs) - At r = 1.985438:	q_mu = 3.07763	q_A  = 6.62476	Pmu = 0.03969	1-Pb  = 0.79376	CLs  = 0.05000
AsymptoticLimits.cc[337] : (in function: getCLs) - At r = 1.985433:	q_mu = 3.07761	q_A  = 6.62497	Pmu = 0.03969	1-Pb  = 0.79378	CLs  = 0.05000
