CascadeMinimizer.cc[188] : (in function: improveOnce) - Minimization configured with Type=Minuit2, Algo=Migrad, strategy=0, tolerance=0.1
CascadeMinimizer.cc[215] : (in function: improveOnce) - Minimization finished with status=0
CascadeMinimizer.cc[219] : (in function: improveOnce) - Minimization success! status=0
ToyMCSamplerOpt.cc[146] : (in function: generateAsimov) - Using internal logic for binned/unbinned Asimov dataset generation
ToyMCSamplerOpt.cc[214] : (in function: generateWithHisto) - Generating asimov with histogram for pdf pdf_binpass_LOW_obsOnly: in 2 x-bins
ToyMCSamplerOpt.cc[215] : (in function: generateWithHisto) -  , in 1 y-bins
ToyMCSamplerOpt.cc[146] : (in function: generateAsimov) - Using internal logic for binned/unbinned Asimov dataset generation
ToyMCSamplerOpt.cc[214] : (in function: generateWithHisto) - Generating asimov with histogram for pdf pdf_binpass_SIG_obsOnly: in 1 x-bins
ToyMCSamplerOpt.cc[215] : (in function: generateWithHisto) -  , in 1 y-bins
ToyMCSamplerOpt.cc[146] : (in function: generateAsimov) - Using internal logic for binned/unbinned Asimov dataset generation
ToyMCSamplerOpt.cc[214] : (in function: generateWithHisto) - Generating asimov with histogram for pdf pdf_binpass_HIGH_obsOnly: in 9 x-bins
ToyMCSamplerOpt.cc[215] : (in function: generateWithHisto) -  , in 1 y-bins
ToyMCSamplerOpt.cc[146] : (in function: generateAsimov) - Using internal logic for binned/unbinned Asimov dataset generation
ToyMCSamplerOpt.cc[214] : (in function: generateWithHisto) - Generating asimov with histogram for pdf pdf_binfail_LOW_obsOnly: in 2 x-bins
ToyMCSamplerOpt.cc[215] : (in function: generateWithHisto) -  , in 1 y-bins
ToyMCSamplerOpt.cc[146] : (in function: generateAsimov) - Using internal logic for binned/unbinned Asimov dataset generation
ToyMCSamplerOpt.cc[214] : (in function: generateWithHisto) - Generating asimov with histogram for pdf pdf_binfail_SIG_obsOnly: in 1 x-bins
ToyMCSamplerOpt.cc[215] : (in function: generateWithHisto) -  , in 1 y-bins
ToyMCSamplerOpt.cc[146] : (in function: generateAsimov) - Using internal logic for binned/unbinned Asimov dataset generation
ToyMCSamplerOpt.cc[214] : (in function: generateWithHisto) - Generating asimov with histogram for pdf pdf_binfail_HIGH_obsOnly: in 9 x-bins
ToyMCSamplerOpt.cc[215] : (in function: generateWithHisto) -  , in 1 y-bins
AsymptoticLimits.cc[428] : (in function: runLimitExpected) - Median for expected limits = 0.22168, Sigma for expected limits = 0.113104
AsymptoticLimits.cc[191] : (in function: runLimit) - NLL at global minimum of data = -832.693 (r=1.50453e-08)
AsymptoticLimits.cc[211] : (in function: runLimit) - NLL at global minimum of asimov = -831.863 (r=4.17527e-09)
AsymptoticLimits.cc[337] : (in function: getCLs) - At r = 1.200000:	q_mu = 21.64062	q_A  = 20.04768	Pmu = 0.00000	1-Pb  = 0.42941	CLs  = 0.00000
AsymptoticLimits.cc[337] : (in function: getCLs) - At r = 0.600000:	q_mu = 11.65989	q_A  = 10.44785	Pmu = 0.00031	1-Pb  = 0.42564	CLs  = 0.00074
AsymptoticLimits.cc[337] : (in function: getCLs) - At r = 0.300000:	q_mu = 6.08946	q_A  = 5.23451	Pmu = 0.00667	1-Pb  = 0.42589	CLs  = 0.01565
AsymptoticLimits.cc[337] : (in function: getCLs) - At r = 0.150000:	q_mu = 3.11974	q_A  = 2.56568	Pmu = 0.03797	1-Pb  = 0.43134	CLs  = 0.08803
AsymptoticLimits.cc[337] : (in function: getCLs) - At r = 0.219305:	q_mu = 4.50827	q_A  = 3.79839	Pmu = 0.01654	1-Pb  = 0.42774	CLs  = 0.03867
AsymptoticLimits.cc[337] : (in function: getCLs) - At r = 0.188128:	q_mu = 3.88734	q_A  = 3.24076	Pmu = 0.02386	1-Pb  = 0.42874	CLs  = 0.05566
AsymptoticLimits.cc[337] : (in function: getCLs) - At r = 0.201708:	q_mu = 4.15844	q_A  = 3.48269	Pmu = 0.02032	1-Pb  = 0.42816	CLs  = 0.04745
AsymptoticLimits.cc[337] : (in function: getCLs) - At r = 0.195429:	q_mu = 4.03315	q_A  = 3.37095	Pmu = 0.02188	1-Pb  = 0.42844	CLs  = 0.05107
AsymptoticLimits.cc[337] : (in function: getCLs) - At r = 0.198134:	q_mu = 4.08708	q_A  = 3.41901	Pmu = 0.02119	1-Pb  = 0.42832	CLs  = 0.04948
AsymptoticLimits.cc[337] : (in function: getCLs) - At r = 0.196878:	q_mu = 4.06197	q_A  = 3.39664	Pmu = 0.02151	1-Pb  = 0.42838	CLs  = 0.05021
AsymptoticLimits.cc[337] : (in function: getCLs) - At r = 0.197421:	q_mu = 4.07241	q_A  = 3.40631	Pmu = 0.02138	1-Pb  = 0.42840	CLs  = 0.04990
AsymptoticLimits.cc[337] : (in function: getCLs) - At r = 0.197178:	q_mu = 4.06751	q_A  = 3.40197	Pmu = 0.02144	1-Pb  = 0.42841	CLs  = 0.05005
AsymptoticLimits.cc[337] : (in function: getCLs) - At r = 0.197290:	q_mu = 4.06973	q_A  = 3.40417	Pmu = 0.02141	1-Pb  = 0.42843	CLs  = 0.04998
AsymptoticLimits.cc[337] : (in function: getCLs) - At r = 0.197241:	q_mu = 4.06872	q_A  = 3.40321	Pmu = 0.02143	1-Pb  = 0.42843	CLs  = 0.05001
AsymptoticLimits.cc[337] : (in function: getCLs) - At r = 0.197264:	q_mu = 4.06916	q_A  = 3.40361	Pmu = 0.02142	1-Pb  = 0.42843	CLs  = 0.05000
AsymptoticLimits.cc[337] : (in function: getCLs) - At r = 0.197255:	q_mu = 4.06896	q_A  = 3.40345	Pmu = 0.02142	1-Pb  = 0.42843	CLs  = 0.05000
AsymptoticLimits.cc[337] : (in function: getCLs) - At r = 0.197260:	q_mu = 4.06904	q_A  = 3.40353	Pmu = 0.02142	1-Pb  = 0.42843	CLs  = 0.05000
