 <<< Combine >>> 
 <<< v10.0.1 >>>
>>> Random number generator seed is 123456
>>> Method used is FitDiagnostics
Set Default Value of Parameter mask_pass_SIG To : 1
Set Default Value of Parameter mask_pass_HIGH To : 1
Set Default Value of Parameter r To : 1
>>> 2 out of 6 channels masked

>> Found 16 floating parameters
>> The following parameters are protected in the event of negative eigenvalues:
>> Parameter CMS_AN23122_Background_rpf_2x0_par2 does not have a valid stencil and will be dropped
>> Verifying eigenvalues are all positive (iteration 0)
Eigenvalue 14 : -0.000180179
 - -0.746507	CMS_AN23122_Background_rpf_2x0_par3
 - 0.658603	CMS_AN23122_Background_rpf_2x0_par0
 - 0.09471	CMS_AN23122_Background_rpf_2x0_par1
 - -9.9714e-05	CMS_AN23122_Background_fail_LOW_bin_2-1
 - 6.18447e-05	CMS_AN23122_Background_fail_LOW_bin_1-1
>> Attempt 0 failed, remove the variable with largest eigenvector component...
>> Dropping CMS_AN23122_Background_rpf_2x0_par3 from the hessian
>> Verifying eigenvalues are all positive (iteration 1)
>> All eigenvalues are positive
>> Inverting Hessian...
>> Matrix inverted
>> Note: the following parameters were dropped as their ranges are either too narrow or the parameter has no effect on the NLL:
     - CMS_AN23122_Background_rpf_2x0_par2
>> Note: the following parameters were dropped to make the covariance matrix pos-def:
     - CMS_AN23122_Background_rpf_2x0_par3
 Fit B-only, status = 0, numBadNLL = 0, covariance quality = -1
Running Minos for POI r
>> Found 17 floating parameters
>> The following parameters are protected in the event of negative eigenvalues: r
>> Parameter CMS_AN23122_Background_rpf_2x0_par2 does not have a valid stencil and will be dropped
>> Verifying eigenvalues are all positive (iteration 0)
Eigenvalue 14 : -0.000175804
 - -0.737861	CMS_AN23122_Background_rpf_2x0_par3
 - 0.664242	CMS_AN23122_Background_rpf_2x0_par0
 - 0.0881515	r
 - -0.070936	CMS_AN23122_Background_fail_HIGH_bin_2-1
 - 0.0354184	CMS_AN23122_Background_rpf_2x0_par1
Eigenvalue 15 : -0.00348644
 - -0.687276	r
 - 0.543952	CMS_AN23122_Background_fail_HIGH_bin_2-1
 - 0.454246	CMS_AN23122_Background_rpf_2x0_par1
 - 0.0960272	CMS_AN23122_Background_fail_HIGH_bin_3-1
 - -0.086693	CMS_AN23122_Background_rpf_2x0_par3
>> Attempt 0 failed, remove the variable with largest eigenvector component...
>> Dropping CMS_AN23122_Background_fail_HIGH_bin_2-1 from the hessian
>> Verifying eigenvalues are all positive (iteration 1)
Eigenvalue 14 : -0.000233403
 - -0.743945	CMS_AN23122_Background_rpf_2x0_par3
 - 0.660758	CMS_AN23122_Background_rpf_2x0_par0
 - 0.0995906	CMS_AN23122_Background_rpf_2x0_par1
 - -0.00505408	r
 - 0.00071812	CMS_AN23122_Background_fail_HIGH_bin_3-1
>> Attempt 1 failed, remove the variable with largest eigenvector component...
>> Dropping CMS_AN23122_Background_rpf_2x0_par3 from the hessian
>> Verifying eigenvalues are all positive (iteration 2)
>> All eigenvalues are positive
>> Inverting Hessian...
>> Matrix inverted
>> Note: the following parameters were dropped as their ranges are either too narrow or the parameter has no effect on the NLL:
     - CMS_AN23122_Background_rpf_2x0_par2
>> Note: the following parameters were dropped to make the covariance matrix pos-def:
     - CMS_AN23122_Background_fail_HIGH_bin_2-1
     - CMS_AN23122_Background_rpf_2x0_par3
Fit S+B, status = 0, numBadNLL = 0, covariance quality = -1

 --- FitDiagnostics ---
Best fit r: 0.277246  -0.277246/+49.7228  (68% CL)
Done in 0.00 min (cpu), 0.00 min (real)
29 log messages saved to combine_logger.out
