CascadeMinimizer.cc[188] : (in function: improveOnce) - Minimization configured with Type=Minuit2, Algo=Migrad, strategy=0, tolerance=0.1
CascadeMinimizer.cc[215] : (in function: improveOnce) - Minimization finished with status=0
CascadeMinimizer.cc[219] : (in function: improveOnce) - Minimization success! status=0
ToyMCSamplerOpt.cc[146] : (in function: generateAsimov) - Using internal logic for binned/unbinned Asimov dataset generation
ToyMCSamplerOpt.cc[214] : (in function: generateWithHisto) - Generating asimov with histogram for pdf pdf_binpass_LOW_obsOnly: in 3 x-bins
ToyMCSamplerOpt.cc[215] : (in function: generateWithHisto) -  , in 1 y-bins
ToyMCSamplerOpt.cc[146] : (in function: generateAsimov) - Using internal logic for binned/unbinned Asimov dataset generation
ToyMCSamplerOpt.cc[214] : (in function: generateWithHisto) - Generating asimov with histogram for pdf pdf_binpass_SIG_obsOnly: in 1 x-bins
ToyMCSamplerOpt.cc[215] : (in function: generateWithHisto) -  , in 1 y-bins
ToyMCSamplerOpt.cc[146] : (in function: generateAsimov) - Using internal logic for binned/unbinned Asimov dataset generation
ToyMCSamplerOpt.cc[214] : (in function: generateWithHisto) - Generating asimov with histogram for pdf pdf_binpass_HIGH_obsOnly: in 3 x-bins
ToyMCSamplerOpt.cc[215] : (in function: generateWithHisto) -  , in 1 y-bins
ToyMCSamplerOpt.cc[146] : (in function: generateAsimov) - Using internal logic for binned/unbinned Asimov dataset generation
ToyMCSamplerOpt.cc[214] : (in function: generateWithHisto) - Generating asimov with histogram for pdf pdf_binfail_LOW_obsOnly: in 3 x-bins
ToyMCSamplerOpt.cc[215] : (in function: generateWithHisto) -  , in 1 y-bins
ToyMCSamplerOpt.cc[146] : (in function: generateAsimov) - Using internal logic for binned/unbinned Asimov dataset generation
ToyMCSamplerOpt.cc[214] : (in function: generateWithHisto) - Generating asimov with histogram for pdf pdf_binfail_SIG_obsOnly: in 1 x-bins
ToyMCSamplerOpt.cc[215] : (in function: generateWithHisto) -  , in 1 y-bins
ToyMCSamplerOpt.cc[146] : (in function: generateAsimov) - Using internal logic for binned/unbinned Asimov dataset generation
ToyMCSamplerOpt.cc[214] : (in function: generateWithHisto) - Generating asimov with histogram for pdf pdf_binfail_HIGH_obsOnly: in 3 x-bins
ToyMCSamplerOpt.cc[215] : (in function: generateWithHisto) -  , in 1 y-bins
AsymptoticLimits.cc[428] : (in function: runLimitExpected) - Median for expected limits = 56.875, Sigma for expected limits = 29.0184
AsymptoticLimits.cc[191] : (in function: runLimit) - NLL at global minimum of data = -678.406 (r=1.04576e-07)
AsymptoticLimits.cc[211] : (in function: runLimit) - NLL at global minimum of asimov = -678.593 (r=5.74052e-05)
AsymptoticLimits.cc[337] : (in function: getCLs) - At r = 34.689115:	q_mu = 2.72169	q_A  = 2.59440	Pmu = 0.04945	1-Pb  = 0.48424	CLs  = 0.10211
AsymptoticLimits.cc[337] : (in function: getCLs) - At r = 69.378230:	q_mu = 4.72625	q_A  = 4.45509	Pmu = 0.01482	1-Pb  = 0.47439	CLs  = 0.03123
AsymptoticLimits.cc[337] : (in function: getCLs) - At r = 34.689115:	q_mu = 2.72169	q_A  = 2.59449	Pmu = 0.04945	1-Pb  = 0.48425	CLs  = 0.10211
AsymptoticLimits.cc[337] : (in function: getCLs) - At r = 51.417545:	q_mu = 3.74971	q_A  = 3.55054	Pmu = 0.02636	1-Pb  = 0.47893	CLs  = 0.05505
AsymptoticLimits.cc[337] : (in function: getCLs) - At r = 57.448638:	q_mu = 4.09031	q_A  = 3.86651	Pmu = 0.02152	1-Pb  = 0.47731	CLs  = 0.04509
AsymptoticLimits.cc[337] : (in function: getCLs) - At r = 54.950438:	q_mu = 3.95091	q_A  = 3.73709	Pmu = 0.02338	1-Pb  = 0.47795	CLs  = 0.04892
AsymptoticLimits.cc[337] : (in function: getCLs) - At r = 53.720387:	q_mu = 3.88139	q_A  = 3.67253	Pmu = 0.02437	1-Pb  = 0.47827	CLs  = 0.05095
AsymptoticLimits.cc[337] : (in function: getCLs) - At r = 54.422140:	q_mu = 3.92111	q_A  = 3.70938	Pmu = 0.02380	1-Pb  = 0.47808	CLs  = 0.04978
AsymptoticLimits.cc[337] : (in function: getCLs) - At r = 54.175379:	q_mu = 3.90715	q_A  = 3.69642	Pmu = 0.02400	1-Pb  = 0.47815	CLs  = 0.05019
AsymptoticLimits.cc[337] : (in function: getCLs) - At r = 54.315633:	q_mu = 3.91508	q_A  = 3.70376	Pmu = 0.02388	1-Pb  = 0.47811	CLs  = 0.04996
AsymptoticLimits.cc[337] : (in function: getCLs) - At r = 54.266390:	q_mu = 3.91230	q_A  = 3.70116	Pmu = 0.02392	1-Pb  = 0.47812	CLs  = 0.05004
AsymptoticLimits.cc[337] : (in function: getCLs) - At r = 54.294488:	q_mu = 3.91389	q_A  = 3.70263	Pmu = 0.02390	1-Pb  = 0.47811	CLs  = 0.04999
AsymptoticLimits.cc[337] : (in function: getCLs) - At r = 54.284718:	q_mu = 3.91334	q_A  = 3.70210	Pmu = 0.02391	1-Pb  = 0.47811	CLs  = 0.05001
AsymptoticLimits.cc[337] : (in function: getCLs) - At r = 54.290377:	q_mu = 3.91366	q_A  = 3.70239	Pmu = 0.02390	1-Pb  = 0.47811	CLs  = 0.05000
AsymptoticLimits.cc[337] : (in function: getCLs) - At r = 54.288489:	q_mu = 3.91355	q_A  = 3.70228	Pmu = 0.02391	1-Pb  = 0.47811	CLs  = 0.05000
AsymptoticLimits.cc[337] : (in function: getCLs) - At r = 54.289273:	q_mu = 3.91359	q_A  = 3.70232	Pmu = 0.02391	1-Pb  = 0.47811	CLs  = 0.05000
AsymptoticLimits.cc[337] : (in function: getCLs) - At r = 54.289694:	q_mu = 3.91362	q_A  = 3.70233	Pmu = 0.02391	1-Pb  = 0.47811	CLs  = 0.05000
AsymptoticLimits.cc[337] : (in function: getCLs) - At r = 54.289519:	q_mu = 3.91361	q_A  = 3.70231	Pmu = 0.02391	1-Pb  = 0.47811	CLs  = 0.05000
