 <<< Combine >>> 
 <<< v10.0.1 >>>
>>> Random number generator seed is 123456
>>> Method used is FitDiagnostics
Set Default Value of Parameter mask_pass_SIG To : 1
Set Default Value of Parameter mask_pass_HIGH To : 1
Set Default Value of Parameter r To : 1
>>> 2 out of 6 channels masked

>> Found 15 floating parameters
>> The following parameters are protected in the event of negative eigenvalues:
>> Verifying eigenvalues are all positive (iteration 0)
Eigenvalue 14 : -0.00468799
 - 0.608246	CMS_EXO26004_Background_rpf_2x0_par3
 - 0.558654	CMS_EXO26004_Background_rpf_2x0_par2
 - -0.496371	CMS_EXO26004_Background_rpf_2x0_par1
 - -0.267505	CMS_EXO26004_Background_rpf_2x0_par0
 - 0.000703685	CMS_EXO26004_Background_fail_LOW_bin_2-1
>> Attempt 0 failed, remove the variable with largest eigenvector component...
>> Dropping CMS_EXO26004_Background_rpf_2x0_par3 from the hessian
>> Verifying eigenvalues are all positive (iteration 1)
>> All eigenvalues are positive
>> Inverting Hessian...
>> Matrix inverted
>> Note: the following parameters were dropped to make the covariance matrix pos-def:
     - CMS_EXO26004_Background_rpf_2x0_par3
 Fit B-only, status = 0, numBadNLL = 0, covariance quality = -1
Running Minos for POI r
>> Found 16 floating parameters
>> The following parameters are protected in the event of negative eigenvalues: r
>> Verifying eigenvalues are all positive (iteration 0)
Eigenvalue 14 : -0.00288253
 - -0.928424	r
 - 0.216539	CMS_EXO26004_Background_rpf_2x0_par2
 - 0.191471	CMS_EXO26004_Background_rpf_2x0_par1
 - 0.149866	CMS_EXO26004_Background_fail_HIGH_bin_3-1
 - 0.0984591	pT
Eigenvalue 15 : -0.00465462
 - -0.59746	CMS_EXO26004_Background_rpf_2x0_par3
 - -0.554902	CMS_EXO26004_Background_rpf_2x0_par2
 - 0.511165	CMS_EXO26004_Background_rpf_2x0_par1
 - 0.263984	CMS_EXO26004_Background_rpf_2x0_par0
 - -0.062772	r
>> Attempt 0 failed, remove the variable with largest eigenvector component...
>> Dropping CMS_EXO26004_Background_rpf_2x0_par3 from the hessian
>> Verifying eigenvalues are all positive (iteration 1)
Eigenvalue 14 : -0.00288849
 - -0.931775	r
 - 0.224574	CMS_EXO26004_Background_rpf_2x0_par1
 - 0.170709	CMS_EXO26004_Background_rpf_2x0_par2
 - 0.150401	CMS_EXO26004_Background_fail_HIGH_bin_3-1
 - 0.0987678	pT
>> Attempt 1 failed, remove the variable with largest eigenvector component...
>> Dropping CMS_EXO26004_Background_rpf_2x0_par1 from the hessian
>> Verifying eigenvalues are all positive (iteration 2)
Eigenvalue 13 : -0.00202456
 - 0.789115	r
 - -0.584612	CMS_EXO26004_Background_rpf_2x0_par2
 - -0.127938	CMS_EXO26004_Background_fail_HIGH_bin_3-1
 - -0.0837815	pT
 - 0.0645313	RNN
>> Attempt 2 failed, remove the variable with largest eigenvector component...
>> Dropping CMS_EXO26004_Background_rpf_2x0_par2 from the hessian
>> Verifying eigenvalues are all positive (iteration 3)
>> All eigenvalues are positive
>> Inverting Hessian...
>> Matrix inverted
>> Note: the following parameters were dropped to make the covariance matrix pos-def:
     - CMS_EXO26004_Background_rpf_2x0_par3
     - CMS_EXO26004_Background_rpf_2x0_par1
     - CMS_EXO26004_Background_rpf_2x0_par2
Fit S+B, status = 0, numBadNLL = 0, covariance quality = -1

 --- FitDiagnostics ---
Best fit r: 50  -50/+2.45637e-06  (68% CL)
Done in 0.00 min (cpu), 0.00 min (real)
27 log messages saved to combine_logger.out
