CascadeMinimizer.cc[188] : (in function: improveOnce) - Minimization configured with Type=Minuit2, Algo=Migrad, strategy=0, tolerance=0.1
CascadeMinimizer.cc[215] : (in function: improveOnce) - Minimization finished with status=0
CascadeMinimizer.cc[219] : (in function: improveOnce) - Minimization success! status=0
ToyMCSamplerOpt.cc[146] : (in function: generateAsimov) - Using internal logic for binned/unbinned Asimov dataset generation
ToyMCSamplerOpt.cc[214] : (in function: generateWithHisto) - Generating asimov with histogram for pdf pdf_binpass_LOW_obsOnly: in 3 x-bins
ToyMCSamplerOpt.cc[215] : (in function: generateWithHisto) -  , in 1 y-bins
ToyMCSamplerOpt.cc[146] : (in function: generateAsimov) - Using internal logic for binned/unbinned Asimov dataset generation
ToyMCSamplerOpt.cc[214] : (in function: generateWithHisto) - Generating asimov with histogram for pdf pdf_binpass_SIG_obsOnly: in 1 x-bins
ToyMCSamplerOpt.cc[215] : (in function: generateWithHisto) -  , in 1 y-bins
ToyMCSamplerOpt.cc[146] : (in function: generateAsimov) - Using internal logic for binned/unbinned Asimov dataset generation
ToyMCSamplerOpt.cc[214] : (in function: generateWithHisto) - Generating asimov with histogram for pdf pdf_binpass_HIGH_obsOnly: in 3 x-bins
ToyMCSamplerOpt.cc[215] : (in function: generateWithHisto) -  , in 1 y-bins
ToyMCSamplerOpt.cc[146] : (in function: generateAsimov) - Using internal logic for binned/unbinned Asimov dataset generation
ToyMCSamplerOpt.cc[214] : (in function: generateWithHisto) - Generating asimov with histogram for pdf pdf_binfail_LOW_obsOnly: in 3 x-bins
ToyMCSamplerOpt.cc[215] : (in function: generateWithHisto) -  , in 1 y-bins
ToyMCSamplerOpt.cc[146] : (in function: generateAsimov) - Using internal logic for binned/unbinned Asimov dataset generation
ToyMCSamplerOpt.cc[214] : (in function: generateWithHisto) - Generating asimov with histogram for pdf pdf_binfail_SIG_obsOnly: in 1 x-bins
ToyMCSamplerOpt.cc[215] : (in function: generateWithHisto) -  , in 1 y-bins
ToyMCSamplerOpt.cc[146] : (in function: generateAsimov) - Using internal logic for binned/unbinned Asimov dataset generation
ToyMCSamplerOpt.cc[214] : (in function: generateWithHisto) - Generating asimov with histogram for pdf pdf_binfail_HIGH_obsOnly: in 3 x-bins
ToyMCSamplerOpt.cc[215] : (in function: generateWithHisto) -  , in 1 y-bins
AsymptoticLimits.cc[428] : (in function: runLimitExpected) - Median for expected limits = 3.98438, Sigma for expected limits = 2.03288
AsymptoticLimits.cc[191] : (in function: runLimit) - NLL at global minimum of data = -697.679 (r=2.22505)
AsymptoticLimits.cc[211] : (in function: runLimit) - NLL at global minimum of asimov = -694.555 (r=0.0162661)
AsymptoticLimits.cc[337] : (in function: getCLs) - At r = 4.699744:	q_mu = 3.15767	q_A  = 5.05214	Pmu = 0.03779	1-Pb  = 0.68108	CLs  = 0.05548
AsymptoticLimits.cc[337] : (in function: getCLs) - At r = 9.399489:	q_mu = 12.43281	q_A  = 14.18812	Pmu = 0.00021	1-Pb  = 0.59510	CLs  = 0.00035
AsymptoticLimits.cc[337] : (in function: getCLs) - At r = 5.812269:	q_mu = 5.23398	q_A  = 7.15894	Pmu = 0.01107	1-Pb  = 0.65093	CLs  = 0.01701
AsymptoticLimits.cc[337] : (in function: getCLs) - At r = 4.018659:	q_mu = 1.86839	q_A  = 3.87230	Pmu = 0.08583	1-Pb  = 0.72606	CLs  = 0.11821
AsymptoticLimits.cc[337] : (in function: getCLs) - At r = 5.014321:	q_mu = 3.66999	q_A  = 5.63485	Pmu = 0.02770	1-Pb  = 0.67655	CLs  = 0.04094
AsymptoticLimits.cc[337] : (in function: getCLs) - At r = 4.665074:	q_mu = 3.01142	q_A  = 4.98850	Pmu = 0.04134	1-Pb  = 0.69081	CLs  = 0.05984
AsymptoticLimits.cc[337] : (in function: getCLs) - At r = 4.867212:	q_mu = 3.38984	q_A  = 5.35821	Pmu = 0.03280	1-Pb  = 0.68212	CLs  = 0.04808
AsymptoticLimits.cc[337] : (in function: getCLs) - At r = 4.797914:	q_mu = 3.25924	q_A  = 5.23065	Pmu = 0.03551	1-Pb  = 0.68500	CLs  = 0.05184
AsymptoticLimits.cc[337] : (in function: getCLs) - At r = 4.838425:	q_mu = 3.33546	q_A  = 5.30519	Pmu = 0.03390	1-Pb  = 0.68331	CLs  = 0.04961
AsymptoticLimits.cc[337] : (in function: getCLs) - At r = 4.824584:	q_mu = 3.30937	q_A  = 5.27969	Pmu = 0.03444	1-Pb  = 0.68389	CLs  = 0.05036
AsymptoticLimits.cc[337] : (in function: getCLs) - At r = 4.832693:	q_mu = 3.32464	q_A  = 5.29458	Pmu = 0.03412	1-Pb  = 0.68355	CLs  = 0.04992
AsymptoticLimits.cc[337] : (in function: getCLs) - At r = 4.829932:	q_mu = 3.31942	q_A  = 5.28949	Pmu = 0.03423	1-Pb  = 0.68366	CLs  = 0.05007
AsymptoticLimits.cc[337] : (in function: getCLs) - At r = 4.831557:	q_mu = 3.32248	q_A  = 5.29247	Pmu = 0.03417	1-Pb  = 0.68359	CLs  = 0.04998
AsymptoticLimits.cc[337] : (in function: getCLs) - At r = 4.831009:	q_mu = 3.32144	q_A  = 5.29144	Pmu = 0.03419	1-Pb  = 0.68361	CLs  = 0.05001
AsymptoticLimits.cc[337] : (in function: getCLs) - At r = 4.831337:	q_mu = 3.32205	q_A  = 5.29203	Pmu = 0.03418	1-Pb  = 0.68360	CLs  = 0.05000
AsymptoticLimits.cc[337] : (in function: getCLs) - At r = 4.831232:	q_mu = 3.32185	q_A  = 5.29183	Pmu = 0.03418	1-Pb  = 0.68361	CLs  = 0.05000
AsymptoticLimits.cc[337] : (in function: getCLs) - At r = 4.831279:	q_mu = 3.32193	q_A  = 5.29190	Pmu = 0.03418	1-Pb  = 0.68360	CLs  = 0.05000
AsymptoticLimits.cc[337] : (in function: getCLs) - At r = 4.831303:	q_mu = 3.32199	q_A  = 5.29194	Pmu = 0.03418	1-Pb  = 0.68360	CLs  = 0.05000
AsymptoticLimits.cc[337] : (in function: getCLs) - At r = 4.831290:	q_mu = 3.32193	q_A  = 5.29191	Pmu = 0.03418	1-Pb  = 0.68360	CLs  = 0.05000
