CascadeMinimizer.cc[188] : (in function: improveOnce) - Minimization configured with Type=Minuit2, Algo=Migrad, strategy=0, tolerance=0.1
CascadeMinimizer.cc[215] : (in function: improveOnce) - Minimization finished with status=0
CascadeMinimizer.cc[219] : (in function: improveOnce) - Minimization success! status=0
ToyMCSamplerOpt.cc[146] : (in function: generateAsimov) - Using internal logic for binned/unbinned Asimov dataset generation
ToyMCSamplerOpt.cc[214] : (in function: generateWithHisto) - Generating asimov with histogram for pdf pdf_binpass_LOW_obsOnly: in 3 x-bins
ToyMCSamplerOpt.cc[215] : (in function: generateWithHisto) -  , in 1 y-bins
ToyMCSamplerOpt.cc[146] : (in function: generateAsimov) - Using internal logic for binned/unbinned Asimov dataset generation
ToyMCSamplerOpt.cc[214] : (in function: generateWithHisto) - Generating asimov with histogram for pdf pdf_binpass_SIG_obsOnly: in 1 x-bins
ToyMCSamplerOpt.cc[215] : (in function: generateWithHisto) -  , in 1 y-bins
ToyMCSamplerOpt.cc[146] : (in function: generateAsimov) - Using internal logic for binned/unbinned Asimov dataset generation
ToyMCSamplerOpt.cc[214] : (in function: generateWithHisto) - Generating asimov with histogram for pdf pdf_binpass_HIGH_obsOnly: in 5 x-bins
ToyMCSamplerOpt.cc[215] : (in function: generateWithHisto) -  , in 1 y-bins
ToyMCSamplerOpt.cc[146] : (in function: generateAsimov) - Using internal logic for binned/unbinned Asimov dataset generation
ToyMCSamplerOpt.cc[214] : (in function: generateWithHisto) - Generating asimov with histogram for pdf pdf_binfail_LOW_obsOnly: in 3 x-bins
ToyMCSamplerOpt.cc[215] : (in function: generateWithHisto) -  , in 1 y-bins
ToyMCSamplerOpt.cc[146] : (in function: generateAsimov) - Using internal logic for binned/unbinned Asimov dataset generation
ToyMCSamplerOpt.cc[214] : (in function: generateWithHisto) - Generating asimov with histogram for pdf pdf_binfail_SIG_obsOnly: in 1 x-bins
ToyMCSamplerOpt.cc[215] : (in function: generateWithHisto) -  , in 1 y-bins
ToyMCSamplerOpt.cc[146] : (in function: generateAsimov) - Using internal logic for binned/unbinned Asimov dataset generation
ToyMCSamplerOpt.cc[214] : (in function: generateWithHisto) - Generating asimov with histogram for pdf pdf_binfail_HIGH_obsOnly: in 5 x-bins
ToyMCSamplerOpt.cc[215] : (in function: generateWithHisto) -  , in 1 y-bins
AsymptoticLimits.cc[428] : (in function: runLimitExpected) - Median for expected limits = 0.554688, Sigma for expected limits = 0.283009
AsymptoticLimits.cc[191] : (in function: runLimit) - NLL at global minimum of data = -930.511 (r=0.931009)
AsymptoticLimits.cc[211] : (in function: runLimit) - NLL at global minimum of asimov = -927.011 (r=0.00713163)
AsymptoticLimits.cc[337] : (in function: getCLs) - At r = 2.131009:	q_mu = 7.49079	q_A  = 36.01643	Pmu = 0.00310	1-Pb  = 0.99945	CLs  = 0.00310
AsymptoticLimits.cc[337] : (in function: getCLs) - At r = 1.531009:	q_mu = 2.42309	q_A  = 17.48322	Pmu = 0.05978	1-Pb  = 0.99566	CLs  = 0.06004
AsymptoticLimits.cc[337] : (in function: getCLs) - At r = 1.831009:	q_mu = 4.76601	q_A  = 22.05778	Pmu = 0.01451	1-Pb  = 0.99402	CLs  = 0.01460
AsymptoticLimits.cc[337] : (in function: getCLs) - At r = 1.681009:	q_mu = 3.53219	q_A  = 19.76645	Pmu = 0.03009	1-Pb  = 0.99486	CLs  = 0.03025
AsymptoticLimits.cc[337] : (in function: getCLs) - At r = 1.593040:	q_mu = 2.86470	q_A  = 18.42569	Pmu = 0.04527	1-Pb  = 0.99534	CLs  = 0.04548
AsymptoticLimits.cc[337] : (in function: getCLs) - At r = 1.563712:	q_mu = 2.65272	q_A  = 17.97977	Pmu = 0.05169	1-Pb  = 0.99549	CLs  = 0.05192
AsymptoticLimits.cc[337] : (in function: getCLs) - At r = 1.576258:	q_mu = 2.74272	q_A  = 18.17044	Pmu = 0.04885	1-Pb  = 0.99543	CLs  = 0.04907
AsymptoticLimits.cc[337] : (in function: getCLs) - At r = 1.570420:	q_mu = 2.70071	q_A  = 18.08169	Pmu = 0.05015	1-Pb  = 0.99546	CLs  = 0.05038
AsymptoticLimits.cc[337] : (in function: getCLs) - At r = 1.572935:	q_mu = 2.71877	q_A  = 18.11990	Pmu = 0.04959	1-Pb  = 0.99544	CLs  = 0.04981
AsymptoticLimits.cc[337] : (in function: getCLs) - At r = 1.571769:	q_mu = 2.71039	q_A  = 18.10218	Pmu = 0.04985	1-Pb  = 0.99545	CLs  = 0.05008
AsymptoticLimits.cc[337] : (in function: getCLs) - At r = 1.572273:	q_mu = 2.71401	q_A  = 18.10983	Pmu = 0.04974	1-Pb  = 0.99545	CLs  = 0.04996
AsymptoticLimits.cc[337] : (in function: getCLs) - At r = 1.572040:	q_mu = 2.71237	q_A  = 18.10629	Pmu = 0.04979	1-Pb  = 0.99545	CLs  = 0.05001
AsymptoticLimits.cc[337] : (in function: getCLs) - At r = 1.572137:	q_mu = 2.71302	q_A  = 18.10777	Pmu = 0.04977	1-Pb  = 0.99545	CLs  = 0.04999
AsymptoticLimits.cc[337] : (in function: getCLs) - At r = 1.572093:	q_mu = 2.71270	q_A  = 18.10710	Pmu = 0.04978	1-Pb  = 0.99545	CLs  = 0.05000
AsymptoticLimits.cc[337] : (in function: getCLs) - At r = 1.572114:	q_mu = 2.71286	q_A  = 18.10742	Pmu = 0.04977	1-Pb  = 0.99545	CLs  = 0.05000
AsymptoticLimits.cc[337] : (in function: getCLs) - At r = 1.572106:	q_mu = 2.71279	q_A  = 18.10729	Pmu = 0.04977	1-Pb  = 0.99545	CLs  = 0.05000
AsymptoticLimits.cc[337] : (in function: getCLs) - At r = 1.572110:	q_mu = 2.71283	q_A  = 18.10736	Pmu = 0.04977	1-Pb  = 0.99545	CLs  = 0.05000
