 <<< Combine >>> 
 <<< v10.0.1 >>>
>>> Random number generator seed is 123456
>>> Method used is FitDiagnostics
Set Default Value of Parameter mask_pass_SIG To : 1
Set Default Value of Parameter mask_pass_HIGH To : 1
Set Default Value of Parameter r To : 1
>>> 2 out of 6 channels masked

>> Found 17 floating parameters
>> The following parameters are protected in the event of negative eigenvalues:
>> Verifying eigenvalues are all positive (iteration 0)
Eigenvalue 16 : -0.00417432
 - -0.606677	CMS_EXO26004_Background_rpf_2x0_par2
 - -0.561151	CMS_EXO26004_Background_rpf_2x0_par3
 - 0.442379	CMS_EXO26004_Background_rpf_2x0_par1
 - 0.348357	CMS_EXO26004_Background_rpf_2x0_par0
 - -0.000509771	CMS_EXO26004_Background_fail_LOW_bin_2-1
>> Attempt 0 failed, remove the variable with largest eigenvector component...
>> Dropping CMS_EXO26004_Background_rpf_2x0_par2 from the hessian
>> Verifying eigenvalues are all positive (iteration 1)
Eigenvalue 15 : -0.000494978
 - -0.765367	CMS_EXO26004_Background_rpf_2x0_par3
 - 0.602338	CMS_EXO26004_Background_rpf_2x0_par0
 - 0.22672	CMS_EXO26004_Background_rpf_2x0_par1
 - -0.000196584	CMS_EXO26004_Background_fail_LOW_bin_3-1
 - 0.000114717	CMS_EXO26004_Background_fail_LOW_bin_1-1
>> Attempt 1 failed, remove the variable with largest eigenvector component...
>> Dropping CMS_EXO26004_Background_rpf_2x0_par3 from the hessian
>> Verifying eigenvalues are all positive (iteration 2)
>> All eigenvalues are positive
>> Inverting Hessian...
>> Matrix inverted
>> Note: the following parameters were dropped to make the covariance matrix pos-def:
     - CMS_EXO26004_Background_rpf_2x0_par2
     - CMS_EXO26004_Background_rpf_2x0_par3
 Fit B-only, status = 0, numBadNLL = 0, covariance quality = -1
Running Minos for POI r
>> Found 18 floating parameters
>> The following parameters are protected in the event of negative eigenvalues: r
>> Verifying eigenvalues are all positive (iteration 0)
Eigenvalue 16 : -0.00119381
 - -0.716726	r
 - 0.694475	CMS_EXO26004_Background_fail_HIGH_bin_5-1
 - 0.0361846	CMS_EXO26004_Background_rpf_2x0_par3
 - 0.0311221	CMS_EXO26004_Background_fail_HIGH_bin_4-1
 - 0.0240901	CMS_EXO26004_Background_rpf_2x0_par2
Eigenvalue 17 : -0.00418082
 - -0.60634	CMS_EXO26004_Background_rpf_2x0_par2
 - -0.565036	CMS_EXO26004_Background_rpf_2x0_par3
 - 0.440323	CMS_EXO26004_Background_rpf_2x0_par1
 - 0.343329	CMS_EXO26004_Background_rpf_2x0_par0
 - -0.026325	r
>> Attempt 0 failed, remove the variable with largest eigenvector component...
>> Dropping CMS_EXO26004_Background_rpf_2x0_par2 from the hessian
>> Verifying eigenvalues are all positive (iteration 1)
Eigenvalue 15 : -0.000500738
 - -0.767668	CMS_EXO26004_Background_rpf_2x0_par3
 - 0.590624	CMS_EXO26004_Background_rpf_2x0_par0
 - 0.219369	CMS_EXO26004_Background_rpf_2x0_par1
 - 0.0839331	r
 - -0.0816093	CMS_EXO26004_Background_fail_HIGH_bin_5-1
Eigenvalue 16 : -0.00120956
 - -0.712291	r
 - 0.690124	CMS_EXO26004_Background_fail_HIGH_bin_5-1
 - -0.0827352	CMS_EXO26004_Background_rpf_2x0_par3
 - 0.0677679	CMS_EXO26004_Background_rpf_2x0_par0
 - 0.058125	CMS_EXO26004_Background_rpf_2x0_par1
>> Attempt 1 failed, remove the variable with largest eigenvector component...
>> Dropping CMS_EXO26004_Background_fail_HIGH_bin_5-1 from the hessian
>> Verifying eigenvalues are all positive (iteration 2)
Eigenvalue 15 : -0.000510532
 - 0.772073	CMS_EXO26004_Background_rpf_2x0_par3
 - -0.594478	CMS_EXO26004_Background_rpf_2x0_par0
 - -0.22472	CMS_EXO26004_Background_rpf_2x0_par1
 - 0.000612939	r
 - 0.000193316	CMS_EXO26004_Background_fail_LOW_bin_3-1
>> Attempt 2 failed, remove the variable with largest eigenvector component...
>> Dropping CMS_EXO26004_Background_rpf_2x0_par3 from the hessian
>> Verifying eigenvalues are all positive (iteration 3)
>> All eigenvalues are positive
>> Inverting Hessian...
>> Matrix inverted
>> Note: the following parameters were dropped to make the covariance matrix pos-def:
     - CMS_EXO26004_Background_rpf_2x0_par2
     - CMS_EXO26004_Background_fail_HIGH_bin_5-1
     - CMS_EXO26004_Background_rpf_2x0_par3
Fit S+B, status = 0, numBadNLL = 0, covariance quality = -1

 --- FitDiagnostics ---
Best fit r: 0.481728  -0.481728/+49.5183  (68% CL)
Done in 0.01 min (cpu), 0.01 min (real)
27 log messages saved to combine_logger.out
