CascadeMinimizer.cc[188] : (in function: improveOnce) - Minimization configured with Type=Minuit2, Algo=Migrad, strategy=0, tolerance=0.1
CascadeMinimizer.cc[215] : (in function: improveOnce) - Minimization finished with status=0
CascadeMinimizer.cc[219] : (in function: improveOnce) - Minimization success! status=0
ToyMCSamplerOpt.cc[146] : (in function: generateAsimov) - Using internal logic for binned/unbinned Asimov dataset generation
ToyMCSamplerOpt.cc[214] : (in function: generateWithHisto) - Generating asimov with histogram for pdf pdf_binpass_LOW_obsOnly: in 3 x-bins
ToyMCSamplerOpt.cc[215] : (in function: generateWithHisto) -  , in 1 y-bins
ToyMCSamplerOpt.cc[146] : (in function: generateAsimov) - Using internal logic for binned/unbinned Asimov dataset generation
ToyMCSamplerOpt.cc[214] : (in function: generateWithHisto) - Generating asimov with histogram for pdf pdf_binpass_SIG_obsOnly: in 1 x-bins
ToyMCSamplerOpt.cc[215] : (in function: generateWithHisto) -  , in 1 y-bins
ToyMCSamplerOpt.cc[146] : (in function: generateAsimov) - Using internal logic for binned/unbinned Asimov dataset generation
ToyMCSamplerOpt.cc[214] : (in function: generateWithHisto) - Generating asimov with histogram for pdf pdf_binpass_HIGH_obsOnly: in 3 x-bins
ToyMCSamplerOpt.cc[215] : (in function: generateWithHisto) -  , in 1 y-bins
ToyMCSamplerOpt.cc[146] : (in function: generateAsimov) - Using internal logic for binned/unbinned Asimov dataset generation
ToyMCSamplerOpt.cc[214] : (in function: generateWithHisto) - Generating asimov with histogram for pdf pdf_binfail_LOW_obsOnly: in 3 x-bins
ToyMCSamplerOpt.cc[215] : (in function: generateWithHisto) -  , in 1 y-bins
ToyMCSamplerOpt.cc[146] : (in function: generateAsimov) - Using internal logic for binned/unbinned Asimov dataset generation
ToyMCSamplerOpt.cc[214] : (in function: generateWithHisto) - Generating asimov with histogram for pdf pdf_binfail_SIG_obsOnly: in 1 x-bins
ToyMCSamplerOpt.cc[215] : (in function: generateWithHisto) -  , in 1 y-bins
ToyMCSamplerOpt.cc[146] : (in function: generateAsimov) - Using internal logic for binned/unbinned Asimov dataset generation
ToyMCSamplerOpt.cc[214] : (in function: generateWithHisto) - Generating asimov with histogram for pdf pdf_binfail_HIGH_obsOnly: in 3 x-bins
ToyMCSamplerOpt.cc[215] : (in function: generateWithHisto) -  , in 1 y-bins
AsymptoticLimits.cc[428] : (in function: runLimitExpected) - Median for expected limits = 6.25, Sigma for expected limits = 3.18883
AsymptoticLimits.cc[191] : (in function: runLimit) - NLL at global minimum of data = -8423.12 (r=7.78521e-08)
AsymptoticLimits.cc[211] : (in function: runLimit) - NLL at global minimum of asimov = -8423.54 (r=1.59608e-06)
AsymptoticLimits.cc[337] : (in function: getCLs) - At r = 1.402860:	q_mu = 2.27576	q_A  = 0.72397	Pmu = 0.03897	1-Pb  = 0.18091	CLs  = 0.21541
AsymptoticLimits.cc[337] : (in function: getCLs) - At r = 2.805719:	q_mu = 3.86410	q_A  = 1.71795	Pmu = 0.01661	1-Pb  = 0.20648	CLs  = 0.08045
AsymptoticLimits.cc[337] : (in function: getCLs) - At r = 5.611438:	q_mu = 6.21253	q_A  = 3.48225	Pmu = 0.00469	1-Pb  = 0.23222	CLs  = 0.02021
AsymptoticLimits.cc[337] : (in function: getCLs) - At r = 2.805719:	q_mu = 3.86410	q_A  = 1.71795	Pmu = 0.01661	1-Pb  = 0.20648	CLs  = 0.08045
AsymptoticLimits.cc[337] : (in function: getCLs) - At r = 4.139607:	q_mu = 5.07796	q_A  = 2.60006	Pmu = 0.00864	1-Pb  = 0.22114	CLs  = 0.03906
AsymptoticLimits.cc[337] : (in function: getCLs) - At r = 3.508044:	q_mu = 4.53014	q_A  = 2.19256	Pmu = 0.01160	1-Pb  = 0.21496	CLs  = 0.05397
AsymptoticLimits.cc[337] : (in function: getCLs) - At r = 3.753779:	q_mu = 4.74848	q_A  = 2.35328	Pmu = 0.01031	1-Pb  = 0.21749	CLs  = 0.04742
AsymptoticLimits.cc[337] : (in function: getCLs) - At r = 3.624201:	q_mu = 4.63420	q_A  = 2.26888	Pmu = 0.01097	1-Pb  = 0.21618	CLs  = 0.05074
AsymptoticLimits.cc[337] : (in function: getCLs) - At r = 3.672647:	q_mu = 4.67714	q_A  = 2.30054	Pmu = 0.01072	1-Pb  = 0.21668	CLs  = 0.04947
AsymptoticLimits.cc[337] : (in function: getCLs) - At r = 3.646598:	q_mu = 4.65408	q_A  = 2.28352	Pmu = 0.01085	1-Pb  = 0.21641	CLs  = 0.05015
AsymptoticLimits.cc[337] : (in function: getCLs) - At r = 3.656265:	q_mu = 4.66265	q_A  = 2.28984	Pmu = 0.01080	1-Pb  = 0.21651	CLs  = 0.04989
AsymptoticLimits.cc[337] : (in function: getCLs) - At r = 3.651048:	q_mu = 4.65803	q_A  = 2.28643	Pmu = 0.01083	1-Pb  = 0.21646	CLs  = 0.05003
AsymptoticLimits.cc[337] : (in function: getCLs) - At r = 3.652982:	q_mu = 4.65974	q_A  = 2.28770	Pmu = 0.01082	1-Pb  = 0.21648	CLs  = 0.04998
AsymptoticLimits.cc[337] : (in function: getCLs) - At r = 3.651937:	q_mu = 4.65881	q_A  = 2.28701	Pmu = 0.01082	1-Pb  = 0.21647	CLs  = 0.05001
AsymptoticLimits.cc[337] : (in function: getCLs) - At r = 3.652324:	q_mu = 4.65916	q_A  = 2.28727	Pmu = 0.01082	1-Pb  = 0.21647	CLs  = 0.05000
AsymptoticLimits.cc[337] : (in function: getCLs) - At r = 3.652115:	q_mu = 4.65897	q_A  = 2.28713	Pmu = 0.01082	1-Pb  = 0.21647	CLs  = 0.05000
AsymptoticLimits.cc[337] : (in function: getCLs) - At r = 3.652193:	q_mu = 4.65904	q_A  = 2.28718	Pmu = 0.01082	1-Pb  = 0.21647	CLs  = 0.05000
AsymptoticLimits.cc[337] : (in function: getCLs) - At r = 3.652151:	q_mu = 4.65900	q_A  = 2.28715	Pmu = 0.01082	1-Pb  = 0.21647	CLs  = 0.05000
AsymptoticLimits.cc[337] : (in function: getCLs) - At r = 3.652166:	q_mu = 4.65902	q_A  = 2.28716	Pmu = 0.01082	1-Pb  = 0.21647	CLs  = 0.05000
AsymptoticLimits.cc[337] : (in function: getCLs) - At r = 3.652158:	q_mu = 4.65901	q_A  = 2.28716	Pmu = 0.01082	1-Pb  = 0.21647	CLs  = 0.05000
