CascadeMinimizer.cc[188] : (in function: improveOnce) - Minimization configured with Type=Minuit2, Algo=Migrad, strategy=0, tolerance=0.1
CascadeMinimizer.cc[215] : (in function: improveOnce) - Minimization finished with status=0
CascadeMinimizer.cc[219] : (in function: improveOnce) - Minimization success! status=0
ToyMCSamplerOpt.cc[146] : (in function: generateAsimov) - Using internal logic for binned/unbinned Asimov dataset generation
ToyMCSamplerOpt.cc[214] : (in function: generateWithHisto) - Generating asimov with histogram for pdf pdf_binpass_LOW_obsOnly: in 3 x-bins
ToyMCSamplerOpt.cc[215] : (in function: generateWithHisto) -  , in 1 y-bins
ToyMCSamplerOpt.cc[146] : (in function: generateAsimov) - Using internal logic for binned/unbinned Asimov dataset generation
ToyMCSamplerOpt.cc[214] : (in function: generateWithHisto) - Generating asimov with histogram for pdf pdf_binpass_SIG_obsOnly: in 1 x-bins
ToyMCSamplerOpt.cc[215] : (in function: generateWithHisto) -  , in 1 y-bins
ToyMCSamplerOpt.cc[146] : (in function: generateAsimov) - Using internal logic for binned/unbinned Asimov dataset generation
ToyMCSamplerOpt.cc[214] : (in function: generateWithHisto) - Generating asimov with histogram for pdf pdf_binpass_HIGH_obsOnly: in 5 x-bins
ToyMCSamplerOpt.cc[215] : (in function: generateWithHisto) -  , in 1 y-bins
ToyMCSamplerOpt.cc[146] : (in function: generateAsimov) - Using internal logic for binned/unbinned Asimov dataset generation
ToyMCSamplerOpt.cc[214] : (in function: generateWithHisto) - Generating asimov with histogram for pdf pdf_binfail_LOW_obsOnly: in 3 x-bins
ToyMCSamplerOpt.cc[215] : (in function: generateWithHisto) -  , in 1 y-bins
ToyMCSamplerOpt.cc[146] : (in function: generateAsimov) - Using internal logic for binned/unbinned Asimov dataset generation
ToyMCSamplerOpt.cc[214] : (in function: generateWithHisto) - Generating asimov with histogram for pdf pdf_binfail_SIG_obsOnly: in 1 x-bins
ToyMCSamplerOpt.cc[215] : (in function: generateWithHisto) -  , in 1 y-bins
ToyMCSamplerOpt.cc[146] : (in function: generateAsimov) - Using internal logic for binned/unbinned Asimov dataset generation
ToyMCSamplerOpt.cc[214] : (in function: generateWithHisto) - Generating asimov with histogram for pdf pdf_binfail_HIGH_obsOnly: in 5 x-bins
ToyMCSamplerOpt.cc[215] : (in function: generateWithHisto) -  , in 1 y-bins
AsymptoticLimits.cc[428] : (in function: runLimitExpected) - Median for expected limits = 0.542969, Sigma for expected limits = 0.27703
AsymptoticLimits.cc[191] : (in function: runLimit) - NLL at global minimum of data = -236.345 (r=1.93971e-08)
AsymptoticLimits.cc[211] : (in function: runLimit) - NLL at global minimum of asimov = -181.671 (r=0.00304915)
AsymptoticLimits.cc[337] : (in function: getCLs) - At r = 1.200000:	q_mu = 48.37142	q_A  = 35.59769	Pmu = 0.00000	1-Pb  = 0.14220	CLs  = 0.00000
AsymptoticLimits.cc[337] : (in function: getCLs) - At r = 0.600000:	q_mu = 33.03171	q_A  = 4.67025	Pmu = 0.00000	1-Pb  = 0.00000	CLs  = 0.00000
AsymptoticLimits.cc[337] : (in function: getCLs) - At r = 0.300000:	q_mu = 20.00669	q_A  = 1.21621	Pmu = 0.00000	1-Pb  = 0.00000	CLs  = 0.00004
AsymptoticLimits.cc[337] : (in function: getCLs) - At r = 0.150000:	q_mu = 11.08462	q_A  = 0.31778	Pmu = 0.00000	1-Pb  = 0.00000	CLs  = 0.00370
AsymptoticLimits.cc[337] : (in function: getCLs) - At r = 0.075000:	q_mu = 5.64170	q_A  = 0.08154	Pmu = 0.00000	1-Pb  = 0.00000	CLs  = 0.05789
AsymptoticLimits.cc[337] : (in function: getCLs) - At r = 0.112500:	q_mu = 8.42728	q_A  = 0.18147	Pmu = 0.00000	1-Pb  = 0.00000	CLs  = 0.01418
AsymptoticLimits.cc[337] : (in function: getCLs) - At r = 0.093750:	q_mu = 7.03816	q_A  = 0.12676	Pmu = 0.00000	1-Pb  = 0.00000	CLs  = 0.02860
AsymptoticLimits.cc[337] : (in function: getCLs) - At r = 0.081867:	q_mu = 6.15335	q_A  = 0.09744	Pmu = 0.00000	1-Pb  = 0.00000	CLs  = 0.04470
AsymptoticLimits.cc[337] : (in function: getCLs) - At r = 0.078114:	q_mu = 5.87365	q_A  = 0.09088	Pmu = 0.00000	1-Pb  = 0.00000	CLs  = 0.05145
AsymptoticLimits.cc[337] : (in function: getCLs) - At r = 0.079475:	q_mu = 5.97513	q_A  = 0.09169	Pmu = 0.00000	1-Pb  = 0.00000	CLs  = 0.04892
AsymptoticLimits.cc[337] : (in function: getCLs) - At r = 0.078730:	q_mu = 5.91960	q_A  = 0.09287	Pmu = 0.00000	1-Pb  = 0.00000	CLs  = 0.05026
AsymptoticLimits.cc[337] : (in function: getCLs) - At r = 0.078993:	q_mu = 5.93921	q_A  = 0.09038	Pmu = 0.00000	1-Pb  = 0.00000	CLs  = 0.04981
AsymptoticLimits.cc[337] : (in function: getCLs) - At r = 0.078853:	q_mu = 5.92868	q_A  = 0.09043	Pmu = 0.00000	1-Pb  = 0.00000	CLs  = 0.05007
AsymptoticLimits.cc[337] : (in function: getCLs) - At r = 0.078913:	q_mu = 5.93316	q_A  = 0.09229	Pmu = 0.00000	1-Pb  = 0.00000	CLs  = 0.04993
AsymptoticLimits.cc[337] : (in function: getCLs) - At r = 0.078878:	q_mu = 5.93064	q_A  = 0.09069	Pmu = 0.00000	1-Pb  = 0.00000	CLs  = 0.05002
AsymptoticLimits.cc[337] : (in function: getCLs) - At r = 0.078891:	q_mu = 5.93164	q_A  = 0.09016	Pmu = 0.00000	1-Pb  = 0.00000	CLs  = 0.05001
AsymptoticLimits.cc[337] : (in function: getCLs) - At r = 0.078897:	q_mu = 5.93199	q_A  = 0.09017	Pmu = 0.00000	1-Pb  = 0.00000	CLs  = 0.05000
AsymptoticLimits.cc[337] : (in function: getCLs) - At r = 0.078894:	q_mu = 5.93185	q_A  = 0.09023	Pmu = 0.00000	1-Pb  = 0.00000	CLs  = 0.05000
