CascadeMinimizer.cc[188] : (in function: improveOnce) - Minimization configured with Type=Minuit2, Algo=Migrad, strategy=0, tolerance=0.1
CascadeMinimizer.cc[215] : (in function: improveOnce) - Minimization finished with status=0
CascadeMinimizer.cc[219] : (in function: improveOnce) - Minimization success! status=0
ToyMCSamplerOpt.cc[146] : (in function: generateAsimov) - Using internal logic for binned/unbinned Asimov dataset generation
ToyMCSamplerOpt.cc[214] : (in function: generateWithHisto) - Generating asimov with histogram for pdf pdf_binpass_LOW_obsOnly: in 2 x-bins
ToyMCSamplerOpt.cc[215] : (in function: generateWithHisto) -  , in 1 y-bins
ToyMCSamplerOpt.cc[146] : (in function: generateAsimov) - Using internal logic for binned/unbinned Asimov dataset generation
ToyMCSamplerOpt.cc[214] : (in function: generateWithHisto) - Generating asimov with histogram for pdf pdf_binpass_SIG_obsOnly: in 1 x-bins
ToyMCSamplerOpt.cc[215] : (in function: generateWithHisto) -  , in 1 y-bins
ToyMCSamplerOpt.cc[146] : (in function: generateAsimov) - Using internal logic for binned/unbinned Asimov dataset generation
ToyMCSamplerOpt.cc[214] : (in function: generateWithHisto) - Generating asimov with histogram for pdf pdf_binpass_HIGH_obsOnly: in 9 x-bins
ToyMCSamplerOpt.cc[215] : (in function: generateWithHisto) -  , in 1 y-bins
ToyMCSamplerOpt.cc[146] : (in function: generateAsimov) - Using internal logic for binned/unbinned Asimov dataset generation
ToyMCSamplerOpt.cc[214] : (in function: generateWithHisto) - Generating asimov with histogram for pdf pdf_binfail_LOW_obsOnly: in 2 x-bins
ToyMCSamplerOpt.cc[215] : (in function: generateWithHisto) -  , in 1 y-bins
ToyMCSamplerOpt.cc[146] : (in function: generateAsimov) - Using internal logic for binned/unbinned Asimov dataset generation
ToyMCSamplerOpt.cc[214] : (in function: generateWithHisto) - Generating asimov with histogram for pdf pdf_binfail_SIG_obsOnly: in 1 x-bins
ToyMCSamplerOpt.cc[215] : (in function: generateWithHisto) -  , in 1 y-bins
ToyMCSamplerOpt.cc[146] : (in function: generateAsimov) - Using internal logic for binned/unbinned Asimov dataset generation
ToyMCSamplerOpt.cc[214] : (in function: generateWithHisto) - Generating asimov with histogram for pdf pdf_binfail_HIGH_obsOnly: in 9 x-bins
ToyMCSamplerOpt.cc[215] : (in function: generateWithHisto) -  , in 1 y-bins
AsymptoticLimits.cc[428] : (in function: runLimitExpected) - Median for expected limits = 1.52344, Sigma for expected limits = 0.777278
AsymptoticLimits.cc[191] : (in function: runLimit) - NLL at global minimum of data = -813.609 (r=3.0753e-07)
AsymptoticLimits.cc[211] : (in function: runLimit) - NLL at global minimum of asimov = -813.07 (r=1.95394e-07)
AsymptoticLimits.cc[337] : (in function: getCLs) - At r = 1.200000:	q_mu = 3.10217	q_A  = 3.07837	Pmu = 0.03909	1-Pb  = 0.49729	CLs  = 0.07861
AsymptoticLimits.cc[337] : (in function: getCLs) - At r = 2.400001:	q_mu = 5.80486	q_A  = 5.76615	Pmu = 0.00799	1-Pb  = 0.49678	CLs  = 0.01608
AsymptoticLimits.cc[337] : (in function: getCLs) - At r = 1.200000:	q_mu = 3.10188	q_A  = 3.07831	Pmu = 0.03910	1-Pb  = 0.49732	CLs  = 0.07862
AsymptoticLimits.cc[337] : (in function: getCLs) - At r = 1.713836:	q_mu = 4.29940	q_A  = 4.26876	Pmu = 0.01906	1-Pb  = 0.49704	CLs  = 0.03835
AsymptoticLimits.cc[337] : (in function: getCLs) - At r = 1.459187:	q_mu = 3.71399	q_A  = 3.68684	Pmu = 0.02698	1-Pb  = 0.49718	CLs  = 0.05426
AsymptoticLimits.cc[337] : (in function: getCLs) - At r = 1.558143:	q_mu = 3.94322	q_A  = 3.91478	Pmu = 0.02353	1-Pb  = 0.49713	CLs  = 0.04733
AsymptoticLimits.cc[337] : (in function: getCLs) - At r = 1.506574:	q_mu = 3.82395	q_A  = 3.79590	Pmu = 0.02526	1-Pb  = 0.49713	CLs  = 0.05082
AsymptoticLimits.cc[337] : (in function: getCLs) - At r = 1.526280:	q_mu = 3.86537	q_A  = 3.84119	Pmu = 0.02465	1-Pb  = 0.49754	CLs  = 0.04954
AsymptoticLimits.cc[337] : (in function: getCLs) - At r = 1.516566:	q_mu = 3.84288	q_A  = 3.81882	Pmu = 0.02498	1-Pb  = 0.49754	CLs  = 0.05020
AsymptoticLimits.cc[337] : (in function: getCLs) - At r = 1.520861:	q_mu = 3.85282	q_A  = 3.82869	Pmu = 0.02483	1-Pb  = 0.49754	CLs  = 0.04991
AsymptoticLimits.cc[337] : (in function: getCLs) - At r = 1.518919:	q_mu = 3.84832	q_A  = 3.82422	Pmu = 0.02490	1-Pb  = 0.49754	CLs  = 0.05004
AsymptoticLimits.cc[337] : (in function: getCLs) - At r = 1.519779:	q_mu = 3.85031	q_A  = 3.82620	Pmu = 0.02487	1-Pb  = 0.49754	CLs  = 0.04998
AsymptoticLimits.cc[337] : (in function: getCLs) - At r = 1.519391:	q_mu = 3.84942	q_A  = 3.82530	Pmu = 0.02488	1-Pb  = 0.49754	CLs  = 0.05001
AsymptoticLimits.cc[337] : (in function: getCLs) - At r = 1.519563:	q_mu = 3.84981	q_A  = 3.82569	Pmu = 0.02488	1-Pb  = 0.49754	CLs  = 0.05000
AsymptoticLimits.cc[337] : (in function: getCLs) - At r = 1.519486:	q_mu = 3.84964	q_A  = 3.82551	Pmu = 0.02488	1-Pb  = 0.49754	CLs  = 0.05000
AsymptoticLimits.cc[337] : (in function: getCLs) - At r = 1.519521:	q_mu = 3.84972	q_A  = 3.82559	Pmu = 0.02488	1-Pb  = 0.49754	CLs  = 0.05000
AsymptoticLimits.cc[337] : (in function: getCLs) - At r = 1.519506:	q_mu = 3.84968	q_A  = 3.82555	Pmu = 0.02488	1-Pb  = 0.49754	CLs  = 0.05000
AsymptoticLimits.cc[337] : (in function: getCLs) - At r = 1.519513:	q_mu = 3.84970	q_A  = 3.82557	Pmu = 0.02488	1-Pb  = 0.49754	CLs  = 0.05000
