CascadeMinimizer.cc[188] : (in function: improveOnce) - Minimization configured with Type=Minuit2, Algo=Migrad, strategy=0, tolerance=0.1
CascadeMinimizer.cc[215] : (in function: improveOnce) - Minimization finished with status=0
CascadeMinimizer.cc[219] : (in function: improveOnce) - Minimization success! status=0
ToyMCSamplerOpt.cc[146] : (in function: generateAsimov) - Using internal logic for binned/unbinned Asimov dataset generation
ToyMCSamplerOpt.cc[214] : (in function: generateWithHisto) - Generating asimov with histogram for pdf pdf_binpass_LOW_obsOnly: in 3 x-bins
ToyMCSamplerOpt.cc[215] : (in function: generateWithHisto) -  , in 1 y-bins
ToyMCSamplerOpt.cc[146] : (in function: generateAsimov) - Using internal logic for binned/unbinned Asimov dataset generation
ToyMCSamplerOpt.cc[214] : (in function: generateWithHisto) - Generating asimov with histogram for pdf pdf_binpass_SIG_obsOnly: in 1 x-bins
ToyMCSamplerOpt.cc[215] : (in function: generateWithHisto) -  , in 1 y-bins
ToyMCSamplerOpt.cc[146] : (in function: generateAsimov) - Using internal logic for binned/unbinned Asimov dataset generation
ToyMCSamplerOpt.cc[214] : (in function: generateWithHisto) - Generating asimov with histogram for pdf pdf_binpass_HIGH_obsOnly: in 5 x-bins
ToyMCSamplerOpt.cc[215] : (in function: generateWithHisto) -  , in 1 y-bins
ToyMCSamplerOpt.cc[146] : (in function: generateAsimov) - Using internal logic for binned/unbinned Asimov dataset generation
ToyMCSamplerOpt.cc[214] : (in function: generateWithHisto) - Generating asimov with histogram for pdf pdf_binfail_LOW_obsOnly: in 3 x-bins
ToyMCSamplerOpt.cc[215] : (in function: generateWithHisto) -  , in 1 y-bins
ToyMCSamplerOpt.cc[146] : (in function: generateAsimov) - Using internal logic for binned/unbinned Asimov dataset generation
ToyMCSamplerOpt.cc[214] : (in function: generateWithHisto) - Generating asimov with histogram for pdf pdf_binfail_SIG_obsOnly: in 1 x-bins
ToyMCSamplerOpt.cc[215] : (in function: generateWithHisto) -  , in 1 y-bins
ToyMCSamplerOpt.cc[146] : (in function: generateAsimov) - Using internal logic for binned/unbinned Asimov dataset generation
ToyMCSamplerOpt.cc[214] : (in function: generateWithHisto) - Generating asimov with histogram for pdf pdf_binfail_HIGH_obsOnly: in 5 x-bins
ToyMCSamplerOpt.cc[215] : (in function: generateWithHisto) -  , in 1 y-bins
AsymptoticLimits.cc[415] : (in function: runLimitExpected) - [WARNING] Best fit of asimov dataset is at r = 0.093592 (0.004680 times rMax), while it should be at zero
AsymptoticLimits.cc[428] : (in function: runLimitExpected) - Median for expected limits = 21, Sigma for expected limits = 10.7145
AsymptoticLimits.cc[191] : (in function: runLimit) - NLL at global minimum of data = -17649 (r=4.84358e-07)
AsymptoticLimits.cc[211] : (in function: runLimit) - NLL at global minimum of asimov = -17646.7 (r=0.00638892)
AsymptoticLimits.cc[337] : (in function: getCLs) - At r = 106.016767:	q_mu = 122.82621	q_A  = 121.59637	Pmu = 0.00000	1-Pb  = 0.47776	CLs  = 0.00000
AsymptoticLimits.cc[337] : (in function: getCLs) - At r = 53.008384:	q_mu = 33.60391	q_A  = 32.47989	Pmu = 0.00000	1-Pb  = 0.46072	CLs  = 0.00000
AsymptoticLimits.cc[337] : (in function: getCLs) - At r = 26.504192:	q_mu = 6.98384	q_A  = 6.23041	Pmu = 0.00406	1-Pb  = 0.44002	CLs  = 0.00923
AsymptoticLimits.cc[337] : (in function: getCLs) - At r = 13.252096:	q_mu = 1.83055	q_A  = 1.48374	Pmu = 0.08684	1-Pb  = 0.44340	CLs  = 0.19586
AsymptoticLimits.cc[337] : (in function: getCLs) - At r = 19.878144:	q_mu = 3.97076	q_A  = 3.42690	Pmu = 0.02285	1-Pb  = 0.44161	CLs  = 0.05175
AsymptoticLimits.cc[337] : (in function: getCLs) - At r = 23.191168:	q_mu = 5.36675	q_A  = 4.71929	Pmu = 0.01013	1-Pb  = 0.44077	CLs  = 0.02299
AsymptoticLimits.cc[337] : (in function: getCLs) - At r = 20.653191:	q_mu = 4.27753	q_A  = 3.70969	Pmu = 0.01906	1-Pb  = 0.44140	CLs  = 0.04319
AsymptoticLimits.cc[337] : (in function: getCLs) - At r = 20.151199:	q_mu = 4.07801	q_A  = 3.52581	Pmu = 0.02145	1-Pb  = 0.44155	CLs  = 0.04857
AsymptoticLimits.cc[337] : (in function: getCLs) - At r = 19.996695:	q_mu = 4.01775	q_A  = 3.46928	Pmu = 0.02222	1-Pb  = 0.44147	CLs  = 0.05034
AsymptoticLimits.cc[337] : (in function: getCLs) - At r = 20.051082:	q_mu = 4.03832	q_A  = 3.48891	Pmu = 0.02196	1-Pb  = 0.44154	CLs  = 0.04973
AsymptoticLimits.cc[337] : (in function: getCLs) - At r = 20.020758:	q_mu = 4.02639	q_A  = 3.47795	Pmu = 0.02211	1-Pb  = 0.44155	CLs  = 0.05008
AsymptoticLimits.cc[337] : (in function: getCLs) - At r = 20.032150:	q_mu = 4.03077	q_A  = 3.48206	Pmu = 0.02205	1-Pb  = 0.44155	CLs  = 0.04995
AsymptoticLimits.cc[337] : (in function: getCLs) - At r = 20.026172:	q_mu = 4.02842	q_A  = 3.47990	Pmu = 0.02209	1-Pb  = 0.44156	CLs  = 0.05002
AsymptoticLimits.cc[337] : (in function: getCLs) - At r = 20.028508:	q_mu = 4.02932	q_A  = 3.48074	Pmu = 0.02207	1-Pb  = 0.44156	CLs  = 0.04999
AsymptoticLimits.cc[337] : (in function: getCLs) - At r = 20.027334:	q_mu = 4.02885	q_A  = 3.48032	Pmu = 0.02208	1-Pb  = 0.44156	CLs  = 0.05000
AsymptoticLimits.cc[337] : (in function: getCLs) - At r = 20.027822:	q_mu = 4.02903	q_A  = 3.48049	Pmu = 0.02208	1-Pb  = 0.44156	CLs  = 0.05000
AsymptoticLimits.cc[337] : (in function: getCLs) - At r = 20.027600:	q_mu = 4.02893	q_A  = 3.48041	Pmu = 0.02208	1-Pb  = 0.44156	CLs  = 0.05000
AsymptoticLimits.cc[337] : (in function: getCLs) - At r = 20.027708:	q_mu = 4.02897	q_A  = 3.48045	Pmu = 0.02208	1-Pb  = 0.44156	CLs  = 0.05000
AsymptoticLimits.cc[337] : (in function: getCLs) - At r = 20.027674:	q_mu = 4.02895	q_A  = 3.48044	Pmu = 0.02208	1-Pb  = 0.44156	CLs  = 0.05000
