CascadeMinimizer.cc[188] : (in function: improveOnce) - Minimization configured with Type=Minuit2, Algo=Migrad, strategy=0, tolerance=0.1
CascadeMinimizer.cc[215] : (in function: improveOnce) - Minimization finished with status=0
CascadeMinimizer.cc[219] : (in function: improveOnce) - Minimization success! status=0
ToyMCSamplerOpt.cc[146] : (in function: generateAsimov) - Using internal logic for binned/unbinned Asimov dataset generation
ToyMCSamplerOpt.cc[214] : (in function: generateWithHisto) - Generating asimov with histogram for pdf pdf_binpass_LOW_obsOnly: in 3 x-bins
ToyMCSamplerOpt.cc[215] : (in function: generateWithHisto) -  , in 1 y-bins
ToyMCSamplerOpt.cc[146] : (in function: generateAsimov) - Using internal logic for binned/unbinned Asimov dataset generation
ToyMCSamplerOpt.cc[214] : (in function: generateWithHisto) - Generating asimov with histogram for pdf pdf_binpass_SIG_obsOnly: in 1 x-bins
ToyMCSamplerOpt.cc[215] : (in function: generateWithHisto) -  , in 1 y-bins
ToyMCSamplerOpt.cc[146] : (in function: generateAsimov) - Using internal logic for binned/unbinned Asimov dataset generation
ToyMCSamplerOpt.cc[214] : (in function: generateWithHisto) - Generating asimov with histogram for pdf pdf_binpass_HIGH_obsOnly: in 3 x-bins
ToyMCSamplerOpt.cc[215] : (in function: generateWithHisto) -  , in 1 y-bins
ToyMCSamplerOpt.cc[146] : (in function: generateAsimov) - Using internal logic for binned/unbinned Asimov dataset generation
ToyMCSamplerOpt.cc[214] : (in function: generateWithHisto) - Generating asimov with histogram for pdf pdf_binfail_LOW_obsOnly: in 3 x-bins
ToyMCSamplerOpt.cc[215] : (in function: generateWithHisto) -  , in 1 y-bins
ToyMCSamplerOpt.cc[146] : (in function: generateAsimov) - Using internal logic for binned/unbinned Asimov dataset generation
ToyMCSamplerOpt.cc[214] : (in function: generateWithHisto) - Generating asimov with histogram for pdf pdf_binfail_SIG_obsOnly: in 1 x-bins
ToyMCSamplerOpt.cc[215] : (in function: generateWithHisto) -  , in 1 y-bins
ToyMCSamplerOpt.cc[146] : (in function: generateAsimov) - Using internal logic for binned/unbinned Asimov dataset generation
ToyMCSamplerOpt.cc[214] : (in function: generateWithHisto) - Generating asimov with histogram for pdf pdf_binfail_HIGH_obsOnly: in 3 x-bins
ToyMCSamplerOpt.cc[215] : (in function: generateWithHisto) -  , in 1 y-bins
AsymptoticLimits.cc[428] : (in function: runLimitExpected) - Median for expected limits = 0.527344, Sigma for expected limits = 0.269058
AsymptoticLimits.cc[191] : (in function: runLimit) - NLL at global minimum of data = -702.861 (r=1.17639e-07)
AsymptoticLimits.cc[211] : (in function: runLimit) - NLL at global minimum of asimov = -702.519 (r=1.39695e-05)
AsymptoticLimits.cc[337] : (in function: getCLs) - At r = 1.200000:	q_mu = 14.62068	q_A  = 10.33522	Pmu = 0.00005	1-Pb  = 0.25254	CLs  = 0.00021
AsymptoticLimits.cc[337] : (in function: getCLs) - At r = 0.600000:	q_mu = 8.12026	q_A  = 4.56934	Pmu = 0.00150	1-Pb  = 0.20310	CLs  = 0.00737
AsymptoticLimits.cc[337] : (in function: getCLs) - At r = 0.300000:	q_mu = 4.25843	q_A  = 1.69625	Pmu = 0.01113	1-Pb  = 0.16265	CLs  = 0.06841
AsymptoticLimits.cc[337] : (in function: getCLs) - At r = 0.450000:	q_mu = 6.24756	q_A  = 3.07221	Pmu = 0.00392	1-Pb  = 0.18252	CLs  = 0.02150
AsymptoticLimits.cc[337] : (in function: getCLs) - At r = 0.362493:	q_mu = 5.10112	q_A  = 2.23950	Pmu = 0.00709	1-Pb  = 0.16951	CLs  = 0.04183
AsymptoticLimits.cc[337] : (in function: getCLs) - At r = 0.331867:	q_mu = 4.69041	q_A  = 1.96528	Pmu = 0.00880	1-Pb  = 0.16554	CLs  = 0.05317
AsymptoticLimits.cc[337] : (in function: getCLs) - At r = 0.344278:	q_mu = 4.85727	q_A  = 2.07491	Pmu = 0.00806	1-Pb  = 0.16707	CLs  = 0.04823
AsymptoticLimits.cc[337] : (in function: getCLs) - At r = 0.338134:	q_mu = 4.77424	q_A  = 2.02036	Pmu = 0.00842	1-Pb  = 0.16634	CLs  = 0.05063
AsymptoticLimits.cc[337] : (in function: getCLs) - At r = 0.340629:	q_mu = 4.80750	q_A  = 2.04245	Pmu = 0.00828	1-Pb  = 0.16668	CLs  = 0.04965
AsymptoticLimits.cc[337] : (in function: getCLs) - At r = 0.339412:	q_mu = 4.79115	q_A  = 2.03166	Pmu = 0.00835	1-Pb  = 0.16652	CLs  = 0.05013
AsymptoticLimits.cc[337] : (in function: getCLs) - At r = 0.339916:	q_mu = 4.79791	q_A  = 2.03612	Pmu = 0.00832	1-Pb  = 0.16659	CLs  = 0.04993
AsymptoticLimits.cc[337] : (in function: getCLs) - At r = 0.339673:	q_mu = 4.79465	q_A  = 2.03397	Pmu = 0.00833	1-Pb  = 0.16656	CLs  = 0.05003
AsymptoticLimits.cc[337] : (in function: getCLs) - At r = 0.339773:	q_mu = 4.79600	q_A  = 2.03486	Pmu = 0.00833	1-Pb  = 0.16657	CLs  = 0.04999
AsymptoticLimits.cc[337] : (in function: getCLs) - At r = 0.339725:	q_mu = 4.79535	q_A  = 2.03443	Pmu = 0.00833	1-Pb  = 0.16656	CLs  = 0.05001
AsymptoticLimits.cc[337] : (in function: getCLs) - At r = 0.339745:	q_mu = 4.79562	q_A  = 2.03460	Pmu = 0.00833	1-Pb  = 0.16657	CLs  = 0.05000
AsymptoticLimits.cc[337] : (in function: getCLs) - At r = 0.339735:	q_mu = 4.79549	q_A  = 2.03452	Pmu = 0.00833	1-Pb  = 0.16656	CLs  = 0.05000
AsymptoticLimits.cc[337] : (in function: getCLs) - At r = 0.339739:	q_mu = 4.79554	q_A  = 2.03455	Pmu = 0.00833	1-Pb  = 0.16656	CLs  = 0.05000
