CascadeMinimizer.cc[188] : (in function: improveOnce) - Minimization configured with Type=Minuit2, Algo=Migrad, strategy=0, tolerance=0.1
CascadeMinimizer.cc[215] : (in function: improveOnce) - Minimization finished with status=0
CascadeMinimizer.cc[219] : (in function: improveOnce) - Minimization success! status=0
ToyMCSamplerOpt.cc[146] : (in function: generateAsimov) - Using internal logic for binned/unbinned Asimov dataset generation
ToyMCSamplerOpt.cc[214] : (in function: generateWithHisto) - Generating asimov with histogram for pdf pdf_binpass_LOW_obsOnly: in 4 x-bins
ToyMCSamplerOpt.cc[215] : (in function: generateWithHisto) -  , in 1 y-bins
ToyMCSamplerOpt.cc[146] : (in function: generateAsimov) - Using internal logic for binned/unbinned Asimov dataset generation
ToyMCSamplerOpt.cc[214] : (in function: generateWithHisto) - Generating asimov with histogram for pdf pdf_binpass_SIG_obsOnly: in 3 x-bins
ToyMCSamplerOpt.cc[215] : (in function: generateWithHisto) -  , in 1 y-bins
ToyMCSamplerOpt.cc[146] : (in function: generateAsimov) - Using internal logic for binned/unbinned Asimov dataset generation
ToyMCSamplerOpt.cc[214] : (in function: generateWithHisto) - Generating asimov with histogram for pdf pdf_binpass_HIGH_obsOnly: in 7 x-bins
ToyMCSamplerOpt.cc[215] : (in function: generateWithHisto) -  , in 1 y-bins
ToyMCSamplerOpt.cc[146] : (in function: generateAsimov) - Using internal logic for binned/unbinned Asimov dataset generation
ToyMCSamplerOpt.cc[214] : (in function: generateWithHisto) - Generating asimov with histogram for pdf pdf_binfail_LOW_obsOnly: in 4 x-bins
ToyMCSamplerOpt.cc[215] : (in function: generateWithHisto) -  , in 1 y-bins
ToyMCSamplerOpt.cc[146] : (in function: generateAsimov) - Using internal logic for binned/unbinned Asimov dataset generation
ToyMCSamplerOpt.cc[214] : (in function: generateWithHisto) - Generating asimov with histogram for pdf pdf_binfail_SIG_obsOnly: in 3 x-bins
ToyMCSamplerOpt.cc[215] : (in function: generateWithHisto) -  , in 1 y-bins
ToyMCSamplerOpt.cc[146] : (in function: generateAsimov) - Using internal logic for binned/unbinned Asimov dataset generation
ToyMCSamplerOpt.cc[214] : (in function: generateWithHisto) - Generating asimov with histogram for pdf pdf_binfail_HIGH_obsOnly: in 7 x-bins
ToyMCSamplerOpt.cc[215] : (in function: generateWithHisto) -  , in 1 y-bins
AsymptoticLimits.cc[428] : (in function: runLimitExpected) - Median for expected limits = 1.67969, Sigma for expected limits = 0.856999
AsymptoticLimits.cc[191] : (in function: runLimit) - NLL at global minimum of data = -11133.6 (r=1.96938e-08)
AsymptoticLimits.cc[211] : (in function: runLimit) - NLL at global minimum of asimov = -11133.1 (r=7.21791e-08)
AsymptoticLimits.cc[337] : (in function: getCLs) - At r = 1.200000:	q_mu = 3.86124	q_A  = 2.80977	Pmu = 0.02330	1-Pb  = 0.37690	CLs  = 0.06183
AsymptoticLimits.cc[337] : (in function: getCLs) - At r = 2.400000:	q_mu = 6.51487	q_A  = 5.22640	Pmu = 0.00512	1-Pb  = 0.38905	CLs  = 0.01315
AsymptoticLimits.cc[337] : (in function: getCLs) - At r = 1.200000:	q_mu = 3.86127	q_A  = 2.80981	Pmu = 0.02330	1-Pb  = 0.37690	CLs  = 0.06183
AsymptoticLimits.cc[337] : (in function: getCLs) - At r = 1.800000:	q_mu = 5.27786	q_A  = 4.08666	Pmu = 0.01027	1-Pb  = 0.38414	CLs  = 0.02675
AsymptoticLimits.cc[337] : (in function: getCLs) - At r = 1.441610:	q_mu = 4.45771	q_A  = 3.34275	Pmu = 0.01645	1-Pb  = 0.38022	CLs  = 0.04327
AsymptoticLimits.cc[337] : (in function: getCLs) - At r = 1.315003:	q_mu = 4.15002	q_A  = 3.06685	Pmu = 0.01968	1-Pb  = 0.37856	CLs  = 0.05197
AsymptoticLimits.cc[337] : (in function: getCLs) - At r = 1.361727:	q_mu = 4.26486	q_A  = 3.16952	Pmu = 0.01840	1-Pb  = 0.37918	CLs  = 0.04853
AsymptoticLimits.cc[337] : (in function: getCLs) - At r = 1.336110:	q_mu = 4.20205	q_A  = 3.11334	Pmu = 0.01909	1-Pb  = 0.37885	CLs  = 0.05038
AsymptoticLimits.cc[337] : (in function: getCLs) - At r = 1.345400:	q_mu = 4.22484	q_A  = 3.13378	Pmu = 0.01884	1-Pb  = 0.37898	CLs  = 0.04970
AsymptoticLimits.cc[337] : (in function: getCLs) - At r = 1.340268:	q_mu = 4.21225	q_A  = 3.12249	Pmu = 0.01897	1-Pb  = 0.37891	CLs  = 0.05008
AsymptoticLimits.cc[337] : (in function: getCLs) - At r = 1.342127:	q_mu = 4.21681	q_A  = 3.12656	Pmu = 0.01892	1-Pb  = 0.37893	CLs  = 0.04994
AsymptoticLimits.cc[337] : (in function: getCLs) - At r = 1.341102:	q_mu = 4.21429	q_A  = 3.12430	Pmu = 0.01895	1-Pb  = 0.37892	CLs  = 0.05002
AsymptoticLimits.cc[337] : (in function: getCLs) - At r = 1.341475:	q_mu = 4.21529	q_A  = 3.12512	Pmu = 0.01894	1-Pb  = 0.37891	CLs  = 0.04999
AsymptoticLimits.cc[337] : (in function: getCLs) - At r = 1.341260:	q_mu = 4.21470	q_A  = 3.12465	Pmu = 0.01895	1-Pb  = 0.37892	CLs  = 0.05000
AsymptoticLimits.cc[337] : (in function: getCLs) - At r = 1.341337:	q_mu = 4.21488	q_A  = 3.12484	Pmu = 0.01895	1-Pb  = 0.37892	CLs  = 0.05000
AsymptoticLimits.cc[337] : (in function: getCLs) - At r = 1.341297:	q_mu = 4.21477	q_A  = 3.12474	Pmu = 0.01895	1-Pb  = 0.37892	CLs  = 0.05000
AsymptoticLimits.cc[337] : (in function: getCLs) - At r = 1.341315:	q_mu = 4.21481	q_A  = 3.12477	Pmu = 0.01895	1-Pb  = 0.37892	CLs  = 0.05000
AsymptoticLimits.cc[337] : (in function: getCLs) - At r = 1.341309:	q_mu = 4.21489	q_A  = 3.12476	Pmu = 0.01894	1-Pb  = 0.37891	CLs  = 0.05000
AsymptoticLimits.cc[337] : (in function: getCLs) - At r = 1.341303:	q_mu = 4.21481	q_A  = 3.12477	Pmu = 0.01895	1-Pb  = 0.37892	CLs  = 0.05000
