CascadeMinimizer.cc[188] : (in function: improveOnce) - Minimization configured with Type=Minuit2, Algo=Migrad, strategy=0, tolerance=0.1
CascadeMinimizer.cc[215] : (in function: improveOnce) - Minimization finished with status=0
CascadeMinimizer.cc[219] : (in function: improveOnce) - Minimization success! status=0
ToyMCSamplerOpt.cc[146] : (in function: generateAsimov) - Using internal logic for binned/unbinned Asimov dataset generation
ToyMCSamplerOpt.cc[214] : (in function: generateWithHisto) - Generating asimov with histogram for pdf pdf_binpass_LOW_obsOnly: in 3 x-bins
ToyMCSamplerOpt.cc[215] : (in function: generateWithHisto) -  , in 1 y-bins
ToyMCSamplerOpt.cc[146] : (in function: generateAsimov) - Using internal logic for binned/unbinned Asimov dataset generation
ToyMCSamplerOpt.cc[214] : (in function: generateWithHisto) - Generating asimov with histogram for pdf pdf_binpass_SIG_obsOnly: in 1 x-bins
ToyMCSamplerOpt.cc[215] : (in function: generateWithHisto) -  , in 1 y-bins
ToyMCSamplerOpt.cc[146] : (in function: generateAsimov) - Using internal logic for binned/unbinned Asimov dataset generation
ToyMCSamplerOpt.cc[214] : (in function: generateWithHisto) - Generating asimov with histogram for pdf pdf_binpass_HIGH_obsOnly: in 5 x-bins
ToyMCSamplerOpt.cc[215] : (in function: generateWithHisto) -  , in 1 y-bins
ToyMCSamplerOpt.cc[146] : (in function: generateAsimov) - Using internal logic for binned/unbinned Asimov dataset generation
ToyMCSamplerOpt.cc[214] : (in function: generateWithHisto) - Generating asimov with histogram for pdf pdf_binfail_LOW_obsOnly: in 3 x-bins
ToyMCSamplerOpt.cc[215] : (in function: generateWithHisto) -  , in 1 y-bins
ToyMCSamplerOpt.cc[146] : (in function: generateAsimov) - Using internal logic for binned/unbinned Asimov dataset generation
ToyMCSamplerOpt.cc[214] : (in function: generateWithHisto) - Generating asimov with histogram for pdf pdf_binfail_SIG_obsOnly: in 1 x-bins
ToyMCSamplerOpt.cc[215] : (in function: generateWithHisto) -  , in 1 y-bins
ToyMCSamplerOpt.cc[146] : (in function: generateAsimov) - Using internal logic for binned/unbinned Asimov dataset generation
ToyMCSamplerOpt.cc[214] : (in function: generateWithHisto) - Generating asimov with histogram for pdf pdf_binfail_HIGH_obsOnly: in 5 x-bins
ToyMCSamplerOpt.cc[215] : (in function: generateWithHisto) -  , in 1 y-bins
AsymptoticLimits.cc[428] : (in function: runLimitExpected) - Median for expected limits = 0.484375, Sigma for expected limits = 0.247135
AsymptoticLimits.cc[191] : (in function: runLimit) - NLL at global minimum of data = -776.702 (r=0.135899)
AsymptoticLimits.cc[211] : (in function: runLimit) - NLL at global minimum of asimov = -776.565 (r=0.000397986)
AsymptoticLimits.cc[337] : (in function: getCLs) - At r = 1.335899:	q_mu = 8.81518	q_A  = 14.80461	Pmu = 0.00149	1-Pb  = 0.81020	CLs  = 0.00184
AsymptoticLimits.cc[337] : (in function: getCLs) - At r = 0.735899:	q_mu = 3.04306	q_A  = 6.55441	Pmu = 0.04054	1-Pb  = 0.79267	CLs  = 0.05115
AsymptoticLimits.cc[337] : (in function: getCLs) - At r = 1.035899:	q_mu = 5.81759	q_A  = 10.51007	Pmu = 0.00793	1-Pb  = 0.79672	CLs  = 0.00996
AsymptoticLimits.cc[337] : (in function: getCLs) - At r = 0.885899:	q_mu = 4.41444	q_A  = 8.47094	Pmu = 0.01782	1-Pb  = 0.79087	CLs  = 0.02253
AsymptoticLimits.cc[337] : (in function: getCLs) - At r = 0.769215:	q_mu = 3.48114	q_A  = 6.96587	Pmu = 0.03104	1-Pb  = 0.78039	CLs  = 0.03977
AsymptoticLimits.cc[337] : (in function: getCLs) - At r = 0.744962:	q_mu = 3.30675	q_A  = 6.66539	Pmu = 0.03450	1-Pb  = 0.77736	CLs  = 0.04438
AsymptoticLimits.cc[337] : (in function: getCLs) - At r = 0.738869:	q_mu = 3.26407	q_A  = 6.59067	Pmu = 0.03541	1-Pb  = 0.77654	CLs  = 0.04560
AsymptoticLimits.cc[337] : (in function: getCLs) - At r = 0.736962:	q_mu = 3.25080	q_A  = 6.56734	Pmu = 0.03569	1-Pb  = 0.77628	CLs  = 0.04598
AsymptoticLimits.cc[337] : (in function: getCLs) - At r = 0.736293:	q_mu = 3.24616	q_A  = 6.55930	Pmu = 0.03580	1-Pb  = 0.77619	CLs  = 0.04612
AsymptoticLimits.cc[337] : (in function: getCLs) - At r = 0.736047:	q_mu = 3.24446	q_A  = 6.55628	Pmu = 0.03583	1-Pb  = 0.77616	CLs  = 0.04617
AsymptoticLimits.cc[337] : (in function: getCLs) - At r = 0.735955:	q_mu = 3.24382	q_A  = 6.55514	Pmu = 0.03585	1-Pb  = 0.77615	CLs  = 0.04619
AsymptoticLimits.cc[337] : (in function: getCLs) - At r = 0.735920:	q_mu = 3.24358	q_A  = 6.55470	Pmu = 0.03585	1-Pb  = 0.77614	CLs  = 0.04619
AsymptoticLimits.cc[337] : (in function: getCLs) - At r = 0.735907:	q_mu = 3.24349	q_A  = 6.55453	Pmu = 0.03585	1-Pb  = 0.77614	CLs  = 0.04620
AsymptoticLimits.cc[337] : (in function: getCLs) - At r = 0.735902:	q_mu = 3.24345	q_A  = 6.55446	Pmu = 0.03585	1-Pb  = 0.77614	CLs  = 0.04620
