CascadeMinimizer.cc[188] : (in function: improveOnce) - Minimization configured with Type=Minuit2, Algo=Migrad, strategy=0, tolerance=0.1
CascadeMinimizer.cc[215] : (in function: improveOnce) - Minimization finished with status=0
CascadeMinimizer.cc[219] : (in function: improveOnce) - Minimization success! status=0
ToyMCSamplerOpt.cc[146] : (in function: generateAsimov) - Using internal logic for binned/unbinned Asimov dataset generation
ToyMCSamplerOpt.cc[214] : (in function: generateWithHisto) - Generating asimov with histogram for pdf pdf_binpass_LOW_obsOnly: in 2 x-bins
ToyMCSamplerOpt.cc[215] : (in function: generateWithHisto) -  , in 1 y-bins
ToyMCSamplerOpt.cc[146] : (in function: generateAsimov) - Using internal logic for binned/unbinned Asimov dataset generation
ToyMCSamplerOpt.cc[214] : (in function: generateWithHisto) - Generating asimov with histogram for pdf pdf_binpass_SIG_obsOnly: in 1 x-bins
ToyMCSamplerOpt.cc[215] : (in function: generateWithHisto) -  , in 1 y-bins
ToyMCSamplerOpt.cc[146] : (in function: generateAsimov) - Using internal logic for binned/unbinned Asimov dataset generation
ToyMCSamplerOpt.cc[214] : (in function: generateWithHisto) - Generating asimov with histogram for pdf pdf_binpass_HIGH_obsOnly: in 9 x-bins
ToyMCSamplerOpt.cc[215] : (in function: generateWithHisto) -  , in 1 y-bins
ToyMCSamplerOpt.cc[146] : (in function: generateAsimov) - Using internal logic for binned/unbinned Asimov dataset generation
ToyMCSamplerOpt.cc[214] : (in function: generateWithHisto) - Generating asimov with histogram for pdf pdf_binfail_LOW_obsOnly: in 2 x-bins
ToyMCSamplerOpt.cc[215] : (in function: generateWithHisto) -  , in 1 y-bins
ToyMCSamplerOpt.cc[146] : (in function: generateAsimov) - Using internal logic for binned/unbinned Asimov dataset generation
ToyMCSamplerOpt.cc[214] : (in function: generateWithHisto) - Generating asimov with histogram for pdf pdf_binfail_SIG_obsOnly: in 1 x-bins
ToyMCSamplerOpt.cc[215] : (in function: generateWithHisto) -  , in 1 y-bins
ToyMCSamplerOpt.cc[146] : (in function: generateAsimov) - Using internal logic for binned/unbinned Asimov dataset generation
ToyMCSamplerOpt.cc[214] : (in function: generateWithHisto) - Generating asimov with histogram for pdf pdf_binfail_HIGH_obsOnly: in 9 x-bins
ToyMCSamplerOpt.cc[215] : (in function: generateWithHisto) -  , in 1 y-bins
AsymptoticLimits.cc[428] : (in function: runLimitExpected) - Median for expected limits = 0.716797, Sigma for expected limits = 0.365719
AsymptoticLimits.cc[191] : (in function: runLimit) - NLL at global minimum of data = -557.592 (r=2.81804e-06)
AsymptoticLimits.cc[211] : (in function: runLimit) - NLL at global minimum of asimov = -556.404 (r=0.000197702)
AsymptoticLimits.cc[337] : (in function: getCLs) - At r = 1.200003:	q_mu = 10.57792	q_A  = 7.79188	Pmu = 0.00050	1-Pb  = 0.30888	CLs  = 0.00162
AsymptoticLimits.cc[337] : (in function: getCLs) - At r = 0.600003:	q_mu = 4.88651	q_A  = 2.97773	Pmu = 0.01134	1-Pb  = 0.29011	CLs  = 0.03910
AsymptoticLimits.cc[337] : (in function: getCLs) - At r = 0.300003:	q_mu = 2.20482	q_A  = 0.99302	Pmu = 0.05430	1-Pb  = 0.27158	CLs  = 0.19993
AsymptoticLimits.cc[337] : (in function: getCLs) - At r = 0.450003:	q_mu = 3.52130	q_A  = 1.91122	Pmu = 0.02472	1-Pb  = 0.28017	CLs  = 0.08823
AsymptoticLimits.cc[337] : (in function: getCLs) - At r = 0.533741:	q_mu = 4.27585	q_A  = 2.48723	Pmu = 0.01601	1-Pb  = 0.28534	CLs  = 0.05611
AsymptoticLimits.cc[337] : (in function: getCLs) - At r = 0.563913:	q_mu = 4.55312	q_A  = 2.70212	Pmu = 0.01366	1-Pb  = 0.28671	CLs  = 0.04765
AsymptoticLimits.cc[337] : (in function: getCLs) - At r = 0.550777:	q_mu = 4.43211	q_A  = 2.60741	Pmu = 0.01464	1-Pb  = 0.28603	CLs  = 0.05117
AsymptoticLimits.cc[337] : (in function: getCLs) - At r = 0.556828:	q_mu = 4.48775	q_A  = 2.65086	Pmu = 0.01418	1-Pb  = 0.28634	CLs  = 0.04952
AsymptoticLimits.cc[337] : (in function: getCLs) - At r = 0.554205:	q_mu = 4.46372	q_A  = 2.63196	Pmu = 0.01438	1-Pb  = 0.28619	CLs  = 0.05023
AsymptoticLimits.cc[337] : (in function: getCLs) - At r = 0.555412:	q_mu = 4.47471	q_A  = 2.64061	Pmu = 0.01429	1-Pb  = 0.28626	CLs  = 0.04991
AsymptoticLimits.cc[337] : (in function: getCLs) - At r = 0.554891:	q_mu = 4.46991	q_A  = 2.63685	Pmu = 0.01433	1-Pb  = 0.28623	CLs  = 0.05005
AsymptoticLimits.cc[337] : (in function: getCLs) - At r = 0.555136:	q_mu = 4.47216	q_A  = 2.63858	Pmu = 0.01431	1-Pb  = 0.28624	CLs  = 0.04998
AsymptoticLimits.cc[337] : (in function: getCLs) - At r = 0.555033:	q_mu = 4.47121	q_A  = 2.63782	Pmu = 0.01431	1-Pb  = 0.28623	CLs  = 0.05001
AsymptoticLimits.cc[337] : (in function: getCLs) - At r = 0.555082:	q_mu = 4.47178	q_A  = 2.63815	Pmu = 0.01431	1-Pb  = 0.28622	CLs  = 0.04999
AsymptoticLimits.cc[337] : (in function: getCLs) - At r = 0.555058:	q_mu = 4.47145	q_A  = 2.63796	Pmu = 0.01431	1-Pb  = 0.28623	CLs  = 0.05000
AsymptoticLimits.cc[337] : (in function: getCLs) - At r = 0.555070:	q_mu = 4.47155	q_A  = 2.63803	Pmu = 0.01431	1-Pb  = 0.28623	CLs  = 0.05000
AsymptoticLimits.cc[337] : (in function: getCLs) - At r = 0.555073:	q_mu = 4.47158	q_A  = 2.63803	Pmu = 0.01431	1-Pb  = 0.28623	CLs  = 0.05000
AsymptoticLimits.cc[337] : (in function: getCLs) - At r = 0.555072:	q_mu = 4.47157	q_A  = 2.63800	Pmu = 0.01431	1-Pb  = 0.28622	CLs  = 0.05000
