CascadeMinimizer.cc[188] : (in function: improveOnce) - Minimization configured with Type=Minuit2, Algo=Migrad, strategy=0, tolerance=0.1
CascadeMinimizer.cc[215] : (in function: improveOnce) - Minimization finished with status=0
CascadeMinimizer.cc[219] : (in function: improveOnce) - Minimization success! status=0
ToyMCSamplerOpt.cc[146] : (in function: generateAsimov) - Using internal logic for binned/unbinned Asimov dataset generation
ToyMCSamplerOpt.cc[214] : (in function: generateWithHisto) - Generating asimov with histogram for pdf pdf_binpass_LOW_obsOnly: in 4 x-bins
ToyMCSamplerOpt.cc[215] : (in function: generateWithHisto) -  , in 1 y-bins
ToyMCSamplerOpt.cc[146] : (in function: generateAsimov) - Using internal logic for binned/unbinned Asimov dataset generation
ToyMCSamplerOpt.cc[214] : (in function: generateWithHisto) - Generating asimov with histogram for pdf pdf_binpass_SIG_obsOnly: in 3 x-bins
ToyMCSamplerOpt.cc[215] : (in function: generateWithHisto) -  , in 1 y-bins
ToyMCSamplerOpt.cc[146] : (in function: generateAsimov) - Using internal logic for binned/unbinned Asimov dataset generation
ToyMCSamplerOpt.cc[214] : (in function: generateWithHisto) - Generating asimov with histogram for pdf pdf_binpass_HIGH_obsOnly: in 7 x-bins
ToyMCSamplerOpt.cc[215] : (in function: generateWithHisto) -  , in 1 y-bins
ToyMCSamplerOpt.cc[146] : (in function: generateAsimov) - Using internal logic for binned/unbinned Asimov dataset generation
ToyMCSamplerOpt.cc[214] : (in function: generateWithHisto) - Generating asimov with histogram for pdf pdf_binfail_LOW_obsOnly: in 4 x-bins
ToyMCSamplerOpt.cc[215] : (in function: generateWithHisto) -  , in 1 y-bins
ToyMCSamplerOpt.cc[146] : (in function: generateAsimov) - Using internal logic for binned/unbinned Asimov dataset generation
ToyMCSamplerOpt.cc[214] : (in function: generateWithHisto) - Generating asimov with histogram for pdf pdf_binfail_SIG_obsOnly: in 3 x-bins
ToyMCSamplerOpt.cc[215] : (in function: generateWithHisto) -  , in 1 y-bins
ToyMCSamplerOpt.cc[146] : (in function: generateAsimov) - Using internal logic for binned/unbinned Asimov dataset generation
ToyMCSamplerOpt.cc[214] : (in function: generateWithHisto) - Generating asimov with histogram for pdf pdf_binfail_HIGH_obsOnly: in 7 x-bins
ToyMCSamplerOpt.cc[215] : (in function: generateWithHisto) -  , in 1 y-bins
AsymptoticLimits.cc[428] : (in function: runLimitExpected) - Median for expected limits = 2.46875, Sigma for expected limits = 1.25959
AsymptoticLimits.cc[191] : (in function: runLimit) - NLL at global minimum of data = -11132.5 (r=1.22577e-06)
AsymptoticLimits.cc[211] : (in function: runLimit) - NLL at global minimum of asimov = -11132 (r=1.94606e-08)
AsymptoticLimits.cc[337] : (in function: getCLs) - At r = 1.200001:	q_mu = 2.88363	q_A  = 1.96828	Pmu = 0.04189	1-Pb  = 0.37213	CLs  = 0.11257
AsymptoticLimits.cc[337] : (in function: getCLs) - At r = 2.400002:	q_mu = 4.89611	q_A  = 3.74989	Pmu = 0.01279	1-Pb  = 0.38363	CLs  = 0.03335
AsymptoticLimits.cc[337] : (in function: getCLs) - At r = 1.200002:	q_mu = 2.88367	q_A  = 1.96832	Pmu = 0.04189	1-Pb  = 0.37213	CLs  = 0.11256
AsymptoticLimits.cc[337] : (in function: getCLs) - At r = 1.840390:	q_mu = 4.02296	q_A  = 2.96516	Pmu = 0.02122	1-Pb  = 0.37936	CLs  = 0.05594
AsymptoticLimits.cc[337] : (in function: getCLs) - At r = 2.049525:	q_mu = 4.36059	q_A  = 3.26695	Pmu = 0.01743	1-Pb  = 0.38112	CLs  = 0.04573
AsymptoticLimits.cc[337] : (in function: getCLs) - At r = 1.933623:	q_mu = 4.17536	q_A  = 3.10102	Pmu = 0.01941	1-Pb  = 0.38017	CLs  = 0.05107
AsymptoticLimits.cc[337] : (in function: getCLs) - At r = 1.974530:	q_mu = 4.24119	q_A  = 3.15994	Pmu = 0.01868	1-Pb  = 0.38052	CLs  = 0.04910
AsymptoticLimits.cc[337] : (in function: getCLs) - At r = 1.951192:	q_mu = 4.20365	q_A  = 3.12636	Pmu = 0.01910	1-Pb  = 0.38032	CLs  = 0.05021
AsymptoticLimits.cc[337] : (in function: getCLs) - At r = 1.959356:	q_mu = 4.21688	q_A  = 3.13814	Pmu = 0.01895	1-Pb  = 0.38038	CLs  = 0.04982
AsymptoticLimits.cc[337] : (in function: getCLs) - At r = 1.954666:	q_mu = 4.20926	q_A  = 3.13137	Pmu = 0.01903	1-Pb  = 0.38035	CLs  = 0.05004
AsymptoticLimits.cc[337] : (in function: getCLs) - At r = 1.956305:	q_mu = 4.21188	q_A  = 3.13372	Pmu = 0.01900	1-Pb  = 0.38036	CLs  = 0.04996
AsymptoticLimits.cc[337] : (in function: getCLs) - At r = 1.955375:	q_mu = 4.21038	q_A  = 3.13238	Pmu = 0.01902	1-Pb  = 0.38036	CLs  = 0.05001
AsymptoticLimits.cc[337] : (in function: getCLs) - At r = 1.955707:	q_mu = 4.21091	q_A  = 3.13286	Pmu = 0.01902	1-Pb  = 0.38036	CLs  = 0.04999
AsymptoticLimits.cc[337] : (in function: getCLs) - At r = 1.955522:	q_mu = 4.21070	q_A  = 3.13261	Pmu = 0.01902	1-Pb  = 0.38035	CLs  = 0.05000
AsymptoticLimits.cc[337] : (in function: getCLs) - At r = 1.955489:	q_mu = 4.21058	q_A  = 3.13255	Pmu = 0.01902	1-Pb  = 0.38036	CLs  = 0.05000
AsymptoticLimits.cc[337] : (in function: getCLs) - At r = 1.955513:	q_mu = 4.21061	q_A  = 3.13258	Pmu = 0.01902	1-Pb  = 0.38036	CLs  = 0.05000
AsymptoticLimits.cc[337] : (in function: getCLs) - At r = 1.955520:	q_mu = 4.21061	q_A  = 3.13259	Pmu = 0.01902	1-Pb  = 0.38036	CLs  = 0.05000
