 <<< Combine >>> 
 <<< v10.0.1 >>>
>>> Random number generator seed is 123456
>>> Method used is FitDiagnostics
Set Default Value of Parameter mask_pass_SIG To : 1
Set Default Value of Parameter mask_pass_HIGH To : 1
Set Default Value of Parameter r To : 1
>>> 2 out of 6 channels masked

>> Found 20 floating parameters
>> The following parameters are protected in the event of negative eigenvalues:
>> Parameter CMS_AN23122_Background_rpf_2x0_par1 does not have a valid stencil and will be dropped
>> Parameter CMS_AN23122_Background_rpf_2x0_par2 does not have a valid stencil and will be dropped
>> Verifying eigenvalues are all positive (iteration 0)
Eigenvalue 17 : -4.22979e-05
 - 0.708952	CMS_AN23122_Background_rpf_2x0_par3
 - -0.705257	CMS_AN23122_Background_rpf_2x0_par0
 - -0.000147387	CMS_AN23122_Background_fail_LOW_bin_2-1
 - 0.000139488	CMS_AN23122_Background_fail_LOW_bin_1-1
 - 1.60076e-16	CMS_AN23122_Background_fail_HIGH_bin_8-1
>> Attempt 0 failed, remove the variable with largest eigenvector component...
>> Dropping CMS_AN23122_Background_rpf_2x0_par3 from the hessian
>> Verifying eigenvalues are all positive (iteration 1)
>> All eigenvalues are positive
>> Inverting Hessian...
>> Matrix inverted
>> Note: the following parameters were dropped as their ranges are either too narrow or the parameter has no effect on the NLL:
     - CMS_AN23122_Background_rpf_2x0_par1
     - CMS_AN23122_Background_rpf_2x0_par2
>> Note: the following parameters were dropped to make the covariance matrix pos-def:
     - CMS_AN23122_Background_rpf_2x0_par3
 Fit B-only, status = 0, numBadNLL = 0, covariance quality = -1
Running Minos for POI r
>> Found 21 floating parameters
>> The following parameters are protected in the event of negative eigenvalues: r
>> Parameter CMS_AN23122_Background_rpf_2x0_par1 does not have a valid stencil and will be dropped
>> Parameter CMS_AN23122_Background_rpf_2x0_par2 does not have a valid stencil and will be dropped
>> Verifying eigenvalues are all positive (iteration 0)
Eigenvalue 17 : -9.4069e-05
 - 0.685121	CMS_AN23122_Background_rpf_2x0_par0
 - -0.637861	CMS_AN23122_Background_rpf_2x0_par3
 - -0.262385	r
 - 0.197183	CMS_AN23122_Background_fail_HIGH_bin_4-1
 - 0.105783	CMS_AN23122_Background_fail_HIGH_bin_3-1
Eigenvalue 18 : -0.000219703
 - 0.693257	r
 - -0.520652	CMS_AN23122_Background_fail_HIGH_bin_4-1
 - -0.326791	CMS_AN23122_Background_rpf_2x0_par3
 - -0.279314	CMS_AN23122_Background_fail_HIGH_bin_3-1
 - 0.172823	CMS_AN23122_Background_rpf_2x0_par0
>> Attempt 0 failed, remove the variable with largest eigenvector component...
>> Dropping CMS_AN23122_Background_fail_HIGH_bin_4-1 from the hessian
>> Verifying eigenvalues are all positive (iteration 1)
Eigenvalue 17 : -0.000109843
 - -0.712301	CMS_AN23122_Background_rpf_2x0_par3
 - 0.701874	CMS_AN23122_Background_rpf_2x0_par0
 - 0.000502722	r
 - -0.00020266	CMS_AN23122_Background_fail_HIGH_bin_3-1
 - -0.00012779	CMS_AN23122_Background_fail_LOW_bin_1-1
>> Attempt 1 failed, remove the variable with largest eigenvector component...
>> Dropping CMS_AN23122_Background_rpf_2x0_par3 from the hessian
>> Verifying eigenvalues are all positive (iteration 2)
>> All eigenvalues are positive
>> Inverting Hessian...
>> Matrix inverted
>> Note: the following parameters were dropped as their ranges are either too narrow or the parameter has no effect on the NLL:
     - CMS_AN23122_Background_rpf_2x0_par1
     - CMS_AN23122_Background_rpf_2x0_par2
>> Note: the following parameters were dropped to make the covariance matrix pos-def:
     - CMS_AN23122_Background_fail_HIGH_bin_4-1
     - CMS_AN23122_Background_rpf_2x0_par3
Fit S+B, status = 0, numBadNLL = 0, covariance quality = -1

 --- FitDiagnostics ---
Best fit r: 0.000104804  -0.000104804/+49.9999  (68% CL)
Done in 0.00 min (cpu), 0.00 min (real)
31 log messages saved to combine_logger.out
