CascadeMinimizer.cc[188] : (in function: improveOnce) - Minimization configured with Type=Minuit2, Algo=Migrad, strategy=0, tolerance=0.1
CascadeMinimizer.cc[215] : (in function: improveOnce) - Minimization finished with status=0
CascadeMinimizer.cc[219] : (in function: improveOnce) - Minimization success! status=0
ToyMCSamplerOpt.cc[146] : (in function: generateAsimov) - Using internal logic for binned/unbinned Asimov dataset generation
ToyMCSamplerOpt.cc[214] : (in function: generateWithHisto) - Generating asimov with histogram for pdf pdf_binpass_LOW_obsOnly: in 2 x-bins
ToyMCSamplerOpt.cc[215] : (in function: generateWithHisto) -  , in 1 y-bins
ToyMCSamplerOpt.cc[146] : (in function: generateAsimov) - Using internal logic for binned/unbinned Asimov dataset generation
ToyMCSamplerOpt.cc[214] : (in function: generateWithHisto) - Generating asimov with histogram for pdf pdf_binpass_SIG_obsOnly: in 1 x-bins
ToyMCSamplerOpt.cc[215] : (in function: generateWithHisto) -  , in 1 y-bins
ToyMCSamplerOpt.cc[146] : (in function: generateAsimov) - Using internal logic for binned/unbinned Asimov dataset generation
ToyMCSamplerOpt.cc[214] : (in function: generateWithHisto) - Generating asimov with histogram for pdf pdf_binpass_HIGH_obsOnly: in 9 x-bins
ToyMCSamplerOpt.cc[215] : (in function: generateWithHisto) -  , in 1 y-bins
ToyMCSamplerOpt.cc[146] : (in function: generateAsimov) - Using internal logic for binned/unbinned Asimov dataset generation
ToyMCSamplerOpt.cc[214] : (in function: generateWithHisto) - Generating asimov with histogram for pdf pdf_binfail_LOW_obsOnly: in 2 x-bins
ToyMCSamplerOpt.cc[215] : (in function: generateWithHisto) -  , in 1 y-bins
ToyMCSamplerOpt.cc[146] : (in function: generateAsimov) - Using internal logic for binned/unbinned Asimov dataset generation
ToyMCSamplerOpt.cc[214] : (in function: generateWithHisto) - Generating asimov with histogram for pdf pdf_binfail_SIG_obsOnly: in 1 x-bins
ToyMCSamplerOpt.cc[215] : (in function: generateWithHisto) -  , in 1 y-bins
ToyMCSamplerOpt.cc[146] : (in function: generateAsimov) - Using internal logic for binned/unbinned Asimov dataset generation
ToyMCSamplerOpt.cc[214] : (in function: generateWithHisto) - Generating asimov with histogram for pdf pdf_binfail_HIGH_obsOnly: in 9 x-bins
ToyMCSamplerOpt.cc[215] : (in function: generateWithHisto) -  , in 1 y-bins
AsymptoticLimits.cc[428] : (in function: runLimitExpected) - Median for expected limits = 0.5, Sigma for expected limits = 0.255107
AsymptoticLimits.cc[191] : (in function: runLimit) - NLL at global minimum of data = -819.553 (r=4.03037e-09)
AsymptoticLimits.cc[211] : (in function: runLimit) - NLL at global minimum of asimov = -818.973 (r=2.57666e-06)
AsymptoticLimits.cc[337] : (in function: getCLs) - At r = 1.200000:	q_mu = 9.12819	q_A  = 8.72854	Pmu = 0.00126	1-Pb  = 0.47304	CLs  = 0.00265
AsymptoticLimits.cc[337] : (in function: getCLs) - At r = 0.600000:	q_mu = 4.82633	q_A  = 4.56560	Pmu = 0.01398	1-Pb  = 0.47567	CLs  = 0.02940
AsymptoticLimits.cc[337] : (in function: getCLs) - At r = 0.300000:	q_mu = 2.49216	q_A  = 2.33957	Pmu = 0.05712	1-Pb  = 0.48011	CLs  = 0.11897
AsymptoticLimits.cc[337] : (in function: getCLs) - At r = 0.448819:	q_mu = 3.66671	q_A  = 3.45638	Pmu = 0.02770	1-Pb  = 0.47745	CLs  = 0.05802
AsymptoticLimits.cc[337] : (in function: getCLs) - At r = 0.505521:	q_mu = 4.10521	q_A  = 3.87522	Pmu = 0.02133	1-Pb  = 0.47671	CLs  = 0.04475
AsymptoticLimits.cc[337] : (in function: getCLs) - At r = 0.474804:	q_mu = 3.86809	q_A  = 3.64875	Pmu = 0.02456	1-Pb  = 0.47711	CLs  = 0.05147
AsymptoticLimits.cc[337] : (in function: getCLs) - At r = 0.486044:	q_mu = 3.95090	q_A  = 3.73173	Pmu = 0.02338	1-Pb  = 0.47738	CLs  = 0.04897
AsymptoticLimits.cc[337] : (in function: getCLs) - At r = 0.480045:	q_mu = 3.90454	q_A  = 3.68746	Pmu = 0.02403	1-Pb  = 0.47746	CLs  = 0.05033
AsymptoticLimits.cc[337] : (in function: getCLs) - At r = 0.482407:	q_mu = 3.92280	q_A  = 3.70489	Pmu = 0.02377	1-Pb  = 0.47743	CLs  = 0.04979
AsymptoticLimits.cc[337] : (in function: getCLs) - At r = 0.481207:	q_mu = 3.91352	q_A  = 3.69603	Pmu = 0.02390	1-Pb  = 0.47745	CLs  = 0.05007
AsymptoticLimits.cc[337] : (in function: getCLs) - At r = 0.481679:	q_mu = 3.91717	q_A  = 3.69952	Pmu = 0.02385	1-Pb  = 0.47744	CLs  = 0.04996
AsymptoticLimits.cc[337] : (in function: getCLs) - At r = 0.481439:	q_mu = 3.91532	q_A  = 3.69774	Pmu = 0.02388	1-Pb  = 0.47744	CLs  = 0.05001
AsymptoticLimits.cc[337] : (in function: getCLs) - At r = 0.481534:	q_mu = 3.91605	q_A  = 3.69844	Pmu = 0.02387	1-Pb  = 0.47744	CLs  = 0.04999
AsymptoticLimits.cc[337] : (in function: getCLs) - At r = 0.481486:	q_mu = 3.91568	q_A  = 3.69809	Pmu = 0.02387	1-Pb  = 0.47744	CLs  = 0.05000
AsymptoticLimits.cc[337] : (in function: getCLs) - At r = 0.481505:	q_mu = 3.91582	q_A  = 3.69822	Pmu = 0.02387	1-Pb  = 0.47744	CLs  = 0.05000
AsymptoticLimits.cc[337] : (in function: getCLs) - At r = 0.481495:	q_mu = 3.91575	q_A  = 3.69815	Pmu = 0.02387	1-Pb  = 0.47744	CLs  = 0.05000
AsymptoticLimits.cc[337] : (in function: getCLs) - At r = 0.481499:	q_mu = 3.91578	q_A  = 3.69818	Pmu = 0.02387	1-Pb  = 0.47744	CLs  = 0.05000
