CascadeMinimizer.cc[188] : (in function: improveOnce) - Minimization configured with Type=Minuit2, Algo=Migrad, strategy=0, tolerance=0.1
CascadeMinimizer.cc[215] : (in function: improveOnce) - Minimization finished with status=0
CascadeMinimizer.cc[219] : (in function: improveOnce) - Minimization success! status=0
ToyMCSamplerOpt.cc[146] : (in function: generateAsimov) - Using internal logic for binned/unbinned Asimov dataset generation
ToyMCSamplerOpt.cc[214] : (in function: generateWithHisto) - Generating asimov with histogram for pdf pdf_binpass_LOW_obsOnly: in 3 x-bins
ToyMCSamplerOpt.cc[215] : (in function: generateWithHisto) -  , in 1 y-bins
ToyMCSamplerOpt.cc[146] : (in function: generateAsimov) - Using internal logic for binned/unbinned Asimov dataset generation
ToyMCSamplerOpt.cc[214] : (in function: generateWithHisto) - Generating asimov with histogram for pdf pdf_binpass_SIG_obsOnly: in 1 x-bins
ToyMCSamplerOpt.cc[215] : (in function: generateWithHisto) -  , in 1 y-bins
ToyMCSamplerOpt.cc[146] : (in function: generateAsimov) - Using internal logic for binned/unbinned Asimov dataset generation
ToyMCSamplerOpt.cc[214] : (in function: generateWithHisto) - Generating asimov with histogram for pdf pdf_binpass_HIGH_obsOnly: in 5 x-bins
ToyMCSamplerOpt.cc[215] : (in function: generateWithHisto) -  , in 1 y-bins
ToyMCSamplerOpt.cc[146] : (in function: generateAsimov) - Using internal logic for binned/unbinned Asimov dataset generation
ToyMCSamplerOpt.cc[214] : (in function: generateWithHisto) - Generating asimov with histogram for pdf pdf_binfail_LOW_obsOnly: in 3 x-bins
ToyMCSamplerOpt.cc[215] : (in function: generateWithHisto) -  , in 1 y-bins
ToyMCSamplerOpt.cc[146] : (in function: generateAsimov) - Using internal logic for binned/unbinned Asimov dataset generation
ToyMCSamplerOpt.cc[214] : (in function: generateWithHisto) - Generating asimov with histogram for pdf pdf_binfail_SIG_obsOnly: in 1 x-bins
ToyMCSamplerOpt.cc[215] : (in function: generateWithHisto) -  , in 1 y-bins
ToyMCSamplerOpt.cc[146] : (in function: generateAsimov) - Using internal logic for binned/unbinned Asimov dataset generation
ToyMCSamplerOpt.cc[214] : (in function: generateWithHisto) - Generating asimov with histogram for pdf pdf_binfail_HIGH_obsOnly: in 5 x-bins
ToyMCSamplerOpt.cc[215] : (in function: generateWithHisto) -  , in 1 y-bins
AsymptoticLimits.cc[428] : (in function: runLimitExpected) - Median for expected limits = 0.464844, Sigma for expected limits = 0.23717
AsymptoticLimits.cc[191] : (in function: runLimit) - NLL at global minimum of data = -49.1946 (r=3.1829e-08)
AsymptoticLimits.cc[211] : (in function: runLimit) - NLL at global minimum of asimov = -49.1732 (r=1.22967e-07)
AsymptoticLimits.cc[337] : (in function: getCLs) - At r = 1.200000:	q_mu = 9.51105	q_A  = 9.30108	Pmu = 0.00102	1-Pb  = 0.48627	CLs  = 0.00210
AsymptoticLimits.cc[337] : (in function: getCLs) - At r = 0.600000:	q_mu = 5.04668	q_A  = 4.89140	Pmu = 0.01233	1-Pb  = 0.48600	CLs  = 0.02537
AsymptoticLimits.cc[337] : (in function: getCLs) - At r = 0.300000:	q_mu = 2.61225	q_A  = 2.51454	Pmu = 0.05299	1-Pb  = 0.48771	CLs  = 0.10865
AsymptoticLimits.cc[337] : (in function: getCLs) - At r = 0.428041:	q_mu = 3.66958	q_A  = 3.54248	Pmu = 0.02769	1-Pb  = 0.48653	CLs  = 0.05691
AsymptoticLimits.cc[337] : (in function: getCLs) - At r = 0.484468:	q_mu = 4.12669	q_A  = 3.98906	Pmu = 0.02109	1-Pb  = 0.48626	CLs  = 0.04337
AsymptoticLimits.cc[337] : (in function: getCLs) - At r = 0.460839:	q_mu = 3.93588	q_A  = 3.80239	Pmu = 0.02362	1-Pb  = 0.48635	CLs  = 0.04856
AsymptoticLimits.cc[337] : (in function: getCLs) - At r = 0.449445:	q_mu = 3.84354	q_A  = 3.71216	Pmu = 0.02495	1-Pb  = 0.48640	CLs  = 0.05130
AsymptoticLimits.cc[337] : (in function: getCLs) - At r = 0.455983:	q_mu = 3.89652	q_A  = 3.76395	Pmu = 0.02418	1-Pb  = 0.48637	CLs  = 0.04971
AsymptoticLimits.cc[337] : (in function: getCLs) - At r = 0.453701:	q_mu = 3.87801	q_A  = 3.74587	Pmu = 0.02444	1-Pb  = 0.48638	CLs  = 0.05026
AsymptoticLimits.cc[337] : (in function: getCLs) - At r = 0.455009:	q_mu = 3.88860	q_A  = 3.75623	Pmu = 0.02429	1-Pb  = 0.48638	CLs  = 0.04994
AsymptoticLimits.cc[337] : (in function: getCLs) - At r = 0.454554:	q_mu = 3.88489	q_A  = 3.75262	Pmu = 0.02434	1-Pb  = 0.48638	CLs  = 0.05005
AsymptoticLimits.cc[337] : (in function: getCLs) - At r = 0.454816:	q_mu = 3.88700	q_A  = 3.75470	Pmu = 0.02431	1-Pb  = 0.48638	CLs  = 0.04999
AsymptoticLimits.cc[337] : (in function: getCLs) - At r = 0.454726:	q_mu = 3.88626	q_A  = 3.75399	Pmu = 0.02432	1-Pb  = 0.48638	CLs  = 0.05001
AsymptoticLimits.cc[337] : (in function: getCLs) - At r = 0.454779:	q_mu = 3.88668	q_A  = 3.75441	Pmu = 0.02432	1-Pb  = 0.48639	CLs  = 0.05000
AsymptoticLimits.cc[337] : (in function: getCLs) - At r = 0.454762:	q_mu = 3.88653	q_A  = 3.75428	Pmu = 0.02432	1-Pb  = 0.48639	CLs  = 0.05000
AsymptoticLimits.cc[337] : (in function: getCLs) - At r = 0.454770:	q_mu = 3.88658	q_A  = 3.75434	Pmu = 0.02432	1-Pb  = 0.48639	CLs  = 0.05000
AsymptoticLimits.cc[337] : (in function: getCLs) - At r = 0.454774:	q_mu = 3.88660	q_A  = 3.75437	Pmu = 0.02432	1-Pb  = 0.48639	CLs  = 0.05000
