CascadeMinimizer.cc[188] : (in function: improveOnce) - Minimization configured with Type=Minuit2, Algo=Migrad, strategy=0, tolerance=0.1
CascadeMinimizer.cc[215] : (in function: improveOnce) - Minimization finished with status=0
CascadeMinimizer.cc[219] : (in function: improveOnce) - Minimization success! status=0
ToyMCSamplerOpt.cc[146] : (in function: generateAsimov) - Using internal logic for binned/unbinned Asimov dataset generation
ToyMCSamplerOpt.cc[214] : (in function: generateWithHisto) - Generating asimov with histogram for pdf pdf_binpass_LOW_obsOnly: in 3 x-bins
ToyMCSamplerOpt.cc[215] : (in function: generateWithHisto) -  , in 1 y-bins
ToyMCSamplerOpt.cc[146] : (in function: generateAsimov) - Using internal logic for binned/unbinned Asimov dataset generation
ToyMCSamplerOpt.cc[214] : (in function: generateWithHisto) - Generating asimov with histogram for pdf pdf_binpass_SIG_obsOnly: in 1 x-bins
ToyMCSamplerOpt.cc[215] : (in function: generateWithHisto) -  , in 1 y-bins
ToyMCSamplerOpt.cc[146] : (in function: generateAsimov) - Using internal logic for binned/unbinned Asimov dataset generation
ToyMCSamplerOpt.cc[214] : (in function: generateWithHisto) - Generating asimov with histogram for pdf pdf_binpass_HIGH_obsOnly: in 3 x-bins
ToyMCSamplerOpt.cc[215] : (in function: generateWithHisto) -  , in 1 y-bins
ToyMCSamplerOpt.cc[146] : (in function: generateAsimov) - Using internal logic for binned/unbinned Asimov dataset generation
ToyMCSamplerOpt.cc[214] : (in function: generateWithHisto) - Generating asimov with histogram for pdf pdf_binfail_LOW_obsOnly: in 3 x-bins
ToyMCSamplerOpt.cc[215] : (in function: generateWithHisto) -  , in 1 y-bins
ToyMCSamplerOpt.cc[146] : (in function: generateAsimov) - Using internal logic for binned/unbinned Asimov dataset generation
ToyMCSamplerOpt.cc[214] : (in function: generateWithHisto) - Generating asimov with histogram for pdf pdf_binfail_SIG_obsOnly: in 1 x-bins
ToyMCSamplerOpt.cc[215] : (in function: generateWithHisto) -  , in 1 y-bins
ToyMCSamplerOpt.cc[146] : (in function: generateAsimov) - Using internal logic for binned/unbinned Asimov dataset generation
ToyMCSamplerOpt.cc[214] : (in function: generateWithHisto) - Generating asimov with histogram for pdf pdf_binfail_HIGH_obsOnly: in 3 x-bins
ToyMCSamplerOpt.cc[215] : (in function: generateWithHisto) -  , in 1 y-bins
AsymptoticLimits.cc[428] : (in function: runLimitExpected) - Median for expected limits = 0.490234, Sigma for expected limits = 0.250124
AsymptoticLimits.cc[191] : (in function: runLimit) - NLL at global minimum of data = -8413.21 (r=3.90302e-07)
AsymptoticLimits.cc[211] : (in function: runLimit) - NLL at global minimum of asimov = -8412.12 (r=2.12239e-05)
AsymptoticLimits.cc[337] : (in function: getCLs) - At r = 1.200000:	q_mu = 2.43471	q_A  = 9.96872	Pmu = 0.05934	1-Pb  = 0.94486	CLs  = 0.06280
AsymptoticLimits.cc[337] : (in function: getCLs) - At r = 2.400001:	q_mu = 10.03944	q_A  = 18.44720	Pmu = 0.00077	1-Pb  = 0.87003	CLs  = 0.00088
AsymptoticLimits.cc[337] : (in function: getCLs) - At r = 1.200001:	q_mu = 2.43458	q_A  = 9.96872	Pmu = 0.05934	1-Pb  = 0.94487	CLs  = 0.06281
AsymptoticLimits.cc[337] : (in function: getCLs) - At r = 1.800001:	q_mu = 6.38545	q_A  = 14.45965	Pmu = 0.00575	1-Pb  = 0.89896	CLs  = 0.00640
AsymptoticLimits.cc[337] : (in function: getCLs) - At r = 1.500001:	q_mu = 4.44235	q_A  = 12.28440	Pmu = 0.01753	1-Pb  = 0.91883	CLs  = 0.01908
AsymptoticLimits.cc[337] : (in function: getCLs) - At r = 1.305928:	q_mu = 3.14941	q_A  = 10.80341	Pmu = 0.03798	1-Pb  = 0.93476	CLs  = 0.04063
AsymptoticLimits.cc[337] : (in function: getCLs) - At r = 1.244361:	q_mu = 2.73429	q_A  = 10.32066	Pmu = 0.04911	1-Pb  = 0.94050	CLs  = 0.05221
AsymptoticLimits.cc[337] : (in function: getCLs) - At r = 1.265181:	q_mu = 2.87451	q_A  = 10.48455	Pmu = 0.04500	1-Pb  = 0.93853	CLs  = 0.04794
AsymptoticLimits.cc[337] : (in function: getCLs) - At r = 1.252819:	q_mu = 2.79115	q_A  = 10.38727	Pmu = 0.04739	1-Pb  = 0.93970	CLs  = 0.05043
AsymptoticLimits.cc[337] : (in function: getCLs) - At r = 1.256980:	q_mu = 2.81919	q_A  = 10.41999	Pmu = 0.04657	1-Pb  = 0.93930	CLs  = 0.04958
AsymptoticLimits.cc[337] : (in function: getCLs) - At r = 1.254506:	q_mu = 2.80251	q_A  = 10.40050	Pmu = 0.04706	1-Pb  = 0.93954	CLs  = 0.05009
AsymptoticLimits.cc[337] : (in function: getCLs) - At r = 1.255339:	q_mu = 2.80812	q_A  = 10.40704	Pmu = 0.04689	1-Pb  = 0.93946	CLs  = 0.04992
AsymptoticLimits.cc[337] : (in function: getCLs) - At r = 1.254844:	q_mu = 2.80478	q_A  = 10.40314	Pmu = 0.04699	1-Pb  = 0.93951	CLs  = 0.05002
AsymptoticLimits.cc[337] : (in function: getCLs) - At r = 1.255012:	q_mu = 2.80591	q_A  = 10.40445	Pmu = 0.04696	1-Pb  = 0.93949	CLs  = 0.04998
AsymptoticLimits.cc[337] : (in function: getCLs) - At r = 1.254913:	q_mu = 2.80524	q_A  = 10.40367	Pmu = 0.04698	1-Pb  = 0.93950	CLs  = 0.05000
AsymptoticLimits.cc[337] : (in function: getCLs) - At r = 1.254947:	q_mu = 2.80547	q_A  = 10.40393	Pmu = 0.04697	1-Pb  = 0.93950	CLs  = 0.05000
AsymptoticLimits.cc[337] : (in function: getCLs) - At r = 1.254927:	q_mu = 2.80533	q_A  = 10.40378	Pmu = 0.04698	1-Pb  = 0.93950	CLs  = 0.05000
AsymptoticLimits.cc[337] : (in function: getCLs) - At r = 1.254934:	q_mu = 2.80538	q_A  = 10.40383	Pmu = 0.04697	1-Pb  = 0.93950	CLs  = 0.05000
AsymptoticLimits.cc[337] : (in function: getCLs) - At r = 1.254931:	q_mu = 2.80535	q_A  = 10.40380	Pmu = 0.04698	1-Pb  = 0.93950	CLs  = 0.05000
