 <<< Combine >>> 
 <<< v10.0.1 >>>
>>> Random number generator seed is 123456
>>> Method used is FitDiagnostics
Set Default Value of Parameter mask_pass_SIG To : 1
Set Default Value of Parameter mask_pass_HIGH To : 1
Set Default Value of Parameter r To : 1
>>> 2 out of 6 channels masked

>> Found 17 floating parameters
>> The following parameters are protected in the event of negative eigenvalues:
>> Verifying eigenvalues are all positive (iteration 0)
Eigenvalue 16 : -0.00311394
 - -0.603749	CMS_AN23122_Background_rpf_2x0_par3
 - -0.507635	CMS_AN23122_Background_rpf_2x0_par2
 - 0.49762	CMS_AN23122_Background_rpf_2x0_par1
 - 0.360786	CMS_AN23122_Background_rpf_2x0_par0
 - -0.000580311	CMS_AN23122_Background_fail_LOW_bin_2-1
>> Attempt 0 failed, remove the variable with largest eigenvector component...
>> Dropping CMS_AN23122_Background_rpf_2x0_par3 from the hessian
>> Verifying eigenvalues are all positive (iteration 1)
>> All eigenvalues are positive
>> Inverting Hessian...
>> Matrix inverted
>> Note: the following parameters were dropped to make the covariance matrix pos-def:
     - CMS_AN23122_Background_rpf_2x0_par3
 Fit B-only, status = 0, numBadNLL = 0, covariance quality = -1
Running Minos for POI r
>> Found 18 floating parameters
>> The following parameters are protected in the event of negative eigenvalues: r
>> Verifying eigenvalues are all positive (iteration 0)
Eigenvalue 16 : -0.00120988
 - 0.713641	CMS_AN23122_Background_fail_HIGH_bin_5-1
 - -0.693141	r
 - 0.0539758	CMS_AN23122_Background_rpf_2x0_par2
 - 0.0517518	CMS_AN23122_Background_rpf_2x0_par3
 - -0.0467589	CMS_AN23122_Background_rpf_2x0_par0
Eigenvalue 17 : -0.00307741
 - -0.592035	CMS_AN23122_Background_rpf_2x0_par3
 - -0.532518	CMS_AN23122_Background_rpf_2x0_par2
 - 0.488935	CMS_AN23122_Background_rpf_2x0_par1
 - 0.350188	CMS_AN23122_Background_rpf_2x0_par0
 - 0.0463927	CMS_AN23122_Background_fail_HIGH_bin_5-1
>> Attempt 0 failed, remove the variable with largest eigenvector component...
>> Dropping CMS_AN23122_Background_rpf_2x0_par3 from the hessian
>> Verifying eigenvalues are all positive (iteration 1)
Eigenvalue 16 : -0.00122914
 - 0.712991	CMS_AN23122_Background_fail_HIGH_bin_5-1
 - -0.692576	r
 - 0.0908463	CMS_AN23122_Background_rpf_2x0_par1
 - 0.0378535	CMS_AN23122_Background_fail_HIGH_bin_4-1
 - -0.0335602	CMS_AN23122_Background_rpf_2x0_par2
>> Attempt 1 failed, remove the variable with largest eigenvector component...
>> Dropping CMS_AN23122_Background_fail_HIGH_bin_5-1 from the hessian
>> Verifying eigenvalues are all positive (iteration 2)
>> All eigenvalues are positive
>> Inverting Hessian...
>> Matrix inverted
>> Note: the following parameters were dropped to make the covariance matrix pos-def:
     - CMS_AN23122_Background_rpf_2x0_par3
     - CMS_AN23122_Background_fail_HIGH_bin_5-1
Fit S+B, status = 0, numBadNLL = 0, covariance quality = -1

 --- FitDiagnostics ---
Best fit r: 0.219016  -0.219016/+49.781  (68% CL)
Done in 0.00 min (cpu), 0.00 min (real)
27 log messages saved to combine_logger.out
