CascadeMinimizer.cc[188] : (in function: improveOnce) - Minimization configured with Type=Minuit2, Algo=Migrad, strategy=0, tolerance=0.1
CascadeMinimizer.cc[215] : (in function: improveOnce) - Minimization finished with status=0
CascadeMinimizer.cc[219] : (in function: improveOnce) - Minimization success! status=0
ToyMCSamplerOpt.cc[146] : (in function: generateAsimov) - Using internal logic for binned/unbinned Asimov dataset generation
ToyMCSamplerOpt.cc[214] : (in function: generateWithHisto) - Generating asimov with histogram for pdf pdf_binpass_LOW_obsOnly: in 3 x-bins
ToyMCSamplerOpt.cc[215] : (in function: generateWithHisto) -  , in 1 y-bins
ToyMCSamplerOpt.cc[146] : (in function: generateAsimov) - Using internal logic for binned/unbinned Asimov dataset generation
ToyMCSamplerOpt.cc[214] : (in function: generateWithHisto) - Generating asimov with histogram for pdf pdf_binpass_SIG_obsOnly: in 1 x-bins
ToyMCSamplerOpt.cc[215] : (in function: generateWithHisto) -  , in 1 y-bins
ToyMCSamplerOpt.cc[146] : (in function: generateAsimov) - Using internal logic for binned/unbinned Asimov dataset generation
ToyMCSamplerOpt.cc[214] : (in function: generateWithHisto) - Generating asimov with histogram for pdf pdf_binpass_HIGH_obsOnly: in 3 x-bins
ToyMCSamplerOpt.cc[215] : (in function: generateWithHisto) -  , in 1 y-bins
ToyMCSamplerOpt.cc[146] : (in function: generateAsimov) - Using internal logic for binned/unbinned Asimov dataset generation
ToyMCSamplerOpt.cc[214] : (in function: generateWithHisto) - Generating asimov with histogram for pdf pdf_binfail_LOW_obsOnly: in 3 x-bins
ToyMCSamplerOpt.cc[215] : (in function: generateWithHisto) -  , in 1 y-bins
ToyMCSamplerOpt.cc[146] : (in function: generateAsimov) - Using internal logic for binned/unbinned Asimov dataset generation
ToyMCSamplerOpt.cc[214] : (in function: generateWithHisto) - Generating asimov with histogram for pdf pdf_binfail_SIG_obsOnly: in 1 x-bins
ToyMCSamplerOpt.cc[215] : (in function: generateWithHisto) -  , in 1 y-bins
ToyMCSamplerOpt.cc[146] : (in function: generateAsimov) - Using internal logic for binned/unbinned Asimov dataset generation
ToyMCSamplerOpt.cc[214] : (in function: generateWithHisto) - Generating asimov with histogram for pdf pdf_binfail_HIGH_obsOnly: in 3 x-bins
ToyMCSamplerOpt.cc[215] : (in function: generateWithHisto) -  , in 1 y-bins
AsymptoticLimits.cc[428] : (in function: runLimitExpected) - Median for expected limits = 3.39062, Sigma for expected limits = 1.72994
AsymptoticLimits.cc[191] : (in function: runLimit) - NLL at global minimum of data = -8424.44 (r=9.72695e-07)
AsymptoticLimits.cc[211] : (in function: runLimit) - NLL at global minimum of asimov = -8424.81 (r=4.12745e-08)
AsymptoticLimits.cc[337] : (in function: getCLs) - At r = 1.200001:	q_mu = 3.16274	q_A  = 1.17392	Pmu = 0.02268	1-Pb  = 0.17936	CLs  = 0.12646
AsymptoticLimits.cc[337] : (in function: getCLs) - At r = 2.400002:	q_mu = 5.38841	q_A  = 2.69185	Pmu = 0.00690	1-Pb  = 0.20560	CLs  = 0.03356
AsymptoticLimits.cc[337] : (in function: getCLs) - At r = 1.200001:	q_mu = 3.16272	q_A  = 1.17398	Pmu = 0.02268	1-Pb  = 0.17938	CLs  = 0.12645
AsymptoticLimits.cc[337] : (in function: getCLs) - At r = 1.871429:	q_mu = 4.47809	q_A  = 2.03668	Pmu = 0.01123	1-Pb  = 0.19618	CLs  = 0.05725
AsymptoticLimits.cc[337] : (in function: getCLs) - At r = 2.084293:	q_mu = 4.85588	q_A  = 2.30388	Pmu = 0.00917	1-Pb  = 0.20027	CLs  = 0.04581
AsymptoticLimits.cc[337] : (in function: getCLs) - At r = 1.974836:	q_mu = 4.66365	q_A  = 2.16702	Pmu = 0.01017	1-Pb  = 0.19822	CLs  = 0.05130
AsymptoticLimits.cc[337] : (in function: getCLs) - At r = 2.016564:	q_mu = 4.73742	q_A  = 2.21934	Pmu = 0.00977	1-Pb  = 0.19902	CLs  = 0.04912
AsymptoticLimits.cc[337] : (in function: getCLs) - At r = 1.994515:	q_mu = 4.69851	q_A  = 2.19170	Pmu = 0.00998	1-Pb  = 0.19860	CLs  = 0.05025
AsymptoticLimits.cc[337] : (in function: getCLs) - At r = 2.002832:	q_mu = 4.71320	q_A  = 2.20214	Pmu = 0.00990	1-Pb  = 0.19876	CLs  = 0.04982
AsymptoticLimits.cc[337] : (in function: getCLs) - At r = 1.998415:	q_mu = 4.70540	q_A  = 2.19659	Pmu = 0.00994	1-Pb  = 0.19867	CLs  = 0.05005
AsymptoticLimits.cc[337] : (in function: getCLs) - At r = 2.000078:	q_mu = 4.70834	q_A  = 2.19869	Pmu = 0.00993	1-Pb  = 0.19870	CLs  = 0.04996
AsymptoticLimits.cc[337] : (in function: getCLs) - At r = 1.999194:	q_mu = 4.70678	q_A  = 2.19757	Pmu = 0.00994	1-Pb  = 0.19869	CLs  = 0.05001
AsymptoticLimits.cc[337] : (in function: getCLs) - At r = 1.999527:	q_mu = 4.70737	q_A  = 2.19799	Pmu = 0.00993	1-Pb  = 0.19869	CLs  = 0.04999
AsymptoticLimits.cc[337] : (in function: getCLs) - At r = 1.999350:	q_mu = 4.70706	q_A  = 2.19777	Pmu = 0.00993	1-Pb  = 0.19869	CLs  = 0.05000
AsymptoticLimits.cc[337] : (in function: getCLs) - At r = 1.999417:	q_mu = 4.70717	q_A  = 2.19785	Pmu = 0.00993	1-Pb  = 0.19869	CLs  = 0.05000
AsymptoticLimits.cc[337] : (in function: getCLs) - At r = 1.999381:	q_mu = 4.70711	q_A  = 2.19781	Pmu = 0.00993	1-Pb  = 0.19869	CLs  = 0.05000
AsymptoticLimits.cc[337] : (in function: getCLs) - At r = 1.999395:	q_mu = 4.70713	q_A  = 2.19783	Pmu = 0.00993	1-Pb  = 0.19869	CLs  = 0.05000
AsymptoticLimits.cc[337] : (in function: getCLs) - At r = 1.999387:	q_mu = 4.70712	q_A  = 2.19782	Pmu = 0.00993	1-Pb  = 0.19869	CLs  = 0.05000
