 <<< Combine >>> 
 <<< v10.0.1 >>>
>>> Random number generator seed is 123456
>>> Method used is FitDiagnostics
Set Default Value of Parameter mask_pass_SIG To : 1
Set Default Value of Parameter mask_pass_HIGH To : 1
Set Default Value of Parameter r To : 1
>>> 2 out of 6 channels masked

>> Found 20 floating parameters
>> The following parameters are protected in the event of negative eigenvalues:
>> Parameter CMS_AN23122_Background_rpf_2x0_par2 does not have a valid stencil and will be dropped
>> Verifying eigenvalues are all positive (iteration 0)
Eigenvalue 18 : -7.55135e-05
 - 0.744671	CMS_AN23122_Background_rpf_2x0_par3
 - -0.65995	CMS_AN23122_Background_rpf_2x0_par0
 - -0.0996511	CMS_AN23122_Background_rpf_2x0_par1
 - 0.00028042	CMS_AN23122_Background_fail_LOW_bin_2-1
 - -0.000162518	CMS_AN23122_Background_fail_LOW_bin_1-1
>> Attempt 0 failed, remove the variable with largest eigenvector component...
>> Dropping CMS_AN23122_Background_rpf_2x0_par3 from the hessian
>> Verifying eigenvalues are all positive (iteration 1)
>> All eigenvalues are positive
>> Inverting Hessian...
>> Matrix inverted
>> Note: the following parameters were dropped as their ranges are either too narrow or the parameter has no effect on the NLL:
     - CMS_AN23122_Background_rpf_2x0_par2
>> Note: the following parameters were dropped to make the covariance matrix pos-def:
     - CMS_AN23122_Background_rpf_2x0_par3
 Fit B-only, status = 0, numBadNLL = 0, covariance quality = -1
Running Minos for POI r
>> Found 21 floating parameters
>> The following parameters are protected in the event of negative eigenvalues: r
>> Parameter CMS_AN23122_Background_rpf_2x0_par2 does not have a valid stencil and will be dropped
>> Verifying eigenvalues are all positive (iteration 0)
Eigenvalue 18 : -0.000240591
 - 0.738497	CMS_AN23122_Background_rpf_2x0_par3
 - -0.666756	CMS_AN23122_Background_rpf_2x0_par0
 - -0.100288	CMS_AN23122_Background_rpf_2x0_par1
 - -0.000731663	r
 - 0.000729031	CMS_AN23122_Background_fail_HIGH_bin_9-1
Eigenvalue 19 : -0.0065512
 - 0.714182	r
 - -0.690095	CMS_AN23122_Background_fail_HIGH_bin_9-1
 - 0.0757155	pT
 - -0.0560047	CMS_AN23122_Background_fail_HIGH_bin_7-1
 - -0.0528758	CMS_AN23122_Background_fail_HIGH_bin_8-1
>> Attempt 0 failed, remove the variable with largest eigenvector component...
>> Dropping CMS_AN23122_Background_fail_HIGH_bin_9-1 from the hessian
>> Verifying eigenvalues are all positive (iteration 1)
Eigenvalue 18 : -0.000240598
 - 0.738496	CMS_AN23122_Background_rpf_2x0_par3
 - -0.666757	CMS_AN23122_Background_rpf_2x0_par0
 - -0.100294	CMS_AN23122_Background_rpf_2x0_par1
 - 0.000269248	CMS_AN23122_Background_fail_LOW_bin_2-1
 - -0.000172768	CMS_AN23122_Background_fail_LOW_bin_1-1
>> Attempt 1 failed, remove the variable with largest eigenvector component...
>> Dropping CMS_AN23122_Background_rpf_2x0_par3 from the hessian
>> Verifying eigenvalues are all positive (iteration 2)
>> All eigenvalues are positive
>> Inverting Hessian...
>> Matrix inverted
>> Note: the following parameters were dropped as their ranges are either too narrow or the parameter has no effect on the NLL:
     - CMS_AN23122_Background_rpf_2x0_par2
>> Note: the following parameters were dropped to make the covariance matrix pos-def:
     - CMS_AN23122_Background_fail_HIGH_bin_9-1
     - CMS_AN23122_Background_rpf_2x0_par3
Fit S+B, status = 0, numBadNLL = 0, covariance quality = -1

 --- FitDiagnostics ---
Best fit r: 0.619178  -0.619178/+49.3808  (68% CL)
Done in 0.00 min (cpu), 0.00 min (real)
27 log messages saved to combine_logger.out
