CascadeMinimizer.cc[188] : (in function: improveOnce) - Minimization configured with Type=Minuit2, Algo=Migrad, strategy=0, tolerance=0.1
CascadeMinimizer.cc[215] : (in function: improveOnce) - Minimization finished with status=0
CascadeMinimizer.cc[219] : (in function: improveOnce) - Minimization success! status=0
ToyMCSamplerOpt.cc[146] : (in function: generateAsimov) - Using internal logic for binned/unbinned Asimov dataset generation
ToyMCSamplerOpt.cc[214] : (in function: generateWithHisto) - Generating asimov with histogram for pdf pdf_binpass_LOW_obsOnly: in 3 x-bins
ToyMCSamplerOpt.cc[215] : (in function: generateWithHisto) -  , in 1 y-bins
ToyMCSamplerOpt.cc[146] : (in function: generateAsimov) - Using internal logic for binned/unbinned Asimov dataset generation
ToyMCSamplerOpt.cc[214] : (in function: generateWithHisto) - Generating asimov with histogram for pdf pdf_binpass_SIG_obsOnly: in 1 x-bins
ToyMCSamplerOpt.cc[215] : (in function: generateWithHisto) -  , in 1 y-bins
ToyMCSamplerOpt.cc[146] : (in function: generateAsimov) - Using internal logic for binned/unbinned Asimov dataset generation
ToyMCSamplerOpt.cc[214] : (in function: generateWithHisto) - Generating asimov with histogram for pdf pdf_binpass_HIGH_obsOnly: in 5 x-bins
ToyMCSamplerOpt.cc[215] : (in function: generateWithHisto) -  , in 1 y-bins
ToyMCSamplerOpt.cc[146] : (in function: generateAsimov) - Using internal logic for binned/unbinned Asimov dataset generation
ToyMCSamplerOpt.cc[214] : (in function: generateWithHisto) - Generating asimov with histogram for pdf pdf_binfail_LOW_obsOnly: in 3 x-bins
ToyMCSamplerOpt.cc[215] : (in function: generateWithHisto) -  , in 1 y-bins
ToyMCSamplerOpt.cc[146] : (in function: generateAsimov) - Using internal logic for binned/unbinned Asimov dataset generation
ToyMCSamplerOpt.cc[214] : (in function: generateWithHisto) - Generating asimov with histogram for pdf pdf_binfail_SIG_obsOnly: in 1 x-bins
ToyMCSamplerOpt.cc[215] : (in function: generateWithHisto) -  , in 1 y-bins
ToyMCSamplerOpt.cc[146] : (in function: generateAsimov) - Using internal logic for binned/unbinned Asimov dataset generation
ToyMCSamplerOpt.cc[214] : (in function: generateWithHisto) - Generating asimov with histogram for pdf pdf_binfail_HIGH_obsOnly: in 5 x-bins
ToyMCSamplerOpt.cc[215] : (in function: generateWithHisto) -  , in 1 y-bins
AsymptoticLimits.cc[428] : (in function: runLimitExpected) - Median for expected limits = 0.751953, Sigma for expected limits = 0.383657
AsymptoticLimits.cc[191] : (in function: runLimit) - NLL at global minimum of data = -61.9176 (r=0.425132)
AsymptoticLimits.cc[211] : (in function: runLimit) - NLL at global minimum of asimov = -63.1019 (r=0.00445374)
AsymptoticLimits.cc[337] : (in function: getCLs) - At r = 2.651342:	q_mu = 22.24537	q_A  = 31.01930	Pmu = 0.00000	1-Pb  = 0.80317	CLs  = 0.00000
AsymptoticLimits.cc[337] : (in function: getCLs) - At r = 1.538237:	q_mu = 7.33106	q_A  = 13.77269	Pmu = 0.00339	1-Pb  = 0.84221	CLs  = 0.00402
AsymptoticLimits.cc[337] : (in function: getCLs) - At r = 0.981685:	q_mu = 1.84031	q_A  = 6.31278	Pmu = 0.08746	1-Pb  = 0.87615	CLs  = 0.09982
AsymptoticLimits.cc[337] : (in function: getCLs) - At r = 1.259961:	q_mu = 4.27520	q_A  = 9.83839	Pmu = 0.01934	1-Pb  = 0.85746	CLs  = 0.02255
AsymptoticLimits.cc[337] : (in function: getCLs) - At r = 1.140800:	q_mu = 3.13795	q_A  = 8.26491	Pmu = 0.03825	1-Pb  = 0.86508	CLs  = 0.04421
AsymptoticLimits.cc[337] : (in function: getCLs) - At r = 1.089740:	q_mu = 2.69107	q_A  = 7.61773	Pmu = 0.05046	1-Pb  = 0.86855	CLs  = 0.05809
AsymptoticLimits.cc[337] : (in function: getCLs) - At r = 1.112178:	q_mu = 2.88418	q_A  = 7.89992	Pmu = 0.04473	1-Pb  = 0.86701	CLs  = 0.05159
AsymptoticLimits.cc[337] : (in function: getCLs) - At r = 1.122538:	q_mu = 2.97512	q_A  = 8.03141	Pmu = 0.04228	1-Pb  = 0.86631	CLs  = 0.04880
AsymptoticLimits.cc[337] : (in function: getCLs) - At r = 1.116843:	q_mu = 2.92499	q_A  = 7.95903	Pmu = 0.04361	1-Pb  = 0.86670	CLs  = 0.05032
AsymptoticLimits.cc[337] : (in function: getCLs) - At r = 1.118922:	q_mu = 2.94323	q_A  = 7.98541	Pmu = 0.04312	1-Pb  = 0.86656	CLs  = 0.04976
AsymptoticLimits.cc[337] : (in function: getCLs) - At r = 1.117784:	q_mu = 2.93324	q_A  = 7.97097	Pmu = 0.04339	1-Pb  = 0.86663	CLs  = 0.05006
AsymptoticLimits.cc[337] : (in function: getCLs) - At r = 1.118200:	q_mu = 2.93690	q_A  = 7.97625	Pmu = 0.04329	1-Pb  = 0.86661	CLs  = 0.04995
AsymptoticLimits.cc[337] : (in function: getCLs) - At r = 1.117973:	q_mu = 2.93490	q_A  = 7.97336	Pmu = 0.04334	1-Pb  = 0.86662	CLs  = 0.05001
AsymptoticLimits.cc[337] : (in function: getCLs) - At r = 1.118056:	q_mu = 2.93563	q_A  = 7.97441	Pmu = 0.04332	1-Pb  = 0.86662	CLs  = 0.04999
AsymptoticLimits.cc[337] : (in function: getCLs) - At r = 1.118011:	q_mu = 2.93523	q_A  = 7.97383	Pmu = 0.04333	1-Pb  = 0.86662	CLs  = 0.05000
AsymptoticLimits.cc[337] : (in function: getCLs) - At r = 1.118028:	q_mu = 2.93537	q_A  = 7.97404	Pmu = 0.04333	1-Pb  = 0.86662	CLs  = 0.05000
AsymptoticLimits.cc[337] : (in function: getCLs) - At r = 1.118019:	q_mu = 2.93529	q_A  = 7.97393	Pmu = 0.04333	1-Pb  = 0.86662	CLs  = 0.05000
AsymptoticLimits.cc[337] : (in function: getCLs) - At r = 1.118023:	q_mu = 2.93533	q_A  = 7.97397	Pmu = 0.04333	1-Pb  = 0.86662	CLs  = 0.05000
