 <<< Combine >>> 
 <<< v10.0.1 >>>
>>> Random number generator seed is 123456
>>> Method used is FitDiagnostics
Set Default Value of Parameter r To : 1
>>> 0 out of 6 channels masked

>> Found 19 floating parameters
>> The following parameters are protected in the event of negative eigenvalues:
>> Verifying eigenvalues are all positive (iteration 0)
Eigenvalue 18 : -0.000442958
 - 0.789785	Background_rpf_2x0_par3
 - -0.461443	Background_rpf_2x0_par0
 - -0.397481	Background_rpf_2x0_par1
 - 0.0729141	Background_rpf_2x0_par2
 - -0.00068188	Background_fail_HIGH_bin_10-1
>> Attempt 0 failed, remove the variable with largest eigenvector component...
>> Dropping Background_rpf_2x0_par3 from the hessian
>> Verifying eigenvalues are all positive (iteration 1)
>> All eigenvalues are positive
>> Inverting Hessian...
>> Matrix inverted
>> Note: the following parameters were dropped to make the covariance matrix pos-def:
     - Background_rpf_2x0_par3
 Fit B-only, status = 0, numBadNLL = 0, covariance quality = -1
Running Minos for POI r
>> Found 20 floating parameters
>> The following parameters are protected in the event of negative eigenvalues: r
>> Parameter r does not have a valid stencil and will be dropped
>> Verifying eigenvalues are all positive (iteration 0)
Eigenvalue 18 : -0.000431173
 - 0.783253	Background_rpf_2x0_par3
 - -0.458667	Background_rpf_2x0_par0
 - -0.41347	Background_rpf_2x0_par1
 - 0.0719693	Background_rpf_2x0_par2
 - -0.000680244	Background_fail_HIGH_bin_10-1
>> Attempt 0 failed, remove the variable with largest eigenvector component...
>> Dropping Background_rpf_2x0_par3 from the hessian
>> Verifying eigenvalues are all positive (iteration 1)
>> All eigenvalues are positive
>> Inverting Hessian...
>> Matrix inverted
>> Note: the following parameters were dropped as their ranges are either too narrow or the parameter has no effect on the NLL:
     - r
>> Note: the following parameters were dropped to make the covariance matrix pos-def:
     - Background_rpf_2x0_par3
Fit S+B, status = 0, numBadNLL = 0, covariance quality = -1

 --- FitDiagnostics ---
Done! s+b fit and b-only fit should be identical
Done in 0.00 min (cpu), 0.00 min (real)
25 log messages saved to combine_logger.out
