 <<< Combine >>> 
 <<< v10.0.1 >>>
>>> Random number generator seed is 123456
>>> Method used is FitDiagnostics
Set Default Value of Parameter mask_pass_SIG To : 1
Set Default Value of Parameter mask_pass_HIGH To : 1
Set Default Value of Parameter r To : 1
>>> 2 out of 6 channels masked

>> Found 17 floating parameters
>> The following parameters are protected in the event of negative eigenvalues:
>> Verifying eigenvalues are all positive (iteration 0)
Eigenvalue 16 : -0.00485639
 - -0.564504	CMS_AN23122_Background_rpf_2x0_par2
 - -0.553525	CMS_AN23122_Background_rpf_2x0_par3
 - 0.517885	CMS_AN23122_Background_rpf_2x0_par1
 - 0.326709	CMS_AN23122_Background_rpf_2x0_par0
 - -0.00123197	CMS_AN23122_Background_fail_LOW_bin_2-1
>> Attempt 0 failed, remove the variable with largest eigenvector component...
>> Dropping CMS_AN23122_Background_rpf_2x0_par2 from the hessian
>> Verifying eigenvalues are all positive (iteration 1)
Eigenvalue 15 : -0.000427393
 - -0.752819	CMS_AN23122_Background_rpf_2x0_par3
 - 0.634745	CMS_AN23122_Background_rpf_2x0_par0
 - 0.174245	CMS_AN23122_Background_rpf_2x0_par1
 - -0.000408919	CMS_AN23122_Background_fail_LOW_bin_3-1
 - 0.000248671	CMS_AN23122_Background_fail_LOW_bin_1-1
>> Attempt 1 failed, remove the variable with largest eigenvector component...
>> Dropping CMS_AN23122_Background_rpf_2x0_par3 from the hessian
>> Verifying eigenvalues are all positive (iteration 2)
>> All eigenvalues are positive
>> Inverting Hessian...
>> Matrix inverted
>> Note: the following parameters were dropped to make the covariance matrix pos-def:
     - CMS_AN23122_Background_rpf_2x0_par2
     - CMS_AN23122_Background_rpf_2x0_par3
 Fit B-only, status = 0, numBadNLL = 0, covariance quality = -1
Running Minos for POI r
>> Found 18 floating parameters
>> The following parameters are protected in the event of negative eigenvalues: r
>> Verifying eigenvalues are all positive (iteration 0)
Eigenvalue 16 : -0.00130923
 - 0.767759	CMS_AN23122_Background_rpf_2x0_par1
 - -0.534181	CMS_AN23122_Background_rpf_2x0_par3
 - -0.341005	CMS_AN23122_Background_rpf_2x0_par2
 - -0.0929702	CMS_AN23122_Background_rpf_2x0_par0
 - 0.0158162	r
Eigenvalue 17 : -0.00754555
 - 0.815112	CMS_AN23122_Background_rpf_2x0_par0
 - -0.504115	r
 - -0.27484	CMS_AN23122_Background_rpf_2x0_par3
 - -0.0749504	CMS_AN23122_Background_rpf_2x0_par1
 - 0.0161333	CMS_AN23122_Background_rpf_2x0_par2
>> Attempt 0 failed, remove the variable with largest eigenvector component...
>> Dropping CMS_AN23122_Background_rpf_2x0_par0 from the hessian
>> Verifying eigenvalues are all positive (iteration 1)
Eigenvalue 16 : -0.00139032
 - -0.754276	CMS_AN23122_Background_rpf_2x0_par1
 - 0.563966	CMS_AN23122_Background_rpf_2x0_par3
 - 0.333391	CMS_AN23122_Background_rpf_2x0_par2
 - 0.0429838	r
 - 0.00338981	pT
>> Attempt 1 failed, remove the variable with largest eigenvector component...
>> Dropping CMS_AN23122_Background_rpf_2x0_par1 from the hessian
>> Verifying eigenvalues are all positive (iteration 2)
>> All eigenvalues are positive
>> Inverting Hessian...
>> Matrix inverted
>> Note: the following parameters were dropped to make the covariance matrix pos-def:
     - CMS_AN23122_Background_rpf_2x0_par0
     - CMS_AN23122_Background_rpf_2x0_par1
Fit S+B, status = 0, numBadNLL = 0, covariance quality = -1

 --- FitDiagnostics ---
Best fit r: 3.3632  -3.3632/+46.6368  (68% CL)
Done in 0.00 min (cpu), 0.00 min (real)
29 log messages saved to combine_logger.out
