CascadeMinimizer.cc[188] : (in function: improveOnce) - Minimization configured with Type=Minuit2, Algo=Migrad, strategy=0, tolerance=0.1
CascadeMinimizer.cc[215] : (in function: improveOnce) - Minimization finished with status=0
CascadeMinimizer.cc[219] : (in function: improveOnce) - Minimization success! status=0
ToyMCSamplerOpt.cc[146] : (in function: generateAsimov) - Using internal logic for binned/unbinned Asimov dataset generation
ToyMCSamplerOpt.cc[214] : (in function: generateWithHisto) - Generating asimov with histogram for pdf pdf_binpass_LOW_obsOnly: in 3 x-bins
ToyMCSamplerOpt.cc[215] : (in function: generateWithHisto) -  , in 1 y-bins
ToyMCSamplerOpt.cc[146] : (in function: generateAsimov) - Using internal logic for binned/unbinned Asimov dataset generation
ToyMCSamplerOpt.cc[214] : (in function: generateWithHisto) - Generating asimov with histogram for pdf pdf_binpass_SIG_obsOnly: in 1 x-bins
ToyMCSamplerOpt.cc[215] : (in function: generateWithHisto) -  , in 1 y-bins
ToyMCSamplerOpt.cc[146] : (in function: generateAsimov) - Using internal logic for binned/unbinned Asimov dataset generation
ToyMCSamplerOpt.cc[214] : (in function: generateWithHisto) - Generating asimov with histogram for pdf pdf_binpass_HIGH_obsOnly: in 3 x-bins
ToyMCSamplerOpt.cc[215] : (in function: generateWithHisto) -  , in 1 y-bins
ToyMCSamplerOpt.cc[146] : (in function: generateAsimov) - Using internal logic for binned/unbinned Asimov dataset generation
ToyMCSamplerOpt.cc[214] : (in function: generateWithHisto) - Generating asimov with histogram for pdf pdf_binfail_LOW_obsOnly: in 3 x-bins
ToyMCSamplerOpt.cc[215] : (in function: generateWithHisto) -  , in 1 y-bins
ToyMCSamplerOpt.cc[146] : (in function: generateAsimov) - Using internal logic for binned/unbinned Asimov dataset generation
ToyMCSamplerOpt.cc[214] : (in function: generateWithHisto) - Generating asimov with histogram for pdf pdf_binfail_SIG_obsOnly: in 1 x-bins
ToyMCSamplerOpt.cc[215] : (in function: generateWithHisto) -  , in 1 y-bins
ToyMCSamplerOpt.cc[146] : (in function: generateAsimov) - Using internal logic for binned/unbinned Asimov dataset generation
ToyMCSamplerOpt.cc[214] : (in function: generateWithHisto) - Generating asimov with histogram for pdf pdf_binfail_HIGH_obsOnly: in 3 x-bins
ToyMCSamplerOpt.cc[215] : (in function: generateWithHisto) -  , in 1 y-bins
AsymptoticLimits.cc[428] : (in function: runLimitExpected) - Median for expected limits = 0.875, Sigma for expected limits = 0.446437
AsymptoticLimits.cc[191] : (in function: runLimit) - NLL at global minimum of data = -711.267 (r=0.514114)
AsymptoticLimits.cc[211] : (in function: runLimit) - NLL at global minimum of asimov = -708.508 (r=0.000209381)
AsymptoticLimits.cc[337] : (in function: getCLs) - At r = 1.714114:	q_mu = 4.79087	q_A  = 9.36280	Pmu = 0.01431	1-Pb  = 0.80814	CLs  = 0.01770
AsymptoticLimits.cc[337] : (in function: getCLs) - At r = 1.114114:	q_mu = 1.89316	q_A  = 5.44822	Pmu = 0.08442	1-Pb  = 0.83102	CLs  = 0.10159
AsymptoticLimits.cc[337] : (in function: getCLs) - At r = 1.428862:	q_mu = 3.38599	q_A  = 7.53614	Pmu = 0.03288	1-Pb  = 0.81729	CLs  = 0.04023
AsymptoticLimits.cc[337] : (in function: getCLs) - At r = 1.306794:	q_mu = 2.79488	q_A  = 6.73300	Pmu = 0.04728	1-Pb  = 0.82200	CLs  = 0.05752
AsymptoticLimits.cc[337] : (in function: getCLs) - At r = 1.369472:	q_mu = 3.09710	q_A  = 7.14652	Pmu = 0.03922	1-Pb  = 0.81949	CLs  = 0.04785
AsymptoticLimits.cc[337] : (in function: getCLs) - At r = 1.344982:	q_mu = 2.97862	q_A  = 6.98519	Pmu = 0.04219	1-Pb  = 0.82045	CLs  = 0.05142
AsymptoticLimits.cc[337] : (in function: getCLs) - At r = 1.357505:	q_mu = 3.03911	q_A  = 7.06768	Pmu = 0.04064	1-Pb  = 0.81996	CLs  = 0.04956
AsymptoticLimits.cc[337] : (in function: getCLs) - At r = 1.352610:	q_mu = 3.01542	q_A  = 7.03538	Pmu = 0.04124	1-Pb  = 0.82015	CLs  = 0.05028
AsymptoticLimits.cc[337] : (in function: getCLs) - At r = 1.355117:	q_mu = 3.02754	q_A  = 7.05186	Pmu = 0.04093	1-Pb  = 0.82005	CLs  = 0.04991
AsymptoticLimits.cc[337] : (in function: getCLs) - At r = 1.354140:	q_mu = 3.02281	q_A  = 7.04512	Pmu = 0.04105	1-Pb  = 0.82007	CLs  = 0.05006
AsymptoticLimits.cc[337] : (in function: getCLs) - At r = 1.354645:	q_mu = 3.02525	q_A  = 7.04841	Pmu = 0.04099	1-Pb  = 0.82005	CLs  = 0.04998
AsymptoticLimits.cc[337] : (in function: getCLs) - At r = 1.354453:	q_mu = 3.02431	q_A  = 7.04713	Pmu = 0.04101	1-Pb  = 0.82006	CLs  = 0.05001
AsymptoticLimits.cc[337] : (in function: getCLs) - At r = 1.354554:	q_mu = 3.02486	q_A  = 7.04779	Pmu = 0.04100	1-Pb  = 0.82005	CLs  = 0.05000
AsymptoticLimits.cc[337] : (in function: getCLs) - At r = 1.354511:	q_mu = 3.02459	q_A  = 7.04749	Pmu = 0.04101	1-Pb  = 0.82006	CLs  = 0.05000
AsymptoticLimits.cc[337] : (in function: getCLs) - At r = 1.354534:	q_mu = 3.02470	q_A  = 7.04763	Pmu = 0.04100	1-Pb  = 0.82005	CLs  = 0.05000
AsymptoticLimits.cc[337] : (in function: getCLs) - At r = 1.354538:	q_mu = 3.02471	q_A  = 7.04755	Pmu = 0.04100	1-Pb  = 0.82005	CLs  = 0.05000
AsymptoticLimits.cc[337] : (in function: getCLs) - At r = 1.354536:	q_mu = 3.02470	q_A  = 7.04752	Pmu = 0.04100	1-Pb  = 0.82005	CLs  = 0.05000
