CascadeMinimizer.cc[188] : (in function: improveOnce) - Minimization configured with Type=Minuit2, Algo=Migrad, strategy=0, tolerance=0.1
CascadeMinimizer.cc[215] : (in function: improveOnce) - Minimization finished with status=0
CascadeMinimizer.cc[219] : (in function: improveOnce) - Minimization success! status=0
ToyMCSamplerOpt.cc[146] : (in function: generateAsimov) - Using internal logic for binned/unbinned Asimov dataset generation
ToyMCSamplerOpt.cc[214] : (in function: generateWithHisto) - Generating asimov with histogram for pdf pdf_binpass_LOW_obsOnly: in 3 x-bins
ToyMCSamplerOpt.cc[215] : (in function: generateWithHisto) -  , in 1 y-bins
ToyMCSamplerOpt.cc[146] : (in function: generateAsimov) - Using internal logic for binned/unbinned Asimov dataset generation
ToyMCSamplerOpt.cc[214] : (in function: generateWithHisto) - Generating asimov with histogram for pdf pdf_binpass_SIG_obsOnly: in 1 x-bins
ToyMCSamplerOpt.cc[215] : (in function: generateWithHisto) -  , in 1 y-bins
ToyMCSamplerOpt.cc[146] : (in function: generateAsimov) - Using internal logic for binned/unbinned Asimov dataset generation
ToyMCSamplerOpt.cc[214] : (in function: generateWithHisto) - Generating asimov with histogram for pdf pdf_binpass_HIGH_obsOnly: in 3 x-bins
ToyMCSamplerOpt.cc[215] : (in function: generateWithHisto) -  , in 1 y-bins
ToyMCSamplerOpt.cc[146] : (in function: generateAsimov) - Using internal logic for binned/unbinned Asimov dataset generation
ToyMCSamplerOpt.cc[214] : (in function: generateWithHisto) - Generating asimov with histogram for pdf pdf_binfail_LOW_obsOnly: in 3 x-bins
ToyMCSamplerOpt.cc[215] : (in function: generateWithHisto) -  , in 1 y-bins
ToyMCSamplerOpt.cc[146] : (in function: generateAsimov) - Using internal logic for binned/unbinned Asimov dataset generation
ToyMCSamplerOpt.cc[214] : (in function: generateWithHisto) - Generating asimov with histogram for pdf pdf_binfail_SIG_obsOnly: in 1 x-bins
ToyMCSamplerOpt.cc[215] : (in function: generateWithHisto) -  , in 1 y-bins
ToyMCSamplerOpt.cc[146] : (in function: generateAsimov) - Using internal logic for binned/unbinned Asimov dataset generation
ToyMCSamplerOpt.cc[214] : (in function: generateWithHisto) - Generating asimov with histogram for pdf pdf_binfail_HIGH_obsOnly: in 3 x-bins
ToyMCSamplerOpt.cc[215] : (in function: generateWithHisto) -  , in 1 y-bins
AsymptoticLimits.cc[428] : (in function: runLimitExpected) - Median for expected limits = 0.535156, Sigma for expected limits = 0.273044
AsymptoticLimits.cc[191] : (in function: runLimit) - NLL at global minimum of data = -687.351 (r=2.87746e-06)
AsymptoticLimits.cc[211] : (in function: runLimit) - NLL at global minimum of asimov = -687.498 (r=1.49087e-05)
AsymptoticLimits.cc[337] : (in function: getCLs) - At r = 1.200003:	q_mu = 8.10578	q_A  = 7.28986	Pmu = 0.00218	1-Pb  = 0.43995	CLs  = 0.00495
AsymptoticLimits.cc[337] : (in function: getCLs) - At r = 0.600003:	q_mu = 4.60028	q_A  = 4.22179	Pmu = 0.01590	1-Pb  = 0.46331	CLs  = 0.03433
AsymptoticLimits.cc[337] : (in function: getCLs) - At r = 0.300003:	q_mu = 2.52004	q_A  = 2.34877	Pmu = 0.05609	1-Pb  = 0.47772	CLs  = 0.11742
AsymptoticLimits.cc[337] : (in function: getCLs) - At r = 0.466612:	q_mu = 3.71086	q_A  = 3.42699	Pmu = 0.02693	1-Pb  = 0.46944	CLs  = 0.05738
AsymptoticLimits.cc[337] : (in function: getCLs) - At r = 0.521878:	q_mu = 4.08543	q_A  = 3.76349	Pmu = 0.02154	1-Pb  = 0.46694	CLs  = 0.04613
AsymptoticLimits.cc[337] : (in function: getCLs) - At r = 0.494496:	q_mu = 3.90097	q_A  = 3.59791	Pmu = 0.02404	1-Pb  = 0.46816	CLs  = 0.05134
AsymptoticLimits.cc[337] : (in function: getCLs) - At r = 0.505399:	q_mu = 3.97467	q_A  = 3.66407	Pmu = 0.02300	1-Pb  = 0.46767	CLs  = 0.04919
AsymptoticLimits.cc[337] : (in function: getCLs) - At r = 0.499895:	q_mu = 3.93750	q_A  = 3.63071	Pmu = 0.02352	1-Pb  = 0.46792	CLs  = 0.05026
AsymptoticLimits.cc[337] : (in function: getCLs) - At r = 0.502071:	q_mu = 3.95220	q_A  = 3.64389	Pmu = 0.02331	1-Pb  = 0.46782	CLs  = 0.04984
AsymptoticLimits.cc[337] : (in function: getCLs) - At r = 0.500970:	q_mu = 3.94476	q_A  = 3.63720	Pmu = 0.02342	1-Pb  = 0.46787	CLs  = 0.05005
AsymptoticLimits.cc[337] : (in function: getCLs) - At r = 0.501405:	q_mu = 3.94770	q_A  = 3.63984	Pmu = 0.02338	1-Pb  = 0.46785	CLs  = 0.04997
AsymptoticLimits.cc[337] : (in function: getCLs) - At r = 0.501186:	q_mu = 3.94621	q_A  = 3.63850	Pmu = 0.02340	1-Pb  = 0.46786	CLs  = 0.05001
AsymptoticLimits.cc[337] : (in function: getCLs) - At r = 0.501274:	q_mu = 3.94680	q_A  = 3.63902	Pmu = 0.02339	1-Pb  = 0.46785	CLs  = 0.04999
AsymptoticLimits.cc[337] : (in function: getCLs) - At r = 0.501231:	q_mu = 3.94650	q_A  = 3.63876	Pmu = 0.02339	1-Pb  = 0.46785	CLs  = 0.05000
AsymptoticLimits.cc[337] : (in function: getCLs) - At r = 0.501249:	q_mu = 3.94662	q_A  = 3.63886	Pmu = 0.02339	1-Pb  = 0.46785	CLs  = 0.05000
AsymptoticLimits.cc[337] : (in function: getCLs) - At r = 0.501241:	q_mu = 3.94656	q_A  = 3.63881	Pmu = 0.02339	1-Pb  = 0.46785	CLs  = 0.05000
AsymptoticLimits.cc[337] : (in function: getCLs) - At r = 0.501246:	q_mu = 3.94658	q_A  = 3.63883	Pmu = 0.02339	1-Pb  = 0.46785	CLs  = 0.05000
