CascadeMinimizer.cc[188] : (in function: improveOnce) - Minimization configured with Type=Minuit2, Algo=Migrad, strategy=0, tolerance=0.1
CascadeMinimizer.cc[215] : (in function: improveOnce) - Minimization finished with status=0
CascadeMinimizer.cc[219] : (in function: improveOnce) - Minimization success! status=0
ToyMCSamplerOpt.cc[146] : (in function: generateAsimov) - Using internal logic for binned/unbinned Asimov dataset generation
ToyMCSamplerOpt.cc[214] : (in function: generateWithHisto) - Generating asimov with histogram for pdf pdf_binpass_LOW_obsOnly: in 2 x-bins
ToyMCSamplerOpt.cc[215] : (in function: generateWithHisto) -  , in 1 y-bins
ToyMCSamplerOpt.cc[146] : (in function: generateAsimov) - Using internal logic for binned/unbinned Asimov dataset generation
ToyMCSamplerOpt.cc[214] : (in function: generateWithHisto) - Generating asimov with histogram for pdf pdf_binpass_SIG_obsOnly: in 1 x-bins
ToyMCSamplerOpt.cc[215] : (in function: generateWithHisto) -  , in 1 y-bins
ToyMCSamplerOpt.cc[146] : (in function: generateAsimov) - Using internal logic for binned/unbinned Asimov dataset generation
ToyMCSamplerOpt.cc[214] : (in function: generateWithHisto) - Generating asimov with histogram for pdf pdf_binpass_HIGH_obsOnly: in 9 x-bins
ToyMCSamplerOpt.cc[215] : (in function: generateWithHisto) -  , in 1 y-bins
ToyMCSamplerOpt.cc[146] : (in function: generateAsimov) - Using internal logic for binned/unbinned Asimov dataset generation
ToyMCSamplerOpt.cc[214] : (in function: generateWithHisto) - Generating asimov with histogram for pdf pdf_binfail_LOW_obsOnly: in 2 x-bins
ToyMCSamplerOpt.cc[215] : (in function: generateWithHisto) -  , in 1 y-bins
ToyMCSamplerOpt.cc[146] : (in function: generateAsimov) - Using internal logic for binned/unbinned Asimov dataset generation
ToyMCSamplerOpt.cc[214] : (in function: generateWithHisto) - Generating asimov with histogram for pdf pdf_binfail_SIG_obsOnly: in 1 x-bins
ToyMCSamplerOpt.cc[215] : (in function: generateWithHisto) -  , in 1 y-bins
ToyMCSamplerOpt.cc[146] : (in function: generateAsimov) - Using internal logic for binned/unbinned Asimov dataset generation
ToyMCSamplerOpt.cc[214] : (in function: generateWithHisto) - Generating asimov with histogram for pdf pdf_binfail_HIGH_obsOnly: in 9 x-bins
ToyMCSamplerOpt.cc[215] : (in function: generateWithHisto) -  , in 1 y-bins
AsymptoticLimits.cc[428] : (in function: runLimitExpected) - Median for expected limits = 0.376953, Sigma for expected limits = 0.192327
AsymptoticLimits.cc[191] : (in function: runLimit) - NLL at global minimum of data = -27.518 (r=0.000942225)
AsymptoticLimits.cc[211] : (in function: runLimit) - NLL at global minimum of asimov = -27.4713 (r=0.00055946)
AsymptoticLimits.cc[337] : (in function: getCLs) - At r = 1.200942:	q_mu = 17.78437	q_A  = 17.49769	Pmu = 0.00001	1-Pb  = 0.48633	CLs  = 0.00003
AsymptoticLimits.cc[337] : (in function: getCLs) - At r = 0.600942:	q_mu = 7.51494	q_A  = 7.36437	Pmu = 0.00306	1-Pb  = 0.48893	CLs  = 0.00625
AsymptoticLimits.cc[337] : (in function: getCLs) - At r = 0.300942:	q_mu = 2.79907	q_A  = 2.75347	Pmu = 0.04715	1-Pb  = 0.49452	CLs  = 0.09535
AsymptoticLimits.cc[337] : (in function: getCLs) - At r = 0.450942:	q_mu = 5.06902	q_A  = 4.96809	Pmu = 0.01218	1-Pb  = 0.49097	CLs  = 0.02480
AsymptoticLimits.cc[337] : (in function: getCLs) - At r = 0.388461:	q_mu = 4.09424	q_A  = 4.01613	Pmu = 0.02151	1-Pb  = 0.49223	CLs  = 0.04370
AsymptoticLimits.cc[337] : (in function: getCLs) - At r = 0.358871:	q_mu = 3.64595	q_A  = 3.57890	Pmu = 0.02810	1-Pb  = 0.49293	CLs  = 0.05700
AsymptoticLimits.cc[337] : (in function: getCLs) - At r = 0.376463:	q_mu = 3.91116	q_A  = 3.83749	Pmu = 0.02398	1-Pb  = 0.49250	CLs  = 0.04869
AsymptoticLimits.cc[337] : (in function: getCLs) - At r = 0.370568:	q_mu = 3.82182	q_A  = 3.75040	Pmu = 0.02529	1-Pb  = 0.49265	CLs  = 0.05133
AsymptoticLimits.cc[337] : (in function: getCLs) - At r = 0.374092:	q_mu = 3.87515	q_A  = 3.80243	Pmu = 0.02450	1-Pb  = 0.49256	CLs  = 0.04974
AsymptoticLimits.cc[337] : (in function: getCLs) - At r = 0.372915:	q_mu = 3.85732	q_A  = 3.78502	Pmu = 0.02476	1-Pb  = 0.49259	CLs  = 0.05026
AsymptoticLimits.cc[337] : (in function: getCLs) - At r = 0.373620:	q_mu = 3.86799	q_A  = 3.79543	Pmu = 0.02460	1-Pb  = 0.49257	CLs  = 0.04995
AsymptoticLimits.cc[337] : (in function: getCLs) - At r = 0.373385:	q_mu = 3.86443	q_A  = 3.79196	Pmu = 0.02465	1-Pb  = 0.49258	CLs  = 0.05005
AsymptoticLimits.cc[337] : (in function: getCLs) - At r = 0.373526:	q_mu = 3.86657	q_A  = 3.79404	Pmu = 0.02462	1-Pb  = 0.49257	CLs  = 0.04999
AsymptoticLimits.cc[337] : (in function: getCLs) - At r = 0.373479:	q_mu = 3.86586	q_A  = 3.79335	Pmu = 0.02463	1-Pb  = 0.49257	CLs  = 0.05001
AsymptoticLimits.cc[337] : (in function: getCLs) - At r = 0.373507:	q_mu = 3.86628	q_A  = 3.79377	Pmu = 0.02463	1-Pb  = 0.49257	CLs  = 0.05000
AsymptoticLimits.cc[337] : (in function: getCLs) - At r = 0.373498:	q_mu = 3.86614	q_A  = 3.79363	Pmu = 0.02463	1-Pb  = 0.49257	CLs  = 0.05000
AsymptoticLimits.cc[337] : (in function: getCLs) - At r = 0.373504:	q_mu = 3.86623	q_A  = 3.79371	Pmu = 0.02463	1-Pb  = 0.49257	CLs  = 0.05000
