CascadeMinimizer.cc[188] : (in function: improveOnce) - Minimization configured with Type=Minuit2, Algo=Migrad, strategy=0, tolerance=0.1
CascadeMinimizer.cc[215] : (in function: improveOnce) - Minimization finished with status=0
CascadeMinimizer.cc[219] : (in function: improveOnce) - Minimization success! status=0
ToyMCSamplerOpt.cc[146] : (in function: generateAsimov) - Using internal logic for binned/unbinned Asimov dataset generation
ToyMCSamplerOpt.cc[214] : (in function: generateWithHisto) - Generating asimov with histogram for pdf pdf_binpass_LOW_obsOnly: in 3 x-bins
ToyMCSamplerOpt.cc[215] : (in function: generateWithHisto) -  , in 1 y-bins
ToyMCSamplerOpt.cc[146] : (in function: generateAsimov) - Using internal logic for binned/unbinned Asimov dataset generation
ToyMCSamplerOpt.cc[214] : (in function: generateWithHisto) - Generating asimov with histogram for pdf pdf_binpass_SIG_obsOnly: in 1 x-bins
ToyMCSamplerOpt.cc[215] : (in function: generateWithHisto) -  , in 1 y-bins
ToyMCSamplerOpt.cc[146] : (in function: generateAsimov) - Using internal logic for binned/unbinned Asimov dataset generation
ToyMCSamplerOpt.cc[214] : (in function: generateWithHisto) - Generating asimov with histogram for pdf pdf_binpass_HIGH_obsOnly: in 5 x-bins
ToyMCSamplerOpt.cc[215] : (in function: generateWithHisto) -  , in 1 y-bins
ToyMCSamplerOpt.cc[146] : (in function: generateAsimov) - Using internal logic for binned/unbinned Asimov dataset generation
ToyMCSamplerOpt.cc[214] : (in function: generateWithHisto) - Generating asimov with histogram for pdf pdf_binfail_LOW_obsOnly: in 3 x-bins
ToyMCSamplerOpt.cc[215] : (in function: generateWithHisto) -  , in 1 y-bins
ToyMCSamplerOpt.cc[146] : (in function: generateAsimov) - Using internal logic for binned/unbinned Asimov dataset generation
ToyMCSamplerOpt.cc[214] : (in function: generateWithHisto) - Generating asimov with histogram for pdf pdf_binfail_SIG_obsOnly: in 1 x-bins
ToyMCSamplerOpt.cc[215] : (in function: generateWithHisto) -  , in 1 y-bins
ToyMCSamplerOpt.cc[146] : (in function: generateAsimov) - Using internal logic for binned/unbinned Asimov dataset generation
ToyMCSamplerOpt.cc[214] : (in function: generateWithHisto) - Generating asimov with histogram for pdf pdf_binfail_HIGH_obsOnly: in 5 x-bins
ToyMCSamplerOpt.cc[215] : (in function: generateWithHisto) -  , in 1 y-bins
AsymptoticLimits.cc[428] : (in function: runLimitExpected) - Median for expected limits = 2.51562, Sigma for expected limits = 1.28351
AsymptoticLimits.cc[191] : (in function: runLimit) - NLL at global minimum of data = -41.7254 (r=2.96879e-07)
AsymptoticLimits.cc[211] : (in function: runLimit) - NLL at global minimum of asimov = -41.7106 (r=1.06951e-06)
AsymptoticLimits.cc[337] : (in function: getCLs) - At r = 1.911457:	q_mu = 3.01778	q_A  = 2.98851	Pmu = 0.04118	1-Pb  = 0.49662	CLs  = 0.08291
AsymptoticLimits.cc[337] : (in function: getCLs) - At r = 3.822915:	q_mu = 5.66110	q_A  = 5.60504	Pmu = 0.00867	1-Pb  = 0.49528	CLs  = 0.01751
AsymptoticLimits.cc[337] : (in function: getCLs) - At r = 1.911458:	q_mu = 3.01778	q_A  = 2.98860	Pmu = 0.04118	1-Pb  = 0.49663	CLs  = 0.08291
AsymptoticLimits.cc[337] : (in function: getCLs) - At r = 2.791077:	q_mu = 4.27266	q_A  = 4.23067	Pmu = 0.01936	1-Pb  = 0.49593	CLs  = 0.03905
AsymptoticLimits.cc[337] : (in function: getCLs) - At r = 2.384068:	q_mu = 3.70080	q_A  = 3.66460	Pmu = 0.02719	1-Pb  = 0.49623	CLs  = 0.05480
AsymptoticLimits.cc[337] : (in function: getCLs) - At r = 2.553488:	q_mu = 3.94060	q_A  = 3.90193	Pmu = 0.02357	1-Pb  = 0.49610	CLs  = 0.04750
AsymptoticLimits.cc[337] : (in function: getCLs) - At r = 2.470984:	q_mu = 3.82412	q_A  = 3.78661	Pmu = 0.02526	1-Pb  = 0.49616	CLs  = 0.05091
AsymptoticLimits.cc[337] : (in function: getCLs) - At r = 2.504647:	q_mu = 3.87170	q_A  = 3.83369	Pmu = 0.02455	1-Pb  = 0.49613	CLs  = 0.04949
AsymptoticLimits.cc[337] : (in function: getCLs) - At r = 2.488111:	q_mu = 3.84831	q_A  = 3.81055	Pmu = 0.02490	1-Pb  = 0.49614	CLs  = 0.05018
AsymptoticLimits.cc[337] : (in function: getCLs) - At r = 2.494845:	q_mu = 3.85781	q_A  = 3.81995	Pmu = 0.02476	1-Pb  = 0.49614	CLs  = 0.04990
AsymptoticLimits.cc[337] : (in function: getCLs) - At r = 2.491546:	q_mu = 3.85313	q_A  = 3.81533	Pmu = 0.02483	1-Pb  = 0.49614	CLs  = 0.05004
AsymptoticLimits.cc[337] : (in function: getCLs) - At r = 2.492903:	q_mu = 3.85504	q_A  = 3.81722	Pmu = 0.02480	1-Pb  = 0.49614	CLs  = 0.04998
AsymptoticLimits.cc[337] : (in function: getCLs) - At r = 2.492249:	q_mu = 3.85410	q_A  = 3.81630	Pmu = 0.02481	1-Pb  = 0.49614	CLs  = 0.05001
AsymptoticLimits.cc[337] : (in function: getCLs) - At r = 2.492526:	q_mu = 3.85448	q_A  = 3.81668	Pmu = 0.02481	1-Pb  = 0.49614	CLs  = 0.05000
AsymptoticLimits.cc[337] : (in function: getCLs) - At r = 2.492400:	q_mu = 3.85429	q_A  = 3.81650	Pmu = 0.02481	1-Pb  = 0.49614	CLs  = 0.05000
AsymptoticLimits.cc[337] : (in function: getCLs) - At r = 2.492460:	q_mu = 3.85437	q_A  = 3.81658	Pmu = 0.02481	1-Pb  = 0.49614	CLs  = 0.05000
AsymptoticLimits.cc[337] : (in function: getCLs) - At r = 2.492440:	q_mu = 3.85433	q_A  = 3.81655	Pmu = 0.02481	1-Pb  = 0.49614	CLs  = 0.05000
AsymptoticLimits.cc[337] : (in function: getCLs) - At r = 2.492450:	q_mu = 3.85434	q_A  = 3.81656	Pmu = 0.02481	1-Pb  = 0.49614	CLs  = 0.05000
