CascadeMinimizer.cc[188] : (in function: improveOnce) - Minimization configured with Type=Minuit2, Algo=Migrad, strategy=0, tolerance=0.1
CascadeMinimizer.cc[215] : (in function: improveOnce) - Minimization finished with status=0
CascadeMinimizer.cc[219] : (in function: improveOnce) - Minimization success! status=0
ToyMCSamplerOpt.cc[146] : (in function: generateAsimov) - Using internal logic for binned/unbinned Asimov dataset generation
ToyMCSamplerOpt.cc[214] : (in function: generateWithHisto) - Generating asimov with histogram for pdf pdf_binpass_LOW_obsOnly: in 2 x-bins
ToyMCSamplerOpt.cc[215] : (in function: generateWithHisto) -  , in 1 y-bins
ToyMCSamplerOpt.cc[146] : (in function: generateAsimov) - Using internal logic for binned/unbinned Asimov dataset generation
ToyMCSamplerOpt.cc[214] : (in function: generateWithHisto) - Generating asimov with histogram for pdf pdf_binpass_SIG_obsOnly: in 1 x-bins
ToyMCSamplerOpt.cc[215] : (in function: generateWithHisto) -  , in 1 y-bins
ToyMCSamplerOpt.cc[146] : (in function: generateAsimov) - Using internal logic for binned/unbinned Asimov dataset generation
ToyMCSamplerOpt.cc[214] : (in function: generateWithHisto) - Generating asimov with histogram for pdf pdf_binpass_HIGH_obsOnly: in 9 x-bins
ToyMCSamplerOpt.cc[215] : (in function: generateWithHisto) -  , in 1 y-bins
ToyMCSamplerOpt.cc[146] : (in function: generateAsimov) - Using internal logic for binned/unbinned Asimov dataset generation
ToyMCSamplerOpt.cc[214] : (in function: generateWithHisto) - Generating asimov with histogram for pdf pdf_binfail_LOW_obsOnly: in 2 x-bins
ToyMCSamplerOpt.cc[215] : (in function: generateWithHisto) -  , in 1 y-bins
ToyMCSamplerOpt.cc[146] : (in function: generateAsimov) - Using internal logic for binned/unbinned Asimov dataset generation
ToyMCSamplerOpt.cc[214] : (in function: generateWithHisto) - Generating asimov with histogram for pdf pdf_binfail_SIG_obsOnly: in 1 x-bins
ToyMCSamplerOpt.cc[215] : (in function: generateWithHisto) -  , in 1 y-bins
ToyMCSamplerOpt.cc[146] : (in function: generateAsimov) - Using internal logic for binned/unbinned Asimov dataset generation
ToyMCSamplerOpt.cc[214] : (in function: generateWithHisto) - Generating asimov with histogram for pdf pdf_binfail_HIGH_obsOnly: in 9 x-bins
ToyMCSamplerOpt.cc[215] : (in function: generateWithHisto) -  , in 1 y-bins
AsymptoticLimits.cc[428] : (in function: runLimitExpected) - Median for expected limits = 0.378906, Sigma for expected limits = 0.193323
AsymptoticLimits.cc[191] : (in function: runLimit) - NLL at global minimum of data = -27.4665 (r=0.0353883)
AsymptoticLimits.cc[211] : (in function: runLimit) - NLL at global minimum of asimov = -27.6902 (r=0.00629301)
AsymptoticLimits.cc[337] : (in function: getCLs) - At r = 1.235388:	q_mu = 17.91230	q_A  = 18.21616	Pmu = 0.00001	1-Pb  = 0.51426	CLs  = 0.00002
AsymptoticLimits.cc[337] : (in function: getCLs) - At r = 0.635388:	q_mu = 7.57121	q_A  = 7.94059	Pmu = 0.00297	1-Pb  = 0.52644	CLs  = 0.00563
AsymptoticLimits.cc[337] : (in function: getCLs) - At r = 0.335388:	q_mu = 2.82662	q_A  = 3.18585	Pmu = 0.04636	1-Pb  = 0.54127	CLs  = 0.08564
AsymptoticLimits.cc[337] : (in function: getCLs) - At r = 0.485388:	q_mu = 5.10904	q_A  = 5.48371	Pmu = 0.01190	1-Pb  = 0.53244	CLs  = 0.02235
AsymptoticLimits.cc[337] : (in function: getCLs) - At r = 0.413464:	q_mu = 3.98344	q_A  = 4.35432	Pmu = 0.02297	1-Pb  = 0.53619	CLs  = 0.04285
AsymptoticLimits.cc[337] : (in function: getCLs) - At r = 0.383927:	q_mu = 3.53650	q_A  = 3.90404	Pmu = 0.03002	1-Pb  = 0.53796	CLs  = 0.05580
AsymptoticLimits.cc[337] : (in function: getCLs) - At r = 0.399649:	q_mu = 3.77318	q_A  = 4.14242	Pmu = 0.02604	1-Pb  = 0.53698	CLs  = 0.04849
AsymptoticLimits.cc[337] : (in function: getCLs) - At r = 0.393762:	q_mu = 3.68417	q_A  = 4.05268	Pmu = 0.02747	1-Pb  = 0.53733	CLs  = 0.05112
AsymptoticLimits.cc[337] : (in function: getCLs) - At r = 0.396913:	q_mu = 3.73173	q_A  = 4.10054	Pmu = 0.02669	1-Pb  = 0.53713	CLs  = 0.04970
AsymptoticLimits.cc[337] : (in function: getCLs) - At r = 0.395739:	q_mu = 3.71401	q_A  = 4.08267	Pmu = 0.02698	1-Pb  = 0.53720	CLs  = 0.05022
AsymptoticLimits.cc[337] : (in function: getCLs) - At r = 0.396369:	q_mu = 3.72351	q_A  = 4.09227	Pmu = 0.02683	1-Pb  = 0.53717	CLs  = 0.04994
AsymptoticLimits.cc[337] : (in function: getCLs) - At r = 0.396134:	q_mu = 3.71996	q_A  = 4.08869	Pmu = 0.02688	1-Pb  = 0.53718	CLs  = 0.05004
AsymptoticLimits.cc[337] : (in function: getCLs) - At r = 0.396261:	q_mu = 3.72189	q_A  = 4.09061	Pmu = 0.02685	1-Pb  = 0.53717	CLs  = 0.04999
AsymptoticLimits.cc[337] : (in function: getCLs) - At r = 0.396213:	q_mu = 3.72115	q_A  = 4.08989	Pmu = 0.02686	1-Pb  = 0.53717	CLs  = 0.05001
AsymptoticLimits.cc[337] : (in function: getCLs) - At r = 0.396239:	q_mu = 3.72154	q_A  = 4.09029	Pmu = 0.02686	1-Pb  = 0.53717	CLs  = 0.05000
AsymptoticLimits.cc[337] : (in function: getCLs) - At r = 0.396229:	q_mu = 3.72141	q_A  = 4.09013	Pmu = 0.02686	1-Pb  = 0.53717	CLs  = 0.05000
AsymptoticLimits.cc[337] : (in function: getCLs) - At r = 0.396234:	q_mu = 3.72147	q_A  = 4.09021	Pmu = 0.02686	1-Pb  = 0.53717	CLs  = 0.05000
