CascadeMinimizer.cc[188] : (in function: improveOnce) - Minimization configured with Type=Minuit2, Algo=Migrad, strategy=0, tolerance=0.1
CascadeMinimizer.cc[215] : (in function: improveOnce) - Minimization finished with status=0
CascadeMinimizer.cc[219] : (in function: improveOnce) - Minimization success! status=0
ToyMCSamplerOpt.cc[146] : (in function: generateAsimov) - Using internal logic for binned/unbinned Asimov dataset generation
ToyMCSamplerOpt.cc[214] : (in function: generateWithHisto) - Generating asimov with histogram for pdf pdf_binpass_LOW_obsOnly: in 2 x-bins
ToyMCSamplerOpt.cc[215] : (in function: generateWithHisto) -  , in 1 y-bins
ToyMCSamplerOpt.cc[146] : (in function: generateAsimov) - Using internal logic for binned/unbinned Asimov dataset generation
ToyMCSamplerOpt.cc[214] : (in function: generateWithHisto) - Generating asimov with histogram for pdf pdf_binpass_SIG_obsOnly: in 1 x-bins
ToyMCSamplerOpt.cc[215] : (in function: generateWithHisto) -  , in 1 y-bins
ToyMCSamplerOpt.cc[146] : (in function: generateAsimov) - Using internal logic for binned/unbinned Asimov dataset generation
ToyMCSamplerOpt.cc[214] : (in function: generateWithHisto) - Generating asimov with histogram for pdf pdf_binpass_HIGH_obsOnly: in 9 x-bins
ToyMCSamplerOpt.cc[215] : (in function: generateWithHisto) -  , in 1 y-bins
ToyMCSamplerOpt.cc[146] : (in function: generateAsimov) - Using internal logic for binned/unbinned Asimov dataset generation
ToyMCSamplerOpt.cc[214] : (in function: generateWithHisto) - Generating asimov with histogram for pdf pdf_binfail_LOW_obsOnly: in 2 x-bins
ToyMCSamplerOpt.cc[215] : (in function: generateWithHisto) -  , in 1 y-bins
ToyMCSamplerOpt.cc[146] : (in function: generateAsimov) - Using internal logic for binned/unbinned Asimov dataset generation
ToyMCSamplerOpt.cc[214] : (in function: generateWithHisto) - Generating asimov with histogram for pdf pdf_binfail_SIG_obsOnly: in 1 x-bins
ToyMCSamplerOpt.cc[215] : (in function: generateWithHisto) -  , in 1 y-bins
ToyMCSamplerOpt.cc[146] : (in function: generateAsimov) - Using internal logic for binned/unbinned Asimov dataset generation
ToyMCSamplerOpt.cc[214] : (in function: generateWithHisto) - Generating asimov with histogram for pdf pdf_binfail_HIGH_obsOnly: in 9 x-bins
ToyMCSamplerOpt.cc[215] : (in function: generateWithHisto) -  , in 1 y-bins
AsymptoticLimits.cc[428] : (in function: runLimitExpected) - Median for expected limits = 2.125, Sigma for expected limits = 1.0842
AsymptoticLimits.cc[191] : (in function: runLimit) - NLL at global minimum of data = -21.5438 (r=3.29388e-07)
AsymptoticLimits.cc[211] : (in function: runLimit) - NLL at global minimum of asimov = -21.0737 (r=4.43547e-08)
AsymptoticLimits.cc[337] : (in function: getCLs) - At r = 1.256548:	q_mu = 2.86524	q_A  = 2.20070	Pmu = 0.04387	1-Pb  = 0.41139	CLs  = 0.10664
AsymptoticLimits.cc[337] : (in function: getCLs) - At r = 2.513097:	q_mu = 5.48656	q_A  = 4.57362	Pmu = 0.00934	1-Pb  = 0.41549	CLs  = 0.02247
AsymptoticLimits.cc[337] : (in function: getCLs) - At r = 1.256549:	q_mu = 2.86522	q_A  = 2.19720	Pmu = 0.04385	1-Pb  = 0.41086	CLs  = 0.10673
AsymptoticLimits.cc[337] : (in function: getCLs) - At r = 1.997054:	q_mu = 4.43532	q_A  = 3.60651	Pmu = 0.01712	1-Pb  = 0.41363	CLs  = 0.04138
AsymptoticLimits.cc[337] : (in function: getCLs) - At r = 1.730687:	q_mu = 3.87928	q_A  = 3.10148	Pmu = 0.02374	1-Pb  = 0.41261	CLs  = 0.05754
AsymptoticLimits.cc[337] : (in function: getCLs) - At r = 1.874794:	q_mu = 4.18130	q_A  = 3.37408	Pmu = 0.01986	1-Pb  = 0.41304	CLs  = 0.04809
AsymptoticLimits.cc[337] : (in function: getCLs) - At r = 1.820942:	q_mu = 4.06878	q_A  = 3.27178	Pmu = 0.02122	1-Pb  = 0.41281	CLs  = 0.05141
AsymptoticLimits.cc[337] : (in function: getCLs) - At r = 1.849659:	q_mu = 4.12881	q_A  = 3.32614	Pmu = 0.02049	1-Pb  = 0.41291	CLs  = 0.04961
AsymptoticLimits.cc[337] : (in function: getCLs) - At r = 1.838885:	q_mu = 4.10629	q_A  = 3.30565	Pmu = 0.02076	1-Pb  = 0.41287	CLs  = 0.05028
AsymptoticLimits.cc[337] : (in function: getCLs) - At r = 1.844633:	q_mu = 4.11835	q_A  = 3.31649	Pmu = 0.02061	1-Pb  = 0.41288	CLs  = 0.04992
AsymptoticLimits.cc[337] : (in function: getCLs) - At r = 1.842478:	q_mu = 4.11380	q_A  = 3.31244	Pmu = 0.02067	1-Pb  = 0.41288	CLs  = 0.05006
AsymptoticLimits.cc[337] : (in function: getCLs) - At r = 1.843630:	q_mu = 4.11621	q_A  = 3.31469	Pmu = 0.02064	1-Pb  = 0.41289	CLs  = 0.04998
AsymptoticLimits.cc[337] : (in function: getCLs) - At r = 1.843195:	q_mu = 4.11530	q_A  = 3.31396	Pmu = 0.02065	1-Pb  = 0.41290	CLs  = 0.05001
AsymptoticLimits.cc[337] : (in function: getCLs) - At r = 1.843416:	q_mu = 4.11576	q_A  = 3.31448	Pmu = 0.02064	1-Pb  = 0.41291	CLs  = 0.05000
AsymptoticLimits.cc[337] : (in function: getCLs) - At r = 1.843315:	q_mu = 4.11555	q_A  = 3.31441	Pmu = 0.02065	1-Pb  = 0.41293	CLs  = 0.05000
AsymptoticLimits.cc[337] : (in function: getCLs) - At r = 1.843340:	q_mu = 4.11564	q_A  = 3.31436	Pmu = 0.02065	1-Pb  = 0.41291	CLs  = 0.05000
AsymptoticLimits.cc[337] : (in function: getCLs) - At r = 1.843324:	q_mu = 4.11557	q_A  = 3.31444	Pmu = 0.02065	1-Pb  = 0.41293	CLs  = 0.05000
AsymptoticLimits.cc[337] : (in function: getCLs) - At r = 1.843320:	q_mu = 4.11556	q_A  = 3.31454	Pmu = 0.02065	1-Pb  = 0.41294	CLs  = 0.05000
