CascadeMinimizer.cc[188] : (in function: improveOnce) - Minimization configured with Type=Minuit2, Algo=Migrad, strategy=0, tolerance=0.1
CascadeMinimizer.cc[215] : (in function: improveOnce) - Minimization finished with status=0
CascadeMinimizer.cc[219] : (in function: improveOnce) - Minimization success! status=0
ToyMCSamplerOpt.cc[146] : (in function: generateAsimov) - Using internal logic for binned/unbinned Asimov dataset generation
ToyMCSamplerOpt.cc[214] : (in function: generateWithHisto) - Generating asimov with histogram for pdf pdf_binpass_LOW_obsOnly: in 3 x-bins
ToyMCSamplerOpt.cc[215] : (in function: generateWithHisto) -  , in 1 y-bins
ToyMCSamplerOpt.cc[146] : (in function: generateAsimov) - Using internal logic for binned/unbinned Asimov dataset generation
ToyMCSamplerOpt.cc[214] : (in function: generateWithHisto) - Generating asimov with histogram for pdf pdf_binpass_SIG_obsOnly: in 1 x-bins
ToyMCSamplerOpt.cc[215] : (in function: generateWithHisto) -  , in 1 y-bins
ToyMCSamplerOpt.cc[146] : (in function: generateAsimov) - Using internal logic for binned/unbinned Asimov dataset generation
ToyMCSamplerOpt.cc[214] : (in function: generateWithHisto) - Generating asimov with histogram for pdf pdf_binpass_HIGH_obsOnly: in 3 x-bins
ToyMCSamplerOpt.cc[215] : (in function: generateWithHisto) -  , in 1 y-bins
ToyMCSamplerOpt.cc[146] : (in function: generateAsimov) - Using internal logic for binned/unbinned Asimov dataset generation
ToyMCSamplerOpt.cc[214] : (in function: generateWithHisto) - Generating asimov with histogram for pdf pdf_binfail_LOW_obsOnly: in 3 x-bins
ToyMCSamplerOpt.cc[215] : (in function: generateWithHisto) -  , in 1 y-bins
ToyMCSamplerOpt.cc[146] : (in function: generateAsimov) - Using internal logic for binned/unbinned Asimov dataset generation
ToyMCSamplerOpt.cc[214] : (in function: generateWithHisto) - Generating asimov with histogram for pdf pdf_binfail_SIG_obsOnly: in 1 x-bins
ToyMCSamplerOpt.cc[215] : (in function: generateWithHisto) -  , in 1 y-bins
ToyMCSamplerOpt.cc[146] : (in function: generateAsimov) - Using internal logic for binned/unbinned Asimov dataset generation
ToyMCSamplerOpt.cc[214] : (in function: generateWithHisto) - Generating asimov with histogram for pdf pdf_binfail_HIGH_obsOnly: in 3 x-bins
ToyMCSamplerOpt.cc[215] : (in function: generateWithHisto) -  , in 1 y-bins
AsymptoticLimits.cc[428] : (in function: runLimitExpected) - Median for expected limits = 1.02344, Sigma for expected limits = 0.522172
AsymptoticLimits.cc[191] : (in function: runLimit) - NLL at global minimum of data = -691.296 (r=2.27034e-07)
AsymptoticLimits.cc[211] : (in function: runLimit) - NLL at global minimum of asimov = -691.148 (r=3.0989e-05)
AsymptoticLimits.cc[337] : (in function: getCLs) - At r = 1.200000:	q_mu = 5.83937	q_A  = 4.75666	Pmu = 0.00757	1-Pb  = 0.40198	CLs  = 0.01882
AsymptoticLimits.cc[337] : (in function: getCLs) - At r = 0.600000:	q_mu = 2.73389	q_A  = 1.70832	Pmu = 0.04463	1-Pb  = 0.34741	CLs  = 0.12845
AsymptoticLimits.cc[337] : (in function: getCLs) - At r = 0.955822:	q_mu = 3.86028	q_A  = 3.47908	Pmu = 0.02457	1-Pb  = 0.45931	CLs  = 0.05349
AsymptoticLimits.cc[337] : (in function: getCLs) - At r = 1.017274:	q_mu = 4.10456	q_A  = 3.79986	Pmu = 0.02131	1-Pb  = 0.46885	CLs  = 0.04544
AsymptoticLimits.cc[337] : (in function: getCLs) - At r = 0.988458:	q_mu = 3.98848	q_A  = 3.64925	Pmu = 0.02280	1-Pb  = 0.46462	CLs  = 0.04907
AsymptoticLimits.cc[337] : (in function: getCLs) - At r = 0.976247:	q_mu = 3.94016	q_A  = 3.58550	Pmu = 0.02345	1-Pb  = 0.46269	CLs  = 0.05068
AsymptoticLimits.cc[337] : (in function: getCLs) - At r = 0.982787:	q_mu = 3.96597	q_A  = 3.61963	Pmu = 0.02310	1-Pb  = 0.46374	CLs  = 0.04981
AsymptoticLimits.cc[337] : (in function: getCLs) - At r = 0.980350:	q_mu = 3.95631	q_A  = 3.60690	Pmu = 0.02323	1-Pb  = 0.46335	CLs  = 0.05014
AsymptoticLimits.cc[337] : (in function: getCLs) - At r = 0.981660:	q_mu = 3.96149	q_A  = 3.61374	Pmu = 0.02316	1-Pb  = 0.46356	CLs  = 0.04996
AsymptoticLimits.cc[337] : (in function: getCLs) - At r = 0.981173:	q_mu = 3.95956	q_A  = 3.61120	Pmu = 0.02319	1-Pb  = 0.46348	CLs  = 0.05003
AsymptoticLimits.cc[337] : (in function: getCLs) - At r = 0.981436:	q_mu = 3.96059	q_A  = 3.61257	Pmu = 0.02317	1-Pb  = 0.46353	CLs  = 0.04999
AsymptoticLimits.cc[337] : (in function: getCLs) - At r = 0.981339:	q_mu = 3.96021	q_A  = 3.61207	Pmu = 0.02318	1-Pb  = 0.46351	CLs  = 0.05001
AsymptoticLimits.cc[337] : (in function: getCLs) - At r = 0.981392:	q_mu = 3.96041	q_A  = 3.61254	Pmu = 0.02318	1-Pb  = 0.46354	CLs  = 0.05000
AsymptoticLimits.cc[337] : (in function: getCLs) - At r = 0.981366:	q_mu = 3.96030	q_A  = 3.61236	Pmu = 0.02318	1-Pb  = 0.46353	CLs  = 0.05000
AsymptoticLimits.cc[337] : (in function: getCLs) - At r = 0.981374:	q_mu = 3.96033	q_A  = 3.61274	Pmu = 0.02318	1-Pb  = 0.46357	CLs  = 0.05000
AsymptoticLimits.cc[337] : (in function: getCLs) - At r = 0.981368:	q_mu = 3.96031	q_A  = 3.61264	Pmu = 0.02318	1-Pb  = 0.46356	CLs  = 0.05000
