CascadeMinimizer.cc[188] : (in function: improveOnce) - Minimization configured with Type=Minuit2, Algo=Migrad, strategy=0, tolerance=0.1
CascadeMinimizer.cc[215] : (in function: improveOnce) - Minimization finished with status=0
CascadeMinimizer.cc[219] : (in function: improveOnce) - Minimization success! status=0
ToyMCSamplerOpt.cc[146] : (in function: generateAsimov) - Using internal logic for binned/unbinned Asimov dataset generation
ToyMCSamplerOpt.cc[214] : (in function: generateWithHisto) - Generating asimov with histogram for pdf pdf_binpass_LOW_obsOnly: in 3 x-bins
ToyMCSamplerOpt.cc[215] : (in function: generateWithHisto) -  , in 1 y-bins
ToyMCSamplerOpt.cc[146] : (in function: generateAsimov) - Using internal logic for binned/unbinned Asimov dataset generation
ToyMCSamplerOpt.cc[214] : (in function: generateWithHisto) - Generating asimov with histogram for pdf pdf_binpass_SIG_obsOnly: in 1 x-bins
ToyMCSamplerOpt.cc[215] : (in function: generateWithHisto) -  , in 1 y-bins
ToyMCSamplerOpt.cc[146] : (in function: generateAsimov) - Using internal logic for binned/unbinned Asimov dataset generation
ToyMCSamplerOpt.cc[214] : (in function: generateWithHisto) - Generating asimov with histogram for pdf pdf_binpass_HIGH_obsOnly: in 5 x-bins
ToyMCSamplerOpt.cc[215] : (in function: generateWithHisto) -  , in 1 y-bins
ToyMCSamplerOpt.cc[146] : (in function: generateAsimov) - Using internal logic for binned/unbinned Asimov dataset generation
ToyMCSamplerOpt.cc[214] : (in function: generateWithHisto) - Generating asimov with histogram for pdf pdf_binfail_LOW_obsOnly: in 3 x-bins
ToyMCSamplerOpt.cc[215] : (in function: generateWithHisto) -  , in 1 y-bins
ToyMCSamplerOpt.cc[146] : (in function: generateAsimov) - Using internal logic for binned/unbinned Asimov dataset generation
ToyMCSamplerOpt.cc[214] : (in function: generateWithHisto) - Generating asimov with histogram for pdf pdf_binfail_SIG_obsOnly: in 1 x-bins
ToyMCSamplerOpt.cc[215] : (in function: generateWithHisto) -  , in 1 y-bins
ToyMCSamplerOpt.cc[146] : (in function: generateAsimov) - Using internal logic for binned/unbinned Asimov dataset generation
ToyMCSamplerOpt.cc[214] : (in function: generateWithHisto) - Generating asimov with histogram for pdf pdf_binfail_HIGH_obsOnly: in 5 x-bins
ToyMCSamplerOpt.cc[215] : (in function: generateWithHisto) -  , in 1 y-bins
AsymptoticLimits.cc[428] : (in function: runLimitExpected) - Median for expected limits = 0.621094, Sigma for expected limits = 0.31689
AsymptoticLimits.cc[191] : (in function: runLimit) - NLL at global minimum of data = -761.029 (r=1.52095e-06)
AsymptoticLimits.cc[211] : (in function: runLimit) - NLL at global minimum of asimov = -760.017 (r=5.74743e-07)
AsymptoticLimits.cc[337] : (in function: getCLs) - At r = 1.200002:	q_mu = 10.55942	q_A  = 7.95168	Pmu = 0.00051	1-Pb  = 0.32190	CLs  = 0.00160
AsymptoticLimits.cc[337] : (in function: getCLs) - At r = 0.600002:	q_mu = 5.58409	q_A  = 3.69768	Pmu = 0.00790	1-Pb  = 0.31189	CLs  = 0.02533
AsymptoticLimits.cc[337] : (in function: getCLs) - At r = 0.300002:	q_mu = 2.88399	q_A  = 1.71327	Pmu = 0.03953	1-Pb  = 0.32736	CLs  = 0.12076
AsymptoticLimits.cc[337] : (in function: getCLs) - At r = 0.435518:	q_mu = 4.12305	q_A  = 2.58172	Pmu = 0.01847	1-Pb  = 0.31574	CLs  = 0.05850
AsymptoticLimits.cc[337] : (in function: getCLs) - At r = 0.493100:	q_mu = 4.63958	q_A  = 2.96405	Pmu = 0.01361	1-Pb  = 0.31327	CLs  = 0.04346
AsymptoticLimits.cc[337] : (in function: getCLs) - At r = 0.459847:	q_mu = 4.34177	q_A  = 2.74184	Pmu = 0.01622	1-Pb  = 0.31451	CLs  = 0.05157
AsymptoticLimits.cc[337] : (in function: getCLs) - At r = 0.471303:	q_mu = 4.44457	q_A  = 2.81799	Pmu = 0.01526	1-Pb  = 0.31402	CLs  = 0.04861
AsymptoticLimits.cc[337] : (in function: getCLs) - At r = 0.464638:	q_mu = 4.38482	q_A  = 2.77367	Pmu = 0.01581	1-Pb  = 0.31430	CLs  = 0.05031
AsymptoticLimits.cc[337] : (in function: getCLs) - At r = 0.466924:	q_mu = 4.40531	q_A  = 2.78885	Pmu = 0.01562	1-Pb  = 0.31420	CLs  = 0.04972
AsymptoticLimits.cc[337] : (in function: getCLs) - At r = 0.465591:	q_mu = 4.39336	q_A  = 2.78000	Pmu = 0.01573	1-Pb  = 0.31426	CLs  = 0.05006
AsymptoticLimits.cc[337] : (in function: getCLs) - At r = 0.466049:	q_mu = 4.39746	q_A  = 2.78301	Pmu = 0.01569	1-Pb  = 0.31424	CLs  = 0.04994
AsymptoticLimits.cc[337] : (in function: getCLs) - At r = 0.465783:	q_mu = 4.39507	q_A  = 2.78123	Pmu = 0.01572	1-Pb  = 0.31425	CLs  = 0.05001
AsymptoticLimits.cc[337] : (in function: getCLs) - At r = 0.465875:	q_mu = 4.39590	q_A  = 2.78184	Pmu = 0.01571	1-Pb  = 0.31424	CLs  = 0.04999
AsymptoticLimits.cc[337] : (in function: getCLs) - At r = 0.465822:	q_mu = 4.39542	q_A  = 2.78149	Pmu = 0.01571	1-Pb  = 0.31424	CLs  = 0.05000
AsymptoticLimits.cc[337] : (in function: getCLs) - At r = 0.465840:	q_mu = 4.39559	q_A  = 2.78161	Pmu = 0.01571	1-Pb  = 0.31424	CLs  = 0.05000
AsymptoticLimits.cc[337] : (in function: getCLs) - At r = 0.465830:	q_mu = 4.39549	q_A  = 2.78154	Pmu = 0.01571	1-Pb  = 0.31424	CLs  = 0.05000
AsymptoticLimits.cc[337] : (in function: getCLs) - At r = 0.465833:	q_mu = 4.39553	q_A  = 2.78157	Pmu = 0.01571	1-Pb  = 0.31424	CLs  = 0.05000
AsymptoticLimits.cc[337] : (in function: getCLs) - At r = 0.465831:	q_mu = 4.39551	q_A  = 2.78155	Pmu = 0.01571	1-Pb  = 0.31424	CLs  = 0.05000
