 <<< Combine >>> 
 <<< v10.0.1 >>>
>>> Random number generator seed is 123456
>>> Method used is FitDiagnostics
Set Default Value of Parameter mask_pass_SIG To : 1
Set Default Value of Parameter mask_pass_HIGH To : 1
Set Default Value of Parameter r To : 1
>>> 2 out of 6 channels masked

>> Found 15 floating parameters
>> The following parameters are protected in the event of negative eigenvalues:
>> Verifying eigenvalues are all positive (iteration 0)
Eigenvalue 14 : -0.00468799
 - 0.608246	CMS_EXO26004_Background_rpf_2x0_par3
 - 0.558654	CMS_EXO26004_Background_rpf_2x0_par2
 - -0.496371	CMS_EXO26004_Background_rpf_2x0_par1
 - -0.267505	CMS_EXO26004_Background_rpf_2x0_par0
 - 0.000703685	CMS_EXO26004_Background_fail_LOW_bin_2-1
>> Attempt 0 failed, remove the variable with largest eigenvector component...
>> Dropping CMS_EXO26004_Background_rpf_2x0_par3 from the hessian
>> Verifying eigenvalues are all positive (iteration 1)
>> All eigenvalues are positive
>> Inverting Hessian...
>> Matrix inverted
>> Note: the following parameters were dropped to make the covariance matrix pos-def:
     - CMS_EXO26004_Background_rpf_2x0_par3
 Fit B-only, status = 0, numBadNLL = 0, covariance quality = -1
Running Minos for POI r
>> Found 16 floating parameters
>> The following parameters are protected in the event of negative eigenvalues: r
>> Verifying eigenvalues are all positive (iteration 0)
Eigenvalue 14 : -0.00207368
 - -0.944298	r
 - 0.21197	CMS_EXO26004_Background_rpf_2x0_par1
 - 0.162728	CMS_EXO26004_Background_rpf_2x0_par2
 - 0.111125	CMS_EXO26004_Background_fail_HIGH_bin_3-1
 - 0.0868752	pT
Eigenvalue 15 : -0.00458814
 - 0.5989	CMS_EXO26004_Background_rpf_2x0_par3
 - 0.570335	CMS_EXO26004_Background_rpf_2x0_par2
 - -0.488509	CMS_EXO26004_Background_rpf_2x0_par1
 - -0.273816	CMS_EXO26004_Background_rpf_2x0_par0
 - -0.0482621	r
>> Attempt 0 failed, remove the variable with largest eigenvector component...
>> Dropping CMS_EXO26004_Background_rpf_2x0_par3 from the hessian
>> Verifying eigenvalues are all positive (iteration 1)
Eigenvalue 14 : -0.00212483
 - 0.930367	r
 - -0.294642	CMS_EXO26004_Background_rpf_2x0_par2
 - -0.123676	CMS_EXO26004_Background_rpf_2x0_par1
 - -0.109464	CMS_EXO26004_Background_fail_HIGH_bin_3-1
 - -0.0858236	pT
>> Attempt 1 failed, remove the variable with largest eigenvector component...
>> Dropping CMS_EXO26004_Background_rpf_2x0_par2 from the hessian
>> Verifying eigenvalues are all positive (iteration 2)
Eigenvalue 13 : -0.00184936
 - -0.950539	r
 - 0.236855	CMS_EXO26004_Background_rpf_2x0_par1
 - 0.111977	CMS_EXO26004_Background_fail_HIGH_bin_3-1
 - -0.0960709	CMS_EXO26004_Background_rpf_2x0_par0
 - 0.0870385	pT
>> Attempt 2 failed, remove the variable with largest eigenvector component...
>> Dropping CMS_EXO26004_Background_rpf_2x0_par1 from the hessian
>> Verifying eigenvalues are all positive (iteration 3)
>> All eigenvalues are positive
>> Inverting Hessian...
>> Matrix inverted
>> Note: the following parameters were dropped to make the covariance matrix pos-def:
     - CMS_EXO26004_Background_rpf_2x0_par3
     - CMS_EXO26004_Background_rpf_2x0_par2
     - CMS_EXO26004_Background_rpf_2x0_par1
Fit S+B, status = 0, numBadNLL = 0, covariance quality = -1

 --- FitDiagnostics ---
Best fit r: 50  -50/+2.64683e-05  (68% CL)
Done in 0.01 min (cpu), 0.01 min (real)
27 log messages saved to combine_logger.out
