CascadeMinimizer.cc[188] : (in function: improveOnce) - Minimization configured with Type=Minuit2, Algo=Migrad, strategy=0, tolerance=0.1
CascadeMinimizer.cc[215] : (in function: improveOnce) - Minimization finished with status=0
CascadeMinimizer.cc[219] : (in function: improveOnce) - Minimization success! status=0
ToyMCSamplerOpt.cc[146] : (in function: generateAsimov) - Using internal logic for binned/unbinned Asimov dataset generation
ToyMCSamplerOpt.cc[214] : (in function: generateWithHisto) - Generating asimov with histogram for pdf pdf_binpass_LOW_obsOnly: in 3 x-bins
ToyMCSamplerOpt.cc[215] : (in function: generateWithHisto) -  , in 1 y-bins
ToyMCSamplerOpt.cc[146] : (in function: generateAsimov) - Using internal logic for binned/unbinned Asimov dataset generation
ToyMCSamplerOpt.cc[214] : (in function: generateWithHisto) - Generating asimov with histogram for pdf pdf_binpass_SIG_obsOnly: in 1 x-bins
ToyMCSamplerOpt.cc[215] : (in function: generateWithHisto) -  , in 1 y-bins
ToyMCSamplerOpt.cc[146] : (in function: generateAsimov) - Using internal logic for binned/unbinned Asimov dataset generation
ToyMCSamplerOpt.cc[214] : (in function: generateWithHisto) - Generating asimov with histogram for pdf pdf_binpass_HIGH_obsOnly: in 5 x-bins
ToyMCSamplerOpt.cc[215] : (in function: generateWithHisto) -  , in 1 y-bins
ToyMCSamplerOpt.cc[146] : (in function: generateAsimov) - Using internal logic for binned/unbinned Asimov dataset generation
ToyMCSamplerOpt.cc[214] : (in function: generateWithHisto) - Generating asimov with histogram for pdf pdf_binfail_LOW_obsOnly: in 3 x-bins
ToyMCSamplerOpt.cc[215] : (in function: generateWithHisto) -  , in 1 y-bins
ToyMCSamplerOpt.cc[146] : (in function: generateAsimov) - Using internal logic for binned/unbinned Asimov dataset generation
ToyMCSamplerOpt.cc[214] : (in function: generateWithHisto) - Generating asimov with histogram for pdf pdf_binfail_SIG_obsOnly: in 1 x-bins
ToyMCSamplerOpt.cc[215] : (in function: generateWithHisto) -  , in 1 y-bins
ToyMCSamplerOpt.cc[146] : (in function: generateAsimov) - Using internal logic for binned/unbinned Asimov dataset generation
ToyMCSamplerOpt.cc[214] : (in function: generateWithHisto) - Generating asimov with histogram for pdf pdf_binfail_HIGH_obsOnly: in 5 x-bins
ToyMCSamplerOpt.cc[215] : (in function: generateWithHisto) -  , in 1 y-bins
AsymptoticLimits.cc[428] : (in function: runLimitExpected) - Median for expected limits = 1.22656, Sigma for expected limits = 0.625809
AsymptoticLimits.cc[191] : (in function: runLimit) - NLL at global minimum of data = -761.81 (r=3.60821e-08)
AsymptoticLimits.cc[211] : (in function: runLimit) - NLL at global minimum of asimov = -760.532 (r=1.76289e-05)
AsymptoticLimits.cc[337] : (in function: getCLs) - At r = 1.200000:	q_mu = 9.20359	q_A  = 3.69539	Pmu = 0.00040	1-Pb  = 0.07597	CLs  = 0.00522
AsymptoticLimits.cc[337] : (in function: getCLs) - At r = 0.600000:	q_mu = 4.54268	q_A  = 0.84665	Pmu = 0.00170	1-Pb  = 0.02230	CLs  = 0.07636
AsymptoticLimits.cc[337] : (in function: getCLs) - At r = 0.900000:	q_mu = 6.88143	q_A  = 2.10072	Pmu = 0.00097	1-Pb  = 0.04955	CLs  = 0.01962
AsymptoticLimits.cc[337] : (in function: getCLs) - At r = 0.734778:	q_mu = 5.59300	q_A  = 1.34783	Pmu = 0.00140	1-Pb  = 0.03375	CLs  = 0.04143
AsymptoticLimits.cc[337] : (in function: getCLs) - At r = 0.674658:	q_mu = 5.12380	q_A  = 1.10878	Pmu = 0.00154	1-Pb  = 0.02829	CLs  = 0.05446
AsymptoticLimits.cc[337] : (in function: getCLs) - At r = 0.701702:	q_mu = 5.33417	q_A  = 1.21358	Pmu = 0.00148	1-Pb  = 0.03073	CLs  = 0.04817
AsymptoticLimits.cc[337] : (in function: getCLs) - At r = 0.689715:	q_mu = 5.24069	q_A  = 1.16652	Pmu = 0.00151	1-Pb  = 0.02964	CLs  = 0.05087
AsymptoticLimits.cc[337] : (in function: getCLs) - At r = 0.695139:	q_mu = 5.28295	q_A  = 1.18768	Pmu = 0.00150	1-Pb  = 0.03013	CLs  = 0.04963
AsymptoticLimits.cc[337] : (in function: getCLs) - At r = 0.692743:	q_mu = 5.26428	q_A  = 1.17830	Pmu = 0.00150	1-Pb  = 0.02991	CLs  = 0.05017
AsymptoticLimits.cc[337] : (in function: getCLs) - At r = 0.693829:	q_mu = 5.27274	q_A  = 1.18255	Pmu = 0.00150	1-Pb  = 0.03001	CLs  = 0.04993
AsymptoticLimits.cc[337] : (in function: getCLs) - At r = 0.693350:	q_mu = 5.26900	q_A  = 1.18067	Pmu = 0.00150	1-Pb  = 0.02997	CLs  = 0.05003
AsymptoticLimits.cc[337] : (in function: getCLs) - At r = 0.693567:	q_mu = 5.27070	q_A  = 1.18152	Pmu = 0.00150	1-Pb  = 0.02999	CLs  = 0.04999
AsymptoticLimits.cc[337] : (in function: getCLs) - At r = 0.693471:	q_mu = 5.26995	q_A  = 1.18115	Pmu = 0.00150	1-Pb  = 0.02998	CLs  = 0.05001
AsymptoticLimits.cc[337] : (in function: getCLs) - At r = 0.693515:	q_mu = 5.27029	q_A  = 1.18132	Pmu = 0.00150	1-Pb  = 0.02998	CLs  = 0.05000
AsymptoticLimits.cc[337] : (in function: getCLs) - At r = 0.693496:	q_mu = 5.27014	q_A  = 1.18124	Pmu = 0.00150	1-Pb  = 0.02998	CLs  = 0.05000
AsymptoticLimits.cc[337] : (in function: getCLs) - At r = 0.693504:	q_mu = 5.27021	q_A  = 1.18128	Pmu = 0.00150	1-Pb  = 0.02998	CLs  = 0.05000
AsymptoticLimits.cc[337] : (in function: getCLs) - At r = 0.693500:	q_mu = 5.27018	q_A  = 1.18126	Pmu = 0.00150	1-Pb  = 0.02998	CLs  = 0.05000
