CascadeMinimizer.cc[188] : (in function: improveOnce) - Minimization configured with Type=Minuit2, Algo=Migrad, strategy=0, tolerance=0.1
CascadeMinimizer.cc[215] : (in function: improveOnce) - Minimization finished with status=0
CascadeMinimizer.cc[219] : (in function: improveOnce) - Minimization success! status=0
ToyMCSamplerOpt.cc[146] : (in function: generateAsimov) - Using internal logic for binned/unbinned Asimov dataset generation
ToyMCSamplerOpt.cc[214] : (in function: generateWithHisto) - Generating asimov with histogram for pdf pdf_binpass_LOW_obsOnly: in 3 x-bins
ToyMCSamplerOpt.cc[215] : (in function: generateWithHisto) -  , in 1 y-bins
ToyMCSamplerOpt.cc[146] : (in function: generateAsimov) - Using internal logic for binned/unbinned Asimov dataset generation
ToyMCSamplerOpt.cc[214] : (in function: generateWithHisto) - Generating asimov with histogram for pdf pdf_binpass_SIG_obsOnly: in 1 x-bins
ToyMCSamplerOpt.cc[215] : (in function: generateWithHisto) -  , in 1 y-bins
ToyMCSamplerOpt.cc[146] : (in function: generateAsimov) - Using internal logic for binned/unbinned Asimov dataset generation
ToyMCSamplerOpt.cc[214] : (in function: generateWithHisto) - Generating asimov with histogram for pdf pdf_binpass_HIGH_obsOnly: in 3 x-bins
ToyMCSamplerOpt.cc[215] : (in function: generateWithHisto) -  , in 1 y-bins
ToyMCSamplerOpt.cc[146] : (in function: generateAsimov) - Using internal logic for binned/unbinned Asimov dataset generation
ToyMCSamplerOpt.cc[214] : (in function: generateWithHisto) - Generating asimov with histogram for pdf pdf_binfail_LOW_obsOnly: in 3 x-bins
ToyMCSamplerOpt.cc[215] : (in function: generateWithHisto) -  , in 1 y-bins
ToyMCSamplerOpt.cc[146] : (in function: generateAsimov) - Using internal logic for binned/unbinned Asimov dataset generation
ToyMCSamplerOpt.cc[214] : (in function: generateWithHisto) - Generating asimov with histogram for pdf pdf_binfail_SIG_obsOnly: in 1 x-bins
ToyMCSamplerOpt.cc[215] : (in function: generateWithHisto) -  , in 1 y-bins
ToyMCSamplerOpt.cc[146] : (in function: generateAsimov) - Using internal logic for binned/unbinned Asimov dataset generation
ToyMCSamplerOpt.cc[214] : (in function: generateWithHisto) - Generating asimov with histogram for pdf pdf_binfail_HIGH_obsOnly: in 3 x-bins
ToyMCSamplerOpt.cc[215] : (in function: generateWithHisto) -  , in 1 y-bins
AsymptoticLimits.cc[428] : (in function: runLimitExpected) - Median for expected limits = 53.75, Sigma for expected limits = 27.424
AsymptoticLimits.cc[191] : (in function: runLimit) - NLL at global minimum of data = -678.461 (r=0.000363646)
AsymptoticLimits.cc[211] : (in function: runLimit) - NLL at global minimum of asimov = -678.648 (r=0.000995869)
AsymptoticLimits.cc[337] : (in function: getCLs) - At r = 28.150258:	q_mu = 2.40209	q_A  = 2.34189	Pmu = 0.06057	1-Pb  = 0.49215	CLs  = 0.12307
AsymptoticLimits.cc[337] : (in function: getCLs) - At r = 56.300516:	q_mu = 4.10236	q_A  = 3.97248	Pmu = 0.02140	1-Pb  = 0.48700	CLs  = 0.04394
AsymptoticLimits.cc[337] : (in function: getCLs) - At r = 28.150440:	q_mu = 2.40206	q_A  = 2.34151	Pmu = 0.06057	1-Pb  = 0.49211	CLs  = 0.12309
AsymptoticLimits.cc[337] : (in function: getCLs) - At r = 47.845319:	q_mu = 3.63526	q_A  = 3.52534	Pmu = 0.02827	1-Pb  = 0.48832	CLs  = 0.05789
AsymptoticLimits.cc[337] : (in function: getCLs) - At r = 51.439623:	q_mu = 3.83765	q_A  = 3.71887	Pmu = 0.02504	1-Pb  = 0.48772	CLs  = 0.05135
AsymptoticLimits.cc[337] : (in function: getCLs) - At r = 53.075156:	q_mu = 3.92773	q_A  = 3.80500	Pmu = 0.02373	1-Pb  = 0.48745	CLs  = 0.04869
AsymptoticLimits.cc[337] : (in function: getCLs) - At r = 52.094175:	q_mu = 3.87372	q_A  = 3.75336	Pmu = 0.02451	1-Pb  = 0.48761	CLs  = 0.05027
AsymptoticLimits.cc[337] : (in function: getCLs) - At r = 52.420703:	q_mu = 3.89171	q_A  = 3.77055	Pmu = 0.02425	1-Pb  = 0.48756	CLs  = 0.04973
AsymptoticLimits.cc[337] : (in function: getCLs) - At r = 52.289658:	q_mu = 3.88450	q_A  = 3.76362	Pmu = 0.02435	1-Pb  = 0.48757	CLs  = 0.04995
AsymptoticLimits.cc[337] : (in function: getCLs) - At r = 52.224464:	q_mu = 3.88090	q_A  = 3.76018	Pmu = 0.02441	1-Pb  = 0.48758	CLs  = 0.05005
AsymptoticLimits.cc[337] : (in function: getCLs) - At r = 52.250579:	q_mu = 3.88234	q_A  = 3.76153	Pmu = 0.02438	1-Pb  = 0.48758	CLs  = 0.05001
AsymptoticLimits.cc[337] : (in function: getCLs) - At r = 52.263753:	q_mu = 3.88306	q_A  = 3.76222	Pmu = 0.02437	1-Pb  = 0.48758	CLs  = 0.04999
AsymptoticLimits.cc[337] : (in function: getCLs) - At r = 52.255984:	q_mu = 3.88263	q_A  = 3.76179	Pmu = 0.02438	1-Pb  = 0.48757	CLs  = 0.05000
AsymptoticLimits.cc[337] : (in function: getCLs) - At r = 52.258768:	q_mu = 3.88278	q_A  = 3.76192	Pmu = 0.02438	1-Pb  = 0.48757	CLs  = 0.05000
AsymptoticLimits.cc[337] : (in function: getCLs) - At r = 52.257322:	q_mu = 3.88269	q_A  = 3.76182	Pmu = 0.02438	1-Pb  = 0.48757	CLs  = 0.05000
AsymptoticLimits.cc[337] : (in function: getCLs) - At r = 52.258018:	q_mu = 3.88273	q_A  = 3.76184	Pmu = 0.02438	1-Pb  = 0.48757	CLs  = 0.05000
AsymptoticLimits.cc[337] : (in function: getCLs) - At r = 52.258175:	q_mu = 3.88274	q_A  = 3.76183	Pmu = 0.02438	1-Pb  = 0.48757	CLs  = 0.05000
AsymptoticLimits.cc[337] : (in function: getCLs) - At r = 52.258078:	q_mu = 3.88273	q_A  = 3.76181	Pmu = 0.02438	1-Pb  = 0.48757	CLs  = 0.05000
