CascadeMinimizer.cc[188] : (in function: improveOnce) - Minimization configured with Type=Minuit2, Algo=Migrad, strategy=0, tolerance=0.1
CascadeMinimizer.cc[215] : (in function: improveOnce) - Minimization finished with status=0
CascadeMinimizer.cc[219] : (in function: improveOnce) - Minimization success! status=0
ToyMCSamplerOpt.cc[146] : (in function: generateAsimov) - Using internal logic for binned/unbinned Asimov dataset generation
ToyMCSamplerOpt.cc[214] : (in function: generateWithHisto) - Generating asimov with histogram for pdf pdf_binpass_LOW_obsOnly: in 3 x-bins
ToyMCSamplerOpt.cc[215] : (in function: generateWithHisto) -  , in 1 y-bins
ToyMCSamplerOpt.cc[146] : (in function: generateAsimov) - Using internal logic for binned/unbinned Asimov dataset generation
ToyMCSamplerOpt.cc[214] : (in function: generateWithHisto) - Generating asimov with histogram for pdf pdf_binpass_SIG_obsOnly: in 1 x-bins
ToyMCSamplerOpt.cc[215] : (in function: generateWithHisto) -  , in 1 y-bins
ToyMCSamplerOpt.cc[146] : (in function: generateAsimov) - Using internal logic for binned/unbinned Asimov dataset generation
ToyMCSamplerOpt.cc[214] : (in function: generateWithHisto) - Generating asimov with histogram for pdf pdf_binpass_HIGH_obsOnly: in 5 x-bins
ToyMCSamplerOpt.cc[215] : (in function: generateWithHisto) -  , in 1 y-bins
ToyMCSamplerOpt.cc[146] : (in function: generateAsimov) - Using internal logic for binned/unbinned Asimov dataset generation
ToyMCSamplerOpt.cc[214] : (in function: generateWithHisto) - Generating asimov with histogram for pdf pdf_binfail_LOW_obsOnly: in 3 x-bins
ToyMCSamplerOpt.cc[215] : (in function: generateWithHisto) -  , in 1 y-bins
ToyMCSamplerOpt.cc[146] : (in function: generateAsimov) - Using internal logic for binned/unbinned Asimov dataset generation
ToyMCSamplerOpt.cc[214] : (in function: generateWithHisto) - Generating asimov with histogram for pdf pdf_binfail_SIG_obsOnly: in 1 x-bins
ToyMCSamplerOpt.cc[215] : (in function: generateWithHisto) -  , in 1 y-bins
ToyMCSamplerOpt.cc[146] : (in function: generateAsimov) - Using internal logic for binned/unbinned Asimov dataset generation
ToyMCSamplerOpt.cc[214] : (in function: generateWithHisto) - Generating asimov with histogram for pdf pdf_binfail_HIGH_obsOnly: in 5 x-bins
ToyMCSamplerOpt.cc[215] : (in function: generateWithHisto) -  , in 1 y-bins
AsymptoticLimits.cc[428] : (in function: runLimitExpected) - Median for expected limits = 0.398438, Sigma for expected limits = 0.203288
AsymptoticLimits.cc[191] : (in function: runLimit) - NLL at global minimum of data = -926.072 (r=1.90135e-10)
AsymptoticLimits.cc[211] : (in function: runLimit) - NLL at global minimum of asimov = -924.63 (r=2.50103e-05)
AsymptoticLimits.cc[337] : (in function: getCLs) - At r = 1.200000:	q_mu = 23.79701	q_A  = 16.69407	Pmu = 0.00000	1-Pb  = 0.19237	CLs  = 0.00000
AsymptoticLimits.cc[337] : (in function: getCLs) - At r = 0.600000:	q_mu = 12.26781	q_A  = 6.84291	Pmu = 0.00013	1-Pb  = 0.14989	CLs  = 0.00087
AsymptoticLimits.cc[337] : (in function: getCLs) - At r = 0.300000:	q_mu = 6.17058	q_A  = 2.48675	Pmu = 0.00303	1-Pb  = 0.12140	CLs  = 0.02492
AsymptoticLimits.cc[337] : (in function: getCLs) - At r = 0.150000:	q_mu = 3.08847	q_A  = 0.68605	Pmu = 0.01135	1-Pb  = 0.07349	CLs  = 0.15440
AsymptoticLimits.cc[337] : (in function: getCLs) - At r = 0.225000:	q_mu = 4.62807	q_A  = 1.53201	Pmu = 0.00642	1-Pb  = 0.10552	CLs  = 0.06080
AsymptoticLimits.cc[337] : (in function: getCLs) - At r = 0.253155:	q_mu = 5.20624	q_A  = 1.88094	Pmu = 0.00489	1-Pb  = 0.11270	CLs  = 0.04336
AsymptoticLimits.cc[337] : (in function: getCLs) - At r = 0.238025:	q_mu = 4.89548	q_A  = 1.69214	Pmu = 0.00567	1-Pb  = 0.10911	CLs  = 0.05196
AsymptoticLimits.cc[337] : (in function: getCLs) - At r = 0.243620:	q_mu = 5.01047	q_A  = 1.76137	Pmu = 0.00537	1-Pb  = 0.11046	CLs  = 0.04859
AsymptoticLimits.cc[337] : (in function: getCLs) - At r = 0.240588:	q_mu = 4.94813	q_A  = 1.72372	Pmu = 0.00553	1-Pb  = 0.10973	CLs  = 0.05039
AsymptoticLimits.cc[337] : (in function: getCLs) - At r = 0.241707:	q_mu = 4.97113	q_A  = 1.73757	Pmu = 0.00547	1-Pb  = 0.11000	CLs  = 0.04971
AsymptoticLimits.cc[337] : (in function: getCLs) - At r = 0.241101:	q_mu = 4.95867	q_A  = 1.73003	Pmu = 0.00550	1-Pb  = 0.10985	CLs  = 0.05008
AsymptoticLimits.cc[337] : (in function: getCLs) - At r = 0.241325:	q_mu = 4.96326	q_A  = 1.73279	Pmu = 0.00549	1-Pb  = 0.10990	CLs  = 0.04994
AsymptoticLimits.cc[337] : (in function: getCLs) - At r = 0.241204:	q_mu = 4.96077	q_A  = 1.73128	Pmu = 0.00550	1-Pb  = 0.10987	CLs  = 0.05002
AsymptoticLimits.cc[337] : (in function: getCLs) - At r = 0.241250:	q_mu = 4.96170	q_A  = 1.73183	Pmu = 0.00549	1-Pb  = 0.10988	CLs  = 0.04999
AsymptoticLimits.cc[337] : (in function: getCLs) - At r = 0.241227:	q_mu = 4.96121	q_A  = 1.73152	Pmu = 0.00549	1-Pb  = 0.10987	CLs  = 0.05000
AsymptoticLimits.cc[337] : (in function: getCLs) - At r = 0.241236:	q_mu = 4.96139	q_A  = 1.73163	Pmu = 0.00549	1-Pb  = 0.10988	CLs  = 0.05000
AsymptoticLimits.cc[337] : (in function: getCLs) - At r = 0.241232:	q_mu = 4.96130	q_A  = 1.73158	Pmu = 0.00549	1-Pb  = 0.10987	CLs  = 0.05000
