CascadeMinimizer.cc[188] : (in function: improveOnce) - Minimization configured with Type=Minuit2, Algo=Migrad, strategy=0, tolerance=0.1
CascadeMinimizer.cc[215] : (in function: improveOnce) - Minimization finished with status=0
CascadeMinimizer.cc[219] : (in function: improveOnce) - Minimization success! status=0
ToyMCSamplerOpt.cc[146] : (in function: generateAsimov) - Using internal logic for binned/unbinned Asimov dataset generation
ToyMCSamplerOpt.cc[214] : (in function: generateWithHisto) - Generating asimov with histogram for pdf pdf_binpass_LOW_obsOnly: in 3 x-bins
ToyMCSamplerOpt.cc[215] : (in function: generateWithHisto) -  , in 1 y-bins
ToyMCSamplerOpt.cc[146] : (in function: generateAsimov) - Using internal logic for binned/unbinned Asimov dataset generation
ToyMCSamplerOpt.cc[214] : (in function: generateWithHisto) - Generating asimov with histogram for pdf pdf_binpass_SIG_obsOnly: in 1 x-bins
ToyMCSamplerOpt.cc[215] : (in function: generateWithHisto) -  , in 1 y-bins
ToyMCSamplerOpt.cc[146] : (in function: generateAsimov) - Using internal logic for binned/unbinned Asimov dataset generation
ToyMCSamplerOpt.cc[214] : (in function: generateWithHisto) - Generating asimov with histogram for pdf pdf_binpass_HIGH_obsOnly: in 3 x-bins
ToyMCSamplerOpt.cc[215] : (in function: generateWithHisto) -  , in 1 y-bins
ToyMCSamplerOpt.cc[146] : (in function: generateAsimov) - Using internal logic for binned/unbinned Asimov dataset generation
ToyMCSamplerOpt.cc[214] : (in function: generateWithHisto) - Generating asimov with histogram for pdf pdf_binfail_LOW_obsOnly: in 3 x-bins
ToyMCSamplerOpt.cc[215] : (in function: generateWithHisto) -  , in 1 y-bins
ToyMCSamplerOpt.cc[146] : (in function: generateAsimov) - Using internal logic for binned/unbinned Asimov dataset generation
ToyMCSamplerOpt.cc[214] : (in function: generateWithHisto) - Generating asimov with histogram for pdf pdf_binfail_SIG_obsOnly: in 1 x-bins
ToyMCSamplerOpt.cc[215] : (in function: generateWithHisto) -  , in 1 y-bins
ToyMCSamplerOpt.cc[146] : (in function: generateAsimov) - Using internal logic for binned/unbinned Asimov dataset generation
ToyMCSamplerOpt.cc[214] : (in function: generateWithHisto) - Generating asimov with histogram for pdf pdf_binfail_HIGH_obsOnly: in 3 x-bins
ToyMCSamplerOpt.cc[215] : (in function: generateWithHisto) -  , in 1 y-bins
AsymptoticLimits.cc[428] : (in function: runLimitExpected) - Median for expected limits = 6.46875, Sigma for expected limits = 3.30044
AsymptoticLimits.cc[191] : (in function: runLimit) - NLL at global minimum of data = -8422.99 (r=7.15252e-07)
AsymptoticLimits.cc[211] : (in function: runLimit) - NLL at global minimum of asimov = -8423.41 (r=3.73237e-08)
AsymptoticLimits.cc[337] : (in function: getCLs) - At r = 1.471171:	q_mu = 2.27266	q_A  = 0.71338	Pmu = 0.03856	1-Pb  = 0.17799	CLs  = 0.21663
AsymptoticLimits.cc[337] : (in function: getCLs) - At r = 2.942342:	q_mu = 3.89202	q_A  = 1.71358	Pmu = 0.01613	1-Pb  = 0.20268	CLs  = 0.07959
AsymptoticLimits.cc[337] : (in function: getCLs) - At r = 5.884684:	q_mu = 6.31147	q_A  = 3.51523	Pmu = 0.00439	1-Pb  = 0.22792	CLs  = 0.01926
AsymptoticLimits.cc[337] : (in function: getCLs) - At r = 2.942342:	q_mu = 3.89200	q_A  = 1.71358	Pmu = 0.01613	1-Pb  = 0.20269	CLs  = 0.07960
AsymptoticLimits.cc[337] : (in function: getCLs) - At r = 4.301962:	q_mu = 5.10734	q_A  = 2.58736	Pmu = 0.00838	1-Pb  = 0.21672	CLs  = 0.03868
AsymptoticLimits.cc[337] : (in function: getCLs) - At r = 3.643027:	q_mu = 4.54385	q_A  = 2.17284	Pmu = 0.01135	1-Pb  = 0.21063	CLs  = 0.05391
AsymptoticLimits.cc[337] : (in function: getCLs) - At r = 3.894260:	q_mu = 4.76384	q_A  = 2.33290	Pmu = 0.01009	1-Pb  = 0.21308	CLs  = 0.04733
AsymptoticLimits.cc[337] : (in function: getCLs) - At r = 3.759244:	q_mu = 4.64643	q_A  = 2.24719	Pmu = 0.01074	1-Pb  = 0.21178	CLs  = 0.05073
AsymptoticLimits.cc[337] : (in function: getCLs) - At r = 3.808799:	q_mu = 4.68974	q_A  = 2.27874	Pmu = 0.01050	1-Pb  = 0.21227	CLs  = 0.04945
AsymptoticLimits.cc[337] : (in function: getCLs) - At r = 3.781663:	q_mu = 4.66605	q_A  = 2.26147	Pmu = 0.01063	1-Pb  = 0.21200	CLs  = 0.05014
AsymptoticLimits.cc[337] : (in function: getCLs) - At r = 3.791552:	q_mu = 4.67469	q_A  = 2.26777	Pmu = 0.01058	1-Pb  = 0.21210	CLs  = 0.04989
AsymptoticLimits.cc[337] : (in function: getCLs) - At r = 3.786118:	q_mu = 4.66995	q_A  = 2.26431	Pmu = 0.01061	1-Pb  = 0.21205	CLs  = 0.05003
AsymptoticLimits.cc[337] : (in function: getCLs) - At r = 3.788096:	q_mu = 4.67168	q_A  = 2.26557	Pmu = 0.01060	1-Pb  = 0.21207	CLs  = 0.04998
AsymptoticLimits.cc[337] : (in function: getCLs) - At r = 3.787009:	q_mu = 4.67072	q_A  = 2.26488	Pmu = 0.01060	1-Pb  = 0.21205	CLs  = 0.05001
AsymptoticLimits.cc[337] : (in function: getCLs) - At r = 3.787405:	q_mu = 4.67107	q_A  = 2.26513	Pmu = 0.01060	1-Pb  = 0.21206	CLs  = 0.05000
AsymptoticLimits.cc[337] : (in function: getCLs) - At r = 3.787187:	q_mu = 4.67088	q_A  = 2.26499	Pmu = 0.01060	1-Pb  = 0.21206	CLs  = 0.05000
AsymptoticLimits.cc[337] : (in function: getCLs) - At r = 3.787266:	q_mu = 4.67095	q_A  = 2.26504	Pmu = 0.01060	1-Pb  = 0.21206	CLs  = 0.05000
AsymptoticLimits.cc[337] : (in function: getCLs) - At r = 3.787222:	q_mu = 4.67091	q_A  = 2.26501	Pmu = 0.01060	1-Pb  = 0.21206	CLs  = 0.05000
AsymptoticLimits.cc[337] : (in function: getCLs) - At r = 3.787238:	q_mu = 4.67093	q_A  = 2.26502	Pmu = 0.01060	1-Pb  = 0.21206	CLs  = 0.05000
AsymptoticLimits.cc[337] : (in function: getCLs) - At r = 3.787229:	q_mu = 4.67092	q_A  = 2.26502	Pmu = 0.01060	1-Pb  = 0.21206	CLs  = 0.05000
