CascadeMinimizer.cc[188] : (in function: improveOnce) - Minimization configured with Type=Minuit2, Algo=Migrad, strategy=0, tolerance=0.1
CascadeMinimizer.cc[215] : (in function: improveOnce) - Minimization finished with status=0
CascadeMinimizer.cc[219] : (in function: improveOnce) - Minimization success! status=0
ToyMCSamplerOpt.cc[146] : (in function: generateAsimov) - Using internal logic for binned/unbinned Asimov dataset generation
ToyMCSamplerOpt.cc[214] : (in function: generateWithHisto) - Generating asimov with histogram for pdf pdf_binpass_LOW_obsOnly: in 3 x-bins
ToyMCSamplerOpt.cc[215] : (in function: generateWithHisto) -  , in 1 y-bins
ToyMCSamplerOpt.cc[146] : (in function: generateAsimov) - Using internal logic for binned/unbinned Asimov dataset generation
ToyMCSamplerOpt.cc[214] : (in function: generateWithHisto) - Generating asimov with histogram for pdf pdf_binpass_SIG_obsOnly: in 1 x-bins
ToyMCSamplerOpt.cc[215] : (in function: generateWithHisto) -  , in 1 y-bins
ToyMCSamplerOpt.cc[146] : (in function: generateAsimov) - Using internal logic for binned/unbinned Asimov dataset generation
ToyMCSamplerOpt.cc[214] : (in function: generateWithHisto) - Generating asimov with histogram for pdf pdf_binpass_HIGH_obsOnly: in 5 x-bins
ToyMCSamplerOpt.cc[215] : (in function: generateWithHisto) -  , in 1 y-bins
ToyMCSamplerOpt.cc[146] : (in function: generateAsimov) - Using internal logic for binned/unbinned Asimov dataset generation
ToyMCSamplerOpt.cc[214] : (in function: generateWithHisto) - Generating asimov with histogram for pdf pdf_binfail_LOW_obsOnly: in 3 x-bins
ToyMCSamplerOpt.cc[215] : (in function: generateWithHisto) -  , in 1 y-bins
ToyMCSamplerOpt.cc[146] : (in function: generateAsimov) - Using internal logic for binned/unbinned Asimov dataset generation
ToyMCSamplerOpt.cc[214] : (in function: generateWithHisto) - Generating asimov with histogram for pdf pdf_binfail_SIG_obsOnly: in 1 x-bins
ToyMCSamplerOpt.cc[215] : (in function: generateWithHisto) -  , in 1 y-bins
ToyMCSamplerOpt.cc[146] : (in function: generateAsimov) - Using internal logic for binned/unbinned Asimov dataset generation
ToyMCSamplerOpt.cc[214] : (in function: generateWithHisto) - Generating asimov with histogram for pdf pdf_binfail_HIGH_obsOnly: in 5 x-bins
ToyMCSamplerOpt.cc[215] : (in function: generateWithHisto) -  , in 1 y-bins
AsymptoticLimits.cc[428] : (in function: runLimitExpected) - Median for expected limits = 0.789062, Sigma for expected limits = 0.40259
AsymptoticLimits.cc[191] : (in function: runLimit) - NLL at global minimum of data = -51.0029 (r=0.745299)
AsymptoticLimits.cc[211] : (in function: runLimit) - NLL at global minimum of asimov = -52.8791 (r=0.00282342)
AsymptoticLimits.cc[337] : (in function: getCLs) - At r = 1.945299:	q_mu = 4.85679	q_A  = 13.84908	Pmu = 0.01377	1-Pb  = 0.93545	CLs  = 0.01472
AsymptoticLimits.cc[337] : (in function: getCLs) - At r = 1.345299:	q_mu = 1.59606	q_A  = 8.52917	Pmu = 0.10323	1-Pb  = 0.95125	CLs  = 0.10852
AsymptoticLimits.cc[337] : (in function: getCLs) - At r = 1.645299:	q_mu = 3.11513	q_A  = 11.18615	Pmu = 0.03878	1-Pb  = 0.94290	CLs  = 0.04113
AsymptoticLimits.cc[337] : (in function: getCLs) - At r = 1.537004:	q_mu = 2.53456	q_A  = 10.22415	Pmu = 0.05569	1-Pb  = 0.94581	CLs  = 0.05888
AsymptoticLimits.cc[337] : (in function: getCLs) - At r = 1.598147:	q_mu = 2.85851	q_A  = 10.76706	Pmu = 0.04545	1-Pb  = 0.94415	CLs  = 0.04813
AsymptoticLimits.cc[337] : (in function: getCLs) - At r = 1.576687:	q_mu = 2.74363	q_A  = 10.57641	Pmu = 0.04882	1-Pb  = 0.94473	CLs  = 0.05168
AsymptoticLimits.cc[337] : (in function: getCLs) - At r = 1.588956:	q_mu = 2.80912	q_A  = 10.68509	Pmu = 0.04686	1-Pb  = 0.94439	CLs  = 0.04962
AsymptoticLimits.cc[337] : (in function: getCLs) - At r = 1.584677:	q_mu = 2.78622	q_A  = 10.64708	Pmu = 0.04754	1-Pb  = 0.94451	CLs  = 0.05033
AsymptoticLimits.cc[337] : (in function: getCLs) - At r = 1.587133:	q_mu = 2.79936	q_A  = 10.66888	Pmu = 0.04715	1-Pb  = 0.94444	CLs  = 0.04992
AsymptoticLimits.cc[337] : (in function: getCLs) - At r = 1.586278:	q_mu = 2.79488	q_A  = 10.66119	Pmu = 0.04728	1-Pb  = 0.94446	CLs  = 0.05006
AsymptoticLimits.cc[337] : (in function: getCLs) - At r = 1.586761:	q_mu = 2.79742	q_A  = 10.66546	Pmu = 0.04721	1-Pb  = 0.94445	CLs  = 0.04998
AsymptoticLimits.cc[337] : (in function: getCLs) - At r = 1.586590:	q_mu = 2.79646	q_A  = 10.66394	Pmu = 0.04724	1-Pb  = 0.94445	CLs  = 0.05001
AsymptoticLimits.cc[337] : (in function: getCLs) - At r = 1.586691:	q_mu = 2.79699	q_A  = 10.66486	Pmu = 0.04722	1-Pb  = 0.94445	CLs  = 0.05000
AsymptoticLimits.cc[337] : (in function: getCLs) - At r = 1.586661:	q_mu = 2.79683	q_A  = 10.66458	Pmu = 0.04723	1-Pb  = 0.94445	CLs  = 0.05000
AsymptoticLimits.cc[337] : (in function: getCLs) - At r = 1.586675:	q_mu = 2.79690	q_A  = 10.66471	Pmu = 0.04722	1-Pb  = 0.94445	CLs  = 0.05000
AsymptoticLimits.cc[337] : (in function: getCLs) - At r = 1.586681:	q_mu = 2.79694	q_A  = 10.66476	Pmu = 0.04722	1-Pb  = 0.94445	CLs  = 0.05000
