CascadeMinimizer.cc[188] : (in function: improveOnce) - Minimization configured with Type=Minuit2, Algo=Migrad, strategy=0, tolerance=0.1
CascadeMinimizer.cc[215] : (in function: improveOnce) - Minimization finished with status=0
CascadeMinimizer.cc[219] : (in function: improveOnce) - Minimization success! status=0
ToyMCSamplerOpt.cc[146] : (in function: generateAsimov) - Using internal logic for binned/unbinned Asimov dataset generation
ToyMCSamplerOpt.cc[214] : (in function: generateWithHisto) - Generating asimov with histogram for pdf pdf_binpass_LOW_obsOnly: in 3 x-bins
ToyMCSamplerOpt.cc[215] : (in function: generateWithHisto) -  , in 1 y-bins
ToyMCSamplerOpt.cc[146] : (in function: generateAsimov) - Using internal logic for binned/unbinned Asimov dataset generation
ToyMCSamplerOpt.cc[214] : (in function: generateWithHisto) - Generating asimov with histogram for pdf pdf_binpass_SIG_obsOnly: in 1 x-bins
ToyMCSamplerOpt.cc[215] : (in function: generateWithHisto) -  , in 1 y-bins
ToyMCSamplerOpt.cc[146] : (in function: generateAsimov) - Using internal logic for binned/unbinned Asimov dataset generation
ToyMCSamplerOpt.cc[214] : (in function: generateWithHisto) - Generating asimov with histogram for pdf pdf_binpass_HIGH_obsOnly: in 3 x-bins
ToyMCSamplerOpt.cc[215] : (in function: generateWithHisto) -  , in 1 y-bins
ToyMCSamplerOpt.cc[146] : (in function: generateAsimov) - Using internal logic for binned/unbinned Asimov dataset generation
ToyMCSamplerOpt.cc[214] : (in function: generateWithHisto) - Generating asimov with histogram for pdf pdf_binfail_LOW_obsOnly: in 3 x-bins
ToyMCSamplerOpt.cc[215] : (in function: generateWithHisto) -  , in 1 y-bins
ToyMCSamplerOpt.cc[146] : (in function: generateAsimov) - Using internal logic for binned/unbinned Asimov dataset generation
ToyMCSamplerOpt.cc[214] : (in function: generateWithHisto) - Generating asimov with histogram for pdf pdf_binfail_SIG_obsOnly: in 1 x-bins
ToyMCSamplerOpt.cc[215] : (in function: generateWithHisto) -  , in 1 y-bins
ToyMCSamplerOpt.cc[146] : (in function: generateAsimov) - Using internal logic for binned/unbinned Asimov dataset generation
ToyMCSamplerOpt.cc[214] : (in function: generateWithHisto) - Generating asimov with histogram for pdf pdf_binfail_HIGH_obsOnly: in 3 x-bins
ToyMCSamplerOpt.cc[215] : (in function: generateWithHisto) -  , in 1 y-bins
AsymptoticLimits.cc[428] : (in function: runLimitExpected) - Median for expected limits = 1.875, Sigma for expected limits = 0.95665
AsymptoticLimits.cc[191] : (in function: runLimit) - NLL at global minimum of data = -706.646 (r=1.69148)
AsymptoticLimits.cc[211] : (in function: runLimit) - NLL at global minimum of asimov = -703.858 (r=0.011254)
AsymptoticLimits.cc[337] : (in function: getCLs) - At r = 3.430330:	q_mu = 2.85241	q_A  = 8.17009	Pmu = 0.04562	1-Pb  = 0.87888	CLs  = 0.05191
AsymptoticLimits.cc[337] : (in function: getCLs) - At r = 6.860660:	q_mu = 12.68557	q_A  = 17.81653	Pmu = 0.00018	1-Pb  = 0.74514	CLs  = 0.00025
AsymptoticLimits.cc[337] : (in function: getCLs) - At r = 4.276073:	q_mu = 5.17816	q_A  = 10.54900	Pmu = 0.01144	1-Pb  = 0.83457	CLs  = 0.01370
AsymptoticLimits.cc[337] : (in function: getCLs) - At r = 2.983779:	q_mu = 1.75236	q_A  = 7.07488	Pmu = 0.09279	1-Pb  = 0.90924	CLs  = 0.10205
AsymptoticLimits.cc[337] : (in function: getCLs) - At r = 3.629926:	q_mu = 3.38328	q_A  = 8.76548	Pmu = 0.03293	1-Pb  = 0.86892	CLs  = 0.03790
AsymptoticLimits.cc[337] : (in function: getCLs) - At r = 3.356087:	q_mu = 2.66401	q_A  = 8.03300	Pmu = 0.05132	1-Pb  = 0.88533	CLs  = 0.05797
AsymptoticLimits.cc[337] : (in function: getCLs) - At r = 3.487077:	q_mu = 3.00386	q_A  = 8.38097	Pmu = 0.04153	1-Pb  = 0.87735	CLs  = 0.04734
AsymptoticLimits.cc[337] : (in function: getCLs) - At r = 3.432591:	q_mu = 2.86152	q_A  = 8.23559	Pmu = 0.04536	1-Pb  = 0.88064	CLs  = 0.05151
AsymptoticLimits.cc[337] : (in function: getCLs) - At r = 3.458844:	q_mu = 2.92989	q_A  = 8.30543	Pmu = 0.04348	1-Pb  = 0.87904	CLs  = 0.04946
AsymptoticLimits.cc[337] : (in function: getCLs) - At r = 3.447969:	q_mu = 2.90151	q_A  = 8.27643	Pmu = 0.04425	1-Pb  = 0.87970	CLs  = 0.05030
AsymptoticLimits.cc[337] : (in function: getCLs) - At r = 3.453227:	q_mu = 2.91521	q_A  = 8.29041	Pmu = 0.04387	1-Pb  = 0.87938	CLs  = 0.04989
AsymptoticLimits.cc[337] : (in function: getCLs) - At r = 3.451056:	q_mu = 2.90954	q_A  = 8.28460	Pmu = 0.04403	1-Pb  = 0.87951	CLs  = 0.05006
AsymptoticLimits.cc[337] : (in function: getCLs) - At r = 3.452110:	q_mu = 2.91228	q_A  = 8.28738	Pmu = 0.04395	1-Pb  = 0.87945	CLs  = 0.04998
AsymptoticLimits.cc[337] : (in function: getCLs) - At r = 3.451679:	q_mu = 2.91115	q_A  = 8.28619	Pmu = 0.04398	1-Pb  = 0.87948	CLs  = 0.05001
AsymptoticLimits.cc[337] : (in function: getCLs) - At r = 3.451892:	q_mu = 2.91170	q_A  = 8.28673	Pmu = 0.04397	1-Pb  = 0.87946	CLs  = 0.05000
AsymptoticLimits.cc[337] : (in function: getCLs) - At r = 3.451808:	q_mu = 2.91147	q_A  = 8.28647	Pmu = 0.04398	1-Pb  = 0.87947	CLs  = 0.05000
AsymptoticLimits.cc[337] : (in function: getCLs) - At r = 3.451853:	q_mu = 2.91158	q_A  = 8.28656	Pmu = 0.04397	1-Pb  = 0.87946	CLs  = 0.05000
AsymptoticLimits.cc[337] : (in function: getCLs) - At r = 3.451840:	q_mu = 2.91154	q_A  = 8.28649	Pmu = 0.04397	1-Pb  = 0.87946	CLs  = 0.05000
AsymptoticLimits.cc[337] : (in function: getCLs) - At r = 3.451848:	q_mu = 2.91155	q_A  = 8.28648	Pmu = 0.04397	1-Pb  = 0.87946	CLs  = 0.05000
