CascadeMinimizer.cc[188] : (in function: improveOnce) - Minimization configured with Type=Minuit2, Algo=Migrad, strategy=0, tolerance=0.1
CascadeMinimizer.cc[215] : (in function: improveOnce) - Minimization finished with status=0
CascadeMinimizer.cc[219] : (in function: improveOnce) - Minimization success! status=0
ToyMCSamplerOpt.cc[146] : (in function: generateAsimov) - Using internal logic for binned/unbinned Asimov dataset generation
ToyMCSamplerOpt.cc[214] : (in function: generateWithHisto) - Generating asimov with histogram for pdf pdf_binpass_LOW_obsOnly: in 3 x-bins
ToyMCSamplerOpt.cc[215] : (in function: generateWithHisto) -  , in 1 y-bins
ToyMCSamplerOpt.cc[146] : (in function: generateAsimov) - Using internal logic for binned/unbinned Asimov dataset generation
ToyMCSamplerOpt.cc[214] : (in function: generateWithHisto) - Generating asimov with histogram for pdf pdf_binpass_SIG_obsOnly: in 1 x-bins
ToyMCSamplerOpt.cc[215] : (in function: generateWithHisto) -  , in 1 y-bins
ToyMCSamplerOpt.cc[146] : (in function: generateAsimov) - Using internal logic for binned/unbinned Asimov dataset generation
ToyMCSamplerOpt.cc[214] : (in function: generateWithHisto) - Generating asimov with histogram for pdf pdf_binpass_HIGH_obsOnly: in 3 x-bins
ToyMCSamplerOpt.cc[215] : (in function: generateWithHisto) -  , in 1 y-bins
ToyMCSamplerOpt.cc[146] : (in function: generateAsimov) - Using internal logic for binned/unbinned Asimov dataset generation
ToyMCSamplerOpt.cc[214] : (in function: generateWithHisto) - Generating asimov with histogram for pdf pdf_binfail_LOW_obsOnly: in 3 x-bins
ToyMCSamplerOpt.cc[215] : (in function: generateWithHisto) -  , in 1 y-bins
ToyMCSamplerOpt.cc[146] : (in function: generateAsimov) - Using internal logic for binned/unbinned Asimov dataset generation
ToyMCSamplerOpt.cc[214] : (in function: generateWithHisto) - Generating asimov with histogram for pdf pdf_binfail_SIG_obsOnly: in 1 x-bins
ToyMCSamplerOpt.cc[215] : (in function: generateWithHisto) -  , in 1 y-bins
ToyMCSamplerOpt.cc[146] : (in function: generateAsimov) - Using internal logic for binned/unbinned Asimov dataset generation
ToyMCSamplerOpt.cc[214] : (in function: generateWithHisto) - Generating asimov with histogram for pdf pdf_binfail_HIGH_obsOnly: in 3 x-bins
ToyMCSamplerOpt.cc[215] : (in function: generateWithHisto) -  , in 1 y-bins
AsymptoticLimits.cc[428] : (in function: runLimitExpected) - Median for expected limits = 1.33594, Sigma for expected limits = 0.681613
AsymptoticLimits.cc[191] : (in function: runLimit) - NLL at global minimum of data = -688.233 (r=1.20236e-07)
AsymptoticLimits.cc[211] : (in function: runLimit) - NLL at global minimum of asimov = -688.1 (r=6.81061e-05)
AsymptoticLimits.cc[337] : (in function: getCLs) - At r = 1.200000:	q_mu = 0.26605	q_A  = 3.28219	Pmu = 0.30300	1-Pb  = 0.90249	CLs  = 0.33573
AsymptoticLimits.cc[337] : (in function: getCLs) - At r = 2.400000:	q_mu = 3.80389	q_A  = 8.04725	Pmu = 0.02557	1-Pb  = 0.81230	CLs  = 0.03147
AsymptoticLimits.cc[337] : (in function: getCLs) - At r = 1.200000:	q_mu = 0.20987	q_A  = 3.28214	Pmu = 0.32343	1-Pb  = 0.91206	CLs  = 0.35462
AsymptoticLimits.cc[337] : (in function: getCLs) - At r = 1.800000:	q_mu = 1.91370	q_A  = 5.72004	Pmu = 0.08328	1-Pb  = 0.84334	CLs  = 0.09875
AsymptoticLimits.cc[337] : (in function: getCLs) - At r = 2.085692:	q_mu = 2.80697	q_A  = 6.84392	Pmu = 0.04693	1-Pb  = 0.82657	CLs  = 0.05677
AsymptoticLimits.cc[337] : (in function: getCLs) - At r = 2.202713:	q_mu = 3.17731	q_A  = 7.29634	Pmu = 0.03733	1-Pb  = 0.82087	CLs  = 0.04548
AsymptoticLimits.cc[337] : (in function: getCLs) - At r = 2.139323:	q_mu = 2.97649	q_A  = 7.05191	Pmu = 0.04224	1-Pb  = 0.82389	CLs  = 0.05127
AsymptoticLimits.cc[337] : (in function: getCLs) - At r = 2.162619:	q_mu = 3.05017	q_A  = 7.14188	Pmu = 0.04036	1-Pb  = 0.82277	CLs  = 0.04906
AsymptoticLimits.cc[337] : (in function: getCLs) - At r = 2.149930:	q_mu = 3.00998	q_A  = 7.09288	Pmu = 0.04138	1-Pb  = 0.82338	CLs  = 0.05025
AsymptoticLimits.cc[337] : (in function: getCLs) - At r = 2.154595:	q_mu = 3.02472	q_A  = 7.11090	Pmu = 0.04100	1-Pb  = 0.82315	CLs  = 0.04981
AsymptoticLimits.cc[337] : (in function: getCLs) - At r = 2.152060:	q_mu = 3.01668	q_A  = 7.10111	Pmu = 0.04121	1-Pb  = 0.82328	CLs  = 0.05005
AsymptoticLimits.cc[337] : (in function: getCLs) - At r = 2.152997:	q_mu = 3.01963	q_A  = 7.10477	Pmu = 0.04113	1-Pb  = 0.82324	CLs  = 0.04996
AsymptoticLimits.cc[337] : (in function: getCLs) - At r = 2.152492:	q_mu = 3.01802	q_A  = 7.10280	Pmu = 0.04117	1-Pb  = 0.82326	CLs  = 0.05001
AsymptoticLimits.cc[337] : (in function: getCLs) - At r = 2.152684:	q_mu = 3.01861	q_A  = 7.10372	Pmu = 0.04116	1-Pb  = 0.82326	CLs  = 0.04999
AsymptoticLimits.cc[337] : (in function: getCLs) - At r = 2.152584:	q_mu = 3.01828	q_A  = 7.10329	Pmu = 0.04117	1-Pb  = 0.82327	CLs  = 0.05000
AsymptoticLimits.cc[337] : (in function: getCLs) - At r = 2.152625:	q_mu = 3.01839	q_A  = 7.10343	Pmu = 0.04116	1-Pb  = 0.82326	CLs  = 0.05000
AsymptoticLimits.cc[337] : (in function: getCLs) - At r = 2.152609:	q_mu = 3.01832	q_A  = 7.10336	Pmu = 0.04116	1-Pb  = 0.82327	CLs  = 0.05000
AsymptoticLimits.cc[337] : (in function: getCLs) - At r = 2.152617:	q_mu = 3.01833	q_A  = 7.10338	Pmu = 0.04116	1-Pb  = 0.82327	CLs  = 0.05000
