 <<< Combine >>> 
 <<< v10.0.1 >>>
>>> Random number generator seed is 123456
>>> Method used is FitDiagnostics
Set Default Value of Parameter mask_pass_SIG To : 1
Set Default Value of Parameter mask_pass_HIGH To : 1
Set Default Value of Parameter r To : 1
>>> 2 out of 6 channels masked

>> Found 15 floating parameters
>> The following parameters are protected in the event of negative eigenvalues:
>> Verifying eigenvalues are all positive (iteration 0)
Eigenvalue 14 : -0.00468799
 - 0.608246	CMS_EXO26004_Background_rpf_2x0_par3
 - 0.558654	CMS_EXO26004_Background_rpf_2x0_par2
 - -0.496371	CMS_EXO26004_Background_rpf_2x0_par1
 - -0.267505	CMS_EXO26004_Background_rpf_2x0_par0
 - 0.000703685	CMS_EXO26004_Background_fail_LOW_bin_2-1
>> Attempt 0 failed, remove the variable with largest eigenvector component...
>> Dropping CMS_EXO26004_Background_rpf_2x0_par3 from the hessian
>> Verifying eigenvalues are all positive (iteration 1)
>> All eigenvalues are positive
>> Inverting Hessian...
>> Matrix inverted
>> Note: the following parameters were dropped to make the covariance matrix pos-def:
     - CMS_EXO26004_Background_rpf_2x0_par3
 Fit B-only, status = 0, numBadNLL = 0, covariance quality = -1
Running Minos for POI r
>> Found 16 floating parameters
>> The following parameters are protected in the event of negative eigenvalues: r
>> Verifying eigenvalues are all positive (iteration 0)
Eigenvalue 13 : -8.24486e-05
 - 0.731358	CMS_EXO26004_Background_rpf_2x0_par3
 - -0.676416	CMS_EXO26004_Background_rpf_2x0_par0
 - -0.0625271	CMS_EXO26004_Background_rpf_2x0_par1
 - -0.0501104	CMS_EXO26004_Background_rpf_2x0_par2
 - -0.0332535	pT
Eigenvalue 14 : -0.00735001
 - 0.670826	r
 - 0.655876	pT
 - -0.264934	CMS_EXO26004_Background_fail_SIG_bin_1-1
 - -0.162947	CMS_EXO26004_Background_rpf_2x0_par1
 - 0.0988109	CMS_EXO26004_Background_rpf_2x0_par2
Eigenvalue 15 : -0.0108932
 - 0.72243	CMS_EXO26004_Background_rpf_2x0_par2
 - -0.618742	CMS_EXO26004_Background_rpf_2x0_par1
 - -0.249765	r
 - 0.108299	CMS_EXO26004_Background_rpf_2x0_par0
 - 0.0999824	CMS_EXO26004_Background_rpf_2x0_par3
>> Attempt 0 failed, remove the variable with largest eigenvector component...
>> Dropping CMS_EXO26004_Background_rpf_2x0_par2 from the hessian
>> Verifying eigenvalues are all positive (iteration 1)
Eigenvalue 13 : -0.000137865
 - 0.739703	CMS_EXO26004_Background_rpf_2x0_par3
 - -0.662349	CMS_EXO26004_Background_rpf_2x0_par0
 - -0.116352	CMS_EXO26004_Background_rpf_2x0_par1
 - -0.0240982	pT
 - 0.00199588	RNN
Eigenvalue 14 : -0.00741702
 - -0.698235	r
 - -0.647487	pT
 - 0.27351	CMS_EXO26004_Background_fail_SIG_bin_1-1
 - -0.0834042	RNN
 - 0.0762188	CMS_EXO26004_Background_fail_HIGH_bin_1-1
>> Attempt 1 failed, remove the variable with largest eigenvector component...
>> Dropping pT from the hessian
>> Verifying eigenvalues are all positive (iteration 2)
Eigenvalue 13 : -0.000148923
 - 0.740199	CMS_EXO26004_Background_rpf_2x0_par3
 - -0.660611	CMS_EXO26004_Background_rpf_2x0_par0
 - -0.121491	CMS_EXO26004_Background_rpf_2x0_par1
 - 0.0283832	r
 - -0.0109119	CMS_EXO26004_Background_fail_SIG_bin_1-1
>> Attempt 2 failed, remove the variable with largest eigenvector component...
>> Dropping CMS_EXO26004_Background_rpf_2x0_par3 from the hessian
>> Verifying eigenvalues are all positive (iteration 3)
>> All eigenvalues are positive
>> Inverting Hessian...
>> Matrix inverted
>> Note: the following parameters were dropped to make the covariance matrix pos-def:
     - CMS_EXO26004_Background_rpf_2x0_par2
     - pT
     - CMS_EXO26004_Background_rpf_2x0_par3
Fit S+B, status = 0, numBadNLL = 0, covariance quality = -1

 --- FitDiagnostics ---
Best fit r: 43.2797  -43.2797/+6.72033  (68% CL)
Done in 0.01 min (cpu), 0.01 min (real)
29 log messages saved to combine_logger.out
