CascadeMinimizer.cc[188] : (in function: improveOnce) - Minimization configured with Type=Minuit2, Algo=Migrad, strategy=0, tolerance=0.1
CascadeMinimizer.cc[215] : (in function: improveOnce) - Minimization finished with status=0
CascadeMinimizer.cc[219] : (in function: improveOnce) - Minimization success! status=0
ToyMCSamplerOpt.cc[146] : (in function: generateAsimov) - Using internal logic for binned/unbinned Asimov dataset generation
ToyMCSamplerOpt.cc[214] : (in function: generateWithHisto) - Generating asimov with histogram for pdf pdf_binpass_LOW_obsOnly: in 2 x-bins
ToyMCSamplerOpt.cc[215] : (in function: generateWithHisto) -  , in 1 y-bins
ToyMCSamplerOpt.cc[146] : (in function: generateAsimov) - Using internal logic for binned/unbinned Asimov dataset generation
ToyMCSamplerOpt.cc[214] : (in function: generateWithHisto) - Generating asimov with histogram for pdf pdf_binpass_SIG_obsOnly: in 1 x-bins
ToyMCSamplerOpt.cc[215] : (in function: generateWithHisto) -  , in 1 y-bins
ToyMCSamplerOpt.cc[146] : (in function: generateAsimov) - Using internal logic for binned/unbinned Asimov dataset generation
ToyMCSamplerOpt.cc[214] : (in function: generateWithHisto) - Generating asimov with histogram for pdf pdf_binpass_HIGH_obsOnly: in 9 x-bins
ToyMCSamplerOpt.cc[215] : (in function: generateWithHisto) -  , in 1 y-bins
ToyMCSamplerOpt.cc[146] : (in function: generateAsimov) - Using internal logic for binned/unbinned Asimov dataset generation
ToyMCSamplerOpt.cc[214] : (in function: generateWithHisto) - Generating asimov with histogram for pdf pdf_binfail_LOW_obsOnly: in 2 x-bins
ToyMCSamplerOpt.cc[215] : (in function: generateWithHisto) -  , in 1 y-bins
ToyMCSamplerOpt.cc[146] : (in function: generateAsimov) - Using internal logic for binned/unbinned Asimov dataset generation
ToyMCSamplerOpt.cc[214] : (in function: generateWithHisto) - Generating asimov with histogram for pdf pdf_binfail_SIG_obsOnly: in 1 x-bins
ToyMCSamplerOpt.cc[215] : (in function: generateWithHisto) -  , in 1 y-bins
ToyMCSamplerOpt.cc[146] : (in function: generateAsimov) - Using internal logic for binned/unbinned Asimov dataset generation
ToyMCSamplerOpt.cc[214] : (in function: generateWithHisto) - Generating asimov with histogram for pdf pdf_binfail_HIGH_obsOnly: in 9 x-bins
ToyMCSamplerOpt.cc[215] : (in function: generateWithHisto) -  , in 1 y-bins
AsymptoticLimits.cc[428] : (in function: runLimitExpected) - Median for expected limits = 0.333984, Sigma for expected limits = 0.170403
AsymptoticLimits.cc[191] : (in function: runLimit) - NLL at global minimum of data = -41.2065 (r=9.87758e-07)
AsymptoticLimits.cc[211] : (in function: runLimit) - NLL at global minimum of asimov = -41.3929 (r=0.000277929)
AsymptoticLimits.cc[337] : (in function: getCLs) - At r = 1.200001:	q_mu = 20.05351	q_A  = 20.46870	Pmu = 0.00000	1-Pb  = 0.51839	CLs  = 0.00001
AsymptoticLimits.cc[337] : (in function: getCLs) - At r = 0.600001:	q_mu = 9.04203	q_A  = 8.66020	Pmu = 0.00132	1-Pb  = 0.47414	CLs  = 0.00278
AsymptoticLimits.cc[337] : (in function: getCLs) - At r = 0.300001:	q_mu = 3.88932	q_A  = 3.27857	Pmu = 0.02389	1-Pb  = 0.43303	CLs  = 0.05517
AsymptoticLimits.cc[337] : (in function: getCLs) - At r = 0.450001:	q_mu = 6.41566	q_A  = 5.86844	Pmu = 0.00562	1-Pb  = 0.45504	CLs  = 0.01234
AsymptoticLimits.cc[337] : (in function: getCLs) - At r = 0.375001:	q_mu = 5.12244	q_A  = 4.53934	Pmu = 0.01168	1-Pb  = 0.44558	CLs  = 0.02622
AsymptoticLimits.cc[337] : (in function: getCLs) - At r = 0.322933:	q_mu = 4.26098	q_A  = 3.65526	Pmu = 0.01921	1-Pb  = 0.43707	CLs  = 0.04396
AsymptoticLimits.cc[337] : (in function: getCLs) - At r = 0.312531:	q_mu = 4.09186	q_A  = 3.48339	Pmu = 0.02121	1-Pb  = 0.43526	CLs  = 0.04873
AsymptoticLimits.cc[337] : (in function: getCLs) - At r = 0.307944:	q_mu = 4.01771	q_A  = 3.40821	Pmu = 0.02215	1-Pb  = 0.43444	CLs  = 0.05099
AsymptoticLimits.cc[337] : (in function: getCLs) - At r = 0.310446:	q_mu = 4.05807	q_A  = 3.44914	Pmu = 0.02163	1-Pb  = 0.43489	CLs  = 0.04974
AsymptoticLimits.cc[337] : (in function: getCLs) - At r = 0.309530:	q_mu = 4.04325	q_A  = 3.43411	Pmu = 0.02182	1-Pb  = 0.43473	CLs  = 0.05020
AsymptoticLimits.cc[337] : (in function: getCLs) - At r = 0.310032:	q_mu = 4.05133	q_A  = 3.44232	Pmu = 0.02172	1-Pb  = 0.43482	CLs  = 0.04995
AsymptoticLimits.cc[337] : (in function: getCLs) - At r = 0.309851:	q_mu = 4.04837	q_A  = 3.43932	Pmu = 0.02176	1-Pb  = 0.43479	CLs  = 0.05004
AsymptoticLimits.cc[337] : (in function: getCLs) - At r = 0.309952:	q_mu = 4.04998	q_A  = 3.44097	Pmu = 0.02174	1-Pb  = 0.43480	CLs  = 0.04999
AsymptoticLimits.cc[337] : (in function: getCLs) - At r = 0.309917:	q_mu = 4.04940	q_A  = 3.44038	Pmu = 0.02174	1-Pb  = 0.43480	CLs  = 0.05001
AsymptoticLimits.cc[337] : (in function: getCLs) - At r = 0.309938:	q_mu = 4.04972	q_A  = 3.44072	Pmu = 0.02174	1-Pb  = 0.43480	CLs  = 0.05000
AsymptoticLimits.cc[337] : (in function: getCLs) - At r = 0.309932:	q_mu = 4.04961	q_A  = 3.44061	Pmu = 0.02174	1-Pb  = 0.43480	CLs  = 0.05000
AsymptoticLimits.cc[337] : (in function: getCLs) - At r = 0.309935:	q_mu = 4.04965	q_A  = 3.44065	Pmu = 0.02174	1-Pb  = 0.43480	CLs  = 0.05000
