CascadeMinimizer.cc[188] : (in function: improveOnce) - Minimization configured with Type=Minuit2, Algo=Migrad, strategy=0, tolerance=0.1
CascadeMinimizer.cc[215] : (in function: improveOnce) - Minimization finished with status=0
CascadeMinimizer.cc[219] : (in function: improveOnce) - Minimization success! status=0
ToyMCSamplerOpt.cc[146] : (in function: generateAsimov) - Using internal logic for binned/unbinned Asimov dataset generation
ToyMCSamplerOpt.cc[214] : (in function: generateWithHisto) - Generating asimov with histogram for pdf pdf_binpass_LOW_obsOnly: in 3 x-bins
ToyMCSamplerOpt.cc[215] : (in function: generateWithHisto) -  , in 1 y-bins
ToyMCSamplerOpt.cc[146] : (in function: generateAsimov) - Using internal logic for binned/unbinned Asimov dataset generation
ToyMCSamplerOpt.cc[214] : (in function: generateWithHisto) - Generating asimov with histogram for pdf pdf_binpass_SIG_obsOnly: in 1 x-bins
ToyMCSamplerOpt.cc[215] : (in function: generateWithHisto) -  , in 1 y-bins
ToyMCSamplerOpt.cc[146] : (in function: generateAsimov) - Using internal logic for binned/unbinned Asimov dataset generation
ToyMCSamplerOpt.cc[214] : (in function: generateWithHisto) - Generating asimov with histogram for pdf pdf_binpass_HIGH_obsOnly: in 5 x-bins
ToyMCSamplerOpt.cc[215] : (in function: generateWithHisto) -  , in 1 y-bins
ToyMCSamplerOpt.cc[146] : (in function: generateAsimov) - Using internal logic for binned/unbinned Asimov dataset generation
ToyMCSamplerOpt.cc[214] : (in function: generateWithHisto) - Generating asimov with histogram for pdf pdf_binfail_LOW_obsOnly: in 3 x-bins
ToyMCSamplerOpt.cc[215] : (in function: generateWithHisto) -  , in 1 y-bins
ToyMCSamplerOpt.cc[146] : (in function: generateAsimov) - Using internal logic for binned/unbinned Asimov dataset generation
ToyMCSamplerOpt.cc[214] : (in function: generateWithHisto) - Generating asimov with histogram for pdf pdf_binfail_SIG_obsOnly: in 1 x-bins
ToyMCSamplerOpt.cc[215] : (in function: generateWithHisto) -  , in 1 y-bins
ToyMCSamplerOpt.cc[146] : (in function: generateAsimov) - Using internal logic for binned/unbinned Asimov dataset generation
ToyMCSamplerOpt.cc[214] : (in function: generateWithHisto) - Generating asimov with histogram for pdf pdf_binfail_HIGH_obsOnly: in 5 x-bins
ToyMCSamplerOpt.cc[215] : (in function: generateWithHisto) -  , in 1 y-bins
AsymptoticLimits.cc[428] : (in function: runLimitExpected) - Median for expected limits = 0.504883, Sigma for expected limits = 0.257598
AsymptoticLimits.cc[191] : (in function: runLimit) - NLL at global minimum of data = -926.774 (r=3.83845e-07)
AsymptoticLimits.cc[211] : (in function: runLimit) - NLL at global minimum of asimov = -925.356 (r=1.03105e-06)
AsymptoticLimits.cc[337] : (in function: getCLs) - At r = 1.200000:	q_mu = 21.88007	q_A  = 15.06176	Pmu = 0.00000	1-Pb  = 0.18985	CLs  = 0.00001
AsymptoticLimits.cc[337] : (in function: getCLs) - At r = 0.600000:	q_mu = 10.79434	q_A  = 5.25992	Pmu = 0.00023	1-Pb  = 0.11380	CLs  = 0.00204
AsymptoticLimits.cc[337] : (in function: getCLs) - At r = 0.300000:	q_mu = 5.11725	q_A  = 1.25785	Pmu = 0.00224	1-Pb  = 0.04266	CLs  = 0.05252
AsymptoticLimits.cc[337] : (in function: getCLs) - At r = 0.450000:	q_mu = 7.94607	q_A  = 3.06807	Pmu = 0.00083	1-Pb  = 0.08189	CLs  = 0.01017
AsymptoticLimits.cc[337] : (in function: getCLs) - At r = 0.375000:	q_mu = 6.52504	q_A  = 2.09430	Pmu = 0.00145	1-Pb  = 0.06291	CLs  = 0.02306
AsymptoticLimits.cc[337] : (in function: getCLs) - At r = 0.318586:	q_mu = 5.46441	q_A  = 1.44845	Pmu = 0.00204	1-Pb  = 0.04762	CLs  = 0.04284
AsymptoticLimits.cc[337] : (in function: getCLs) - At r = 0.307307:	q_mu = 5.25352	q_A  = 1.33092	Pmu = 0.00216	1-Pb  = 0.04456	CLs  = 0.04849
AsymptoticLimits.cc[337] : (in function: getCLs) - At r = 0.303597:	q_mu = 5.18434	q_A  = 1.29319	Pmu = 0.00220	1-Pb  = 0.04355	CLs  = 0.05050
AsymptoticLimits.cc[337] : (in function: getCLs) - At r = 0.305064:	q_mu = 5.21167	q_A  = 1.30795	Pmu = 0.00218	1-Pb  = 0.04394	CLs  = 0.04970
AsymptoticLimits.cc[337] : (in function: getCLs) - At r = 0.304323:	q_mu = 5.19786	q_A  = 1.30035	Pmu = 0.00219	1-Pb  = 0.04373	CLs  = 0.05010
AsymptoticLimits.cc[337] : (in function: getCLs) - At r = 0.304619:	q_mu = 5.20337	q_A  = 1.30328	Pmu = 0.00219	1-Pb  = 0.04380	CLs  = 0.04994
AsymptoticLimits.cc[337] : (in function: getCLs) - At r = 0.304472:	q_mu = 5.20039	q_A  = 1.30174	Pmu = 0.00219	1-Pb  = 0.04377	CLs  = 0.05003
AsymptoticLimits.cc[337] : (in function: getCLs) - At r = 0.304537:	q_mu = 5.20161	q_A  = 1.30236	Pmu = 0.00219	1-Pb  = 0.04378	CLs  = 0.04999
AsymptoticLimits.cc[337] : (in function: getCLs) - At r = 0.304511:	q_mu = 5.20113	q_A  = 1.30206	Pmu = 0.00219	1-Pb  = 0.04377	CLs  = 0.05001
AsymptoticLimits.cc[337] : (in function: getCLs) - At r = 0.304525:	q_mu = 5.20139	q_A  = 1.30217	Pmu = 0.00219	1-Pb  = 0.04377	CLs  = 0.05000
AsymptoticLimits.cc[337] : (in function: getCLs) - At r = 0.304521:	q_mu = 5.20130	q_A  = 1.30209	Pmu = 0.00219	1-Pb  = 0.04377	CLs  = 0.05000
AsymptoticLimits.cc[337] : (in function: getCLs) - At r = 0.304523:	q_mu = 5.20135	q_A  = 1.30209	Pmu = 0.00219	1-Pb  = 0.04377	CLs  = 0.05000
