CascadeMinimizer.cc[188] : (in function: improveOnce) - Minimization configured with Type=Minuit2, Algo=Migrad, strategy=0, tolerance=0.1
CascadeMinimizer.cc[215] : (in function: improveOnce) - Minimization finished with status=0
CascadeMinimizer.cc[219] : (in function: improveOnce) - Minimization success! status=0
ToyMCSamplerOpt.cc[146] : (in function: generateAsimov) - Using internal logic for binned/unbinned Asimov dataset generation
ToyMCSamplerOpt.cc[214] : (in function: generateWithHisto) - Generating asimov with histogram for pdf pdf_binpass_LOW_obsOnly: in 3 x-bins
ToyMCSamplerOpt.cc[215] : (in function: generateWithHisto) -  , in 1 y-bins
ToyMCSamplerOpt.cc[146] : (in function: generateAsimov) - Using internal logic for binned/unbinned Asimov dataset generation
ToyMCSamplerOpt.cc[214] : (in function: generateWithHisto) - Generating asimov with histogram for pdf pdf_binpass_SIG_obsOnly: in 1 x-bins
ToyMCSamplerOpt.cc[215] : (in function: generateWithHisto) -  , in 1 y-bins
ToyMCSamplerOpt.cc[146] : (in function: generateAsimov) - Using internal logic for binned/unbinned Asimov dataset generation
ToyMCSamplerOpt.cc[214] : (in function: generateWithHisto) - Generating asimov with histogram for pdf pdf_binpass_HIGH_obsOnly: in 5 x-bins
ToyMCSamplerOpt.cc[215] : (in function: generateWithHisto) -  , in 1 y-bins
ToyMCSamplerOpt.cc[146] : (in function: generateAsimov) - Using internal logic for binned/unbinned Asimov dataset generation
ToyMCSamplerOpt.cc[214] : (in function: generateWithHisto) - Generating asimov with histogram for pdf pdf_binfail_LOW_obsOnly: in 3 x-bins
ToyMCSamplerOpt.cc[215] : (in function: generateWithHisto) -  , in 1 y-bins
ToyMCSamplerOpt.cc[146] : (in function: generateAsimov) - Using internal logic for binned/unbinned Asimov dataset generation
ToyMCSamplerOpt.cc[214] : (in function: generateWithHisto) - Generating asimov with histogram for pdf pdf_binfail_SIG_obsOnly: in 1 x-bins
ToyMCSamplerOpt.cc[215] : (in function: generateWithHisto) -  , in 1 y-bins
ToyMCSamplerOpt.cc[146] : (in function: generateAsimov) - Using internal logic for binned/unbinned Asimov dataset generation
ToyMCSamplerOpt.cc[214] : (in function: generateWithHisto) - Generating asimov with histogram for pdf pdf_binfail_HIGH_obsOnly: in 5 x-bins
ToyMCSamplerOpt.cc[215] : (in function: generateWithHisto) -  , in 1 y-bins
AsymptoticLimits.cc[428] : (in function: runLimitExpected) - Median for expected limits = 1.51562, Sigma for expected limits = 0.773292
AsymptoticLimits.cc[191] : (in function: runLimit) - NLL at global minimum of data = -42.8418 (r=1.46116e-06)
AsymptoticLimits.cc[211] : (in function: runLimit) - NLL at global minimum of asimov = -42.8322 (r=1.28128e-07)
AsymptoticLimits.cc[337] : (in function: getCLs) - At r = 1.200001:	q_mu = 3.10462	q_A  = 3.09504	Pmu = 0.03904	1-Pb  = 0.49891	CLs  = 0.07824
AsymptoticLimits.cc[337] : (in function: getCLs) - At r = 2.400003:	q_mu = 5.82992	q_A  = 5.81903	Pmu = 0.00788	1-Pb  = 0.49910	CLs  = 0.01578
AsymptoticLimits.cc[337] : (in function: getCLs) - At r = 1.200002:	q_mu = 3.10447	q_A  = 3.09491	Pmu = 0.03904	1-Pb  = 0.49892	CLs  = 0.07825
AsymptoticLimits.cc[337] : (in function: getCLs) - At r = 1.708566:	q_mu = 4.29809	q_A  = 4.28717	Pmu = 0.01908	1-Pb  = 0.49895	CLs  = 0.03824
AsymptoticLimits.cc[337] : (in function: getCLs) - At r = 1.454444:	q_mu = 3.70932	q_A  = 3.69895	Pmu = 0.02705	1-Pb  = 0.49892	CLs  = 0.05423
AsymptoticLimits.cc[337] : (in function: getCLs) - At r = 1.552478:	q_mu = 3.93790	q_A  = 3.92761	Pmu = 0.02360	1-Pb  = 0.49896	CLs  = 0.04731
AsymptoticLimits.cc[337] : (in function: getCLs) - At r = 1.501065:	q_mu = 3.81806	q_A  = 3.80794	Pmu = 0.02535	1-Pb  = 0.49897	CLs  = 0.05081
AsymptoticLimits.cc[337] : (in function: getCLs) - At r = 1.520582:	q_mu = 3.86357	q_A  = 3.85343	Pmu = 0.02467	1-Pb  = 0.49897	CLs  = 0.04945
AsymptoticLimits.cc[337] : (in function: getCLs) - At r = 1.510281:	q_mu = 3.83953	q_A  = 3.82943	Pmu = 0.02503	1-Pb  = 0.49897	CLs  = 0.05016
AsymptoticLimits.cc[337] : (in function: getCLs) - At r = 1.514186:	q_mu = 3.84834	q_A  = 3.83853	Pmu = 0.02490	1-Pb  = 0.49900	CLs  = 0.04989
AsymptoticLimits.cc[337] : (in function: getCLs) - At r = 1.512167:	q_mu = 3.84356	q_A  = 3.83382	Pmu = 0.02497	1-Pb  = 0.49901	CLs  = 0.05004
AsymptoticLimits.cc[337] : (in function: getCLs) - At r = 1.512986:	q_mu = 3.84545	q_A  = 3.83573	Pmu = 0.02494	1-Pb  = 0.49901	CLs  = 0.04998
AsymptoticLimits.cc[337] : (in function: getCLs) - At r = 1.512589:	q_mu = 3.84451	q_A  = 3.83480	Pmu = 0.02495	1-Pb  = 0.49901	CLs  = 0.05001
AsymptoticLimits.cc[337] : (in function: getCLs) - At r = 1.512758:	q_mu = 3.84488	q_A  = 3.83520	Pmu = 0.02495	1-Pb  = 0.49901	CLs  = 0.05000
AsymptoticLimits.cc[337] : (in function: getCLs) - At r = 1.512683:	q_mu = 3.84469	q_A  = 3.83502	Pmu = 0.02495	1-Pb  = 0.49902	CLs  = 0.05000
AsymptoticLimits.cc[337] : (in function: getCLs) - At r = 1.512721:	q_mu = 3.84475	q_A  = 3.83511	Pmu = 0.02495	1-Pb  = 0.49902	CLs  = 0.05000
AsymptoticLimits.cc[337] : (in function: getCLs) - At r = 1.512712:	q_mu = 3.84471	q_A  = 3.83509	Pmu = 0.02495	1-Pb  = 0.49902	CLs  = 0.05000
AsymptoticLimits.cc[337] : (in function: getCLs) - At r = 1.512718:	q_mu = 3.84471	q_A  = 3.83510	Pmu = 0.02495	1-Pb  = 0.49902	CLs  = 0.05000
