CascadeMinimizer.cc[188] : (in function: improveOnce) - Minimization configured with Type=Minuit2, Algo=Migrad, strategy=0, tolerance=0.1
CascadeMinimizer.cc[215] : (in function: improveOnce) - Minimization finished with status=0
CascadeMinimizer.cc[219] : (in function: improveOnce) - Minimization success! status=0
ToyMCSamplerOpt.cc[146] : (in function: generateAsimov) - Using internal logic for binned/unbinned Asimov dataset generation
ToyMCSamplerOpt.cc[214] : (in function: generateWithHisto) - Generating asimov with histogram for pdf pdf_binpass_LOW_obsOnly: in 2 x-bins
ToyMCSamplerOpt.cc[215] : (in function: generateWithHisto) -  , in 1 y-bins
ToyMCSamplerOpt.cc[146] : (in function: generateAsimov) - Using internal logic for binned/unbinned Asimov dataset generation
ToyMCSamplerOpt.cc[214] : (in function: generateWithHisto) - Generating asimov with histogram for pdf pdf_binpass_SIG_obsOnly: in 1 x-bins
ToyMCSamplerOpt.cc[215] : (in function: generateWithHisto) -  , in 1 y-bins
ToyMCSamplerOpt.cc[146] : (in function: generateAsimov) - Using internal logic for binned/unbinned Asimov dataset generation
ToyMCSamplerOpt.cc[214] : (in function: generateWithHisto) - Generating asimov with histogram for pdf pdf_binpass_HIGH_obsOnly: in 9 x-bins
ToyMCSamplerOpt.cc[215] : (in function: generateWithHisto) -  , in 1 y-bins
ToyMCSamplerOpt.cc[146] : (in function: generateAsimov) - Using internal logic for binned/unbinned Asimov dataset generation
ToyMCSamplerOpt.cc[214] : (in function: generateWithHisto) - Generating asimov with histogram for pdf pdf_binfail_LOW_obsOnly: in 2 x-bins
ToyMCSamplerOpt.cc[215] : (in function: generateWithHisto) -  , in 1 y-bins
ToyMCSamplerOpt.cc[146] : (in function: generateAsimov) - Using internal logic for binned/unbinned Asimov dataset generation
ToyMCSamplerOpt.cc[214] : (in function: generateWithHisto) - Generating asimov with histogram for pdf pdf_binfail_SIG_obsOnly: in 1 x-bins
ToyMCSamplerOpt.cc[215] : (in function: generateWithHisto) -  , in 1 y-bins
ToyMCSamplerOpt.cc[146] : (in function: generateAsimov) - Using internal logic for binned/unbinned Asimov dataset generation
ToyMCSamplerOpt.cc[214] : (in function: generateWithHisto) - Generating asimov with histogram for pdf pdf_binfail_HIGH_obsOnly: in 9 x-bins
ToyMCSamplerOpt.cc[215] : (in function: generateWithHisto) -  , in 1 y-bins
AsymptoticLimits.cc[428] : (in function: runLimitExpected) - Median for expected limits = 2.84375, Sigma for expected limits = 1.45092
AsymptoticLimits.cc[191] : (in function: runLimit) - NLL at global minimum of data = -545.424 (r=1.82686e-07)
AsymptoticLimits.cc[211] : (in function: runLimit) - NLL at global minimum of asimov = -544.852 (r=1.27897e-06)
AsymptoticLimits.cc[337] : (in function: getCLs) - At r = 1.476117:	q_mu = 2.90837	q_A  = 1.78769	Pmu = 0.03953	1-Pb  = 0.33758	CLs  = 0.11711
AsymptoticLimits.cc[337] : (in function: getCLs) - At r = 2.952234:	q_mu = 5.56314	q_A  = 4.00051	Pmu = 0.00841	1-Pb  = 0.34803	CLs  = 0.02415
AsymptoticLimits.cc[337] : (in function: getCLs) - At r = 1.476117:	q_mu = 2.90836	q_A  = 1.78768	Pmu = 0.03953	1-Pb  = 0.33758	CLs  = 0.11711
AsymptoticLimits.cc[337] : (in function: getCLs) - At r = 2.112773:	q_mu = 4.08052	q_A  = 2.74018	Pmu = 0.01969	1-Pb  = 0.34279	CLs  = 0.05744
AsymptoticLimits.cc[337] : (in function: getCLs) - At r = 2.388196:	q_mu = 4.57445	q_A  = 3.15452	Pmu = 0.01478	1-Pb  = 0.34468	CLs  = 0.04289
AsymptoticLimits.cc[337] : (in function: getCLs) - At r = 2.272507:	q_mu = 4.36789	q_A  = 2.98041	Pmu = 0.01666	1-Pb  = 0.34390	CLs  = 0.04844
AsymptoticLimits.cc[337] : (in function: getCLs) - At r = 2.216808:	q_mu = 4.26798	q_A  = 2.89659	Pmu = 0.01765	1-Pb  = 0.34351	CLs  = 0.05139
AsymptoticLimits.cc[337] : (in function: getCLs) - At r = 2.248624:	q_mu = 4.32508	q_A  = 2.94445	Pmu = 0.01708	1-Pb  = 0.34373	CLs  = 0.04968
AsymptoticLimits.cc[337] : (in function: getCLs) - At r = 2.237464:	q_mu = 4.30510	q_A  = 2.92765	Pmu = 0.01728	1-Pb  = 0.34365	CLs  = 0.05027
AsymptoticLimits.cc[337] : (in function: getCLs) - At r = 2.243816:	q_mu = 4.31649	q_A  = 2.93720	Pmu = 0.01716	1-Pb  = 0.34369	CLs  = 0.04994
AsymptoticLimits.cc[337] : (in function: getCLs) - At r = 2.241580:	q_mu = 4.31248	q_A  = 2.93382	Pmu = 0.01720	1-Pb  = 0.34368	CLs  = 0.05005
AsymptoticLimits.cc[337] : (in function: getCLs) - At r = 2.242852:	q_mu = 4.31476	q_A  = 2.93577	Pmu = 0.01718	1-Pb  = 0.34369	CLs  = 0.04999
AsymptoticLimits.cc[337] : (in function: getCLs) - At r = 2.242402:	q_mu = 4.31406	q_A  = 2.93502	Pmu = 0.01719	1-Pb  = 0.34367	CLs  = 0.05001
AsymptoticLimits.cc[337] : (in function: getCLs) - At r = 2.242643:	q_mu = 4.31448	q_A  = 2.93537	Pmu = 0.01718	1-Pb  = 0.34367	CLs  = 0.05000
AsymptoticLimits.cc[337] : (in function: getCLs) - At r = 2.242549:	q_mu = 4.31430	q_A  = 2.93522	Pmu = 0.01718	1-Pb  = 0.34367	CLs  = 0.05000
AsymptoticLimits.cc[337] : (in function: getCLs) - At r = 2.242600:	q_mu = 4.31455	q_A  = 2.93529	Pmu = 0.01718	1-Pb  = 0.34365	CLs  = 0.05000
AsymptoticLimits.cc[337] : (in function: getCLs) - At r = 2.242575:	q_mu = 4.31449	q_A  = 2.93525	Pmu = 0.01718	1-Pb  = 0.34365	CLs  = 0.05000
AsymptoticLimits.cc[337] : (in function: getCLs) - At r = 2.242560:	q_mu = 4.31451	q_A  = 2.93526	Pmu = 0.01718	1-Pb  = 0.34365	CLs  = 0.05000
AsymptoticLimits.cc[337] : (in function: getCLs) - At r = 2.242555:	q_mu = 4.31447	q_A  = 2.93519	Pmu = 0.01718	1-Pb  = 0.34365	CLs  = 0.05000
