CascadeMinimizer.cc[188] : (in function: improveOnce) - Minimization configured with Type=Minuit2, Algo=Migrad, strategy=0, tolerance=0.1
CascadeMinimizer.cc[215] : (in function: improveOnce) - Minimization finished with status=0
CascadeMinimizer.cc[219] : (in function: improveOnce) - Minimization success! status=0
ToyMCSamplerOpt.cc[146] : (in function: generateAsimov) - Using internal logic for binned/unbinned Asimov dataset generation
ToyMCSamplerOpt.cc[214] : (in function: generateWithHisto) - Generating asimov with histogram for pdf pdf_binpass_LOW_obsOnly: in 4 x-bins
ToyMCSamplerOpt.cc[215] : (in function: generateWithHisto) -  , in 1 y-bins
ToyMCSamplerOpt.cc[146] : (in function: generateAsimov) - Using internal logic for binned/unbinned Asimov dataset generation
ToyMCSamplerOpt.cc[214] : (in function: generateWithHisto) - Generating asimov with histogram for pdf pdf_binpass_SIG_obsOnly: in 3 x-bins
ToyMCSamplerOpt.cc[215] : (in function: generateWithHisto) -  , in 1 y-bins
ToyMCSamplerOpt.cc[146] : (in function: generateAsimov) - Using internal logic for binned/unbinned Asimov dataset generation
ToyMCSamplerOpt.cc[214] : (in function: generateWithHisto) - Generating asimov with histogram for pdf pdf_binpass_HIGH_obsOnly: in 7 x-bins
ToyMCSamplerOpt.cc[215] : (in function: generateWithHisto) -  , in 1 y-bins
ToyMCSamplerOpt.cc[146] : (in function: generateAsimov) - Using internal logic for binned/unbinned Asimov dataset generation
ToyMCSamplerOpt.cc[214] : (in function: generateWithHisto) - Generating asimov with histogram for pdf pdf_binfail_LOW_obsOnly: in 4 x-bins
ToyMCSamplerOpt.cc[215] : (in function: generateWithHisto) -  , in 1 y-bins
ToyMCSamplerOpt.cc[146] : (in function: generateAsimov) - Using internal logic for binned/unbinned Asimov dataset generation
ToyMCSamplerOpt.cc[214] : (in function: generateWithHisto) - Generating asimov with histogram for pdf pdf_binfail_SIG_obsOnly: in 3 x-bins
ToyMCSamplerOpt.cc[215] : (in function: generateWithHisto) -  , in 1 y-bins
ToyMCSamplerOpt.cc[146] : (in function: generateAsimov) - Using internal logic for binned/unbinned Asimov dataset generation
ToyMCSamplerOpt.cc[214] : (in function: generateWithHisto) - Generating asimov with histogram for pdf pdf_binfail_HIGH_obsOnly: in 7 x-bins
ToyMCSamplerOpt.cc[215] : (in function: generateWithHisto) -  , in 1 y-bins
AsymptoticLimits.cc[428] : (in function: runLimitExpected) - Median for expected limits = 1.05078, Sigma for expected limits = 0.536123
AsymptoticLimits.cc[191] : (in function: runLimit) - NLL at global minimum of data = -11136.1 (r=2.45238e-07)
AsymptoticLimits.cc[211] : (in function: runLimit) - NLL at global minimum of asimov = -11135.6 (r=1.33756e-06)
AsymptoticLimits.cc[337] : (in function: getCLs) - At r = 1.200000:	q_mu = 5.97241	q_A  = 4.36782	Pmu = 0.00668	1-Pb  = 0.35053	CLs  = 0.01907
AsymptoticLimits.cc[337] : (in function: getCLs) - At r = 0.600000:	q_mu = 3.37148	q_A  = 2.13930	Pmu = 0.02979	1-Pb  = 0.33680	CLs  = 0.08846
AsymptoticLimits.cc[337] : (in function: getCLs) - At r = 0.898454:	q_mu = 4.73222	q_A  = 3.28429	Pmu = 0.01349	1-Pb  = 0.34477	CLs  = 0.03913
AsymptoticLimits.cc[337] : (in function: getCLs) - At r = 0.767026:	q_mu = 4.15164	q_A  = 2.78882	Pmu = 0.01885	1-Pb  = 0.34162	CLs  = 0.05519
AsymptoticLimits.cc[337] : (in function: getCLs) - At r = 0.823514:	q_mu = 4.40457	q_A  = 3.00350	Pmu = 0.01629	1-Pb  = 0.34303	CLs  = 0.04748
AsymptoticLimits.cc[337] : (in function: getCLs) - At r = 0.796694:	q_mu = 4.28510	q_A  = 2.90188	Pmu = 0.01745	1-Pb  = 0.34237	CLs  = 0.05097
AsymptoticLimits.cc[337] : (in function: getCLs) - At r = 0.807881:	q_mu = 4.33504	q_A  = 2.94433	Pmu = 0.01695	1-Pb  = 0.34265	CLs  = 0.04948
AsymptoticLimits.cc[337] : (in function: getCLs) - At r = 0.802499:	q_mu = 4.31111	q_A  = 2.92391	Pmu = 0.01719	1-Pb  = 0.34251	CLs  = 0.05019
AsymptoticLimits.cc[337] : (in function: getCLs) - At r = 0.804725:	q_mu = 4.32098	q_A  = 2.93236	Pmu = 0.01709	1-Pb  = 0.34257	CLs  = 0.04990
AsymptoticLimits.cc[337] : (in function: getCLs) - At r = 0.803651:	q_mu = 4.31617	q_A  = 2.92828	Pmu = 0.01714	1-Pb  = 0.34255	CLs  = 0.05004
AsymptoticLimits.cc[337] : (in function: getCLs) - At r = 0.804100:	q_mu = 4.31817	q_A  = 2.93002	Pmu = 0.01712	1-Pb  = 0.34256	CLs  = 0.04998
AsymptoticLimits.cc[337] : (in function: getCLs) - At r = 0.803885:	q_mu = 4.31721	q_A  = 2.92918	Pmu = 0.01713	1-Pb  = 0.34255	CLs  = 0.05001
AsymptoticLimits.cc[337] : (in function: getCLs) - At r = 0.803975:	q_mu = 4.31769	q_A  = 2.92952	Pmu = 0.01713	1-Pb  = 0.34255	CLs  = 0.04999
AsymptoticLimits.cc[337] : (in function: getCLs) - At r = 0.803927:	q_mu = 4.31742	q_A  = 2.92933	Pmu = 0.01713	1-Pb  = 0.34255	CLs  = 0.05000
AsymptoticLimits.cc[337] : (in function: getCLs) - At r = 0.803947:	q_mu = 4.31749	q_A  = 2.92941	Pmu = 0.01713	1-Pb  = 0.34255	CLs  = 0.05000
AsymptoticLimits.cc[337] : (in function: getCLs) - At r = 0.803941:	q_mu = 4.31746	q_A  = 2.92941	Pmu = 0.01713	1-Pb  = 0.34256	CLs  = 0.05000
AsymptoticLimits.cc[337] : (in function: getCLs) - At r = 0.803944:	q_mu = 4.31747	q_A  = 2.92940	Pmu = 0.01713	1-Pb  = 0.34256	CLs  = 0.05000
