CascadeMinimizer.cc[188] : (in function: improveOnce) - Minimization configured with Type=Minuit2, Algo=Migrad, strategy=0, tolerance=0.1
CascadeMinimizer.cc[215] : (in function: improveOnce) - Minimization finished with status=0
CascadeMinimizer.cc[219] : (in function: improveOnce) - Minimization success! status=0
ToyMCSamplerOpt.cc[146] : (in function: generateAsimov) - Using internal logic for binned/unbinned Asimov dataset generation
ToyMCSamplerOpt.cc[214] : (in function: generateWithHisto) - Generating asimov with histogram for pdf pdf_binpass_LOW_obsOnly: in 3 x-bins
ToyMCSamplerOpt.cc[215] : (in function: generateWithHisto) -  , in 1 y-bins
ToyMCSamplerOpt.cc[146] : (in function: generateAsimov) - Using internal logic for binned/unbinned Asimov dataset generation
ToyMCSamplerOpt.cc[214] : (in function: generateWithHisto) - Generating asimov with histogram for pdf pdf_binpass_SIG_obsOnly: in 1 x-bins
ToyMCSamplerOpt.cc[215] : (in function: generateWithHisto) -  , in 1 y-bins
ToyMCSamplerOpt.cc[146] : (in function: generateAsimov) - Using internal logic for binned/unbinned Asimov dataset generation
ToyMCSamplerOpt.cc[214] : (in function: generateWithHisto) - Generating asimov with histogram for pdf pdf_binpass_HIGH_obsOnly: in 5 x-bins
ToyMCSamplerOpt.cc[215] : (in function: generateWithHisto) -  , in 1 y-bins
ToyMCSamplerOpt.cc[146] : (in function: generateAsimov) - Using internal logic for binned/unbinned Asimov dataset generation
ToyMCSamplerOpt.cc[214] : (in function: generateWithHisto) - Generating asimov with histogram for pdf pdf_binfail_LOW_obsOnly: in 3 x-bins
ToyMCSamplerOpt.cc[215] : (in function: generateWithHisto) -  , in 1 y-bins
ToyMCSamplerOpt.cc[146] : (in function: generateAsimov) - Using internal logic for binned/unbinned Asimov dataset generation
ToyMCSamplerOpt.cc[214] : (in function: generateWithHisto) - Generating asimov with histogram for pdf pdf_binfail_SIG_obsOnly: in 1 x-bins
ToyMCSamplerOpt.cc[215] : (in function: generateWithHisto) -  , in 1 y-bins
ToyMCSamplerOpt.cc[146] : (in function: generateAsimov) - Using internal logic for binned/unbinned Asimov dataset generation
ToyMCSamplerOpt.cc[214] : (in function: generateWithHisto) - Generating asimov with histogram for pdf pdf_binfail_HIGH_obsOnly: in 5 x-bins
ToyMCSamplerOpt.cc[215] : (in function: generateWithHisto) -  , in 1 y-bins
AsymptoticLimits.cc[415] : (in function: runLimitExpected) - [WARNING] Best fit of asimov dataset is at r = 0.081986 (0.004099 times rMax), while it should be at zero
AsymptoticLimits.cc[428] : (in function: runLimitExpected) - Median for expected limits = 17.7812, Sigma for expected limits = 9.07223
AsymptoticLimits.cc[191] : (in function: runLimit) - NLL at global minimum of data = -17537.5 (r=2.32414e-05)
AsymptoticLimits.cc[211] : (in function: runLimit) - NLL at global minimum of asimov = -17527.5 (r=0.00768668)
AsymptoticLimits.cc[337] : (in function: getCLs) - At r = 11.461992:	q_mu = 4.59717	q_A  = 1.63058	Pmu = 0.00737	1-Pb  = 0.12270	CLs  = 0.06009
AsymptoticLimits.cc[337] : (in function: getCLs) - At r = 22.923984:	q_mu = 11.96891	q_A  = 6.26765	Pmu = 0.00014	1-Pb  = 0.12743	CLs  = 0.00106
AsymptoticLimits.cc[337] : (in function: getCLs) - At r = 11.462004:	q_mu = 4.59719	q_A  = 1.63059	Pmu = 0.00737	1-Pb  = 0.12270	CLs  = 0.06009
AsymptoticLimits.cc[337] : (in function: getCLs) - At r = 17.192994:	q_mu = 7.96384	q_A  = 3.59919	Pmu = 0.00115	1-Pb  = 0.12501	CLs  = 0.00923
AsymptoticLimits.cc[337] : (in function: getCLs) - At r = 14.327499:	q_mu = 6.19717	q_A  = 2.52400	Pmu = 0.00303	1-Pb  = 0.12384	CLs  = 0.02445
AsymptoticLimits.cc[337] : (in function: getCLs) - At r = 12.503836:	q_mu = 5.15918	q_A  = 1.93396	Pmu = 0.00538	1-Pb  = 0.12311	CLs  = 0.04372
AsymptoticLimits.cc[337] : (in function: getCLs) - At r = 11.943732:	q_mu = 4.85440	q_A  = 1.76802	Pmu = 0.00638	1-Pb  = 0.12291	CLs  = 0.05193
AsymptoticLimits.cc[337] : (in function: getCLs) - At r = 12.154390:	q_mu = 4.96821	q_A  = 1.82953	Pmu = 0.00599	1-Pb  = 0.12298	CLs  = 0.04869
AsymptoticLimits.cc[337] : (in function: getCLs) - At r = 12.042956:	q_mu = 4.90784	q_A  = 1.79681	Pmu = 0.00619	1-Pb  = 0.12293	CLs  = 0.05038
AsymptoticLimits.cc[337] : (in function: getCLs) - At r = 12.085269:	q_mu = 4.93070	q_A  = 1.80917	Pmu = 0.00612	1-Pb  = 0.12295	CLs  = 0.04974
AsymptoticLimits.cc[337] : (in function: getCLs) - At r = 12.063034:	q_mu = 4.91866	q_A  = 1.80264	Pmu = 0.00616	1-Pb  = 0.12294	CLs  = 0.05008
AsymptoticLimits.cc[337] : (in function: getCLs) - At r = 12.071529:	q_mu = 4.92325	q_A  = 1.80512	Pmu = 0.00614	1-Pb  = 0.12294	CLs  = 0.04995
AsymptoticLimits.cc[337] : (in function: getCLs) - At r = 12.067098:	q_mu = 4.92084	q_A  = 1.80381	Pmu = 0.00615	1-Pb  = 0.12294	CLs  = 0.05002
AsymptoticLimits.cc[337] : (in function: getCLs) - At r = 12.068817:	q_mu = 4.92177	q_A  = 1.80431	Pmu = 0.00615	1-Pb  = 0.12294	CLs  = 0.04999
AsymptoticLimits.cc[337] : (in function: getCLs) - At r = 12.067942:	q_mu = 4.92129	q_A  = 1.80404	Pmu = 0.00615	1-Pb  = 0.12294	CLs  = 0.05000
AsymptoticLimits.cc[337] : (in function: getCLs) - At r = 12.068298:	q_mu = 4.92148	q_A  = 1.80414	Pmu = 0.00615	1-Pb  = 0.12294	CLs  = 0.05000
AsymptoticLimits.cc[337] : (in function: getCLs) - At r = 12.068131:	q_mu = 4.92138	q_A  = 1.80409	Pmu = 0.00615	1-Pb  = 0.12294	CLs  = 0.05000
AsymptoticLimits.cc[337] : (in function: getCLs) - At r = 12.068209:	q_mu = 4.92142	q_A  = 1.80411	Pmu = 0.00615	1-Pb  = 0.12294	CLs  = 0.05000
AsymptoticLimits.cc[337] : (in function: getCLs) - At r = 12.068182:	q_mu = 4.92141	q_A  = 1.80410	Pmu = 0.00615	1-Pb  = 0.12294	CLs  = 0.05000
