 <<< Combine >>> 
 <<< v10.0.1 >>>
>>> Random number generator seed is 123456
>>> Method used is FitDiagnostics
Set Default Value of Parameter mask_pass_SIG To : 1
Set Default Value of Parameter mask_pass_HIGH To : 1
Set Default Value of Parameter r To : 1
>>> 2 out of 6 channels masked

>> Found 17 floating parameters
>> The following parameters are protected in the event of negative eigenvalues:
>> Verifying eigenvalues are all positive (iteration 0)
Eigenvalue 16 : -0.00417432
 - -0.606677	CMS_EXO26004_Background_rpf_2x0_par2
 - -0.561151	CMS_EXO26004_Background_rpf_2x0_par3
 - 0.442379	CMS_EXO26004_Background_rpf_2x0_par1
 - 0.348357	CMS_EXO26004_Background_rpf_2x0_par0
 - -0.000509771	CMS_EXO26004_Background_fail_LOW_bin_2-1
>> Attempt 0 failed, remove the variable with largest eigenvector component...
>> Dropping CMS_EXO26004_Background_rpf_2x0_par2 from the hessian
>> Verifying eigenvalues are all positive (iteration 1)
Eigenvalue 15 : -0.000494978
 - -0.765367	CMS_EXO26004_Background_rpf_2x0_par3
 - 0.602338	CMS_EXO26004_Background_rpf_2x0_par0
 - 0.22672	CMS_EXO26004_Background_rpf_2x0_par1
 - -0.000196584	CMS_EXO26004_Background_fail_LOW_bin_3-1
 - 0.000114717	CMS_EXO26004_Background_fail_LOW_bin_1-1
>> Attempt 1 failed, remove the variable with largest eigenvector component...
>> Dropping CMS_EXO26004_Background_rpf_2x0_par3 from the hessian
>> Verifying eigenvalues are all positive (iteration 2)
>> All eigenvalues are positive
>> Inverting Hessian...
>> Matrix inverted
>> Note: the following parameters were dropped to make the covariance matrix pos-def:
     - CMS_EXO26004_Background_rpf_2x0_par2
     - CMS_EXO26004_Background_rpf_2x0_par3
 Fit B-only, status = 0, numBadNLL = 0, covariance quality = -1
Running Minos for POI r
>> Found 18 floating parameters
>> The following parameters are protected in the event of negative eigenvalues: r
>> Verifying eigenvalues are all positive (iteration 0)
Eigenvalue 16 : -0.00126898
 - -0.709952	r
 - 0.701707	CMS_EXO26004_Background_fail_HIGH_bin_5-1
 - 0.032959	CMS_EXO26004_Background_fail_HIGH_bin_4-1
 - 0.0302973	CMS_EXO26004_Background_rpf_2x0_par3
 - 0.0242272	CMS_EXO26004_Background_rpf_2x0_par2
Eigenvalue 17 : -0.00408026
 - -0.606094	CMS_EXO26004_Background_rpf_2x0_par2
 - -0.561472	CMS_EXO26004_Background_rpf_2x0_par3
 - 0.442245	CMS_EXO26004_Background_rpf_2x0_par1
 - 0.347574	CMS_EXO26004_Background_rpf_2x0_par0
 - -0.02275	r
>> Attempt 0 failed, remove the variable with largest eigenvector component...
>> Dropping CMS_EXO26004_Background_rpf_2x0_par2 from the hessian
>> Verifying eigenvalues are all positive (iteration 1)
Eigenvalue 15 : -0.00046907
 - 0.763041	CMS_EXO26004_Background_rpf_2x0_par3
 - -0.599432	CMS_EXO26004_Background_rpf_2x0_par0
 - -0.219646	CMS_EXO26004_Background_rpf_2x0_par1
 - -0.0716569	r
 - 0.0711019	CMS_EXO26004_Background_fail_HIGH_bin_5-1
Eigenvalue 16 : -0.00128204
 - 0.706663	r
 - -0.698412	CMS_EXO26004_Background_fail_HIGH_bin_5-1
 - 0.0708734	CMS_EXO26004_Background_rpf_2x0_par3
 - -0.0571834	CMS_EXO26004_Background_rpf_2x0_par0
 - -0.0550622	CMS_EXO26004_Background_rpf_2x0_par1
>> Attempt 1 failed, remove the variable with largest eigenvector component...
>> Dropping CMS_EXO26004_Background_fail_HIGH_bin_5-1 from the hessian
>> Verifying eigenvalues are all positive (iteration 2)
Eigenvalue 15 : -0.000477427
 - -0.766298	CMS_EXO26004_Background_rpf_2x0_par3
 - 0.602121	CMS_EXO26004_Background_rpf_2x0_par0
 - 0.224138	CMS_EXO26004_Background_rpf_2x0_par1
 - -0.000576434	r
 - -0.000184043	CMS_EXO26004_Background_fail_LOW_bin_3-1
>> Attempt 2 failed, remove the variable with largest eigenvector component...
>> Dropping CMS_EXO26004_Background_rpf_2x0_par3 from the hessian
>> Verifying eigenvalues are all positive (iteration 3)
>> All eigenvalues are positive
>> Inverting Hessian...
>> Matrix inverted
>> Note: the following parameters were dropped to make the covariance matrix pos-def:
     - CMS_EXO26004_Background_rpf_2x0_par2
     - CMS_EXO26004_Background_fail_HIGH_bin_5-1
     - CMS_EXO26004_Background_rpf_2x0_par3
Fit S+B, status = 0, numBadNLL = 0, covariance quality = -1

 --- FitDiagnostics ---
Best fit r: 0.0723635  -0.0723635/+49.9276  (68% CL)
Done in 0.01 min (cpu), 0.01 min (real)
27 log messages saved to combine_logger.out
