CascadeMinimizer.cc[188] : (in function: improveOnce) - Minimization configured with Type=Minuit2, Algo=Migrad, strategy=0, tolerance=0.1
CascadeMinimizer.cc[215] : (in function: improveOnce) - Minimization finished with status=0
CascadeMinimizer.cc[219] : (in function: improveOnce) - Minimization success! status=0
ToyMCSamplerOpt.cc[146] : (in function: generateAsimov) - Using internal logic for binned/unbinned Asimov dataset generation
ToyMCSamplerOpt.cc[214] : (in function: generateWithHisto) - Generating asimov with histogram for pdf pdf_binpass_LOW_obsOnly: in 4 x-bins
ToyMCSamplerOpt.cc[215] : (in function: generateWithHisto) -  , in 1 y-bins
ToyMCSamplerOpt.cc[146] : (in function: generateAsimov) - Using internal logic for binned/unbinned Asimov dataset generation
ToyMCSamplerOpt.cc[214] : (in function: generateWithHisto) - Generating asimov with histogram for pdf pdf_binpass_SIG_obsOnly: in 3 x-bins
ToyMCSamplerOpt.cc[215] : (in function: generateWithHisto) -  , in 1 y-bins
ToyMCSamplerOpt.cc[146] : (in function: generateAsimov) - Using internal logic for binned/unbinned Asimov dataset generation
ToyMCSamplerOpt.cc[214] : (in function: generateWithHisto) - Generating asimov with histogram for pdf pdf_binpass_HIGH_obsOnly: in 7 x-bins
ToyMCSamplerOpt.cc[215] : (in function: generateWithHisto) -  , in 1 y-bins
ToyMCSamplerOpt.cc[146] : (in function: generateAsimov) - Using internal logic for binned/unbinned Asimov dataset generation
ToyMCSamplerOpt.cc[214] : (in function: generateWithHisto) - Generating asimov with histogram for pdf pdf_binfail_LOW_obsOnly: in 4 x-bins
ToyMCSamplerOpt.cc[215] : (in function: generateWithHisto) -  , in 1 y-bins
ToyMCSamplerOpt.cc[146] : (in function: generateAsimov) - Using internal logic for binned/unbinned Asimov dataset generation
ToyMCSamplerOpt.cc[214] : (in function: generateWithHisto) - Generating asimov with histogram for pdf pdf_binfail_SIG_obsOnly: in 3 x-bins
ToyMCSamplerOpt.cc[215] : (in function: generateWithHisto) -  , in 1 y-bins
ToyMCSamplerOpt.cc[146] : (in function: generateAsimov) - Using internal logic for binned/unbinned Asimov dataset generation
ToyMCSamplerOpt.cc[214] : (in function: generateWithHisto) - Generating asimov with histogram for pdf pdf_binfail_HIGH_obsOnly: in 7 x-bins
ToyMCSamplerOpt.cc[215] : (in function: generateWithHisto) -  , in 1 y-bins
AsymptoticLimits.cc[428] : (in function: runLimitExpected) - Median for expected limits = 4.84375, Sigma for expected limits = 2.47135
AsymptoticLimits.cc[191] : (in function: runLimit) - NLL at global minimum of data = -11131.1 (r=1.5603e-05)
AsymptoticLimits.cc[211] : (in function: runLimit) - NLL at global minimum of asimov = -11130.6 (r=1.34987e-05)
AsymptoticLimits.cc[337] : (in function: getCLs) - At r = 2.528475:	q_mu = 3.11429	q_A  = 2.18283	Pmu = 0.03651	1-Pb  = 0.37629	CLs  = 0.09703
AsymptoticLimits.cc[337] : (in function: getCLs) - At r = 5.056949:	q_mu = 5.13130	q_A  = 3.98706	Pmu = 0.01121	1-Pb  = 0.38724	CLs  = 0.02894
AsymptoticLimits.cc[337] : (in function: getCLs) - At r = 2.528483:	q_mu = 3.11430	q_A  = 2.18289	Pmu = 0.03651	1-Pb  = 0.37630	CLs  = 0.09703
AsymptoticLimits.cc[337] : (in function: getCLs) - At r = 3.637028:	q_mu = 4.07431	q_A  = 3.03082	Pmu = 0.02064	1-Pb  = 0.38221	CLs  = 0.05401
AsymptoticLimits.cc[337] : (in function: getCLs) - At r = 4.061579:	q_mu = 4.40765	q_A  = 3.33034	Pmu = 0.01700	1-Pb  = 0.38393	CLs  = 0.04428
AsymptoticLimits.cc[337] : (in function: getCLs) - At r = 3.853875:	q_mu = 4.24669	q_A  = 3.18536	Pmu = 0.01867	1-Pb  = 0.38311	CLs  = 0.04873
AsymptoticLimits.cc[337] : (in function: getCLs) - At r = 3.767040:	q_mu = 4.17816	q_A  = 3.12387	Pmu = 0.01943	1-Pb  = 0.38276	CLs  = 0.05076
AsymptoticLimits.cc[337] : (in function: getCLs) - At r = 3.810016:	q_mu = 4.21211	q_A  = 3.15439	Pmu = 0.01905	1-Pb  = 0.38294	CLs  = 0.04974
AsymptoticLimits.cc[337] : (in function: getCLs) - At r = 3.792588:	q_mu = 4.19844	q_A  = 3.14202	Pmu = 0.01920	1-Pb  = 0.38286	CLs  = 0.05015
AsymptoticLimits.cc[337] : (in function: getCLs) - At r = 3.801136:	q_mu = 4.20512	q_A  = 3.14807	Pmu = 0.01913	1-Pb  = 0.38290	CLs  = 0.04995
AsymptoticLimits.cc[337] : (in function: getCLs) - At r = 3.797668:	q_mu = 4.20237	q_A  = 3.14561	Pmu = 0.01916	1-Pb  = 0.38288	CLs  = 0.05003
AsymptoticLimits.cc[337] : (in function: getCLs) - At r = 3.799397:	q_mu = 4.20373	q_A  = 3.14684	Pmu = 0.01914	1-Pb  = 0.38289	CLs  = 0.04999
AsymptoticLimits.cc[337] : (in function: getCLs) - At r = 3.798711:	q_mu = 4.20318	q_A  = 3.14635	Pmu = 0.01915	1-Pb  = 0.38289	CLs  = 0.05001
AsymptoticLimits.cc[337] : (in function: getCLs) - At r = 3.799059:	q_mu = 4.20355	q_A  = 3.14661	Pmu = 0.01914	1-Pb  = 0.38288	CLs  = 0.05000
AsymptoticLimits.cc[337] : (in function: getCLs) - At r = 3.798881:	q_mu = 4.20334	q_A  = 3.14648	Pmu = 0.01915	1-Pb  = 0.38289	CLs  = 0.05000
AsymptoticLimits.cc[337] : (in function: getCLs) - At r = 3.798959:	q_mu = 4.20339	q_A  = 3.14653	Pmu = 0.01914	1-Pb  = 0.38289	CLs  = 0.05000
AsymptoticLimits.cc[337] : (in function: getCLs) - At r = 3.798983:	q_mu = 4.20340	q_A  = 3.14654	Pmu = 0.01914	1-Pb  = 0.38289	CLs  = 0.05000
AsymptoticLimits.cc[337] : (in function: getCLs) - At r = 3.798972:	q_mu = 4.20339	q_A  = 3.14656	Pmu = 0.01914	1-Pb  = 0.38289	CLs  = 0.05000
