 <<< Combine >>> 
 <<< v10.0.1 >>>
>>> Random number generator seed is 123456
>>> Method used is FitDiagnostics
Set Default Value of Parameter mask_pass_SIG To : 1
Set Default Value of Parameter mask_pass_HIGH To : 1
Set Default Value of Parameter r To : 1
>>> 2 out of 6 channels masked

>> Found 20 floating parameters
>> The following parameters are protected in the event of negative eigenvalues:
>> Parameter CMS_AN23122_Background_rpf_2x0_par1 does not have a valid stencil and will be dropped
>> Parameter CMS_AN23122_Background_rpf_2x0_par2 does not have a valid stencil and will be dropped
>> Verifying eigenvalues are all positive (iteration 0)
Eigenvalue 17 : -4.22979e-05
 - 0.708952	CMS_AN23122_Background_rpf_2x0_par3
 - -0.705257	CMS_AN23122_Background_rpf_2x0_par0
 - -0.000147387	CMS_AN23122_Background_fail_LOW_bin_2-1
 - 0.000139488	CMS_AN23122_Background_fail_LOW_bin_1-1
 - 1.60076e-16	CMS_AN23122_Background_fail_HIGH_bin_8-1
>> Attempt 0 failed, remove the variable with largest eigenvector component...
>> Dropping CMS_AN23122_Background_rpf_2x0_par3 from the hessian
>> Verifying eigenvalues are all positive (iteration 1)
>> All eigenvalues are positive
>> Inverting Hessian...
>> Matrix inverted
>> Note: the following parameters were dropped as their ranges are either too narrow or the parameter has no effect on the NLL:
     - CMS_AN23122_Background_rpf_2x0_par1
     - CMS_AN23122_Background_rpf_2x0_par2
>> Note: the following parameters were dropped to make the covariance matrix pos-def:
     - CMS_AN23122_Background_rpf_2x0_par3
 Fit B-only, status = 0, numBadNLL = 0, covariance quality = -1
Running Minos for POI r
>> Found 21 floating parameters
>> The following parameters are protected in the event of negative eigenvalues: r
>> Parameter CMS_AN23122_Background_rpf_2x0_par1 does not have a valid stencil and will be dropped
>> Parameter CMS_AN23122_Background_rpf_2x0_par2 does not have a valid stencil and will be dropped
>> Verifying eigenvalues are all positive (iteration 0)
Eigenvalue 17 : -0.000115878
 - 0.70917	CMS_AN23122_Background_rpf_2x0_par3
 - -0.704726	CMS_AN23122_Background_rpf_2x0_par0
 - 0.015269	r
 - -0.0138326	CMS_AN23122_Background_fail_HIGH_bin_9-1
 - -0.0019693	CMS_AN23122_Background_fail_HIGH_bin_7-1
Eigenvalue 18 : -0.001548
 - -0.728743	r
 - 0.655448	CMS_AN23122_Background_fail_HIGH_bin_9-1
 - 0.0933139	CMS_AN23122_Background_fail_HIGH_bin_7-1
 - 0.0860717	CMS_AN23122_Background_fail_HIGH_bin_8-1
 - 0.0723296	CMS_AN23122_Background_fail_HIGH_bin_6-1
>> Attempt 0 failed, remove the variable with largest eigenvector component...
>> Dropping CMS_AN23122_Background_fail_HIGH_bin_9-1 from the hessian
>> Verifying eigenvalues are all positive (iteration 1)
Eigenvalue 17 : -0.000116519
 - 0.710462	CMS_AN23122_Background_rpf_2x0_par3
 - -0.703736	CMS_AN23122_Background_rpf_2x0_par0
 - -0.000258355	r
 - 0.000127089	CMS_AN23122_Background_fail_LOW_bin_1-1
 - -0.000105585	CMS_AN23122_Background_fail_LOW_bin_2-1
>> Attempt 1 failed, remove the variable with largest eigenvector component...
>> Dropping CMS_AN23122_Background_rpf_2x0_par3 from the hessian
>> Verifying eigenvalues are all positive (iteration 2)
>> All eigenvalues are positive
>> Inverting Hessian...
>> Matrix inverted
>> Note: the following parameters were dropped as their ranges are either too narrow or the parameter has no effect on the NLL:
     - CMS_AN23122_Background_rpf_2x0_par1
     - CMS_AN23122_Background_rpf_2x0_par2
>> Note: the following parameters were dropped to make the covariance matrix pos-def:
     - CMS_AN23122_Background_fail_HIGH_bin_9-1
     - CMS_AN23122_Background_rpf_2x0_par3
Fit S+B, status = 0, numBadNLL = 0, covariance quality = -1

 --- FitDiagnostics ---
Best fit r: 2.83099e-05  -2.83099e-05/+50  (68% CL)
Done in 0.00 min (cpu), 0.00 min (real)
31 log messages saved to combine_logger.out
