 <<< Combine >>> 
 <<< v10.0.1 >>>
>>> Random number generator seed is 123456
>>> Method used is FitDiagnostics
Set Default Value of Parameter mask_pass_SIG To : 1
Set Default Value of Parameter mask_pass_HIGH To : 1
Set Default Value of Parameter r To : 1
>>> 2 out of 6 channels masked

>> Found 58 floating parameters
>> The following parameters are protected in the event of negative eigenvalues:
>> Verifying eigenvalues are all positive (iteration 0)
Eigenvalue 57 : -0.000854887
 - -0.64469	Background_rpf_2x0_par3
 - 0.467742	Background_rpf_2x0_par1
 - 0.43274	Background_rpf_2x0_par0
 - -0.422137	Background_rpf_2x0_par2
 - -0.00614346	Background_fail_LOW_bin_3-1
>> Attempt 0 failed, remove the variable with largest eigenvector component...
>> Dropping Background_rpf_2x0_par3 from the hessian
>> Verifying eigenvalues are all positive (iteration 1)
>> All eigenvalues are positive
>> Inverting Hessian...
>> Matrix inverted
>> Note: the following parameters were dropped to make the covariance matrix pos-def:
     - Background_rpf_2x0_par3
 Fit B-only, status = 0, numBadNLL = 0, covariance quality = -1
Running Minos for POI r
>> Found 59 floating parameters
>> The following parameters are protected in the event of negative eigenvalues: r
>> Verifying eigenvalues are all positive (iteration 0)
Eigenvalue 57 : -0.000238957
 - 0.669012	Background_rpf_2x0_par3
 - -0.521355	r
 - -0.443966	Background_rpf_2x0_par0
 - 0.187778	Background_rpf_2x0_par2
 - 0.108831	Background_fail_HIGH_bin_41-1
Eigenvalue 58 : -0.00156466
 - -0.599266	Background_rpf_2x0_par1
 - 0.581371	r
 - 0.327027	Background_rpf_2x0_par2
 - 0.283386	Background_rpf_2x0_par3
 - -0.237289	Background_rpf_2x0_par0
>> Attempt 0 failed, remove the variable with largest eigenvector component...
>> Dropping Background_rpf_2x0_par1 from the hessian
>> Verifying eigenvalues are all positive (iteration 1)
Eigenvalue 57 : -0.000238958
 - -0.668811	Background_rpf_2x0_par3
 - 0.521754	r
 - 0.443746	Background_rpf_2x0_par0
 - -0.187709	Background_rpf_2x0_par2
 - -0.108914	Background_fail_HIGH_bin_41-1
>> Attempt 1 failed, remove the variable with largest eigenvector component...
>> Dropping Background_rpf_2x0_par3 from the hessian
>> Verifying eigenvalues are all positive (iteration 2)
>> All eigenvalues are positive
>> Inverting Hessian...
>> Matrix inverted
>> Note: the following parameters were dropped to make the covariance matrix pos-def:
     - Background_rpf_2x0_par1
     - Background_rpf_2x0_par3
Fit S+B, status = 0, numBadNLL = 0, covariance quality = -1

 --- FitDiagnostics ---
Best fit r: 50  -50/+2.57563e-05  (68% CL)
Done in 0.01 min (cpu), 0.01 min (real)
27 log messages saved to combine_logger.out
