CascadeMinimizer.cc[188] : (in function: improveOnce) - Minimization configured with Type=Minuit2, Algo=Migrad, strategy=0, tolerance=0.1
CascadeMinimizer.cc[215] : (in function: improveOnce) - Minimization finished with status=0
CascadeMinimizer.cc[219] : (in function: improveOnce) - Minimization success! status=0
ToyMCSamplerOpt.cc[146] : (in function: generateAsimov) - Using internal logic for binned/unbinned Asimov dataset generation
ToyMCSamplerOpt.cc[214] : (in function: generateWithHisto) - Generating asimov with histogram for pdf pdf_binpass_LOW_obsOnly: in 4 x-bins
ToyMCSamplerOpt.cc[215] : (in function: generateWithHisto) -  , in 1 y-bins
ToyMCSamplerOpt.cc[146] : (in function: generateAsimov) - Using internal logic for binned/unbinned Asimov dataset generation
ToyMCSamplerOpt.cc[214] : (in function: generateWithHisto) - Generating asimov with histogram for pdf pdf_binpass_SIG_obsOnly: in 3 x-bins
ToyMCSamplerOpt.cc[215] : (in function: generateWithHisto) -  , in 1 y-bins
ToyMCSamplerOpt.cc[146] : (in function: generateAsimov) - Using internal logic for binned/unbinned Asimov dataset generation
ToyMCSamplerOpt.cc[214] : (in function: generateWithHisto) - Generating asimov with histogram for pdf pdf_binpass_HIGH_obsOnly: in 7 x-bins
ToyMCSamplerOpt.cc[215] : (in function: generateWithHisto) -  , in 1 y-bins
ToyMCSamplerOpt.cc[146] : (in function: generateAsimov) - Using internal logic for binned/unbinned Asimov dataset generation
ToyMCSamplerOpt.cc[214] : (in function: generateWithHisto) - Generating asimov with histogram for pdf pdf_binfail_LOW_obsOnly: in 4 x-bins
ToyMCSamplerOpt.cc[215] : (in function: generateWithHisto) -  , in 1 y-bins
ToyMCSamplerOpt.cc[146] : (in function: generateAsimov) - Using internal logic for binned/unbinned Asimov dataset generation
ToyMCSamplerOpt.cc[214] : (in function: generateWithHisto) - Generating asimov with histogram for pdf pdf_binfail_SIG_obsOnly: in 3 x-bins
ToyMCSamplerOpt.cc[215] : (in function: generateWithHisto) -  , in 1 y-bins
ToyMCSamplerOpt.cc[146] : (in function: generateAsimov) - Using internal logic for binned/unbinned Asimov dataset generation
ToyMCSamplerOpt.cc[214] : (in function: generateWithHisto) - Generating asimov with histogram for pdf pdf_binfail_HIGH_obsOnly: in 7 x-bins
ToyMCSamplerOpt.cc[215] : (in function: generateWithHisto) -  , in 1 y-bins
AsymptoticLimits.cc[428] : (in function: runLimitExpected) - Median for expected limits = 1.28906, Sigma for expected limits = 0.657697
AsymptoticLimits.cc[191] : (in function: runLimit) - NLL at global minimum of data = -11140.3 (r=6.21568e-08)
AsymptoticLimits.cc[211] : (in function: runLimit) - NLL at global minimum of asimov = -11139.6 (r=5.91186e-05)
AsymptoticLimits.cc[337] : (in function: getCLs) - At r = 1.200000:	q_mu = 6.47066	q_A  = 3.52887	Pmu = 0.00389	1-Pb  = 0.21681	CLs  = 0.01794
AsymptoticLimits.cc[337] : (in function: getCLs) - At r = 0.600000:	q_mu = 3.44656	q_A  = 1.44095	Pmu = 0.02089	1-Pb  = 0.20175	CLs  = 0.10352
AsymptoticLimits.cc[337] : (in function: getCLs) - At r = 0.919294:	q_mu = 5.09485	q_A  = 2.52850	Pmu = 0.00826	1-Pb  = 0.20984	CLs  = 0.03938
AsymptoticLimits.cc[337] : (in function: getCLs) - At r = 0.792318:	q_mu = 4.44992	q_A  = 2.08469	Pmu = 0.01182	1-Pb  = 0.20637	CLs  = 0.05728
AsymptoticLimits.cc[337] : (in function: getCLs) - At r = 0.854546:	q_mu = 4.76773	q_A  = 2.30090	Pmu = 0.00990	1-Pb  = 0.20807	CLs  = 0.04759
AsymptoticLimits.cc[337] : (in function: getCLs) - At r = 0.828844:	q_mu = 4.63709	q_A  = 2.21126	Pmu = 0.01065	1-Pb  = 0.20735	CLs  = 0.05135
AsymptoticLimits.cc[337] : (in function: getCLs) - At r = 0.841210:	q_mu = 4.69996	q_A  = 2.25434	Pmu = 0.01028	1-Pb  = 0.20770	CLs  = 0.04951
AsymptoticLimits.cc[337] : (in function: getCLs) - At r = 0.836062:	q_mu = 4.67370	q_A  = 2.23639	Pmu = 0.01043	1-Pb  = 0.20756	CLs  = 0.05027
AsymptoticLimits.cc[337] : (in function: getCLs) - At r = 0.838540:	q_mu = 4.68629	q_A  = 2.24502	Pmu = 0.01036	1-Pb  = 0.20763	CLs  = 0.04990
AsymptoticLimits.cc[337] : (in function: getCLs) - At r = 0.837514:	q_mu = 4.68107	q_A  = 2.24145	Pmu = 0.01039	1-Pb  = 0.20761	CLs  = 0.05005
AsymptoticLimits.cc[337] : (in function: getCLs) - At r = 0.838011:	q_mu = 4.68383	q_A  = 2.24318	Pmu = 0.01037	1-Pb  = 0.20760	CLs  = 0.04998
AsymptoticLimits.cc[337] : (in function: getCLs) - At r = 0.837788:	q_mu = 4.68253	q_A  = 2.24240	Pmu = 0.01038	1-Pb  = 0.20761	CLs  = 0.05001
AsymptoticLimits.cc[337] : (in function: getCLs) - At r = 0.837891:	q_mu = 4.68301	q_A  = 2.24276	Pmu = 0.01038	1-Pb  = 0.20761	CLs  = 0.05000
AsymptoticLimits.cc[337] : (in function: getCLs) - At r = 0.837856:	q_mu = 4.68282	q_A  = 2.24264	Pmu = 0.01038	1-Pb  = 0.20761	CLs  = 0.05000
AsymptoticLimits.cc[337] : (in function: getCLs) - At r = 0.837872:	q_mu = 4.68289	q_A  = 2.24269	Pmu = 0.01038	1-Pb  = 0.20762	CLs  = 0.05000
AsymptoticLimits.cc[337] : (in function: getCLs) - At r = 0.837880:	q_mu = 4.68293	q_A  = 2.24272	Pmu = 0.01038	1-Pb  = 0.20762	CLs  = 0.05000
AsymptoticLimits.cc[337] : (in function: getCLs) - At r = 0.837877:	q_mu = 4.68315	q_A  = 2.24271	Pmu = 0.01038	1-Pb  = 0.20759	CLs  = 0.05000
