 <<< Combine >>> 
 <<< v10.0.1 >>>
>>> Random number generator seed is 123456
>>> Method used is FitDiagnostics
Set Default Value of Parameter mask_pass_SIG To : 1
Set Default Value of Parameter mask_pass_HIGH To : 1
Set Default Value of Parameter r To : 1
>>> 2 out of 6 channels masked

>> Found 22 floating parameters
>> The following parameters are protected in the event of negative eigenvalues:
>> Verifying eigenvalues are all positive (iteration 0)
>> All eigenvalues are positive
>> Inverting Hessian...
>> Matrix inverted
 Fit B-only, status = 0, numBadNLL = 0, covariance quality = -1
Running Minos for POI r
>> Found 23 floating parameters
>> The following parameters are protected in the event of negative eigenvalues: r
>> Parameter CMS_EXO26004_Background_rpf_2x0_par2 does not have a valid stencil and will be dropped
>> Verifying eigenvalues are all positive (iteration 0)
Eigenvalue 21 : -0.0003443
 - 0.683025	r
 - -0.580818	CMS_EXO26004_Background_fail_HIGH_bin_1-1
 - -0.244815	CMS_EXO26004_Background_fail_SIG_bin_3-1
 - -0.224237	CMS_EXO26004_Background_rpf_2x0_par1
 - 0.191111	CMS_EXO26004_pT
>> Attempt 0 failed, remove the variable with largest eigenvector component...
>> Dropping CMS_EXO26004_Background_fail_HIGH_bin_1-1 from the hessian
>> Verifying eigenvalues are all positive (iteration 1)
>> All eigenvalues are positive
>> Inverting Hessian...
>> Matrix inverted
>> Note: the following parameters were dropped as their ranges are either too narrow or the parameter has no effect on the NLL:
     - CMS_EXO26004_Background_rpf_2x0_par2
>> Note: the following parameters were dropped to make the covariance matrix pos-def:
     - CMS_EXO26004_Background_fail_HIGH_bin_1-1
Fit S+B, status = 0, numBadNLL = 0, covariance quality = -1

 --- FitDiagnostics ---
Best fit r: 49.9999  -49.9999/+0.000128215  (68% CL)
Done in 0.01 min (cpu), 0.01 min (real)
21 log messages saved to combine_logger.out
