 <<< Combine >>> 
 <<< v10.0.1 >>>
>>> Random number generator seed is 123456
>>> Method used is FitDiagnostics
Set Default Value of Parameter mask_pass_SIG To : 1
Set Default Value of Parameter mask_pass_HIGH To : 1
Set Default Value of Parameter r To : 1
>>> 2 out of 6 channels masked

>> Found 15 floating parameters
>> The following parameters are protected in the event of negative eigenvalues:
>> Verifying eigenvalues are all positive (iteration 0)
Eigenvalue 14 : -0.00468799
 - 0.608246	CMS_EXO26004_Background_rpf_2x0_par3
 - 0.558654	CMS_EXO26004_Background_rpf_2x0_par2
 - -0.496371	CMS_EXO26004_Background_rpf_2x0_par1
 - -0.267505	CMS_EXO26004_Background_rpf_2x0_par0
 - 0.000703685	CMS_EXO26004_Background_fail_LOW_bin_2-1
>> Attempt 0 failed, remove the variable with largest eigenvector component...
>> Dropping CMS_EXO26004_Background_rpf_2x0_par3 from the hessian
>> Verifying eigenvalues are all positive (iteration 1)
>> All eigenvalues are positive
>> Inverting Hessian...
>> Matrix inverted
>> Note: the following parameters were dropped to make the covariance matrix pos-def:
     - CMS_EXO26004_Background_rpf_2x0_par3
 Fit B-only, status = 0, numBadNLL = 0, covariance quality = -1
Running Minos for POI r
>> Found 16 floating parameters
>> The following parameters are protected in the event of negative eigenvalues: r
>> Verifying eigenvalues are all positive (iteration 0)
Eigenvalue 14 : -0.00301531
 - 0.937413	r
 - -0.203495	CMS_EXO26004_Background_rpf_2x0_par1
 - -0.162769	CMS_EXO26004_Background_rpf_2x0_par2
 - -0.145968	CMS_EXO26004_Background_fail_HIGH_bin_3-1
 - 0.114072	RNN
Eigenvalue 15 : -0.00477636
 - -0.59869	CMS_EXO26004_Background_rpf_2x0_par3
 - -0.560036	CMS_EXO26004_Background_rpf_2x0_par2
 - 0.500989	CMS_EXO26004_Background_rpf_2x0_par1
 - 0.27679	CMS_EXO26004_Background_rpf_2x0_par0
 - 0.0175429	r
>> Attempt 0 failed, remove the variable with largest eigenvector component...
>> Dropping CMS_EXO26004_Background_rpf_2x0_par3 from the hessian
>> Verifying eigenvalues are all positive (iteration 1)
Eigenvalue 14 : -0.00302098
 - -0.93529	r
 - 0.206463	CMS_EXO26004_Background_rpf_2x0_par2
 - 0.171144	CMS_EXO26004_Background_rpf_2x0_par1
 - 0.145633	CMS_EXO26004_Background_fail_HIGH_bin_3-1
 - -0.113828	RNN
>> Attempt 1 failed, remove the variable with largest eigenvector component...
>> Dropping CMS_EXO26004_Background_rpf_2x0_par2 from the hessian
>> Verifying eigenvalues are all positive (iteration 2)
Eigenvalue 13 : -0.00284541
 - -0.938357	r
 - 0.247562	CMS_EXO26004_Background_rpf_2x0_par1
 - 0.146238	CMS_EXO26004_Background_fail_HIGH_bin_3-1
 - -0.11394	RNN
 - -0.0870611	CMS_EXO26004_Background_rpf_2x0_par0
>> Attempt 2 failed, remove the variable with largest eigenvector component...
>> Dropping CMS_EXO26004_Background_rpf_2x0_par1 from the hessian
>> Verifying eigenvalues are all positive (iteration 3)
>> All eigenvalues are positive
>> Inverting Hessian...
>> Matrix inverted
>> Note: the following parameters were dropped to make the covariance matrix pos-def:
     - CMS_EXO26004_Background_rpf_2x0_par3
     - CMS_EXO26004_Background_rpf_2x0_par2
     - CMS_EXO26004_Background_rpf_2x0_par1
Fit S+B, status = 0, numBadNLL = 0, covariance quality = -1

 --- FitDiagnostics ---
Best fit r: 49.9994  -49.9994/+0.000615133  (68% CL)
Done in 0.00 min (cpu), 0.00 min (real)
27 log messages saved to combine_logger.out
