CascadeMinimizer.cc[188] : (in function: improveOnce) - Minimization configured with Type=Minuit2, Algo=Migrad, strategy=0, tolerance=0.1
CascadeMinimizer.cc[215] : (in function: improveOnce) - Minimization finished with status=0
CascadeMinimizer.cc[219] : (in function: improveOnce) - Minimization success! status=0
ToyMCSamplerOpt.cc[146] : (in function: generateAsimov) - Using internal logic for binned/unbinned Asimov dataset generation
ToyMCSamplerOpt.cc[214] : (in function: generateWithHisto) - Generating asimov with histogram for pdf pdf_binpass_LOW_obsOnly: in 3 x-bins
ToyMCSamplerOpt.cc[215] : (in function: generateWithHisto) -  , in 1 y-bins
ToyMCSamplerOpt.cc[146] : (in function: generateAsimov) - Using internal logic for binned/unbinned Asimov dataset generation
ToyMCSamplerOpt.cc[214] : (in function: generateWithHisto) - Generating asimov with histogram for pdf pdf_binpass_SIG_obsOnly: in 1 x-bins
ToyMCSamplerOpt.cc[215] : (in function: generateWithHisto) -  , in 1 y-bins
ToyMCSamplerOpt.cc[146] : (in function: generateAsimov) - Using internal logic for binned/unbinned Asimov dataset generation
ToyMCSamplerOpt.cc[214] : (in function: generateWithHisto) - Generating asimov with histogram for pdf pdf_binpass_HIGH_obsOnly: in 5 x-bins
ToyMCSamplerOpt.cc[215] : (in function: generateWithHisto) -  , in 1 y-bins
ToyMCSamplerOpt.cc[146] : (in function: generateAsimov) - Using internal logic for binned/unbinned Asimov dataset generation
ToyMCSamplerOpt.cc[214] : (in function: generateWithHisto) - Generating asimov with histogram for pdf pdf_binfail_LOW_obsOnly: in 3 x-bins
ToyMCSamplerOpt.cc[215] : (in function: generateWithHisto) -  , in 1 y-bins
ToyMCSamplerOpt.cc[146] : (in function: generateAsimov) - Using internal logic for binned/unbinned Asimov dataset generation
ToyMCSamplerOpt.cc[214] : (in function: generateWithHisto) - Generating asimov with histogram for pdf pdf_binfail_SIG_obsOnly: in 1 x-bins
ToyMCSamplerOpt.cc[215] : (in function: generateWithHisto) -  , in 1 y-bins
ToyMCSamplerOpt.cc[146] : (in function: generateAsimov) - Using internal logic for binned/unbinned Asimov dataset generation
ToyMCSamplerOpt.cc[214] : (in function: generateWithHisto) - Generating asimov with histogram for pdf pdf_binfail_HIGH_obsOnly: in 5 x-bins
ToyMCSamplerOpt.cc[215] : (in function: generateWithHisto) -  , in 1 y-bins
AsymptoticLimits.cc[428] : (in function: runLimitExpected) - Median for expected limits = 0.3125, Sigma for expected limits = 0.159442
AsymptoticLimits.cc[191] : (in function: runLimit) - NLL at global minimum of data = -776.05 (r=1.5174e-07)
AsymptoticLimits.cc[211] : (in function: runLimit) - NLL at global minimum of asimov = -774.496 (r=5.57612e-06)
AsymptoticLimits.cc[337] : (in function: getCLs) - At r = 1.200000:	q_mu = 24.38937	q_A  = 19.07764	Pmu = 0.00000	1-Pb  = 0.27157	CLs  = 0.00000
AsymptoticLimits.cc[337] : (in function: getCLs) - At r = 0.600000:	q_mu = 13.00638	q_A  = 8.83453	Pmu = 0.00012	1-Pb  = 0.24141	CLs  = 0.00049
AsymptoticLimits.cc[337] : (in function: getCLs) - At r = 0.300000:	q_mu = 6.74465	q_A  = 3.62366	Pmu = 0.00323	1-Pb  = 0.20618	CLs  = 0.01567
AsymptoticLimits.cc[337] : (in function: getCLs) - At r = 0.150000:	q_mu = 3.43956	q_A  = 1.29251	Pmu = 0.01871	1-Pb  = 0.17252	CLs  = 0.10845
AsymptoticLimits.cc[337] : (in function: getCLs) - At r = 0.228032:	q_mu = 5.17432	q_A  = 2.45040	Pmu = 0.00744	1-Pb  = 0.19214	CLs  = 0.03871
AsymptoticLimits.cc[337] : (in function: getCLs) - At r = 0.196915:	q_mu = 4.48673	q_A  = 1.96859	Pmu = 0.01071	1-Pb  = 0.18476	CLs  = 0.05798
AsymptoticLimits.cc[337] : (in function: getCLs) - At r = 0.212258:	q_mu = 4.82643	q_A  = 2.20350	Pmu = 0.00894	1-Pb  = 0.18849	CLs  = 0.04745
AsymptoticLimits.cc[337] : (in function: getCLs) - At r = 0.205987:	q_mu = 4.68775	q_A  = 2.10682	Pmu = 0.00963	1-Pb  = 0.18698	CLs  = 0.05149
AsymptoticLimits.cc[337] : (in function: getCLs) - At r = 0.209046:	q_mu = 4.75542	q_A  = 2.15385	Pmu = 0.00929	1-Pb  = 0.18772	CLs  = 0.04948
AsymptoticLimits.cc[337] : (in function: getCLs) - At r = 0.207789:	q_mu = 4.72762	q_A  = 2.13452	Pmu = 0.00943	1-Pb  = 0.18742	CLs  = 0.05029
AsymptoticLimits.cc[337] : (in function: getCLs) - At r = 0.208401:	q_mu = 4.74114	q_A  = 2.14392	Pmu = 0.00936	1-Pb  = 0.18757	CLs  = 0.04990
AsymptoticLimits.cc[337] : (in function: getCLs) - At r = 0.208149:	q_mu = 4.73559	q_A  = 2.14006	Pmu = 0.00939	1-Pb  = 0.18751	CLs  = 0.05006
AsymptoticLimits.cc[337] : (in function: getCLs) - At r = 0.208272:	q_mu = 4.73829	q_A  = 2.14194	Pmu = 0.00937	1-Pb  = 0.18754	CLs  = 0.04998
AsymptoticLimits.cc[337] : (in function: getCLs) - At r = 0.208221:	q_mu = 4.73718	q_A  = 2.14117	Pmu = 0.00938	1-Pb  = 0.18752	CLs  = 0.05001
AsymptoticLimits.cc[337] : (in function: getCLs) - At r = 0.208246:	q_mu = 4.73772	q_A  = 2.14154	Pmu = 0.00938	1-Pb  = 0.18753	CLs  = 0.05000
AsymptoticLimits.cc[337] : (in function: getCLs) - At r = 0.208236:	q_mu = 4.73750	q_A  = 2.14139	Pmu = 0.00938	1-Pb  = 0.18753	CLs  = 0.05000
AsymptoticLimits.cc[337] : (in function: getCLs) - At r = 0.208241:	q_mu = 4.73760	q_A  = 2.14146	Pmu = 0.00938	1-Pb  = 0.18753	CLs  = 0.05000
AsymptoticLimits.cc[337] : (in function: getCLs) - At r = 0.208239:	q_mu = 4.73756	q_A  = 2.14143	Pmu = 0.00938	1-Pb  = 0.18753	CLs  = 0.05000
