 <<< Combine >>> 
 <<< v10.0.1 >>>
>>> Random number generator seed is 123456
>>> Method used is FitDiagnostics
Set Default Value of Parameter mask_pass_SIG To : 1
Set Default Value of Parameter mask_pass_HIGH To : 1
Set Default Value of Parameter r To : 1
>>> 2 out of 6 channels masked

>> Found 16 floating parameters
>> The following parameters are protected in the event of negative eigenvalues:
>> Parameter CMS_AN23122_Background_rpf_2x0_par2 does not have a valid stencil and will be dropped
>> Verifying eigenvalues are all positive (iteration 0)
Eigenvalue 14 : -0.000852615
 - -0.783715	CMS_AN23122_Background_rpf_2x0_par3
 - 0.563003	CMS_AN23122_Background_rpf_2x0_par0
 - 0.262332	CMS_AN23122_Background_rpf_2x0_par1
 - -0.000699874	CMS_AN23122_Background_fail_LOW_bin_3-1
 - -0.000333155	CMS_AN23122_Background_fail_LOW_bin_2-1
>> Attempt 0 failed, remove the variable with largest eigenvector component...
>> Dropping CMS_AN23122_Background_rpf_2x0_par3 from the hessian
>> Verifying eigenvalues are all positive (iteration 1)
>> All eigenvalues are positive
>> Inverting Hessian...
>> Matrix inverted
>> Note: the following parameters were dropped as their ranges are either too narrow or the parameter has no effect on the NLL:
     - CMS_AN23122_Background_rpf_2x0_par2
>> Note: the following parameters were dropped to make the covariance matrix pos-def:
     - CMS_AN23122_Background_rpf_2x0_par3
 Fit B-only, status = 0, numBadNLL = 0, covariance quality = -1
Running Minos for POI r
>> Found 17 floating parameters
>> The following parameters are protected in the event of negative eigenvalues: r
>> Parameter CMS_AN23122_Background_rpf_2x0_par2 does not have a valid stencil and will be dropped
>> Verifying eigenvalues are all positive (iteration 0)
Eigenvalue 14 : -0.000357123
 - -0.69156	CMS_AN23122_Background_rpf_2x0_par3
 - 0.55985	CMS_AN23122_Background_rpf_2x0_par0
 - 0.340006	r
 - -0.245254	CMS_AN23122_Background_fail_HIGH_bin_4-1
 - -0.146205	CMS_AN23122_Background_fail_HIGH_bin_3-1
Eigenvalue 15 : -0.00227719
 - -0.643041	r
 - 0.459398	CMS_AN23122_Background_fail_HIGH_bin_4-1
 - 0.3769	CMS_AN23122_Background_rpf_2x0_par1
 - -0.36054	CMS_AN23122_Background_rpf_2x0_par3
 - 0.273864	CMS_AN23122_Background_fail_HIGH_bin_3-1
>> Attempt 0 failed, remove the variable with largest eigenvector component...
>> Dropping CMS_AN23122_Background_fail_HIGH_bin_4-1 from the hessian
>> Verifying eigenvalues are all positive (iteration 1)
Eigenvalue 14 : -0.000791134
 - -0.780539	CMS_AN23122_Background_rpf_2x0_par3
 - 0.561983	CMS_AN23122_Background_rpf_2x0_par0
 - 0.273485	CMS_AN23122_Background_rpf_2x0_par1
 - -0.0108357	r
 - 0.00464927	CMS_AN23122_Background_fail_HIGH_bin_3-1
>> Attempt 1 failed, remove the variable with largest eigenvector component...
>> Dropping CMS_AN23122_Background_rpf_2x0_par3 from the hessian
>> Verifying eigenvalues are all positive (iteration 2)
>> All eigenvalues are positive
>> Inverting Hessian...
>> Matrix inverted
>> Note: the following parameters were dropped as their ranges are either too narrow or the parameter has no effect on the NLL:
     - CMS_AN23122_Background_rpf_2x0_par2
>> Note: the following parameters were dropped to make the covariance matrix pos-def:
     - CMS_AN23122_Background_fail_HIGH_bin_4-1
     - CMS_AN23122_Background_rpf_2x0_par3
Fit S+B, status = 0, numBadNLL = 0, covariance quality = -1

 --- FitDiagnostics ---
Best fit r: 6.07908e-06  -6.07908e-06/+50  (68% CL)
Done in 0.00 min (cpu), 0.00 min (real)
27 log messages saved to combine_logger.out
