CascadeMinimizer.cc[188] : (in function: improveOnce) - Minimization configured with Type=Minuit2, Algo=Migrad, strategy=0, tolerance=0.1
CascadeMinimizer.cc[215] : (in function: improveOnce) - Minimization finished with status=0
CascadeMinimizer.cc[219] : (in function: improveOnce) - Minimization success! status=0
ToyMCSamplerOpt.cc[146] : (in function: generateAsimov) - Using internal logic for binned/unbinned Asimov dataset generation
ToyMCSamplerOpt.cc[214] : (in function: generateWithHisto) - Generating asimov with histogram for pdf pdf_binpass_LOW_obsOnly: in 3 x-bins
ToyMCSamplerOpt.cc[215] : (in function: generateWithHisto) -  , in 1 y-bins
ToyMCSamplerOpt.cc[146] : (in function: generateAsimov) - Using internal logic for binned/unbinned Asimov dataset generation
ToyMCSamplerOpt.cc[214] : (in function: generateWithHisto) - Generating asimov with histogram for pdf pdf_binpass_SIG_obsOnly: in 1 x-bins
ToyMCSamplerOpt.cc[215] : (in function: generateWithHisto) -  , in 1 y-bins
ToyMCSamplerOpt.cc[146] : (in function: generateAsimov) - Using internal logic for binned/unbinned Asimov dataset generation
ToyMCSamplerOpt.cc[214] : (in function: generateWithHisto) - Generating asimov with histogram for pdf pdf_binpass_HIGH_obsOnly: in 3 x-bins
ToyMCSamplerOpt.cc[215] : (in function: generateWithHisto) -  , in 1 y-bins
ToyMCSamplerOpt.cc[146] : (in function: generateAsimov) - Using internal logic for binned/unbinned Asimov dataset generation
ToyMCSamplerOpt.cc[214] : (in function: generateWithHisto) - Generating asimov with histogram for pdf pdf_binfail_LOW_obsOnly: in 3 x-bins
ToyMCSamplerOpt.cc[215] : (in function: generateWithHisto) -  , in 1 y-bins
ToyMCSamplerOpt.cc[146] : (in function: generateAsimov) - Using internal logic for binned/unbinned Asimov dataset generation
ToyMCSamplerOpt.cc[214] : (in function: generateWithHisto) - Generating asimov with histogram for pdf pdf_binfail_SIG_obsOnly: in 1 x-bins
ToyMCSamplerOpt.cc[215] : (in function: generateWithHisto) -  , in 1 y-bins
ToyMCSamplerOpt.cc[146] : (in function: generateAsimov) - Using internal logic for binned/unbinned Asimov dataset generation
ToyMCSamplerOpt.cc[214] : (in function: generateWithHisto) - Generating asimov with histogram for pdf pdf_binfail_HIGH_obsOnly: in 3 x-bins
ToyMCSamplerOpt.cc[215] : (in function: generateWithHisto) -  , in 1 y-bins
AsymptoticLimits.cc[428] : (in function: runLimitExpected) - Median for expected limits = 0.792969, Sigma for expected limits = 0.404583
AsymptoticLimits.cc[191] : (in function: runLimit) - NLL at global minimum of data = -8397.72 (r=6.41986e-07)
AsymptoticLimits.cc[211] : (in function: runLimit) - NLL at global minimum of asimov = -8396.71 (r=1.48488e-05)
AsymptoticLimits.cc[337] : (in function: getCLs) - At r = 1.200001:	q_mu = 10.01602	q_A  = 6.02227	Pmu = 0.00054	1-Pb  = 0.20791	CLs  = 0.00261
AsymptoticLimits.cc[337] : (in function: getCLs) - At r = 0.600001:	q_mu = 5.74340	q_A  = 2.76955	Pmu = 0.00527	1-Pb  = 0.18580	CLs  = 0.02836
AsymptoticLimits.cc[337] : (in function: getCLs) - At r = 0.300001:	q_mu = 3.14420	q_A  = 1.11328	Pmu = 0.02182	1-Pb  = 0.16792	CLs  = 0.12994
AsymptoticLimits.cc[337] : (in function: getCLs) - At r = 0.450580:	q_mu = 4.50121	q_A  = 1.93070	Pmu = 0.01032	1-Pb  = 0.17749	CLs  = 0.05815
AsymptoticLimits.cc[337] : (in function: getCLs) - At r = 0.505597:	q_mu = 4.96945	q_A  = 2.23884	Pmu = 0.00800	1-Pb  = 0.18076	CLs  = 0.04428
AsymptoticLimits.cc[337] : (in function: getCLs) - At r = 0.474965:	q_mu = 4.71038	q_A  = 2.06681	Pmu = 0.00921	1-Pb  = 0.17894	CLs  = 0.05147
AsymptoticLimits.cc[337] : (in function: getCLs) - At r = 0.485813:	q_mu = 4.80258	q_A  = 2.12764	Pmu = 0.00876	1-Pb  = 0.17959	CLs  = 0.04878
AsymptoticLimits.cc[337] : (in function: getCLs) - At r = 0.479657:	q_mu = 4.75032	q_A  = 2.09310	Pmu = 0.00901	1-Pb  = 0.17922	CLs  = 0.05029
AsymptoticLimits.cc[337] : (in function: getCLs) - At r = 0.481821:	q_mu = 4.76870	q_A  = 2.10523	Pmu = 0.00892	1-Pb  = 0.17935	CLs  = 0.04975
AsymptoticLimits.cc[337] : (in function: getCLs) - At r = 0.480588:	q_mu = 4.75824	q_A  = 2.09832	Pmu = 0.00897	1-Pb  = 0.17928	CLs  = 0.05006
AsymptoticLimits.cc[337] : (in function: getCLs) - At r = 0.481021:	q_mu = 4.76201	q_A  = 2.10074	Pmu = 0.00896	1-Pb  = 0.17929	CLs  = 0.04995
AsymptoticLimits.cc[337] : (in function: getCLs) - At r = 0.480771:	q_mu = 4.75981	q_A  = 2.09934	Pmu = 0.00897	1-Pb  = 0.17928	CLs  = 0.05001
AsymptoticLimits.cc[337] : (in function: getCLs) - At r = 0.480858:	q_mu = 4.76054	q_A  = 2.09983	Pmu = 0.00896	1-Pb  = 0.17929	CLs  = 0.04999
AsymptoticLimits.cc[337] : (in function: getCLs) - At r = 0.480810:	q_mu = 4.76023	q_A  = 2.09956	Pmu = 0.00896	1-Pb  = 0.17928	CLs  = 0.05000
AsymptoticLimits.cc[337] : (in function: getCLs) - At r = 0.480821:	q_mu = 4.76024	q_A  = 2.09971	Pmu = 0.00896	1-Pb  = 0.17930	CLs  = 0.05000
AsymptoticLimits.cc[337] : (in function: getCLs) - At r = 0.480814:	q_mu = 4.76016	q_A  = 2.09961	Pmu = 0.00896	1-Pb  = 0.17929	CLs  = 0.05000
AsymptoticLimits.cc[337] : (in function: getCLs) - At r = 0.480818:	q_mu = 4.76029	q_A  = 2.09961	Pmu = 0.00896	1-Pb  = 0.17928	CLs  = 0.05000
