CascadeMinimizer.cc[188] : (in function: improveOnce) - Minimization configured with Type=Minuit2, Algo=Migrad, strategy=0, tolerance=0.1
CascadeMinimizer.cc[215] : (in function: improveOnce) - Minimization finished with status=0
CascadeMinimizer.cc[219] : (in function: improveOnce) - Minimization success! status=0
ToyMCSamplerOpt.cc[146] : (in function: generateAsimov) - Using internal logic for binned/unbinned Asimov dataset generation
ToyMCSamplerOpt.cc[214] : (in function: generateWithHisto) - Generating asimov with histogram for pdf pdf_binpass_LOW_obsOnly: in 3 x-bins
ToyMCSamplerOpt.cc[215] : (in function: generateWithHisto) -  , in 1 y-bins
ToyMCSamplerOpt.cc[146] : (in function: generateAsimov) - Using internal logic for binned/unbinned Asimov dataset generation
ToyMCSamplerOpt.cc[214] : (in function: generateWithHisto) - Generating asimov with histogram for pdf pdf_binpass_SIG_obsOnly: in 1 x-bins
ToyMCSamplerOpt.cc[215] : (in function: generateWithHisto) -  , in 1 y-bins
ToyMCSamplerOpt.cc[146] : (in function: generateAsimov) - Using internal logic for binned/unbinned Asimov dataset generation
ToyMCSamplerOpt.cc[214] : (in function: generateWithHisto) - Generating asimov with histogram for pdf pdf_binpass_HIGH_obsOnly: in 3 x-bins
ToyMCSamplerOpt.cc[215] : (in function: generateWithHisto) -  , in 1 y-bins
ToyMCSamplerOpt.cc[146] : (in function: generateAsimov) - Using internal logic for binned/unbinned Asimov dataset generation
ToyMCSamplerOpt.cc[214] : (in function: generateWithHisto) - Generating asimov with histogram for pdf pdf_binfail_LOW_obsOnly: in 3 x-bins
ToyMCSamplerOpt.cc[215] : (in function: generateWithHisto) -  , in 1 y-bins
ToyMCSamplerOpt.cc[146] : (in function: generateAsimov) - Using internal logic for binned/unbinned Asimov dataset generation
ToyMCSamplerOpt.cc[214] : (in function: generateWithHisto) - Generating asimov with histogram for pdf pdf_binfail_SIG_obsOnly: in 1 x-bins
ToyMCSamplerOpt.cc[215] : (in function: generateWithHisto) -  , in 1 y-bins
ToyMCSamplerOpt.cc[146] : (in function: generateAsimov) - Using internal logic for binned/unbinned Asimov dataset generation
ToyMCSamplerOpt.cc[214] : (in function: generateWithHisto) - Generating asimov with histogram for pdf pdf_binfail_HIGH_obsOnly: in 3 x-bins
ToyMCSamplerOpt.cc[215] : (in function: generateWithHisto) -  , in 1 y-bins
AsymptoticLimits.cc[428] : (in function: runLimitExpected) - Median for expected limits = 6.28125, Sigma for expected limits = 3.20478
AsymptoticLimits.cc[191] : (in function: runLimit) - NLL at global minimum of data = -8387.02 (r=2.32418e-08)
AsymptoticLimits.cc[211] : (in function: runLimit) - NLL at global minimum of asimov = -8386.28 (r=1.29351e-06)
AsymptoticLimits.cc[337] : (in function: getCLs) - At r = 1.960804:	q_mu = 2.28823	q_A  = 1.23896	Pmu = 0.05655	1-Pb  = 0.31870	CLs  = 0.17744
AsymptoticLimits.cc[337] : (in function: getCLs) - At r = 3.921608:	q_mu = 3.87800	q_A  = 2.53486	Pmu = 0.02201	1-Pb  = 0.33658	CLs  = 0.06539
AsymptoticLimits.cc[337] : (in function: getCLs) - At r = 7.843216:	q_mu = 6.22465	q_A  = 4.60334	Pmu = 0.00581	1-Pb  = 0.35278	CLs  = 0.01647
AsymptoticLimits.cc[337] : (in function: getCLs) - At r = 3.921608:	q_mu = 3.87798	q_A  = 2.53486	Pmu = 0.02201	1-Pb  = 0.33658	CLs  = 0.06539
AsymptoticLimits.cc[337] : (in function: getCLs) - At r = 5.316569:	q_mu = 4.80549	q_A  = 3.33767	Pmu = 0.01292	1-Pb  = 0.34395	CLs  = 0.03756
AsymptoticLimits.cc[337] : (in function: getCLs) - At r = 4.740714:	q_mu = 4.43809	q_A  = 3.01680	Pmu = 0.01593	1-Pb  = 0.34122	CLs  = 0.04670
AsymptoticLimits.cc[337] : (in function: getCLs) - At r = 4.443974:	q_mu = 4.24067	q_A  = 2.84583	Pmu = 0.01785	1-Pb  = 0.33965	CLs  = 0.05255
AsymptoticLimits.cc[337] : (in function: getCLs) - At r = 4.603329:	q_mu = 4.34738	q_A  = 2.93811	Pmu = 0.01679	1-Pb  = 0.34051	CLs  = 0.04930
AsymptoticLimits.cc[337] : (in function: getCLs) - At r = 4.543201:	q_mu = 4.30728	q_A  = 2.90347	Pmu = 0.01718	1-Pb  = 0.34020	CLs  = 0.05049
AsymptoticLimits.cc[337] : (in function: getCLs) - At r = 4.574908:	q_mu = 4.32851	q_A  = 2.92173	Pmu = 0.01697	1-Pb  = 0.34035	CLs  = 0.04986
AsymptoticLimits.cc[337] : (in function: getCLs) - At r = 4.562823:	q_mu = 4.32039	q_A  = 2.91475	Pmu = 0.01705	1-Pb  = 0.34029	CLs  = 0.05010
AsymptoticLimits.cc[337] : (in function: getCLs) - At r = 4.569181:	q_mu = 4.32462	q_A  = 2.91841	Pmu = 0.01701	1-Pb  = 0.34033	CLs  = 0.04997
AsymptoticLimits.cc[337] : (in function: getCLs) - At r = 4.566791:	q_mu = 4.32302	q_A  = 2.91710	Pmu = 0.01702	1-Pb  = 0.34032	CLs  = 0.05002
AsymptoticLimits.cc[337] : (in function: getCLs) - At r = 4.568049:	q_mu = 4.32393	q_A  = 2.91778	Pmu = 0.01701	1-Pb  = 0.34032	CLs  = 0.04999
AsymptoticLimits.cc[337] : (in function: getCLs) - At r = 4.567536:	q_mu = 4.32354	q_A  = 2.91747	Pmu = 0.01702	1-Pb  = 0.34032	CLs  = 0.05000
AsymptoticLimits.cc[337] : (in function: getCLs) - At r = 4.567808:	q_mu = 4.32371	q_A  = 2.91762	Pmu = 0.01702	1-Pb  = 0.34032	CLs  = 0.05000
AsymptoticLimits.cc[337] : (in function: getCLs) - At r = 4.567735:	q_mu = 4.32365	q_A  = 2.91758	Pmu = 0.01702	1-Pb  = 0.34032	CLs  = 0.05000
AsymptoticLimits.cc[337] : (in function: getCLs) - At r = 4.567777:	q_mu = 4.32376	q_A  = 2.91764	Pmu = 0.01702	1-Pb  = 0.34032	CLs  = 0.05000
AsymptoticLimits.cc[337] : (in function: getCLs) - At r = 4.567757:	q_mu = 4.32369	q_A  = 2.91759	Pmu = 0.01702	1-Pb  = 0.34032	CLs  = 0.05000
