 <<< Combine >>> 
 <<< v10.0.1 >>>
>>> Random number generator seed is 123456
>>> Method used is FitDiagnostics
Set Default Value of Parameter mask_pass_SIG To : 1
Set Default Value of Parameter mask_pass_HIGH To : 1
Set Default Value of Parameter r To : 1
>>> 2 out of 6 channels masked

>> Found 20 floating parameters
>> The following parameters are protected in the event of negative eigenvalues:
>> Parameter CMS_AN23122_Background_rpf_2x0_par2 does not have a valid stencil and will be dropped
>> Verifying eigenvalues are all positive (iteration 0)
Eigenvalue 18 : -0.000224076
 - -0.733626	CMS_AN23122_Background_rpf_2x0_par3
 - 0.675245	CMS_AN23122_Background_rpf_2x0_par0
 - 0.0763999	CMS_AN23122_Background_rpf_2x0_par1
 - -8.39812e-05	CMS_AN23122_Background_fail_LOW_bin_2-1
 - 5.52483e-05	CMS_AN23122_Background_fail_LOW_bin_1-1
>> Attempt 0 failed, remove the variable with largest eigenvector component...
>> Dropping CMS_AN23122_Background_rpf_2x0_par3 from the hessian
>> Verifying eigenvalues are all positive (iteration 1)
>> All eigenvalues are positive
>> Inverting Hessian...
>> Matrix inverted
>> Note: the following parameters were dropped as their ranges are either too narrow or the parameter has no effect on the NLL:
     - CMS_AN23122_Background_rpf_2x0_par2
>> Note: the following parameters were dropped to make the covariance matrix pos-def:
     - CMS_AN23122_Background_rpf_2x0_par3
 Fit B-only, status = 0, numBadNLL = 0, covariance quality = -1
Running Minos for POI r
>> Found 21 floating parameters
>> The following parameters are protected in the event of negative eigenvalues: r
>> Parameter CMS_AN23122_Background_rpf_2x0_par2 does not have a valid stencil and will be dropped
>> Verifying eigenvalues are all positive (iteration 0)
Eigenvalue 18 : -8.76268e-06
 - -0.70142	CMS_AN23122_Background_rpf_2x0_par3
 - 0.657638	CMS_AN23122_Background_rpf_2x0_par0
 - 0.189366	r
 - -0.165147	CMS_AN23122_Background_fail_HIGH_bin_4-1
 - -0.0881694	CMS_AN23122_Background_fail_HIGH_bin_5-1
Eigenvalue 19 : -0.000217546
 - -0.672272	r
 - 0.585389	CMS_AN23122_Background_fail_HIGH_bin_4-1
 - 0.312546	CMS_AN23122_Background_fail_HIGH_bin_5-1
 - -0.202117	CMS_AN23122_Background_rpf_2x0_par3
 - 0.172497	CMS_AN23122_Background_rpf_2x0_par0
>> Attempt 0 failed, remove the variable with largest eigenvector component...
>> Dropping CMS_AN23122_Background_fail_HIGH_bin_4-1 from the hessian
>> Verifying eigenvalues are all positive (iteration 1)
Eigenvalue 18 : -2.41751e-05
 - 0.729977	CMS_AN23122_Background_rpf_2x0_par3
 - -0.679725	CMS_AN23122_Background_rpf_2x0_par0
 - -0.0714615	CMS_AN23122_Background_rpf_2x0_par1
 - 0.000664538	r
 - -0.000272847	RNN
>> Attempt 1 failed, remove the variable with largest eigenvector component...
>> Dropping CMS_AN23122_Background_rpf_2x0_par3 from the hessian
>> Verifying eigenvalues are all positive (iteration 2)
>> All eigenvalues are positive
>> Inverting Hessian...
>> Matrix inverted
>> Note: the following parameters were dropped as their ranges are either too narrow or the parameter has no effect on the NLL:
     - CMS_AN23122_Background_rpf_2x0_par2
>> Note: the following parameters were dropped to make the covariance matrix pos-def:
     - CMS_AN23122_Background_fail_HIGH_bin_4-1
     - CMS_AN23122_Background_rpf_2x0_par3
Fit S+B, status = 0, numBadNLL = 0, covariance quality = -1

 --- FitDiagnostics ---
Best fit r: 16.8338  -16.8338/+33.1662  (68% CL)
Done in 0.00 min (cpu), 0.00 min (real)
31 log messages saved to combine_logger.out
