CascadeMinimizer.cc[188] : (in function: improveOnce) - Minimization configured with Type=Minuit2, Algo=Migrad, strategy=0, tolerance=0.1
CascadeMinimizer.cc[215] : (in function: improveOnce) - Minimization finished with status=0
CascadeMinimizer.cc[219] : (in function: improveOnce) - Minimization success! status=0
ToyMCSamplerOpt.cc[146] : (in function: generateAsimov) - Using internal logic for binned/unbinned Asimov dataset generation
ToyMCSamplerOpt.cc[214] : (in function: generateWithHisto) - Generating asimov with histogram for pdf pdf_binpass_LOW_obsOnly: in 4 x-bins
ToyMCSamplerOpt.cc[215] : (in function: generateWithHisto) -  , in 1 y-bins
ToyMCSamplerOpt.cc[146] : (in function: generateAsimov) - Using internal logic for binned/unbinned Asimov dataset generation
ToyMCSamplerOpt.cc[214] : (in function: generateWithHisto) - Generating asimov with histogram for pdf pdf_binpass_SIG_obsOnly: in 1 x-bins
ToyMCSamplerOpt.cc[215] : (in function: generateWithHisto) -  , in 1 y-bins
ToyMCSamplerOpt.cc[146] : (in function: generateAsimov) - Using internal logic for binned/unbinned Asimov dataset generation
ToyMCSamplerOpt.cc[214] : (in function: generateWithHisto) - Generating asimov with histogram for pdf pdf_binpass_HIGH_obsOnly: in 10 x-bins
ToyMCSamplerOpt.cc[215] : (in function: generateWithHisto) -  , in 1 y-bins
ToyMCSamplerOpt.cc[146] : (in function: generateAsimov) - Using internal logic for binned/unbinned Asimov dataset generation
ToyMCSamplerOpt.cc[214] : (in function: generateWithHisto) - Generating asimov with histogram for pdf pdf_binfail_LOW_obsOnly: in 4 x-bins
ToyMCSamplerOpt.cc[215] : (in function: generateWithHisto) -  , in 1 y-bins
ToyMCSamplerOpt.cc[146] : (in function: generateAsimov) - Using internal logic for binned/unbinned Asimov dataset generation
ToyMCSamplerOpt.cc[214] : (in function: generateWithHisto) - Generating asimov with histogram for pdf pdf_binfail_SIG_obsOnly: in 1 x-bins
ToyMCSamplerOpt.cc[215] : (in function: generateWithHisto) -  , in 1 y-bins
ToyMCSamplerOpt.cc[146] : (in function: generateAsimov) - Using internal logic for binned/unbinned Asimov dataset generation
ToyMCSamplerOpt.cc[214] : (in function: generateWithHisto) - Generating asimov with histogram for pdf pdf_binfail_HIGH_obsOnly: in 10 x-bins
ToyMCSamplerOpt.cc[215] : (in function: generateWithHisto) -  , in 1 y-bins
AsymptoticLimits.cc[428] : (in function: runLimitExpected) - Median for expected limits = 1.84375, Sigma for expected limits = 0.940706
AsymptoticLimits.cc[191] : (in function: runLimit) - NLL at global minimum of data = -956215 (r=11.9427)
AsymptoticLimits.cc[211] : (in function: runLimit) - NLL at global minimum of asimov = -956172 (r=1.39289e-06)
AsymptoticLimits.cc[337] : (in function: getCLs) - At r = 24.724421:	q_mu = 8.03331	q_A  = 71.45195	Pmu = 0.00230	1-Pb  = 1.00000	CLs  = 0.00230
AsymptoticLimits.cc[337] : (in function: getCLs) - At r = 18.333550:	q_mu = 2.15127	q_A  = 49.42218	Pmu = 0.07123	1-Pb  = 1.00000	CLs  = 0.07123
AsymptoticLimits.cc[337] : (in function: getCLs) - At r = 21.528985:	q_mu = 4.66199	q_A  = 60.18306	Pmu = 0.01542	1-Pb  = 1.00000	CLs  = 0.01542
AsymptoticLimits.cc[337] : (in function: getCLs) - At r = 19.563720:	q_mu = 3.01163	q_A  = 53.50208	Pmu = 0.04133	1-Pb  = 1.00000	CLs  = 0.04133
AsymptoticLimits.cc[337] : (in function: getCLs) - At r = 18.973474:	q_mu = 2.58189	q_A  = 51.53443	Pmu = 0.05405	1-Pb  = 1.00000	CLs  = 0.05405
AsymptoticLimits.cc[337] : (in function: getCLs) - At r = 19.228560:	q_mu = 2.76380	q_A  = 52.38247	Pmu = 0.04821	1-Pb  = 1.00000	CLs  = 0.04821
AsymptoticLimits.cc[337] : (in function: getCLs) - At r = 19.112426:	q_mu = 2.68025	q_A  = 51.99592	Pmu = 0.05080	1-Pb  = 1.00000	CLs  = 0.05080
AsymptoticLimits.cc[337] : (in function: getCLs) - At r = 19.163822:	q_mu = 2.71708	q_A  = 52.16688	Pmu = 0.04964	1-Pb  = 1.00000	CLs  = 0.04964
AsymptoticLimits.cc[337] : (in function: getCLs) - At r = 19.140672:	q_mu = 2.70046	q_A  = 52.08985	Pmu = 0.05016	1-Pb  = 1.00000	CLs  = 0.05016
AsymptoticLimits.cc[337] : (in function: getCLs) - At r = 19.150967:	q_mu = 2.70785	q_A  = 52.12410	Pmu = 0.04993	1-Pb  = 1.00000	CLs  = 0.04993
AsymptoticLimits.cc[337] : (in function: getCLs) - At r = 19.146340:	q_mu = 2.70453	q_A  = 52.10870	Pmu = 0.05003	1-Pb  = 1.00000	CLs  = 0.05003
AsymptoticLimits.cc[337] : (in function: getCLs) - At r = 19.148399:	q_mu = 2.70600	q_A  = 52.11555	Pmu = 0.04999	1-Pb  = 1.00000	CLs  = 0.04999
AsymptoticLimits.cc[337] : (in function: getCLs) - At r = 19.147474:	q_mu = 2.70534	q_A  = 52.11247	Pmu = 0.05001	1-Pb  = 1.00000	CLs  = 0.05001
AsymptoticLimits.cc[337] : (in function: getCLs) - At r = 19.147886:	q_mu = 2.70564	q_A  = 52.11385	Pmu = 0.05000	1-Pb  = 1.00000	CLs  = 0.05000
AsymptoticLimits.cc[337] : (in function: getCLs) - At r = 19.147701:	q_mu = 2.70550	q_A  = 52.11323	Pmu = 0.05000	1-Pb  = 1.00000	CLs  = 0.05000
AsymptoticLimits.cc[337] : (in function: getCLs) - At r = 19.147783:	q_mu = 2.70556	q_A  = 52.11350	Pmu = 0.05000	1-Pb  = 1.00000	CLs  = 0.05000
