CascadeMinimizer.cc[188] : (in function: improveOnce) - Minimization configured with Type=Minuit2, Algo=Migrad, strategy=0, tolerance=0.1
CascadeMinimizer.cc[215] : (in function: improveOnce) - Minimization finished with status=0
CascadeMinimizer.cc[219] : (in function: improveOnce) - Minimization success! status=0
ToyMCSamplerOpt.cc[146] : (in function: generateAsimov) - Using internal logic for binned/unbinned Asimov dataset generation
ToyMCSamplerOpt.cc[214] : (in function: generateWithHisto) - Generating asimov with histogram for pdf pdf_binpass_LOW_obsOnly: in 3 x-bins
ToyMCSamplerOpt.cc[215] : (in function: generateWithHisto) -  , in 1 y-bins
ToyMCSamplerOpt.cc[146] : (in function: generateAsimov) - Using internal logic for binned/unbinned Asimov dataset generation
ToyMCSamplerOpt.cc[214] : (in function: generateWithHisto) - Generating asimov with histogram for pdf pdf_binpass_SIG_obsOnly: in 1 x-bins
ToyMCSamplerOpt.cc[215] : (in function: generateWithHisto) -  , in 1 y-bins
ToyMCSamplerOpt.cc[146] : (in function: generateAsimov) - Using internal logic for binned/unbinned Asimov dataset generation
ToyMCSamplerOpt.cc[214] : (in function: generateWithHisto) - Generating asimov with histogram for pdf pdf_binpass_HIGH_obsOnly: in 5 x-bins
ToyMCSamplerOpt.cc[215] : (in function: generateWithHisto) -  , in 1 y-bins
ToyMCSamplerOpt.cc[146] : (in function: generateAsimov) - Using internal logic for binned/unbinned Asimov dataset generation
ToyMCSamplerOpt.cc[214] : (in function: generateWithHisto) - Generating asimov with histogram for pdf pdf_binfail_LOW_obsOnly: in 3 x-bins
ToyMCSamplerOpt.cc[215] : (in function: generateWithHisto) -  , in 1 y-bins
ToyMCSamplerOpt.cc[146] : (in function: generateAsimov) - Using internal logic for binned/unbinned Asimov dataset generation
ToyMCSamplerOpt.cc[214] : (in function: generateWithHisto) - Generating asimov with histogram for pdf pdf_binfail_SIG_obsOnly: in 1 x-bins
ToyMCSamplerOpt.cc[215] : (in function: generateWithHisto) -  , in 1 y-bins
ToyMCSamplerOpt.cc[146] : (in function: generateAsimov) - Using internal logic for binned/unbinned Asimov dataset generation
ToyMCSamplerOpt.cc[214] : (in function: generateWithHisto) - Generating asimov with histogram for pdf pdf_binfail_HIGH_obsOnly: in 5 x-bins
ToyMCSamplerOpt.cc[215] : (in function: generateWithHisto) -  , in 1 y-bins
AsymptoticLimits.cc[428] : (in function: runLimitExpected) - Median for expected limits = 0.5, Sigma for expected limits = 0.255107
AsymptoticLimits.cc[191] : (in function: runLimit) - NLL at global minimum of data = -777.264 (r=4.60499e-08)
AsymptoticLimits.cc[211] : (in function: runLimit) - NLL at global minimum of asimov = -775.48 (r=1.34217e-06)
AsymptoticLimits.cc[337] : (in function: getCLs) - At r = 1.200000:	q_mu = 22.94433	q_A  = 15.24909	Pmu = 0.00000	1-Pb  = 0.16224	CLs  = 0.00000
AsymptoticLimits.cc[337] : (in function: getCLs) - At r = 0.600000:	q_mu = 11.48049	q_A  = 5.35438	Pmu = 0.00014	1-Pb  = 0.09280	CLs  = 0.00148
AsymptoticLimits.cc[337] : (in function: getCLs) - At r = 0.300000:	q_mu = 5.56633	q_A  = 1.29720	Pmu = 0.00129	1-Pb  = 0.03045	CLs  = 0.04246
AsymptoticLimits.cc[337] : (in function: getCLs) - At r = 0.150000:	q_mu = 2.69675	q_A  = 0.26596	Pmu = 0.00204	1-Pb  = 0.00922	CLs  = 0.22093
AsymptoticLimits.cc[337] : (in function: getCLs) - At r = 0.225000:	q_mu = 4.11413	q_A  = 0.66084	Pmu = 0.00166	1-Pb  = 0.01684	CLs  = 0.09845
AsymptoticLimits.cc[337] : (in function: getCLs) - At r = 0.273332:	q_mu = 5.04365	q_A  = 1.04144	Pmu = 0.00143	1-Pb  = 0.02495	CLs  = 0.05751
AsymptoticLimits.cc[337] : (in function: getCLs) - At r = 0.288503:	q_mu = 5.33824	q_A  = 1.18334	Pmu = 0.00136	1-Pb  = 0.02808	CLs  = 0.04845
AsymptoticLimits.cc[337] : (in function: getCLs) - At r = 0.283245:	q_mu = 5.23587	q_A  = 1.13303	Pmu = 0.00139	1-Pb  = 0.02698	CLs  = 0.05143
AsymptoticLimits.cc[337] : (in function: getCLs) - At r = 0.286285:	q_mu = 5.29496	q_A  = 1.16197	Pmu = 0.00137	1-Pb  = 0.02761	CLs  = 0.04969
AsymptoticLimits.cc[337] : (in function: getCLs) - At r = 0.285236:	q_mu = 5.27456	q_A  = 1.15194	Pmu = 0.00138	1-Pb  = 0.02739	CLs  = 0.05028
AsymptoticLimits.cc[337] : (in function: getCLs) - At r = 0.285845:	q_mu = 5.28639	q_A  = 1.15775	Pmu = 0.00137	1-Pb  = 0.02752	CLs  = 0.04994
AsymptoticLimits.cc[337] : (in function: getCLs) - At r = 0.285635:	q_mu = 5.28231	q_A  = 1.15575	Pmu = 0.00138	1-Pb  = 0.02748	CLs  = 0.05006
AsymptoticLimits.cc[337] : (in function: getCLs) - At r = 0.285757:	q_mu = 5.28468	q_A  = 1.15691	Pmu = 0.00137	1-Pb  = 0.02750	CLs  = 0.04999
AsymptoticLimits.cc[337] : (in function: getCLs) - At r = 0.285715:	q_mu = 5.28387	q_A  = 1.15651	Pmu = 0.00138	1-Pb  = 0.02749	CLs  = 0.05001
AsymptoticLimits.cc[337] : (in function: getCLs) - At r = 0.285740:	q_mu = 5.28434	q_A  = 1.15674	Pmu = 0.00137	1-Pb  = 0.02750	CLs  = 0.05000
AsymptoticLimits.cc[337] : (in function: getCLs) - At r = 0.285731:	q_mu = 5.28418	q_A  = 1.15666	Pmu = 0.00137	1-Pb  = 0.02750	CLs  = 0.05000
AsymptoticLimits.cc[337] : (in function: getCLs) - At r = 0.285736:	q_mu = 5.28427	q_A  = 1.15671	Pmu = 0.00137	1-Pb  = 0.02750	CLs  = 0.05000
