CascadeMinimizer.cc[188] : (in function: improveOnce) - Minimization configured with Type=Minuit2, Algo=Migrad, strategy=0, tolerance=0.1
CascadeMinimizer.cc[215] : (in function: improveOnce) - Minimization finished with status=0
CascadeMinimizer.cc[219] : (in function: improveOnce) - Minimization success! status=0
ToyMCSamplerOpt.cc[146] : (in function: generateAsimov) - Using internal logic for binned/unbinned Asimov dataset generation
ToyMCSamplerOpt.cc[214] : (in function: generateWithHisto) - Generating asimov with histogram for pdf pdf_binpass_LOW_obsOnly: in 4 x-bins
ToyMCSamplerOpt.cc[215] : (in function: generateWithHisto) -  , in 1 y-bins
ToyMCSamplerOpt.cc[146] : (in function: generateAsimov) - Using internal logic for binned/unbinned Asimov dataset generation
ToyMCSamplerOpt.cc[214] : (in function: generateWithHisto) - Generating asimov with histogram for pdf pdf_binpass_SIG_obsOnly: in 3 x-bins
ToyMCSamplerOpt.cc[215] : (in function: generateWithHisto) -  , in 1 y-bins
ToyMCSamplerOpt.cc[146] : (in function: generateAsimov) - Using internal logic for binned/unbinned Asimov dataset generation
ToyMCSamplerOpt.cc[214] : (in function: generateWithHisto) - Generating asimov with histogram for pdf pdf_binpass_HIGH_obsOnly: in 7 x-bins
ToyMCSamplerOpt.cc[215] : (in function: generateWithHisto) -  , in 1 y-bins
ToyMCSamplerOpt.cc[146] : (in function: generateAsimov) - Using internal logic for binned/unbinned Asimov dataset generation
ToyMCSamplerOpt.cc[214] : (in function: generateWithHisto) - Generating asimov with histogram for pdf pdf_binfail_LOW_obsOnly: in 4 x-bins
ToyMCSamplerOpt.cc[215] : (in function: generateWithHisto) -  , in 1 y-bins
ToyMCSamplerOpt.cc[146] : (in function: generateAsimov) - Using internal logic for binned/unbinned Asimov dataset generation
ToyMCSamplerOpt.cc[214] : (in function: generateWithHisto) - Generating asimov with histogram for pdf pdf_binfail_SIG_obsOnly: in 3 x-bins
ToyMCSamplerOpt.cc[215] : (in function: generateWithHisto) -  , in 1 y-bins
ToyMCSamplerOpt.cc[146] : (in function: generateAsimov) - Using internal logic for binned/unbinned Asimov dataset generation
ToyMCSamplerOpt.cc[214] : (in function: generateWithHisto) - Generating asimov with histogram for pdf pdf_binfail_HIGH_obsOnly: in 7 x-bins
ToyMCSamplerOpt.cc[215] : (in function: generateWithHisto) -  , in 1 y-bins
AsymptoticLimits.cc[428] : (in function: runLimitExpected) - Median for expected limits = 1.38281, Sigma for expected limits = 0.70553
AsymptoticLimits.cc[191] : (in function: runLimit) - NLL at global minimum of data = -11134.4 (r=2.95926e-08)
AsymptoticLimits.cc[211] : (in function: runLimit) - NLL at global minimum of asimov = -11133.9 (r=1.77893e-06)
AsymptoticLimits.cc[337] : (in function: getCLs) - At r = 1.200000:	q_mu = 4.49248	q_A  = 3.35244	Pmu = 0.01609	1-Pb  = 0.37778	CLs  = 0.04258
AsymptoticLimits.cc[337] : (in function: getCLs) - At r = 0.600000:	q_mu = 2.52845	q_A  = 1.63842	Pmu = 0.05180	1-Pb  = 0.36405	CLs  = 0.14228
AsymptoticLimits.cc[337] : (in function: getCLs) - At r = 1.016073:	q_mu = 3.93082	q_A  = 2.85043	Pmu = 0.02231	1-Pb  = 0.37450	CLs  = 0.05956
AsymptoticLimits.cc[337] : (in function: getCLs) - At r = 1.092788:	q_mu = 4.16883	q_A  = 3.06229	Pmu = 0.01941	1-Pb  = 0.37594	CLs  = 0.05163
AsymptoticLimits.cc[337] : (in function: getCLs) - At r = 1.128497:	q_mu = 4.27782	q_A  = 3.15967	Pmu = 0.01822	1-Pb  = 0.37656	CLs  = 0.04838
AsymptoticLimits.cc[337] : (in function: getCLs) - At r = 1.113998:	q_mu = 4.23367	q_A  = 3.12021	Pmu = 0.01869	1-Pb  = 0.37631	CLs  = 0.04967
AsymptoticLimits.cc[337] : (in function: getCLs) - At r = 1.106823:	q_mu = 4.21177	q_A  = 3.10067	Pmu = 0.01893	1-Pb  = 0.37619	CLs  = 0.05032
AsymptoticLimits.cc[337] : (in function: getCLs) - At r = 1.111057:	q_mu = 4.22469	q_A  = 3.11220	Pmu = 0.01879	1-Pb  = 0.37626	CLs  = 0.04993
AsymptoticLimits.cc[337] : (in function: getCLs) - At r = 1.109623:	q_mu = 4.22040	q_A  = 3.10828	Pmu = 0.01883	1-Pb  = 0.37623	CLs  = 0.05006
AsymptoticLimits.cc[337] : (in function: getCLs) - At r = 1.110462:	q_mu = 4.22289	q_A  = 3.11057	Pmu = 0.01881	1-Pb  = 0.37625	CLs  = 0.04999
AsymptoticLimits.cc[337] : (in function: getCLs) - At r = 1.110178:	q_mu = 4.22201	q_A  = 3.10982	Pmu = 0.01882	1-Pb  = 0.37625	CLs  = 0.05001
AsymptoticLimits.cc[337] : (in function: getCLs) - At r = 1.110348:	q_mu = 4.22252	q_A  = 3.11026	Pmu = 0.01881	1-Pb  = 0.37625	CLs  = 0.05000
AsymptoticLimits.cc[337] : (in function: getCLs) - At r = 1.110294:	q_mu = 4.22236	q_A  = 3.11011	Pmu = 0.01881	1-Pb  = 0.37625	CLs  = 0.05000
AsymptoticLimits.cc[337] : (in function: getCLs) - At r = 1.110318:	q_mu = 4.22252	q_A  = 3.11017	Pmu = 0.01881	1-Pb  = 0.37624	CLs  = 0.05000
AsymptoticLimits.cc[337] : (in function: getCLs) - At r = 1.110307:	q_mu = 4.22242	q_A  = 3.11017	Pmu = 0.01881	1-Pb  = 0.37625	CLs  = 0.05000
AsymptoticLimits.cc[337] : (in function: getCLs) - At r = 1.110313:	q_mu = 4.22242	q_A  = 3.11017	Pmu = 0.01881	1-Pb  = 0.37625	CLs  = 0.05000
