CascadeMinimizer.cc[188] : (in function: improveOnce) - Minimization configured with Type=Minuit2, Algo=Migrad, strategy=0, tolerance=0.1
CascadeMinimizer.cc[215] : (in function: improveOnce) - Minimization finished with status=0
CascadeMinimizer.cc[219] : (in function: improveOnce) - Minimization success! status=0
ToyMCSamplerOpt.cc[146] : (in function: generateAsimov) - Using internal logic for binned/unbinned Asimov dataset generation
ToyMCSamplerOpt.cc[214] : (in function: generateWithHisto) - Generating asimov with histogram for pdf pdf_binpass_LOW_obsOnly: in 3 x-bins
ToyMCSamplerOpt.cc[215] : (in function: generateWithHisto) -  , in 1 y-bins
ToyMCSamplerOpt.cc[146] : (in function: generateAsimov) - Using internal logic for binned/unbinned Asimov dataset generation
ToyMCSamplerOpt.cc[214] : (in function: generateWithHisto) - Generating asimov with histogram for pdf pdf_binpass_SIG_obsOnly: in 1 x-bins
ToyMCSamplerOpt.cc[215] : (in function: generateWithHisto) -  , in 1 y-bins
ToyMCSamplerOpt.cc[146] : (in function: generateAsimov) - Using internal logic for binned/unbinned Asimov dataset generation
ToyMCSamplerOpt.cc[214] : (in function: generateWithHisto) - Generating asimov with histogram for pdf pdf_binpass_HIGH_obsOnly: in 3 x-bins
ToyMCSamplerOpt.cc[215] : (in function: generateWithHisto) -  , in 1 y-bins
ToyMCSamplerOpt.cc[146] : (in function: generateAsimov) - Using internal logic for binned/unbinned Asimov dataset generation
ToyMCSamplerOpt.cc[214] : (in function: generateWithHisto) - Generating asimov with histogram for pdf pdf_binfail_LOW_obsOnly: in 3 x-bins
ToyMCSamplerOpt.cc[215] : (in function: generateWithHisto) -  , in 1 y-bins
ToyMCSamplerOpt.cc[146] : (in function: generateAsimov) - Using internal logic for binned/unbinned Asimov dataset generation
ToyMCSamplerOpt.cc[214] : (in function: generateWithHisto) - Generating asimov with histogram for pdf pdf_binfail_SIG_obsOnly: in 1 x-bins
ToyMCSamplerOpt.cc[215] : (in function: generateWithHisto) -  , in 1 y-bins
ToyMCSamplerOpt.cc[146] : (in function: generateAsimov) - Using internal logic for binned/unbinned Asimov dataset generation
ToyMCSamplerOpt.cc[214] : (in function: generateWithHisto) - Generating asimov with histogram for pdf pdf_binfail_HIGH_obsOnly: in 3 x-bins
ToyMCSamplerOpt.cc[215] : (in function: generateWithHisto) -  , in 1 y-bins
AsymptoticLimits.cc[428] : (in function: runLimitExpected) - Median for expected limits = 7.40625, Sigma for expected limits = 3.77877
AsymptoticLimits.cc[191] : (in function: runLimit) - NLL at global minimum of data = -8423.13 (r=7.0163e-08)
AsymptoticLimits.cc[211] : (in function: runLimit) - NLL at global minimum of asimov = -8423.54 (r=2.61448e-06)
AsymptoticLimits.cc[337] : (in function: getCLs) - At r = 1.594827:	q_mu = 2.24869	q_A  = 0.70638	Pmu = 0.03937	1-Pb  = 0.17943	CLs  = 0.21944
AsymptoticLimits.cc[337] : (in function: getCLs) - At r = 3.189653:	q_mu = 3.78989	q_A  = 1.66848	Pmu = 0.01731	1-Pb  = 0.20577	CLs  = 0.08410
AsymptoticLimits.cc[337] : (in function: getCLs) - At r = 6.379307:	q_mu = 6.04767	q_A  = 3.36603	Pmu = 0.00515	1-Pb  = 0.23244	CLs  = 0.02216
AsymptoticLimits.cc[337] : (in function: getCLs) - At r = 3.189653:	q_mu = 3.78986	q_A  = 1.66849	Pmu = 0.01731	1-Pb  = 0.20578	CLs  = 0.08410
AsymptoticLimits.cc[337] : (in function: getCLs) - At r = 4.822541:	q_mu = 5.04100	q_A  = 2.58043	Pmu = 0.00884	1-Pb  = 0.22187	CLs  = 0.03984
AsymptoticLimits.cc[337] : (in function: getCLs) - At r = 4.098902:	q_mu = 4.51647	q_A  = 2.18796	Pmu = 0.01172	1-Pb  = 0.21561	CLs  = 0.05434
AsymptoticLimits.cc[337] : (in function: getCLs) - At r = 4.399021:	q_mu = 4.73916	q_A  = 2.35296	Pmu = 0.01040	1-Pb  = 0.21834	CLs  = 0.04761
AsymptoticLimits.cc[337] : (in function: getCLs) - At r = 4.250189:	q_mu = 4.62967	q_A  = 2.27153	Pmu = 0.01103	1-Pb  = 0.21702	CLs  = 0.05081
AsymptoticLimits.cc[337] : (in function: getCLs) - At r = 4.309327:	q_mu = 4.67339	q_A  = 2.30399	Pmu = 0.01077	1-Pb  = 0.21755	CLs  = 0.04951
AsymptoticLimits.cc[337] : (in function: getCLs) - At r = 4.279393:	q_mu = 4.65129	q_A  = 2.28757	Pmu = 0.01090	1-Pb  = 0.21728	CLs  = 0.05016
AsymptoticLimits.cc[337] : (in function: getCLs) - At r = 4.291192:	q_mu = 4.66001	q_A  = 2.29405	Pmu = 0.01085	1-Pb  = 0.21739	CLs  = 0.04990
AsymptoticLimits.cc[337] : (in function: getCLs) - At r = 4.285197:	q_mu = 4.65558	q_A  = 2.29075	Pmu = 0.01087	1-Pb  = 0.21733	CLs  = 0.05003
AsymptoticLimits.cc[337] : (in function: getCLs) - At r = 4.287557:	q_mu = 4.65732	q_A  = 2.29205	Pmu = 0.01086	1-Pb  = 0.21736	CLs  = 0.04998
AsymptoticLimits.cc[337] : (in function: getCLs) - At r = 4.286357:	q_mu = 4.65644	q_A  = 2.29139	Pmu = 0.01087	1-Pb  = 0.21734	CLs  = 0.05001
AsymptoticLimits.cc[337] : (in function: getCLs) - At r = 4.286830:	q_mu = 4.65679	q_A  = 2.29165	Pmu = 0.01087	1-Pb  = 0.21735	CLs  = 0.05000
AsymptoticLimits.cc[337] : (in function: getCLs) - At r = 4.286589:	q_mu = 4.65661	q_A  = 2.29152	Pmu = 0.01087	1-Pb  = 0.21735	CLs  = 0.05000
AsymptoticLimits.cc[337] : (in function: getCLs) - At r = 4.286684:	q_mu = 4.65668	q_A  = 2.29157	Pmu = 0.01087	1-Pb  = 0.21735	CLs  = 0.05000
AsymptoticLimits.cc[337] : (in function: getCLs) - At r = 4.286636:	q_mu = 4.65664	q_A  = 2.29155	Pmu = 0.01087	1-Pb  = 0.21735	CLs  = 0.05000
AsymptoticLimits.cc[337] : (in function: getCLs) - At r = 4.286655:	q_mu = 4.65666	q_A  = 2.29156	Pmu = 0.01087	1-Pb  = 0.21735	CLs  = 0.05000
AsymptoticLimits.cc[337] : (in function: getCLs) - At r = 4.286645:	q_mu = 4.65665	q_A  = 2.29155	Pmu = 0.01087	1-Pb  = 0.21735	CLs  = 0.05000
