CascadeMinimizer.cc[188] : (in function: improveOnce) - Minimization configured with Type=Minuit2, Algo=Migrad, strategy=0, tolerance=0.1
CascadeMinimizer.cc[215] : (in function: improveOnce) - Minimization finished with status=0
CascadeMinimizer.cc[219] : (in function: improveOnce) - Minimization success! status=0
ToyMCSamplerOpt.cc[146] : (in function: generateAsimov) - Using internal logic for binned/unbinned Asimov dataset generation
ToyMCSamplerOpt.cc[214] : (in function: generateWithHisto) - Generating asimov with histogram for pdf pdf_binpass_LOW_obsOnly: in 2 x-bins
ToyMCSamplerOpt.cc[215] : (in function: generateWithHisto) -  , in 1 y-bins
ToyMCSamplerOpt.cc[146] : (in function: generateAsimov) - Using internal logic for binned/unbinned Asimov dataset generation
ToyMCSamplerOpt.cc[214] : (in function: generateWithHisto) - Generating asimov with histogram for pdf pdf_binpass_SIG_obsOnly: in 1 x-bins
ToyMCSamplerOpt.cc[215] : (in function: generateWithHisto) -  , in 1 y-bins
ToyMCSamplerOpt.cc[146] : (in function: generateAsimov) - Using internal logic for binned/unbinned Asimov dataset generation
ToyMCSamplerOpt.cc[214] : (in function: generateWithHisto) - Generating asimov with histogram for pdf pdf_binpass_HIGH_obsOnly: in 9 x-bins
ToyMCSamplerOpt.cc[215] : (in function: generateWithHisto) -  , in 1 y-bins
ToyMCSamplerOpt.cc[146] : (in function: generateAsimov) - Using internal logic for binned/unbinned Asimov dataset generation
ToyMCSamplerOpt.cc[214] : (in function: generateWithHisto) - Generating asimov with histogram for pdf pdf_binfail_LOW_obsOnly: in 2 x-bins
ToyMCSamplerOpt.cc[215] : (in function: generateWithHisto) -  , in 1 y-bins
ToyMCSamplerOpt.cc[146] : (in function: generateAsimov) - Using internal logic for binned/unbinned Asimov dataset generation
ToyMCSamplerOpt.cc[214] : (in function: generateWithHisto) - Generating asimov with histogram for pdf pdf_binfail_SIG_obsOnly: in 1 x-bins
ToyMCSamplerOpt.cc[215] : (in function: generateWithHisto) -  , in 1 y-bins
ToyMCSamplerOpt.cc[146] : (in function: generateAsimov) - Using internal logic for binned/unbinned Asimov dataset generation
ToyMCSamplerOpt.cc[214] : (in function: generateWithHisto) - Generating asimov with histogram for pdf pdf_binfail_HIGH_obsOnly: in 9 x-bins
ToyMCSamplerOpt.cc[215] : (in function: generateWithHisto) -  , in 1 y-bins
AsymptoticLimits.cc[428] : (in function: runLimitExpected) - Median for expected limits = 1.14062, Sigma for expected limits = 0.581962
AsymptoticLimits.cc[191] : (in function: runLimit) - NLL at global minimum of data = -23.3756 (r=0.00166036)
AsymptoticLimits.cc[211] : (in function: runLimit) - NLL at global minimum of asimov = -22.9582 (r=0.00150461)
AsymptoticLimits.cc[337] : (in function: getCLs) - At r = 2.531207:	q_mu = 11.15115	q_A  = 10.49811	Pmu = 0.00042	1-Pb  = 0.45986	CLs  = 0.00091
AsymptoticLimits.cc[337] : (in function: getCLs) - At r = 1.266434:	q_mu = 4.80226	q_A  = 4.44871	Pmu = 0.01415	1-Pb  = 0.46660	CLs  = 0.03033
AsymptoticLimits.cc[337] : (in function: getCLs) - At r = 0.634047:	q_mu = 1.62453	q_A  = 1.49334	Pmu = 0.10103	1-Pb  = 0.47860	CLs  = 0.21110
AsymptoticLimits.cc[337] : (in function: getCLs) - At r = 0.950241:	q_mu = 3.18084	q_A  = 2.92917	Pmu = 0.03713	1-Pb  = 0.47069	CLs  = 0.07888
AsymptoticLimits.cc[337] : (in function: getCLs) - At r = 1.134155:	q_mu = 4.12036	q_A  = 3.80955	Pmu = 0.02111	1-Pb  = 0.46827	CLs  = 0.04507
AsymptoticLimits.cc[337] : (in function: getCLs) - At r = 1.070096:	q_mu = 3.79116	q_A  = 3.50072	Pmu = 0.02567	1-Pb  = 0.46907	CLs  = 0.05472
AsymptoticLimits.cc[337] : (in function: getCLs) - At r = 1.106752:	q_mu = 3.97939	q_A  = 3.67695	Pmu = 0.02295	1-Pb  = 0.46857	CLs  = 0.04897
AsymptoticLimits.cc[337] : (in function: getCLs) - At r = 1.093920:	q_mu = 3.91363	q_A  = 3.61502	Pmu = 0.02386	1-Pb  = 0.46870	CLs  = 0.05091
AsymptoticLimits.cc[337] : (in function: getCLs) - At r = 1.101240:	q_mu = 3.95113	q_A  = 3.65024	Pmu = 0.02333	1-Pb  = 0.46862	CLs  = 0.04979
AsymptoticLimits.cc[337] : (in function: getCLs) - At r = 1.098677:	q_mu = 3.93795	q_A  = 3.63788	Pmu = 0.02352	1-Pb  = 0.46865	CLs  = 0.05018
AsymptoticLimits.cc[337] : (in function: getCLs) - At r = 1.100145:	q_mu = 3.94548	q_A  = 3.64493	Pmu = 0.02341	1-Pb  = 0.46863	CLs  = 0.04996
AsymptoticLimits.cc[337] : (in function: getCLs) - At r = 1.099634:	q_mu = 3.94297	q_A  = 3.64239	Pmu = 0.02345	1-Pb  = 0.46862	CLs  = 0.05004
AsymptoticLimits.cc[337] : (in function: getCLs) - At r = 1.099924:	q_mu = 3.94445	q_A  = 3.64366	Pmu = 0.02343	1-Pb  = 0.46860	CLs  = 0.04999
AsymptoticLimits.cc[337] : (in function: getCLs) - At r = 1.099825:	q_mu = 3.94394	q_A  = 3.64317	Pmu = 0.02343	1-Pb  = 0.46860	CLs  = 0.05001
AsymptoticLimits.cc[337] : (in function: getCLs) - At r = 1.099866:	q_mu = 3.94414	q_A  = 3.64338	Pmu = 0.02343	1-Pb  = 0.46860	CLs  = 0.05000
AsymptoticLimits.cc[337] : (in function: getCLs) - At r = 1.099886:	q_mu = 3.94423	q_A  = 3.64335	Pmu = 0.02343	1-Pb  = 0.46859	CLs  = 0.05000
AsymptoticLimits.cc[337] : (in function: getCLs) - At r = 1.099894:	q_mu = 3.94441	q_A  = 3.64338	Pmu = 0.02343	1-Pb  = 0.46857	CLs  = 0.05000
AsymptoticLimits.cc[337] : (in function: getCLs) - At r = 1.099887:	q_mu = 3.94437	q_A  = 3.64335	Pmu = 0.02343	1-Pb  = 0.46857	CLs  = 0.05000
