CascadeMinimizer.cc[188] : (in function: improveOnce) - Minimization configured with Type=Minuit2, Algo=Migrad, strategy=0, tolerance=0.1
CascadeMinimizer.cc[215] : (in function: improveOnce) - Minimization finished with status=0
CascadeMinimizer.cc[219] : (in function: improveOnce) - Minimization success! status=0
ToyMCSamplerOpt.cc[146] : (in function: generateAsimov) - Using internal logic for binned/unbinned Asimov dataset generation
ToyMCSamplerOpt.cc[214] : (in function: generateWithHisto) - Generating asimov with histogram for pdf pdf_binpass_LOW_obsOnly: in 3 x-bins
ToyMCSamplerOpt.cc[215] : (in function: generateWithHisto) -  , in 1 y-bins
ToyMCSamplerOpt.cc[146] : (in function: generateAsimov) - Using internal logic for binned/unbinned Asimov dataset generation
ToyMCSamplerOpt.cc[214] : (in function: generateWithHisto) - Generating asimov with histogram for pdf pdf_binpass_SIG_obsOnly: in 1 x-bins
ToyMCSamplerOpt.cc[215] : (in function: generateWithHisto) -  , in 1 y-bins
ToyMCSamplerOpt.cc[146] : (in function: generateAsimov) - Using internal logic for binned/unbinned Asimov dataset generation
ToyMCSamplerOpt.cc[214] : (in function: generateWithHisto) - Generating asimov with histogram for pdf pdf_binpass_HIGH_obsOnly: in 5 x-bins
ToyMCSamplerOpt.cc[215] : (in function: generateWithHisto) -  , in 1 y-bins
ToyMCSamplerOpt.cc[146] : (in function: generateAsimov) - Using internal logic for binned/unbinned Asimov dataset generation
ToyMCSamplerOpt.cc[214] : (in function: generateWithHisto) - Generating asimov with histogram for pdf pdf_binfail_LOW_obsOnly: in 3 x-bins
ToyMCSamplerOpt.cc[215] : (in function: generateWithHisto) -  , in 1 y-bins
ToyMCSamplerOpt.cc[146] : (in function: generateAsimov) - Using internal logic for binned/unbinned Asimov dataset generation
ToyMCSamplerOpt.cc[214] : (in function: generateWithHisto) - Generating asimov with histogram for pdf pdf_binfail_SIG_obsOnly: in 1 x-bins
ToyMCSamplerOpt.cc[215] : (in function: generateWithHisto) -  , in 1 y-bins
ToyMCSamplerOpt.cc[146] : (in function: generateAsimov) - Using internal logic for binned/unbinned Asimov dataset generation
ToyMCSamplerOpt.cc[214] : (in function: generateWithHisto) - Generating asimov with histogram for pdf pdf_binfail_HIGH_obsOnly: in 5 x-bins
ToyMCSamplerOpt.cc[215] : (in function: generateWithHisto) -  , in 1 y-bins
AsymptoticLimits.cc[428] : (in function: runLimitExpected) - Median for expected limits = 1.60156, Sigma for expected limits = 0.817139
AsymptoticLimits.cc[191] : (in function: runLimit) - NLL at global minimum of data = -766.983 (r=2.55502)
AsymptoticLimits.cc[211] : (in function: runLimit) - NLL at global minimum of asimov = -761.735 (r=0.00296773)
AsymptoticLimits.cc[337] : (in function: getCLs) - At r = 5.205102:	q_mu = 4.56856	q_A  = 20.46393	Pmu = 0.01628	1-Pb  = 0.99149	CLs  = 0.01642
AsymptoticLimits.cc[337] : (in function: getCLs) - At r = 3.880063:	q_mu = 1.47314	q_A  = 14.10886	Pmu = 0.11243	1-Pb  = 0.99450	CLs  = 0.11305
AsymptoticLimits.cc[337] : (in function: getCLs) - At r = 4.593317:	q_mu = 2.99063	q_A  = 17.53303	Pmu = 0.04187	1-Pb  = 0.99301	CLs  = 0.04217
AsymptoticLimits.cc[337] : (in function: getCLs) - At r = 4.352095:	q_mu = 2.43149	q_A  = 16.37314	Pmu = 0.05946	1-Pb  = 0.99356	CLs  = 0.05985
AsymptoticLimits.cc[337] : (in function: getCLs) - At r = 4.451170:	q_mu = 2.65611	q_A  = 16.84854	Pmu = 0.05158	1-Pb  = 0.99334	CLs  = 0.05192
AsymptoticLimits.cc[337] : (in function: getCLs) - At r = 4.500216:	q_mu = 2.76996	q_A  = 17.08392	Pmu = 0.04802	1-Pb  = 0.99322	CLs  = 0.04835
AsymptoticLimits.cc[337] : (in function: getCLs) - At r = 4.471947:	q_mu = 2.70415	q_A  = 16.94826	Pmu = 0.05004	1-Pb  = 0.99329	CLs  = 0.05038
AsymptoticLimits.cc[337] : (in function: getCLs) - At r = 4.481785:	q_mu = 2.72697	q_A  = 16.99546	Pmu = 0.04933	1-Pb  = 0.99327	CLs  = 0.04967
AsymptoticLimits.cc[337] : (in function: getCLs) - At r = 4.476141:	q_mu = 2.71385	q_A  = 16.96837	Pmu = 0.04974	1-Pb  = 0.99328	CLs  = 0.05008
AsymptoticLimits.cc[337] : (in function: getCLs) - At r = 4.478114:	q_mu = 2.71843	q_A  = 16.97782	Pmu = 0.04960	1-Pb  = 0.99328	CLs  = 0.04993
AsymptoticLimits.cc[337] : (in function: getCLs) - At r = 4.476985:	q_mu = 2.71581	q_A  = 16.97238	Pmu = 0.04968	1-Pb  = 0.99328	CLs  = 0.05002
AsymptoticLimits.cc[337] : (in function: getCLs) - At r = 4.477381:	q_mu = 2.71732	q_A  = 16.97428	Pmu = 0.04963	1-Pb  = 0.99327	CLs  = 0.04997
AsymptoticLimits.cc[337] : (in function: getCLs) - At r = 4.477168:	q_mu = 2.71624	q_A  = 16.97326	Pmu = 0.04967	1-Pb  = 0.99328	CLs  = 0.05000
AsymptoticLimits.cc[337] : (in function: getCLs) - At r = 4.477220:	q_mu = 2.71638	q_A  = 16.97351	Pmu = 0.04966	1-Pb  = 0.99328	CLs  = 0.05000
AsymptoticLimits.cc[337] : (in function: getCLs) - At r = 4.477198:	q_mu = 2.71632	q_A  = 16.97340	Pmu = 0.04966	1-Pb  = 0.99328	CLs  = 0.05000
AsymptoticLimits.cc[337] : (in function: getCLs) - At r = 4.477187:	q_mu = 2.71629	q_A  = 16.97335	Pmu = 0.04966	1-Pb  = 0.99328	CLs  = 0.05000
