CascadeMinimizer.cc[188] : (in function: improveOnce) - Minimization configured with Type=Minuit2, Algo=Migrad, strategy=0, tolerance=0.1
CascadeMinimizer.cc[215] : (in function: improveOnce) - Minimization finished with status=0
CascadeMinimizer.cc[219] : (in function: improveOnce) - Minimization success! status=0
ToyMCSamplerOpt.cc[146] : (in function: generateAsimov) - Using internal logic for binned/unbinned Asimov dataset generation
ToyMCSamplerOpt.cc[214] : (in function: generateWithHisto) - Generating asimov with histogram for pdf pdf_binpass_LOW_obsOnly: in 3 x-bins
ToyMCSamplerOpt.cc[215] : (in function: generateWithHisto) -  , in 1 y-bins
ToyMCSamplerOpt.cc[146] : (in function: generateAsimov) - Using internal logic for binned/unbinned Asimov dataset generation
ToyMCSamplerOpt.cc[214] : (in function: generateWithHisto) - Generating asimov with histogram for pdf pdf_binpass_SIG_obsOnly: in 1 x-bins
ToyMCSamplerOpt.cc[215] : (in function: generateWithHisto) -  , in 1 y-bins
ToyMCSamplerOpt.cc[146] : (in function: generateAsimov) - Using internal logic for binned/unbinned Asimov dataset generation
ToyMCSamplerOpt.cc[214] : (in function: generateWithHisto) - Generating asimov with histogram for pdf pdf_binpass_HIGH_obsOnly: in 4 x-bins
ToyMCSamplerOpt.cc[215] : (in function: generateWithHisto) -  , in 1 y-bins
ToyMCSamplerOpt.cc[146] : (in function: generateAsimov) - Using internal logic for binned/unbinned Asimov dataset generation
ToyMCSamplerOpt.cc[214] : (in function: generateWithHisto) - Generating asimov with histogram for pdf pdf_binfail_LOW_obsOnly: in 3 x-bins
ToyMCSamplerOpt.cc[215] : (in function: generateWithHisto) -  , in 1 y-bins
ToyMCSamplerOpt.cc[146] : (in function: generateAsimov) - Using internal logic for binned/unbinned Asimov dataset generation
ToyMCSamplerOpt.cc[214] : (in function: generateWithHisto) - Generating asimov with histogram for pdf pdf_binfail_SIG_obsOnly: in 1 x-bins
ToyMCSamplerOpt.cc[215] : (in function: generateWithHisto) -  , in 1 y-bins
ToyMCSamplerOpt.cc[146] : (in function: generateAsimov) - Using internal logic for binned/unbinned Asimov dataset generation
ToyMCSamplerOpt.cc[214] : (in function: generateWithHisto) - Generating asimov with histogram for pdf pdf_binfail_HIGH_obsOnly: in 4 x-bins
ToyMCSamplerOpt.cc[215] : (in function: generateWithHisto) -  , in 1 y-bins
AsymptoticLimits.cc[428] : (in function: runLimitExpected) - Median for expected limits = 0.273438, Sigma for expected limits = 0.139511
AsymptoticLimits.cc[191] : (in function: runLimit) - NLL at global minimum of data = -7170.12 (r=0.183887)
AsymptoticLimits.cc[211] : (in function: runLimit) - NLL at global minimum of asimov = -7169.48 (r=0.000509226)
AsymptoticLimits.cc[337] : (in function: getCLs) - At r = 1.383887:	q_mu = 15.08860	q_A  = 26.00347	Pmu = 0.00005	1-Pb  = 0.88781	CLs  = 0.00006
AsymptoticLimits.cc[337] : (in function: getCLs) - At r = 0.783887:	q_mu = 5.90900	q_A  = 14.05724	Pmu = 0.00753	1-Pb  = 0.90632	CLs  = 0.00831
AsymptoticLimits.cc[337] : (in function: getCLs) - At r = 0.483887:	q_mu = 2.04400	q_A  = 7.96816	Pmu = 0.07640	1-Pb  = 0.91821	CLs  = 0.08321
AsymptoticLimits.cc[337] : (in function: getCLs) - At r = 0.633887:	q_mu = 3.85798	q_A  = 11.00607	Pmu = 0.02475	1-Pb  = 0.91203	CLs  = 0.02714
AsymptoticLimits.cc[337] : (in function: getCLs) - At r = 0.568447:	q_mu = 3.02995	q_A  = 9.67674	Pmu = 0.04087	1-Pb  = 0.91467	CLs  = 0.04468
AsymptoticLimits.cc[337] : (in function: getCLs) - At r = 0.539303:	q_mu = 2.67826	q_A  = 9.08630	Pmu = 0.05086	1-Pb  = 0.91587	CLs  = 0.05554
AsymptoticLimits.cc[337] : (in function: getCLs) - At r = 0.556392:	q_mu = 2.88307	q_A  = 9.43233	Pmu = 0.04476	1-Pb  = 0.91516	CLs  = 0.04891
AsymptoticLimits.cc[337] : (in function: getCLs) - At r = 0.550596:	q_mu = 2.81316	q_A  = 9.31493	Pmu = 0.04675	1-Pb  = 0.91540	CLs  = 0.05107
AsymptoticLimits.cc[337] : (in function: getCLs) - At r = 0.554021:	q_mu = 2.85441	q_A  = 9.38429	Pmu = 0.04556	1-Pb  = 0.91526	CLs  = 0.04978
AsymptoticLimits.cc[337] : (in function: getCLs) - At r = 0.552863:	q_mu = 2.84045	q_A  = 9.36084	Pmu = 0.04596	1-Pb  = 0.91531	CLs  = 0.05021
AsymptoticLimits.cc[337] : (in function: getCLs) - At r = 0.553548:	q_mu = 2.84871	q_A  = 9.37472	Pmu = 0.04572	1-Pb  = 0.91528	CLs  = 0.04996
AsymptoticLimits.cc[337] : (in function: getCLs) - At r = 0.553317:	q_mu = 2.84591	q_A  = 9.37003	Pmu = 0.04580	1-Pb  = 0.91529	CLs  = 0.05004
AsymptoticLimits.cc[337] : (in function: getCLs) - At r = 0.553454:	q_mu = 2.84757	q_A  = 9.37280	Pmu = 0.04576	1-Pb  = 0.91528	CLs  = 0.04999
AsymptoticLimits.cc[337] : (in function: getCLs) - At r = 0.553407:	q_mu = 2.84701	q_A  = 9.37187	Pmu = 0.04577	1-Pb  = 0.91529	CLs  = 0.05001
AsymptoticLimits.cc[337] : (in function: getCLs) - At r = 0.553435:	q_mu = 2.84734	q_A  = 9.37242	Pmu = 0.04576	1-Pb  = 0.91528	CLs  = 0.05000
AsymptoticLimits.cc[337] : (in function: getCLs) - At r = 0.553425:	q_mu = 2.84723	q_A  = 9.37223	Pmu = 0.04577	1-Pb  = 0.91528	CLs  = 0.05000
AsymptoticLimits.cc[337] : (in function: getCLs) - At r = 0.553431:	q_mu = 2.84729	q_A  = 9.37234	Pmu = 0.04576	1-Pb  = 0.91528	CLs  = 0.05000
