CascadeMinimizer.cc[188] : (in function: improveOnce) - Minimization configured with Type=Minuit2, Algo=Migrad, strategy=0, tolerance=0.1
CascadeMinimizer.cc[215] : (in function: improveOnce) - Minimization finished with status=0
CascadeMinimizer.cc[219] : (in function: improveOnce) - Minimization success! status=0
ToyMCSamplerOpt.cc[146] : (in function: generateAsimov) - Using internal logic for binned/unbinned Asimov dataset generation
ToyMCSamplerOpt.cc[214] : (in function: generateWithHisto) - Generating asimov with histogram for pdf pdf_binpass_LOW_obsOnly: in 3 x-bins
ToyMCSamplerOpt.cc[215] : (in function: generateWithHisto) -  , in 1 y-bins
ToyMCSamplerOpt.cc[146] : (in function: generateAsimov) - Using internal logic for binned/unbinned Asimov dataset generation
ToyMCSamplerOpt.cc[214] : (in function: generateWithHisto) - Generating asimov with histogram for pdf pdf_binpass_SIG_obsOnly: in 1 x-bins
ToyMCSamplerOpt.cc[215] : (in function: generateWithHisto) -  , in 1 y-bins
ToyMCSamplerOpt.cc[146] : (in function: generateAsimov) - Using internal logic for binned/unbinned Asimov dataset generation
ToyMCSamplerOpt.cc[214] : (in function: generateWithHisto) - Generating asimov with histogram for pdf pdf_binpass_HIGH_obsOnly: in 3 x-bins
ToyMCSamplerOpt.cc[215] : (in function: generateWithHisto) -  , in 1 y-bins
ToyMCSamplerOpt.cc[146] : (in function: generateAsimov) - Using internal logic for binned/unbinned Asimov dataset generation
ToyMCSamplerOpt.cc[214] : (in function: generateWithHisto) - Generating asimov with histogram for pdf pdf_binfail_LOW_obsOnly: in 3 x-bins
ToyMCSamplerOpt.cc[215] : (in function: generateWithHisto) -  , in 1 y-bins
ToyMCSamplerOpt.cc[146] : (in function: generateAsimov) - Using internal logic for binned/unbinned Asimov dataset generation
ToyMCSamplerOpt.cc[214] : (in function: generateWithHisto) - Generating asimov with histogram for pdf pdf_binfail_SIG_obsOnly: in 1 x-bins
ToyMCSamplerOpt.cc[215] : (in function: generateWithHisto) -  , in 1 y-bins
ToyMCSamplerOpt.cc[146] : (in function: generateAsimov) - Using internal logic for binned/unbinned Asimov dataset generation
ToyMCSamplerOpt.cc[214] : (in function: generateWithHisto) - Generating asimov with histogram for pdf pdf_binfail_HIGH_obsOnly: in 3 x-bins
ToyMCSamplerOpt.cc[215] : (in function: generateWithHisto) -  , in 1 y-bins
AsymptoticLimits.cc[428] : (in function: runLimitExpected) - Median for expected limits = 0.867188, Sigma for expected limits = 0.442451
AsymptoticLimits.cc[191] : (in function: runLimit) - NLL at global minimum of data = -8454.88 (r=0.731624)
AsymptoticLimits.cc[211] : (in function: runLimit) - NLL at global minimum of asimov = -8449.95 (r=0.000741683)
AsymptoticLimits.cc[337] : (in function: getCLs) - At r = 1.931624:	q_mu = 3.38709	q_A  = 9.87610	Pmu = 0.03285	1-Pb  = 0.90358	CLs  = 0.03636
AsymptoticLimits.cc[337] : (in function: getCLs) - At r = 1.331624:	q_mu = 1.23697	q_A  = 6.52440	Pmu = 0.13303	1-Pb  = 0.92536	CLs  = 0.14376
AsymptoticLimits.cc[337] : (in function: getCLs) - At r = 1.700394:	q_mu = 2.51848	q_A  = 8.60821	Pmu = 0.05626	1-Pb  = 0.91101	CLs  = 0.06176
AsymptoticLimits.cc[337] : (in function: getCLs) - At r = 1.820380:	q_mu = 2.96541	q_A  = 9.27038	Pmu = 0.04253	1-Pb  = 0.90703	CLs  = 0.04689
AsymptoticLimits.cc[337] : (in function: getCLs) - At r = 1.774003:	q_mu = 2.79160	q_A  = 9.01539	Pmu = 0.04738	1-Pb  = 0.90853	CLs  = 0.05215
AsymptoticLimits.cc[337] : (in function: getCLs) - At r = 1.797972:	q_mu = 2.88122	q_A  = 9.14728	Pmu = 0.04481	1-Pb  = 0.90775	CLs  = 0.04936
AsymptoticLimits.cc[337] : (in function: getCLs) - At r = 1.788700:	q_mu = 2.84646	q_A  = 9.09629	Pmu = 0.04579	1-Pb  = 0.90805	CLs  = 0.05042
AsymptoticLimits.cc[337] : (in function: getCLs) - At r = 1.793499:	q_mu = 2.86445	q_A  = 9.12267	Pmu = 0.04528	1-Pb  = 0.90790	CLs  = 0.04987
AsymptoticLimits.cc[337] : (in function: getCLs) - At r = 1.791643:	q_mu = 2.85750	q_A  = 9.11246	Pmu = 0.04547	1-Pb  = 0.90796	CLs  = 0.05008
AsymptoticLimits.cc[337] : (in function: getCLs) - At r = 1.792603:	q_mu = 2.86109	q_A  = 9.11773	Pmu = 0.04537	1-Pb  = 0.90792	CLs  = 0.04997
AsymptoticLimits.cc[337] : (in function: getCLs) - At r = 1.792232:	q_mu = 2.85970	q_A  = 9.11569	Pmu = 0.04541	1-Pb  = 0.90794	CLs  = 0.05002
AsymptoticLimits.cc[337] : (in function: getCLs) - At r = 1.792424:	q_mu = 2.86042	q_A  = 9.11674	Pmu = 0.04539	1-Pb  = 0.90793	CLs  = 0.04999
AsymptoticLimits.cc[337] : (in function: getCLs) - At r = 1.792349:	q_mu = 2.86014	q_A  = 9.11633	Pmu = 0.04540	1-Pb  = 0.90793	CLs  = 0.05000
AsymptoticLimits.cc[337] : (in function: getCLs) - At r = 1.792388:	q_mu = 2.86029	q_A  = 9.11654	Pmu = 0.04540	1-Pb  = 0.90793	CLs  = 0.05000
AsymptoticLimits.cc[337] : (in function: getCLs) - At r = 1.792373:	q_mu = 2.86023	q_A  = 9.11646	Pmu = 0.04540	1-Pb  = 0.90793	CLs  = 0.05000
AsymptoticLimits.cc[337] : (in function: getCLs) - At r = 1.792381:	q_mu = 2.86026	q_A  = 9.11650	Pmu = 0.04540	1-Pb  = 0.90793	CLs  = 0.05000
