CascadeMinimizer.cc[188] : (in function: improveOnce) - Minimization configured with Type=Minuit2, Algo=Migrad, strategy=0, tolerance=0.1
CascadeMinimizer.cc[215] : (in function: improveOnce) - Minimization finished with status=0
CascadeMinimizer.cc[219] : (in function: improveOnce) - Minimization success! status=0
ToyMCSamplerOpt.cc[146] : (in function: generateAsimov) - Using internal logic for binned/unbinned Asimov dataset generation
ToyMCSamplerOpt.cc[214] : (in function: generateWithHisto) - Generating asimov with histogram for pdf pdf_binpass_LOW_obsOnly: in 3 x-bins
ToyMCSamplerOpt.cc[215] : (in function: generateWithHisto) -  , in 1 y-bins
ToyMCSamplerOpt.cc[146] : (in function: generateAsimov) - Using internal logic for binned/unbinned Asimov dataset generation
ToyMCSamplerOpt.cc[214] : (in function: generateWithHisto) - Generating asimov with histogram for pdf pdf_binpass_SIG_obsOnly: in 1 x-bins
ToyMCSamplerOpt.cc[215] : (in function: generateWithHisto) -  , in 1 y-bins
ToyMCSamplerOpt.cc[146] : (in function: generateAsimov) - Using internal logic for binned/unbinned Asimov dataset generation
ToyMCSamplerOpt.cc[214] : (in function: generateWithHisto) - Generating asimov with histogram for pdf pdf_binpass_HIGH_obsOnly: in 3 x-bins
ToyMCSamplerOpt.cc[215] : (in function: generateWithHisto) -  , in 1 y-bins
ToyMCSamplerOpt.cc[146] : (in function: generateAsimov) - Using internal logic for binned/unbinned Asimov dataset generation
ToyMCSamplerOpt.cc[214] : (in function: generateWithHisto) - Generating asimov with histogram for pdf pdf_binfail_LOW_obsOnly: in 3 x-bins
ToyMCSamplerOpt.cc[215] : (in function: generateWithHisto) -  , in 1 y-bins
ToyMCSamplerOpt.cc[146] : (in function: generateAsimov) - Using internal logic for binned/unbinned Asimov dataset generation
ToyMCSamplerOpt.cc[214] : (in function: generateWithHisto) - Generating asimov with histogram for pdf pdf_binfail_SIG_obsOnly: in 1 x-bins
ToyMCSamplerOpt.cc[215] : (in function: generateWithHisto) -  , in 1 y-bins
ToyMCSamplerOpt.cc[146] : (in function: generateAsimov) - Using internal logic for binned/unbinned Asimov dataset generation
ToyMCSamplerOpt.cc[214] : (in function: generateWithHisto) - Generating asimov with histogram for pdf pdf_binfail_HIGH_obsOnly: in 3 x-bins
ToyMCSamplerOpt.cc[215] : (in function: generateWithHisto) -  , in 1 y-bins
AsymptoticLimits.cc[428] : (in function: runLimitExpected) - Median for expected limits = 1.85938, Sigma for expected limits = 0.948678
AsymptoticLimits.cc[191] : (in function: runLimit) - NLL at global minimum of data = -692.203 (r=2.18264)
AsymptoticLimits.cc[211] : (in function: runLimit) - NLL at global minimum of asimov = -688.992 (r=0.00376108)
AsymptoticLimits.cc[337] : (in function: getCLs) - At r = 4.621844:	q_mu = 2.48134	q_A  = 10.51951	Pmu = 0.05760	1-Pb  = 0.95236	CLs  = 0.06048
AsymptoticLimits.cc[337] : (in function: getCLs) - At r = 9.243687:	q_mu = 10.06081	q_A  = 18.79141	Pmu = 0.00076	1-Pb  = 0.87759	CLs  = 0.00086
AsymptoticLimits.cc[337] : (in function: getCLs) - At r = 5.713163:	q_mu = 4.16850	q_A  = 12.88304	Pmu = 0.02059	1-Pb  = 0.93914	CLs  = 0.02193
AsymptoticLimits.cc[337] : (in function: getCLs) - At r = 3.947901:	q_mu = 1.55477	q_A  = 9.05021	Pmu = 0.10622	1-Pb  = 0.96092	CLs  = 0.11054
AsymptoticLimits.cc[337] : (in function: getCLs) - At r = 4.993504:	q_mu = 3.03478	q_A  = 11.30305	Pmu = 0.04075	1-Pb  = 0.94738	CLs  = 0.04301
AsymptoticLimits.cc[337] : (in function: getCLs) - At r = 4.650971:	q_mu = 2.52194	q_A  = 10.58596	Pmu = 0.05614	1-Pb  = 0.95210	CLs  = 0.05896
AsymptoticLimits.cc[337] : (in function: getCLs) - At r = 4.794201:	q_mu = 2.73379	q_A  = 10.88033	Pmu = 0.04912	1-Pb  = 0.95003	CLs  = 0.05171
AsymptoticLimits.cc[337] : (in function: getCLs) - At r = 4.863131:	q_mu = 2.83708	q_A  = 11.02323	Pmu = 0.04606	1-Pb  = 0.94906	CLs  = 0.04853
AsymptoticLimits.cc[337] : (in function: getCLs) - At r = 4.823374:	q_mu = 2.77733	q_A  = 10.94086	Pmu = 0.04780	1-Pb  = 0.94962	CLs  = 0.05034
AsymptoticLimits.cc[337] : (in function: getCLs) - At r = 4.837202:	q_mu = 2.79806	q_A  = 10.96950	Pmu = 0.04719	1-Pb  = 0.94942	CLs  = 0.04970
AsymptoticLimits.cc[337] : (in function: getCLs) - At r = 4.829259:	q_mu = 2.78614	q_A  = 10.95303	Pmu = 0.04754	1-Pb  = 0.94954	CLs  = 0.05007
AsymptoticLimits.cc[337] : (in function: getCLs) - At r = 4.832029:	q_mu = 2.79030	q_A  = 10.95877	Pmu = 0.04742	1-Pb  = 0.94950	CLs  = 0.04994
AsymptoticLimits.cc[337] : (in function: getCLs) - At r = 4.830441:	q_mu = 2.78791	q_A  = 10.95548	Pmu = 0.04749	1-Pb  = 0.94952	CLs  = 0.05001
AsymptoticLimits.cc[337] : (in function: getCLs) - At r = 4.830996:	q_mu = 2.78874	q_A  = 10.95663	Pmu = 0.04746	1-Pb  = 0.94951	CLs  = 0.04999
AsymptoticLimits.cc[337] : (in function: getCLs) - At r = 4.830679:	q_mu = 2.78829	q_A  = 10.95597	Pmu = 0.04748	1-Pb  = 0.94951	CLs  = 0.05000
AsymptoticLimits.cc[337] : (in function: getCLs) - At r = 4.830782:	q_mu = 2.78842	q_A  = 10.95619	Pmu = 0.04747	1-Pb  = 0.94951	CLs  = 0.05000
AsymptoticLimits.cc[337] : (in function: getCLs) - At r = 4.830722:	q_mu = 2.78833	q_A  = 10.95606	Pmu = 0.04748	1-Pb  = 0.94951	CLs  = 0.05000
AsymptoticLimits.cc[337] : (in function: getCLs) - At r = 4.830748:	q_mu = 2.78837	q_A  = 10.95612	Pmu = 0.04748	1-Pb  = 0.94951	CLs  = 0.05000
AsymptoticLimits.cc[337] : (in function: getCLs) - At r = 4.830736:	q_mu = 2.78837	q_A  = 10.95609	Pmu = 0.04748	1-Pb  = 0.94951	CLs  = 0.05000
