CascadeMinimizer.cc[188] : (in function: improveOnce) - Minimization configured with Type=Minuit2, Algo=Migrad, strategy=0, tolerance=0.1
CascadeMinimizer.cc[215] : (in function: improveOnce) - Minimization finished with status=0
CascadeMinimizer.cc[219] : (in function: improveOnce) - Minimization success! status=0
ToyMCSamplerOpt.cc[146] : (in function: generateAsimov) - Using internal logic for binned/unbinned Asimov dataset generation
ToyMCSamplerOpt.cc[214] : (in function: generateWithHisto) - Generating asimov with histogram for pdf pdf_binpass_LOW_obsOnly: in 3 x-bins
ToyMCSamplerOpt.cc[215] : (in function: generateWithHisto) -  , in 1 y-bins
ToyMCSamplerOpt.cc[146] : (in function: generateAsimov) - Using internal logic for binned/unbinned Asimov dataset generation
ToyMCSamplerOpt.cc[214] : (in function: generateWithHisto) - Generating asimov with histogram for pdf pdf_binpass_SIG_obsOnly: in 1 x-bins
ToyMCSamplerOpt.cc[215] : (in function: generateWithHisto) -  , in 1 y-bins
ToyMCSamplerOpt.cc[146] : (in function: generateAsimov) - Using internal logic for binned/unbinned Asimov dataset generation
ToyMCSamplerOpt.cc[214] : (in function: generateWithHisto) - Generating asimov with histogram for pdf pdf_binpass_HIGH_obsOnly: in 3 x-bins
ToyMCSamplerOpt.cc[215] : (in function: generateWithHisto) -  , in 1 y-bins
ToyMCSamplerOpt.cc[146] : (in function: generateAsimov) - Using internal logic for binned/unbinned Asimov dataset generation
ToyMCSamplerOpt.cc[214] : (in function: generateWithHisto) - Generating asimov with histogram for pdf pdf_binfail_LOW_obsOnly: in 3 x-bins
ToyMCSamplerOpt.cc[215] : (in function: generateWithHisto) -  , in 1 y-bins
ToyMCSamplerOpt.cc[146] : (in function: generateAsimov) - Using internal logic for binned/unbinned Asimov dataset generation
ToyMCSamplerOpt.cc[214] : (in function: generateWithHisto) - Generating asimov with histogram for pdf pdf_binfail_SIG_obsOnly: in 1 x-bins
ToyMCSamplerOpt.cc[215] : (in function: generateWithHisto) -  , in 1 y-bins
ToyMCSamplerOpt.cc[146] : (in function: generateAsimov) - Using internal logic for binned/unbinned Asimov dataset generation
ToyMCSamplerOpt.cc[214] : (in function: generateWithHisto) - Generating asimov with histogram for pdf pdf_binfail_HIGH_obsOnly: in 3 x-bins
ToyMCSamplerOpt.cc[215] : (in function: generateWithHisto) -  , in 1 y-bins
AsymptoticLimits.cc[428] : (in function: runLimitExpected) - Median for expected limits = 1.40625, Sigma for expected limits = 0.717488
AsymptoticLimits.cc[191] : (in function: runLimit) - NLL at global minimum of data = -8431.99 (r=2.84887e-08)
AsymptoticLimits.cc[211] : (in function: runLimit) - NLL at global minimum of asimov = -8432.21 (r=1.6962e-06)
AsymptoticLimits.cc[337] : (in function: getCLs) - At r = 1.200000:	q_mu = 7.29004	q_A  = 3.15755	Pmu = 0.00164	1-Pb  = 0.12245	CLs  = 0.01341
AsymptoticLimits.cc[337] : (in function: getCLs) - At r = 0.600000:	q_mu = 4.03913	q_A  = 1.25021	Pmu = 0.00901	1-Pb  = 0.10617	CLs  = 0.08485
AsymptoticLimits.cc[337] : (in function: getCLs) - At r = 0.900000:	q_mu = 5.72776	q_A  = 2.17237	Pmu = 0.00368	1-Pb  = 0.11389	CLs  = 0.03232
AsymptoticLimits.cc[337] : (in function: getCLs) - At r = 0.731505:	q_mu = 4.79646	q_A  = 1.64110	Pmu = 0.00599	1-Pb  = 0.10906	CLs  = 0.05494
AsymptoticLimits.cc[337] : (in function: getCLs) - At r = 0.789162:	q_mu = 5.11988	q_A  = 1.81968	Pmu = 0.00505	1-Pb  = 0.11062	CLs  = 0.04568
AsymptoticLimits.cc[337] : (in function: getCLs) - At r = 0.755052:	q_mu = 4.92915	q_A  = 1.71355	Pmu = 0.00559	1-Pb  = 0.10968	CLs  = 0.05093
AsymptoticLimits.cc[337] : (in function: getCLs) - At r = 0.766500:	q_mu = 4.99336	q_A  = 1.74899	Pmu = 0.00540	1-Pb  = 0.10998	CLs  = 0.04910
AsymptoticLimits.cc[337] : (in function: getCLs) - At r = 0.759662:	q_mu = 4.95502	q_A  = 1.72780	Pmu = 0.00551	1-Pb  = 0.10980	CLs  = 0.05018
AsymptoticLimits.cc[337] : (in function: getCLs) - At r = 0.761950:	q_mu = 4.96786	q_A  = 1.73489	Pmu = 0.00547	1-Pb  = 0.10986	CLs  = 0.04982
AsymptoticLimits.cc[337] : (in function: getCLs) - At r = 0.760581:	q_mu = 4.96017	q_A  = 1.73064	Pmu = 0.00550	1-Pb  = 0.10983	CLs  = 0.05004
AsymptoticLimits.cc[337] : (in function: getCLs) - At r = 0.761039:	q_mu = 4.96275	q_A  = 1.73207	Pmu = 0.00549	1-Pb  = 0.10984	CLs  = 0.04996
AsymptoticLimits.cc[337] : (in function: getCLs) - At r = 0.760766:	q_mu = 4.96121	q_A  = 1.73122	Pmu = 0.00549	1-Pb  = 0.10983	CLs  = 0.05001
AsymptoticLimits.cc[337] : (in function: getCLs) - At r = 0.760857:	q_mu = 4.96172	q_A  = 1.73150	Pmu = 0.00549	1-Pb  = 0.10983	CLs  = 0.04999
AsymptoticLimits.cc[337] : (in function: getCLs) - At r = 0.760802:	q_mu = 4.96141	q_A  = 1.73133	Pmu = 0.00549	1-Pb  = 0.10983	CLs  = 0.05000
AsymptoticLimits.cc[337] : (in function: getCLs) - At r = 0.760821:	q_mu = 4.96152	q_A  = 1.73139	Pmu = 0.00549	1-Pb  = 0.10983	CLs  = 0.05000
AsymptoticLimits.cc[337] : (in function: getCLs) - At r = 0.760810:	q_mu = 4.96146	q_A  = 1.73135	Pmu = 0.00549	1-Pb  = 0.10983	CLs  = 0.05000
AsymptoticLimits.cc[337] : (in function: getCLs) - At r = 0.760814:	q_mu = 4.96148	q_A  = 1.73137	Pmu = 0.00549	1-Pb  = 0.10983	CLs  = 0.05000
AsymptoticLimits.cc[337] : (in function: getCLs) - At r = 0.760812:	q_mu = 4.96147	q_A  = 1.73136	Pmu = 0.00549	1-Pb  = 0.10983	CLs  = 0.05000
