CascadeMinimizer.cc[188] : (in function: improveOnce) - Minimization configured with Type=Minuit2, Algo=Migrad, strategy=0, tolerance=0.1
CascadeMinimizer.cc[215] : (in function: improveOnce) - Minimization finished with status=0
CascadeMinimizer.cc[219] : (in function: improveOnce) - Minimization success! status=0
ToyMCSamplerOpt.cc[146] : (in function: generateAsimov) - Using internal logic for binned/unbinned Asimov dataset generation
ToyMCSamplerOpt.cc[214] : (in function: generateWithHisto) - Generating asimov with histogram for pdf pdf_binpass_LOW_obsOnly: in 3 x-bins
ToyMCSamplerOpt.cc[215] : (in function: generateWithHisto) -  , in 1 y-bins
ToyMCSamplerOpt.cc[146] : (in function: generateAsimov) - Using internal logic for binned/unbinned Asimov dataset generation
ToyMCSamplerOpt.cc[214] : (in function: generateWithHisto) - Generating asimov with histogram for pdf pdf_binpass_SIG_obsOnly: in 1 x-bins
ToyMCSamplerOpt.cc[215] : (in function: generateWithHisto) -  , in 1 y-bins
ToyMCSamplerOpt.cc[146] : (in function: generateAsimov) - Using internal logic for binned/unbinned Asimov dataset generation
ToyMCSamplerOpt.cc[214] : (in function: generateWithHisto) - Generating asimov with histogram for pdf pdf_binpass_HIGH_obsOnly: in 5 x-bins
ToyMCSamplerOpt.cc[215] : (in function: generateWithHisto) -  , in 1 y-bins
ToyMCSamplerOpt.cc[146] : (in function: generateAsimov) - Using internal logic for binned/unbinned Asimov dataset generation
ToyMCSamplerOpt.cc[214] : (in function: generateWithHisto) - Generating asimov with histogram for pdf pdf_binfail_LOW_obsOnly: in 3 x-bins
ToyMCSamplerOpt.cc[215] : (in function: generateWithHisto) -  , in 1 y-bins
ToyMCSamplerOpt.cc[146] : (in function: generateAsimov) - Using internal logic for binned/unbinned Asimov dataset generation
ToyMCSamplerOpt.cc[214] : (in function: generateWithHisto) - Generating asimov with histogram for pdf pdf_binfail_SIG_obsOnly: in 1 x-bins
ToyMCSamplerOpt.cc[215] : (in function: generateWithHisto) -  , in 1 y-bins
ToyMCSamplerOpt.cc[146] : (in function: generateAsimov) - Using internal logic for binned/unbinned Asimov dataset generation
ToyMCSamplerOpt.cc[214] : (in function: generateWithHisto) - Generating asimov with histogram for pdf pdf_binfail_HIGH_obsOnly: in 5 x-bins
ToyMCSamplerOpt.cc[215] : (in function: generateWithHisto) -  , in 1 y-bins
AsymptoticLimits.cc[428] : (in function: runLimitExpected) - Median for expected limits = 156.273, Sigma for expected limits = 79.7326
AsymptoticLimits.cc[191] : (in function: runLimit) - NLL at global minimum of data = -686.1 (r=164.587)
AsymptoticLimits.cc[211] : (in function: runLimit) - NLL at global minimum of asimov = -550.106 (r=164.587)
AsymptoticLimits.cc[337] : (in function: getCLs) - At r = 177.776787:	q_mu = 0.00000	q_A  = 0.01122	Pmu = 0.50000	1-Pb  = 0.54217	CLs  = 0.92222
AsymptoticLimits.cc[337] : (in function: getCLs) - At r = 355.553574:	q_mu = 0.00000	q_A  = 4.17764	Pmu = 0.50000	1-Pb  = 0.97952	CLs  = 0.51045
AsymptoticLimits.cc[337] : (in function: getCLs) - At r = 711.107148:	q_mu = 0.00000	q_A  = 2.79181	Pmu = 0.50000	1-Pb  = 0.95263	CLs  = 0.52486
AsymptoticLimits.cc[337] : (in function: getCLs) - At r = 1422.214296:	q_mu = 0.00000	q_A  = 3.11466	Pmu = 0.50000	1-Pb  = 0.96120	CLs  = 0.52018
AsymptoticLimits.cc[337] : (in function: getCLs) - At r = 2844.428592:	q_mu = 2.70198	q_A  = 13.86195	Pmu = 0.05011	1-Pb  = 0.98121	CLs  = 0.05107
AsymptoticLimits.cc[337] : (in function: getCLs) - At r = 2926.721999:	q_mu = 3.21804	q_A  = 14.67575	Pmu = 0.03642	1-Pb  = 0.97918	CLs  = 0.03719
AsymptoticLimits.cc[337] : (in function: getCLs) - At r = 1545.654407:	q_mu = 0.00000	q_A  = 4.13312	Pmu = 0.50000	1-Pb  = 0.97897	CLs  = 0.51074
AsymptoticLimits.cc[337] : (in function: getCLs) - At r = 2236.188203:	q_mu = 0.00000	q_A  = 8.46396	Pmu = 0.50000	1-Pb  = 0.99819	CLs  = 0.50091
AsymptoticLimits.cc[337] : (in function: getCLs) - At r = 2581.455101:	q_mu = 1.75431	q_A  = 11.36002	Pmu = 0.09267	1-Pb  = 0.97962	CLs  = 0.09460
AsymptoticLimits.cc[337] : (in function: getCLs) - At r = 2770.096099:	q_mu = 2.25460	q_A  = 13.13936	Pmu = 0.06661	1-Pb  = 0.98314	CLs  = 0.06775
AsymptoticLimits.cc[337] : (in function: getCLs) - At r = 2833.565291:	q_mu = 2.63549	q_A  = 13.75548	Pmu = 0.05225	1-Pb  = 0.98148	CLs  = 0.05324
AsymptoticLimits.cc[337] : (in function: getCLs) - At r = 2865.225026:	q_mu = 2.83032	q_A  = 14.06669	Pmu = 0.04625	1-Pb  = 0.98069	CLs  = 0.04716
AsymptoticLimits.cc[337] : (in function: getCLs) - At r = 2846.672511:	q_mu = 2.71598	q_A  = 13.88398	Pmu = 0.04967	1-Pb  = 0.98115	CLs  = 0.05063
AsymptoticLimits.cc[337] : (in function: getCLs) - At r = 2852.994894:	q_mu = 2.75503	q_A  = 13.94614	Pmu = 0.04847	1-Pb  = 0.98099	CLs  = 0.04941
AsymptoticLimits.cc[337] : (in function: getCLs) - At r = 2849.274073:	q_mu = 2.73176	q_A  = 13.90954	Pmu = 0.04919	1-Pb  = 0.98109	CLs  = 0.05013
AsymptoticLimits.cc[337] : (in function: getCLs) - At r = 2850.567191:	q_mu = 2.74001	q_A  = 13.92225	Pmu = 0.04893	1-Pb  = 0.98105	CLs  = 0.04988
AsymptoticLimits.cc[337] : (in function: getCLs) - At r = 2849.812072:	q_mu = 2.73502	q_A  = 13.91483	Pmu = 0.04909	1-Pb  = 0.98107	CLs  = 0.05003
AsymptoticLimits.cc[337] : (in function: getCLs) - At r = 2850.087578:	q_mu = 2.73675	q_A  = 13.91754	Pmu = 0.04903	1-Pb  = 0.98107	CLs  = 0.04998
AsymptoticLimits.cc[337] : (in function: getCLs) - At r = 2849.942978:	q_mu = 2.73579	q_A  = 13.91612	Pmu = 0.04906	1-Pb  = 0.98107	CLs  = 0.05001
AsymptoticLimits.cc[337] : (in function: getCLs) - At r = 2850.003053:	q_mu = 2.73635	q_A  = 13.91671	Pmu = 0.04904	1-Pb  = 0.98107	CLs  = 0.04999
AsymptoticLimits.cc[337] : (in function: getCLs) - At r = 2849.977452:	q_mu = 2.73596	q_A  = 13.91646	Pmu = 0.04906	1-Pb  = 0.98107	CLs  = 0.05000
AsymptoticLimits.cc[337] : (in function: getCLs) - At r = 2849.987380:	q_mu = 2.73608	q_A  = 13.91655	Pmu = 0.04905	1-Pb  = 0.98107	CLs  = 0.05000
