CascadeMinimizer.cc[188] : (in function: improveOnce) - Minimization configured with Type=Minuit2, Algo=Migrad, strategy=0, tolerance=0.1
CascadeMinimizer.cc[215] : (in function: improveOnce) - Minimization finished with status=0
CascadeMinimizer.cc[219] : (in function: improveOnce) - Minimization success! status=0
ToyMCSamplerOpt.cc[146] : (in function: generateAsimov) - Using internal logic for binned/unbinned Asimov dataset generation
ToyMCSamplerOpt.cc[214] : (in function: generateWithHisto) - Generating asimov with histogram for pdf pdf_binpass_LOW_obsOnly: in 2 x-bins
ToyMCSamplerOpt.cc[215] : (in function: generateWithHisto) -  , in 1 y-bins
ToyMCSamplerOpt.cc[146] : (in function: generateAsimov) - Using internal logic for binned/unbinned Asimov dataset generation
ToyMCSamplerOpt.cc[214] : (in function: generateWithHisto) - Generating asimov with histogram for pdf pdf_binpass_SIG_obsOnly: in 1 x-bins
ToyMCSamplerOpt.cc[215] : (in function: generateWithHisto) -  , in 1 y-bins
ToyMCSamplerOpt.cc[146] : (in function: generateAsimov) - Using internal logic for binned/unbinned Asimov dataset generation
ToyMCSamplerOpt.cc[214] : (in function: generateWithHisto) - Generating asimov with histogram for pdf pdf_binpass_HIGH_obsOnly: in 9 x-bins
ToyMCSamplerOpt.cc[215] : (in function: generateWithHisto) -  , in 1 y-bins
ToyMCSamplerOpt.cc[146] : (in function: generateAsimov) - Using internal logic for binned/unbinned Asimov dataset generation
ToyMCSamplerOpt.cc[214] : (in function: generateWithHisto) - Generating asimov with histogram for pdf pdf_binfail_LOW_obsOnly: in 2 x-bins
ToyMCSamplerOpt.cc[215] : (in function: generateWithHisto) -  , in 1 y-bins
ToyMCSamplerOpt.cc[146] : (in function: generateAsimov) - Using internal logic for binned/unbinned Asimov dataset generation
ToyMCSamplerOpt.cc[214] : (in function: generateWithHisto) - Generating asimov with histogram for pdf pdf_binfail_SIG_obsOnly: in 1 x-bins
ToyMCSamplerOpt.cc[215] : (in function: generateWithHisto) -  , in 1 y-bins
ToyMCSamplerOpt.cc[146] : (in function: generateAsimov) - Using internal logic for binned/unbinned Asimov dataset generation
ToyMCSamplerOpt.cc[214] : (in function: generateWithHisto) - Generating asimov with histogram for pdf pdf_binfail_HIGH_obsOnly: in 9 x-bins
ToyMCSamplerOpt.cc[215] : (in function: generateWithHisto) -  , in 1 y-bins
AsymptoticLimits.cc[428] : (in function: runLimitExpected) - Median for expected limits = 1.82812, Sigma for expected limits = 0.932734
AsymptoticLimits.cc[191] : (in function: runLimit) - NLL at global minimum of data = -813.12 (r=8.23837e-07)
AsymptoticLimits.cc[211] : (in function: runLimit) - NLL at global minimum of asimov = -812.58 (r=5.3804e-07)
AsymptoticLimits.cc[337] : (in function: getCLs) - At r = 1.368680:	q_mu = 2.96398	q_A  = 2.93491	Pmu = 0.04257	1-Pb  = 0.49662	CLs  = 0.08571
AsymptoticLimits.cc[337] : (in function: getCLs) - At r = 2.737359:	q_mu = 5.56227	q_A  = 5.51226	Pmu = 0.00918	1-Pb  = 0.49575	CLs  = 0.01851
AsymptoticLimits.cc[337] : (in function: getCLs) - At r = 1.368680:	q_mu = 2.96355	q_A  = 2.93488	Pmu = 0.04258	1-Pb  = 0.49666	CLs  = 0.08573
AsymptoticLimits.cc[337] : (in function: getCLs) - At r = 2.027518:	q_mu = 4.25208	q_A  = 4.21249	Pmu = 0.01960	1-Pb  = 0.49615	CLs  = 0.03950
AsymptoticLimits.cc[337] : (in function: getCLs) - At r = 1.735466:	q_mu = 3.69004	q_A  = 3.65525	Pmu = 0.02737	1-Pb  = 0.49637	CLs  = 0.05514
AsymptoticLimits.cc[337] : (in function: getCLs) - At r = 1.862398:	q_mu = 3.93595	q_A  = 3.89914	Pmu = 0.02363	1-Pb  = 0.49628	CLs  = 0.04762
AsymptoticLimits.cc[337] : (in function: getCLs) - At r = 1.803180:	q_mu = 3.82146	q_A  = 3.78569	Pmu = 0.02530	1-Pb  = 0.49633	CLs  = 0.05097
AsymptoticLimits.cc[337] : (in function: getCLs) - At r = 1.828411:	q_mu = 3.87012	q_A  = 3.83409	Pmu = 0.02458	1-Pb  = 0.49633	CLs  = 0.04951
AsymptoticLimits.cc[337] : (in function: getCLs) - At r = 1.816568:	q_mu = 3.84703	q_A  = 3.81138	Pmu = 0.02492	1-Pb  = 0.49636	CLs  = 0.05020
AsymptoticLimits.cc[337] : (in function: getCLs) - At r = 1.821660:	q_mu = 3.85293	q_A  = 3.82114	Pmu = 0.02483	1-Pb  = 0.49676	CLs  = 0.04998
AsymptoticLimits.cc[337] : (in function: getCLs) - At r = 1.820292:	q_mu = 3.85028	q_A  = 3.81851	Pmu = 0.02487	1-Pb  = 0.49676	CLs  = 0.05006
AsymptoticLimits.cc[337] : (in function: getCLs) - At r = 1.821129:	q_mu = 3.85190	q_A  = 3.82012	Pmu = 0.02484	1-Pb  = 0.49676	CLs  = 0.05001
AsymptoticLimits.cc[337] : (in function: getCLs) - At r = 1.821404:	q_mu = 3.85243	q_A  = 3.82064	Pmu = 0.02484	1-Pb  = 0.49676	CLs  = 0.05000
AsymptoticLimits.cc[337] : (in function: getCLs) - At r = 1.821299:	q_mu = 3.85223	q_A  = 3.82043	Pmu = 0.02484	1-Pb  = 0.49676	CLs  = 0.05000
AsymptoticLimits.cc[337] : (in function: getCLs) - At r = 1.821354:	q_mu = 3.85233	q_A  = 3.82054	Pmu = 0.02484	1-Pb  = 0.49676	CLs  = 0.05000
AsymptoticLimits.cc[337] : (in function: getCLs) - At r = 1.821334:	q_mu = 3.85229	q_A  = 3.82049	Pmu = 0.02484	1-Pb  = 0.49675	CLs  = 0.05000
AsymptoticLimits.cc[337] : (in function: getCLs) - At r = 1.821345:	q_mu = 3.85232	q_A  = 3.82051	Pmu = 0.02484	1-Pb  = 0.49675	CLs  = 0.05000
AsymptoticLimits.cc[337] : (in function: getCLs) - At r = 1.821341:	q_mu = 3.85231	q_A  = 3.82050	Pmu = 0.02484	1-Pb  = 0.49675	CLs  = 0.05000
