CascadeMinimizer.cc[188] : (in function: improveOnce) - Minimization configured with Type=Minuit2, Algo=Migrad, strategy=0, tolerance=0.1
CascadeMinimizer.cc[215] : (in function: improveOnce) - Minimization finished with status=0
CascadeMinimizer.cc[219] : (in function: improveOnce) - Minimization success! status=0
ToyMCSamplerOpt.cc[146] : (in function: generateAsimov) - Using internal logic for binned/unbinned Asimov dataset generation
ToyMCSamplerOpt.cc[214] : (in function: generateWithHisto) - Generating asimov with histogram for pdf pdf_binpass_LOW_obsOnly: in 3 x-bins
ToyMCSamplerOpt.cc[215] : (in function: generateWithHisto) -  , in 1 y-bins
ToyMCSamplerOpt.cc[146] : (in function: generateAsimov) - Using internal logic for binned/unbinned Asimov dataset generation
ToyMCSamplerOpt.cc[214] : (in function: generateWithHisto) - Generating asimov with histogram for pdf pdf_binpass_SIG_obsOnly: in 1 x-bins
ToyMCSamplerOpt.cc[215] : (in function: generateWithHisto) -  , in 1 y-bins
ToyMCSamplerOpt.cc[146] : (in function: generateAsimov) - Using internal logic for binned/unbinned Asimov dataset generation
ToyMCSamplerOpt.cc[214] : (in function: generateWithHisto) - Generating asimov with histogram for pdf pdf_binpass_HIGH_obsOnly: in 5 x-bins
ToyMCSamplerOpt.cc[215] : (in function: generateWithHisto) -  , in 1 y-bins
ToyMCSamplerOpt.cc[146] : (in function: generateAsimov) - Using internal logic for binned/unbinned Asimov dataset generation
ToyMCSamplerOpt.cc[214] : (in function: generateWithHisto) - Generating asimov with histogram for pdf pdf_binfail_LOW_obsOnly: in 3 x-bins
ToyMCSamplerOpt.cc[215] : (in function: generateWithHisto) -  , in 1 y-bins
ToyMCSamplerOpt.cc[146] : (in function: generateAsimov) - Using internal logic for binned/unbinned Asimov dataset generation
ToyMCSamplerOpt.cc[214] : (in function: generateWithHisto) - Generating asimov with histogram for pdf pdf_binfail_SIG_obsOnly: in 1 x-bins
ToyMCSamplerOpt.cc[215] : (in function: generateWithHisto) -  , in 1 y-bins
ToyMCSamplerOpt.cc[146] : (in function: generateAsimov) - Using internal logic for binned/unbinned Asimov dataset generation
ToyMCSamplerOpt.cc[214] : (in function: generateWithHisto) - Generating asimov with histogram for pdf pdf_binfail_HIGH_obsOnly: in 5 x-bins
ToyMCSamplerOpt.cc[215] : (in function: generateWithHisto) -  , in 1 y-bins
AsymptoticLimits.cc[428] : (in function: runLimitExpected) - Median for expected limits = 0.193359, Sigma for expected limits = 0.0986546
AsymptoticLimits.cc[191] : (in function: runLimit) - NLL at global minimum of data = -62.2263 (r=3.30975e-08)
AsymptoticLimits.cc[211] : (in function: runLimit) - NLL at global minimum of asimov = -62.1483 (r=2.47311e-07)
AsymptoticLimits.cc[337] : (in function: getCLs) - At r = 1.200000:	q_mu = 22.24663	q_A  = 21.79253	Pmu = 0.00000	1-Pb  = 0.48060	CLs  = 0.00000
AsymptoticLimits.cc[337] : (in function: getCLs) - At r = 0.600000:	q_mu = 11.97303	q_A  = 11.59319	Pmu = 0.00027	1-Pb  = 0.47776	CLs  = 0.00056
AsymptoticLimits.cc[337] : (in function: getCLs) - At r = 0.300000:	q_mu = 6.24989	q_A  = 5.94916	Pmu = 0.00620	1-Pb  = 0.47542	CLs  = 0.01303
AsymptoticLimits.cc[337] : (in function: getCLs) - At r = 0.150000:	q_mu = 3.20189	q_A  = 2.97398	Pmu = 0.03668	1-Pb  = 0.47366	CLs  = 0.07744
AsymptoticLimits.cc[337] : (in function: getCLs) - At r = 0.225000:	q_mu = 4.74269	q_A  = 4.47318	Pmu = 0.01468	1-Pb  = 0.47460	CLs  = 0.03092
AsymptoticLimits.cc[337] : (in function: getCLs) - At r = 0.193594:	q_mu = 4.10185	q_A  = 3.84792	Pmu = 0.02137	1-Pb  = 0.47420	CLs  = 0.04506
AsymptoticLimits.cc[337] : (in function: getCLs) - At r = 0.178170:	q_mu = 3.78487	q_A  = 3.54018	Pmu = 0.02579	1-Pb  = 0.47408	CLs  = 0.05441
AsymptoticLimits.cc[337] : (in function: getCLs) - At r = 0.186782:	q_mu = 3.96206	q_A  = 3.71178	Pmu = 0.02321	1-Pb  = 0.47411	CLs  = 0.04896
AsymptoticLimits.cc[337] : (in function: getCLs) - At r = 0.183682:	q_mu = 3.89831	q_A  = 3.64975	Pmu = 0.02411	1-Pb  = 0.47407	CLs  = 0.05085
AsymptoticLimits.cc[337] : (in function: getCLs) - At r = 0.185404:	q_mu = 3.93370	q_A  = 3.68418	Pmu = 0.02360	1-Pb  = 0.47409	CLs  = 0.04979
AsymptoticLimits.cc[337] : (in function: getCLs) - At r = 0.184784:	q_mu = 3.92095	q_A  = 3.67178	Pmu = 0.02378	1-Pb  = 0.47408	CLs  = 0.05017
AsymptoticLimits.cc[337] : (in function: getCLs) - At r = 0.185128:	q_mu = 3.92802	q_A  = 3.67867	Pmu = 0.02368	1-Pb  = 0.47409	CLs  = 0.04996
AsymptoticLimits.cc[337] : (in function: getCLs) - At r = 0.185004:	q_mu = 3.92547	q_A  = 3.67619	Pmu = 0.02372	1-Pb  = 0.47408	CLs  = 0.05003
AsymptoticLimits.cc[337] : (in function: getCLs) - At r = 0.185073:	q_mu = 3.92688	q_A  = 3.67757	Pmu = 0.02370	1-Pb  = 0.47409	CLs  = 0.04999
AsymptoticLimits.cc[337] : (in function: getCLs) - At r = 0.185048:	q_mu = 3.92637	q_A  = 3.67708	Pmu = 0.02371	1-Pb  = 0.47409	CLs  = 0.05001
AsymptoticLimits.cc[337] : (in function: getCLs) - At r = 0.185062:	q_mu = 3.92665	q_A  = 3.67735	Pmu = 0.02370	1-Pb  = 0.47409	CLs  = 0.05000
AsymptoticLimits.cc[337] : (in function: getCLs) - At r = 0.185057:	q_mu = 3.92655	q_A  = 3.67726	Pmu = 0.02371	1-Pb  = 0.47409	CLs  = 0.05000
AsymptoticLimits.cc[337] : (in function: getCLs) - At r = 0.185060:	q_mu = 3.92660	q_A  = 3.67732	Pmu = 0.02370	1-Pb  = 0.47409	CLs  = 0.05000
