CascadeMinimizer.cc[188] : (in function: improveOnce) - Minimization configured with Type=Minuit2, Algo=Migrad, strategy=0, tolerance=0.1
CascadeMinimizer.cc[215] : (in function: improveOnce) - Minimization finished with status=0
CascadeMinimizer.cc[219] : (in function: improveOnce) - Minimization success! status=0
ToyMCSamplerOpt.cc[146] : (in function: generateAsimov) - Using internal logic for binned/unbinned Asimov dataset generation
ToyMCSamplerOpt.cc[214] : (in function: generateWithHisto) - Generating asimov with histogram for pdf pdf_binpass_LOW_obsOnly: in 5 x-bins
ToyMCSamplerOpt.cc[215] : (in function: generateWithHisto) -  , in 1 y-bins
ToyMCSamplerOpt.cc[146] : (in function: generateAsimov) - Using internal logic for binned/unbinned Asimov dataset generation
ToyMCSamplerOpt.cc[214] : (in function: generateWithHisto) - Generating asimov with histogram for pdf pdf_binpass_SIG_obsOnly: in 1 x-bins
ToyMCSamplerOpt.cc[215] : (in function: generateWithHisto) -  , in 1 y-bins
ToyMCSamplerOpt.cc[146] : (in function: generateAsimov) - Using internal logic for binned/unbinned Asimov dataset generation
ToyMCSamplerOpt.cc[214] : (in function: generateWithHisto) - Generating asimov with histogram for pdf pdf_binpass_HIGH_obsOnly: in 1 x-bins
ToyMCSamplerOpt.cc[215] : (in function: generateWithHisto) -  , in 1 y-bins
ToyMCSamplerOpt.cc[146] : (in function: generateAsimov) - Using internal logic for binned/unbinned Asimov dataset generation
ToyMCSamplerOpt.cc[214] : (in function: generateWithHisto) - Generating asimov with histogram for pdf pdf_binfail_LOW_obsOnly: in 5 x-bins
ToyMCSamplerOpt.cc[215] : (in function: generateWithHisto) -  , in 1 y-bins
ToyMCSamplerOpt.cc[146] : (in function: generateAsimov) - Using internal logic for binned/unbinned Asimov dataset generation
ToyMCSamplerOpt.cc[214] : (in function: generateWithHisto) - Generating asimov with histogram for pdf pdf_binfail_SIG_obsOnly: in 1 x-bins
ToyMCSamplerOpt.cc[215] : (in function: generateWithHisto) -  , in 1 y-bins
ToyMCSamplerOpt.cc[146] : (in function: generateAsimov) - Using internal logic for binned/unbinned Asimov dataset generation
ToyMCSamplerOpt.cc[214] : (in function: generateWithHisto) - Generating asimov with histogram for pdf pdf_binfail_HIGH_obsOnly: in 1 x-bins
ToyMCSamplerOpt.cc[215] : (in function: generateWithHisto) -  , in 1 y-bins
AsymptoticLimits.cc[415] : (in function: runLimitExpected) - [WARNING] Best fit of asimov dataset is at r = 0.282059 (0.014103 times rMax), while it should be at zero
AsymptoticLimits.cc[428] : (in function: runLimitExpected) - Median for expected limits = 15593, Sigma for expected limits = 7955.76
AsymptoticLimits.cc[191] : (in function: runLimit) - NLL at global minimum of data = -38848.5 (r=2504.82)
AsymptoticLimits.cc[211] : (in function: runLimit) - NLL at global minimum of asimov = -38848.1 (r=0.0924763)
AsymptoticLimits.cc[337] : (in function: getCLs) - At r = 18817.213797:	q_mu = 3.53243	q_A  = 5.35188	Pmu = 0.03009	1-Pb  = 0.66783	CLs  = 0.04506
AsymptoticLimits.cc[337] : (in function: getCLs) - At r = 10661.014986:	q_mu = 0.97821	q_A  = 1.91743	Pmu = 0.16132	1-Pb  = 0.65382	CLs  = 0.24673
AsymptoticLimits.cc[337] : (in function: getCLs) - At r = 14739.114392:	q_mu = 2.08778	q_A  = 3.46182	Pmu = 0.07424	1-Pb  = 0.66118	CLs  = 0.11229
AsymptoticLimits.cc[337] : (in function: getCLs) - At r = 17629.593013:	q_mu = 3.07993	q_A  = 4.77145	Pmu = 0.03963	1-Pb  = 0.66618	CLs  = 0.05949
AsymptoticLimits.cc[337] : (in function: getCLs) - At r = 18223.749596:	q_mu = 3.30338	q_A  = 5.05935	Pmu = 0.03457	1-Pb  = 0.66705	CLs  = 0.05182
AsymptoticLimits.cc[337] : (in function: getCLs) - At r = 18463.965283:	q_mu = 3.39549	q_A  = 5.17716	Pmu = 0.03269	1-Pb  = 0.66737	CLs  = 0.04898
AsymptoticLimits.cc[337] : (in function: getCLs) - At r = 18345.720037:	q_mu = 3.34997	q_A  = 5.11870	Pmu = 0.03360	1-Pb  = 0.66719	CLs  = 0.05037
AsymptoticLimits.cc[337] : (in function: getCLs) - At r = 18394.054911:	q_mu = 3.36852	q_A  = 5.14251	Pmu = 0.03323	1-Pb  = 0.66726	CLs  = 0.04980
AsymptoticLimits.cc[337] : (in function: getCLs) - At r = 18370.476556:	q_mu = 3.35945	q_A  = 5.13085	Pmu = 0.03341	1-Pb  = 0.66722	CLs  = 0.05007
AsymptoticLimits.cc[337] : (in function: getCLs) - At r = 18380.175138:	q_mu = 3.36317	q_A  = 5.13562	Pmu = 0.03333	1-Pb  = 0.66724	CLs  = 0.04996
AsymptoticLimits.cc[337] : (in function: getCLs) - At r = 18375.479419:	q_mu = 3.36136	q_A  = 5.13328	Pmu = 0.03337	1-Pb  = 0.66723	CLs  = 0.05002
AsymptoticLimits.cc[337] : (in function: getCLs) - At r = 18377.437002:	q_mu = 3.36210	q_A  = 5.13423	Pmu = 0.03336	1-Pb  = 0.66723	CLs  = 0.04999
AsymptoticLimits.cc[337] : (in function: getCLs) - At r = 18376.512887:	q_mu = 3.36174	q_A  = 5.13376	Pmu = 0.03336	1-Pb  = 0.66723	CLs  = 0.05000
AsymptoticLimits.cc[337] : (in function: getCLs) - At r = 18376.920458:	q_mu = 3.36189	q_A  = 5.13395	Pmu = 0.03336	1-Pb  = 0.66723	CLs  = 0.05000
AsymptoticLimits.cc[337] : (in function: getCLs) - At r = 18376.750789:	q_mu = 3.36182	q_A  = 5.13385	Pmu = 0.03336	1-Pb  = 0.66723	CLs  = 0.05000
AsymptoticLimits.cc[337] : (in function: getCLs) - At r = 18376.843986:	q_mu = 3.36185	q_A  = 5.13389	Pmu = 0.03336	1-Pb  = 0.66723	CLs  = 0.05000
