CascadeMinimizer.cc[188] : (in function: improveOnce) - Minimization configured with Type=Minuit2, Algo=Migrad, strategy=0, tolerance=0.1
CascadeMinimizer.cc[215] : (in function: improveOnce) - Minimization finished with status=0
CascadeMinimizer.cc[219] : (in function: improveOnce) - Minimization success! status=0
ToyMCSamplerOpt.cc[146] : (in function: generateAsimov) - Using internal logic for binned/unbinned Asimov dataset generation
ToyMCSamplerOpt.cc[214] : (in function: generateWithHisto) - Generating asimov with histogram for pdf pdf_binpass_LOW_obsOnly: in 3 x-bins
ToyMCSamplerOpt.cc[215] : (in function: generateWithHisto) -  , in 1 y-bins
ToyMCSamplerOpt.cc[146] : (in function: generateAsimov) - Using internal logic for binned/unbinned Asimov dataset generation
ToyMCSamplerOpt.cc[214] : (in function: generateWithHisto) - Generating asimov with histogram for pdf pdf_binpass_SIG_obsOnly: in 1 x-bins
ToyMCSamplerOpt.cc[215] : (in function: generateWithHisto) -  , in 1 y-bins
ToyMCSamplerOpt.cc[146] : (in function: generateAsimov) - Using internal logic for binned/unbinned Asimov dataset generation
ToyMCSamplerOpt.cc[214] : (in function: generateWithHisto) - Generating asimov with histogram for pdf pdf_binpass_HIGH_obsOnly: in 3 x-bins
ToyMCSamplerOpt.cc[215] : (in function: generateWithHisto) -  , in 1 y-bins
ToyMCSamplerOpt.cc[146] : (in function: generateAsimov) - Using internal logic for binned/unbinned Asimov dataset generation
ToyMCSamplerOpt.cc[214] : (in function: generateWithHisto) - Generating asimov with histogram for pdf pdf_binfail_LOW_obsOnly: in 3 x-bins
ToyMCSamplerOpt.cc[215] : (in function: generateWithHisto) -  , in 1 y-bins
ToyMCSamplerOpt.cc[146] : (in function: generateAsimov) - Using internal logic for binned/unbinned Asimov dataset generation
ToyMCSamplerOpt.cc[214] : (in function: generateWithHisto) - Generating asimov with histogram for pdf pdf_binfail_SIG_obsOnly: in 1 x-bins
ToyMCSamplerOpt.cc[215] : (in function: generateWithHisto) -  , in 1 y-bins
ToyMCSamplerOpt.cc[146] : (in function: generateAsimov) - Using internal logic for binned/unbinned Asimov dataset generation
ToyMCSamplerOpt.cc[214] : (in function: generateWithHisto) - Generating asimov with histogram for pdf pdf_binfail_HIGH_obsOnly: in 3 x-bins
ToyMCSamplerOpt.cc[215] : (in function: generateWithHisto) -  , in 1 y-bins
AsymptoticLimits.cc[428] : (in function: runLimitExpected) - Median for expected limits = 7.3125, Sigma for expected limits = 3.73094
AsymptoticLimits.cc[191] : (in function: runLimit) - NLL at global minimum of data = -8387.06 (r=1.29292e-06)
AsymptoticLimits.cc[211] : (in function: runLimit) - NLL at global minimum of asimov = -8386.32 (r=1.93137e-09)
AsymptoticLimits.cc[337] : (in function: getCLs) - At r = 2.144352:	q_mu = 2.24640	q_A  = 1.23290	Pmu = 0.05859	1-Pb  = 0.32406	CLs  = 0.18079
AsymptoticLimits.cc[337] : (in function: getCLs) - At r = 4.288703:	q_mu = 3.74311	q_A  = 2.45125	Pmu = 0.02395	1-Pb  = 0.33996	CLs  = 0.07046
AsymptoticLimits.cc[337] : (in function: getCLs) - At r = 8.577406:	q_mu = 5.90033	q_A  = 4.34253	Pmu = 0.00699	1-Pb  = 0.35429	CLs  = 0.01974
AsymptoticLimits.cc[337] : (in function: getCLs) - At r = 4.288704:	q_mu = 3.74298	q_A  = 2.45129	Pmu = 0.02395	1-Pb  = 0.33998	CLs  = 0.07046
AsymptoticLimits.cc[337] : (in function: getCLs) - At r = 6.071248:	q_mu = 4.73532	q_A  = 3.30751	Pmu = 0.01351	1-Pb  = 0.34733	CLs  = 0.03890
AsymptoticLimits.cc[337] : (in function: getCLs) - At r = 5.112111:	q_mu = 4.22262	q_A  = 2.86166	Pmu = 0.01813	1-Pb  = 0.34375	CLs  = 0.05275
AsymptoticLimits.cc[337] : (in function: getCLs) - At r = 5.439008:	q_mu = 4.40251	q_A  = 3.01728	Pmu = 0.01635	1-Pb  = 0.34504	CLs  = 0.04738
AsymptoticLimits.cc[337] : (in function: getCLs) - At r = 5.308092:	q_mu = 4.33119	q_A  = 2.95544	Pmu = 0.01703	1-Pb  = 0.34453	CLs  = 0.04944
AsymptoticLimits.cc[337] : (in function: getCLs) - At r = 5.241725:	q_mu = 4.29462	q_A  = 2.92383	Pmu = 0.01740	1-Pb  = 0.34427	CLs  = 0.05053
AsymptoticLimits.cc[337] : (in function: getCLs) - At r = 5.280740:	q_mu = 4.31610	q_A  = 2.94249	Pmu = 0.01718	1-Pb  = 0.34444	CLs  = 0.04989
AsymptoticLimits.cc[337] : (in function: getCLs) - At r = 5.267441:	q_mu = 4.30885	q_A  = 2.93610	Pmu = 0.01725	1-Pb  = 0.34437	CLs  = 0.05010
AsymptoticLimits.cc[337] : (in function: getCLs) - At r = 5.275214:	q_mu = 4.31307	q_A  = 2.93979	Pmu = 0.01721	1-Pb  = 0.34440	CLs  = 0.04998
AsymptoticLimits.cc[337] : (in function: getCLs) - At r = 5.272586:	q_mu = 4.31162	q_A  = 2.93853	Pmu = 0.01723	1-Pb  = 0.34439	CLs  = 0.05002
AsymptoticLimits.cc[337] : (in function: getCLs) - At r = 5.274158:	q_mu = 4.31248	q_A  = 2.93935	Pmu = 0.01722	1-Pb  = 0.34441	CLs  = 0.05000
AsymptoticLimits.cc[337] : (in function: getCLs) - At r = 5.273614:	q_mu = 4.31224	q_A  = 2.93904	Pmu = 0.01722	1-Pb  = 0.34439	CLs  = 0.05000
AsymptoticLimits.cc[337] : (in function: getCLs) - At r = 5.273898:	q_mu = 4.31235	q_A  = 2.93916	Pmu = 0.01722	1-Pb  = 0.34440	CLs  = 0.05000
AsymptoticLimits.cc[337] : (in function: getCLs) - At r = 5.273828:	q_mu = 4.31230	q_A  = 2.93912	Pmu = 0.01722	1-Pb  = 0.34440	CLs  = 0.05000
AsymptoticLimits.cc[337] : (in function: getCLs) - At r = 5.273876:	q_mu = 4.31232	q_A  = 2.93914	Pmu = 0.01722	1-Pb  = 0.34440	CLs  = 0.05000
AsymptoticLimits.cc[337] : (in function: getCLs) - At r = 5.273889:	q_mu = 4.31240	q_A  = 2.93919	Pmu = 0.01722	1-Pb  = 0.34440	CLs  = 0.05000
