CascadeMinimizer.cc[188] : (in function: improveOnce) - Minimization configured with Type=Minuit2, Algo=Migrad, strategy=0, tolerance=0.1
CascadeMinimizer.cc[215] : (in function: improveOnce) - Minimization finished with status=0
CascadeMinimizer.cc[219] : (in function: improveOnce) - Minimization success! status=0
ToyMCSamplerOpt.cc[146] : (in function: generateAsimov) - Using internal logic for binned/unbinned Asimov dataset generation
ToyMCSamplerOpt.cc[214] : (in function: generateWithHisto) - Generating asimov with histogram for pdf pdf_binpass_LOW_obsOnly: in 3 x-bins
ToyMCSamplerOpt.cc[215] : (in function: generateWithHisto) -  , in 1 y-bins
ToyMCSamplerOpt.cc[146] : (in function: generateAsimov) - Using internal logic for binned/unbinned Asimov dataset generation
ToyMCSamplerOpt.cc[214] : (in function: generateWithHisto) - Generating asimov with histogram for pdf pdf_binpass_SIG_obsOnly: in 1 x-bins
ToyMCSamplerOpt.cc[215] : (in function: generateWithHisto) -  , in 1 y-bins
ToyMCSamplerOpt.cc[146] : (in function: generateAsimov) - Using internal logic for binned/unbinned Asimov dataset generation
ToyMCSamplerOpt.cc[214] : (in function: generateWithHisto) - Generating asimov with histogram for pdf pdf_binpass_HIGH_obsOnly: in 3 x-bins
ToyMCSamplerOpt.cc[215] : (in function: generateWithHisto) -  , in 1 y-bins
ToyMCSamplerOpt.cc[146] : (in function: generateAsimov) - Using internal logic for binned/unbinned Asimov dataset generation
ToyMCSamplerOpt.cc[214] : (in function: generateWithHisto) - Generating asimov with histogram for pdf pdf_binfail_LOW_obsOnly: in 3 x-bins
ToyMCSamplerOpt.cc[215] : (in function: generateWithHisto) -  , in 1 y-bins
ToyMCSamplerOpt.cc[146] : (in function: generateAsimov) - Using internal logic for binned/unbinned Asimov dataset generation
ToyMCSamplerOpt.cc[214] : (in function: generateWithHisto) - Generating asimov with histogram for pdf pdf_binfail_SIG_obsOnly: in 1 x-bins
ToyMCSamplerOpt.cc[215] : (in function: generateWithHisto) -  , in 1 y-bins
ToyMCSamplerOpt.cc[146] : (in function: generateAsimov) - Using internal logic for binned/unbinned Asimov dataset generation
ToyMCSamplerOpt.cc[214] : (in function: generateWithHisto) - Generating asimov with histogram for pdf pdf_binfail_HIGH_obsOnly: in 3 x-bins
ToyMCSamplerOpt.cc[215] : (in function: generateWithHisto) -  , in 1 y-bins
AsymptoticLimits.cc[428] : (in function: runLimitExpected) - Median for expected limits = 1.0625, Sigma for expected limits = 0.542102
AsymptoticLimits.cc[191] : (in function: runLimit) - NLL at global minimum of data = -711.329 (r=0.97989)
AsymptoticLimits.cc[211] : (in function: runLimit) - NLL at global minimum of asimov = -708.328 (r=5.6423e-05)
AsymptoticLimits.cc[337] : (in function: getCLs) - At r = 2.179890:	q_mu = 2.96135	q_A  = 9.72651	Pmu = 0.04264	1-Pb  = 0.91893	CLs  = 0.04640
AsymptoticLimits.cc[337] : (in function: getCLs) - At r = 1.579890:	q_mu = 1.01584	q_A  = 6.17271	Pmu = 0.15675	1-Pb  = 0.93011	CLs  = 0.16853
AsymptoticLimits.cc[337] : (in function: getCLs) - At r = 1.879890:	q_mu = 1.93074	q_A  = 7.97316	Pmu = 0.08234	1-Pb  = 0.92424	CLs  = 0.08909
AsymptoticLimits.cc[337] : (in function: getCLs) - At r = 2.092400:	q_mu = 2.65261	q_A  = 9.22063	Pmu = 0.05169	1-Pb  = 0.92041	CLs  = 0.05616
AsymptoticLimits.cc[337] : (in function: getCLs) - At r = 2.134996:	q_mu = 2.80227	q_A  = 9.46751	Pmu = 0.04707	1-Pb  = 0.91968	CLs  = 0.05118
AsymptoticLimits.cc[337] : (in function: getCLs) - At r = 2.152497:	q_mu = 2.86410	q_A  = 9.56864	Pmu = 0.04529	1-Pb  = 0.91939	CLs  = 0.04926
AsymptoticLimits.cc[337] : (in function: getCLs) - At r = 2.143521:	q_mu = 2.83234	q_A  = 9.51678	Pmu = 0.04619	1-Pb  = 0.91954	CLs  = 0.05023
AsymptoticLimits.cc[337] : (in function: getCLs) - At r = 2.147024:	q_mu = 2.84473	q_A  = 9.53701	Pmu = 0.04584	1-Pb  = 0.91948	CLs  = 0.04985
AsymptoticLimits.cc[337] : (in function: getCLs) - At r = 2.145230:	q_mu = 2.83838	q_A  = 9.52665	Pmu = 0.04602	1-Pb  = 0.91951	CLs  = 0.05005
AsymptoticLimits.cc[337] : (in function: getCLs) - At r = 2.145932:	q_mu = 2.84086	q_A  = 9.53070	Pmu = 0.04595	1-Pb  = 0.91950	CLs  = 0.04997
AsymptoticLimits.cc[337] : (in function: getCLs) - At r = 2.145573:	q_mu = 2.83959	q_A  = 9.52873	Pmu = 0.04598	1-Pb  = 0.91951	CLs  = 0.05001
AsymptoticLimits.cc[337] : (in function: getCLs) - At r = 2.145712:	q_mu = 2.84016	q_A  = 9.52945	Pmu = 0.04597	1-Pb  = 0.91950	CLs  = 0.04999
AsymptoticLimits.cc[337] : (in function: getCLs) - At r = 2.145633:	q_mu = 2.83980	q_A  = 9.52899	Pmu = 0.04598	1-Pb  = 0.91950	CLs  = 0.05000
AsymptoticLimits.cc[337] : (in function: getCLs) - At r = 2.145665:	q_mu = 2.83994	q_A  = 9.52918	Pmu = 0.04597	1-Pb  = 0.91950	CLs  = 0.05000
AsymptoticLimits.cc[337] : (in function: getCLs) - At r = 2.145650:	q_mu = 2.83986	q_A  = 9.52923	Pmu = 0.04598	1-Pb  = 0.91951	CLs  = 0.05000
AsymptoticLimits.cc[337] : (in function: getCLs) - At r = 2.145658:	q_mu = 2.83988	q_A  = 9.52919	Pmu = 0.04598	1-Pb  = 0.91950	CLs  = 0.05000
