CascadeMinimizer.cc[188] : (in function: improveOnce) - Minimization configured with Type=Minuit2, Algo=Migrad, strategy=0, tolerance=0.1
CascadeMinimizer.cc[215] : (in function: improveOnce) - Minimization finished with status=0
CascadeMinimizer.cc[219] : (in function: improveOnce) - Minimization success! status=0
ToyMCSamplerOpt.cc[146] : (in function: generateAsimov) - Using internal logic for binned/unbinned Asimov dataset generation
ToyMCSamplerOpt.cc[214] : (in function: generateWithHisto) - Generating asimov with histogram for pdf pdf_binpass_LOW_obsOnly: in 4 x-bins
ToyMCSamplerOpt.cc[215] : (in function: generateWithHisto) -  , in 1 y-bins
ToyMCSamplerOpt.cc[146] : (in function: generateAsimov) - Using internal logic for binned/unbinned Asimov dataset generation
ToyMCSamplerOpt.cc[214] : (in function: generateWithHisto) - Generating asimov with histogram for pdf pdf_binpass_SIG_obsOnly: in 3 x-bins
ToyMCSamplerOpt.cc[215] : (in function: generateWithHisto) -  , in 1 y-bins
ToyMCSamplerOpt.cc[146] : (in function: generateAsimov) - Using internal logic for binned/unbinned Asimov dataset generation
ToyMCSamplerOpt.cc[214] : (in function: generateWithHisto) - Generating asimov with histogram for pdf pdf_binpass_HIGH_obsOnly: in 7 x-bins
ToyMCSamplerOpt.cc[215] : (in function: generateWithHisto) -  , in 1 y-bins
ToyMCSamplerOpt.cc[146] : (in function: generateAsimov) - Using internal logic for binned/unbinned Asimov dataset generation
ToyMCSamplerOpt.cc[214] : (in function: generateWithHisto) - Generating asimov with histogram for pdf pdf_binfail_LOW_obsOnly: in 4 x-bins
ToyMCSamplerOpt.cc[215] : (in function: generateWithHisto) -  , in 1 y-bins
ToyMCSamplerOpt.cc[146] : (in function: generateAsimov) - Using internal logic for binned/unbinned Asimov dataset generation
ToyMCSamplerOpt.cc[214] : (in function: generateWithHisto) - Generating asimov with histogram for pdf pdf_binfail_SIG_obsOnly: in 3 x-bins
ToyMCSamplerOpt.cc[215] : (in function: generateWithHisto) -  , in 1 y-bins
ToyMCSamplerOpt.cc[146] : (in function: generateAsimov) - Using internal logic for binned/unbinned Asimov dataset generation
ToyMCSamplerOpt.cc[214] : (in function: generateWithHisto) - Generating asimov with histogram for pdf pdf_binfail_HIGH_obsOnly: in 7 x-bins
ToyMCSamplerOpt.cc[215] : (in function: generateWithHisto) -  , in 1 y-bins
AsymptoticLimits.cc[415] : (in function: runLimitExpected) - [WARNING] Best fit of asimov dataset is at r = 0.023450 (0.001172 times rMax), while it should be at zero
AsymptoticLimits.cc[428] : (in function: runLimitExpected) - Median for expected limits = 5.34375, Sigma for expected limits = 2.72645
AsymptoticLimits.cc[191] : (in function: runLimit) - NLL at global minimum of data = -11153.3 (r=0.000211933)
AsymptoticLimits.cc[211] : (in function: runLimit) - NLL at global minimum of asimov = -11152.8 (r=6.64716e-05)
AsymptoticLimits.cc[337] : (in function: getCLs) - At r = 1.200212:	q_mu = 0.72386	q_A  = 0.44062	Pmu = 0.19021	1-Pb  = 0.41553	CLs  = 0.45774
AsymptoticLimits.cc[337] : (in function: getCLs) - At r = 2.400424:	q_mu = 1.78615	q_A  = 1.38560	Pmu = 0.08895	1-Pb  = 0.43245	CLs  = 0.20569
AsymptoticLimits.cc[337] : (in function: getCLs) - At r = 4.800848:	q_mu = 3.72160	q_A  = 3.41881	Pmu = 0.02675	1-Pb  = 0.46737	CLs  = 0.05723
AsymptoticLimits.cc[337] : (in function: getCLs) - At r = 9.601695:	q_mu = 8.25837	q_A  = 8.18661	Pmu = 0.00203	1-Pb  = 0.49500	CLs  = 0.00410
AsymptoticLimits.cc[337] : (in function: getCLs) - At r = 4.800954:	q_mu = 3.72169	q_A  = 3.41888	Pmu = 0.02675	1-Pb  = 0.46737	CLs  = 0.05723
AsymptoticLimits.cc[337] : (in function: getCLs) - At r = 7.201325:	q_mu = 5.34034	q_A  = 5.25833	Pmu = 0.01042	1-Pb  = 0.49287	CLs  = 0.02114
AsymptoticLimits.cc[337] : (in function: getCLs) - At r = 5.541370:	q_mu = 4.20214	q_A  = 3.99079	Pmu = 0.02015	1-Pb  = 0.47891	CLs  = 0.04208
AsymptoticLimits.cc[337] : (in function: getCLs) - At r = 5.209218:	q_mu = 3.99346	q_A  = 3.73842	Pmu = 0.02278	1-Pb  = 0.47371	CLs  = 0.04809
AsymptoticLimits.cc[337] : (in function: getCLs) - At r = 5.054398:	q_mu = 3.89250	q_A  = 3.61852	Pmu = 0.02418	1-Pb  = 0.47129	CLs  = 0.05130
AsymptoticLimits.cc[337] : (in function: getCLs) - At r = 5.134478:	q_mu = 3.94539	q_A  = 3.68103	Pmu = 0.02343	1-Pb  = 0.47254	CLs  = 0.04959
AsymptoticLimits.cc[337] : (in function: getCLs) - At r = 5.102926:	q_mu = 3.92445	q_A  = 3.65632	Pmu = 0.02372	1-Pb  = 0.47205	CLs  = 0.05026
AsymptoticLimits.cc[337] : (in function: getCLs) - At r = 5.118993:	q_mu = 3.93498	q_A  = 3.66879	Pmu = 0.02358	1-Pb  = 0.47230	CLs  = 0.04992
AsymptoticLimits.cc[337] : (in function: getCLs) - At r = 5.112789:	q_mu = 3.93085	q_A  = 3.66392	Pmu = 0.02364	1-Pb  = 0.47221	CLs  = 0.05005
AsymptoticLimits.cc[337] : (in function: getCLs) - At r = 5.116042:	q_mu = 3.93298	q_A  = 3.66644	Pmu = 0.02361	1-Pb  = 0.47226	CLs  = 0.04999
AsymptoticLimits.cc[337] : (in function: getCLs) - At r = 5.114832:	q_mu = 3.93216	q_A  = 3.66549	Pmu = 0.02362	1-Pb  = 0.47224	CLs  = 0.05001
AsymptoticLimits.cc[337] : (in function: getCLs) - At r = 5.115496:	q_mu = 3.93259	q_A  = 3.66600	Pmu = 0.02361	1-Pb  = 0.47225	CLs  = 0.05000
AsymptoticLimits.cc[337] : (in function: getCLs) - At r = 5.115271:	q_mu = 3.93243	q_A  = 3.66581	Pmu = 0.02361	1-Pb  = 0.47225	CLs  = 0.05000
AsymptoticLimits.cc[337] : (in function: getCLs) - At r = 5.115366:	q_mu = 3.93249	q_A  = 3.66588	Pmu = 0.02361	1-Pb  = 0.47225	CLs  = 0.05000
AsymptoticLimits.cc[337] : (in function: getCLs) - At r = 5.115419:	q_mu = 3.93264	q_A  = 3.66592	Pmu = 0.02361	1-Pb  = 0.47223	CLs  = 0.05000
AsymptoticLimits.cc[337] : (in function: getCLs) - At r = 5.115387:	q_mu = 3.93255	q_A  = 3.66589	Pmu = 0.02361	1-Pb  = 0.47224	CLs  = 0.05000
AsymptoticLimits.cc[337] : (in function: getCLs) - At r = 5.115377:	q_mu = 3.93251	q_A  = 3.66588	Pmu = 0.02361	1-Pb  = 0.47224	CLs  = 0.05000
