CascadeMinimizer.cc[188] : (in function: improveOnce) - Minimization configured with Type=Minuit2, Algo=Migrad, strategy=0, tolerance=0.1
CascadeMinimizer.cc[215] : (in function: improveOnce) - Minimization finished with status=0
CascadeMinimizer.cc[219] : (in function: improveOnce) - Minimization success! status=0
CascadeMinimizer.cc[188] : (in function: improveOnce) - Minimization configured with Type=Minuit2, Algo=Migrad, strategy=0, tolerance=0.1
CascadeMinimizer.cc[215] : (in function: improveOnce) - Minimization finished with status=0
CascadeMinimizer.cc[219] : (in function: improveOnce) - Minimization success! status=0
CascadeMinimizer.cc[188] : (in function: improveOnce) - Minimization configured with Type=Minuit2, Algo=Migrad, strategy=0, tolerance=0.1
CascadeMinimizer.cc[215] : (in function: improveOnce) - Minimization finished with status=-1
CascadeMinimizer.cc[220] : (in function: improveOnce) - Minimization ended with latest status != 0 or 1
utils.cc[1040] : (in function: anyParameterAtBoundaries) - [WARNING] Found parameter CMS_AN23122_Background_fail_LOW_bin_1-1 at boundary (within ~1sigma): 6.48205e+06+/-1.18331e+08
utils.cc[1040] : (in function: anyParameterAtBoundaries) - [WARNING] Found parameter CMS_AN23122_Background_fail_LOW_bin_2-1 at boundary (within ~1sigma): 6.80336e+06+/-1.18254e+08
utils.cc[1040] : (in function: anyParameterAtBoundaries) - [WARNING] Found parameter CMS_AN23122_Background_fail_LOW_bin_3-1 at boundary (within ~1sigma): 4.92541e+06+/-1.18705e+08
utils.cc[1040] : (in function: anyParameterAtBoundaries) - [WARNING] Found parameter CMS_AN23122_Background_fail_LOW_bin_4-1 at boundary (within ~1sigma): 3.13729e+06+/-1.19133e+08
utils.cc[1040] : (in function: anyParameterAtBoundaries) - [WARNING] Found parameter CMS_AN23122_Background_fail_LOW_bin_5-1 at boundary (within ~1sigma): 1.8805e+06+/-1.19435e+08
utils.cc[1040] : (in function: anyParameterAtBoundaries) - [WARNING] Found parameter CMS_AN23122_Background_rpf_2x0_par0 at boundary (within ~1sigma): 0.0830724+/-0.120902
utils.cc[1040] : (in function: anyParameterAtBoundaries) - [WARNING] Found parameter CMS_AN23122_Background_rpf_2x0_par1 at boundary (within ~1sigma): 1.60852+/-2.3868
utils.cc[1040] : (in function: anyParameterAtBoundaries) - [WARNING] Found parameter CMS_AN23122_Background_rpf_2x0_par2 at boundary (within ~1sigma): -8.83575+/-2.08368
utils.cc[1040] : (in function: anyParameterAtBoundaries) - [WARNING] Found parameter CMS_AN23122_Background_rpf_2x0_par3 at boundary (within ~1sigma): 0.00260898+/-0.0593133
utils.cc[1040] : (in function: anyParameterAtBoundaries) - [WARNING] Found parameter CMS_AN23122_Background_fail_SIG_bin_1-1 at boundary (within ~1sigma): 1.1311e+06+/-1.19614e+08
utils.cc[1040] : (in function: anyParameterAtBoundaries) - [WARNING] Found parameter CMS_AN23122_Background_fail_HIGH_bin_1-1 at boundary (within ~1sigma): 654373+/-1.19729e+08
CascadeMinimizer.cc[483] : (in function: minimize) - [WARNING] After fit, some parameters are found at the boundary (within ~1sigma)
FitterAlgoBase.cc[260] : (in function: doFit) - Initial minimization failed. Aborting.
CascadeMinimizer.cc[188] : (in function: improveOnce) - Minimization configured with Type=Minuit2, Algo=Migrad, strategy=0, tolerance=0.1
CascadeMinimizer.cc[215] : (in function: improveOnce) - Minimization finished with status=-1
CascadeMinimizer.cc[220] : (in function: improveOnce) - Minimization ended with latest status != 0 or 1
utils.cc[1040] : (in function: anyParameterAtBoundaries) - [WARNING] Found parameter CMS_AN23122_Background_fail_LOW_bin_1-1 at boundary (within ~1sigma): 6.45123e+06+/-1.7711e+07
utils.cc[1040] : (in function: anyParameterAtBoundaries) - [WARNING] Found parameter CMS_AN23122_Background_fail_LOW_bin_3-1 at boundary (within ~1sigma): 4.90109e+06+/-1.6965e+07
utils.cc[1040] : (in function: anyParameterAtBoundaries) - [WARNING] Found parameter CMS_AN23122_Background_fail_LOW_bin_4-1 at boundary (within ~1sigma): 3.11984e+06+/-2.46466e+07
utils.cc[1040] : (in function: anyParameterAtBoundaries) - [WARNING] Found parameter CMS_AN23122_Background_fail_LOW_bin_5-1 at boundary (within ~1sigma): 1.8748e+06+/-4.91905e+07
utils.cc[1040] : (in function: anyParameterAtBoundaries) - [WARNING] Found parameter CMS_AN23122_Background_rpf_2x0_par0 at boundary (within ~1sigma): 0.137182+/-0.140626
utils.cc[1040] : (in function: anyParameterAtBoundaries) - [WARNING] Found parameter CMS_AN23122_Background_rpf_2x0_par2 at boundary (within ~1sigma): -8.31634+/-2.42624
utils.cc[1040] : (in function: anyParameterAtBoundaries) - [WARNING] Found parameter CMS_AN23122_Background_rpf_2x0_par3 at boundary (within ~1sigma): 0.00162814+/-0.00583813
utils.cc[1040] : (in function: anyParameterAtBoundaries) - [WARNING] Found parameter CMS_AN23122_Background_fail_SIG_bin_1-1 at boundary (within ~1sigma): 1.13112e+06+/-1.06607e+08
utils.cc[1040] : (in function: anyParameterAtBoundaries) - [WARNING] Found parameter CMS_AN23122_Background_fail_HIGH_bin_1-1 at boundary (within ~1sigma): 653019+/-4.17803e+07
CascadeMinimizer.cc[483] : (in function: minimize) - [WARNING] After fit, some parameters are found at the boundary (within ~1sigma)
FitterAlgoBase.cc[260] : (in function: doFit) - Initial minimization failed. Aborting.
