CascadeMinimizer.cc[188] : (in function: improveOnce) - Minimization configured with Type=Minuit2, Algo=Migrad, strategy=0, tolerance=0.1
CascadeMinimizer.cc[215] : (in function: improveOnce) - Minimization finished with status=0
CascadeMinimizer.cc[219] : (in function: improveOnce) - Minimization success! status=0
ToyMCSamplerOpt.cc[146] : (in function: generateAsimov) - Using internal logic for binned/unbinned Asimov dataset generation
ToyMCSamplerOpt.cc[214] : (in function: generateWithHisto) - Generating asimov with histogram for pdf pdf_binpass_LOW_obsOnly: in 3 x-bins
ToyMCSamplerOpt.cc[215] : (in function: generateWithHisto) -  , in 1 y-bins
ToyMCSamplerOpt.cc[146] : (in function: generateAsimov) - Using internal logic for binned/unbinned Asimov dataset generation
ToyMCSamplerOpt.cc[214] : (in function: generateWithHisto) - Generating asimov with histogram for pdf pdf_binpass_SIG_obsOnly: in 1 x-bins
ToyMCSamplerOpt.cc[215] : (in function: generateWithHisto) -  , in 1 y-bins
ToyMCSamplerOpt.cc[146] : (in function: generateAsimov) - Using internal logic for binned/unbinned Asimov dataset generation
ToyMCSamplerOpt.cc[214] : (in function: generateWithHisto) - Generating asimov with histogram for pdf pdf_binpass_HIGH_obsOnly: in 5 x-bins
ToyMCSamplerOpt.cc[215] : (in function: generateWithHisto) -  , in 1 y-bins
ToyMCSamplerOpt.cc[146] : (in function: generateAsimov) - Using internal logic for binned/unbinned Asimov dataset generation
ToyMCSamplerOpt.cc[214] : (in function: generateWithHisto) - Generating asimov with histogram for pdf pdf_binfail_LOW_obsOnly: in 3 x-bins
ToyMCSamplerOpt.cc[215] : (in function: generateWithHisto) -  , in 1 y-bins
ToyMCSamplerOpt.cc[146] : (in function: generateAsimov) - Using internal logic for binned/unbinned Asimov dataset generation
ToyMCSamplerOpt.cc[214] : (in function: generateWithHisto) - Generating asimov with histogram for pdf pdf_binfail_SIG_obsOnly: in 1 x-bins
ToyMCSamplerOpt.cc[215] : (in function: generateWithHisto) -  , in 1 y-bins
ToyMCSamplerOpt.cc[146] : (in function: generateAsimov) - Using internal logic for binned/unbinned Asimov dataset generation
ToyMCSamplerOpt.cc[214] : (in function: generateWithHisto) - Generating asimov with histogram for pdf pdf_binfail_HIGH_obsOnly: in 5 x-bins
ToyMCSamplerOpt.cc[215] : (in function: generateWithHisto) -  , in 1 y-bins
AsymptoticLimits.cc[428] : (in function: runLimitExpected) - Median for expected limits = 1.98438, Sigma for expected limits = 1.01245
AsymptoticLimits.cc[191] : (in function: runLimit) - NLL at global minimum of data = -902.061 (r=4.68742e-08)
AsymptoticLimits.cc[211] : (in function: runLimit) - NLL at global minimum of asimov = -901.456 (r=2.11168e-07)
AsymptoticLimits.cc[337] : (in function: getCLs) - At r = 1.359734:	q_mu = 2.73421	q_A  = 2.71254	Pmu = 0.04911	1-Pb  = 0.49738	CLs  = 0.09874
AsymptoticLimits.cc[337] : (in function: getCLs) - At r = 2.719468:	q_mu = 5.13172	q_A  = 5.09686	Pmu = 0.01175	1-Pb  = 0.49692	CLs  = 0.02364
AsymptoticLimits.cc[337] : (in function: getCLs) - At r = 1.359734:	q_mu = 2.73426	q_A  = 2.71254	Pmu = 0.04911	1-Pb  = 0.49737	CLs  = 0.09873
AsymptoticLimits.cc[337] : (in function: getCLs) - At r = 2.149400:	q_mu = 4.16000	q_A  = 4.12999	Pmu = 0.02069	1-Pb  = 0.49705	CLs  = 0.04163
AsymptoticLimits.cc[337] : (in function: getCLs) - At r = 1.857499:	q_mu = 3.64446	q_A  = 3.61719	Pmu = 0.02813	1-Pb  = 0.49714	CLs  = 0.05658
AsymptoticLimits.cc[337] : (in function: getCLs) - At r = 2.009980:	q_mu = 3.91536	q_A  = 3.88661	Pmu = 0.02392	1-Pb  = 0.49709	CLs  = 0.04813
AsymptoticLimits.cc[337] : (in function: getCLs) - At r = 1.950675:	q_mu = 3.81041	q_A  = 3.78222	Pmu = 0.02547	1-Pb  = 0.49711	CLs  = 0.05123
AsymptoticLimits.cc[337] : (in function: getCLs) - At r = 1.980976:	q_mu = 3.86410	q_A  = 3.83561	Pmu = 0.02466	1-Pb  = 0.49710	CLs  = 0.04962
AsymptoticLimits.cc[337] : (in function: getCLs) - At r = 1.969078:	q_mu = 3.84303	q_A  = 3.81466	Pmu = 0.02498	1-Pb  = 0.49710	CLs  = 0.05024
AsymptoticLimits.cc[337] : (in function: getCLs) - At r = 1.975130:	q_mu = 3.85375	q_A  = 3.82532	Pmu = 0.02482	1-Pb  = 0.49710	CLs  = 0.04992
AsymptoticLimits.cc[337] : (in function: getCLs) - At r = 1.972749:	q_mu = 3.84953	q_A  = 3.82113	Pmu = 0.02488	1-Pb  = 0.49710	CLs  = 0.05005
AsymptoticLimits.cc[337] : (in function: getCLs) - At r = 1.973960:	q_mu = 3.85167	q_A  = 3.82326	Pmu = 0.02485	1-Pb  = 0.49710	CLs  = 0.04998
AsymptoticLimits.cc[337] : (in function: getCLs) - At r = 1.973484:	q_mu = 3.85083	q_A  = 3.82242	Pmu = 0.02486	1-Pb  = 0.49710	CLs  = 0.05001
AsymptoticLimits.cc[337] : (in function: getCLs) - At r = 1.973726:	q_mu = 3.85126	q_A  = 3.82285	Pmu = 0.02485	1-Pb  = 0.49710	CLs  = 0.05000
AsymptoticLimits.cc[337] : (in function: getCLs) - At r = 1.973631:	q_mu = 3.85109	q_A  = 3.82268	Pmu = 0.02486	1-Pb  = 0.49710	CLs  = 0.05000
AsymptoticLimits.cc[337] : (in function: getCLs) - At r = 1.973679:	q_mu = 3.85118	q_A  = 3.82276	Pmu = 0.02485	1-Pb  = 0.49710	CLs  = 0.05000
AsymptoticLimits.cc[337] : (in function: getCLs) - At r = 1.973660:	q_mu = 3.85114	q_A  = 3.82273	Pmu = 0.02486	1-Pb  = 0.49710	CLs  = 0.05000
AsymptoticLimits.cc[337] : (in function: getCLs) - At r = 1.973670:	q_mu = 3.85116	q_A  = 3.82275	Pmu = 0.02486	1-Pb  = 0.49710	CLs  = 0.05000
