CascadeMinimizer.cc[188] : (in function: improveOnce) - Minimization configured with Type=Minuit2, Algo=Migrad, strategy=0, tolerance=0.1
CascadeMinimizer.cc[215] : (in function: improveOnce) - Minimization finished with status=0
CascadeMinimizer.cc[219] : (in function: improveOnce) - Minimization success! status=0
ToyMCSamplerOpt.cc[146] : (in function: generateAsimov) - Using internal logic for binned/unbinned Asimov dataset generation
ToyMCSamplerOpt.cc[214] : (in function: generateWithHisto) - Generating asimov with histogram for pdf pdf_binpass_LOW_obsOnly: in 3 x-bins
ToyMCSamplerOpt.cc[215] : (in function: generateWithHisto) -  , in 1 y-bins
ToyMCSamplerOpt.cc[146] : (in function: generateAsimov) - Using internal logic for binned/unbinned Asimov dataset generation
ToyMCSamplerOpt.cc[214] : (in function: generateWithHisto) - Generating asimov with histogram for pdf pdf_binpass_SIG_obsOnly: in 1 x-bins
ToyMCSamplerOpt.cc[215] : (in function: generateWithHisto) -  , in 1 y-bins
ToyMCSamplerOpt.cc[146] : (in function: generateAsimov) - Using internal logic for binned/unbinned Asimov dataset generation
ToyMCSamplerOpt.cc[214] : (in function: generateWithHisto) - Generating asimov with histogram for pdf pdf_binpass_HIGH_obsOnly: in 5 x-bins
ToyMCSamplerOpt.cc[215] : (in function: generateWithHisto) -  , in 1 y-bins
ToyMCSamplerOpt.cc[146] : (in function: generateAsimov) - Using internal logic for binned/unbinned Asimov dataset generation
ToyMCSamplerOpt.cc[214] : (in function: generateWithHisto) - Generating asimov with histogram for pdf pdf_binfail_LOW_obsOnly: in 3 x-bins
ToyMCSamplerOpt.cc[215] : (in function: generateWithHisto) -  , in 1 y-bins
ToyMCSamplerOpt.cc[146] : (in function: generateAsimov) - Using internal logic for binned/unbinned Asimov dataset generation
ToyMCSamplerOpt.cc[214] : (in function: generateWithHisto) - Generating asimov with histogram for pdf pdf_binfail_SIG_obsOnly: in 1 x-bins
ToyMCSamplerOpt.cc[215] : (in function: generateWithHisto) -  , in 1 y-bins
ToyMCSamplerOpt.cc[146] : (in function: generateAsimov) - Using internal logic for binned/unbinned Asimov dataset generation
ToyMCSamplerOpt.cc[214] : (in function: generateWithHisto) - Generating asimov with histogram for pdf pdf_binfail_HIGH_obsOnly: in 5 x-bins
ToyMCSamplerOpt.cc[215] : (in function: generateWithHisto) -  , in 1 y-bins
AsymptoticLimits.cc[428] : (in function: runLimitExpected) - Median for expected limits = 1.07812, Sigma for expected limits = 0.550074
AsymptoticLimits.cc[191] : (in function: runLimit) - NLL at global minimum of data = -754.589 (r=4.27853e-06)
AsymptoticLimits.cc[211] : (in function: runLimit) - NLL at global minimum of asimov = -753.86 (r=2.02936e-06)
AsymptoticLimits.cc[337] : (in function: getCLs) - At r = 1.200004:	q_mu = 4.26689	q_A  = 4.23711	Pmu = 0.01943	1-Pb  = 0.49711	CLs  = 0.03909
AsymptoticLimits.cc[337] : (in function: getCLs) - At r = 0.600004:	q_mu = 2.22442	q_A  = 2.20931	Pmu = 0.06792	1-Pb  = 0.49797	CLs  = 0.13639
AsymptoticLimits.cc[337] : (in function: getCLs) - At r = 0.985428:	q_mu = 3.55385	q_A  = 3.52921	Pmu = 0.02970	1-Pb  = 0.49738	CLs  = 0.05972
AsymptoticLimits.cc[337] : (in function: getCLs) - At r = 1.100276:	q_mu = 3.93769	q_A  = 3.91040	Pmu = 0.02361	1-Pb  = 0.49725	CLs  = 0.04748
AsymptoticLimits.cc[337] : (in function: getCLs) - At r = 1.056558:	q_mu = 3.79220	q_A  = 3.76592	Pmu = 0.02575	1-Pb  = 0.49730	CLs  = 0.05177
AsymptoticLimits.cc[337] : (in function: getCLs) - At r = 1.079352:	q_mu = 3.86815	q_A  = 3.84135	Pmu = 0.02460	1-Pb  = 0.49727	CLs  = 0.04948
AsymptoticLimits.cc[337] : (in function: getCLs) - At r = 1.070575:	q_mu = 3.83892	q_A  = 3.81235	Pmu = 0.02504	1-Pb  = 0.49729	CLs  = 0.05035
AsymptoticLimits.cc[337] : (in function: getCLs) - At r = 1.075128:	q_mu = 3.85407	q_A  = 3.82739	Pmu = 0.02481	1-Pb  = 0.49728	CLs  = 0.04990
AsymptoticLimits.cc[337] : (in function: getCLs) - At r = 1.073373:	q_mu = 3.84823	q_A  = 3.82158	Pmu = 0.02490	1-Pb  = 0.49728	CLs  = 0.05007
AsymptoticLimits.cc[337] : (in function: getCLs) - At r = 1.074284:	q_mu = 3.85126	q_A  = 3.82459	Pmu = 0.02485	1-Pb  = 0.49728	CLs  = 0.04998
AsymptoticLimits.cc[337] : (in function: getCLs) - At r = 1.073933:	q_mu = 3.85009	q_A  = 3.82343	Pmu = 0.02487	1-Pb  = 0.49728	CLs  = 0.05001
AsymptoticLimits.cc[337] : (in function: getCLs) - At r = 1.074115:	q_mu = 3.85070	q_A  = 3.82403	Pmu = 0.02486	1-Pb  = 0.49728	CLs  = 0.05000
AsymptoticLimits.cc[337] : (in function: getCLs) - At r = 1.074045:	q_mu = 3.85047	q_A  = 3.82380	Pmu = 0.02487	1-Pb  = 0.49728	CLs  = 0.05000
AsymptoticLimits.cc[337] : (in function: getCLs) - At r = 1.074082:	q_mu = 3.85059	q_A  = 3.82392	Pmu = 0.02486	1-Pb  = 0.49728	CLs  = 0.05000
AsymptoticLimits.cc[337] : (in function: getCLs) - At r = 1.074068:	q_mu = 3.85054	q_A  = 3.82387	Pmu = 0.02486	1-Pb  = 0.49728	CLs  = 0.05000
AsymptoticLimits.cc[337] : (in function: getCLs) - At r = 1.074075:	q_mu = 3.85057	q_A  = 3.82390	Pmu = 0.02486	1-Pb  = 0.49728	CLs  = 0.05000
AsymptoticLimits.cc[337] : (in function: getCLs) - At r = 1.074072:	q_mu = 3.85056	q_A  = 3.82389	Pmu = 0.02486	1-Pb  = 0.49728	CLs  = 0.05000
