CascadeMinimizer.cc[188] : (in function: improveOnce) - Minimization configured with Type=Minuit2, Algo=Migrad, strategy=0, tolerance=0.1
CascadeMinimizer.cc[215] : (in function: improveOnce) - Minimization finished with status=0
CascadeMinimizer.cc[219] : (in function: improveOnce) - Minimization success! status=0
ToyMCSamplerOpt.cc[146] : (in function: generateAsimov) - Using internal logic for binned/unbinned Asimov dataset generation
ToyMCSamplerOpt.cc[214] : (in function: generateWithHisto) - Generating asimov with histogram for pdf pdf_binpass_LOW_obsOnly: in 2 x-bins
ToyMCSamplerOpt.cc[215] : (in function: generateWithHisto) -  , in 1 y-bins
ToyMCSamplerOpt.cc[146] : (in function: generateAsimov) - Using internal logic for binned/unbinned Asimov dataset generation
ToyMCSamplerOpt.cc[214] : (in function: generateWithHisto) - Generating asimov with histogram for pdf pdf_binpass_SIG_obsOnly: in 1 x-bins
ToyMCSamplerOpt.cc[215] : (in function: generateWithHisto) -  , in 1 y-bins
ToyMCSamplerOpt.cc[146] : (in function: generateAsimov) - Using internal logic for binned/unbinned Asimov dataset generation
ToyMCSamplerOpt.cc[214] : (in function: generateWithHisto) - Generating asimov with histogram for pdf pdf_binpass_HIGH_obsOnly: in 9 x-bins
ToyMCSamplerOpt.cc[215] : (in function: generateWithHisto) -  , in 1 y-bins
ToyMCSamplerOpt.cc[146] : (in function: generateAsimov) - Using internal logic for binned/unbinned Asimov dataset generation
ToyMCSamplerOpt.cc[214] : (in function: generateWithHisto) - Generating asimov with histogram for pdf pdf_binfail_LOW_obsOnly: in 2 x-bins
ToyMCSamplerOpt.cc[215] : (in function: generateWithHisto) -  , in 1 y-bins
ToyMCSamplerOpt.cc[146] : (in function: generateAsimov) - Using internal logic for binned/unbinned Asimov dataset generation
ToyMCSamplerOpt.cc[214] : (in function: generateWithHisto) - Generating asimov with histogram for pdf pdf_binfail_SIG_obsOnly: in 1 x-bins
ToyMCSamplerOpt.cc[215] : (in function: generateWithHisto) -  , in 1 y-bins
ToyMCSamplerOpt.cc[146] : (in function: generateAsimov) - Using internal logic for binned/unbinned Asimov dataset generation
ToyMCSamplerOpt.cc[214] : (in function: generateWithHisto) - Generating asimov with histogram for pdf pdf_binfail_HIGH_obsOnly: in 9 x-bins
ToyMCSamplerOpt.cc[215] : (in function: generateWithHisto) -  , in 1 y-bins
AsymptoticLimits.cc[428] : (in function: runLimitExpected) - Median for expected limits = 0.75, Sigma for expected limits = 0.38266
AsymptoticLimits.cc[191] : (in function: runLimit) - NLL at global minimum of data = -821.76 (r=7.46599e-08)
AsymptoticLimits.cc[211] : (in function: runLimit) - NLL at global minimum of asimov = -820.46 (r=1.11258e-05)
AsymptoticLimits.cc[337] : (in function: getCLs) - At r = 1.200000:	q_mu = 11.07322	q_A  = 6.91738	Pmu = 0.00031	1-Pb  = 0.21475	CLs  = 0.00146
AsymptoticLimits.cc[337] : (in function: getCLs) - At r = 0.600000:	q_mu = 5.82377	q_A  = 2.84426	Pmu = 0.00509	1-Pb  = 0.18853	CLs  = 0.02698
AsymptoticLimits.cc[337] : (in function: getCLs) - At r = 0.300000:	q_mu = 2.99595	q_A  = 1.03943	Pmu = 0.02391	1-Pb  = 0.16865	CLs  = 0.14175
AsymptoticLimits.cc[337] : (in function: getCLs) - At r = 0.450765:	q_mu = 4.43538	q_A  = 1.90427	Pmu = 0.01081	1-Pb  = 0.17954	CLs  = 0.06020
AsymptoticLimits.cc[337] : (in function: getCLs) - At r = 0.508227:	q_mu = 4.97386	q_A  = 2.25874	Pmu = 0.00806	1-Pb  = 0.18319	CLs  = 0.04400
AsymptoticLimits.cc[337] : (in function: getCLs) - At r = 0.477980:	q_mu = 4.69089	q_A  = 2.07067	Pmu = 0.00940	1-Pb  = 0.18129	CLs  = 0.05186
AsymptoticLimits.cc[337] : (in function: getCLs) - At r = 0.489396:	q_mu = 4.79544	q_A  = 2.14112	Pmu = 0.00889	1-Pb  = 0.18221	CLs  = 0.04878
AsymptoticLimits.cc[337] : (in function: getCLs) - At r = 0.483424:	q_mu = 4.73935	q_A  = 2.10404	Pmu = 0.00916	1-Pb  = 0.18184	CLs  = 0.05040
AsymptoticLimits.cc[337] : (in function: getCLs) - At r = 0.485778:	q_mu = 4.76139	q_A  = 2.11851	Pmu = 0.00905	1-Pb  = 0.18197	CLs  = 0.04976
AsymptoticLimits.cc[337] : (in function: getCLs) - At r = 0.484588:	q_mu = 4.75024	q_A  = 2.11107	Pmu = 0.00911	1-Pb  = 0.18188	CLs  = 0.05008
AsymptoticLimits.cc[337] : (in function: getCLs) - At r = 0.485063:	q_mu = 4.75467	q_A  = 2.11395	Pmu = 0.00909	1-Pb  = 0.18191	CLs  = 0.04995
AsymptoticLimits.cc[337] : (in function: getCLs) - At r = 0.484827:	q_mu = 4.75246	q_A  = 2.11236	Pmu = 0.00910	1-Pb  = 0.18187	CLs  = 0.05002
AsymptoticLimits.cc[337] : (in function: getCLs) - At r = 0.484927:	q_mu = 4.75338	q_A  = 2.11289	Pmu = 0.00909	1-Pb  = 0.18187	CLs  = 0.04999
AsymptoticLimits.cc[337] : (in function: getCLs) - At r = 0.484884:	q_mu = 4.75297	q_A  = 2.11257	Pmu = 0.00909	1-Pb  = 0.18186	CLs  = 0.05000
AsymptoticLimits.cc[337] : (in function: getCLs) - At r = 0.484906:	q_mu = 4.75317	q_A  = 2.11267	Pmu = 0.00909	1-Pb  = 0.18185	CLs  = 0.05000
AsymptoticLimits.cc[337] : (in function: getCLs) - At r = 0.484900:	q_mu = 4.75311	q_A  = 2.11260	Pmu = 0.00909	1-Pb  = 0.18185	CLs  = 0.05000
AsymptoticLimits.cc[337] : (in function: getCLs) - At r = 0.484903:	q_mu = 4.75313	q_A  = 2.11258	Pmu = 0.00909	1-Pb  = 0.18184	CLs  = 0.05000
