CascadeMinimizer.cc[188] : (in function: improveOnce) - Minimization configured with Type=Minuit2, Algo=Migrad, strategy=0, tolerance=0.1
CascadeMinimizer.cc[215] : (in function: improveOnce) - Minimization finished with status=0
CascadeMinimizer.cc[219] : (in function: improveOnce) - Minimization success! status=0
ToyMCSamplerOpt.cc[146] : (in function: generateAsimov) - Using internal logic for binned/unbinned Asimov dataset generation
ToyMCSamplerOpt.cc[214] : (in function: generateWithHisto) - Generating asimov with histogram for pdf pdf_binpass_LOW_obsOnly: in 3 x-bins
ToyMCSamplerOpt.cc[215] : (in function: generateWithHisto) -  , in 1 y-bins
ToyMCSamplerOpt.cc[146] : (in function: generateAsimov) - Using internal logic for binned/unbinned Asimov dataset generation
ToyMCSamplerOpt.cc[214] : (in function: generateWithHisto) - Generating asimov with histogram for pdf pdf_binpass_SIG_obsOnly: in 1 x-bins
ToyMCSamplerOpt.cc[215] : (in function: generateWithHisto) -  , in 1 y-bins
ToyMCSamplerOpt.cc[146] : (in function: generateAsimov) - Using internal logic for binned/unbinned Asimov dataset generation
ToyMCSamplerOpt.cc[214] : (in function: generateWithHisto) - Generating asimov with histogram for pdf pdf_binpass_HIGH_obsOnly: in 5 x-bins
ToyMCSamplerOpt.cc[215] : (in function: generateWithHisto) -  , in 1 y-bins
ToyMCSamplerOpt.cc[146] : (in function: generateAsimov) - Using internal logic for binned/unbinned Asimov dataset generation
ToyMCSamplerOpt.cc[214] : (in function: generateWithHisto) - Generating asimov with histogram for pdf pdf_binfail_LOW_obsOnly: in 3 x-bins
ToyMCSamplerOpt.cc[215] : (in function: generateWithHisto) -  , in 1 y-bins
ToyMCSamplerOpt.cc[146] : (in function: generateAsimov) - Using internal logic for binned/unbinned Asimov dataset generation
ToyMCSamplerOpt.cc[214] : (in function: generateWithHisto) - Generating asimov with histogram for pdf pdf_binfail_SIG_obsOnly: in 1 x-bins
ToyMCSamplerOpt.cc[215] : (in function: generateWithHisto) -  , in 1 y-bins
ToyMCSamplerOpt.cc[146] : (in function: generateAsimov) - Using internal logic for binned/unbinned Asimov dataset generation
ToyMCSamplerOpt.cc[214] : (in function: generateWithHisto) - Generating asimov with histogram for pdf pdf_binfail_HIGH_obsOnly: in 5 x-bins
ToyMCSamplerOpt.cc[215] : (in function: generateWithHisto) -  , in 1 y-bins
AsymptoticLimits.cc[428] : (in function: runLimitExpected) - Median for expected limits = 0.886719, Sigma for expected limits = 0.452416
AsymptoticLimits.cc[191] : (in function: runLimit) - NLL at global minimum of data = -59.8787 (r=0.842771)
AsymptoticLimits.cc[211] : (in function: runLimit) - NLL at global minimum of asimov = -60.5603 (r=0.00521027)
AsymptoticLimits.cc[337] : (in function: getCLs) - At r = 2.042771:	q_mu = 6.17968	q_A  = 14.22061	Pmu = 0.00646	1-Pb  = 0.90063	CLs  = 0.00717
AsymptoticLimits.cc[337] : (in function: getCLs) - At r = 1.442771:	q_mu = 1.95218	q_A  = 8.45755	Pmu = 0.08118	1-Pb  = 0.93460	CLs  = 0.08686
AsymptoticLimits.cc[337] : (in function: getCLs) - At r = 1.742771:	q_mu = 3.89563	q_A  = 11.26113	Pmu = 0.02421	1-Pb  = 0.91652	CLs  = 0.02641
AsymptoticLimits.cc[337] : (in function: getCLs) - At r = 1.614101:	q_mu = 3.01106	q_A  = 10.03482	Pmu = 0.04135	1-Pb  = 0.92401	CLs  = 0.04475
AsymptoticLimits.cc[337] : (in function: getCLs) - At r = 1.556907:	q_mu = 2.64111	q_A  = 9.50049	Pmu = 0.05207	1-Pb  = 0.92746	CLs  = 0.05614
AsymptoticLimits.cc[337] : (in function: getCLs) - At r = 1.580274:	q_mu = 2.79036	q_A  = 9.71790	Pmu = 0.04742	1-Pb  = 0.92604	CLs  = 0.05120
AsymptoticLimits.cc[337] : (in function: getCLs) - At r = 1.591817:	q_mu = 2.86508	q_A  = 9.82577	Pmu = 0.04526	1-Pb  = 0.92534	CLs  = 0.04891
AsymptoticLimits.cc[337] : (in function: getCLs) - At r = 1.585072:	q_mu = 2.82132	q_A  = 9.76268	Pmu = 0.04651	1-Pb  = 0.92575	CLs  = 0.05024
AsymptoticLimits.cc[337] : (in function: getCLs) - At r = 1.587386:	q_mu = 2.83630	q_A  = 9.78431	Pmu = 0.04608	1-Pb  = 0.92561	CLs  = 0.04978
AsymptoticLimits.cc[337] : (in function: getCLs) - At r = 1.586039:	q_mu = 2.82757	q_A  = 9.77171	Pmu = 0.04633	1-Pb  = 0.92569	CLs  = 0.05005
AsymptoticLimits.cc[337] : (in function: getCLs) - At r = 1.586503:	q_mu = 2.83056	q_A  = 9.77604	Pmu = 0.04624	1-Pb  = 0.92566	CLs  = 0.04996
AsymptoticLimits.cc[337] : (in function: getCLs) - At r = 1.586235:	q_mu = 2.82881	q_A  = 9.77354	Pmu = 0.04629	1-Pb  = 0.92568	CLs  = 0.05001
AsymptoticLimits.cc[337] : (in function: getCLs) - At r = 1.586329:	q_mu = 2.82940	q_A  = 9.77440	Pmu = 0.04628	1-Pb  = 0.92568	CLs  = 0.04999
AsymptoticLimits.cc[337] : (in function: getCLs) - At r = 1.586277:	q_mu = 2.82904	q_A  = 9.77389	Pmu = 0.04629	1-Pb  = 0.92568	CLs  = 0.05000
AsymptoticLimits.cc[337] : (in function: getCLs) - At r = 1.586299:	q_mu = 2.82918	q_A  = 9.77407	Pmu = 0.04628	1-Pb  = 0.92568	CLs  = 0.05000
AsymptoticLimits.cc[337] : (in function: getCLs) - At r = 1.586290:	q_mu = 2.82911	q_A  = 9.77399	Pmu = 0.04628	1-Pb  = 0.92568	CLs  = 0.05000
AsymptoticLimits.cc[337] : (in function: getCLs) - At r = 1.586295:	q_mu = 2.82913	q_A  = 9.77402	Pmu = 0.04628	1-Pb  = 0.92568	CLs  = 0.05000
