CascadeMinimizer.cc[188] : (in function: improveOnce) - Minimization configured with Type=Minuit2, Algo=Migrad, strategy=0, tolerance=0.1
CascadeMinimizer.cc[215] : (in function: improveOnce) - Minimization finished with status=0
CascadeMinimizer.cc[219] : (in function: improveOnce) - Minimization success! status=0
ToyMCSamplerOpt.cc[146] : (in function: generateAsimov) - Using internal logic for binned/unbinned Asimov dataset generation
ToyMCSamplerOpt.cc[214] : (in function: generateWithHisto) - Generating asimov with histogram for pdf pdf_binpass_LOW_obsOnly: in 3 x-bins
ToyMCSamplerOpt.cc[215] : (in function: generateWithHisto) -  , in 1 y-bins
ToyMCSamplerOpt.cc[146] : (in function: generateAsimov) - Using internal logic for binned/unbinned Asimov dataset generation
ToyMCSamplerOpt.cc[214] : (in function: generateWithHisto) - Generating asimov with histogram for pdf pdf_binpass_SIG_obsOnly: in 1 x-bins
ToyMCSamplerOpt.cc[215] : (in function: generateWithHisto) -  , in 1 y-bins
ToyMCSamplerOpt.cc[146] : (in function: generateAsimov) - Using internal logic for binned/unbinned Asimov dataset generation
ToyMCSamplerOpt.cc[214] : (in function: generateWithHisto) - Generating asimov with histogram for pdf pdf_binpass_HIGH_obsOnly: in 3 x-bins
ToyMCSamplerOpt.cc[215] : (in function: generateWithHisto) -  , in 1 y-bins
ToyMCSamplerOpt.cc[146] : (in function: generateAsimov) - Using internal logic for binned/unbinned Asimov dataset generation
ToyMCSamplerOpt.cc[214] : (in function: generateWithHisto) - Generating asimov with histogram for pdf pdf_binfail_LOW_obsOnly: in 3 x-bins
ToyMCSamplerOpt.cc[215] : (in function: generateWithHisto) -  , in 1 y-bins
ToyMCSamplerOpt.cc[146] : (in function: generateAsimov) - Using internal logic for binned/unbinned Asimov dataset generation
ToyMCSamplerOpt.cc[214] : (in function: generateWithHisto) - Generating asimov with histogram for pdf pdf_binfail_SIG_obsOnly: in 1 x-bins
ToyMCSamplerOpt.cc[215] : (in function: generateWithHisto) -  , in 1 y-bins
ToyMCSamplerOpt.cc[146] : (in function: generateAsimov) - Using internal logic for binned/unbinned Asimov dataset generation
ToyMCSamplerOpt.cc[214] : (in function: generateWithHisto) - Generating asimov with histogram for pdf pdf_binfail_HIGH_obsOnly: in 3 x-bins
ToyMCSamplerOpt.cc[215] : (in function: generateWithHisto) -  , in 1 y-bins
AsymptoticLimits.cc[428] : (in function: runLimitExpected) - Median for expected limits = 1.78906, Sigma for expected limits = 0.912804
AsymptoticLimits.cc[191] : (in function: runLimit) - NLL at global minimum of data = -8403.66 (r=2.39898)
AsymptoticLimits.cc[211] : (in function: runLimit) - NLL at global minimum of asimov = -8397.69 (r=0.0209034)
AsymptoticLimits.cc[337] : (in function: getCLs) - At r = 5.575565:	q_mu = 3.15348	q_A  = 13.85024	Pmu = 0.03788	1-Pb  = 0.97416	CLs  = 0.03889
AsymptoticLimits.cc[337] : (in function: getCLs) - At r = 3.987272:	q_mu = 1.06171	q_A  = 9.95878	Pmu = 0.15141	1-Pb  = 0.98322	CLs  = 0.15400
AsymptoticLimits.cc[337] : (in function: getCLs) - At r = 4.781419:	q_mu = 2.03504	q_A  = 11.96075	Pmu = 0.07686	1-Pb  = 0.97892	CLs  = 0.07851
AsymptoticLimits.cc[337] : (in function: getCLs) - At r = 5.189442:	q_mu = 2.59630	q_A  = 12.94424	Pmu = 0.05356	1-Pb  = 0.97651	CLs  = 0.05484
AsymptoticLimits.cc[337] : (in function: getCLs) - At r = 5.349754:	q_mu = 2.82500	q_A  = 13.32332	Pmu = 0.04640	1-Pb  = 0.97554	CLs  = 0.04757
AsymptoticLimits.cc[337] : (in function: getCLs) - At r = 5.272752:	q_mu = 2.71463	q_A  = 13.14157	Pmu = 0.04972	1-Pb  = 0.97601	CLs  = 0.05094
AsymptoticLimits.cc[337] : (in function: getCLs) - At r = 5.304874:	q_mu = 2.76055	q_A  = 13.21742	Pmu = 0.04831	1-Pb  = 0.97581	CLs  = 0.04950
AsymptoticLimits.cc[337] : (in function: getCLs) - At r = 5.289488:	q_mu = 2.73854	q_A  = 13.18108	Pmu = 0.04898	1-Pb  = 0.97591	CLs  = 0.05019
AsymptoticLimits.cc[337] : (in function: getCLs) - At r = 5.295914:	q_mu = 2.74773	q_A  = 13.19624	Pmu = 0.04870	1-Pb  = 0.97587	CLs  = 0.04990
AsymptoticLimits.cc[337] : (in function: getCLs) - At r = 5.292838:	q_mu = 2.74332	q_A  = 13.18896	Pmu = 0.04883	1-Pb  = 0.97589	CLs  = 0.05004
AsymptoticLimits.cc[337] : (in function: getCLs) - At r = 5.294124:	q_mu = 2.74516	q_A  = 13.19197	Pmu = 0.04877	1-Pb  = 0.97588	CLs  = 0.04998
AsymptoticLimits.cc[337] : (in function: getCLs) - At r = 5.293509:	q_mu = 2.74428	q_A  = 13.19051	Pmu = 0.04880	1-Pb  = 0.97588	CLs  = 0.05001
AsymptoticLimits.cc[337] : (in function: getCLs) - At r = 5.293766:	q_mu = 2.74465	q_A  = 13.19110	Pmu = 0.04879	1-Pb  = 0.97588	CLs  = 0.05000
AsymptoticLimits.cc[337] : (in function: getCLs) - At r = 5.293643:	q_mu = 2.74448	q_A  = 13.19080	Pmu = 0.04880	1-Pb  = 0.97588	CLs  = 0.05000
AsymptoticLimits.cc[337] : (in function: getCLs) - At r = 5.293695:	q_mu = 2.74455	q_A  = 13.19091	Pmu = 0.04879	1-Pb  = 0.97588	CLs  = 0.05000
AsymptoticLimits.cc[337] : (in function: getCLs) - At r = 5.293670:	q_mu = 2.74451	q_A  = 13.19084	Pmu = 0.04879	1-Pb  = 0.97588	CLs  = 0.05000
