CascadeMinimizer.cc[188] : (in function: improveOnce) - Minimization configured with Type=Minuit2, Algo=Migrad, strategy=0, tolerance=0.1
CascadeMinimizer.cc[215] : (in function: improveOnce) - Minimization finished with status=0
CascadeMinimizer.cc[219] : (in function: improveOnce) - Minimization success! status=0
ToyMCSamplerOpt.cc[146] : (in function: generateAsimov) - Using internal logic for binned/unbinned Asimov dataset generation
ToyMCSamplerOpt.cc[214] : (in function: generateWithHisto) - Generating asimov with histogram for pdf pdf_binpass_LOW_obsOnly: in 3 x-bins
ToyMCSamplerOpt.cc[215] : (in function: generateWithHisto) -  , in 1 y-bins
ToyMCSamplerOpt.cc[146] : (in function: generateAsimov) - Using internal logic for binned/unbinned Asimov dataset generation
ToyMCSamplerOpt.cc[214] : (in function: generateWithHisto) - Generating asimov with histogram for pdf pdf_binpass_SIG_obsOnly: in 1 x-bins
ToyMCSamplerOpt.cc[215] : (in function: generateWithHisto) -  , in 1 y-bins
ToyMCSamplerOpt.cc[146] : (in function: generateAsimov) - Using internal logic for binned/unbinned Asimov dataset generation
ToyMCSamplerOpt.cc[214] : (in function: generateWithHisto) - Generating asimov with histogram for pdf pdf_binpass_HIGH_obsOnly: in 3 x-bins
ToyMCSamplerOpt.cc[215] : (in function: generateWithHisto) -  , in 1 y-bins
ToyMCSamplerOpt.cc[146] : (in function: generateAsimov) - Using internal logic for binned/unbinned Asimov dataset generation
ToyMCSamplerOpt.cc[214] : (in function: generateWithHisto) - Generating asimov with histogram for pdf pdf_binfail_LOW_obsOnly: in 3 x-bins
ToyMCSamplerOpt.cc[215] : (in function: generateWithHisto) -  , in 1 y-bins
ToyMCSamplerOpt.cc[146] : (in function: generateAsimov) - Using internal logic for binned/unbinned Asimov dataset generation
ToyMCSamplerOpt.cc[214] : (in function: generateWithHisto) - Generating asimov with histogram for pdf pdf_binfail_SIG_obsOnly: in 1 x-bins
ToyMCSamplerOpt.cc[215] : (in function: generateWithHisto) -  , in 1 y-bins
ToyMCSamplerOpt.cc[146] : (in function: generateAsimov) - Using internal logic for binned/unbinned Asimov dataset generation
ToyMCSamplerOpt.cc[214] : (in function: generateWithHisto) - Generating asimov with histogram for pdf pdf_binfail_HIGH_obsOnly: in 3 x-bins
ToyMCSamplerOpt.cc[215] : (in function: generateWithHisto) -  , in 1 y-bins
AsymptoticLimits.cc[428] : (in function: runLimitExpected) - Median for expected limits = 1.29688, Sigma for expected limits = 0.661683
AsymptoticLimits.cc[191] : (in function: runLimit) - NLL at global minimum of data = -686.01 (r=4.33434e-08)
AsymptoticLimits.cc[211] : (in function: runLimit) - NLL at global minimum of asimov = -686.081 (r=1.46831e-07)
AsymptoticLimits.cc[337] : (in function: getCLs) - At r = 1.200000:	q_mu = 3.61237	q_A  = 3.61557	Pmu = 0.02868	1-Pb  = 0.50034	CLs  = 0.05731
AsymptoticLimits.cc[337] : (in function: getCLs) - At r = 2.400000:	q_mu = 6.04489	q_A  = 6.05019	Pmu = 0.00697	1-Pb  = 0.50043	CLs  = 0.01393
AsymptoticLimits.cc[337] : (in function: getCLs) - At r = 1.200000:	q_mu = 3.61237	q_A  = 3.61555	Pmu = 0.02868	1-Pb  = 0.50033	CLs  = 0.05731
AsymptoticLimits.cc[337] : (in function: getCLs) - At r = 1.800000:	q_mu = 4.91418	q_A  = 4.91856	Pmu = 0.01332	1-Pb  = 0.50039	CLs  = 0.02662
AsymptoticLimits.cc[337] : (in function: getCLs) - At r = 1.405425:	q_mu = 4.08163	q_A  = 4.08528	Pmu = 0.02168	1-Pb  = 0.50036	CLs  = 0.04332
AsymptoticLimits.cc[337] : (in function: getCLs) - At r = 1.321233:	q_mu = 3.89261	q_A  = 3.89605	Pmu = 0.02425	1-Pb  = 0.50035	CLs  = 0.04847
AsymptoticLimits.cc[337] : (in function: getCLs) - At r = 1.278954:	q_mu = 3.79599	q_A  = 3.79935	Pmu = 0.02569	1-Pb  = 0.50034	CLs  = 0.05134
AsymptoticLimits.cc[337] : (in function: getCLs) - At r = 1.302935:	q_mu = 3.85093	q_A  = 3.85434	Pmu = 0.02486	1-Pb  = 0.50035	CLs  = 0.04968
AsymptoticLimits.cc[337] : (in function: getCLs) - At r = 1.294428:	q_mu = 3.83148	q_A  = 3.83488	Pmu = 0.02515	1-Pb  = 0.50035	CLs  = 0.05026
AsymptoticLimits.cc[337] : (in function: getCLs) - At r = 1.299214:	q_mu = 3.84244	q_A  = 3.84583	Pmu = 0.02499	1-Pb  = 0.50035	CLs  = 0.04994
AsymptoticLimits.cc[337] : (in function: getCLs) - At r = 1.297511:	q_mu = 3.83854	q_A  = 3.84193	Pmu = 0.02504	1-Pb  = 0.50035	CLs  = 0.05005
AsymptoticLimits.cc[337] : (in function: getCLs) - At r = 1.298468:	q_mu = 3.84073	q_A  = 3.84412	Pmu = 0.02501	1-Pb  = 0.50035	CLs  = 0.04999
AsymptoticLimits.cc[337] : (in function: getCLs) - At r = 1.298127:	q_mu = 3.83995	q_A  = 3.84334	Pmu = 0.02502	1-Pb  = 0.50035	CLs  = 0.05001
AsymptoticLimits.cc[337] : (in function: getCLs) - At r = 1.298319:	q_mu = 3.84039	q_A  = 3.84378	Pmu = 0.02502	1-Pb  = 0.50035	CLs  = 0.05000
AsymptoticLimits.cc[337] : (in function: getCLs) - At r = 1.298251:	q_mu = 3.84023	q_A  = 3.84363	Pmu = 0.02502	1-Pb  = 0.50035	CLs  = 0.05000
AsymptoticLimits.cc[337] : (in function: getCLs) - At r = 1.298289:	q_mu = 3.84032	q_A  = 3.84371	Pmu = 0.02502	1-Pb  = 0.50035	CLs  = 0.05000
AsymptoticLimits.cc[337] : (in function: getCLs) - At r = 1.298275:	q_mu = 3.84029	q_A  = 3.84368	Pmu = 0.02502	1-Pb  = 0.50035	CLs  = 0.05000
AsymptoticLimits.cc[337] : (in function: getCLs) - At r = 1.298283:	q_mu = 3.84030	q_A  = 3.84370	Pmu = 0.02502	1-Pb  = 0.50035	CLs  = 0.05000
AsymptoticLimits.cc[337] : (in function: getCLs) - At r = 1.298280:	q_mu = 3.84030	q_A  = 3.84369	Pmu = 0.02502	1-Pb  = 0.50035	CLs  = 0.05000
