CascadeMinimizer.cc[188] : (in function: improveOnce) - Minimization configured with Type=Minuit2, Algo=Migrad, strategy=0, tolerance=0.1
CascadeMinimizer.cc[215] : (in function: improveOnce) - Minimization finished with status=0
CascadeMinimizer.cc[219] : (in function: improveOnce) - Minimization success! status=0
ToyMCSamplerOpt.cc[146] : (in function: generateAsimov) - Using internal logic for binned/unbinned Asimov dataset generation
ToyMCSamplerOpt.cc[214] : (in function: generateWithHisto) - Generating asimov with histogram for pdf pdf_binpass_LOW_obsOnly: in 3 x-bins
ToyMCSamplerOpt.cc[215] : (in function: generateWithHisto) -  , in 1 y-bins
ToyMCSamplerOpt.cc[146] : (in function: generateAsimov) - Using internal logic for binned/unbinned Asimov dataset generation
ToyMCSamplerOpt.cc[214] : (in function: generateWithHisto) - Generating asimov with histogram for pdf pdf_binpass_SIG_obsOnly: in 1 x-bins
ToyMCSamplerOpt.cc[215] : (in function: generateWithHisto) -  , in 1 y-bins
ToyMCSamplerOpt.cc[146] : (in function: generateAsimov) - Using internal logic for binned/unbinned Asimov dataset generation
ToyMCSamplerOpt.cc[214] : (in function: generateWithHisto) - Generating asimov with histogram for pdf pdf_binpass_HIGH_obsOnly: in 5 x-bins
ToyMCSamplerOpt.cc[215] : (in function: generateWithHisto) -  , in 1 y-bins
ToyMCSamplerOpt.cc[146] : (in function: generateAsimov) - Using internal logic for binned/unbinned Asimov dataset generation
ToyMCSamplerOpt.cc[214] : (in function: generateWithHisto) - Generating asimov with histogram for pdf pdf_binfail_LOW_obsOnly: in 3 x-bins
ToyMCSamplerOpt.cc[215] : (in function: generateWithHisto) -  , in 1 y-bins
ToyMCSamplerOpt.cc[146] : (in function: generateAsimov) - Using internal logic for binned/unbinned Asimov dataset generation
ToyMCSamplerOpt.cc[214] : (in function: generateWithHisto) - Generating asimov with histogram for pdf pdf_binfail_SIG_obsOnly: in 1 x-bins
ToyMCSamplerOpt.cc[215] : (in function: generateWithHisto) -  , in 1 y-bins
ToyMCSamplerOpt.cc[146] : (in function: generateAsimov) - Using internal logic for binned/unbinned Asimov dataset generation
ToyMCSamplerOpt.cc[214] : (in function: generateWithHisto) - Generating asimov with histogram for pdf pdf_binfail_HIGH_obsOnly: in 5 x-bins
ToyMCSamplerOpt.cc[215] : (in function: generateWithHisto) -  , in 1 y-bins
AsymptoticLimits.cc[428] : (in function: runLimitExpected) - Median for expected limits = 0.291016, Sigma for expected limits = 0.14848
AsymptoticLimits.cc[191] : (in function: runLimit) - NLL at global minimum of data = -925.302 (r=1.15305e-06)
AsymptoticLimits.cc[211] : (in function: runLimit) - NLL at global minimum of asimov = -924.101 (r=2.24506e-08)
AsymptoticLimits.cc[337] : (in function: getCLs) - At r = 1.200001:	q_mu = 24.36837	q_A  = 19.77167	Pmu = 0.00000	1-Pb  = 0.30262	CLs  = 0.00000
AsymptoticLimits.cc[337] : (in function: getCLs) - At r = 0.600001:	q_mu = 12.99969	q_A  = 9.40716	Pmu = 0.00013	1-Pb  = 0.27905	CLs  = 0.00046
AsymptoticLimits.cc[337] : (in function: getCLs) - At r = 0.300001:	q_mu = 6.74506	q_A  = 4.00563	Pmu = 0.00362	1-Pb  = 0.24687	CLs  = 0.01466
AsymptoticLimits.cc[337] : (in function: getCLs) - At r = 0.150001:	q_mu = 3.44261	q_A  = 1.47358	Pmu = 0.02144	1-Pb  = 0.20867	CLs  = 0.10273
AsymptoticLimits.cc[337] : (in function: getCLs) - At r = 0.225001:	q_mu = 5.10972	q_A  = 2.70094	Pmu = 0.00874	1-Pb  = 0.23183	CLs  = 0.03772
AsymptoticLimits.cc[337] : (in function: getCLs) - At r = 0.193119:	q_mu = 4.40503	q_A  = 2.16490	Pmu = 0.01279	1-Pb  = 0.22325	CLs  = 0.05728
AsymptoticLimits.cc[337] : (in function: getCLs) - At r = 0.207791:	q_mu = 4.72999	q_A  = 2.40999	Pmu = 0.01073	1-Pb  = 0.22746	CLs  = 0.04719
AsymptoticLimits.cc[337] : (in function: getCLs) - At r = 0.201354:	q_mu = 4.58755	q_A  = 2.30183	Pmu = 0.01159	1-Pb  = 0.22564	CLs  = 0.05136
AsymptoticLimits.cc[337] : (in function: getCLs) - At r = 0.204277:	q_mu = 4.65227	q_A  = 2.35084	Pmu = 0.01119	1-Pb  = 0.22647	CLs  = 0.04942
AsymptoticLimits.cc[337] : (in function: getCLs) - At r = 0.202988:	q_mu = 4.62372	q_A  = 2.32920	Pmu = 0.01137	1-Pb  = 0.22611	CLs  = 0.05027
AsymptoticLimits.cc[337] : (in function: getCLs) - At r = 0.203572:	q_mu = 4.63665	q_A  = 2.33900	Pmu = 0.01129	1-Pb  = 0.22628	CLs  = 0.04988
AsymptoticLimits.cc[337] : (in function: getCLs) - At r = 0.203315:	q_mu = 4.63094	q_A  = 2.33468	Pmu = 0.01132	1-Pb  = 0.22620	CLs  = 0.05005
AsymptoticLimits.cc[337] : (in function: getCLs) - At r = 0.203432:	q_mu = 4.63353	q_A  = 2.33664	Pmu = 0.01131	1-Pb  = 0.22624	CLs  = 0.04998
AsymptoticLimits.cc[337] : (in function: getCLs) - At r = 0.203380:	q_mu = 4.63238	q_A  = 2.33578	Pmu = 0.01131	1-Pb  = 0.22622	CLs  = 0.05001
AsymptoticLimits.cc[337] : (in function: getCLs) - At r = 0.203404:	q_mu = 4.63290	q_A  = 2.33617	Pmu = 0.01131	1-Pb  = 0.22623	CLs  = 0.05000
AsymptoticLimits.cc[337] : (in function: getCLs) - At r = 0.203393:	q_mu = 4.63267	q_A  = 2.33600	Pmu = 0.01131	1-Pb  = 0.22623	CLs  = 0.05000
AsymptoticLimits.cc[337] : (in function: getCLs) - At r = 0.203398:	q_mu = 4.63277	q_A  = 2.33608	Pmu = 0.01131	1-Pb  = 0.22623	CLs  = 0.05000
AsymptoticLimits.cc[337] : (in function: getCLs) - At r = 0.203396:	q_mu = 4.63273	q_A  = 2.33605	Pmu = 0.01131	1-Pb  = 0.22623	CLs  = 0.05000
