 <<< Combine >>> 
 <<< v10.0.1 >>>
>>> Random number generator seed is 123456
>>> Method used is FitDiagnostics
Set Default Value of Parameter mask_pass_SIG To : 1
Set Default Value of Parameter mask_pass_HIGH To : 1
Set Default Value of Parameter r To : 1
>>> 2 out of 6 channels masked

>> Found 22 floating parameters
>> The following parameters are protected in the event of negative eigenvalues:
>> Verifying eigenvalues are all positive (iteration 0)
Eigenvalue 21 : -1.8446e-05
 - 0.790135	Background_rpf_2x0_par3
 - -0.561882	Background_rpf_2x0_par0
 - -0.238746	Background_rpf_2x0_par1
 - -0.0545303	Background_rpf_2x0_par2
 - 0.00110929	Background_fail_LOW_bin_3-1
>> Attempt 0 failed, remove the variable with largest eigenvector component...
>> Dropping Background_rpf_2x0_par3 from the hessian
>> Verifying eigenvalues are all positive (iteration 1)
>> All eigenvalues are positive
>> Inverting Hessian...
>> Matrix inverted
>> Note: the following parameters were dropped to make the covariance matrix pos-def:
     - Background_rpf_2x0_par3
 Fit B-only, status = 0, numBadNLL = 0, covariance quality = -1
Running Minos for POI r
>> Found 23 floating parameters
>> The following parameters are protected in the event of negative eigenvalues: r
>> Verifying eigenvalues are all positive (iteration 0)
Eigenvalue 21 : -6.91411e-05
 - -0.739867	Background_rpf_2x0_par3
 - 0.446994	Background_rpf_2x0_par0
 - 0.388229	Background_rpf_2x0_par1
 - -0.266503	Background_rpf_2x0_par2
 - 0.17335	r
Eigenvalue 22 : -0.000326644
 - -0.683192	Background_rpf_2x0_par2
 - 0.570407	r
 - -0.323852	Background_rpf_2x0_par0
 - 0.265703	Background_rpf_2x0_par3
 - 0.147121	Background_rpf_2x0_par1
>> Attempt 0 failed, remove the variable with largest eigenvector component...
>> Dropping Background_rpf_2x0_par2 from the hessian
>> Verifying eigenvalues are all positive (iteration 1)
Eigenvalue 21 : -0.000103497
 - -0.785114	Background_rpf_2x0_par3
 - 0.532263	Background_rpf_2x0_par0
 - 0.311838	Background_rpf_2x0_par1
 - -0.0543172	r
 - 0.00715737	Background_fail_HIGH_bin_8-1
>> Attempt 1 failed, remove the variable with largest eigenvector component...
>> Dropping Background_rpf_2x0_par3 from the hessian
>> Verifying eigenvalues are all positive (iteration 2)
>> All eigenvalues are positive
>> Inverting Hessian...
>> Matrix inverted
>> Note: the following parameters were dropped to make the covariance matrix pos-def:
     - Background_rpf_2x0_par2
     - Background_rpf_2x0_par3
Fit S+B, status = 0, numBadNLL = 0, covariance quality = -1

 --- FitDiagnostics ---
Best fit r: 3.07449e-13  -3.07449e-13/+50  (68% CL)
Done in 0.00 min (cpu), 0.00 min (real)
26 log messages saved to combine_logger.out
