CascadeMinimizer.cc[188] : (in function: improveOnce) - Minimization configured with Type=Minuit2, Algo=Migrad, strategy=0, tolerance=0.1
CascadeMinimizer.cc[215] : (in function: improveOnce) - Minimization finished with status=0
CascadeMinimizer.cc[219] : (in function: improveOnce) - Minimization success! status=0
ToyMCSamplerOpt.cc[146] : (in function: generateAsimov) - Using internal logic for binned/unbinned Asimov dataset generation
ToyMCSamplerOpt.cc[214] : (in function: generateWithHisto) - Generating asimov with histogram for pdf pdf_binpass_LOW_obsOnly: in 4 x-bins
ToyMCSamplerOpt.cc[215] : (in function: generateWithHisto) -  , in 1 y-bins
ToyMCSamplerOpt.cc[146] : (in function: generateAsimov) - Using internal logic for binned/unbinned Asimov dataset generation
ToyMCSamplerOpt.cc[214] : (in function: generateWithHisto) - Generating asimov with histogram for pdf pdf_binpass_SIG_obsOnly: in 3 x-bins
ToyMCSamplerOpt.cc[215] : (in function: generateWithHisto) -  , in 1 y-bins
ToyMCSamplerOpt.cc[146] : (in function: generateAsimov) - Using internal logic for binned/unbinned Asimov dataset generation
ToyMCSamplerOpt.cc[214] : (in function: generateWithHisto) - Generating asimov with histogram for pdf pdf_binpass_HIGH_obsOnly: in 7 x-bins
ToyMCSamplerOpt.cc[215] : (in function: generateWithHisto) -  , in 1 y-bins
ToyMCSamplerOpt.cc[146] : (in function: generateAsimov) - Using internal logic for binned/unbinned Asimov dataset generation
ToyMCSamplerOpt.cc[214] : (in function: generateWithHisto) - Generating asimov with histogram for pdf pdf_binfail_LOW_obsOnly: in 4 x-bins
ToyMCSamplerOpt.cc[215] : (in function: generateWithHisto) -  , in 1 y-bins
ToyMCSamplerOpt.cc[146] : (in function: generateAsimov) - Using internal logic for binned/unbinned Asimov dataset generation
ToyMCSamplerOpt.cc[214] : (in function: generateWithHisto) - Generating asimov with histogram for pdf pdf_binfail_SIG_obsOnly: in 3 x-bins
ToyMCSamplerOpt.cc[215] : (in function: generateWithHisto) -  , in 1 y-bins
ToyMCSamplerOpt.cc[146] : (in function: generateAsimov) - Using internal logic for binned/unbinned Asimov dataset generation
ToyMCSamplerOpt.cc[214] : (in function: generateWithHisto) - Generating asimov with histogram for pdf pdf_binfail_HIGH_obsOnly: in 7 x-bins
ToyMCSamplerOpt.cc[215] : (in function: generateWithHisto) -  , in 1 y-bins
AsymptoticLimits.cc[428] : (in function: runLimitExpected) - Median for expected limits = 1.00391, Sigma for expected limits = 0.512207
AsymptoticLimits.cc[191] : (in function: runLimit) - NLL at global minimum of data = -11138.5 (r=5.73789e-07)
AsymptoticLimits.cc[211] : (in function: runLimit) - NLL at global minimum of asimov = -11137.8 (r=0.000113407)
AsymptoticLimits.cc[337] : (in function: getCLs) - At r = 1.200001:	q_mu = 7.96477	q_A  = 4.64735	Pmu = 0.00172	1-Pb  = 0.22082	CLs  = 0.00779
AsymptoticLimits.cc[337] : (in function: getCLs) - At r = 0.600001:	q_mu = 4.50211	q_A  = 2.10411	Pmu = 0.01139	1-Pb  = 0.20424	CLs  = 0.05576
AsymptoticLimits.cc[337] : (in function: getCLs) - At r = 0.900001:	q_mu = 6.32338	q_A  = 3.39794	Pmu = 0.00418	1-Pb  = 0.21374	CLs  = 0.01957
AsymptoticLimits.cc[337] : (in function: getCLs) - At r = 0.685013:	q_mu = 5.03963	q_A  = 2.47323	Pmu = 0.00846	1-Pb  = 0.20727	CLs  = 0.04080
AsymptoticLimits.cc[337] : (in function: getCLs) - At r = 0.640751:	q_mu = 4.76208	q_A  = 2.28111	Pmu = 0.00986	1-Pb  = 0.20573	CLs  = 0.04792
AsymptoticLimits.cc[337] : (in function: getCLs) - At r = 0.623473:	q_mu = 4.65249	q_A  = 2.20600	Pmu = 0.01048	1-Pb  = 0.20509	CLs  = 0.05108
AsymptoticLimits.cc[337] : (in function: getCLs) - At r = 0.631561:	q_mu = 4.70386	q_A  = 2.24116	Pmu = 0.01018	1-Pb  = 0.20539	CLs  = 0.04957
AsymptoticLimits.cc[337] : (in function: getCLs) - At r = 0.628096:	q_mu = 4.68182	q_A  = 2.22606	Pmu = 0.01031	1-Pb  = 0.20526	CLs  = 0.05021
AsymptoticLimits.cc[337] : (in function: getCLs) - At r = 0.629715:	q_mu = 4.69210	q_A  = 2.23308	Pmu = 0.01025	1-Pb  = 0.20532	CLs  = 0.04992
AsymptoticLimits.cc[337] : (in function: getCLs) - At r = 0.629024:	q_mu = 4.68782	q_A  = 2.23007	Pmu = 0.01027	1-Pb  = 0.20528	CLs  = 0.05004
AsymptoticLimits.cc[337] : (in function: getCLs) - At r = 0.629341:	q_mu = 4.68975	q_A  = 2.23145	Pmu = 0.01026	1-Pb  = 0.20530	CLs  = 0.04998
AsymptoticLimits.cc[337] : (in function: getCLs) - At r = 0.629206:	q_mu = 4.68887	q_A  = 2.23089	Pmu = 0.01027	1-Pb  = 0.20530	CLs  = 0.05001
AsymptoticLimits.cc[337] : (in function: getCLs) - At r = 0.629271:	q_mu = 4.68928	q_A  = 2.23115	Pmu = 0.01026	1-Pb  = 0.20530	CLs  = 0.05000
AsymptoticLimits.cc[337] : (in function: getCLs) - At r = 0.629246:	q_mu = 4.68912	q_A  = 2.23103	Pmu = 0.01027	1-Pb  = 0.20530	CLs  = 0.05000
AsymptoticLimits.cc[337] : (in function: getCLs) - At r = 0.629260:	q_mu = 4.68932	q_A  = 2.23109	Pmu = 0.01026	1-Pb  = 0.20529	CLs  = 0.05000
AsymptoticLimits.cc[337] : (in function: getCLs) - At r = 0.629253:	q_mu = 4.68919	q_A  = 2.23106	Pmu = 0.01026	1-Pb  = 0.20530	CLs  = 0.05000
AsymptoticLimits.cc[337] : (in function: getCLs) - At r = 0.629255:	q_mu = 4.68919	q_A  = 2.23110	Pmu = 0.01027	1-Pb  = 0.20530	CLs  = 0.05000
