CascadeMinimizer.cc[188] : (in function: improveOnce) - Minimization configured with Type=Minuit2, Algo=Migrad, strategy=0, tolerance=0.1
CascadeMinimizer.cc[215] : (in function: improveOnce) - Minimization finished with status=0
CascadeMinimizer.cc[219] : (in function: improveOnce) - Minimization success! status=0
ToyMCSamplerOpt.cc[146] : (in function: generateAsimov) - Using internal logic for binned/unbinned Asimov dataset generation
ToyMCSamplerOpt.cc[214] : (in function: generateWithHisto) - Generating asimov with histogram for pdf pdf_binpass_LOW_obsOnly: in 3 x-bins
ToyMCSamplerOpt.cc[215] : (in function: generateWithHisto) -  , in 1 y-bins
ToyMCSamplerOpt.cc[146] : (in function: generateAsimov) - Using internal logic for binned/unbinned Asimov dataset generation
ToyMCSamplerOpt.cc[214] : (in function: generateWithHisto) - Generating asimov with histogram for pdf pdf_binpass_SIG_obsOnly: in 1 x-bins
ToyMCSamplerOpt.cc[215] : (in function: generateWithHisto) -  , in 1 y-bins
ToyMCSamplerOpt.cc[146] : (in function: generateAsimov) - Using internal logic for binned/unbinned Asimov dataset generation
ToyMCSamplerOpt.cc[214] : (in function: generateWithHisto) - Generating asimov with histogram for pdf pdf_binpass_HIGH_obsOnly: in 5 x-bins
ToyMCSamplerOpt.cc[215] : (in function: generateWithHisto) -  , in 1 y-bins
ToyMCSamplerOpt.cc[146] : (in function: generateAsimov) - Using internal logic for binned/unbinned Asimov dataset generation
ToyMCSamplerOpt.cc[214] : (in function: generateWithHisto) - Generating asimov with histogram for pdf pdf_binfail_LOW_obsOnly: in 3 x-bins
ToyMCSamplerOpt.cc[215] : (in function: generateWithHisto) -  , in 1 y-bins
ToyMCSamplerOpt.cc[146] : (in function: generateAsimov) - Using internal logic for binned/unbinned Asimov dataset generation
ToyMCSamplerOpt.cc[214] : (in function: generateWithHisto) - Generating asimov with histogram for pdf pdf_binfail_SIG_obsOnly: in 1 x-bins
ToyMCSamplerOpt.cc[215] : (in function: generateWithHisto) -  , in 1 y-bins
ToyMCSamplerOpt.cc[146] : (in function: generateAsimov) - Using internal logic for binned/unbinned Asimov dataset generation
ToyMCSamplerOpt.cc[214] : (in function: generateWithHisto) - Generating asimov with histogram for pdf pdf_binfail_HIGH_obsOnly: in 5 x-bins
ToyMCSamplerOpt.cc[215] : (in function: generateWithHisto) -  , in 1 y-bins
AsymptoticLimits.cc[428] : (in function: runLimitExpected) - Median for expected limits = 0.949219, Sigma for expected limits = 0.484304
AsymptoticLimits.cc[191] : (in function: runLimit) - NLL at global minimum of data = -933.761 (r=1.49125)
AsymptoticLimits.cc[211] : (in function: runLimit) - NLL at global minimum of asimov = -928.375 (r=0.00246157)
AsymptoticLimits.cc[337] : (in function: getCLs) - At r = 2.779452:	q_mu = 5.77894	q_A  = 21.31579	Pmu = 0.00811	1-Pb  = 0.98655	CLs  = 0.00822
AsymptoticLimits.cc[337] : (in function: getCLs) - At r = 2.135353:	q_mu = 1.75410	q_A  = 14.46013	Pmu = 0.09268	1-Pb  = 0.99340	CLs  = 0.09330
AsymptoticLimits.cc[337] : (in function: getCLs) - At r = 2.457403:	q_mu = 3.56222	q_A  = 17.82094	Pmu = 0.02955	1-Pb  = 0.99020	CLs  = 0.02985
AsymptoticLimits.cc[337] : (in function: getCLs) - At r = 2.276360:	q_mu = 2.48655	q_A  = 15.90938	Pmu = 0.05741	1-Pb  = 0.99206	CLs  = 0.05787
AsymptoticLimits.cc[337] : (in function: getCLs) - At r = 2.344546:	q_mu = 2.87505	q_A  = 16.62313	Pmu = 0.04498	1-Pb  = 0.99138	CLs  = 0.04537
AsymptoticLimits.cc[337] : (in function: getCLs) - At r = 2.309134:	q_mu = 2.67062	q_A  = 16.25141	Pmu = 0.05111	1-Pb  = 0.99174	CLs  = 0.05153
AsymptoticLimits.cc[337] : (in function: getCLs) - At r = 2.322939:	q_mu = 2.74966	q_A  = 16.39609	Pmu = 0.04864	1-Pb  = 0.99160	CLs  = 0.04905
AsymptoticLimits.cc[337] : (in function: getCLs) - At r = 2.315889:	q_mu = 2.70917	q_A  = 16.32214	Pmu = 0.04989	1-Pb  = 0.99167	CLs  = 0.05031
AsymptoticLimits.cc[337] : (in function: getCLs) - At r = 2.318657:	q_mu = 2.72503	q_A  = 16.35115	Pmu = 0.04939	1-Pb  = 0.99164	CLs  = 0.04981
AsymptoticLimits.cc[337] : (in function: getCLs) - At r = 2.317250:	q_mu = 2.71696	q_A  = 16.33639	Pmu = 0.04964	1-Pb  = 0.99166	CLs  = 0.05006
AsymptoticLimits.cc[337] : (in function: getCLs) - At r = 2.317804:	q_mu = 2.72014	q_A  = 16.34220	Pmu = 0.04954	1-Pb  = 0.99165	CLs  = 0.04996
AsymptoticLimits.cc[337] : (in function: getCLs) - At r = 2.317523:	q_mu = 2.71852	q_A  = 16.33926	Pmu = 0.04959	1-Pb  = 0.99165	CLs  = 0.05001
AsymptoticLimits.cc[337] : (in function: getCLs) - At r = 2.317635:	q_mu = 2.71916	q_A  = 16.34042	Pmu = 0.04958	1-Pb  = 0.99165	CLs  = 0.04999
AsymptoticLimits.cc[337] : (in function: getCLs) - At r = 2.317579:	q_mu = 2.71885	q_A  = 16.33983	Pmu = 0.04958	1-Pb  = 0.99165	CLs  = 0.05000
AsymptoticLimits.cc[337] : (in function: getCLs) - At r = 2.317600:	q_mu = 2.71895	q_A  = 16.34005	Pmu = 0.04958	1-Pb  = 0.99165	CLs  = 0.05000
AsymptoticLimits.cc[337] : (in function: getCLs) - At r = 2.317590:	q_mu = 2.71889	q_A  = 16.33994	Pmu = 0.04958	1-Pb  = 0.99165	CLs  = 0.05000
