CascadeMinimizer.cc[188] : (in function: improveOnce) - Minimization configured with Type=Minuit2, Algo=Migrad, strategy=0, tolerance=0.1
CascadeMinimizer.cc[215] : (in function: improveOnce) - Minimization finished with status=0
CascadeMinimizer.cc[219] : (in function: improveOnce) - Minimization success! status=0
ToyMCSamplerOpt.cc[146] : (in function: generateAsimov) - Using internal logic for binned/unbinned Asimov dataset generation
ToyMCSamplerOpt.cc[214] : (in function: generateWithHisto) - Generating asimov with histogram for pdf pdf_binpass_LOW_obsOnly: in 3 x-bins
ToyMCSamplerOpt.cc[215] : (in function: generateWithHisto) -  , in 1 y-bins
ToyMCSamplerOpt.cc[146] : (in function: generateAsimov) - Using internal logic for binned/unbinned Asimov dataset generation
ToyMCSamplerOpt.cc[214] : (in function: generateWithHisto) - Generating asimov with histogram for pdf pdf_binpass_SIG_obsOnly: in 1 x-bins
ToyMCSamplerOpt.cc[215] : (in function: generateWithHisto) -  , in 1 y-bins
ToyMCSamplerOpt.cc[146] : (in function: generateAsimov) - Using internal logic for binned/unbinned Asimov dataset generation
ToyMCSamplerOpt.cc[214] : (in function: generateWithHisto) - Generating asimov with histogram for pdf pdf_binpass_HIGH_obsOnly: in 5 x-bins
ToyMCSamplerOpt.cc[215] : (in function: generateWithHisto) -  , in 1 y-bins
ToyMCSamplerOpt.cc[146] : (in function: generateAsimov) - Using internal logic for binned/unbinned Asimov dataset generation
ToyMCSamplerOpt.cc[214] : (in function: generateWithHisto) - Generating asimov with histogram for pdf pdf_binfail_LOW_obsOnly: in 3 x-bins
ToyMCSamplerOpt.cc[215] : (in function: generateWithHisto) -  , in 1 y-bins
ToyMCSamplerOpt.cc[146] : (in function: generateAsimov) - Using internal logic for binned/unbinned Asimov dataset generation
ToyMCSamplerOpt.cc[214] : (in function: generateWithHisto) - Generating asimov with histogram for pdf pdf_binfail_SIG_obsOnly: in 1 x-bins
ToyMCSamplerOpt.cc[215] : (in function: generateWithHisto) -  , in 1 y-bins
ToyMCSamplerOpt.cc[146] : (in function: generateAsimov) - Using internal logic for binned/unbinned Asimov dataset generation
ToyMCSamplerOpt.cc[214] : (in function: generateWithHisto) - Generating asimov with histogram for pdf pdf_binfail_HIGH_obsOnly: in 5 x-bins
ToyMCSamplerOpt.cc[215] : (in function: generateWithHisto) -  , in 1 y-bins
AsymptoticLimits.cc[428] : (in function: runLimitExpected) - Median for expected limits = 0.396484, Sigma for expected limits = 0.202292
AsymptoticLimits.cc[191] : (in function: runLimit) - NLL at global minimum of data = -762.497 (r=3.87628e-10)
AsymptoticLimits.cc[211] : (in function: runLimit) - NLL at global minimum of asimov = -761.671 (r=1.883e-07)
AsymptoticLimits.cc[337] : (in function: getCLs) - At r = 1.200000:	q_mu = 11.92970	q_A  = 10.84512	Pmu = 0.00027	1-Pb  = 0.43460	CLs  = 0.00063
AsymptoticLimits.cc[337] : (in function: getCLs) - At r = 0.600000:	q_mu = 6.37378	q_A  = 5.70040	Pmu = 0.00573	1-Pb  = 0.44393	CLs  = 0.01290
AsymptoticLimits.cc[337] : (in function: getCLs) - At r = 0.300000:	q_mu = 3.31202	q_A  = 2.93033	Pmu = 0.03413	1-Pb  = 0.45562	CLs  = 0.07491
AsymptoticLimits.cc[337] : (in function: getCLs) - At r = 0.450000:	q_mu = 4.87013	q_A  = 4.33294	Pmu = 0.01353	1-Pb  = 0.44866	CLs  = 0.03016
AsymptoticLimits.cc[337] : (in function: getCLs) - At r = 0.383319:	q_mu = 4.18429	q_A  = 3.71424	Pmu = 0.02022	1-Pb  = 0.45147	CLs  = 0.04479
AsymptoticLimits.cc[337] : (in function: getCLs) - At r = 0.352395:	q_mu = 3.86375	q_A  = 3.42504	Pmu = 0.02446	1-Pb  = 0.45283	CLs  = 0.05403
AsymptoticLimits.cc[337] : (in function: getCLs) - At r = 0.368801:	q_mu = 4.03380	q_A  = 3.57844	Pmu = 0.02211	1-Pb  = 0.45210	CLs  = 0.04890
AsymptoticLimits.cc[337] : (in function: getCLs) - At r = 0.362593:	q_mu = 3.96945	q_A  = 3.52030	Pmu = 0.02297	1-Pb  = 0.45236	CLs  = 0.05078
AsymptoticLimits.cc[337] : (in function: getCLs) - At r = 0.365871:	q_mu = 4.00343	q_A  = 3.55091	Pmu = 0.02251	1-Pb  = 0.45221	CLs  = 0.04978
AsymptoticLimits.cc[337] : (in function: getCLs) - At r = 0.364630:	q_mu = 3.99057	q_A  = 3.53927	Pmu = 0.02268	1-Pb  = 0.45226	CLs  = 0.05016
AsymptoticLimits.cc[337] : (in function: getCLs) - At r = 0.365286:	q_mu = 3.99737	q_A  = 3.54539	Pmu = 0.02259	1-Pb  = 0.45223	CLs  = 0.04996
AsymptoticLimits.cc[337] : (in function: getCLs) - At r = 0.365039:	q_mu = 3.99480	q_A  = 3.54306	Pmu = 0.02263	1-Pb  = 0.45224	CLs  = 0.05003
AsymptoticLimits.cc[337] : (in function: getCLs) - At r = 0.365170:	q_mu = 3.99617	q_A  = 3.54428	Pmu = 0.02261	1-Pb  = 0.45224	CLs  = 0.04999
AsymptoticLimits.cc[337] : (in function: getCLs) - At r = 0.365121:	q_mu = 3.99566	q_A  = 3.54381	Pmu = 0.02261	1-Pb  = 0.45224	CLs  = 0.05001
AsymptoticLimits.cc[337] : (in function: getCLs) - At r = 0.365148:	q_mu = 3.99594	q_A  = 3.54405	Pmu = 0.02261	1-Pb  = 0.45223	CLs  = 0.05000
AsymptoticLimits.cc[337] : (in function: getCLs) - At r = 0.365138:	q_mu = 3.99584	q_A  = 3.54395	Pmu = 0.02261	1-Pb  = 0.45223	CLs  = 0.05000
AsymptoticLimits.cc[337] : (in function: getCLs) - At r = 0.365144:	q_mu = 3.99590	q_A  = 3.54400	Pmu = 0.02261	1-Pb  = 0.45223	CLs  = 0.05000
