 <<< Combine >>> 
 <<< v10.0.1 >>>
>>> Random number generator seed is 123456
>>> Method used is FitDiagnostics
Set Default Value of Parameter mask_pass_SIG To : 1
Set Default Value of Parameter mask_pass_HIGH To : 1
Set Default Value of Parameter r To : 1
>>> 2 out of 6 channels masked

>> Found 20 floating parameters
>> The following parameters are protected in the event of negative eigenvalues:
>> Parameter CMS_AN23122_Background_rpf_2x0_par2 does not have a valid stencil and will be dropped
>> Verifying eigenvalues are all positive (iteration 0)
Eigenvalue 18 : -0.000162418
 - 0.753351	CMS_AN23122_Background_rpf_2x0_par3
 - -0.64707	CMS_AN23122_Background_rpf_2x0_par0
 - -0.117311	CMS_AN23122_Background_rpf_2x0_par1
 - 0.000320611	CMS_AN23122_Background_fail_LOW_bin_2-1
 - -0.000221083	CMS_AN23122_Background_fail_LOW_bin_1-1
>> Attempt 0 failed, remove the variable with largest eigenvector component...
>> Dropping CMS_AN23122_Background_rpf_2x0_par3 from the hessian
>> Verifying eigenvalues are all positive (iteration 1)
>> All eigenvalues are positive
>> Inverting Hessian...
>> Matrix inverted
>> Note: the following parameters were dropped as their ranges are either too narrow or the parameter has no effect on the NLL:
     - CMS_AN23122_Background_rpf_2x0_par2
>> Note: the following parameters were dropped to make the covariance matrix pos-def:
     - CMS_AN23122_Background_rpf_2x0_par3
 Fit B-only, status = 0, numBadNLL = 0, covariance quality = -1
Running Minos for POI r
>> Found 21 floating parameters
>> The following parameters are protected in the event of negative eigenvalues: r
>> Parameter CMS_AN23122_Background_rpf_2x0_par2 does not have a valid stencil and will be dropped
>> Verifying eigenvalues are all positive (iteration 0)
Eigenvalue 18 : -5.89597e-05
 - 0.743216	CMS_AN23122_Background_rpf_2x0_par3
 - -0.660169	CMS_AN23122_Background_rpf_2x0_par0
 - -0.107689	CMS_AN23122_Background_rpf_2x0_par1
 - 0.010036	CMS_AN23122_Background_fail_HIGH_bin_9-1
 - -0.00953459	r
Eigenvalue 19 : -0.0105491
 - 0.678582	r
 - -0.671162	CMS_AN23122_Background_fail_HIGH_bin_9-1
 - 0.238826	pT
 - -0.107475	CMS_AN23122_Background_rpf_2x0_par1
 - -0.0733617	CMS_AN23122_Background_fail_HIGH_bin_7-1
>> Attempt 0 failed, remove the variable with largest eigenvector component...
>> Dropping CMS_AN23122_Background_fail_HIGH_bin_9-1 from the hessian
>> Verifying eigenvalues are all positive (iteration 1)
Eigenvalue 18 : -6.13982e-05
 - 0.743168	CMS_AN23122_Background_rpf_2x0_par3
 - -0.660053	CMS_AN23122_Background_rpf_2x0_par0
 - -0.109684	CMS_AN23122_Background_rpf_2x0_par1
 - 0.00126024	r
 - -0.000325366	RNN
>> Attempt 1 failed, remove the variable with largest eigenvector component...
>> Dropping CMS_AN23122_Background_rpf_2x0_par3 from the hessian
>> Verifying eigenvalues are all positive (iteration 2)
>> All eigenvalues are positive
>> Inverting Hessian...
>> Matrix inverted
>> Note: the following parameters were dropped as their ranges are either too narrow or the parameter has no effect on the NLL:
     - CMS_AN23122_Background_rpf_2x0_par2
>> Note: the following parameters were dropped to make the covariance matrix pos-def:
     - CMS_AN23122_Background_fail_HIGH_bin_9-1
     - CMS_AN23122_Background_rpf_2x0_par3
Fit S+B, status = 0, numBadNLL = 0, covariance quality = -1

 --- FitDiagnostics ---
Best fit r: 6.87564  -6.87564/+43.1244  (68% CL)
Done in 0.00 min (cpu), 0.00 min (real)
27 log messages saved to combine_logger.out
