CascadeMinimizer.cc[188] : (in function: improveOnce) - Minimization configured with Type=Minuit2, Algo=Migrad, strategy=0, tolerance=0.1
CascadeMinimizer.cc[215] : (in function: improveOnce) - Minimization finished with status=0
CascadeMinimizer.cc[219] : (in function: improveOnce) - Minimization success! status=0
ToyMCSamplerOpt.cc[146] : (in function: generateAsimov) - Using internal logic for binned/unbinned Asimov dataset generation
ToyMCSamplerOpt.cc[214] : (in function: generateWithHisto) - Generating asimov with histogram for pdf pdf_binpass_LOW_obsOnly: in 3 x-bins
ToyMCSamplerOpt.cc[215] : (in function: generateWithHisto) -  , in 1 y-bins
ToyMCSamplerOpt.cc[146] : (in function: generateAsimov) - Using internal logic for binned/unbinned Asimov dataset generation
ToyMCSamplerOpt.cc[214] : (in function: generateWithHisto) - Generating asimov with histogram for pdf pdf_binpass_SIG_obsOnly: in 1 x-bins
ToyMCSamplerOpt.cc[215] : (in function: generateWithHisto) -  , in 1 y-bins
ToyMCSamplerOpt.cc[146] : (in function: generateAsimov) - Using internal logic for binned/unbinned Asimov dataset generation
ToyMCSamplerOpt.cc[214] : (in function: generateWithHisto) - Generating asimov with histogram for pdf pdf_binpass_HIGH_obsOnly: in 3 x-bins
ToyMCSamplerOpt.cc[215] : (in function: generateWithHisto) -  , in 1 y-bins
ToyMCSamplerOpt.cc[146] : (in function: generateAsimov) - Using internal logic for binned/unbinned Asimov dataset generation
ToyMCSamplerOpt.cc[214] : (in function: generateWithHisto) - Generating asimov with histogram for pdf pdf_binfail_LOW_obsOnly: in 3 x-bins
ToyMCSamplerOpt.cc[215] : (in function: generateWithHisto) -  , in 1 y-bins
ToyMCSamplerOpt.cc[146] : (in function: generateAsimov) - Using internal logic for binned/unbinned Asimov dataset generation
ToyMCSamplerOpt.cc[214] : (in function: generateWithHisto) - Generating asimov with histogram for pdf pdf_binfail_SIG_obsOnly: in 1 x-bins
ToyMCSamplerOpt.cc[215] : (in function: generateWithHisto) -  , in 1 y-bins
ToyMCSamplerOpt.cc[146] : (in function: generateAsimov) - Using internal logic for binned/unbinned Asimov dataset generation
ToyMCSamplerOpt.cc[214] : (in function: generateWithHisto) - Generating asimov with histogram for pdf pdf_binfail_HIGH_obsOnly: in 3 x-bins
ToyMCSamplerOpt.cc[215] : (in function: generateWithHisto) -  , in 1 y-bins
AsymptoticLimits.cc[428] : (in function: runLimitExpected) - Median for expected limits = 32.875, Sigma for expected limits = 16.7733
AsymptoticLimits.cc[191] : (in function: runLimit) - NLL at global minimum of data = -678.476 (r=1.74907e-05)
AsymptoticLimits.cc[211] : (in function: runLimit) - NLL at global minimum of asimov = -678.66 (r=1.14495e-05)
AsymptoticLimits.cc[337] : (in function: getCLs) - At r = 15.356720:	q_mu = 2.15937	q_A  = 2.16310	Pmu = 0.07085	1-Pb  = 0.50051	CLs  = 0.14156
AsymptoticLimits.cc[337] : (in function: getCLs) - At r = 30.713441:	q_mu = 3.61588	q_A  = 3.65259	Pmu = 0.02862	1-Pb  = 0.50384	CLs  = 0.05679
AsymptoticLimits.cc[337] : (in function: getCLs) - At r = 61.426881:	q_mu = 5.74444	q_A  = 5.86931	Pmu = 0.00827	1-Pb  = 0.51033	CLs  = 0.01621
AsymptoticLimits.cc[337] : (in function: getCLs) - At r = 30.713449:	q_mu = 3.61538	q_A  = 3.65263	Pmu = 0.02862	1-Pb  = 0.50390	CLs  = 0.05680
AsymptoticLimits.cc[337] : (in function: getCLs) - At r = 39.355766:	q_mu = 4.29209	q_A  = 4.35476	Pmu = 0.01915	1-Pb  = 0.50601	CLs  = 0.03784
AsymptoticLimits.cc[337] : (in function: getCLs) - At r = 34.612737:	q_mu = 3.93039	q_A  = 3.97912	Pmu = 0.02371	1-Pb  = 0.50489	CLs  = 0.04696
AsymptoticLimits.cc[337] : (in function: getCLs) - At r = 32.805212:	q_mu = 3.78649	q_A  = 3.82990	Pmu = 0.02583	1-Pb  = 0.50444	CLs  = 0.05121
AsymptoticLimits.cc[337] : (in function: getCLs) - At r = 33.566767:	q_mu = 3.84754	q_A  = 3.89322	Pmu = 0.02491	1-Pb  = 0.50463	CLs  = 0.04936
AsymptoticLimits.cc[337] : (in function: getCLs) - At r = 33.201890:	q_mu = 3.81835	q_A  = 3.86296	Pmu = 0.02535	1-Pb  = 0.50454	CLs  = 0.05024
AsymptoticLimits.cc[337] : (in function: getCLs) - At r = 33.353614:	q_mu = 3.83050	q_A  = 3.87554	Pmu = 0.02516	1-Pb  = 0.50458	CLs  = 0.04987
AsymptoticLimits.cc[337] : (in function: getCLs) - At r = 33.280577:	q_mu = 3.82466	q_A  = 3.86948	Pmu = 0.02525	1-Pb  = 0.50456	CLs  = 0.05005
AsymptoticLimits.cc[337] : (in function: getCLs) - At r = 33.310905:	q_mu = 3.82708	q_A  = 3.87200	Pmu = 0.02522	1-Pb  = 0.50457	CLs  = 0.04997
AsymptoticLimits.cc[337] : (in function: getCLs) - At r = 33.296296:	q_mu = 3.82591	q_A  = 3.87078	Pmu = 0.02523	1-Pb  = 0.50456	CLs  = 0.05001
AsymptoticLimits.cc[337] : (in function: getCLs) - At r = 33.302362:	q_mu = 3.82640	q_A  = 3.87129	Pmu = 0.02523	1-Pb  = 0.50456	CLs  = 0.04999
AsymptoticLimits.cc[337] : (in function: getCLs) - At r = 33.299440:	q_mu = 3.82617	q_A  = 3.87105	Pmu = 0.02523	1-Pb  = 0.50456	CLs  = 0.05000
AsymptoticLimits.cc[337] : (in function: getCLs) - At r = 33.300653:	q_mu = 3.82626	q_A  = 3.87115	Pmu = 0.02523	1-Pb  = 0.50456	CLs  = 0.05000
AsymptoticLimits.cc[337] : (in function: getCLs) - At r = 33.300069:	q_mu = 3.82622	q_A  = 3.87110	Pmu = 0.02523	1-Pb  = 0.50456	CLs  = 0.05000
AsymptoticLimits.cc[337] : (in function: getCLs) - At r = 33.300312:	q_mu = 3.82623	q_A  = 3.87112	Pmu = 0.02523	1-Pb  = 0.50456	CLs  = 0.05000
AsymptoticLimits.cc[337] : (in function: getCLs) - At r = 33.300195:	q_mu = 3.82623	q_A  = 3.87111	Pmu = 0.02523	1-Pb  = 0.50456	CLs  = 0.05000
