CascadeMinimizer.cc[188] : (in function: improveOnce) - Minimization configured with Type=Minuit2, Algo=Migrad, strategy=0, tolerance=0.1
CascadeMinimizer.cc[215] : (in function: improveOnce) - Minimization finished with status=0
CascadeMinimizer.cc[219] : (in function: improveOnce) - Minimization success! status=0
ToyMCSamplerOpt.cc[146] : (in function: generateAsimov) - Using internal logic for binned/unbinned Asimov dataset generation
ToyMCSamplerOpt.cc[214] : (in function: generateWithHisto) - Generating asimov with histogram for pdf pdf_binpass_LOW_obsOnly: in 2 x-bins
ToyMCSamplerOpt.cc[215] : (in function: generateWithHisto) -  , in 1 y-bins
ToyMCSamplerOpt.cc[146] : (in function: generateAsimov) - Using internal logic for binned/unbinned Asimov dataset generation
ToyMCSamplerOpt.cc[214] : (in function: generateWithHisto) - Generating asimov with histogram for pdf pdf_binpass_SIG_obsOnly: in 1 x-bins
ToyMCSamplerOpt.cc[215] : (in function: generateWithHisto) -  , in 1 y-bins
ToyMCSamplerOpt.cc[146] : (in function: generateAsimov) - Using internal logic for binned/unbinned Asimov dataset generation
ToyMCSamplerOpt.cc[214] : (in function: generateWithHisto) - Generating asimov with histogram for pdf pdf_binpass_HIGH_obsOnly: in 9 x-bins
ToyMCSamplerOpt.cc[215] : (in function: generateWithHisto) -  , in 1 y-bins
ToyMCSamplerOpt.cc[146] : (in function: generateAsimov) - Using internal logic for binned/unbinned Asimov dataset generation
ToyMCSamplerOpt.cc[214] : (in function: generateWithHisto) - Generating asimov with histogram for pdf pdf_binfail_LOW_obsOnly: in 2 x-bins
ToyMCSamplerOpt.cc[215] : (in function: generateWithHisto) -  , in 1 y-bins
ToyMCSamplerOpt.cc[146] : (in function: generateAsimov) - Using internal logic for binned/unbinned Asimov dataset generation
ToyMCSamplerOpt.cc[214] : (in function: generateWithHisto) - Generating asimov with histogram for pdf pdf_binfail_SIG_obsOnly: in 1 x-bins
ToyMCSamplerOpt.cc[215] : (in function: generateWithHisto) -  , in 1 y-bins
ToyMCSamplerOpt.cc[146] : (in function: generateAsimov) - Using internal logic for binned/unbinned Asimov dataset generation
ToyMCSamplerOpt.cc[214] : (in function: generateWithHisto) - Generating asimov with histogram for pdf pdf_binfail_HIGH_obsOnly: in 9 x-bins
ToyMCSamplerOpt.cc[215] : (in function: generateWithHisto) -  , in 1 y-bins
AsymptoticLimits.cc[428] : (in function: runLimitExpected) - Median for expected limits = 0.822266, Sigma for expected limits = 0.419531
AsymptoticLimits.cc[191] : (in function: runLimit) - NLL at global minimum of data = -553.596 (r=7.47832e-08)
AsymptoticLimits.cc[211] : (in function: runLimit) - NLL at global minimum of asimov = -551.92 (r=1.48371e-06)
AsymptoticLimits.cc[337] : (in function: getCLs) - At r = 1.200000:	q_mu = 10.81783	q_A  = 6.20419	Pmu = 0.00032	1-Pb  = 0.17719	CLs  = 0.00179
AsymptoticLimits.cc[337] : (in function: getCLs) - At r = 0.600000:	q_mu = 5.67608	q_A  = 2.51161	Pmu = 0.00489	1-Pb  = 0.15905	CLs  = 0.03077
AsymptoticLimits.cc[337] : (in function: getCLs) - At r = 0.300000:	q_mu = 2.91729	q_A  = 0.91144	Pmu = 0.02247	1-Pb  = 0.14674	CLs  = 0.15313
AsymptoticLimits.cc[337] : (in function: getCLs) - At r = 0.450000:	q_mu = 4.31375	q_A  = 1.67507	Pmu = 0.01034	1-Pb  = 0.15401	CLs  = 0.06716
AsymptoticLimits.cc[337] : (in function: getCLs) - At r = 0.525376:	q_mu = 5.00240	q_A  = 2.08632	Pmu = 0.00707	1-Pb  = 0.15638	CLs  = 0.04519
AsymptoticLimits.cc[337] : (in function: getCLs) - At r = 0.494908:	q_mu = 4.72492	q_A  = 1.91684	Pmu = 0.00823	1-Pb  = 0.15526	CLs  = 0.05300
AsymptoticLimits.cc[337] : (in function: getCLs) - At r = 0.509906:	q_mu = 4.86159	q_A  = 1.99991	Pmu = 0.00763	1-Pb  = 0.15582	CLs  = 0.04899
AsymptoticLimits.cc[337] : (in function: getCLs) - At r = 0.503796:	q_mu = 4.80599	q_A  = 1.96597	Pmu = 0.00787	1-Pb  = 0.15559	CLs  = 0.05058
AsymptoticLimits.cc[337] : (in function: getCLs) - At r = 0.506790:	q_mu = 4.83321	q_A  = 1.98258	Pmu = 0.00775	1-Pb  = 0.15570	CLs  = 0.04980
AsymptoticLimits.cc[337] : (in function: getCLs) - At r = 0.505569:	q_mu = 4.82209	q_A  = 1.97580	Pmu = 0.00780	1-Pb  = 0.15566	CLs  = 0.05012
AsymptoticLimits.cc[337] : (in function: getCLs) - At r = 0.506169:	q_mu = 4.82755	q_A  = 1.97913	Pmu = 0.00778	1-Pb  = 0.15568	CLs  = 0.04996
AsymptoticLimits.cc[337] : (in function: getCLs) - At r = 0.505925:	q_mu = 4.82533	q_A  = 1.97777	Pmu = 0.00779	1-Pb  = 0.15567	CLs  = 0.05002
AsymptoticLimits.cc[337] : (in function: getCLs) - At r = 0.506045:	q_mu = 4.82654	q_A  = 1.97844	Pmu = 0.00778	1-Pb  = 0.15567	CLs  = 0.04999
AsymptoticLimits.cc[337] : (in function: getCLs) - At r = 0.505991:	q_mu = 4.82599	q_A  = 1.97813	Pmu = 0.00778	1-Pb  = 0.15567	CLs  = 0.05000
AsymptoticLimits.cc[337] : (in function: getCLs) - At r = 0.506015:	q_mu = 4.82620	q_A  = 1.97827	Pmu = 0.00778	1-Pb  = 0.15567	CLs  = 0.05000
AsymptoticLimits.cc[337] : (in function: getCLs) - At r = 0.506005:	q_mu = 4.82612	q_A  = 1.97821	Pmu = 0.00778	1-Pb  = 0.15567	CLs  = 0.05000
AsymptoticLimits.cc[337] : (in function: getCLs) - At r = 0.506010:	q_mu = 4.82616	q_A  = 1.97824	Pmu = 0.00778	1-Pb  = 0.15567	CLs  = 0.05000
