CascadeMinimizer.cc[188] : (in function: improveOnce) - Minimization configured with Type=Minuit2, Algo=Migrad, strategy=0, tolerance=0.1
CascadeMinimizer.cc[215] : (in function: improveOnce) - Minimization finished with status=0
CascadeMinimizer.cc[219] : (in function: improveOnce) - Minimization success! status=0
ToyMCSamplerOpt.cc[146] : (in function: generateAsimov) - Using internal logic for binned/unbinned Asimov dataset generation
ToyMCSamplerOpt.cc[214] : (in function: generateWithHisto) - Generating asimov with histogram for pdf pdf_binpass_LOW_obsOnly: in 2 x-bins
ToyMCSamplerOpt.cc[215] : (in function: generateWithHisto) -  , in 1 y-bins
ToyMCSamplerOpt.cc[146] : (in function: generateAsimov) - Using internal logic for binned/unbinned Asimov dataset generation
ToyMCSamplerOpt.cc[214] : (in function: generateWithHisto) - Generating asimov with histogram for pdf pdf_binpass_SIG_obsOnly: in 1 x-bins
ToyMCSamplerOpt.cc[215] : (in function: generateWithHisto) -  , in 1 y-bins
ToyMCSamplerOpt.cc[146] : (in function: generateAsimov) - Using internal logic for binned/unbinned Asimov dataset generation
ToyMCSamplerOpt.cc[214] : (in function: generateWithHisto) - Generating asimov with histogram for pdf pdf_binpass_HIGH_obsOnly: in 9 x-bins
ToyMCSamplerOpt.cc[215] : (in function: generateWithHisto) -  , in 1 y-bins
ToyMCSamplerOpt.cc[146] : (in function: generateAsimov) - Using internal logic for binned/unbinned Asimov dataset generation
ToyMCSamplerOpt.cc[214] : (in function: generateWithHisto) - Generating asimov with histogram for pdf pdf_binfail_LOW_obsOnly: in 2 x-bins
ToyMCSamplerOpt.cc[215] : (in function: generateWithHisto) -  , in 1 y-bins
ToyMCSamplerOpt.cc[146] : (in function: generateAsimov) - Using internal logic for binned/unbinned Asimov dataset generation
ToyMCSamplerOpt.cc[214] : (in function: generateWithHisto) - Generating asimov with histogram for pdf pdf_binfail_SIG_obsOnly: in 1 x-bins
ToyMCSamplerOpt.cc[215] : (in function: generateWithHisto) -  , in 1 y-bins
ToyMCSamplerOpt.cc[146] : (in function: generateAsimov) - Using internal logic for binned/unbinned Asimov dataset generation
ToyMCSamplerOpt.cc[214] : (in function: generateWithHisto) - Generating asimov with histogram for pdf pdf_binfail_HIGH_obsOnly: in 9 x-bins
ToyMCSamplerOpt.cc[215] : (in function: generateWithHisto) -  , in 1 y-bins
AsymptoticLimits.cc[428] : (in function: runLimitExpected) - Median for expected limits = 0.3125, Sigma for expected limits = 0.159442
AsymptoticLimits.cc[191] : (in function: runLimit) - NLL at global minimum of data = -40.9746 (r=0.215083)
AsymptoticLimits.cc[211] : (in function: runLimit) - NLL at global minimum of asimov = -43.8855 (r=0.00839141)
AsymptoticLimits.cc[337] : (in function: getCLs) - At r = 1.415083:	q_mu = 17.97659	q_A  = 26.09101	Pmu = 0.00001	1-Pb  = 0.80732	CLs  = 0.00001
AsymptoticLimits.cc[337] : (in function: getCLs) - At r = 0.815083:	q_mu = 7.10204	q_A  = 13.58431	Pmu = 0.00385	1-Pb  = 0.84631	CLs  = 0.00455
AsymptoticLimits.cc[337] : (in function: getCLs) - At r = 0.515083:	q_mu = 2.48802	q_A  = 7.50275	Pmu = 0.05736	1-Pb  = 0.87734	CLs  = 0.06538
AsymptoticLimits.cc[337] : (in function: getCLs) - At r = 0.665083:	q_mu = 4.66222	q_A  = 10.50101	Pmu = 0.01542	1-Pb  = 0.86022	CLs  = 0.01792
AsymptoticLimits.cc[337] : (in function: getCLs) - At r = 0.569947:	q_mu = 3.24282	q_A  = 8.58540	Pmu = 0.03587	1-Pb  = 0.87061	CLs  = 0.04120
AsymptoticLimits.cc[337] : (in function: getCLs) - At r = 0.540571:	q_mu = 2.83187	q_A  = 8.00325	Pmu = 0.04621	1-Pb  = 0.87414	CLs  = 0.05286
AsymptoticLimits.cc[337] : (in function: getCLs) - At r = 0.551688:	q_mu = 2.98562	q_A  = 8.22293	Pmu = 0.04200	1-Pb  = 0.87279	CLs  = 0.04813
AsymptoticLimits.cc[337] : (in function: getCLs) - At r = 0.545842:	q_mu = 2.90446	q_A  = 8.10731	Pmu = 0.04417	1-Pb  = 0.87350	CLs  = 0.05056
AsymptoticLimits.cc[337] : (in function: getCLs) - At r = 0.548072:	q_mu = 2.93531	q_A  = 8.15133	Pmu = 0.04333	1-Pb  = 0.87323	CLs  = 0.04962
AsymptoticLimits.cc[337] : (in function: getCLs) - At r = 0.546906:	q_mu = 2.91911	q_A  = 8.12825	Pmu = 0.04377	1-Pb  = 0.87337	CLs  = 0.05011
AsymptoticLimits.cc[337] : (in function: getCLs) - At r = 0.547354:	q_mu = 2.92530	q_A  = 8.13709	Pmu = 0.04360	1-Pb  = 0.87332	CLs  = 0.04993
AsymptoticLimits.cc[337] : (in function: getCLs) - At r = 0.547122:	q_mu = 2.92204	q_A  = 8.13249	Pmu = 0.04369	1-Pb  = 0.87335	CLs  = 0.05002
AsymptoticLimits.cc[337] : (in function: getCLs) - At r = 0.547214:	q_mu = 2.92326	q_A  = 8.13429	Pmu = 0.04366	1-Pb  = 0.87334	CLs  = 0.04999
AsymptoticLimits.cc[337] : (in function: getCLs) - At r = 0.547170:	q_mu = 2.92261	q_A  = 8.13341	Pmu = 0.04367	1-Pb  = 0.87335	CLs  = 0.05001
AsymptoticLimits.cc[337] : (in function: getCLs) - At r = 0.547191:	q_mu = 2.92287	q_A  = 8.13380	Pmu = 0.04367	1-Pb  = 0.87334	CLs  = 0.05000
AsymptoticLimits.cc[337] : (in function: getCLs) - At r = 0.547185:	q_mu = 2.92275	q_A  = 8.13366	Pmu = 0.04367	1-Pb  = 0.87335	CLs  = 0.05000
AsymptoticLimits.cc[337] : (in function: getCLs) - At r = 0.547188:	q_mu = 2.92277	q_A  = 8.13371	Pmu = 0.04367	1-Pb  = 0.87335	CLs  = 0.05000
