 <<< Combine >>> 
 <<< v10.0.1 >>>
>>> Random number generator seed is 123456
>>> Method used is FitDiagnostics
Set Default Value of Parameter mask_pass_SIG To : 1
Set Default Value of Parameter mask_pass_HIGH To : 1
Set Default Value of Parameter r To : 1
>>> 2 out of 6 channels masked

>> Found 15 floating parameters
>> The following parameters are protected in the event of negative eigenvalues:
>> Verifying eigenvalues are all positive (iteration 0)
Eigenvalue 14 : -0.00468799
 - 0.608246	CMS_EXO26004_Background_rpf_2x0_par3
 - 0.558654	CMS_EXO26004_Background_rpf_2x0_par2
 - -0.496371	CMS_EXO26004_Background_rpf_2x0_par1
 - -0.267505	CMS_EXO26004_Background_rpf_2x0_par0
 - 0.000703685	CMS_EXO26004_Background_fail_LOW_bin_2-1
>> Attempt 0 failed, remove the variable with largest eigenvector component...
>> Dropping CMS_EXO26004_Background_rpf_2x0_par3 from the hessian
>> Verifying eigenvalues are all positive (iteration 1)
>> All eigenvalues are positive
>> Inverting Hessian...
>> Matrix inverted
>> Note: the following parameters were dropped to make the covariance matrix pos-def:
     - CMS_EXO26004_Background_rpf_2x0_par3
 Fit B-only, status = 0, numBadNLL = 0, covariance quality = -1
Running Minos for POI r
>> Found 16 floating parameters
>> The following parameters are protected in the event of negative eigenvalues: r
>> Verifying eigenvalues are all positive (iteration 0)
Eigenvalue 14 : -0.000601444
 - -0.9467	r
 - 0.189962	CMS_EXO26004_Background_rpf_2x0_par2
 - 0.188968	CMS_EXO26004_Background_rpf_2x0_par1
 - -0.103447	CMS_EXO26004_Background_rpf_2x0_par3
 - 0.0947662	CMS_EXO26004_Background_fail_HIGH_bin_3-1
Eigenvalue 15 : -0.00497916
 - 0.602204	CMS_EXO26004_Background_rpf_2x0_par3
 - 0.563735	CMS_EXO26004_Background_rpf_2x0_par2
 - -0.488336	CMS_EXO26004_Background_rpf_2x0_par1
 - -0.279942	CMS_EXO26004_Background_rpf_2x0_par0
 - -0.0514094	r
>> Attempt 0 failed, remove the variable with largest eigenvector component...
>> Dropping CMS_EXO26004_Background_rpf_2x0_par3 from the hessian
>> Verifying eigenvalues are all positive (iteration 1)
Eigenvalue 14 : -0.000855998
 - 0.851679	r
 - -0.507261	CMS_EXO26004_Background_rpf_2x0_par2
 - -0.0851567	CMS_EXO26004_Background_fail_HIGH_bin_3-1
 - -0.0579652	pT
 - 0.0554293	RNN
>> Attempt 1 failed, remove the variable with largest eigenvector component...
>> Dropping CMS_EXO26004_Background_rpf_2x0_par2 from the hessian
>> Verifying eigenvalues are all positive (iteration 2)
Eigenvalue 13 : -0.000312764
 - 0.961167	r
 - -0.215357	CMS_EXO26004_Background_rpf_2x0_par1
 - -0.0963481	CMS_EXO26004_Background_fail_HIGH_bin_3-1
 - 0.0896581	CMS_EXO26004_Background_rpf_2x0_par0
 - -0.0641403	pT
>> Attempt 2 failed, remove the variable with largest eigenvector component...
>> Dropping CMS_EXO26004_Background_rpf_2x0_par1 from the hessian
>> Verifying eigenvalues are all positive (iteration 3)
>> All eigenvalues are positive
>> Inverting Hessian...
>> Matrix inverted
>> Note: the following parameters were dropped to make the covariance matrix pos-def:
     - CMS_EXO26004_Background_rpf_2x0_par3
     - CMS_EXO26004_Background_rpf_2x0_par2
     - CMS_EXO26004_Background_rpf_2x0_par1
Fit S+B, status = 0, numBadNLL = 0, covariance quality = -1

 --- FitDiagnostics ---
Best fit r: 50  -50/+4.8104e-08  (68% CL)
Done in 0.01 min (cpu), 0.01 min (real)
27 log messages saved to combine_logger.out
