CascadeMinimizer.cc[188] : (in function: improveOnce) - Minimization configured with Type=Minuit2, Algo=Migrad, strategy=0, tolerance=0.1
CascadeMinimizer.cc[215] : (in function: improveOnce) - Minimization finished with status=0
CascadeMinimizer.cc[219] : (in function: improveOnce) - Minimization success! status=0
ToyMCSamplerOpt.cc[146] : (in function: generateAsimov) - Using internal logic for binned/unbinned Asimov dataset generation
ToyMCSamplerOpt.cc[214] : (in function: generateWithHisto) - Generating asimov with histogram for pdf pdf_binpass_LOW_obsOnly: in 3 x-bins
ToyMCSamplerOpt.cc[215] : (in function: generateWithHisto) -  , in 1 y-bins
ToyMCSamplerOpt.cc[146] : (in function: generateAsimov) - Using internal logic for binned/unbinned Asimov dataset generation
ToyMCSamplerOpt.cc[214] : (in function: generateWithHisto) - Generating asimov with histogram for pdf pdf_binpass_SIG_obsOnly: in 1 x-bins
ToyMCSamplerOpt.cc[215] : (in function: generateWithHisto) -  , in 1 y-bins
ToyMCSamplerOpt.cc[146] : (in function: generateAsimov) - Using internal logic for binned/unbinned Asimov dataset generation
ToyMCSamplerOpt.cc[214] : (in function: generateWithHisto) - Generating asimov with histogram for pdf pdf_binpass_HIGH_obsOnly: in 3 x-bins
ToyMCSamplerOpt.cc[215] : (in function: generateWithHisto) -  , in 1 y-bins
ToyMCSamplerOpt.cc[146] : (in function: generateAsimov) - Using internal logic for binned/unbinned Asimov dataset generation
ToyMCSamplerOpt.cc[214] : (in function: generateWithHisto) - Generating asimov with histogram for pdf pdf_binfail_LOW_obsOnly: in 3 x-bins
ToyMCSamplerOpt.cc[215] : (in function: generateWithHisto) -  , in 1 y-bins
ToyMCSamplerOpt.cc[146] : (in function: generateAsimov) - Using internal logic for binned/unbinned Asimov dataset generation
ToyMCSamplerOpt.cc[214] : (in function: generateWithHisto) - Generating asimov with histogram for pdf pdf_binfail_SIG_obsOnly: in 1 x-bins
ToyMCSamplerOpt.cc[215] : (in function: generateWithHisto) -  , in 1 y-bins
ToyMCSamplerOpt.cc[146] : (in function: generateAsimov) - Using internal logic for binned/unbinned Asimov dataset generation
ToyMCSamplerOpt.cc[214] : (in function: generateWithHisto) - Generating asimov with histogram for pdf pdf_binfail_HIGH_obsOnly: in 3 x-bins
ToyMCSamplerOpt.cc[215] : (in function: generateWithHisto) -  , in 1 y-bins
AsymptoticLimits.cc[428] : (in function: runLimitExpected) - Median for expected limits = 0.542969, Sigma for expected limits = 0.27703
AsymptoticLimits.cc[191] : (in function: runLimit) - NLL at global minimum of data = -8447.64 (r=3.20526e-08)
AsymptoticLimits.cc[211] : (in function: runLimit) - NLL at global minimum of asimov = -8447.69 (r=1.32351e-05)
AsymptoticLimits.cc[337] : (in function: getCLs) - At r = 1.200000:	q_mu = 15.78983	q_A  = 9.63155	Pmu = 0.00002	1-Pb  = 0.16056	CLs  = 0.00013
AsymptoticLimits.cc[337] : (in function: getCLs) - At r = 0.600000:	q_mu = 9.00730	q_A  = 4.36047	Pmu = 0.00069	1-Pb  = 0.13293	CLs  = 0.00515
AsymptoticLimits.cc[337] : (in function: getCLs) - At r = 0.300000:	q_mu = 4.87899	q_A  = 1.71198	Pmu = 0.00589	1-Pb  = 0.11309	CLs  = 0.05208
AsymptoticLimits.cc[337] : (in function: getCLs) - At r = 0.450000:	q_mu = 7.02200	q_A  = 3.00569	Pmu = 0.00191	1-Pb  = 0.12337	CLs  = 0.01551
AsymptoticLimits.cc[337] : (in function: getCLs) - At r = 0.334041:	q_mu = 5.38058	q_A  = 1.99453	Pmu = 0.00451	1-Pb  = 0.11530	CLs  = 0.03914
AsymptoticLimits.cc[337] : (in function: getCLs) - At r = 0.310696:	q_mu = 5.03759	q_A  = 1.79976	Pmu = 0.00541	1-Pb  = 0.11376	CLs  = 0.04758
AsymptoticLimits.cc[337] : (in function: getCLs) - At r = 0.305996:	q_mu = 4.96797	q_A  = 1.76108	Pmu = 0.00562	1-Pb  = 0.11347	CLs  = 0.04950
AsymptoticLimits.cc[337] : (in function: getCLs) - At r = 0.303852:	q_mu = 4.93613	q_A  = 1.74351	Pmu = 0.00571	1-Pb  = 0.11334	CLs  = 0.05041
AsymptoticLimits.cc[337] : (in function: getCLs) - At r = 0.305051:	q_mu = 4.95393	q_A  = 1.75329	Pmu = 0.00566	1-Pb  = 0.11341	CLs  = 0.04990
AsymptoticLimits.cc[337] : (in function: getCLs) - At r = 0.304623:	q_mu = 4.94756	q_A  = 1.74979	Pmu = 0.00568	1-Pb  = 0.11339	CLs  = 0.05008
AsymptoticLimits.cc[337] : (in function: getCLs) - At r = 0.304863:	q_mu = 4.95113	q_A  = 1.75175	Pmu = 0.00567	1-Pb  = 0.11340	CLs  = 0.04998
AsymptoticLimits.cc[337] : (in function: getCLs) - At r = 0.304778:	q_mu = 4.94986	q_A  = 1.75105	Pmu = 0.00567	1-Pb  = 0.11339	CLs  = 0.05002
AsymptoticLimits.cc[337] : (in function: getCLs) - At r = 0.304826:	q_mu = 4.95057	q_A  = 1.75144	Pmu = 0.00567	1-Pb  = 0.11340	CLs  = 0.05000
AsymptoticLimits.cc[337] : (in function: getCLs) - At r = 0.304809:	q_mu = 4.95032	q_A  = 1.75130	Pmu = 0.00567	1-Pb  = 0.11340	CLs  = 0.05000
AsymptoticLimits.cc[337] : (in function: getCLs) - At r = 0.304819:	q_mu = 4.95046	q_A  = 1.75138	Pmu = 0.00567	1-Pb  = 0.11340	CLs  = 0.05000
AsymptoticLimits.cc[337] : (in function: getCLs) - At r = 0.304815:	q_mu = 4.95041	q_A  = 1.75135	Pmu = 0.00567	1-Pb  = 0.11340	CLs  = 0.05000
