CascadeMinimizer.cc[188] : (in function: improveOnce) - Minimization configured with Type=Minuit2, Algo=Migrad, strategy=0, tolerance=0.1
CascadeMinimizer.cc[215] : (in function: improveOnce) - Minimization finished with status=0
CascadeMinimizer.cc[219] : (in function: improveOnce) - Minimization success! status=0
ToyMCSamplerOpt.cc[146] : (in function: generateAsimov) - Using internal logic for binned/unbinned Asimov dataset generation
ToyMCSamplerOpt.cc[214] : (in function: generateWithHisto) - Generating asimov with histogram for pdf pdf_binpass_LOW_obsOnly: in 3 x-bins
ToyMCSamplerOpt.cc[215] : (in function: generateWithHisto) -  , in 1 y-bins
ToyMCSamplerOpt.cc[146] : (in function: generateAsimov) - Using internal logic for binned/unbinned Asimov dataset generation
ToyMCSamplerOpt.cc[214] : (in function: generateWithHisto) - Generating asimov with histogram for pdf pdf_binpass_SIG_obsOnly: in 1 x-bins
ToyMCSamplerOpt.cc[215] : (in function: generateWithHisto) -  , in 1 y-bins
ToyMCSamplerOpt.cc[146] : (in function: generateAsimov) - Using internal logic for binned/unbinned Asimov dataset generation
ToyMCSamplerOpt.cc[214] : (in function: generateWithHisto) - Generating asimov with histogram for pdf pdf_binpass_HIGH_obsOnly: in 5 x-bins
ToyMCSamplerOpt.cc[215] : (in function: generateWithHisto) -  , in 1 y-bins
ToyMCSamplerOpt.cc[146] : (in function: generateAsimov) - Using internal logic for binned/unbinned Asimov dataset generation
ToyMCSamplerOpt.cc[214] : (in function: generateWithHisto) - Generating asimov with histogram for pdf pdf_binfail_LOW_obsOnly: in 3 x-bins
ToyMCSamplerOpt.cc[215] : (in function: generateWithHisto) -  , in 1 y-bins
ToyMCSamplerOpt.cc[146] : (in function: generateAsimov) - Using internal logic for binned/unbinned Asimov dataset generation
ToyMCSamplerOpt.cc[214] : (in function: generateWithHisto) - Generating asimov with histogram for pdf pdf_binfail_SIG_obsOnly: in 1 x-bins
ToyMCSamplerOpt.cc[215] : (in function: generateWithHisto) -  , in 1 y-bins
ToyMCSamplerOpt.cc[146] : (in function: generateAsimov) - Using internal logic for binned/unbinned Asimov dataset generation
ToyMCSamplerOpt.cc[214] : (in function: generateWithHisto) - Generating asimov with histogram for pdf pdf_binfail_HIGH_obsOnly: in 5 x-bins
ToyMCSamplerOpt.cc[215] : (in function: generateWithHisto) -  , in 1 y-bins
AsymptoticLimits.cc[415] : (in function: runLimitExpected) - [WARNING] Best fit of asimov dataset is at r = 0.129890 (0.006495 times rMax), while it should be at zero
AsymptoticLimits.cc[428] : (in function: runLimitExpected) - Median for expected limits = 44.75, Sigma for expected limits = 22.8321
AsymptoticLimits.cc[191] : (in function: runLimit) - NLL at global minimum of data = -17645.6 (r=0.0133344)
AsymptoticLimits.cc[211] : (in function: runLimit) - NLL at global minimum of asimov = -17643.3 (r=0.0137127)
AsymptoticLimits.cc[337] : (in function: getCLs) - At r = 6.528100:	q_mu = 0.15152	q_A  = 0.07561	Pmu = 0.33980	1-Pb  = 0.44511	CLs  = 0.76341
AsymptoticLimits.cc[337] : (in function: getCLs) - At r = 13.056199:	q_mu = 0.46251	q_A  = 0.30685	Pmu = 0.24370	1-Pb  = 0.44413	CLs  = 0.54872
AsymptoticLimits.cc[337] : (in function: getCLs) - At r = 26.112398:	q_mu = 1.58793	q_A  = 1.26210	Pmu = 0.10232	1-Pb  = 0.44235	CLs  = 0.23131
AsymptoticLimits.cc[337] : (in function: getCLs) - At r = 52.224797:	q_mu = 6.00228	q_A  = 5.29691	Pmu = 0.00705	1-Pb  = 0.43910	CLs  = 0.01605
AsymptoticLimits.cc[337] : (in function: getCLs) - At r = 26.119066:	q_mu = 1.58856	q_A  = 1.26275	Pmu = 0.10228	1-Pb  = 0.44237	CLs  = 0.23120
AsymptoticLimits.cc[337] : (in function: getCLs) - At r = 39.171931:	q_mu = 3.42329	q_A  = 2.91352	Pmu = 0.03171	1-Pb  = 0.44065	CLs  = 0.07196
AsymptoticLimits.cc[337] : (in function: getCLs) - At r = 44.317060:	q_mu = 4.34952	q_A  = 3.76387	Pmu = 0.01826	1-Pb  = 0.44001	CLs  = 0.04151
AsymptoticLimits.cc[337] : (in function: getCLs) - At r = 41.895635:	q_mu = 3.89907	q_A  = 3.34933	Pmu = 0.02383	1-Pb  = 0.44031	CLs  = 0.05413
AsymptoticLimits.cc[337] : (in function: getCLs) - At r = 42.959077:	q_mu = 4.09372	q_A  = 3.52849	Pmu = 0.02124	1-Pb  = 0.44020	CLs  = 0.04824
AsymptoticLimits.cc[337] : (in function: getCLs) - At r = 42.481770:	q_mu = 4.00590	q_A  = 3.44736	Pmu = 0.02237	1-Pb  = 0.44022	CLs  = 0.05081
AsymptoticLimits.cc[337] : (in function: getCLs) - At r = 42.695649:	q_mu = 4.04503	q_A  = 3.48356	Pmu = 0.02186	1-Pb  = 0.44022	CLs  = 0.04965
AsymptoticLimits.cc[337] : (in function: getCLs) - At r = 42.600707:	q_mu = 4.02760	q_A  = 3.46743	Pmu = 0.02208	1-Pb  = 0.44022	CLs  = 0.05016
AsymptoticLimits.cc[337] : (in function: getCLs) - At r = 42.643654:	q_mu = 4.03546	q_A  = 3.47471	Pmu = 0.02198	1-Pb  = 0.44022	CLs  = 0.04993
AsymptoticLimits.cc[337] : (in function: getCLs) - At r = 42.624718:	q_mu = 4.03198	q_A  = 3.47149	Pmu = 0.02203	1-Pb  = 0.44022	CLs  = 0.05003
AsymptoticLimits.cc[337] : (in function: getCLs) - At r = 42.633342:	q_mu = 4.03356	q_A  = 3.47295	Pmu = 0.02200	1-Pb  = 0.44022	CLs  = 0.04999
AsymptoticLimits.cc[337] : (in function: getCLs) - At r = 42.629579:	q_mu = 4.03287	q_A  = 3.47230	Pmu = 0.02201	1-Pb  = 0.44022	CLs  = 0.05001
AsymptoticLimits.cc[337] : (in function: getCLs) - At r = 42.631322:	q_mu = 4.03319	q_A  = 3.47259	Pmu = 0.02201	1-Pb  = 0.44022	CLs  = 0.05000
AsymptoticLimits.cc[337] : (in function: getCLs) - At r = 42.630585:	q_mu = 4.03305	q_A  = 3.47246	Pmu = 0.02201	1-Pb  = 0.44022	CLs  = 0.05000
AsymptoticLimits.cc[337] : (in function: getCLs) - At r = 42.630945:	q_mu = 4.03311	q_A  = 3.47252	Pmu = 0.02201	1-Pb  = 0.44022	CLs  = 0.05000
AsymptoticLimits.cc[337] : (in function: getCLs) - At r = 42.630808:	q_mu = 4.03309	q_A  = 3.47250	Pmu = 0.02201	1-Pb  = 0.44022	CLs  = 0.05000
