CascadeMinimizer.cc[188] : (in function: improveOnce) - Minimization configured with Type=Minuit2, Algo=Migrad, strategy=0, tolerance=0.1
CascadeMinimizer.cc[215] : (in function: improveOnce) - Minimization finished with status=0
CascadeMinimizer.cc[219] : (in function: improveOnce) - Minimization success! status=0
ToyMCSamplerOpt.cc[146] : (in function: generateAsimov) - Using internal logic for binned/unbinned Asimov dataset generation
ToyMCSamplerOpt.cc[214] : (in function: generateWithHisto) - Generating asimov with histogram for pdf pdf_binpass_LOW_obsOnly: in 2 x-bins
ToyMCSamplerOpt.cc[215] : (in function: generateWithHisto) -  , in 1 y-bins
ToyMCSamplerOpt.cc[146] : (in function: generateAsimov) - Using internal logic for binned/unbinned Asimov dataset generation
ToyMCSamplerOpt.cc[214] : (in function: generateWithHisto) - Generating asimov with histogram for pdf pdf_binpass_SIG_obsOnly: in 1 x-bins
ToyMCSamplerOpt.cc[215] : (in function: generateWithHisto) -  , in 1 y-bins
ToyMCSamplerOpt.cc[146] : (in function: generateAsimov) - Using internal logic for binned/unbinned Asimov dataset generation
ToyMCSamplerOpt.cc[214] : (in function: generateWithHisto) - Generating asimov with histogram for pdf pdf_binpass_HIGH_obsOnly: in 9 x-bins
ToyMCSamplerOpt.cc[215] : (in function: generateWithHisto) -  , in 1 y-bins
ToyMCSamplerOpt.cc[146] : (in function: generateAsimov) - Using internal logic for binned/unbinned Asimov dataset generation
ToyMCSamplerOpt.cc[214] : (in function: generateWithHisto) - Generating asimov with histogram for pdf pdf_binfail_LOW_obsOnly: in 2 x-bins
ToyMCSamplerOpt.cc[215] : (in function: generateWithHisto) -  , in 1 y-bins
ToyMCSamplerOpt.cc[146] : (in function: generateAsimov) - Using internal logic for binned/unbinned Asimov dataset generation
ToyMCSamplerOpt.cc[214] : (in function: generateWithHisto) - Generating asimov with histogram for pdf pdf_binfail_SIG_obsOnly: in 1 x-bins
ToyMCSamplerOpt.cc[215] : (in function: generateWithHisto) -  , in 1 y-bins
ToyMCSamplerOpt.cc[146] : (in function: generateAsimov) - Using internal logic for binned/unbinned Asimov dataset generation
ToyMCSamplerOpt.cc[214] : (in function: generateWithHisto) - Generating asimov with histogram for pdf pdf_binfail_HIGH_obsOnly: in 9 x-bins
ToyMCSamplerOpt.cc[215] : (in function: generateWithHisto) -  , in 1 y-bins
AsymptoticLimits.cc[428] : (in function: runLimitExpected) - Median for expected limits = 0.832031, Sigma for expected limits = 0.424514
AsymptoticLimits.cc[191] : (in function: runLimit) - NLL at global minimum of data = -553.023 (r=1.2765e-08)
AsymptoticLimits.cc[211] : (in function: runLimit) - NLL at global minimum of asimov = -551.487 (r=5.58847e-10)
AsymptoticLimits.cc[337] : (in function: getCLs) - At r = 1.200000:	q_mu = 10.27181	q_A  = 6.07738	Pmu = 0.00046	1-Pb  = 0.19746	CLs  = 0.00231
AsymptoticLimits.cc[337] : (in function: getCLs) - At r = 0.600000:	q_mu = 5.39071	q_A  = 2.48638	Pmu = 0.00625	1-Pb  = 0.17854	CLs  = 0.03500
AsymptoticLimits.cc[337] : (in function: getCLs) - At r = 0.300000:	q_mu = 2.77147	q_A  = 0.90806	Pmu = 0.02676	1-Pb  = 0.16410	CLs  = 0.16309
AsymptoticLimits.cc[337] : (in function: getCLs) - At r = 0.450000:	q_mu = 4.09731	q_A  = 1.66317	Pmu = 0.01276	1-Pb  = 0.17265	CLs  = 0.07392
AsymptoticLimits.cc[337] : (in function: getCLs) - At r = 0.512750:	q_mu = 4.64210	q_A  = 1.99931	Pmu = 0.00942	1-Pb  = 0.17502	CLs  = 0.05385
AsymptoticLimits.cc[337] : (in function: getCLs) - At r = 0.542218:	q_mu = 4.89604	q_A  = 2.16200	Pmu = 0.00820	1-Pb  = 0.17626	CLs  = 0.04650
AsymptoticLimits.cc[337] : (in function: getCLs) - At r = 0.524662:	q_mu = 4.74485	q_A  = 2.06481	Pmu = 0.00891	1-Pb  = 0.17553	CLs  = 0.05074
AsymptoticLimits.cc[337] : (in function: getCLs) - At r = 0.530537:	q_mu = 4.79552	q_A  = 2.09725	Pmu = 0.00866	1-Pb  = 0.17577	CLs  = 0.04928
AsymptoticLimits.cc[337] : (in function: getCLs) - At r = 0.527020:	q_mu = 4.76518	q_A  = 2.07782	Pmu = 0.00881	1-Pb  = 0.17563	CLs  = 0.05015
AsymptoticLimits.cc[337] : (in function: getCLs) - At r = 0.528195:	q_mu = 4.77538	q_A  = 2.08431	Pmu = 0.00876	1-Pb  = 0.17567	CLs  = 0.04985
AsymptoticLimits.cc[337] : (in function: getCLs) - At r = 0.527725:	q_mu = 4.77131	q_A  = 2.08171	Pmu = 0.00878	1-Pb  = 0.17565	CLs  = 0.04997
AsymptoticLimits.cc[337] : (in function: getCLs) - At r = 0.527489:	q_mu = 4.76927	q_A  = 2.08040	Pmu = 0.00879	1-Pb  = 0.17564	CLs  = 0.05003
AsymptoticLimits.cc[337] : (in function: getCLs) - At r = 0.527629:	q_mu = 4.77067	q_A  = 2.08118	Pmu = 0.00878	1-Pb  = 0.17563	CLs  = 0.04999
AsymptoticLimits.cc[337] : (in function: getCLs) - At r = 0.527573:	q_mu = 4.77015	q_A  = 2.08086	Pmu = 0.00878	1-Pb  = 0.17563	CLs  = 0.05000
AsymptoticLimits.cc[337] : (in function: getCLs) - At r = 0.527599:	q_mu = 4.77037	q_A  = 2.08101	Pmu = 0.00878	1-Pb  = 0.17563	CLs  = 0.05000
AsymptoticLimits.cc[337] : (in function: getCLs) - At r = 0.527589:	q_mu = 4.77027	q_A  = 2.08095	Pmu = 0.00878	1-Pb  = 0.17563	CLs  = 0.05000
AsymptoticLimits.cc[337] : (in function: getCLs) - At r = 0.527595:	q_mu = 4.77031	q_A  = 2.08099	Pmu = 0.00878	1-Pb  = 0.17563	CLs  = 0.05000
AsymptoticLimits.cc[337] : (in function: getCLs) - At r = 0.527594:	q_mu = 4.77055	q_A  = 2.08098	Pmu = 0.00878	1-Pb  = 0.17561	CLs  = 0.05000
