CascadeMinimizer.cc[188] : (in function: improveOnce) - Minimization configured with Type=Minuit2, Algo=Migrad, strategy=0, tolerance=0.1
CascadeMinimizer.cc[215] : (in function: improveOnce) - Minimization finished with status=0
CascadeMinimizer.cc[219] : (in function: improveOnce) - Minimization success! status=0
ToyMCSamplerOpt.cc[146] : (in function: generateAsimov) - Using internal logic for binned/unbinned Asimov dataset generation
ToyMCSamplerOpt.cc[214] : (in function: generateWithHisto) - Generating asimov with histogram for pdf pdf_binpass_LOW_obsOnly: in 4 x-bins
ToyMCSamplerOpt.cc[215] : (in function: generateWithHisto) -  , in 1 y-bins
ToyMCSamplerOpt.cc[146] : (in function: generateAsimov) - Using internal logic for binned/unbinned Asimov dataset generation
ToyMCSamplerOpt.cc[214] : (in function: generateWithHisto) - Generating asimov with histogram for pdf pdf_binpass_SIG_obsOnly: in 3 x-bins
ToyMCSamplerOpt.cc[215] : (in function: generateWithHisto) -  , in 1 y-bins
ToyMCSamplerOpt.cc[146] : (in function: generateAsimov) - Using internal logic for binned/unbinned Asimov dataset generation
ToyMCSamplerOpt.cc[214] : (in function: generateWithHisto) - Generating asimov with histogram for pdf pdf_binpass_HIGH_obsOnly: in 7 x-bins
ToyMCSamplerOpt.cc[215] : (in function: generateWithHisto) -  , in 1 y-bins
ToyMCSamplerOpt.cc[146] : (in function: generateAsimov) - Using internal logic for binned/unbinned Asimov dataset generation
ToyMCSamplerOpt.cc[214] : (in function: generateWithHisto) - Generating asimov with histogram for pdf pdf_binfail_LOW_obsOnly: in 4 x-bins
ToyMCSamplerOpt.cc[215] : (in function: generateWithHisto) -  , in 1 y-bins
ToyMCSamplerOpt.cc[146] : (in function: generateAsimov) - Using internal logic for binned/unbinned Asimov dataset generation
ToyMCSamplerOpt.cc[214] : (in function: generateWithHisto) - Generating asimov with histogram for pdf pdf_binfail_SIG_obsOnly: in 3 x-bins
ToyMCSamplerOpt.cc[215] : (in function: generateWithHisto) -  , in 1 y-bins
ToyMCSamplerOpt.cc[146] : (in function: generateAsimov) - Using internal logic for binned/unbinned Asimov dataset generation
ToyMCSamplerOpt.cc[214] : (in function: generateWithHisto) - Generating asimov with histogram for pdf pdf_binfail_HIGH_obsOnly: in 7 x-bins
ToyMCSamplerOpt.cc[215] : (in function: generateWithHisto) -  , in 1 y-bins
AsymptoticLimits.cc[428] : (in function: runLimitExpected) - Median for expected limits = 4.625, Sigma for expected limits = 2.35974
AsymptoticLimits.cc[191] : (in function: runLimit) - NLL at global minimum of data = -11131.1 (r=9.16788e-09)
AsymptoticLimits.cc[211] : (in function: runLimit) - NLL at global minimum of asimov = -11130.6 (r=7.14411e-07)
AsymptoticLimits.cc[337] : (in function: getCLs) - At r = 1.672199:	q_mu = 2.28461	q_A  = 1.48072	Pmu = 0.06091	1-Pb  = 0.37058	CLs  = 0.16437
AsymptoticLimits.cc[337] : (in function: getCLs) - At r = 3.344397:	q_mu = 3.89699	q_A  = 2.90343	Pmu = 0.02299	1-Pb  = 0.38532	CLs  = 0.05968
AsymptoticLimits.cc[337] : (in function: getCLs) - At r = 6.688794:	q_mu = 6.29726	q_A  = 5.14144	Pmu = 0.00583	1-Pb  = 0.39941	CLs  = 0.01459
AsymptoticLimits.cc[337] : (in function: getCLs) - At r = 3.344397:	q_mu = 3.89686	q_A  = 2.90348	Pmu = 0.02300	1-Pb  = 0.38534	CLs  = 0.05968
AsymptoticLimits.cc[337] : (in function: getCLs) - At r = 5.016596:	q_mu = 5.19397	q_A  = 4.10104	Pmu = 0.01087	1-Pb  = 0.39364	CLs  = 0.02761
AsymptoticLimits.cc[337] : (in function: getCLs) - At r = 3.985960:	q_mu = 4.42300	q_A  = 3.38513	Pmu = 0.01692	1-Pb  = 0.38895	CLs  = 0.04351
AsymptoticLimits.cc[337] : (in function: getCLs) - At r = 3.631769:	q_mu = 4.13752	q_A  = 3.12301	Pmu = 0.01998	1-Pb  = 0.38704	CLs  = 0.05161
AsymptoticLimits.cc[337] : (in function: getCLs) - At r = 3.755245:	q_mu = 4.23846	q_A  = 3.21541	Pmu = 0.01884	1-Pb  = 0.38772	CLs  = 0.04858
AsymptoticLimits.cc[337] : (in function: getCLs) - At r = 3.683537:	q_mu = 4.18000	q_A  = 3.16187	Pmu = 0.01949	1-Pb  = 0.38733	CLs  = 0.05031
AsymptoticLimits.cc[337] : (in function: getCLs) - At r = 3.708072:	q_mu = 4.20002	q_A  = 3.18025	Pmu = 0.01926	1-Pb  = 0.38747	CLs  = 0.04971
AsymptoticLimits.cc[337] : (in function: getCLs) - At r = 3.693705:	q_mu = 4.18829	q_A  = 3.16949	Pmu = 0.01939	1-Pb  = 0.38739	CLs  = 0.05006
AsymptoticLimits.cc[337] : (in function: getCLs) - At r = 3.698614:	q_mu = 4.19230	q_A  = 3.17315	Pmu = 0.01935	1-Pb  = 0.38742	CLs  = 0.04994
AsymptoticLimits.cc[337] : (in function: getCLs) - At r = 3.695743:	q_mu = 4.18995	q_A  = 3.17100	Pmu = 0.01937	1-Pb  = 0.38740	CLs  = 0.05001
AsymptoticLimits.cc[337] : (in function: getCLs) - At r = 3.696727:	q_mu = 4.19085	q_A  = 3.17174	Pmu = 0.01936	1-Pb  = 0.38740	CLs  = 0.04999
AsymptoticLimits.cc[337] : (in function: getCLs) - At r = 3.696322:	q_mu = 4.19045	q_A  = 3.17146	Pmu = 0.01937	1-Pb  = 0.38740	CLs  = 0.05000
AsymptoticLimits.cc[337] : (in function: getCLs) - At r = 3.696134:	q_mu = 4.19028	q_A  = 3.17130	Pmu = 0.01937	1-Pb  = 0.38740	CLs  = 0.05000
AsymptoticLimits.cc[337] : (in function: getCLs) - At r = 3.696215:	q_mu = 4.19034	q_A  = 3.17136	Pmu = 0.01937	1-Pb  = 0.38740	CLs  = 0.05000
AsymptoticLimits.cc[337] : (in function: getCLs) - At r = 3.696261:	q_mu = 4.19038	q_A  = 3.17139	Pmu = 0.01937	1-Pb  = 0.38740	CLs  = 0.05000
AsymptoticLimits.cc[337] : (in function: getCLs) - At r = 3.696247:	q_mu = 4.19046	q_A  = 3.17138	Pmu = 0.01937	1-Pb  = 0.38739	CLs  = 0.05000
AsymptoticLimits.cc[337] : (in function: getCLs) - At r = 3.696231:	q_mu = 4.19037	q_A  = 3.17139	Pmu = 0.01937	1-Pb  = 0.38740	CLs  = 0.05000
