CascadeMinimizer.cc[188] : (in function: improveOnce) - Minimization configured with Type=Minuit2, Algo=Migrad, strategy=0, tolerance=0.1
CascadeMinimizer.cc[215] : (in function: improveOnce) - Minimization finished with status=0
CascadeMinimizer.cc[219] : (in function: improveOnce) - Minimization success! status=0
ToyMCSamplerOpt.cc[146] : (in function: generateAsimov) - Using internal logic for binned/unbinned Asimov dataset generation
ToyMCSamplerOpt.cc[214] : (in function: generateWithHisto) - Generating asimov with histogram for pdf pdf_binpass_LOW_obsOnly: in 3 x-bins
ToyMCSamplerOpt.cc[215] : (in function: generateWithHisto) -  , in 1 y-bins
ToyMCSamplerOpt.cc[146] : (in function: generateAsimov) - Using internal logic for binned/unbinned Asimov dataset generation
ToyMCSamplerOpt.cc[214] : (in function: generateWithHisto) - Generating asimov with histogram for pdf pdf_binpass_SIG_obsOnly: in 1 x-bins
ToyMCSamplerOpt.cc[215] : (in function: generateWithHisto) -  , in 1 y-bins
ToyMCSamplerOpt.cc[146] : (in function: generateAsimov) - Using internal logic for binned/unbinned Asimov dataset generation
ToyMCSamplerOpt.cc[214] : (in function: generateWithHisto) - Generating asimov with histogram for pdf pdf_binpass_HIGH_obsOnly: in 5 x-bins
ToyMCSamplerOpt.cc[215] : (in function: generateWithHisto) -  , in 1 y-bins
ToyMCSamplerOpt.cc[146] : (in function: generateAsimov) - Using internal logic for binned/unbinned Asimov dataset generation
ToyMCSamplerOpt.cc[214] : (in function: generateWithHisto) - Generating asimov with histogram for pdf pdf_binfail_LOW_obsOnly: in 3 x-bins
ToyMCSamplerOpt.cc[215] : (in function: generateWithHisto) -  , in 1 y-bins
ToyMCSamplerOpt.cc[146] : (in function: generateAsimov) - Using internal logic for binned/unbinned Asimov dataset generation
ToyMCSamplerOpt.cc[214] : (in function: generateWithHisto) - Generating asimov with histogram for pdf pdf_binfail_SIG_obsOnly: in 1 x-bins
ToyMCSamplerOpt.cc[215] : (in function: generateWithHisto) -  , in 1 y-bins
ToyMCSamplerOpt.cc[146] : (in function: generateAsimov) - Using internal logic for binned/unbinned Asimov dataset generation
ToyMCSamplerOpt.cc[214] : (in function: generateWithHisto) - Generating asimov with histogram for pdf pdf_binfail_HIGH_obsOnly: in 5 x-bins
ToyMCSamplerOpt.cc[215] : (in function: generateWithHisto) -  , in 1 y-bins
AsymptoticLimits.cc[428] : (in function: runLimitExpected) - Median for expected limits = 2.98438, Sigma for expected limits = 1.52267
AsymptoticLimits.cc[191] : (in function: runLimit) - NLL at global minimum of data = -901.304 (r=6.27879e-06)
AsymptoticLimits.cc[211] : (in function: runLimit) - NLL at global minimum of asimov = -900.699 (r=1.10194e-07)
AsymptoticLimits.cc[337] : (in function: getCLs) - At r = 2.009858:	q_mu = 2.69620	q_A  = 2.67307	Pmu = 0.05029	1-Pb  = 0.49718	CLs  = 0.10116
AsymptoticLimits.cc[337] : (in function: getCLs) - At r = 4.019715:	q_mu = 5.03543	q_A  = 4.99318	Pmu = 0.01242	1-Pb  = 0.49623	CLs  = 0.02502
AsymptoticLimits.cc[337] : (in function: getCLs) - At r = 2.009861:	q_mu = 2.69622	q_A  = 2.67305	Pmu = 0.05029	1-Pb  = 0.49717	CLs  = 0.10116
AsymptoticLimits.cc[337] : (in function: getCLs) - At r = 2.820905:	q_mu = 3.67574	q_A  = 3.64418	Pmu = 0.02760	1-Pb  = 0.49670	CLs  = 0.05557
AsymptoticLimits.cc[337] : (in function: getCLs) - At r = 3.187693:	q_mu = 4.10214	q_A  = 4.06716	Pmu = 0.02141	1-Pb  = 0.49654	CLs  = 0.04313
AsymptoticLimits.cc[337] : (in function: getCLs) - At r = 3.016554:	q_mu = 3.90438	q_A  = 3.87099	Pmu = 0.02408	1-Pb  = 0.49662	CLs  = 0.04849
AsymptoticLimits.cc[337] : (in function: getCLs) - At r = 2.942163:	q_mu = 3.81776	q_A  = 3.78509	Pmu = 0.02535	1-Pb  = 0.49665	CLs  = 0.05105
AsymptoticLimits.cc[337] : (in function: getCLs) - At r = 2.981074:	q_mu = 3.86312	q_A  = 3.83006	Pmu = 0.02468	1-Pb  = 0.49663	CLs  = 0.04969
AsymptoticLimits.cc[337] : (in function: getCLs) - At r = 2.966154:	q_mu = 3.84573	q_A  = 3.81281	Pmu = 0.02494	1-Pb  = 0.49664	CLs  = 0.05021
AsymptoticLimits.cc[337] : (in function: getCLs) - At r = 2.973931:	q_mu = 3.85479	q_A  = 3.82180	Pmu = 0.02480	1-Pb  = 0.49663	CLs  = 0.04994
AsymptoticLimits.cc[337] : (in function: getCLs) - At r = 2.970947:	q_mu = 3.85132	q_A  = 3.81835	Pmu = 0.02485	1-Pb  = 0.49663	CLs  = 0.05004
AsymptoticLimits.cc[337] : (in function: getCLs) - At r = 2.972503:	q_mu = 3.85313	q_A  = 3.82015	Pmu = 0.02483	1-Pb  = 0.49663	CLs  = 0.04999
AsymptoticLimits.cc[337] : (in function: getCLs) - At r = 2.971907:	q_mu = 3.85244	q_A  = 3.81946	Pmu = 0.02484	1-Pb  = 0.49663	CLs  = 0.05001
AsymptoticLimits.cc[337] : (in function: getCLs) - At r = 2.972218:	q_mu = 3.85280	q_A  = 3.81982	Pmu = 0.02483	1-Pb  = 0.49663	CLs  = 0.05000
AsymptoticLimits.cc[337] : (in function: getCLs) - At r = 2.972099:	q_mu = 3.85266	q_A  = 3.81968	Pmu = 0.02483	1-Pb  = 0.49663	CLs  = 0.05000
AsymptoticLimits.cc[337] : (in function: getCLs) - At r = 2.972161:	q_mu = 3.85273	q_A  = 3.81975	Pmu = 0.02483	1-Pb  = 0.49663	CLs  = 0.05000
AsymptoticLimits.cc[337] : (in function: getCLs) - At r = 2.972138:	q_mu = 3.85270	q_A  = 3.81972	Pmu = 0.02483	1-Pb  = 0.49663	CLs  = 0.05000
AsymptoticLimits.cc[337] : (in function: getCLs) - At r = 2.972150:	q_mu = 3.85272	q_A  = 3.81974	Pmu = 0.02483	1-Pb  = 0.49663	CLs  = 0.05000
