CascadeMinimizer.cc[188] : (in function: improveOnce) - Minimization configured with Type=Minuit2, Algo=Migrad, strategy=0, tolerance=0.1
CascadeMinimizer.cc[215] : (in function: improveOnce) - Minimization finished with status=0
CascadeMinimizer.cc[219] : (in function: improveOnce) - Minimization success! status=0
ToyMCSamplerOpt.cc[146] : (in function: generateAsimov) - Using internal logic for binned/unbinned Asimov dataset generation
ToyMCSamplerOpt.cc[214] : (in function: generateWithHisto) - Generating asimov with histogram for pdf pdf_binpass_LOW_obsOnly: in 3 x-bins
ToyMCSamplerOpt.cc[215] : (in function: generateWithHisto) -  , in 1 y-bins
ToyMCSamplerOpt.cc[146] : (in function: generateAsimov) - Using internal logic for binned/unbinned Asimov dataset generation
ToyMCSamplerOpt.cc[214] : (in function: generateWithHisto) - Generating asimov with histogram for pdf pdf_binpass_SIG_obsOnly: in 1 x-bins
ToyMCSamplerOpt.cc[215] : (in function: generateWithHisto) -  , in 1 y-bins
ToyMCSamplerOpt.cc[146] : (in function: generateAsimov) - Using internal logic for binned/unbinned Asimov dataset generation
ToyMCSamplerOpt.cc[214] : (in function: generateWithHisto) - Generating asimov with histogram for pdf pdf_binpass_HIGH_obsOnly: in 5 x-bins
ToyMCSamplerOpt.cc[215] : (in function: generateWithHisto) -  , in 1 y-bins
ToyMCSamplerOpt.cc[146] : (in function: generateAsimov) - Using internal logic for binned/unbinned Asimov dataset generation
ToyMCSamplerOpt.cc[214] : (in function: generateWithHisto) - Generating asimov with histogram for pdf pdf_binfail_LOW_obsOnly: in 3 x-bins
ToyMCSamplerOpt.cc[215] : (in function: generateWithHisto) -  , in 1 y-bins
ToyMCSamplerOpt.cc[146] : (in function: generateAsimov) - Using internal logic for binned/unbinned Asimov dataset generation
ToyMCSamplerOpt.cc[214] : (in function: generateWithHisto) - Generating asimov with histogram for pdf pdf_binfail_SIG_obsOnly: in 1 x-bins
ToyMCSamplerOpt.cc[215] : (in function: generateWithHisto) -  , in 1 y-bins
ToyMCSamplerOpt.cc[146] : (in function: generateAsimov) - Using internal logic for binned/unbinned Asimov dataset generation
ToyMCSamplerOpt.cc[214] : (in function: generateWithHisto) - Generating asimov with histogram for pdf pdf_binfail_HIGH_obsOnly: in 5 x-bins
ToyMCSamplerOpt.cc[215] : (in function: generateWithHisto) -  , in 1 y-bins
AsymptoticLimits.cc[428] : (in function: runLimitExpected) - Median for expected limits = 18.5, Sigma for expected limits = 9.43895
AsymptoticLimits.cc[191] : (in function: runLimit) - NLL at global minimum of data = -1203.32 (r=0.698569)
AsymptoticLimits.cc[211] : (in function: runLimit) - NLL at global minimum of asimov = -1203.15 (r=0.698569)
AsymptoticLimits.cc[337] : (in function: getCLs) - At r = 20.087775:	q_mu = 1.81027	q_A  = 2.89232	Pmu = 0.08924	1-Pb  = 0.63879	CLs  = 0.13970
AsymptoticLimits.cc[337] : (in function: getCLs) - At r = 40.175550:	q_mu = 6.52368	q_A  = 8.17911	Pmu = 0.00532	1-Pb  = 0.62011	CLs  = 0.00858
AsymptoticLimits.cc[337] : (in function: getCLs) - At r = 20.437059:	q_mu = 1.88564	q_A  = 2.97770	Pmu = 0.08485	1-Pb  = 0.63774	CLs  = 0.13304
AsymptoticLimits.cc[337] : (in function: getCLs) - At r = 30.306304:	q_mu = 4.21098	q_A  = 5.53181	Pmu = 0.02008	1-Pb  = 0.61788	CLs  = 0.03250
AsymptoticLimits.cc[337] : (in function: getCLs) - At r = 25.919411:	q_mu = 3.14328	q_A  = 4.37543	Pmu = 0.03812	1-Pb  = 0.62507	CLs  = 0.06099
AsymptoticLimits.cc[337] : (in function: getCLs) - At r = 27.904301:	q_mu = 3.62288	q_A  = 4.89983	Pmu = 0.02850	1-Pb  = 0.62178	CLs  = 0.04583
AsymptoticLimits.cc[337] : (in function: getCLs) - At r = 27.023135:	q_mu = 3.40844	q_A  = 4.66718	Pmu = 0.03243	1-Pb  = 0.62330	CLs  = 0.05203
AsymptoticLimits.cc[337] : (in function: getCLs) - At r = 27.420564:	q_mu = 3.50476	q_A  = 4.77204	Pmu = 0.03060	1-Pb  = 0.62263	CLs  = 0.04914
AsymptoticLimits.cc[337] : (in function: getCLs) - At r = 27.244656:	q_mu = 3.46206	q_A  = 4.72563	Pmu = 0.03140	1-Pb  = 0.62293	CLs  = 0.05040
AsymptoticLimits.cc[337] : (in function: getCLs) - At r = 27.324175:	q_mu = 3.48131	q_A  = 4.74660	Pmu = 0.03103	1-Pb  = 0.62280	CLs  = 0.04983
AsymptoticLimits.cc[337] : (in function: getCLs) - At r = 27.289063:	q_mu = 3.47278	q_A  = 4.73733	Pmu = 0.03119	1-Pb  = 0.62286	CLs  = 0.05008
AsymptoticLimits.cc[337] : (in function: getCLs) - At r = 27.305018:	q_mu = 3.47664	q_A  = 4.74154	Pmu = 0.03112	1-Pb  = 0.62283	CLs  = 0.04997
AsymptoticLimits.cc[337] : (in function: getCLs) - At r = 27.298033:	q_mu = 3.47493	q_A  = 4.73970	Pmu = 0.03115	1-Pb  = 0.62285	CLs  = 0.05002
AsymptoticLimits.cc[337] : (in function: getCLs) - At r = 27.301258:	q_mu = 3.47570	q_A  = 4.74055	Pmu = 0.03114	1-Pb  = 0.62284	CLs  = 0.04999
AsymptoticLimits.cc[337] : (in function: getCLs) - At r = 27.299897:	q_mu = 3.47535	q_A  = 4.74019	Pmu = 0.03114	1-Pb  = 0.62285	CLs  = 0.05000
AsymptoticLimits.cc[337] : (in function: getCLs) - At r = 27.300571:	q_mu = 3.47551	q_A  = 4.74037	Pmu = 0.03114	1-Pb  = 0.62285	CLs  = 0.05000
AsymptoticLimits.cc[337] : (in function: getCLs) - At r = 27.300332:	q_mu = 3.47544	q_A  = 4.74031	Pmu = 0.03114	1-Pb  = 0.62285	CLs  = 0.05000
AsymptoticLimits.cc[337] : (in function: getCLs) - At r = 27.300436:	q_mu = 3.47545	q_A  = 4.74033	Pmu = 0.03114	1-Pb  = 0.62285	CLs  = 0.05000
