CascadeMinimizer.cc[188] : (in function: improveOnce) - Minimization configured with Type=Minuit2, Algo=Migrad, strategy=0, tolerance=0.1
CascadeMinimizer.cc[215] : (in function: improveOnce) - Minimization finished with status=0
CascadeMinimizer.cc[219] : (in function: improveOnce) - Minimization success! status=0
ToyMCSamplerOpt.cc[146] : (in function: generateAsimov) - Using internal logic for binned/unbinned Asimov dataset generation
ToyMCSamplerOpt.cc[214] : (in function: generateWithHisto) - Generating asimov with histogram for pdf pdf_binpass_LOW_obsOnly: in 3 x-bins
ToyMCSamplerOpt.cc[215] : (in function: generateWithHisto) -  , in 1 y-bins
ToyMCSamplerOpt.cc[146] : (in function: generateAsimov) - Using internal logic for binned/unbinned Asimov dataset generation
ToyMCSamplerOpt.cc[214] : (in function: generateWithHisto) - Generating asimov with histogram for pdf pdf_binpass_SIG_obsOnly: in 1 x-bins
ToyMCSamplerOpt.cc[215] : (in function: generateWithHisto) -  , in 1 y-bins
ToyMCSamplerOpt.cc[146] : (in function: generateAsimov) - Using internal logic for binned/unbinned Asimov dataset generation
ToyMCSamplerOpt.cc[214] : (in function: generateWithHisto) - Generating asimov with histogram for pdf pdf_binpass_HIGH_obsOnly: in 3 x-bins
ToyMCSamplerOpt.cc[215] : (in function: generateWithHisto) -  , in 1 y-bins
ToyMCSamplerOpt.cc[146] : (in function: generateAsimov) - Using internal logic for binned/unbinned Asimov dataset generation
ToyMCSamplerOpt.cc[214] : (in function: generateWithHisto) - Generating asimov with histogram for pdf pdf_binfail_LOW_obsOnly: in 3 x-bins
ToyMCSamplerOpt.cc[215] : (in function: generateWithHisto) -  , in 1 y-bins
ToyMCSamplerOpt.cc[146] : (in function: generateAsimov) - Using internal logic for binned/unbinned Asimov dataset generation
ToyMCSamplerOpt.cc[214] : (in function: generateWithHisto) - Generating asimov with histogram for pdf pdf_binfail_SIG_obsOnly: in 1 x-bins
ToyMCSamplerOpt.cc[215] : (in function: generateWithHisto) -  , in 1 y-bins
ToyMCSamplerOpt.cc[146] : (in function: generateAsimov) - Using internal logic for binned/unbinned Asimov dataset generation
ToyMCSamplerOpt.cc[214] : (in function: generateWithHisto) - Generating asimov with histogram for pdf pdf_binfail_HIGH_obsOnly: in 3 x-bins
ToyMCSamplerOpt.cc[215] : (in function: generateWithHisto) -  , in 1 y-bins
AsymptoticLimits.cc[428] : (in function: runLimitExpected) - Median for expected limits = 3.42188, Sigma for expected limits = 1.74589
AsymptoticLimits.cc[191] : (in function: runLimit) - NLL at global minimum of data = -8424.49 (r=2.0892e-07)
AsymptoticLimits.cc[211] : (in function: runLimit) - NLL at global minimum of asimov = -8424.86 (r=5.20891e-07)
AsymptoticLimits.cc[337] : (in function: getCLs) - At r = 1.741437:	q_mu = 4.20539	q_A  = 1.87215	Pmu = 0.01318	1-Pb  = 0.19693	CLs  = 0.06692
AsymptoticLimits.cc[337] : (in function: getCLs) - At r = 3.482874:	q_mu = 6.92080	q_A  = 3.90249	Pmu = 0.00308	1-Pb  = 0.22245	CLs  = 0.01383
AsymptoticLimits.cc[337] : (in function: getCLs) - At r = 1.741437:	q_mu = 4.20540	q_A  = 1.87216	Pmu = 0.01318	1-Pb  = 0.19693	CLs  = 0.06692
AsymptoticLimits.cc[337] : (in function: getCLs) - At r = 2.612156:	q_mu = 5.66601	q_A  = 2.92942	Pmu = 0.00602	1-Pb  = 0.21202	CLs  = 0.02839
AsymptoticLimits.cc[337] : (in function: getCLs) - At r = 2.152392:	q_mu = 4.92583	q_A  = 2.38141	Pmu = 0.00895	1-Pb  = 0.20485	CLs  = 0.04370
AsymptoticLimits.cc[337] : (in function: getCLs) - At r = 1.966311:	q_mu = 4.60730	q_A  = 2.15299	Pmu = 0.01062	1-Pb  = 0.20148	CLs  = 0.05272
AsymptoticLimits.cc[337] : (in function: getCLs) - At r = 2.045510:	q_mu = 4.74433	q_A  = 2.25062	Pmu = 0.00987	1-Pb  = 0.20295	CLs  = 0.04862
AsymptoticLimits.cc[337] : (in function: getCLs) - At r = 2.007772:	q_mu = 4.67930	q_A  = 2.20416	Pmu = 0.01022	1-Pb  = 0.20226	CLs  = 0.05052
AsymptoticLimits.cc[337] : (in function: getCLs) - At r = 2.023507:	q_mu = 4.70647	q_A  = 2.22355	Pmu = 0.01007	1-Pb  = 0.20255	CLs  = 0.04972
AsymptoticLimits.cc[337] : (in function: getCLs) - At r = 2.015939:	q_mu = 4.69341	q_A  = 2.21422	Pmu = 0.01014	1-Pb  = 0.20241	CLs  = 0.05010
AsymptoticLimits.cc[337] : (in function: getCLs) - At r = 2.019082:	q_mu = 4.69884	q_A  = 2.21810	Pmu = 0.01011	1-Pb  = 0.20247	CLs  = 0.04994
AsymptoticLimits.cc[337] : (in function: getCLs) - At r = 2.017567:	q_mu = 4.69622	q_A  = 2.21623	Pmu = 0.01013	1-Pb  = 0.20244	CLs  = 0.05002
AsymptoticLimits.cc[337] : (in function: getCLs) - At r = 2.018196:	q_mu = 4.69731	q_A  = 2.21701	Pmu = 0.01012	1-Pb  = 0.20245	CLs  = 0.04999
AsymptoticLimits.cc[337] : (in function: getCLs) - At r = 2.017893:	q_mu = 4.69678	q_A  = 2.21663	Pmu = 0.01012	1-Pb  = 0.20245	CLs  = 0.05000
AsymptoticLimits.cc[337] : (in function: getCLs) - At r = 2.018018:	q_mu = 4.69700	q_A  = 2.21679	Pmu = 0.01012	1-Pb  = 0.20245	CLs  = 0.05000
AsymptoticLimits.cc[337] : (in function: getCLs) - At r = 2.017958:	q_mu = 4.69690	q_A  = 2.21671	Pmu = 0.01012	1-Pb  = 0.20245	CLs  = 0.05000
AsymptoticLimits.cc[337] : (in function: getCLs) - At r = 2.017983:	q_mu = 4.69694	q_A  = 2.21675	Pmu = 0.01012	1-Pb  = 0.20245	CLs  = 0.05000
AsymptoticLimits.cc[337] : (in function: getCLs) - At r = 2.017971:	q_mu = 4.69692	q_A  = 2.21673	Pmu = 0.01012	1-Pb  = 0.20245	CLs  = 0.05000
AsymptoticLimits.cc[337] : (in function: getCLs) - At r = 2.017976:	q_mu = 4.69693	q_A  = 2.21674	Pmu = 0.01012	1-Pb  = 0.20245	CLs  = 0.05000
