 <<< Combine >>> 
 <<< v10.0.1 >>>
>>> Random number generator seed is 123456
>>> Method used is FitDiagnostics
Set Default Value of Parameter mask_pass_SIG To : 1
Set Default Value of Parameter mask_pass_HIGH To : 1
Set Default Value of Parameter r To : 1
>>> 2 out of 6 channels masked

>> Found 17 floating parameters
>> The following parameters are protected in the event of negative eigenvalues:
>> Verifying eigenvalues are all positive (iteration 0)
Eigenvalue 16 : -0.00070512
 - 0.6022	CMS_AN23122_Background_rpf_2x0_par1
 - -0.594761	CMS_AN23122_Background_rpf_2x0_par3
 - -0.41054	CMS_AN23122_Background_rpf_2x0_par2
 - 0.339213	CMS_AN23122_Background_rpf_2x0_par0
 - -0.00193046	CMS_AN23122_Background_fail_LOW_bin_2-1
>> Attempt 0 failed, remove the variable with largest eigenvector component...
>> Dropping CMS_AN23122_Background_rpf_2x0_par1 from the hessian
>> Verifying eigenvalues are all positive (iteration 1)
>> All eigenvalues are positive
>> Inverting Hessian...
>> Matrix inverted
>> Note: the following parameters were dropped to make the covariance matrix pos-def:
     - CMS_AN23122_Background_rpf_2x0_par1
 Fit B-only, status = 0, numBadNLL = 0, covariance quality = -1
Running Minos for POI r
>> Found 18 floating parameters
>> The following parameters are protected in the event of negative eigenvalues: r
>> Verifying eigenvalues are all positive (iteration 0)
Eigenvalue 16 : -0.000355946
 - 0.616209	CMS_AN23122_Background_rpf_2x0_par1
 - -0.587381	CMS_AN23122_Background_rpf_2x0_par3
 - 0.34832	CMS_AN23122_Background_rpf_2x0_par0
 - -0.295862	CMS_AN23122_Background_rpf_2x0_par2
 - -0.207197	r
Eigenvalue 17 : -0.00574122
 - -0.720471	r
 - 0.505171	CMS_AN23122_Background_fail_HIGH_bin_5-1
 - 0.440225	CMS_AN23122_Background_rpf_2x0_par2
 - 0.129154	CMS_AN23122_Background_rpf_2x0_par3
 - 0.064842	CMS_AN23122_Background_fail_HIGH_bin_4-1
>> Attempt 0 failed, remove the variable with largest eigenvector component...
>> Dropping CMS_AN23122_Background_fail_HIGH_bin_5-1 from the hessian
>> Verifying eigenvalues are all positive (iteration 1)
Eigenvalue 16 : -0.000833154
 - -0.646314	CMS_AN23122_Background_rpf_2x0_par1
 - 0.546476	CMS_AN23122_Background_rpf_2x0_par3
 - 0.460359	CMS_AN23122_Background_rpf_2x0_par2
 - -0.26697	CMS_AN23122_Background_rpf_2x0_par0
 - -0.0204901	r
>> Attempt 1 failed, remove the variable with largest eigenvector component...
>> Dropping CMS_AN23122_Background_rpf_2x0_par1 from the hessian
>> Verifying eigenvalues are all positive (iteration 2)
>> All eigenvalues are positive
>> Inverting Hessian...
>> Matrix inverted
>> Note: the following parameters were dropped to make the covariance matrix pos-def:
     - CMS_AN23122_Background_fail_HIGH_bin_5-1
     - CMS_AN23122_Background_rpf_2x0_par1
Fit S+B, status = 0, numBadNLL = 0, covariance quality = -1

 --- FitDiagnostics ---
Best fit r: 0.56832  -0.56832/+49.4317  (68% CL)
Done in 0.00 min (cpu), 0.00 min (real)
21 log messages saved to combine_logger.out
