CascadeMinimizer.cc[188] : (in function: improveOnce) - Minimization configured with Type=Minuit2, Algo=Migrad, strategy=0, tolerance=0.1
CascadeMinimizer.cc[215] : (in function: improveOnce) - Minimization finished with status=0
CascadeMinimizer.cc[219] : (in function: improveOnce) - Minimization success! status=0
ToyMCSamplerOpt.cc[146] : (in function: generateAsimov) - Using internal logic for binned/unbinned Asimov dataset generation
ToyMCSamplerOpt.cc[214] : (in function: generateWithHisto) - Generating asimov with histogram for pdf pdf_binpass_LOW_obsOnly: in 3 x-bins
ToyMCSamplerOpt.cc[215] : (in function: generateWithHisto) -  , in 1 y-bins
ToyMCSamplerOpt.cc[146] : (in function: generateAsimov) - Using internal logic for binned/unbinned Asimov dataset generation
ToyMCSamplerOpt.cc[214] : (in function: generateWithHisto) - Generating asimov with histogram for pdf pdf_binpass_SIG_obsOnly: in 1 x-bins
ToyMCSamplerOpt.cc[215] : (in function: generateWithHisto) -  , in 1 y-bins
ToyMCSamplerOpt.cc[146] : (in function: generateAsimov) - Using internal logic for binned/unbinned Asimov dataset generation
ToyMCSamplerOpt.cc[214] : (in function: generateWithHisto) - Generating asimov with histogram for pdf pdf_binpass_HIGH_obsOnly: in 5 x-bins
ToyMCSamplerOpt.cc[215] : (in function: generateWithHisto) -  , in 1 y-bins
ToyMCSamplerOpt.cc[146] : (in function: generateAsimov) - Using internal logic for binned/unbinned Asimov dataset generation
ToyMCSamplerOpt.cc[214] : (in function: generateWithHisto) - Generating asimov with histogram for pdf pdf_binfail_LOW_obsOnly: in 3 x-bins
ToyMCSamplerOpt.cc[215] : (in function: generateWithHisto) -  , in 1 y-bins
ToyMCSamplerOpt.cc[146] : (in function: generateAsimov) - Using internal logic for binned/unbinned Asimov dataset generation
ToyMCSamplerOpt.cc[214] : (in function: generateWithHisto) - Generating asimov with histogram for pdf pdf_binfail_SIG_obsOnly: in 1 x-bins
ToyMCSamplerOpt.cc[215] : (in function: generateWithHisto) -  , in 1 y-bins
ToyMCSamplerOpt.cc[146] : (in function: generateAsimov) - Using internal logic for binned/unbinned Asimov dataset generation
ToyMCSamplerOpt.cc[214] : (in function: generateWithHisto) - Generating asimov with histogram for pdf pdf_binfail_HIGH_obsOnly: in 5 x-bins
ToyMCSamplerOpt.cc[215] : (in function: generateWithHisto) -  , in 1 y-bins
AsymptoticLimits.cc[428] : (in function: runLimitExpected) - Median for expected limits = 0.447266, Sigma for expected limits = 0.228201
AsymptoticLimits.cc[191] : (in function: runLimit) - NLL at global minimum of data = -50.3631 (r=3.08061e-07)
AsymptoticLimits.cc[211] : (in function: runLimit) - NLL at global minimum of asimov = -50.1968 (r=3.01567e-07)
AsymptoticLimits.cc[337] : (in function: getCLs) - At r = 1.200000:	q_mu = 10.73699	q_A  = 10.05587	Pmu = 0.00052	1-Pb  = 0.45724	CLs  = 0.00114
AsymptoticLimits.cc[337] : (in function: getCLs) - At r = 0.600000:	q_mu = 5.69236	q_A  = 5.15953	Pmu = 0.00845	1-Pb  = 0.45332	CLs  = 0.01865
AsymptoticLimits.cc[337] : (in function: getCLs) - At r = 0.300000:	q_mu = 2.94415	q_A  = 2.53495	Pmu = 0.04266	1-Pb  = 0.44887	CLs  = 0.09503
AsymptoticLimits.cc[337] : (in function: getCLs) - At r = 0.454639:	q_mu = 4.38160	q_A  = 3.90138	Pmu = 0.01801	1-Pb  = 0.45162	CLs  = 0.03987
AsymptoticLimits.cc[337] : (in function: getCLs) - At r = 0.391474:	q_mu = 3.79991	q_A  = 3.34618	Pmu = 0.02539	1-Pb  = 0.45065	CLs  = 0.05635
AsymptoticLimits.cc[337] : (in function: getCLs) - At r = 0.421571:	q_mu = 4.07792	q_A  = 3.61099	Pmu = 0.02153	1-Pb  = 0.45111	CLs  = 0.04773
AsymptoticLimits.cc[337] : (in function: getCLs) - At r = 0.408807:	q_mu = 3.96019	q_A  = 3.49879	Pmu = 0.02308	1-Pb  = 0.45092	CLs  = 0.05119
AsymptoticLimits.cc[337] : (in function: getCLs) - At r = 0.414798:	q_mu = 4.01546	q_A  = 3.55146	Pmu = 0.02234	1-Pb  = 0.45101	CLs  = 0.04953
AsymptoticLimits.cc[337] : (in function: getCLs) - At r = 0.412241:	q_mu = 3.99185	q_A  = 3.52897	Pmu = 0.02266	1-Pb  = 0.45097	CLs  = 0.05024
AsymptoticLimits.cc[337] : (in function: getCLs) - At r = 0.413439:	q_mu = 4.00288	q_A  = 3.53950	Pmu = 0.02251	1-Pb  = 0.45099	CLs  = 0.04991
AsymptoticLimits.cc[337] : (in function: getCLs) - At r = 0.412929:	q_mu = 3.99815	q_A  = 3.53501	Pmu = 0.02257	1-Pb  = 0.45099	CLs  = 0.05005
AsymptoticLimits.cc[337] : (in function: getCLs) - At r = 0.413170:	q_mu = 4.00036	q_A  = 3.53713	Pmu = 0.02254	1-Pb  = 0.45099	CLs  = 0.04998
AsymptoticLimits.cc[337] : (in function: getCLs) - At r = 0.413069:	q_mu = 3.99942	q_A  = 3.53624	Pmu = 0.02255	1-Pb  = 0.45099	CLs  = 0.05001
AsymptoticLimits.cc[337] : (in function: getCLs) - At r = 0.413119:	q_mu = 3.99986	q_A  = 3.53666	Pmu = 0.02255	1-Pb  = 0.45099	CLs  = 0.05000
AsymptoticLimits.cc[337] : (in function: getCLs) - At r = 0.413099:	q_mu = 3.99967	q_A  = 3.53649	Pmu = 0.02255	1-Pb  = 0.45099	CLs  = 0.05000
AsymptoticLimits.cc[337] : (in function: getCLs) - At r = 0.413110:	q_mu = 3.99976	q_A  = 3.53658	Pmu = 0.02255	1-Pb  = 0.45099	CLs  = 0.05000
AsymptoticLimits.cc[337] : (in function: getCLs) - At r = 0.413107:	q_mu = 3.99972	q_A  = 3.53655	Pmu = 0.02255	1-Pb  = 0.45100	CLs  = 0.05000
AsymptoticLimits.cc[337] : (in function: getCLs) - At r = 0.413109:	q_mu = 3.99972	q_A  = 3.53656	Pmu = 0.02255	1-Pb  = 0.45100	CLs  = 0.05000
