CascadeMinimizer.cc[188] : (in function: improveOnce) - Minimization configured with Type=Minuit2, Algo=Migrad, strategy=0, tolerance=0.1
CascadeMinimizer.cc[215] : (in function: improveOnce) - Minimization finished with status=0
CascadeMinimizer.cc[219] : (in function: improveOnce) - Minimization success! status=0
ToyMCSamplerOpt.cc[146] : (in function: generateAsimov) - Using internal logic for binned/unbinned Asimov dataset generation
ToyMCSamplerOpt.cc[214] : (in function: generateWithHisto) - Generating asimov with histogram for pdf pdf_binpass_LOW_obsOnly: in 2 x-bins
ToyMCSamplerOpt.cc[215] : (in function: generateWithHisto) -  , in 1 y-bins
ToyMCSamplerOpt.cc[146] : (in function: generateAsimov) - Using internal logic for binned/unbinned Asimov dataset generation
ToyMCSamplerOpt.cc[214] : (in function: generateWithHisto) - Generating asimov with histogram for pdf pdf_binpass_SIG_obsOnly: in 1 x-bins
ToyMCSamplerOpt.cc[215] : (in function: generateWithHisto) -  , in 1 y-bins
ToyMCSamplerOpt.cc[146] : (in function: generateAsimov) - Using internal logic for binned/unbinned Asimov dataset generation
ToyMCSamplerOpt.cc[214] : (in function: generateWithHisto) - Generating asimov with histogram for pdf pdf_binpass_HIGH_obsOnly: in 5 x-bins
ToyMCSamplerOpt.cc[215] : (in function: generateWithHisto) -  , in 1 y-bins
ToyMCSamplerOpt.cc[146] : (in function: generateAsimov) - Using internal logic for binned/unbinned Asimov dataset generation
ToyMCSamplerOpt.cc[214] : (in function: generateWithHisto) - Generating asimov with histogram for pdf pdf_binfail_LOW_obsOnly: in 2 x-bins
ToyMCSamplerOpt.cc[215] : (in function: generateWithHisto) -  , in 1 y-bins
ToyMCSamplerOpt.cc[146] : (in function: generateAsimov) - Using internal logic for binned/unbinned Asimov dataset generation
ToyMCSamplerOpt.cc[214] : (in function: generateWithHisto) - Generating asimov with histogram for pdf pdf_binfail_SIG_obsOnly: in 1 x-bins
ToyMCSamplerOpt.cc[215] : (in function: generateWithHisto) -  , in 1 y-bins
ToyMCSamplerOpt.cc[146] : (in function: generateAsimov) - Using internal logic for binned/unbinned Asimov dataset generation
ToyMCSamplerOpt.cc[214] : (in function: generateWithHisto) - Generating asimov with histogram for pdf pdf_binfail_HIGH_obsOnly: in 5 x-bins
ToyMCSamplerOpt.cc[215] : (in function: generateWithHisto) -  , in 1 y-bins
AsymptoticLimits.cc[428] : (in function: runLimitExpected) - Median for expected limits = 0.40625, Sigma for expected limits = 0.207274
AsymptoticLimits.cc[191] : (in function: runLimit) - NLL at global minimum of data = -16247.4 (r=5.93927e-08)
AsymptoticLimits.cc[211] : (in function: runLimit) - NLL at global minimum of asimov = -16246.2 (r=1.28066e-06)
AsymptoticLimits.cc[337] : (in function: getCLs) - At r = 1.200000:	q_mu = 16.66267	q_A  = 16.78827	Pmu = 0.00002	1-Pb  = 0.50613	CLs  = 0.00004
AsymptoticLimits.cc[337] : (in function: getCLs) - At r = 0.600000:	q_mu = 6.79987	q_A  = 6.77018	Pmu = 0.00456	1-Pb  = 0.49772	CLs  = 0.00916
AsymptoticLimits.cc[337] : (in function: getCLs) - At r = 0.300000:	q_mu = 2.50027	q_A  = 2.39312	Pmu = 0.05687	1-Pb  = 0.48619	CLs  = 0.11697
AsymptoticLimits.cc[337] : (in function: getCLs) - At r = 0.450000:	q_mu = 4.53958	q_A  = 4.46698	Pmu = 0.01656	1-Pb  = 0.49315	CLs  = 0.03357
AsymptoticLimits.cc[337] : (in function: getCLs) - At r = 0.381710:	q_mu = 3.57867	q_A  = 3.48794	Pmu = 0.02925	1-Pb  = 0.49031	CLs  = 0.05966
AsymptoticLimits.cc[337] : (in function: getCLs) - At r = 0.412155:	q_mu = 3.99993	q_A  = 3.91709	Pmu = 0.02275	1-Pb  = 0.49165	CLs  = 0.04626
AsymptoticLimits.cc[337] : (in function: getCLs) - At r = 0.398627:	q_mu = 3.81118	q_A  = 3.72481	Pmu = 0.02545	1-Pb  = 0.49107	CLs  = 0.05182
AsymptoticLimits.cc[337] : (in function: getCLs) - At r = 0.404746:	q_mu = 3.89630	q_A  = 3.81145	Pmu = 0.02419	1-Pb  = 0.49133	CLs  = 0.04923
AsymptoticLimits.cc[337] : (in function: getCLs) - At r = 0.402044:	q_mu = 3.85862	q_A  = 3.77311	Pmu = 0.02474	1-Pb  = 0.49122	CLs  = 0.05036
AsymptoticLimits.cc[337] : (in function: getCLs) - At r = 0.403271:	q_mu = 3.87564	q_A  = 3.79047	Pmu = 0.02449	1-Pb  = 0.49128	CLs  = 0.04985
AsymptoticLimits.cc[337] : (in function: getCLs) - At r = 0.402733:	q_mu = 3.86810	q_A  = 3.78292	Pmu = 0.02460	1-Pb  = 0.49126	CLs  = 0.05007
AsymptoticLimits.cc[337] : (in function: getCLs) - At r = 0.402980:	q_mu = 3.87150	q_A  = 3.78634	Pmu = 0.02455	1-Pb  = 0.49127	CLs  = 0.04997
AsymptoticLimits.cc[337] : (in function: getCLs) - At r = 0.402874:	q_mu = 3.87001	q_A  = 3.78518	Pmu = 0.02457	1-Pb  = 0.49130	CLs  = 0.05001
AsymptoticLimits.cc[337] : (in function: getCLs) - At r = 0.402920:	q_mu = 3.87062	q_A  = 3.78572	Pmu = 0.02456	1-Pb  = 0.49130	CLs  = 0.04999
AsymptoticLimits.cc[337] : (in function: getCLs) - At r = 0.402900:	q_mu = 3.87039	q_A  = 3.78539	Pmu = 0.02457	1-Pb  = 0.49129	CLs  = 0.05000
AsymptoticLimits.cc[337] : (in function: getCLs) - At r = 0.402909:	q_mu = 3.87046	q_A  = 3.78548	Pmu = 0.02456	1-Pb  = 0.49129	CLs  = 0.05000
AsymptoticLimits.cc[337] : (in function: getCLs) - At r = 0.402912:	q_mu = 3.87047	q_A  = 3.78549	Pmu = 0.02456	1-Pb  = 0.49129	CLs  = 0.05000
AsymptoticLimits.cc[337] : (in function: getCLs) - At r = 0.402913:	q_mu = 3.87047	q_A  = 3.78548	Pmu = 0.02456	1-Pb  = 0.49129	CLs  = 0.05000
