CascadeMinimizer.cc[188] : (in function: improveOnce) - Minimization configured with Type=Minuit2, Algo=Migrad, strategy=0, tolerance=0.1
CascadeMinimizer.cc[215] : (in function: improveOnce) - Minimization finished with status=0
CascadeMinimizer.cc[219] : (in function: improveOnce) - Minimization success! status=0
ToyMCSamplerOpt.cc[146] : (in function: generateAsimov) - Using internal logic for binned/unbinned Asimov dataset generation
ToyMCSamplerOpt.cc[214] : (in function: generateWithHisto) - Generating asimov with histogram for pdf pdf_binpass_LOW_obsOnly: in 2 x-bins
ToyMCSamplerOpt.cc[215] : (in function: generateWithHisto) -  , in 1 y-bins
ToyMCSamplerOpt.cc[146] : (in function: generateAsimov) - Using internal logic for binned/unbinned Asimov dataset generation
ToyMCSamplerOpt.cc[214] : (in function: generateWithHisto) - Generating asimov with histogram for pdf pdf_binpass_SIG_obsOnly: in 1 x-bins
ToyMCSamplerOpt.cc[215] : (in function: generateWithHisto) -  , in 1 y-bins
ToyMCSamplerOpt.cc[146] : (in function: generateAsimov) - Using internal logic for binned/unbinned Asimov dataset generation
ToyMCSamplerOpt.cc[214] : (in function: generateWithHisto) - Generating asimov with histogram for pdf pdf_binpass_HIGH_obsOnly: in 9 x-bins
ToyMCSamplerOpt.cc[215] : (in function: generateWithHisto) -  , in 1 y-bins
ToyMCSamplerOpt.cc[146] : (in function: generateAsimov) - Using internal logic for binned/unbinned Asimov dataset generation
ToyMCSamplerOpt.cc[214] : (in function: generateWithHisto) - Generating asimov with histogram for pdf pdf_binfail_LOW_obsOnly: in 2 x-bins
ToyMCSamplerOpt.cc[215] : (in function: generateWithHisto) -  , in 1 y-bins
ToyMCSamplerOpt.cc[146] : (in function: generateAsimov) - Using internal logic for binned/unbinned Asimov dataset generation
ToyMCSamplerOpt.cc[214] : (in function: generateWithHisto) - Generating asimov with histogram for pdf pdf_binfail_SIG_obsOnly: in 1 x-bins
ToyMCSamplerOpt.cc[215] : (in function: generateWithHisto) -  , in 1 y-bins
ToyMCSamplerOpt.cc[146] : (in function: generateAsimov) - Using internal logic for binned/unbinned Asimov dataset generation
ToyMCSamplerOpt.cc[214] : (in function: generateWithHisto) - Generating asimov with histogram for pdf pdf_binfail_HIGH_obsOnly: in 9 x-bins
ToyMCSamplerOpt.cc[215] : (in function: generateWithHisto) -  , in 1 y-bins
AsymptoticLimits.cc[428] : (in function: runLimitExpected) - Median for expected limits = 0.361328, Sigma for expected limits = 0.184354
AsymptoticLimits.cc[191] : (in function: runLimit) - NLL at global minimum of data = -38.6175 (r=0.0243103)
AsymptoticLimits.cc[211] : (in function: runLimit) - NLL at global minimum of asimov = -38.3512 (r=0.00232376)
AsymptoticLimits.cc[337] : (in function: getCLs) - At r = 1.224310:	q_mu = 18.36152	q_A  = 17.96933	Pmu = 0.00001	1-Pb  = 0.48155	CLs  = 0.00002
AsymptoticLimits.cc[337] : (in function: getCLs) - At r = 0.624310:	q_mu = 8.06826	q_A  = 7.96175	Pmu = 0.00225	1-Pb  = 0.49247	CLs  = 0.00457
AsymptoticLimits.cc[337] : (in function: getCLs) - At r = 0.324310:	q_mu = 3.18708	q_A  = 3.29865	Pmu = 0.03711	1-Pb  = 0.51236	CLs  = 0.07243
AsymptoticLimits.cc[337] : (in function: getCLs) - At r = 0.474310:	q_mu = 5.55991	q_A  = 5.56377	Pmu = 0.00919	1-Pb  = 0.50033	CLs  = 0.01836
AsymptoticLimits.cc[337] : (in function: getCLs) - At r = 0.386721:	q_mu = 4.14929	q_A  = 4.21781	Pmu = 0.02083	1-Pb  = 0.50668	CLs  = 0.04110
AsymptoticLimits.cc[337] : (in function: getCLs) - At r = 0.356972:	q_mu = 3.68484	q_A  = 3.77456	Pmu = 0.02745	1-Pb  = 0.50927	CLs  = 0.05391
AsymptoticLimits.cc[337] : (in function: getCLs) - At r = 0.369528:	q_mu = 3.87959	q_A  = 3.96053	Pmu = 0.02444	1-Pb  = 0.50815	CLs  = 0.04809
AsymptoticLimits.cc[337] : (in function: getCLs) - At r = 0.363595:	q_mu = 3.78721	q_A  = 3.87243	Pmu = 0.02582	1-Pb  = 0.50869	CLs  = 0.05076
AsymptoticLimits.cc[337] : (in function: getCLs) - At r = 0.366112:	q_mu = 3.82627	q_A  = 3.90975	Pmu = 0.02523	1-Pb  = 0.50847	CLs  = 0.04961
AsymptoticLimits.cc[337] : (in function: getCLs) - At r = 0.364929:	q_mu = 3.80781	q_A  = 3.89218	Pmu = 0.02551	1-Pb  = 0.50858	CLs  = 0.05015
AsymptoticLimits.cc[337] : (in function: getCLs) - At r = 0.365435:	q_mu = 3.80811	q_A  = 3.89967	Pmu = 0.02550	1-Pb  = 0.50930	CLs  = 0.05007
AsymptoticLimits.cc[337] : (in function: getCLs) - At r = 0.365657:	q_mu = 3.81155	q_A  = 3.90295	Pmu = 0.02545	1-Pb  = 0.50928	CLs  = 0.04997
AsymptoticLimits.cc[337] : (in function: getCLs) - At r = 0.365564:	q_mu = 3.81011	q_A  = 3.90156	Pmu = 0.02547	1-Pb  = 0.50929	CLs  = 0.05001
AsymptoticLimits.cc[337] : (in function: getCLs) - At r = 0.365609:	q_mu = 3.81080	q_A  = 3.90221	Pmu = 0.02546	1-Pb  = 0.50928	CLs  = 0.04999
AsymptoticLimits.cc[337] : (in function: getCLs) - At r = 0.365590:	q_mu = 3.81052	q_A  = 3.90193	Pmu = 0.02547	1-Pb  = 0.50928	CLs  = 0.05000
AsymptoticLimits.cc[337] : (in function: getCLs) - At r = 0.365599:	q_mu = 3.81066	q_A  = 3.90205	Pmu = 0.02546	1-Pb  = 0.50928	CLs  = 0.05000
AsymptoticLimits.cc[337] : (in function: getCLs) - At r = 0.365596:	q_mu = 3.81061	q_A  = 3.90199	Pmu = 0.02546	1-Pb  = 0.50928	CLs  = 0.05000
