CascadeMinimizer.cc[188] : (in function: improveOnce) - Minimization configured with Type=Minuit2, Algo=Migrad, strategy=0, tolerance=0.1
CascadeMinimizer.cc[215] : (in function: improveOnce) - Minimization finished with status=0
CascadeMinimizer.cc[219] : (in function: improveOnce) - Minimization success! status=0
ToyMCSamplerOpt.cc[146] : (in function: generateAsimov) - Using internal logic for binned/unbinned Asimov dataset generation
ToyMCSamplerOpt.cc[214] : (in function: generateWithHisto) - Generating asimov with histogram for pdf pdf_binpass_LOW_obsOnly: in 2 x-bins
ToyMCSamplerOpt.cc[215] : (in function: generateWithHisto) -  , in 1 y-bins
ToyMCSamplerOpt.cc[146] : (in function: generateAsimov) - Using internal logic for binned/unbinned Asimov dataset generation
ToyMCSamplerOpt.cc[214] : (in function: generateWithHisto) - Generating asimov with histogram for pdf pdf_binpass_SIG_obsOnly: in 1 x-bins
ToyMCSamplerOpt.cc[215] : (in function: generateWithHisto) -  , in 1 y-bins
ToyMCSamplerOpt.cc[146] : (in function: generateAsimov) - Using internal logic for binned/unbinned Asimov dataset generation
ToyMCSamplerOpt.cc[214] : (in function: generateWithHisto) - Generating asimov with histogram for pdf pdf_binpass_HIGH_obsOnly: in 9 x-bins
ToyMCSamplerOpt.cc[215] : (in function: generateWithHisto) -  , in 1 y-bins
ToyMCSamplerOpt.cc[146] : (in function: generateAsimov) - Using internal logic for binned/unbinned Asimov dataset generation
ToyMCSamplerOpt.cc[214] : (in function: generateWithHisto) - Generating asimov with histogram for pdf pdf_binfail_LOW_obsOnly: in 2 x-bins
ToyMCSamplerOpt.cc[215] : (in function: generateWithHisto) -  , in 1 y-bins
ToyMCSamplerOpt.cc[146] : (in function: generateAsimov) - Using internal logic for binned/unbinned Asimov dataset generation
ToyMCSamplerOpt.cc[214] : (in function: generateWithHisto) - Generating asimov with histogram for pdf pdf_binfail_SIG_obsOnly: in 1 x-bins
ToyMCSamplerOpt.cc[215] : (in function: generateWithHisto) -  , in 1 y-bins
ToyMCSamplerOpt.cc[146] : (in function: generateAsimov) - Using internal logic for binned/unbinned Asimov dataset generation
ToyMCSamplerOpt.cc[214] : (in function: generateWithHisto) - Generating asimov with histogram for pdf pdf_binfail_HIGH_obsOnly: in 9 x-bins
ToyMCSamplerOpt.cc[215] : (in function: generateWithHisto) -  , in 1 y-bins
AsymptoticLimits.cc[428] : (in function: runLimitExpected) - Median for expected limits = 0.463867, Sigma for expected limits = 0.236671
AsymptoticLimits.cc[191] : (in function: runLimit) - NLL at global minimum of data = -40.9341 (r=0.229002)
AsymptoticLimits.cc[211] : (in function: runLimit) - NLL at global minimum of asimov = -42.5176 (r=0.0252612)
AsymptoticLimits.cc[337] : (in function: getCLs) - At r = 1.429002:	q_mu = 15.41497	q_A  = 21.21853	Pmu = 0.00004	1-Pb  = 0.75180	CLs  = 0.00006
AsymptoticLimits.cc[337] : (in function: getCLs) - At r = 0.829002:	q_mu = 5.43263	q_A  = 9.68017	Pmu = 0.00988	1-Pb  = 0.78245	CLs  = 0.01263
AsymptoticLimits.cc[337] : (in function: getCLs) - At r = 0.529002:	q_mu = 1.65198	q_A  = 4.65572	Pmu = 0.09935	1-Pb  = 0.80851	CLs  = 0.12287
AsymptoticLimits.cc[337] : (in function: getCLs) - At r = 0.679002:	q_mu = 3.37472	q_A  = 7.06023	Pmu = 0.03310	1-Pb  = 0.79391	CLs  = 0.04169
AsymptoticLimits.cc[337] : (in function: getCLs) - At r = 0.628834:	q_mu = 2.75443	q_A  = 6.22765	Pmu = 0.04849	1-Pb  = 0.79839	CLs  = 0.06074
AsymptoticLimits.cc[337] : (in function: getCLs) - At r = 0.649589:	q_mu = 3.00612	q_A  = 6.56897	Pmu = 0.04148	1-Pb  = 0.79650	CLs  = 0.05207
AsymptoticLimits.cc[337] : (in function: getCLs) - At r = 0.659770:	q_mu = 3.13213	q_A  = 6.73807	Pmu = 0.03838	1-Pb  = 0.79560	CLs  = 0.04824
AsymptoticLimits.cc[337] : (in function: getCLs) - At r = 0.653919:	q_mu = 3.05945	q_A  = 6.64075	Pmu = 0.04013	1-Pb  = 0.79612	CLs  = 0.05041
AsymptoticLimits.cc[337] : (in function: getCLs) - At r = 0.655963:	q_mu = 3.08473	q_A  = 6.67470	Pmu = 0.03952	1-Pb  = 0.79594	CLs  = 0.04965
AsymptoticLimits.cc[337] : (in function: getCLs) - At r = 0.654796:	q_mu = 3.07022	q_A  = 6.65531	Pmu = 0.03987	1-Pb  = 0.79605	CLs  = 0.05008
AsymptoticLimits.cc[337] : (in function: getCLs) - At r = 0.655208:	q_mu = 3.07527	q_A  = 6.66216	Pmu = 0.03975	1-Pb  = 0.79601	CLs  = 0.04993
AsymptoticLimits.cc[337] : (in function: getCLs) - At r = 0.654977:	q_mu = 3.07236	q_A  = 6.65831	Pmu = 0.03982	1-Pb  = 0.79604	CLs  = 0.05002
AsymptoticLimits.cc[337] : (in function: getCLs) - At r = 0.655063:	q_mu = 3.07336	q_A  = 6.65974	Pmu = 0.03979	1-Pb  = 0.79604	CLs  = 0.04999
AsymptoticLimits.cc[337] : (in function: getCLs) - At r = 0.655019:	q_mu = 3.07277	q_A  = 6.65901	Pmu = 0.03981	1-Pb  = 0.79604	CLs  = 0.05001
AsymptoticLimits.cc[337] : (in function: getCLs) - At r = 0.655039:	q_mu = 3.07279	q_A  = 6.65935	Pmu = 0.03981	1-Pb  = 0.79606	CLs  = 0.05000
AsymptoticLimits.cc[337] : (in function: getCLs) - At r = 0.655049:	q_mu = 3.07283	q_A  = 6.65951	Pmu = 0.03981	1-Pb  = 0.79607	CLs  = 0.05000
AsymptoticLimits.cc[337] : (in function: getCLs) - At r = 0.655054:	q_mu = 3.07288	q_A  = 6.65959	Pmu = 0.03980	1-Pb  = 0.79607	CLs  = 0.05000
AsymptoticLimits.cc[337] : (in function: getCLs) - At r = 0.655056:	q_mu = 3.07291	q_A  = 6.65963	Pmu = 0.03980	1-Pb  = 0.79607	CLs  = 0.05000
