CascadeMinimizer.cc[188] : (in function: improveOnce) - Minimization configured with Type=Minuit2, Algo=Migrad, strategy=0, tolerance=0.1
CascadeMinimizer.cc[215] : (in function: improveOnce) - Minimization finished with status=0
CascadeMinimizer.cc[219] : (in function: improveOnce) - Minimization success! status=0
ToyMCSamplerOpt.cc[146] : (in function: generateAsimov) - Using internal logic for binned/unbinned Asimov dataset generation
ToyMCSamplerOpt.cc[214] : (in function: generateWithHisto) - Generating asimov with histogram for pdf pdf_binpass_LOW_obsOnly: in 3 x-bins
ToyMCSamplerOpt.cc[215] : (in function: generateWithHisto) -  , in 1 y-bins
ToyMCSamplerOpt.cc[146] : (in function: generateAsimov) - Using internal logic for binned/unbinned Asimov dataset generation
ToyMCSamplerOpt.cc[214] : (in function: generateWithHisto) - Generating asimov with histogram for pdf pdf_binpass_SIG_obsOnly: in 1 x-bins
ToyMCSamplerOpt.cc[215] : (in function: generateWithHisto) -  , in 1 y-bins
ToyMCSamplerOpt.cc[146] : (in function: generateAsimov) - Using internal logic for binned/unbinned Asimov dataset generation
ToyMCSamplerOpt.cc[214] : (in function: generateWithHisto) - Generating asimov with histogram for pdf pdf_binpass_HIGH_obsOnly: in 5 x-bins
ToyMCSamplerOpt.cc[215] : (in function: generateWithHisto) -  , in 1 y-bins
ToyMCSamplerOpt.cc[146] : (in function: generateAsimov) - Using internal logic for binned/unbinned Asimov dataset generation
ToyMCSamplerOpt.cc[214] : (in function: generateWithHisto) - Generating asimov with histogram for pdf pdf_binfail_LOW_obsOnly: in 3 x-bins
ToyMCSamplerOpt.cc[215] : (in function: generateWithHisto) -  , in 1 y-bins
ToyMCSamplerOpt.cc[146] : (in function: generateAsimov) - Using internal logic for binned/unbinned Asimov dataset generation
ToyMCSamplerOpt.cc[214] : (in function: generateWithHisto) - Generating asimov with histogram for pdf pdf_binfail_SIG_obsOnly: in 1 x-bins
ToyMCSamplerOpt.cc[215] : (in function: generateWithHisto) -  , in 1 y-bins
ToyMCSamplerOpt.cc[146] : (in function: generateAsimov) - Using internal logic for binned/unbinned Asimov dataset generation
ToyMCSamplerOpt.cc[214] : (in function: generateWithHisto) - Generating asimov with histogram for pdf pdf_binfail_HIGH_obsOnly: in 5 x-bins
ToyMCSamplerOpt.cc[215] : (in function: generateWithHisto) -  , in 1 y-bins
AsymptoticLimits.cc[428] : (in function: runLimitExpected) - Median for expected limits = 1.86719, Sigma for expected limits = 0.952664
AsymptoticLimits.cc[191] : (in function: runLimit) - NLL at global minimum of data = -42.3492 (r=4.69648e-08)
AsymptoticLimits.cc[211] : (in function: runLimit) - NLL at global minimum of asimov = -42.3412 (r=1.86984e-06)
AsymptoticLimits.cc[337] : (in function: getCLs) - At r = 1.439232:	q_mu = 3.04087	q_A  = 3.02753	Pmu = 0.04060	1-Pb  = 0.49847	CLs  = 0.08144
AsymptoticLimits.cc[337] : (in function: getCLs) - At r = 2.878464:	q_mu = 5.66789	q_A  = 5.64597	Pmu = 0.00864	1-Pb  = 0.49816	CLs  = 0.01734
AsymptoticLimits.cc[337] : (in function: getCLs) - At r = 1.439232:	q_mu = 3.04072	q_A  = 3.02746	Pmu = 0.04060	1-Pb  = 0.49848	CLs  = 0.08145
AsymptoticLimits.cc[337] : (in function: getCLs) - At r = 2.090268:	q_mu = 4.27078	q_A  = 4.25311	Pmu = 0.01939	1-Pb  = 0.49829	CLs  = 0.03891
AsymptoticLimits.cc[337] : (in function: getCLs) - At r = 1.783201:	q_mu = 3.69997	q_A  = 3.68423	Pmu = 0.02721	1-Pb  = 0.49836	CLs  = 0.05459
AsymptoticLimits.cc[337] : (in function: getCLs) - At r = 1.908329:	q_mu = 3.93404	q_A  = 3.91793	Pmu = 0.02366	1-Pb  = 0.49838	CLs  = 0.04747
AsymptoticLimits.cc[337] : (in function: getCLs) - At r = 1.846135:	q_mu = 3.81777	q_A  = 3.80205	Pmu = 0.02536	1-Pb  = 0.49839	CLs  = 0.05087
AsymptoticLimits.cc[337] : (in function: getCLs) - At r = 1.871039:	q_mu = 3.86436	q_A  = 3.84850	Pmu = 0.02466	1-Pb  = 0.49839	CLs  = 0.04948
AsymptoticLimits.cc[337] : (in function: getCLs) - At r = 1.858575:	q_mu = 3.84101	q_A  = 3.82525	Pmu = 0.02501	1-Pb  = 0.49839	CLs  = 0.05017
AsymptoticLimits.cc[337] : (in function: getCLs) - At r = 1.863561:	q_mu = 3.85031	q_A  = 3.83454	Pmu = 0.02487	1-Pb  = 0.49839	CLs  = 0.04990
AsymptoticLimits.cc[337] : (in function: getCLs) - At r = 1.861075:	q_mu = 3.84564	q_A  = 3.82990	Pmu = 0.02494	1-Pb  = 0.49840	CLs  = 0.05004
AsymptoticLimits.cc[337] : (in function: getCLs) - At r = 1.862081:	q_mu = 3.84750	q_A  = 3.83177	Pmu = 0.02491	1-Pb  = 0.49840	CLs  = 0.04998
AsymptoticLimits.cc[337] : (in function: getCLs) - At r = 1.861589:	q_mu = 3.84656	q_A  = 3.83085	Pmu = 0.02492	1-Pb  = 0.49840	CLs  = 0.05001
AsymptoticLimits.cc[337] : (in function: getCLs) - At r = 1.861797:	q_mu = 3.84693	q_A  = 3.83123	Pmu = 0.02492	1-Pb  = 0.49840	CLs  = 0.05000
AsymptoticLimits.cc[337] : (in function: getCLs) - At r = 1.861704:	q_mu = 3.84674	q_A  = 3.83105	Pmu = 0.02492	1-Pb  = 0.49840	CLs  = 0.05000
AsymptoticLimits.cc[337] : (in function: getCLs) - At r = 1.861751:	q_mu = 3.84681	q_A  = 3.83114	Pmu = 0.02492	1-Pb  = 0.49840	CLs  = 0.05000
AsymptoticLimits.cc[337] : (in function: getCLs) - At r = 1.861740:	q_mu = 3.84677	q_A  = 3.83112	Pmu = 0.02492	1-Pb  = 0.49840	CLs  = 0.05000
AsymptoticLimits.cc[337] : (in function: getCLs) - At r = 1.861748:	q_mu = 3.84677	q_A  = 3.83113	Pmu = 0.02492	1-Pb  = 0.49841	CLs  = 0.05000
