CascadeMinimizer.cc[188] : (in function: improveOnce) - Minimization configured with Type=Minuit2, Algo=Migrad, strategy=0, tolerance=0.1
CascadeMinimizer.cc[215] : (in function: improveOnce) - Minimization finished with status=0
CascadeMinimizer.cc[219] : (in function: improveOnce) - Minimization success! status=0
ToyMCSamplerOpt.cc[146] : (in function: generateAsimov) - Using internal logic for binned/unbinned Asimov dataset generation
ToyMCSamplerOpt.cc[214] : (in function: generateWithHisto) - Generating asimov with histogram for pdf pdf_binpass_LOW_obsOnly: in 3 x-bins
ToyMCSamplerOpt.cc[215] : (in function: generateWithHisto) -  , in 1 y-bins
ToyMCSamplerOpt.cc[146] : (in function: generateAsimov) - Using internal logic for binned/unbinned Asimov dataset generation
ToyMCSamplerOpt.cc[214] : (in function: generateWithHisto) - Generating asimov with histogram for pdf pdf_binpass_SIG_obsOnly: in 1 x-bins
ToyMCSamplerOpt.cc[215] : (in function: generateWithHisto) -  , in 1 y-bins
ToyMCSamplerOpt.cc[146] : (in function: generateAsimov) - Using internal logic for binned/unbinned Asimov dataset generation
ToyMCSamplerOpt.cc[214] : (in function: generateWithHisto) - Generating asimov with histogram for pdf pdf_binpass_HIGH_obsOnly: in 3 x-bins
ToyMCSamplerOpt.cc[215] : (in function: generateWithHisto) -  , in 1 y-bins
ToyMCSamplerOpt.cc[146] : (in function: generateAsimov) - Using internal logic for binned/unbinned Asimov dataset generation
ToyMCSamplerOpt.cc[214] : (in function: generateWithHisto) - Generating asimov with histogram for pdf pdf_binfail_LOW_obsOnly: in 3 x-bins
ToyMCSamplerOpt.cc[215] : (in function: generateWithHisto) -  , in 1 y-bins
ToyMCSamplerOpt.cc[146] : (in function: generateAsimov) - Using internal logic for binned/unbinned Asimov dataset generation
ToyMCSamplerOpt.cc[214] : (in function: generateWithHisto) - Generating asimov with histogram for pdf pdf_binfail_SIG_obsOnly: in 1 x-bins
ToyMCSamplerOpt.cc[215] : (in function: generateWithHisto) -  , in 1 y-bins
ToyMCSamplerOpt.cc[146] : (in function: generateAsimov) - Using internal logic for binned/unbinned Asimov dataset generation
ToyMCSamplerOpt.cc[214] : (in function: generateWithHisto) - Generating asimov with histogram for pdf pdf_binfail_HIGH_obsOnly: in 3 x-bins
ToyMCSamplerOpt.cc[215] : (in function: generateWithHisto) -  , in 1 y-bins
AsymptoticLimits.cc[428] : (in function: runLimitExpected) - Median for expected limits = 2.57031, Sigma for expected limits = 1.31141
AsymptoticLimits.cc[191] : (in function: runLimit) - NLL at global minimum of data = -707.691 (r=3.04891e-07)
AsymptoticLimits.cc[211] : (in function: runLimit) - NLL at global minimum of asimov = -707.151 (r=7.2688e-08)
AsymptoticLimits.cc[337] : (in function: getCLs) - At r = 1.200000:	q_mu = 5.82241	q_A  = 1.02157	Pmu = 0.00036	1-Pb  = 0.00878	CLs  = 0.04045
AsymptoticLimits.cc[337] : (in function: getCLs) - At r = 0.600000:	q_mu = 2.90468	q_A  = 0.26918	Pmu = 0.00111	1-Pb  = 0.00554	CLs  = 0.20047
AsymptoticLimits.cc[337] : (in function: getCLs) - At r = 0.900000:	q_mu = 4.36871	q_A  = 0.59824	Pmu = 0.00066	1-Pb  = 0.00740	CLs  = 0.08946
AsymptoticLimits.cc[337] : (in function: getCLs) - At r = 1.075935:	q_mu = 5.26946	q_A  = 0.83411	Pmu = 0.00042	1-Pb  = 0.00759	CLs  = 0.05491
AsymptoticLimits.cc[337] : (in function: getCLs) - At r = 1.131199:	q_mu = 5.49035	q_A  = 0.91613	Pmu = 0.00041	1-Pb  = 0.00844	CLs  = 0.04848
AsymptoticLimits.cc[337] : (in function: getCLs) - At r = 1.109203:	q_mu = 5.38470	q_A  = 0.88312	Pmu = 0.00043	1-Pb  = 0.00831	CLs  = 0.05136
AsymptoticLimits.cc[337] : (in function: getCLs) - At r = 1.121805:	q_mu = 5.44508	q_A  = 0.90197	Pmu = 0.00042	1-Pb  = 0.00838	CLs  = 0.04970
AsymptoticLimits.cc[337] : (in function: getCLs) - At r = 1.117421:	q_mu = 5.42403	q_A  = 0.89538	Pmu = 0.00042	1-Pb  = 0.00836	CLs  = 0.05027
AsymptoticLimits.cc[337] : (in function: getCLs) - At r = 1.119945:	q_mu = 5.43615	q_A  = 0.89916	Pmu = 0.00042	1-Pb  = 0.00837	CLs  = 0.04994
AsymptoticLimits.cc[337] : (in function: getCLs) - At r = 1.119070:	q_mu = 5.43194	q_A  = 0.89785	Pmu = 0.00042	1-Pb  = 0.00837	CLs  = 0.05005
AsymptoticLimits.cc[337] : (in function: getCLs) - At r = 1.119575:	q_mu = 5.43437	q_A  = 0.89861	Pmu = 0.00042	1-Pb  = 0.00837	CLs  = 0.04999
AsymptoticLimits.cc[337] : (in function: getCLs) - At r = 1.119400:	q_mu = 5.43353	q_A  = 0.89834	Pmu = 0.00042	1-Pb  = 0.00837	CLs  = 0.05001
AsymptoticLimits.cc[337] : (in function: getCLs) - At r = 1.119501:	q_mu = 5.43401	q_A  = 0.89849	Pmu = 0.00042	1-Pb  = 0.00837	CLs  = 0.05000
AsymptoticLimits.cc[337] : (in function: getCLs) - At r = 1.119466:	q_mu = 5.43385	q_A  = 0.89844	Pmu = 0.00042	1-Pb  = 0.00837	CLs  = 0.05000
AsymptoticLimits.cc[337] : (in function: getCLs) - At r = 1.119486:	q_mu = 5.43394	q_A  = 0.89847	Pmu = 0.00042	1-Pb  = 0.00837	CLs  = 0.05000
AsymptoticLimits.cc[337] : (in function: getCLs) - At r = 1.119479:	q_mu = 5.43391	q_A  = 0.89846	Pmu = 0.00042	1-Pb  = 0.00837	CLs  = 0.05000
AsymptoticLimits.cc[337] : (in function: getCLs) - At r = 1.119483:	q_mu = 5.43393	q_A  = 0.89847	Pmu = 0.00042	1-Pb  = 0.00837	CLs  = 0.05000
