CascadeMinimizer.cc[188] : (in function: improveOnce) - Minimization configured with Type=Minuit2, Algo=Migrad, strategy=0, tolerance=0.1
CascadeMinimizer.cc[215] : (in function: improveOnce) - Minimization finished with status=0
CascadeMinimizer.cc[219] : (in function: improveOnce) - Minimization success! status=0
ToyMCSamplerOpt.cc[146] : (in function: generateAsimov) - Using internal logic for binned/unbinned Asimov dataset generation
ToyMCSamplerOpt.cc[214] : (in function: generateWithHisto) - Generating asimov with histogram for pdf pdf_binpass_LOW_obsOnly: in 2 x-bins
ToyMCSamplerOpt.cc[215] : (in function: generateWithHisto) -  , in 1 y-bins
ToyMCSamplerOpt.cc[146] : (in function: generateAsimov) - Using internal logic for binned/unbinned Asimov dataset generation
ToyMCSamplerOpt.cc[214] : (in function: generateWithHisto) - Generating asimov with histogram for pdf pdf_binpass_SIG_obsOnly: in 1 x-bins
ToyMCSamplerOpt.cc[215] : (in function: generateWithHisto) -  , in 1 y-bins
ToyMCSamplerOpt.cc[146] : (in function: generateAsimov) - Using internal logic for binned/unbinned Asimov dataset generation
ToyMCSamplerOpt.cc[214] : (in function: generateWithHisto) - Generating asimov with histogram for pdf pdf_binpass_HIGH_obsOnly: in 9 x-bins
ToyMCSamplerOpt.cc[215] : (in function: generateWithHisto) -  , in 1 y-bins
ToyMCSamplerOpt.cc[146] : (in function: generateAsimov) - Using internal logic for binned/unbinned Asimov dataset generation
ToyMCSamplerOpt.cc[214] : (in function: generateWithHisto) - Generating asimov with histogram for pdf pdf_binfail_LOW_obsOnly: in 2 x-bins
ToyMCSamplerOpt.cc[215] : (in function: generateWithHisto) -  , in 1 y-bins
ToyMCSamplerOpt.cc[146] : (in function: generateAsimov) - Using internal logic for binned/unbinned Asimov dataset generation
ToyMCSamplerOpt.cc[214] : (in function: generateWithHisto) - Generating asimov with histogram for pdf pdf_binfail_SIG_obsOnly: in 1 x-bins
ToyMCSamplerOpt.cc[215] : (in function: generateWithHisto) -  , in 1 y-bins
ToyMCSamplerOpt.cc[146] : (in function: generateAsimov) - Using internal logic for binned/unbinned Asimov dataset generation
ToyMCSamplerOpt.cc[214] : (in function: generateWithHisto) - Generating asimov with histogram for pdf pdf_binfail_HIGH_obsOnly: in 9 x-bins
ToyMCSamplerOpt.cc[215] : (in function: generateWithHisto) -  , in 1 y-bins
AsymptoticLimits.cc[428] : (in function: runLimitExpected) - Median for expected limits = 3.25, Sigma for expected limits = 1.65819
AsymptoticLimits.cc[191] : (in function: runLimit) - NLL at global minimum of data = -812.121 (r=1.76017e-06)
AsymptoticLimits.cc[211] : (in function: runLimit) - NLL at global minimum of asimov = -811.582 (r=1.15528e-06)
AsymptoticLimits.cc[337] : (in function: getCLs) - At r = 2.149370:	q_mu = 2.68265	q_A  = 2.63739	Pmu = 0.05072	1-Pb  = 0.49444	CLs  = 0.10257
AsymptoticLimits.cc[337] : (in function: getCLs) - At r = 4.298741:	q_mu = 5.01426	q_A  = 4.93574	Pmu = 0.01257	1-Pb  = 0.49295	CLs  = 0.02549
AsymptoticLimits.cc[337] : (in function: getCLs) - At r = 2.149371:	q_mu = 2.68222	q_A  = 2.63729	Pmu = 0.05073	1-Pb  = 0.49448	CLs  = 0.10259
AsymptoticLimits.cc[337] : (in function: getCLs) - At r = 3.037025:	q_mu = 3.68015	q_A  = 3.62033	Pmu = 0.02753	1-Pb  = 0.49373	CLs  = 0.05575
AsymptoticLimits.cc[337] : (in function: getCLs) - At r = 3.429895:	q_mu = 4.10534	q_A  = 4.03955	Pmu = 0.02137	1-Pb  = 0.49347	CLs  = 0.04331
AsymptoticLimits.cc[337] : (in function: getCLs) - At r = 3.251118:	q_mu = 3.91291	q_A  = 3.84989	Pmu = 0.02395	1-Pb  = 0.49359	CLs  = 0.04853
AsymptoticLimits.cc[337] : (in function: getCLs) - At r = 3.171493:	q_mu = 3.82647	q_A  = 3.76480	Pmu = 0.02522	1-Pb  = 0.49366	CLs  = 0.05109
AsymptoticLimits.cc[337] : (in function: getCLs) - At r = 3.214142:	q_mu = 3.87258	q_A  = 3.81040	Pmu = 0.02454	1-Pb  = 0.49365	CLs  = 0.04971
AsymptoticLimits.cc[337] : (in function: getCLs) - At r = 3.198267:	q_mu = 3.85149	q_A  = 3.79342	Pmu = 0.02485	1-Pb  = 0.49405	CLs  = 0.05029
AsymptoticLimits.cc[337] : (in function: getCLs) - At r = 3.207759:	q_mu = 3.86178	q_A  = 3.80355	Pmu = 0.02470	1-Pb  = 0.49404	CLs  = 0.04999
AsymptoticLimits.cc[337] : (in function: getCLs) - At r = 3.205531:	q_mu = 3.85936	q_A  = 3.80116	Pmu = 0.02473	1-Pb  = 0.49405	CLs  = 0.05006
AsymptoticLimits.cc[337] : (in function: getCLs) - At r = 3.206984:	q_mu = 3.86094	q_A  = 3.80270	Pmu = 0.02471	1-Pb  = 0.49404	CLs  = 0.05001
AsymptoticLimits.cc[337] : (in function: getCLs) - At r = 3.207432:	q_mu = 3.86142	q_A  = 3.80317	Pmu = 0.02470	1-Pb  = 0.49404	CLs  = 0.05000
AsymptoticLimits.cc[337] : (in function: getCLs) - At r = 3.207282:	q_mu = 3.86126	q_A  = 3.80300	Pmu = 0.02470	1-Pb  = 0.49404	CLs  = 0.05000
AsymptoticLimits.cc[337] : (in function: getCLs) - At r = 3.207344:	q_mu = 3.86133	q_A  = 3.80305	Pmu = 0.02470	1-Pb  = 0.49404	CLs  = 0.05000
AsymptoticLimits.cc[337] : (in function: getCLs) - At r = 3.207377:	q_mu = 3.86136	q_A  = 3.80308	Pmu = 0.02470	1-Pb  = 0.49404	CLs  = 0.05000
AsymptoticLimits.cc[337] : (in function: getCLs) - At r = 3.207362:	q_mu = 3.86135	q_A  = 3.80305	Pmu = 0.02470	1-Pb  = 0.49404	CLs  = 0.05000
AsymptoticLimits.cc[337] : (in function: getCLs) - At r = 3.207368:	q_mu = 3.86135	q_A  = 3.80305	Pmu = 0.02470	1-Pb  = 0.49404	CLs  = 0.05000
