CascadeMinimizer.cc[188] : (in function: improveOnce) - Minimization configured with Type=Minuit2, Algo=Migrad, strategy=0, tolerance=0.1
CascadeMinimizer.cc[215] : (in function: improveOnce) - Minimization finished with status=0
CascadeMinimizer.cc[219] : (in function: improveOnce) - Minimization success! status=0
ToyMCSamplerOpt.cc[146] : (in function: generateAsimov) - Using internal logic for binned/unbinned Asimov dataset generation
ToyMCSamplerOpt.cc[214] : (in function: generateWithHisto) - Generating asimov with histogram for pdf pdf_binpass_LOW_obsOnly: in 3 x-bins
ToyMCSamplerOpt.cc[215] : (in function: generateWithHisto) -  , in 1 y-bins
ToyMCSamplerOpt.cc[146] : (in function: generateAsimov) - Using internal logic for binned/unbinned Asimov dataset generation
ToyMCSamplerOpt.cc[214] : (in function: generateWithHisto) - Generating asimov with histogram for pdf pdf_binpass_SIG_obsOnly: in 1 x-bins
ToyMCSamplerOpt.cc[215] : (in function: generateWithHisto) -  , in 1 y-bins
ToyMCSamplerOpt.cc[146] : (in function: generateAsimov) - Using internal logic for binned/unbinned Asimov dataset generation
ToyMCSamplerOpt.cc[214] : (in function: generateWithHisto) - Generating asimov with histogram for pdf pdf_binpass_HIGH_obsOnly: in 3 x-bins
ToyMCSamplerOpt.cc[215] : (in function: generateWithHisto) -  , in 1 y-bins
ToyMCSamplerOpt.cc[146] : (in function: generateAsimov) - Using internal logic for binned/unbinned Asimov dataset generation
ToyMCSamplerOpt.cc[214] : (in function: generateWithHisto) - Generating asimov with histogram for pdf pdf_binfail_LOW_obsOnly: in 3 x-bins
ToyMCSamplerOpt.cc[215] : (in function: generateWithHisto) -  , in 1 y-bins
ToyMCSamplerOpt.cc[146] : (in function: generateAsimov) - Using internal logic for binned/unbinned Asimov dataset generation
ToyMCSamplerOpt.cc[214] : (in function: generateWithHisto) - Generating asimov with histogram for pdf pdf_binfail_SIG_obsOnly: in 1 x-bins
ToyMCSamplerOpt.cc[215] : (in function: generateWithHisto) -  , in 1 y-bins
ToyMCSamplerOpt.cc[146] : (in function: generateAsimov) - Using internal logic for binned/unbinned Asimov dataset generation
ToyMCSamplerOpt.cc[214] : (in function: generateWithHisto) - Generating asimov with histogram for pdf pdf_binfail_HIGH_obsOnly: in 3 x-bins
ToyMCSamplerOpt.cc[215] : (in function: generateWithHisto) -  , in 1 y-bins
AsymptoticLimits.cc[428] : (in function: runLimitExpected) - Median for expected limits = 0.539062, Sigma for expected limits = 0.275037
AsymptoticLimits.cc[191] : (in function: runLimit) - NLL at global minimum of data = -702.864 (r=2.43604e-08)
AsymptoticLimits.cc[211] : (in function: runLimit) - NLL at global minimum of asimov = -702.472 (r=1.60181e-05)
AsymptoticLimits.cc[337] : (in function: getCLs) - At r = 1.200000:	q_mu = 15.29584	q_A  = 11.19697	Pmu = 0.00004	1-Pb  = 0.27011	CLs  = 0.00014
AsymptoticLimits.cc[337] : (in function: getCLs) - At r = 0.600000:	q_mu = 8.57567	q_A  = 5.21949	Pmu = 0.00127	1-Pb  = 0.23132	CLs  = 0.00548
AsymptoticLimits.cc[337] : (in function: getCLs) - At r = 0.300000:	q_mu = 4.53054	q_A  = 1.53779	Pmu = 0.00721	1-Pb  = 0.11378	CLs  = 0.06335
AsymptoticLimits.cc[337] : (in function: getCLs) - At r = 0.450000:	q_mu = 6.62270	q_A  = 2.94857	Pmu = 0.00266	1-Pb  = 0.14235	CLs  = 0.01869
AsymptoticLimits.cc[337] : (in function: getCLs) - At r = 0.353257:	q_mu = 5.28970	q_A  = 2.01076	Pmu = 0.00502	1-Pb  = 0.12380	CLs  = 0.04058
AsymptoticLimits.cc[337] : (in function: getCLs) - At r = 0.322633:	q_mu = 4.85494	q_A  = 1.73284	Pmu = 0.00617	1-Pb  = 0.11784	CLs  = 0.05236
AsymptoticLimits.cc[337] : (in function: getCLs) - At r = 0.333197:	q_mu = 5.00554	q_A  = 1.82721	Pmu = 0.00575	1-Pb  = 0.11987	CLs  = 0.04793
AsymptoticLimits.cc[337] : (in function: getCLs) - At r = 0.327050:	q_mu = 4.91801	q_A  = 1.77207	Pmu = 0.00599	1-Pb  = 0.11868	CLs  = 0.05046
AsymptoticLimits.cc[337] : (in function: getCLs) - At r = 0.329158:	q_mu = 4.94814	q_A  = 1.79091	Pmu = 0.00590	1-Pb  = 0.11908	CLs  = 0.04958
AsymptoticLimits.cc[337] : (in function: getCLs) - At r = 0.327925:	q_mu = 4.93052	q_A  = 1.77989	Pmu = 0.00595	1-Pb  = 0.11884	CLs  = 0.05009
AsymptoticLimits.cc[337] : (in function: getCLs) - At r = 0.328347:	q_mu = 4.93655	q_A  = 1.78366	Pmu = 0.00594	1-Pb  = 0.11892	CLs  = 0.04992
AsymptoticLimits.cc[337] : (in function: getCLs) - At r = 0.328101:	q_mu = 4.93303	q_A  = 1.78145	Pmu = 0.00595	1-Pb  = 0.11888	CLs  = 0.05002
AsymptoticLimits.cc[337] : (in function: getCLs) - At r = 0.328185:	q_mu = 4.93423	q_A  = 1.78221	Pmu = 0.00594	1-Pb  = 0.11889	CLs  = 0.04998
AsymptoticLimits.cc[337] : (in function: getCLs) - At r = 0.328136:	q_mu = 4.93353	q_A  = 1.78177	Pmu = 0.00594	1-Pb  = 0.11888	CLs  = 0.05000
AsymptoticLimits.cc[337] : (in function: getCLs) - At r = 0.328152:	q_mu = 4.93377	q_A  = 1.78192	Pmu = 0.00594	1-Pb  = 0.11889	CLs  = 0.05000
AsymptoticLimits.cc[337] : (in function: getCLs) - At r = 0.328143:	q_mu = 4.93363	q_A  = 1.78183	Pmu = 0.00594	1-Pb  = 0.11888	CLs  = 0.05000
AsymptoticLimits.cc[337] : (in function: getCLs) - At r = 0.328146:	q_mu = 4.93368	q_A  = 1.78186	Pmu = 0.00594	1-Pb  = 0.11889	CLs  = 0.05000
