CascadeMinimizer.cc[188] : (in function: improveOnce) - Minimization configured with Type=Minuit2, Algo=Migrad, strategy=0, tolerance=0.1
CascadeMinimizer.cc[215] : (in function: improveOnce) - Minimization finished with status=0
CascadeMinimizer.cc[219] : (in function: improveOnce) - Minimization success! status=0
ToyMCSamplerOpt.cc[146] : (in function: generateAsimov) - Using internal logic for binned/unbinned Asimov dataset generation
ToyMCSamplerOpt.cc[214] : (in function: generateWithHisto) - Generating asimov with histogram for pdf pdf_binpass_LOW_obsOnly: in 3 x-bins
ToyMCSamplerOpt.cc[215] : (in function: generateWithHisto) -  , in 1 y-bins
ToyMCSamplerOpt.cc[146] : (in function: generateAsimov) - Using internal logic for binned/unbinned Asimov dataset generation
ToyMCSamplerOpt.cc[214] : (in function: generateWithHisto) - Generating asimov with histogram for pdf pdf_binpass_SIG_obsOnly: in 1 x-bins
ToyMCSamplerOpt.cc[215] : (in function: generateWithHisto) -  , in 1 y-bins
ToyMCSamplerOpt.cc[146] : (in function: generateAsimov) - Using internal logic for binned/unbinned Asimov dataset generation
ToyMCSamplerOpt.cc[214] : (in function: generateWithHisto) - Generating asimov with histogram for pdf pdf_binpass_HIGH_obsOnly: in 3 x-bins
ToyMCSamplerOpt.cc[215] : (in function: generateWithHisto) -  , in 1 y-bins
ToyMCSamplerOpt.cc[146] : (in function: generateAsimov) - Using internal logic for binned/unbinned Asimov dataset generation
ToyMCSamplerOpt.cc[214] : (in function: generateWithHisto) - Generating asimov with histogram for pdf pdf_binfail_LOW_obsOnly: in 3 x-bins
ToyMCSamplerOpt.cc[215] : (in function: generateWithHisto) -  , in 1 y-bins
ToyMCSamplerOpt.cc[146] : (in function: generateAsimov) - Using internal logic for binned/unbinned Asimov dataset generation
ToyMCSamplerOpt.cc[214] : (in function: generateWithHisto) - Generating asimov with histogram for pdf pdf_binfail_SIG_obsOnly: in 1 x-bins
ToyMCSamplerOpt.cc[215] : (in function: generateWithHisto) -  , in 1 y-bins
ToyMCSamplerOpt.cc[146] : (in function: generateAsimov) - Using internal logic for binned/unbinned Asimov dataset generation
ToyMCSamplerOpt.cc[214] : (in function: generateWithHisto) - Generating asimov with histogram for pdf pdf_binfail_HIGH_obsOnly: in 3 x-bins
ToyMCSamplerOpt.cc[215] : (in function: generateWithHisto) -  , in 1 y-bins
AsymptoticLimits.cc[428] : (in function: runLimitExpected) - Median for expected limits = 4.8125, Sigma for expected limits = 2.4554
AsymptoticLimits.cc[191] : (in function: runLimit) - NLL at global minimum of data = -8387.45 (r=7.13382e-07)
AsymptoticLimits.cc[211] : (in function: runLimit) - NLL at global minimum of asimov = -8386.7 (r=1.26741e-08)
AsymptoticLimits.cc[337] : (in function: getCLs) - At r = 1.495884:	q_mu = 2.25391	q_A  = 1.21975	Pmu = 0.05790	1-Pb  = 0.31982	CLs  = 0.18105
AsymptoticLimits.cc[337] : (in function: getCLs) - At r = 2.991769:	q_mu = 3.82927	q_A  = 2.50917	Pmu = 0.02271	1-Pb  = 0.33845	CLs  = 0.06710
AsymptoticLimits.cc[337] : (in function: getCLs) - At r = 5.983538:	q_mu = 6.16199	q_A  = 4.57704	Pmu = 0.00604	1-Pb  = 0.35554	CLs  = 0.01699
AsymptoticLimits.cc[337] : (in function: getCLs) - At r = 2.991769:	q_mu = 3.82915	q_A  = 2.50923	Pmu = 0.02271	1-Pb  = 0.33847	CLs  = 0.06710
AsymptoticLimits.cc[337] : (in function: getCLs) - At r = 4.102738:	q_mu = 4.78801	q_A  = 3.34396	Pmu = 0.01309	1-Pb  = 0.34648	CLs  = 0.03778
AsymptoticLimits.cc[337] : (in function: getCLs) - At r = 3.447060:	q_mu = 4.23884	q_A  = 2.86257	Pmu = 0.01792	1-Pb  = 0.34211	CLs  = 0.05239
AsymptoticLimits.cc[337] : (in function: getCLs) - At r = 3.653262:	q_mu = 4.41638	q_A  = 3.01732	Pmu = 0.01619	1-Pb  = 0.34358	CLs  = 0.04711
AsymptoticLimits.cc[337] : (in function: getCLs) - At r = 3.560939:	q_mu = 4.33753	q_A  = 2.94842	Pmu = 0.01694	1-Pb  = 0.34292	CLs  = 0.04939
AsymptoticLimits.cc[337] : (in function: getCLs) - At r = 3.519156:	q_mu = 4.30146	q_A  = 2.91710	Pmu = 0.01729	1-Pb  = 0.34264	CLs  = 0.05046
AsymptoticLimits.cc[337] : (in function: getCLs) - At r = 3.541822:	q_mu = 4.32101	q_A  = 2.93410	Pmu = 0.01710	1-Pb  = 0.34280	CLs  = 0.04988
AsymptoticLimits.cc[337] : (in function: getCLs) - At r = 3.533468:	q_mu = 4.31381	q_A  = 2.92781	Pmu = 0.01717	1-Pb  = 0.34274	CLs  = 0.05009
AsymptoticLimits.cc[337] : (in function: getCLs) - At r = 3.538005:	q_mu = 4.31772	q_A  = 2.93121	Pmu = 0.01713	1-Pb  = 0.34277	CLs  = 0.04998
AsymptoticLimits.cc[337] : (in function: getCLs) - At r = 3.536339:	q_mu = 4.31635	q_A  = 2.93000	Pmu = 0.01714	1-Pb  = 0.34275	CLs  = 0.05002
AsymptoticLimits.cc[337] : (in function: getCLs) - At r = 3.537211:	q_mu = 4.31705	q_A  = 2.93062	Pmu = 0.01714	1-Pb  = 0.34276	CLs  = 0.05000
AsymptoticLimits.cc[337] : (in function: getCLs) - At r = 3.536891:	q_mu = 4.31676	q_A  = 2.93037	Pmu = 0.01714	1-Pb  = 0.34276	CLs  = 0.05000
AsymptoticLimits.cc[337] : (in function: getCLs) - At r = 3.537080:	q_mu = 4.31692	q_A  = 2.93051	Pmu = 0.01714	1-Pb  = 0.34276	CLs  = 0.05000
AsymptoticLimits.cc[337] : (in function: getCLs) - At r = 3.537023:	q_mu = 4.31695	q_A  = 2.93051	Pmu = 0.01714	1-Pb  = 0.34276	CLs  = 0.05000
AsymptoticLimits.cc[337] : (in function: getCLs) - At r = 3.536976:	q_mu = 4.31685	q_A  = 2.93044	Pmu = 0.01714	1-Pb  = 0.34276	CLs  = 0.05000
AsymptoticLimits.cc[337] : (in function: getCLs) - At r = 3.537000:	q_mu = 4.31686	q_A  = 2.93045	Pmu = 0.01714	1-Pb  = 0.34276	CLs  = 0.05000
AsymptoticLimits.cc[337] : (in function: getCLs) - At r = 3.537010:	q_mu = 4.31686	q_A  = 2.93046	Pmu = 0.01714	1-Pb  = 0.34276	CLs  = 0.05000
