CascadeMinimizer.cc[188] : (in function: improveOnce) - Minimization configured with Type=Minuit2, Algo=Migrad, strategy=0, tolerance=0.1
CascadeMinimizer.cc[215] : (in function: improveOnce) - Minimization finished with status=0
CascadeMinimizer.cc[219] : (in function: improveOnce) - Minimization success! status=0
ToyMCSamplerOpt.cc[146] : (in function: generateAsimov) - Using internal logic for binned/unbinned Asimov dataset generation
ToyMCSamplerOpt.cc[214] : (in function: generateWithHisto) - Generating asimov with histogram for pdf pdf_binpass_LOW_obsOnly: in 2 x-bins
ToyMCSamplerOpt.cc[215] : (in function: generateWithHisto) -  , in 1 y-bins
ToyMCSamplerOpt.cc[146] : (in function: generateAsimov) - Using internal logic for binned/unbinned Asimov dataset generation
ToyMCSamplerOpt.cc[214] : (in function: generateWithHisto) - Generating asimov with histogram for pdf pdf_binpass_SIG_obsOnly: in 1 x-bins
ToyMCSamplerOpt.cc[215] : (in function: generateWithHisto) -  , in 1 y-bins
ToyMCSamplerOpt.cc[146] : (in function: generateAsimov) - Using internal logic for binned/unbinned Asimov dataset generation
ToyMCSamplerOpt.cc[214] : (in function: generateWithHisto) - Generating asimov with histogram for pdf pdf_binpass_HIGH_obsOnly: in 9 x-bins
ToyMCSamplerOpt.cc[215] : (in function: generateWithHisto) -  , in 1 y-bins
ToyMCSamplerOpt.cc[146] : (in function: generateAsimov) - Using internal logic for binned/unbinned Asimov dataset generation
ToyMCSamplerOpt.cc[214] : (in function: generateWithHisto) - Generating asimov with histogram for pdf pdf_binfail_LOW_obsOnly: in 2 x-bins
ToyMCSamplerOpt.cc[215] : (in function: generateWithHisto) -  , in 1 y-bins
ToyMCSamplerOpt.cc[146] : (in function: generateAsimov) - Using internal logic for binned/unbinned Asimov dataset generation
ToyMCSamplerOpt.cc[214] : (in function: generateWithHisto) - Generating asimov with histogram for pdf pdf_binfail_SIG_obsOnly: in 1 x-bins
ToyMCSamplerOpt.cc[215] : (in function: generateWithHisto) -  , in 1 y-bins
ToyMCSamplerOpt.cc[146] : (in function: generateAsimov) - Using internal logic for binned/unbinned Asimov dataset generation
ToyMCSamplerOpt.cc[214] : (in function: generateWithHisto) - Generating asimov with histogram for pdf pdf_binfail_HIGH_obsOnly: in 9 x-bins
ToyMCSamplerOpt.cc[215] : (in function: generateWithHisto) -  , in 1 y-bins
AsymptoticLimits.cc[428] : (in function: runLimitExpected) - Median for expected limits = 3.27344, Sigma for expected limits = 1.67015
AsymptoticLimits.cc[191] : (in function: runLimit) - NLL at global minimum of data = -18.551 (r=0.482728)
AsymptoticLimits.cc[211] : (in function: runLimit) - NLL at global minimum of asimov = -18.4622 (r=0.316283)
AsymptoticLimits.cc[337] : (in function: getCLs) - At r = 2.942463:	q_mu = 3.10686	q_A  = 3.30216	Pmu = 0.03898	1-Pb  = 0.52175	CLs  = 0.07471
AsymptoticLimits.cc[337] : (in function: getCLs) - At r = 5.884926:	q_mu = 7.84047	q_A  = 7.95465	Pmu = 0.00255	1-Pb  = 0.50810	CLs  = 0.00503
AsymptoticLimits.cc[337] : (in function: getCLs) - At r = 3.183827:	q_mu = 3.49755	q_A  = 3.68781	Pmu = 0.03073	1-Pb  = 0.52002	CLs  = 0.05909
AsymptoticLimits.cc[337] : (in function: getCLs) - At r = 4.534377:	q_mu = 5.69499	q_A  = 5.85054	Pmu = 0.00851	1-Pb  = 0.51291	CLs  = 0.01659
AsymptoticLimits.cc[337] : (in function: getCLs) - At r = 3.596032:	q_mu = 4.16864	q_A  = 4.34858	Pmu = 0.02059	1-Pb  = 0.51739	CLs  = 0.03979
AsymptoticLimits.cc[337] : (in function: getCLs) - At r = 3.405639:	q_mu = 3.85823	q_A  = 4.04308	Pmu = 0.02475	1-Pb  = 0.51855	CLs  = 0.04773
AsymptoticLimits.cc[337] : (in function: getCLs) - At r = 3.322700:	q_mu = 3.72321	q_A  = 3.91017	Pmu = 0.02683	1-Pb  = 0.51908	CLs  = 0.05169
AsymptoticLimits.cc[337] : (in function: getCLs) - At r = 3.366961:	q_mu = 3.79525	q_A  = 3.98107	Pmu = 0.02570	1-Pb  = 0.51879	CLs  = 0.04954
AsymptoticLimits.cc[337] : (in function: getCLs) - At r = 3.350352:	q_mu = 3.76820	q_A  = 3.95446	Pmu = 0.02612	1-Pb  = 0.51890	CLs  = 0.05033
AsymptoticLimits.cc[337] : (in function: getCLs) - At r = 3.359202:	q_mu = 3.78260	q_A  = 3.96864	Pmu = 0.02589	1-Pb  = 0.51884	CLs  = 0.04991
AsymptoticLimits.cc[337] : (in function: getCLs) - At r = 3.355883:	q_mu = 3.77733	q_A  = 3.96332	Pmu = 0.02598	1-Pb  = 0.51885	CLs  = 0.05006
AsymptoticLimits.cc[337] : (in function: getCLs) - At r = 3.357627:	q_mu = 3.78006	q_A  = 3.96611	Pmu = 0.02593	1-Pb  = 0.51885	CLs  = 0.04998
AsymptoticLimits.cc[337] : (in function: getCLs) - At r = 3.356974:	q_mu = 3.77898	q_A  = 3.96511	Pmu = 0.02595	1-Pb  = 0.51886	CLs  = 0.05001
AsymptoticLimits.cc[337] : (in function: getCLs) - At r = 3.357331:	q_mu = 3.77955	q_A  = 3.96568	Pmu = 0.02594	1-Pb  = 0.51886	CLs  = 0.05000
AsymptoticLimits.cc[337] : (in function: getCLs) - At r = 3.357203:	q_mu = 3.77934	q_A  = 3.96555	Pmu = 0.02594	1-Pb  = 0.51887	CLs  = 0.05000
AsymptoticLimits.cc[337] : (in function: getCLs) - At r = 3.357268:	q_mu = 3.77964	q_A  = 3.96565	Pmu = 0.02594	1-Pb  = 0.51885	CLs  = 0.05000
AsymptoticLimits.cc[337] : (in function: getCLs) - At r = 3.357232:	q_mu = 3.77947	q_A  = 3.96559	Pmu = 0.02594	1-Pb  = 0.51886	CLs  = 0.05000
AsymptoticLimits.cc[337] : (in function: getCLs) - At r = 3.357219:	q_mu = 3.77943	q_A  = 3.96567	Pmu = 0.02594	1-Pb  = 0.51887	CLs  = 0.05000
