CascadeMinimizer.cc[188] : (in function: improveOnce) - Minimization configured with Type=Minuit2, Algo=Migrad, strategy=0, tolerance=0.1
CascadeMinimizer.cc[215] : (in function: improveOnce) - Minimization finished with status=0
CascadeMinimizer.cc[219] : (in function: improveOnce) - Minimization success! status=0
ToyMCSamplerOpt.cc[146] : (in function: generateAsimov) - Using internal logic for binned/unbinned Asimov dataset generation
ToyMCSamplerOpt.cc[214] : (in function: generateWithHisto) - Generating asimov with histogram for pdf pdf_binpass_LOW_obsOnly: in 3 x-bins
ToyMCSamplerOpt.cc[215] : (in function: generateWithHisto) -  , in 1 y-bins
ToyMCSamplerOpt.cc[146] : (in function: generateAsimov) - Using internal logic for binned/unbinned Asimov dataset generation
ToyMCSamplerOpt.cc[214] : (in function: generateWithHisto) - Generating asimov with histogram for pdf pdf_binpass_SIG_obsOnly: in 1 x-bins
ToyMCSamplerOpt.cc[215] : (in function: generateWithHisto) -  , in 1 y-bins
ToyMCSamplerOpt.cc[146] : (in function: generateAsimov) - Using internal logic for binned/unbinned Asimov dataset generation
ToyMCSamplerOpt.cc[214] : (in function: generateWithHisto) - Generating asimov with histogram for pdf pdf_binpass_HIGH_obsOnly: in 5 x-bins
ToyMCSamplerOpt.cc[215] : (in function: generateWithHisto) -  , in 1 y-bins
ToyMCSamplerOpt.cc[146] : (in function: generateAsimov) - Using internal logic for binned/unbinned Asimov dataset generation
ToyMCSamplerOpt.cc[214] : (in function: generateWithHisto) - Generating asimov with histogram for pdf pdf_binfail_LOW_obsOnly: in 3 x-bins
ToyMCSamplerOpt.cc[215] : (in function: generateWithHisto) -  , in 1 y-bins
ToyMCSamplerOpt.cc[146] : (in function: generateAsimov) - Using internal logic for binned/unbinned Asimov dataset generation
ToyMCSamplerOpt.cc[214] : (in function: generateWithHisto) - Generating asimov with histogram for pdf pdf_binfail_SIG_obsOnly: in 1 x-bins
ToyMCSamplerOpt.cc[215] : (in function: generateWithHisto) -  , in 1 y-bins
ToyMCSamplerOpt.cc[146] : (in function: generateAsimov) - Using internal logic for binned/unbinned Asimov dataset generation
ToyMCSamplerOpt.cc[214] : (in function: generateWithHisto) - Generating asimov with histogram for pdf pdf_binfail_HIGH_obsOnly: in 5 x-bins
ToyMCSamplerOpt.cc[215] : (in function: generateWithHisto) -  , in 1 y-bins
AsymptoticLimits.cc[415] : (in function: runLimitExpected) - [WARNING] Best fit of asimov dataset is at r = 4.169039 (0.208452 times rMax), while it should be at zero
AsymptoticLimits.cc[428] : (in function: runLimitExpected) - Median for expected limits = 176.081, Sigma for expected limits = 89.8387
AsymptoticLimits.cc[191] : (in function: runLimit) - NLL at global minimum of data = -675.305 (r=539.567)
AsymptoticLimits.cc[211] : (in function: runLimit) - NLL at global minimum of asimov = -539.442 (r=539.567)
AsymptoticLimits.cc[337] : (in function: getCLs) - At r = 571.941192:	q_mu = 0.00000	q_A  = 0.00000	Pmu = 0.50000	1-Pb  = 0.50000	CLs  = 1.00000
AsymptoticLimits.cc[337] : (in function: getCLs) - At r = 1143.882384:	q_mu = 0.00000	q_A  = 0.00000	Pmu = 0.50000	1-Pb  = 0.50000	CLs  = 1.00000
AsymptoticLimits.cc[337] : (in function: getCLs) - At r = 2287.764768:	q_mu = 3.52556	q_A  = 6.28407	Pmu = 0.03021	1-Pb  = 0.73538	CLs  = 0.04109
AsymptoticLimits.cc[337] : (in function: getCLs) - At r = 1413.665965:	q_mu = 0.24703	q_A  = 0.00000	Pmu = 0.00000	1-Pb  = 0.00000	CLs  = 0.00000
AsymptoticLimits.cc[337] : (in function: getCLs) - At r = 976.616564:	q_mu = 0.00000	q_A  = 0.00000	Pmu = 0.50000	1-Pb  = 0.50000	CLs  = 1.00000
AsymptoticLimits.cc[337] : (in function: getCLs) - At r = 1195.141264:	q_mu = 0.00000	q_A  = 0.00000	Pmu = 0.50000	1-Pb  = 0.50000	CLs  = 1.00000
AsymptoticLimits.cc[337] : (in function: getCLs) - At r = 1304.403615:	q_mu = 0.33823	q_A  = 0.00000	Pmu = 0.00000	1-Pb  = 0.00000	CLs  = 0.00000
AsymptoticLimits.cc[337] : (in function: getCLs) - At r = 1249.772439:	q_mu = 0.00000	q_A  = 0.00000	Pmu = 0.50000	1-Pb  = 0.50000	CLs  = 1.00000
AsymptoticLimits.cc[337] : (in function: getCLs) - At r = 1277.088027:	q_mu = 38.89513	q_A  = 0.00000	Pmu = 0.00000	1-Pb  = 0.00000	CLs  = 0.00000
AsymptoticLimits.cc[337] : (in function: getCLs) - At r = 1263.430233:	q_mu = 0.00000	q_A  = 0.00000	Pmu = 0.50000	1-Pb  = 0.50000	CLs  = 1.00000
AsymptoticLimits.cc[337] : (in function: getCLs) - At r = 1270.259130:	q_mu = 0.00000	q_A  = 0.41097	Pmu = 0.50000	1-Pb  = 0.73926	CLs  = 0.67635
AsymptoticLimits.cc[337] : (in function: getCLs) - At r = 1273.673579:	q_mu = 0.00000	q_A  = 0.00000	Pmu = 0.50000	1-Pb  = 0.50000	CLs  = 1.00000
AsymptoticLimits.cc[337] : (in function: getCLs) - At r = 1275.380803:	q_mu = 0.00000	q_A  = 0.00000	Pmu = 0.50000	1-Pb  = 0.50000	CLs  = 1.00000
AsymptoticLimits.cc[337] : (in function: getCLs) - At r = 1276.234415:	q_mu = 0.00000	q_A  = 0.00000	Pmu = 0.50000	1-Pb  = 0.50000	CLs  = 1.00000
AsymptoticLimits.cc[337] : (in function: getCLs) - At r = 1276.661221:	q_mu = 0.00000	q_A  = 0.00000	Pmu = 0.50000	1-Pb  = 0.50000	CLs  = 1.00000
AsymptoticLimits.cc[337] : (in function: getCLs) - At r = 1276.874624:	q_mu = 38.11688	q_A  = 0.00000	Pmu = 0.00000	1-Pb  = 0.00000	CLs  = 0.00000
AsymptoticLimits.cc[337] : (in function: getCLs) - At r = 1276.767922:	q_mu = 0.00000	q_A  = 0.00000	Pmu = 0.50000	1-Pb  = 0.50000	CLs  = 1.00000
AsymptoticLimits.cc[337] : (in function: getCLs) - At r = 1276.821273:	q_mu = 0.00000	q_A  = 0.00000	Pmu = 0.50000	1-Pb  = 0.50000	CLs  = 1.00000
AsymptoticLimits.cc[337] : (in function: getCLs) - At r = 1276.847949:	q_mu = 0.00000	q_A  = 0.00000	Pmu = 0.50000	1-Pb  = 0.50000	CLs  = 1.00000
AsymptoticLimits.cc[337] : (in function: getCLs) - At r = 1276.861286:	q_mu = 24.68730	q_A  = 0.00000	Pmu = 0.00000	1-Pb  = 0.00000	CLs  = 0.00000
AsymptoticLimits.cc[337] : (in function: getCLs) - At r = 1276.854617:	q_mu = 0.00000	q_A  = 0.00000	Pmu = 0.50000	1-Pb  = 0.50000	CLs  = 1.00000
AsymptoticLimits.cc[337] : (in function: getCLs) - At r = 1276.857952:	q_mu = 0.02119	q_A  = 0.00000	Pmu = 0.00000	1-Pb  = 0.00000	CLs  = 0.00000
