CascadeMinimizer.cc[188] : (in function: improveOnce) - Minimization configured with Type=Minuit2, Algo=Migrad, strategy=0, tolerance=0.1
CascadeMinimizer.cc[215] : (in function: improveOnce) - Minimization finished with status=0
CascadeMinimizer.cc[219] : (in function: improveOnce) - Minimization success! status=0
ToyMCSamplerOpt.cc[146] : (in function: generateAsimov) - Using internal logic for binned/unbinned Asimov dataset generation
ToyMCSamplerOpt.cc[214] : (in function: generateWithHisto) - Generating asimov with histogram for pdf pdf_binpass_LOW_obsOnly: in 3 x-bins
ToyMCSamplerOpt.cc[215] : (in function: generateWithHisto) -  , in 1 y-bins
ToyMCSamplerOpt.cc[146] : (in function: generateAsimov) - Using internal logic for binned/unbinned Asimov dataset generation
ToyMCSamplerOpt.cc[214] : (in function: generateWithHisto) - Generating asimov with histogram for pdf pdf_binpass_SIG_obsOnly: in 1 x-bins
ToyMCSamplerOpt.cc[215] : (in function: generateWithHisto) -  , in 1 y-bins
ToyMCSamplerOpt.cc[146] : (in function: generateAsimov) - Using internal logic for binned/unbinned Asimov dataset generation
ToyMCSamplerOpt.cc[214] : (in function: generateWithHisto) - Generating asimov with histogram for pdf pdf_binpass_HIGH_obsOnly: in 4 x-bins
ToyMCSamplerOpt.cc[215] : (in function: generateWithHisto) -  , in 1 y-bins
ToyMCSamplerOpt.cc[146] : (in function: generateAsimov) - Using internal logic for binned/unbinned Asimov dataset generation
ToyMCSamplerOpt.cc[214] : (in function: generateWithHisto) - Generating asimov with histogram for pdf pdf_binfail_LOW_obsOnly: in 3 x-bins
ToyMCSamplerOpt.cc[215] : (in function: generateWithHisto) -  , in 1 y-bins
ToyMCSamplerOpt.cc[146] : (in function: generateAsimov) - Using internal logic for binned/unbinned Asimov dataset generation
ToyMCSamplerOpt.cc[214] : (in function: generateWithHisto) - Generating asimov with histogram for pdf pdf_binfail_SIG_obsOnly: in 1 x-bins
ToyMCSamplerOpt.cc[215] : (in function: generateWithHisto) -  , in 1 y-bins
ToyMCSamplerOpt.cc[146] : (in function: generateAsimov) - Using internal logic for binned/unbinned Asimov dataset generation
ToyMCSamplerOpt.cc[214] : (in function: generateWithHisto) - Generating asimov with histogram for pdf pdf_binfail_HIGH_obsOnly: in 4 x-bins
ToyMCSamplerOpt.cc[215] : (in function: generateWithHisto) -  , in 1 y-bins
AsymptoticLimits.cc[428] : (in function: runLimitExpected) - Median for expected limits = 0.482422, Sigma for expected limits = 0.246138
AsymptoticLimits.cc[191] : (in function: runLimit) - NLL at global minimum of data = -18295.1 (r=0.0925837)
AsymptoticLimits.cc[211] : (in function: runLimit) - NLL at global minimum of asimov = -18294.4 (r=0.00481564)
AsymptoticLimits.cc[337] : (in function: getCLs) - At r = 1.292584:	q_mu = 11.82313	q_A  = 13.77107	Pmu = 0.00029	1-Pb  = 0.60737	CLs  = 0.00048
AsymptoticLimits.cc[337] : (in function: getCLs) - At r = 0.692584:	q_mu = 4.87044	q_A  = 6.36372	Pmu = 0.01366	1-Pb  = 0.62390	CLs  = 0.02190
AsymptoticLimits.cc[337] : (in function: getCLs) - At r = 0.392584:	q_mu = 1.76806	q_A  = 2.82909	Pmu = 0.09181	1-Pb  = 0.63770	CLs  = 0.14397
AsymptoticLimits.cc[337] : (in function: getCLs) - At r = 0.527356:	q_mu = 3.09290	q_A  = 4.37797	Pmu = 0.03932	1-Pb  = 0.63070	CLs  = 0.06234
AsymptoticLimits.cc[337] : (in function: getCLs) - At r = 0.588266:	q_mu = 3.73138	q_A  = 5.10045	Pmu = 0.02670	1-Pb  = 0.62807	CLs  = 0.04251
AsymptoticLimits.cc[337] : (in function: getCLs) - At r = 0.555430:	q_mu = 3.38326	q_A  = 4.70843	Pmu = 0.03293	1-Pb  = 0.62950	CLs  = 0.05231
AsymptoticLimits.cc[337] : (in function: getCLs) - At r = 0.567722:	q_mu = 3.51287	q_A  = 4.85478	Pmu = 0.03045	1-Pb  = 0.62896	CLs  = 0.04841
AsymptoticLimits.cc[337] : (in function: getCLs) - At r = 0.561163:	q_mu = 3.44357	q_A  = 4.77660	Pmu = 0.03175	1-Pb  = 0.62925	CLs  = 0.05046
AsymptoticLimits.cc[337] : (in function: getCLs) - At r = 0.563625:	q_mu = 3.46953	q_A  = 4.80592	Pmu = 0.03125	1-Pb  = 0.62914	CLs  = 0.04968
AsymptoticLimits.cc[337] : (in function: getCLs) - At r = 0.562314:	q_mu = 3.45570	q_A  = 4.79030	Pmu = 0.03152	1-Pb  = 0.62920	CLs  = 0.05009
AsymptoticLimits.cc[337] : (in function: getCLs) - At r = 0.562807:	q_mu = 3.46089	q_A  = 4.79616	Pmu = 0.03142	1-Pb  = 0.62917	CLs  = 0.04994
AsymptoticLimits.cc[337] : (in function: getCLs) - At r = 0.562545:	q_mu = 3.45825	q_A  = 4.79314	Pmu = 0.03147	1-Pb  = 0.62918	CLs  = 0.05001
AsymptoticLimits.cc[337] : (in function: getCLs) - At r = 0.562636:	q_mu = 3.45912	q_A  = 4.79415	Pmu = 0.03145	1-Pb  = 0.62918	CLs  = 0.04999
AsymptoticLimits.cc[337] : (in function: getCLs) - At r = 0.562586:	q_mu = 3.45859	q_A  = 4.79356	Pmu = 0.03146	1-Pb  = 0.62918	CLs  = 0.05000
AsymptoticLimits.cc[337] : (in function: getCLs) - At r = 0.562608:	q_mu = 3.45881	q_A  = 4.79381	Pmu = 0.03146	1-Pb  = 0.62918	CLs  = 0.05000
AsymptoticLimits.cc[337] : (in function: getCLs) - At r = 0.562598:	q_mu = 3.45883	q_A  = 4.79369	Pmu = 0.03146	1-Pb  = 0.62917	CLs  = 0.05000
AsymptoticLimits.cc[337] : (in function: getCLs) - At r = 0.562593:	q_mu = 3.45867	q_A  = 4.79373	Pmu = 0.03146	1-Pb  = 0.62919	CLs  = 0.05000
AsymptoticLimits.cc[337] : (in function: getCLs) - At r = 0.562596:	q_mu = 3.45870	q_A  = 4.79369	Pmu = 0.03146	1-Pb  = 0.62918	CLs  = 0.05000
