CascadeMinimizer.cc[188] : (in function: improveOnce) - Minimization configured with Type=Minuit2, Algo=Migrad, strategy=0, tolerance=0.1
CascadeMinimizer.cc[215] : (in function: improveOnce) - Minimization finished with status=0
CascadeMinimizer.cc[219] : (in function: improveOnce) - Minimization success! status=0
ToyMCSamplerOpt.cc[146] : (in function: generateAsimov) - Using internal logic for binned/unbinned Asimov dataset generation
ToyMCSamplerOpt.cc[214] : (in function: generateWithHisto) - Generating asimov with histogram for pdf pdf_binpass_LOW_obsOnly: in 3 x-bins
ToyMCSamplerOpt.cc[215] : (in function: generateWithHisto) -  , in 1 y-bins
ToyMCSamplerOpt.cc[146] : (in function: generateAsimov) - Using internal logic for binned/unbinned Asimov dataset generation
ToyMCSamplerOpt.cc[214] : (in function: generateWithHisto) - Generating asimov with histogram for pdf pdf_binpass_SIG_obsOnly: in 1 x-bins
ToyMCSamplerOpt.cc[215] : (in function: generateWithHisto) -  , in 1 y-bins
ToyMCSamplerOpt.cc[146] : (in function: generateAsimov) - Using internal logic for binned/unbinned Asimov dataset generation
ToyMCSamplerOpt.cc[214] : (in function: generateWithHisto) - Generating asimov with histogram for pdf pdf_binpass_HIGH_obsOnly: in 3 x-bins
ToyMCSamplerOpt.cc[215] : (in function: generateWithHisto) -  , in 1 y-bins
ToyMCSamplerOpt.cc[146] : (in function: generateAsimov) - Using internal logic for binned/unbinned Asimov dataset generation
ToyMCSamplerOpt.cc[214] : (in function: generateWithHisto) - Generating asimov with histogram for pdf pdf_binfail_LOW_obsOnly: in 3 x-bins
ToyMCSamplerOpt.cc[215] : (in function: generateWithHisto) -  , in 1 y-bins
ToyMCSamplerOpt.cc[146] : (in function: generateAsimov) - Using internal logic for binned/unbinned Asimov dataset generation
ToyMCSamplerOpt.cc[214] : (in function: generateWithHisto) - Generating asimov with histogram for pdf pdf_binfail_SIG_obsOnly: in 1 x-bins
ToyMCSamplerOpt.cc[215] : (in function: generateWithHisto) -  , in 1 y-bins
ToyMCSamplerOpt.cc[146] : (in function: generateAsimov) - Using internal logic for binned/unbinned Asimov dataset generation
ToyMCSamplerOpt.cc[214] : (in function: generateWithHisto) - Generating asimov with histogram for pdf pdf_binfail_HIGH_obsOnly: in 3 x-bins
ToyMCSamplerOpt.cc[215] : (in function: generateWithHisto) -  , in 1 y-bins
AsymptoticLimits.cc[428] : (in function: runLimitExpected) - Median for expected limits = 2.89062, Sigma for expected limits = 1.47484
AsymptoticLimits.cc[191] : (in function: runLimit) - NLL at global minimum of data = -691.799 (r=2.2234)
AsymptoticLimits.cc[211] : (in function: runLimit) - NLL at global minimum of asimov = -688.25 (r=0.00807854)
AsymptoticLimits.cc[337] : (in function: getCLs) - At r = 5.090620:	q_mu = 2.73368	q_A  = 8.68865	Pmu = 0.04913	1-Pb  = 0.90221	CLs  = 0.05445
AsymptoticLimits.cc[337] : (in function: getCLs) - At r = 10.181239:	q_mu = 9.87844	q_A  = 18.37053	Pmu = 0.00084	1-Pb  = 0.87350	CLs  = 0.00096
AsymptoticLimits.cc[337] : (in function: getCLs) - At r = 6.202319:	q_mu = 4.28449	q_A  = 11.00008	Pmu = 0.01923	1-Pb  = 0.89375	CLs  = 0.02152
AsymptoticLimits.cc[337] : (in function: getCLs) - At r = 4.212859:	q_mu = 1.59218	q_A  = 6.78714	Pmu = 0.10351	1-Pb  = 0.91043	CLs  = 0.11369
AsymptoticLimits.cc[337] : (in function: getCLs) - At r = 5.396151:	q_mu = 3.15249	q_A  = 9.33667	Pmu = 0.03791	1-Pb  = 0.89974	CLs  = 0.04213
AsymptoticLimits.cc[337] : (in function: getCLs) - At r = 4.996173:	q_mu = 2.60591	q_A  = 8.48760	Pmu = 0.05323	1-Pb  = 0.90304	CLs  = 0.05895
AsymptoticLimits.cc[337] : (in function: getCLs) - At r = 5.233002:	q_mu = 2.92787	q_A  = 8.99191	Pmu = 0.04353	1-Pb  = 0.90105	CLs  = 0.04831
AsymptoticLimits.cc[337] : (in function: getCLs) - At r = 5.152930:	q_mu = 2.81847	q_A  = 8.82188	Pmu = 0.04659	1-Pb  = 0.90171	CLs  = 0.05167
AsymptoticLimits.cc[337] : (in function: getCLs) - At r = 5.200276:	q_mu = 2.88310	q_A  = 8.92241	Pmu = 0.04476	1-Pb  = 0.90131	CLs  = 0.04966
AsymptoticLimits.cc[337] : (in function: getCLs) - At r = 5.184255:	q_mu = 2.86118	q_A  = 8.88836	Pmu = 0.04537	1-Pb  = 0.90145	CLs  = 0.05033
AsymptoticLimits.cc[337] : (in function: getCLs) - At r = 5.193733:	q_mu = 2.87413	q_A  = 8.90844	Pmu = 0.04501	1-Pb  = 0.90137	CLs  = 0.04993
AsymptoticLimits.cc[337] : (in function: getCLs) - At r = 5.190537:	q_mu = 2.86976	q_A  = 8.90138	Pmu = 0.04513	1-Pb  = 0.90138	CLs  = 0.05007
AsymptoticLimits.cc[337] : (in function: getCLs) - At r = 5.192438:	q_mu = 2.87236	q_A  = 8.90536	Pmu = 0.04506	1-Pb  = 0.90137	CLs  = 0.04999
AsymptoticLimits.cc[337] : (in function: getCLs) - At r = 5.191805:	q_mu = 2.87149	q_A  = 8.90400	Pmu = 0.04508	1-Pb  = 0.90137	CLs  = 0.05001
AsymptoticLimits.cc[337] : (in function: getCLs) - At r = 5.192059:	q_mu = 2.87184	q_A  = 8.90452	Pmu = 0.04507	1-Pb  = 0.90137	CLs  = 0.05000
AsymptoticLimits.cc[337] : (in function: getCLs) - At r = 5.192187:	q_mu = 2.87201	q_A  = 8.90478	Pmu = 0.04507	1-Pb  = 0.90137	CLs  = 0.05000
AsymptoticLimits.cc[337] : (in function: getCLs) - At r = 5.192111:	q_mu = 2.87200	q_A  = 8.90448	Pmu = 0.04507	1-Pb  = 0.90136	CLs  = 0.05000
AsymptoticLimits.cc[337] : (in function: getCLs) - At r = 5.192084:	q_mu = 2.87187	q_A  = 8.90439	Pmu = 0.04507	1-Pb  = 0.90136	CLs  = 0.05000
AsymptoticLimits.cc[337] : (in function: getCLs) - At r = 5.192095:	q_mu = 2.87191	q_A  = 8.90441	Pmu = 0.04507	1-Pb  = 0.90136	CLs  = 0.05000
