CascadeMinimizer.cc[188] : (in function: improveOnce) - Minimization configured with Type=Minuit2, Algo=Migrad, strategy=0, tolerance=0.1
CascadeMinimizer.cc[215] : (in function: improveOnce) - Minimization finished with status=0
CascadeMinimizer.cc[219] : (in function: improveOnce) - Minimization success! status=0
ToyMCSamplerOpt.cc[146] : (in function: generateAsimov) - Using internal logic for binned/unbinned Asimov dataset generation
ToyMCSamplerOpt.cc[214] : (in function: generateWithHisto) - Generating asimov with histogram for pdf pdf_binpass_LOW_obsOnly: in 3 x-bins
ToyMCSamplerOpt.cc[215] : (in function: generateWithHisto) -  , in 1 y-bins
ToyMCSamplerOpt.cc[146] : (in function: generateAsimov) - Using internal logic for binned/unbinned Asimov dataset generation
ToyMCSamplerOpt.cc[214] : (in function: generateWithHisto) - Generating asimov with histogram for pdf pdf_binpass_SIG_obsOnly: in 1 x-bins
ToyMCSamplerOpt.cc[215] : (in function: generateWithHisto) -  , in 1 y-bins
ToyMCSamplerOpt.cc[146] : (in function: generateAsimov) - Using internal logic for binned/unbinned Asimov dataset generation
ToyMCSamplerOpt.cc[214] : (in function: generateWithHisto) - Generating asimov with histogram for pdf pdf_binpass_HIGH_obsOnly: in 3 x-bins
ToyMCSamplerOpt.cc[215] : (in function: generateWithHisto) -  , in 1 y-bins
ToyMCSamplerOpt.cc[146] : (in function: generateAsimov) - Using internal logic for binned/unbinned Asimov dataset generation
ToyMCSamplerOpt.cc[214] : (in function: generateWithHisto) - Generating asimov with histogram for pdf pdf_binfail_LOW_obsOnly: in 3 x-bins
ToyMCSamplerOpt.cc[215] : (in function: generateWithHisto) -  , in 1 y-bins
ToyMCSamplerOpt.cc[146] : (in function: generateAsimov) - Using internal logic for binned/unbinned Asimov dataset generation
ToyMCSamplerOpt.cc[214] : (in function: generateWithHisto) - Generating asimov with histogram for pdf pdf_binfail_SIG_obsOnly: in 1 x-bins
ToyMCSamplerOpt.cc[215] : (in function: generateWithHisto) -  , in 1 y-bins
ToyMCSamplerOpt.cc[146] : (in function: generateAsimov) - Using internal logic for binned/unbinned Asimov dataset generation
ToyMCSamplerOpt.cc[214] : (in function: generateWithHisto) - Generating asimov with histogram for pdf pdf_binfail_HIGH_obsOnly: in 3 x-bins
ToyMCSamplerOpt.cc[215] : (in function: generateWithHisto) -  , in 1 y-bins
AsymptoticLimits.cc[428] : (in function: runLimitExpected) - Median for expected limits = 0.5, Sigma for expected limits = 0.255107
AsymptoticLimits.cc[191] : (in function: runLimit) - NLL at global minimum of data = -702.53 (r=5.82843e-07)
AsymptoticLimits.cc[211] : (in function: runLimit) - NLL at global minimum of asimov = -702.332 (r=4.29991e-07)
AsymptoticLimits.cc[337] : (in function: getCLs) - At r = 1.200001:	q_mu = 13.89361	q_A  = 9.96992	Pmu = 0.00008	1-Pb  = 0.26719	CLs  = 0.00029
AsymptoticLimits.cc[337] : (in function: getCLs) - At r = 0.600001:	q_mu = 7.89190	q_A  = 4.74315	Pmu = 0.00186	1-Pb  = 0.23487	CLs  = 0.00792
AsymptoticLimits.cc[337] : (in function: getCLs) - At r = 0.300001:	q_mu = 4.25728	q_A  = 2.13547	Pmu = 0.01436	1-Pb  = 0.23392	CLs  = 0.06139
AsymptoticLimits.cc[337] : (in function: getCLs) - At r = 0.450001:	q_mu = 6.13971	q_A  = 3.38312	Pmu = 0.00482	1-Pb  = 0.22682	CLs  = 0.02124
AsymptoticLimits.cc[337] : (in function: getCLs) - At r = 0.353197:	q_mu = 4.94044	q_A  = 2.54999	Pmu = 0.00950	1-Pb  = 0.22709	CLs  = 0.04185
AsymptoticLimits.cc[337] : (in function: getCLs) - At r = 0.322799:	q_mu = 4.55697	q_A  = 2.30710	Pmu = 0.01193	1-Pb  = 0.22946	CLs  = 0.05197
AsymptoticLimits.cc[337] : (in function: getCLs) - At r = 0.333220:	q_mu = 4.68792	q_A  = 2.38878	Pmu = 0.01103	1-Pb  = 0.22850	CLs  = 0.04827
AsymptoticLimits.cc[337] : (in function: getCLs) - At r = 0.327159:	q_mu = 4.61169	q_A  = 2.34101	Pmu = 0.01154	1-Pb  = 0.22903	CLs  = 0.05039
AsymptoticLimits.cc[337] : (in function: getCLs) - At r = 0.329248:	q_mu = 4.63794	q_A  = 2.35739	Pmu = 0.01136	1-Pb  = 0.22884	CLs  = 0.04965
AsymptoticLimits.cc[337] : (in function: getCLs) - At r = 0.328037:	q_mu = 4.62272	q_A  = 2.34788	Pmu = 0.01147	1-Pb  = 0.22895	CLs  = 0.05008
AsymptoticLimits.cc[337] : (in function: getCLs) - At r = 0.328455:	q_mu = 4.62797	q_A  = 2.35116	Pmu = 0.01143	1-Pb  = 0.22891	CLs  = 0.04993
AsymptoticLimits.cc[337] : (in function: getCLs) - At r = 0.328213:	q_mu = 4.62493	q_A  = 2.34926	Pmu = 0.01145	1-Pb  = 0.22893	CLs  = 0.05002
AsymptoticLimits.cc[337] : (in function: getCLs) - At r = 0.328297:	q_mu = 4.62598	q_A  = 2.34991	Pmu = 0.01144	1-Pb  = 0.22893	CLs  = 0.04999
AsymptoticLimits.cc[337] : (in function: getCLs) - At r = 0.328248:	q_mu = 4.62537	q_A  = 2.34953	Pmu = 0.01145	1-Pb  = 0.22893	CLs  = 0.05000
AsymptoticLimits.cc[337] : (in function: getCLs) - At r = 0.328265:	q_mu = 4.62558	q_A  = 2.34966	Pmu = 0.01145	1-Pb  = 0.22893	CLs  = 0.05000
AsymptoticLimits.cc[337] : (in function: getCLs) - At r = 0.328255:	q_mu = 4.62546	q_A  = 2.34959	Pmu = 0.01145	1-Pb  = 0.22893	CLs  = 0.05000
AsymptoticLimits.cc[337] : (in function: getCLs) - At r = 0.328259:	q_mu = 4.62550	q_A  = 2.34961	Pmu = 0.01145	1-Pb  = 0.22893	CLs  = 0.05000
