CascadeMinimizer.cc[188] : (in function: improveOnce) - Minimization configured with Type=Minuit2, Algo=Migrad, strategy=0, tolerance=0.1
CascadeMinimizer.cc[215] : (in function: improveOnce) - Minimization finished with status=0
CascadeMinimizer.cc[219] : (in function: improveOnce) - Minimization success! status=0
ToyMCSamplerOpt.cc[146] : (in function: generateAsimov) - Using internal logic for binned/unbinned Asimov dataset generation
ToyMCSamplerOpt.cc[214] : (in function: generateWithHisto) - Generating asimov with histogram for pdf pdf_binpass_LOW_obsOnly: in 3 x-bins
ToyMCSamplerOpt.cc[215] : (in function: generateWithHisto) -  , in 1 y-bins
ToyMCSamplerOpt.cc[146] : (in function: generateAsimov) - Using internal logic for binned/unbinned Asimov dataset generation
ToyMCSamplerOpt.cc[214] : (in function: generateWithHisto) - Generating asimov with histogram for pdf pdf_binpass_SIG_obsOnly: in 1 x-bins
ToyMCSamplerOpt.cc[215] : (in function: generateWithHisto) -  , in 1 y-bins
ToyMCSamplerOpt.cc[146] : (in function: generateAsimov) - Using internal logic for binned/unbinned Asimov dataset generation
ToyMCSamplerOpt.cc[214] : (in function: generateWithHisto) - Generating asimov with histogram for pdf pdf_binpass_HIGH_obsOnly: in 3 x-bins
ToyMCSamplerOpt.cc[215] : (in function: generateWithHisto) -  , in 1 y-bins
ToyMCSamplerOpt.cc[146] : (in function: generateAsimov) - Using internal logic for binned/unbinned Asimov dataset generation
ToyMCSamplerOpt.cc[214] : (in function: generateWithHisto) - Generating asimov with histogram for pdf pdf_binfail_LOW_obsOnly: in 3 x-bins
ToyMCSamplerOpt.cc[215] : (in function: generateWithHisto) -  , in 1 y-bins
ToyMCSamplerOpt.cc[146] : (in function: generateAsimov) - Using internal logic for binned/unbinned Asimov dataset generation
ToyMCSamplerOpt.cc[214] : (in function: generateWithHisto) - Generating asimov with histogram for pdf pdf_binfail_SIG_obsOnly: in 1 x-bins
ToyMCSamplerOpt.cc[215] : (in function: generateWithHisto) -  , in 1 y-bins
ToyMCSamplerOpt.cc[146] : (in function: generateAsimov) - Using internal logic for binned/unbinned Asimov dataset generation
ToyMCSamplerOpt.cc[214] : (in function: generateWithHisto) - Generating asimov with histogram for pdf pdf_binfail_HIGH_obsOnly: in 3 x-bins
ToyMCSamplerOpt.cc[215] : (in function: generateWithHisto) -  , in 1 y-bins
AsymptoticLimits.cc[428] : (in function: runLimitExpected) - Median for expected limits = 33.75, Sigma for expected limits = 17.2197
AsymptoticLimits.cc[191] : (in function: runLimit) - NLL at global minimum of data = -678.378 (r=0.000125074)
AsymptoticLimits.cc[211] : (in function: runLimit) - NLL at global minimum of asimov = -678.567 (r=0.00052709)
AsymptoticLimits.cc[337] : (in function: getCLs) - At r = 20.808317:	q_mu = 2.66005	q_A  = 2.64622	Pmu = 0.05145	1-Pb  = 0.49830	CLs  = 0.10325
AsymptoticLimits.cc[337] : (in function: getCLs) - At r = 41.616634:	q_mu = 4.53259	q_A  = 4.48576	Pmu = 0.01663	1-Pb  = 0.49559	CLs  = 0.03355
AsymptoticLimits.cc[337] : (in function: getCLs) - At r = 20.808379:	q_mu = 2.65711	q_A  = 2.63124	Pmu = 0.05154	1-Pb  = 0.49682	CLs  = 0.10374
AsymptoticLimits.cc[337] : (in function: getCLs) - At r = 31.571183:	q_mu = 3.68822	q_A  = 3.64404	Pmu = 0.02740	1-Pb  = 0.49538	CLs  = 0.05530
AsymptoticLimits.cc[337] : (in function: getCLs) - At r = 35.201318:	q_mu = 4.00444	q_A  = 3.95493	Pmu = 0.02269	1-Pb  = 0.49503	CLs  = 0.04583
AsymptoticLimits.cc[337] : (in function: getCLs) - At r = 33.129696:	q_mu = 3.82561	q_A  = 3.77912	Pmu = 0.02524	1-Pb  = 0.49523	CLs  = 0.05096
AsymptoticLimits.cc[337] : (in function: getCLs) - At r = 33.840364:	q_mu = 3.88745	q_A  = 3.83989	Pmu = 0.02432	1-Pb  = 0.49516	CLs  = 0.04912
AsymptoticLimits.cc[337] : (in function: getCLs) - At r = 33.423171:	q_mu = 3.85121	q_A  = 3.80428	Pmu = 0.02485	1-Pb  = 0.49520	CLs  = 0.05019
AsymptoticLimits.cc[337] : (in function: getCLs) - At r = 33.564723:	q_mu = 3.86352	q_A  = 3.81636	Pmu = 0.02467	1-Pb  = 0.49518	CLs  = 0.04982
AsymptoticLimits.cc[337] : (in function: getCLs) - At r = 33.481216:	q_mu = 3.85626	q_A  = 3.80922	Pmu = 0.02478	1-Pb  = 0.49519	CLs  = 0.05004
AsymptoticLimits.cc[337] : (in function: getCLs) - At r = 33.509554:	q_mu = 3.85872	q_A  = 3.81164	Pmu = 0.02474	1-Pb  = 0.49519	CLs  = 0.04996
AsymptoticLimits.cc[337] : (in function: getCLs) - At r = 33.492867:	q_mu = 3.85727	q_A  = 3.81021	Pmu = 0.02476	1-Pb  = 0.49519	CLs  = 0.05001
AsymptoticLimits.cc[337] : (in function: getCLs) - At r = 33.498556:	q_mu = 3.85776	q_A  = 3.81069	Pmu = 0.02476	1-Pb  = 0.49519	CLs  = 0.04999
AsymptoticLimits.cc[337] : (in function: getCLs) - At r = 33.495226:	q_mu = 3.85747	q_A  = 3.81040	Pmu = 0.02476	1-Pb  = 0.49519	CLs  = 0.05000
AsymptoticLimits.cc[337] : (in function: getCLs) - At r = 33.496376:	q_mu = 3.85757	q_A  = 3.81050	Pmu = 0.02476	1-Pb  = 0.49519	CLs  = 0.05000
AsymptoticLimits.cc[337] : (in function: getCLs) - At r = 33.495715:	q_mu = 3.85752	q_A  = 3.81044	Pmu = 0.02476	1-Pb  = 0.49519	CLs  = 0.05000
AsymptoticLimits.cc[337] : (in function: getCLs) - At r = 33.495954:	q_mu = 3.85754	q_A  = 3.81046	Pmu = 0.02476	1-Pb  = 0.49519	CLs  = 0.05000
AsymptoticLimits.cc[337] : (in function: getCLs) - At r = 33.495826:	q_mu = 3.85753	q_A  = 3.81045	Pmu = 0.02476	1-Pb  = 0.49519	CLs  = 0.05000
