CascadeMinimizer.cc[188] : (in function: improveOnce) - Minimization configured with Type=Minuit2, Algo=Migrad, strategy=0, tolerance=0.1
CascadeMinimizer.cc[215] : (in function: improveOnce) - Minimization finished with status=0
CascadeMinimizer.cc[219] : (in function: improveOnce) - Minimization success! status=0
ToyMCSamplerOpt.cc[146] : (in function: generateAsimov) - Using internal logic for binned/unbinned Asimov dataset generation
ToyMCSamplerOpt.cc[214] : (in function: generateWithHisto) - Generating asimov with histogram for pdf pdf_binpass_LOW_obsOnly: in 2 x-bins
ToyMCSamplerOpt.cc[215] : (in function: generateWithHisto) -  , in 1 y-bins
ToyMCSamplerOpt.cc[146] : (in function: generateAsimov) - Using internal logic for binned/unbinned Asimov dataset generation
ToyMCSamplerOpt.cc[214] : (in function: generateWithHisto) - Generating asimov with histogram for pdf pdf_binpass_SIG_obsOnly: in 1 x-bins
ToyMCSamplerOpt.cc[215] : (in function: generateWithHisto) -  , in 1 y-bins
ToyMCSamplerOpt.cc[146] : (in function: generateAsimov) - Using internal logic for binned/unbinned Asimov dataset generation
ToyMCSamplerOpt.cc[214] : (in function: generateWithHisto) - Generating asimov with histogram for pdf pdf_binpass_HIGH_obsOnly: in 9 x-bins
ToyMCSamplerOpt.cc[215] : (in function: generateWithHisto) -  , in 1 y-bins
ToyMCSamplerOpt.cc[146] : (in function: generateAsimov) - Using internal logic for binned/unbinned Asimov dataset generation
ToyMCSamplerOpt.cc[214] : (in function: generateWithHisto) - Generating asimov with histogram for pdf pdf_binfail_LOW_obsOnly: in 2 x-bins
ToyMCSamplerOpt.cc[215] : (in function: generateWithHisto) -  , in 1 y-bins
ToyMCSamplerOpt.cc[146] : (in function: generateAsimov) - Using internal logic for binned/unbinned Asimov dataset generation
ToyMCSamplerOpt.cc[214] : (in function: generateWithHisto) - Generating asimov with histogram for pdf pdf_binfail_SIG_obsOnly: in 1 x-bins
ToyMCSamplerOpt.cc[215] : (in function: generateWithHisto) -  , in 1 y-bins
ToyMCSamplerOpt.cc[146] : (in function: generateAsimov) - Using internal logic for binned/unbinned Asimov dataset generation
ToyMCSamplerOpt.cc[214] : (in function: generateWithHisto) - Generating asimov with histogram for pdf pdf_binfail_HIGH_obsOnly: in 9 x-bins
ToyMCSamplerOpt.cc[215] : (in function: generateWithHisto) -  , in 1 y-bins
AsymptoticLimits.cc[428] : (in function: runLimitExpected) - Median for expected limits = 0.691406, Sigma for expected limits = 0.352765
AsymptoticLimits.cc[191] : (in function: runLimit) - NLL at global minimum of data = -555.563 (r=3.79442e-07)
AsymptoticLimits.cc[211] : (in function: runLimit) - NLL at global minimum of asimov = -553.745 (r=1.60549e-07)
AsymptoticLimits.cc[337] : (in function: getCLs) - At r = 1.200000:	q_mu = 12.75001	q_A  = 7.69830	Pmu = 0.00011	1-Pb  = 0.18132	CLs  = 0.00063
AsymptoticLimits.cc[337] : (in function: getCLs) - At r = 0.600000:	q_mu = 6.72026	q_A  = 3.18658	Pmu = 0.00276	1-Pb  = 0.16114	CLs  = 0.01713
AsymptoticLimits.cc[337] : (in function: getCLs) - At r = 0.300000:	q_mu = 3.46246	q_A  = 1.17992	Pmu = 0.01630	1-Pb  = 0.14671	CLs  = 0.11113
AsymptoticLimits.cc[337] : (in function: getCLs) - At r = 0.462525:	q_mu = 5.24962	q_A  = 2.22421	Pmu = 0.00611	1-Pb  = 0.15522	CLs  = 0.03937
AsymptoticLimits.cc[337] : (in function: getCLs) - At r = 0.400068:	q_mu = 4.56903	q_A  = 1.80809	Pmu = 0.00886	1-Pb  = 0.15230	CLs  = 0.05820
AsymptoticLimits.cc[337] : (in function: getCLs) - At r = 0.431966:	q_mu = 4.91744	q_A  = 2.01849	Pmu = 0.00732	1-Pb  = 0.15381	CLs  = 0.04762
AsymptoticLimits.cc[337] : (in function: getCLs) - At r = 0.419376:	q_mu = 4.78020	q_A  = 1.93489	Pmu = 0.00789	1-Pb  = 0.15321	CLs  = 0.05153
AsymptoticLimits.cc[337] : (in function: getCLs) - At r = 0.425733:	q_mu = 4.84951	q_A  = 1.97700	Pmu = 0.00760	1-Pb  = 0.15352	CLs  = 0.04951
AsymptoticLimits.cc[337] : (in function: getCLs) - At r = 0.423213:	q_mu = 4.82205	q_A  = 1.96027	Pmu = 0.00772	1-Pb  = 0.15339	CLs  = 0.05030
AsymptoticLimits.cc[337] : (in function: getCLs) - At r = 0.424483:	q_mu = 4.83589	q_A  = 1.96869	Pmu = 0.00766	1-Pb  = 0.15345	CLs  = 0.04990
AsymptoticLimits.cc[337] : (in function: getCLs) - At r = 0.423979:	q_mu = 4.83039	q_A  = 1.96544	Pmu = 0.00768	1-Pb  = 0.15344	CLs  = 0.05006
AsymptoticLimits.cc[337] : (in function: getCLs) - At r = 0.424232:	q_mu = 4.83314	q_A  = 1.96711	Pmu = 0.00767	1-Pb  = 0.15345	CLs  = 0.04998
AsymptoticLimits.cc[337] : (in function: getCLs) - At r = 0.424130:	q_mu = 4.83203	q_A  = 1.96643	Pmu = 0.00767	1-Pb  = 0.15345	CLs  = 0.05001
AsymptoticLimits.cc[337] : (in function: getCLs) - At r = 0.424181:	q_mu = 4.83278	q_A  = 1.96676	Pmu = 0.00767	1-Pb  = 0.15343	CLs  = 0.04999
AsymptoticLimits.cc[337] : (in function: getCLs) - At r = 0.424155:	q_mu = 4.83244	q_A  = 1.96657	Pmu = 0.00767	1-Pb  = 0.15344	CLs  = 0.05000
AsymptoticLimits.cc[337] : (in function: getCLs) - At r = 0.424163:	q_mu = 4.83252	q_A  = 1.96663	Pmu = 0.00767	1-Pb  = 0.15344	CLs  = 0.05000
AsymptoticLimits.cc[337] : (in function: getCLs) - At r = 0.424159:	q_mu = 4.83247	q_A  = 1.96659	Pmu = 0.00767	1-Pb  = 0.15343	CLs  = 0.05000
