 <<< Combine >>> 
 <<< v10.0.1 >>>
>>> Random number generator seed is 123456
>>> Method used is FitDiagnostics
Set Default Value of Parameter mask_pass_SIG To : 1
Set Default Value of Parameter mask_pass_HIGH To : 1
Set Default Value of Parameter r To : 1
>>> 2 out of 6 channels masked

>> Found 16 floating parameters
>> The following parameters are protected in the event of negative eigenvalues:
>> Parameter CMS_AN23122_Background_rpf_2x0_par2 does not have a valid stencil and will be dropped
>> Verifying eigenvalues are all positive (iteration 0)
Eigenvalue 14 : -0.000180179
 - -0.746507	CMS_AN23122_Background_rpf_2x0_par3
 - 0.658603	CMS_AN23122_Background_rpf_2x0_par0
 - 0.09471	CMS_AN23122_Background_rpf_2x0_par1
 - -9.9714e-05	CMS_AN23122_Background_fail_LOW_bin_2-1
 - 6.18447e-05	CMS_AN23122_Background_fail_LOW_bin_1-1
>> Attempt 0 failed, remove the variable with largest eigenvector component...
>> Dropping CMS_AN23122_Background_rpf_2x0_par3 from the hessian
>> Verifying eigenvalues are all positive (iteration 1)
>> All eigenvalues are positive
>> Inverting Hessian...
>> Matrix inverted
>> Note: the following parameters were dropped as their ranges are either too narrow or the parameter has no effect on the NLL:
     - CMS_AN23122_Background_rpf_2x0_par2
>> Note: the following parameters were dropped to make the covariance matrix pos-def:
     - CMS_AN23122_Background_rpf_2x0_par3
 Fit B-only, status = 0, numBadNLL = 0, covariance quality = -1
Running Minos for POI r
>> Found 17 floating parameters
>> The following parameters are protected in the event of negative eigenvalues: r
>> Parameter CMS_AN23122_Background_rpf_2x0_par2 does not have a valid stencil and will be dropped
>> Verifying eigenvalues are all positive (iteration 0)
Eigenvalue 14 : -6.41479e-05
 - 0.718782	CMS_AN23122_Background_rpf_2x0_par3
 - -0.683468	CMS_AN23122_Background_rpf_2x0_par0
 - -0.092253	r
 - 0.0747269	CMS_AN23122_Background_fail_HIGH_bin_4-1
 - 0.0406762	CMS_AN23122_Background_fail_HIGH_bin_5-1
Eigenvalue 15 : -0.00117173
 - 0.680937	r
 - -0.546105	CMS_AN23122_Background_fail_HIGH_bin_4-1
 - -0.33284	CMS_AN23122_Background_rpf_2x0_par1
 - -0.297358	CMS_AN23122_Background_fail_HIGH_bin_5-1
 - -0.148646	CMS_AN23122_Background_fail_HIGH_bin_3-1
>> Attempt 0 failed, remove the variable with largest eigenvector component...
>> Dropping CMS_AN23122_Background_fail_HIGH_bin_4-1 from the hessian
>> Verifying eigenvalues are all positive (iteration 1)
Eigenvalue 14 : -8.47856e-05
 - 0.727099	CMS_AN23122_Background_rpf_2x0_par3
 - -0.684579	CMS_AN23122_Background_rpf_2x0_par0
 - -0.0516695	CMS_AN23122_Background_rpf_2x0_par1
 - 0.00242875	r
 - -0.00118376	RNN
>> Attempt 1 failed, remove the variable with largest eigenvector component...
>> Dropping CMS_AN23122_Background_rpf_2x0_par3 from the hessian
>> Verifying eigenvalues are all positive (iteration 2)
>> All eigenvalues are positive
>> Inverting Hessian...
>> Matrix inverted
>> Note: the following parameters were dropped as their ranges are either too narrow or the parameter has no effect on the NLL:
     - CMS_AN23122_Background_rpf_2x0_par2
>> Note: the following parameters were dropped to make the covariance matrix pos-def:
     - CMS_AN23122_Background_fail_HIGH_bin_4-1
     - CMS_AN23122_Background_rpf_2x0_par3
Fit S+B, status = 0, numBadNLL = 0, covariance quality = -1

 --- FitDiagnostics ---
Best fit r: 24.574  -24.574/+25.426  (68% CL)
Done in 0.00 min (cpu), 0.00 min (real)
27 log messages saved to combine_logger.out
