CascadeMinimizer.cc[188] : (in function: improveOnce) - Minimization configured with Type=Minuit2, Algo=Migrad, strategy=0, tolerance=0.1
CascadeMinimizer.cc[215] : (in function: improveOnce) - Minimization finished with status=0
CascadeMinimizer.cc[219] : (in function: improveOnce) - Minimization success! status=0
ToyMCSamplerOpt.cc[146] : (in function: generateAsimov) - Using internal logic for binned/unbinned Asimov dataset generation
ToyMCSamplerOpt.cc[214] : (in function: generateWithHisto) - Generating asimov with histogram for pdf pdf_binpass_LOW_obsOnly: in 2 x-bins
ToyMCSamplerOpt.cc[215] : (in function: generateWithHisto) -  , in 1 y-bins
ToyMCSamplerOpt.cc[146] : (in function: generateAsimov) - Using internal logic for binned/unbinned Asimov dataset generation
ToyMCSamplerOpt.cc[214] : (in function: generateWithHisto) - Generating asimov with histogram for pdf pdf_binpass_SIG_obsOnly: in 1 x-bins
ToyMCSamplerOpt.cc[215] : (in function: generateWithHisto) -  , in 1 y-bins
ToyMCSamplerOpt.cc[146] : (in function: generateAsimov) - Using internal logic for binned/unbinned Asimov dataset generation
ToyMCSamplerOpt.cc[214] : (in function: generateWithHisto) - Generating asimov with histogram for pdf pdf_binpass_HIGH_obsOnly: in 9 x-bins
ToyMCSamplerOpt.cc[215] : (in function: generateWithHisto) -  , in 1 y-bins
ToyMCSamplerOpt.cc[146] : (in function: generateAsimov) - Using internal logic for binned/unbinned Asimov dataset generation
ToyMCSamplerOpt.cc[214] : (in function: generateWithHisto) - Generating asimov with histogram for pdf pdf_binfail_LOW_obsOnly: in 2 x-bins
ToyMCSamplerOpt.cc[215] : (in function: generateWithHisto) -  , in 1 y-bins
ToyMCSamplerOpt.cc[146] : (in function: generateAsimov) - Using internal logic for binned/unbinned Asimov dataset generation
ToyMCSamplerOpt.cc[214] : (in function: generateWithHisto) - Generating asimov with histogram for pdf pdf_binfail_SIG_obsOnly: in 1 x-bins
ToyMCSamplerOpt.cc[215] : (in function: generateWithHisto) -  , in 1 y-bins
ToyMCSamplerOpt.cc[146] : (in function: generateAsimov) - Using internal logic for binned/unbinned Asimov dataset generation
ToyMCSamplerOpt.cc[214] : (in function: generateWithHisto) - Generating asimov with histogram for pdf pdf_binfail_HIGH_obsOnly: in 9 x-bins
ToyMCSamplerOpt.cc[215] : (in function: generateWithHisto) -  , in 1 y-bins
AsymptoticLimits.cc[428] : (in function: runLimitExpected) - Median for expected limits = 0.407227, Sigma for expected limits = 0.207772
AsymptoticLimits.cc[191] : (in function: runLimit) - NLL at global minimum of data = -37.6403 (r=0.222621)
AsymptoticLimits.cc[211] : (in function: runLimit) - NLL at global minimum of asimov = -40.7691 (r=0.000701436)
AsymptoticLimits.cc[337] : (in function: getCLs) - At r = 1.422621:	q_mu = 15.77436	q_A  = 22.96681	Pmu = 0.00004	1-Pb  = 0.79408	CLs  = 0.00004
AsymptoticLimits.cc[337] : (in function: getCLs) - At r = 0.822621:	q_mu = 5.76883	q_A  = 11.14726	Pmu = 0.00816	1-Pb  = 0.82560	CLs  = 0.00988
AsymptoticLimits.cc[337] : (in function: getCLs) - At r = 0.522621:	q_mu = 1.84288	q_A  = 5.73273	Pmu = 0.08731	1-Pb  = 0.85008	CLs  = 0.10270
AsymptoticLimits.cc[337] : (in function: getCLs) - At r = 0.672621:	q_mu = 3.64490	q_A  = 8.34960	Pmu = 0.02812	1-Pb  = 0.83656	CLs  = 0.03361
AsymptoticLimits.cc[337] : (in function: getCLs) - At r = 0.599960:	q_mu = 2.72246	q_A  = 7.04513	Pmu = 0.04947	1-Pb  = 0.84238	CLs  = 0.05873
AsymptoticLimits.cc[337] : (in function: getCLs) - At r = 0.631257:	q_mu = 3.10958	q_A  = 7.60219	Pmu = 0.03892	1-Pb  = 0.83984	CLs  = 0.04634
AsymptoticLimits.cc[337] : (in function: getCLs) - At r = 0.616961:	q_mu = 2.93073	q_A  = 7.34664	Pmu = 0.04345	1-Pb  = 0.84099	CLs  = 0.05167
AsymptoticLimits.cc[337] : (in function: getCLs) - At r = 0.623270:	q_mu = 3.00927	q_A  = 7.45918	Pmu = 0.04139	1-Pb  = 0.84048	CLs  = 0.04925
AsymptoticLimits.cc[337] : (in function: getCLs) - At r = 0.620421:	q_mu = 2.97371	q_A  = 7.40829	Pmu = 0.04231	1-Pb  = 0.84071	CLs  = 0.05033
AsymptoticLimits.cc[337] : (in function: getCLs) - At r = 0.621685:	q_mu = 2.98946	q_A  = 7.43084	Pmu = 0.04190	1-Pb  = 0.84061	CLs  = 0.04985
AsymptoticLimits.cc[337] : (in function: getCLs) - At r = 0.621115:	q_mu = 2.98236	q_A  = 7.42067	Pmu = 0.04209	1-Pb  = 0.84065	CLs  = 0.05007
AsymptoticLimits.cc[337] : (in function: getCLs) - At r = 0.621368:	q_mu = 2.98551	q_A  = 7.42518	Pmu = 0.04201	1-Pb  = 0.84063	CLs  = 0.04997
AsymptoticLimits.cc[337] : (in function: getCLs) - At r = 0.621255:	q_mu = 2.98409	q_A  = 7.42315	Pmu = 0.04204	1-Pb  = 0.84064	CLs  = 0.05001
AsymptoticLimits.cc[337] : (in function: getCLs) - At r = 0.621305:	q_mu = 2.98473	q_A  = 7.42405	Pmu = 0.04203	1-Pb  = 0.84064	CLs  = 0.04999
AsymptoticLimits.cc[337] : (in function: getCLs) - At r = 0.621282:	q_mu = 2.98444	q_A  = 7.42364	Pmu = 0.04203	1-Pb  = 0.84064	CLs  = 0.05000
AsymptoticLimits.cc[337] : (in function: getCLs) - At r = 0.621293:	q_mu = 2.98457	q_A  = 7.42382	Pmu = 0.04203	1-Pb  = 0.84064	CLs  = 0.05000
AsymptoticLimits.cc[337] : (in function: getCLs) - At r = 0.621288:	q_mu = 2.98451	q_A  = 7.42373	Pmu = 0.04203	1-Pb  = 0.84064	CLs  = 0.05000
AsymptoticLimits.cc[337] : (in function: getCLs) - At r = 0.621290:	q_mu = 2.98466	q_A  = 7.42377	Pmu = 0.04203	1-Pb  = 0.84063	CLs  = 0.05000
