CascadeMinimizer.cc[188] : (in function: improveOnce) - Minimization configured with Type=Minuit2, Algo=Migrad, strategy=0, tolerance=0.1
CascadeMinimizer.cc[215] : (in function: improveOnce) - Minimization finished with status=0
CascadeMinimizer.cc[219] : (in function: improveOnce) - Minimization success! status=0
ToyMCSamplerOpt.cc[146] : (in function: generateAsimov) - Using internal logic for binned/unbinned Asimov dataset generation
ToyMCSamplerOpt.cc[214] : (in function: generateWithHisto) - Generating asimov with histogram for pdf pdf_binpass_LOW_obsOnly: in 3 x-bins
ToyMCSamplerOpt.cc[215] : (in function: generateWithHisto) -  , in 1 y-bins
ToyMCSamplerOpt.cc[146] : (in function: generateAsimov) - Using internal logic for binned/unbinned Asimov dataset generation
ToyMCSamplerOpt.cc[214] : (in function: generateWithHisto) - Generating asimov with histogram for pdf pdf_binpass_SIG_obsOnly: in 1 x-bins
ToyMCSamplerOpt.cc[215] : (in function: generateWithHisto) -  , in 1 y-bins
ToyMCSamplerOpt.cc[146] : (in function: generateAsimov) - Using internal logic for binned/unbinned Asimov dataset generation
ToyMCSamplerOpt.cc[214] : (in function: generateWithHisto) - Generating asimov with histogram for pdf pdf_binpass_HIGH_obsOnly: in 5 x-bins
ToyMCSamplerOpt.cc[215] : (in function: generateWithHisto) -  , in 1 y-bins
ToyMCSamplerOpt.cc[146] : (in function: generateAsimov) - Using internal logic for binned/unbinned Asimov dataset generation
ToyMCSamplerOpt.cc[214] : (in function: generateWithHisto) - Generating asimov with histogram for pdf pdf_binfail_LOW_obsOnly: in 3 x-bins
ToyMCSamplerOpt.cc[215] : (in function: generateWithHisto) -  , in 1 y-bins
ToyMCSamplerOpt.cc[146] : (in function: generateAsimov) - Using internal logic for binned/unbinned Asimov dataset generation
ToyMCSamplerOpt.cc[214] : (in function: generateWithHisto) - Generating asimov with histogram for pdf pdf_binfail_SIG_obsOnly: in 1 x-bins
ToyMCSamplerOpt.cc[215] : (in function: generateWithHisto) -  , in 1 y-bins
ToyMCSamplerOpt.cc[146] : (in function: generateAsimov) - Using internal logic for binned/unbinned Asimov dataset generation
ToyMCSamplerOpt.cc[214] : (in function: generateWithHisto) - Generating asimov with histogram for pdf pdf_binfail_HIGH_obsOnly: in 5 x-bins
ToyMCSamplerOpt.cc[215] : (in function: generateWithHisto) -  , in 1 y-bins
AsymptoticLimits.cc[415] : (in function: runLimitExpected) - [WARNING] Best fit of asimov dataset is at r = 5.338123 (0.266906 times rMax), while it should be at zero
AsymptoticLimits.cc[428] : (in function: runLimitExpected) - Median for expected limits = 165.367, Sigma for expected limits = 84.3723
AsymptoticLimits.cc[191] : (in function: runLimit) - NLL at global minimum of data = -676.02 (r=506.736)
AsymptoticLimits.cc[211] : (in function: runLimit) - NLL at global minimum of asimov = -542.219 (r=8.40228)
AsymptoticLimits.cc[337] : (in function: getCLs) - At r = 537.140631:	q_mu = 0.00000	q_A  = 3.81878	Pmu = 0.50000	1-Pb  = 0.97466	CLs  = 0.51300
AsymptoticLimits.cc[337] : (in function: getCLs) - At r = 1074.281262:	q_mu = 0.00000	q_A  = 2.46090	Pmu = 0.50000	1-Pb  = 0.94164	CLs  = 0.53099
AsymptoticLimits.cc[337] : (in function: getCLs) - At r = 2148.562524:	q_mu = 2.94251	q_A  = 9.66501	Pmu = 0.04314	1-Pb  = 0.91826	CLs  = 0.04698
AsymptoticLimits.cc[337] : (in function: getCLs) - At r = 1327.649484:	q_mu = 0.28213	q_A  = 4.84661	Pmu = 0.29765	1-Pb  = 0.95257	CLs  = 0.31247
AsymptoticLimits.cc[337] : (in function: getCLs) - At r = 1738.106004:	q_mu = 1.26921	q_A  = 4.94807	Pmu = 0.12996	1-Pb  = 0.86386	CLs  = 0.15044
AsymptoticLimits.cc[337] : (in function: getCLs) - At r = 1943.334264:	q_mu = 2.03033	q_A  = 6.44307	Pmu = 0.07709	1-Pb  = 0.86724	CLs  = 0.08890
AsymptoticLimits.cc[337] : (in function: getCLs) - At r = 2091.468112:	q_mu = 3.70786	q_A  = 7.63417	Pmu = 0.02708	1-Pb  = 0.79882	CLs  = 0.03390
AsymptoticLimits.cc[337] : (in function: getCLs) - At r = 2014.066531:	q_mu = 3.67202	q_A  = 7.00095	Pmu = 0.02767	1-Pb  = 0.76721	CLs  = 0.03606
AsymptoticLimits.cc[337] : (in function: getCLs) - At r = 1979.424010:	q_mu = 2.17916	q_A  = 6.72490	Pmu = 0.06995	1-Pb  = 0.86801	CLs  = 0.08058
AsymptoticLimits.cc[337] : (in function: getCLs) - At r = 1995.873709:	q_mu = 2.24918	q_A  = 6.85528	Pmu = 0.06684	1-Pb  = 0.86833	CLs  = 0.07698
AsymptoticLimits.cc[337] : (in function: getCLs) - At r = 2004.155560:	q_mu = 6.27396	q_A  = 6.92148	Pmu = 0.00613	1-Pb  = 0.55017	CLs  = 0.01114
AsymptoticLimits.cc[337] : (in function: getCLs) - At r = 2000.014634:	q_mu = 2.27251	q_A  = 6.88830	Pmu = 0.06584	1-Pb  = 0.86802	CLs  = 0.07585
AsymptoticLimits.cc[337] : (in function: getCLs) - At r = 2002.085097:	q_mu = 3.24638	q_A  = 6.90481	Pmu = 0.03579	1-Pb  = 0.79558	CLs  = 0.04499
AsymptoticLimits.cc[337] : (in function: getCLs) - At r = 2001.336057:	q_mu = 2.27284	q_A  = 6.89883	Pmu = 0.06583	1-Pb  = 0.86842	CLs  = 0.07580
AsymptoticLimits.cc[337] : (in function: getCLs) - At r = 2001.813956:	q_mu = 2.27480	q_A  = 6.90267	Pmu = 0.06575	1-Pb  = 0.86844	CLs  = 0.07571
AsymptoticLimits.cc[337] : (in function: getCLs) - At r = 2001.986839:	q_mu = 2.27613	q_A  = 6.90402	Pmu = 0.06569	1-Pb  = 0.86840	CLs  = 0.07564
AsymptoticLimits.cc[337] : (in function: getCLs) - At r = 2002.049465:	q_mu = 2.28557	q_A  = 6.90461	Pmu = 0.06529	1-Pb  = 0.86776	CLs  = 0.07524
AsymptoticLimits.cc[337] : (in function: getCLs) - At r = 2002.072115:	q_mu = 3.25696	q_A  = 6.90471	Pmu = 0.03556	1-Pb  = 0.79474	CLs  = 0.04474
AsymptoticLimits.cc[337] : (in function: getCLs) - At r = 2002.063713:	q_mu = 2.27663	q_A  = 6.90468	Pmu = 0.06567	1-Pb  = 0.86839	CLs  = 0.07562
AsymptoticLimits.cc[337] : (in function: getCLs) - At r = 2002.069012:	q_mu = 2.27596	q_A  = 6.90468	Pmu = 0.06570	1-Pb  = 0.86844	CLs  = 0.07565
