CascadeMinimizer.cc[188] : (in function: improveOnce) - Minimization configured with Type=Minuit2, Algo=Migrad, strategy=0, tolerance=0.1
CascadeMinimizer.cc[215] : (in function: improveOnce) - Minimization finished with status=0
CascadeMinimizer.cc[219] : (in function: improveOnce) - Minimization success! status=0
ToyMCSamplerOpt.cc[146] : (in function: generateAsimov) - Using internal logic for binned/unbinned Asimov dataset generation
ToyMCSamplerOpt.cc[214] : (in function: generateWithHisto) - Generating asimov with histogram for pdf pdf_binpass_LOW_obsOnly: in 3 x-bins
ToyMCSamplerOpt.cc[215] : (in function: generateWithHisto) -  , in 1 y-bins
ToyMCSamplerOpt.cc[146] : (in function: generateAsimov) - Using internal logic for binned/unbinned Asimov dataset generation
ToyMCSamplerOpt.cc[214] : (in function: generateWithHisto) - Generating asimov with histogram for pdf pdf_binpass_SIG_obsOnly: in 1 x-bins
ToyMCSamplerOpt.cc[215] : (in function: generateWithHisto) -  , in 1 y-bins
ToyMCSamplerOpt.cc[146] : (in function: generateAsimov) - Using internal logic for binned/unbinned Asimov dataset generation
ToyMCSamplerOpt.cc[214] : (in function: generateWithHisto) - Generating asimov with histogram for pdf pdf_binpass_HIGH_obsOnly: in 3 x-bins
ToyMCSamplerOpt.cc[215] : (in function: generateWithHisto) -  , in 1 y-bins
ToyMCSamplerOpt.cc[146] : (in function: generateAsimov) - Using internal logic for binned/unbinned Asimov dataset generation
ToyMCSamplerOpt.cc[214] : (in function: generateWithHisto) - Generating asimov with histogram for pdf pdf_binfail_LOW_obsOnly: in 3 x-bins
ToyMCSamplerOpt.cc[215] : (in function: generateWithHisto) -  , in 1 y-bins
ToyMCSamplerOpt.cc[146] : (in function: generateAsimov) - Using internal logic for binned/unbinned Asimov dataset generation
ToyMCSamplerOpt.cc[214] : (in function: generateWithHisto) - Generating asimov with histogram for pdf pdf_binfail_SIG_obsOnly: in 1 x-bins
ToyMCSamplerOpt.cc[215] : (in function: generateWithHisto) -  , in 1 y-bins
ToyMCSamplerOpt.cc[146] : (in function: generateAsimov) - Using internal logic for binned/unbinned Asimov dataset generation
ToyMCSamplerOpt.cc[214] : (in function: generateWithHisto) - Generating asimov with histogram for pdf pdf_binfail_HIGH_obsOnly: in 3 x-bins
ToyMCSamplerOpt.cc[215] : (in function: generateWithHisto) -  , in 1 y-bins
AsymptoticLimits.cc[428] : (in function: runLimitExpected) - Median for expected limits = 3.32812, Sigma for expected limits = 1.69805
AsymptoticLimits.cc[191] : (in function: runLimit) - NLL at global minimum of data = -683.614 (r=9.24907e-08)
AsymptoticLimits.cc[211] : (in function: runLimit) - NLL at global minimum of asimov = -683.684 (r=4.77293e-07)
AsymptoticLimits.cc[337] : (in function: getCLs) - At r = 1.817457:	q_mu = 2.41343	q_A  = 2.41977	Pmu = 0.06015	1-Pb  = 0.50081	CLs  = 0.12010
AsymptoticLimits.cc[337] : (in function: getCLs) - At r = 3.634914:	q_mu = 4.08695	q_A  = 4.09718	Pmu = 0.02161	1-Pb  = 0.50101	CLs  = 0.04313
AsymptoticLimits.cc[337] : (in function: getCLs) - At r = 1.817457:	q_mu = 2.41340	q_A  = 2.41969	Pmu = 0.06015	1-Pb  = 0.50081	CLs  = 0.12011
AsymptoticLimits.cc[337] : (in function: getCLs) - At r = 3.061550:	q_mu = 3.60506	q_A  = 3.61424	Pmu = 0.02880	1-Pb  = 0.50096	CLs  = 0.05749
AsymptoticLimits.cc[337] : (in function: getCLs) - At r = 3.399030:	q_mu = 3.89280	q_A  = 3.90275	Pmu = 0.02425	1-Pb  = 0.50101	CLs  = 0.04840
AsymptoticLimits.cc[337] : (in function: getCLs) - At r = 3.280432:	q_mu = 3.79306	q_A  = 3.80279	Pmu = 0.02573	1-Pb  = 0.50100	CLs  = 0.05136
AsymptoticLimits.cc[337] : (in function: getCLs) - At r = 3.347043:	q_mu = 3.84925	q_A  = 3.85910	Pmu = 0.02488	1-Pb  = 0.50100	CLs  = 0.04967
AsymptoticLimits.cc[337] : (in function: getCLs) - At r = 3.323162:	q_mu = 3.82916	q_A  = 3.83896	Pmu = 0.02518	1-Pb  = 0.50100	CLs  = 0.05027
AsymptoticLimits.cc[337] : (in function: getCLs) - At r = 3.336450:	q_mu = 3.84036	q_A  = 3.85017	Pmu = 0.02502	1-Pb  = 0.50100	CLs  = 0.04993
AsymptoticLimits.cc[337] : (in function: getCLs) - At r = 3.331660:	q_mu = 3.83633	q_A  = 3.84613	Pmu = 0.02508	1-Pb  = 0.50100	CLs  = 0.05005
AsymptoticLimits.cc[337] : (in function: getCLs) - At r = 3.334317:	q_mu = 3.83857	q_A  = 3.84837	Pmu = 0.02504	1-Pb  = 0.50100	CLs  = 0.04999
AsymptoticLimits.cc[337] : (in function: getCLs) - At r = 3.333359:	q_mu = 3.83776	q_A  = 3.84756	Pmu = 0.02506	1-Pb  = 0.50100	CLs  = 0.05001
AsymptoticLimits.cc[337] : (in function: getCLs) - At r = 3.333891:	q_mu = 3.83821	q_A  = 3.84801	Pmu = 0.02505	1-Pb  = 0.50100	CLs  = 0.05000
AsymptoticLimits.cc[337] : (in function: getCLs) - At r = 3.333699:	q_mu = 3.83804	q_A  = 3.84785	Pmu = 0.02505	1-Pb  = 0.50100	CLs  = 0.05000
AsymptoticLimits.cc[337] : (in function: getCLs) - At r = 3.333806:	q_mu = 3.83813	q_A  = 3.84794	Pmu = 0.02505	1-Pb  = 0.50100	CLs  = 0.05000
AsymptoticLimits.cc[337] : (in function: getCLs) - At r = 3.333767:	q_mu = 3.83810	q_A  = 3.84791	Pmu = 0.02505	1-Pb  = 0.50100	CLs  = 0.05000
AsymptoticLimits.cc[337] : (in function: getCLs) - At r = 3.333789:	q_mu = 3.83812	q_A  = 3.84792	Pmu = 0.02505	1-Pb  = 0.50100	CLs  = 0.05000
AsymptoticLimits.cc[337] : (in function: getCLs) - At r = 3.333781:	q_mu = 3.83811	q_A  = 3.84792	Pmu = 0.02505	1-Pb  = 0.50100	CLs  = 0.05000
