 <<< Combine >>> 
 <<< v10.0.1 >>>
>>> Random number generator seed is 123456
>>> Method used is FitDiagnostics
Set Default Value of Parameter mask_pass_SIG To : 1
Set Default Value of Parameter mask_pass_HIGH To : 1
Set Default Value of Parameter r To : 1
>>> 2 out of 6 channels masked

>> Found 19 floating parameters
>> The following parameters are protected in the event of negative eigenvalues:
>> Verifying eigenvalues are all positive (iteration 0)
Eigenvalue 18 : -4.98404e-06
 - 0.820831	Background_rpf_2x0_par3
 - -0.441125	Background_rpf_2x0_par0
 - -0.356731	Background_rpf_2x0_par1
 - -0.0662221	Background_rpf_2x0_par2
 - 0.0011526	Background_fail_LOW_bin_4-1
>> Attempt 0 failed, remove the variable with largest eigenvector component...
>> Dropping Background_rpf_2x0_par3 from the hessian
>> Verifying eigenvalues are all positive (iteration 1)
>> All eigenvalues are positive
>> Inverting Hessian...
>> Matrix inverted
>> Note: the following parameters were dropped to make the covariance matrix pos-def:
     - Background_rpf_2x0_par3
 Fit B-only, status = 0, numBadNLL = 0, covariance quality = -1
Running Minos for POI r
>> Found 20 floating parameters
>> The following parameters are protected in the event of negative eigenvalues: r
>> Verifying eigenvalues are all positive (iteration 0)
Eigenvalue 19 : -0.000533019
 - -0.643326	r
 - 0.59843	Background_rpf_2x0_par2
 - 0.288187	Background_rpf_2x0_par0
 - 0.22405	Background_fail_HIGH_bin_9-1
 - -0.205412	Background_rpf_2x0_par3
>> Attempt 0 failed, remove the variable with largest eigenvector component...
>> Dropping Background_rpf_2x0_par2 from the hessian
>> Verifying eigenvalues are all positive (iteration 1)
Eigenvalue 18 : -5.28298e-06
 - -0.801782	Background_rpf_2x0_par3
 - 0.459768	Background_rpf_2x0_par1
 - 0.379671	Background_rpf_2x0_par0
 - -0.0365659	r
 - 0.0127686	Background_fail_HIGH_bin_9-1
>> Attempt 1 failed, remove the variable with largest eigenvector component...
>> Dropping Background_rpf_2x0_par3 from the hessian
>> Verifying eigenvalues are all positive (iteration 2)
>> All eigenvalues are positive
>> Inverting Hessian...
>> Matrix inverted
>> Note: the following parameters were dropped to make the covariance matrix pos-def:
     - Background_rpf_2x0_par2
     - Background_rpf_2x0_par3
Fit S+B, status = 0, numBadNLL = 0, covariance quality = -1

 --- FitDiagnostics ---
Best fit r: 2.72555e-07  -2.72555e-07/+50  (68% CL)
Done in 0.00 min (cpu), 0.04 min (real)
25 log messages saved to combine_logger.out
