CascadeMinimizer.cc[188] : (in function: improveOnce) - Minimization configured with Type=Minuit2, Algo=Migrad, strategy=0, tolerance=0.1
CascadeMinimizer.cc[215] : (in function: improveOnce) - Minimization finished with status=0
CascadeMinimizer.cc[219] : (in function: improveOnce) - Minimization success! status=0
ToyMCSamplerOpt.cc[146] : (in function: generateAsimov) - Using internal logic for binned/unbinned Asimov dataset generation
ToyMCSamplerOpt.cc[214] : (in function: generateWithHisto) - Generating asimov with histogram for pdf pdf_binpass_LOW_obsOnly: in 4 x-bins
ToyMCSamplerOpt.cc[215] : (in function: generateWithHisto) -  , in 1 y-bins
ToyMCSamplerOpt.cc[146] : (in function: generateAsimov) - Using internal logic for binned/unbinned Asimov dataset generation
ToyMCSamplerOpt.cc[214] : (in function: generateWithHisto) - Generating asimov with histogram for pdf pdf_binpass_SIG_obsOnly: in 3 x-bins
ToyMCSamplerOpt.cc[215] : (in function: generateWithHisto) -  , in 1 y-bins
ToyMCSamplerOpt.cc[146] : (in function: generateAsimov) - Using internal logic for binned/unbinned Asimov dataset generation
ToyMCSamplerOpt.cc[214] : (in function: generateWithHisto) - Generating asimov with histogram for pdf pdf_binpass_HIGH_obsOnly: in 7 x-bins
ToyMCSamplerOpt.cc[215] : (in function: generateWithHisto) -  , in 1 y-bins
ToyMCSamplerOpt.cc[146] : (in function: generateAsimov) - Using internal logic for binned/unbinned Asimov dataset generation
ToyMCSamplerOpt.cc[214] : (in function: generateWithHisto) - Generating asimov with histogram for pdf pdf_binfail_LOW_obsOnly: in 4 x-bins
ToyMCSamplerOpt.cc[215] : (in function: generateWithHisto) -  , in 1 y-bins
ToyMCSamplerOpt.cc[146] : (in function: generateAsimov) - Using internal logic for binned/unbinned Asimov dataset generation
ToyMCSamplerOpt.cc[214] : (in function: generateWithHisto) - Generating asimov with histogram for pdf pdf_binfail_SIG_obsOnly: in 3 x-bins
ToyMCSamplerOpt.cc[215] : (in function: generateWithHisto) -  , in 1 y-bins
ToyMCSamplerOpt.cc[146] : (in function: generateAsimov) - Using internal logic for binned/unbinned Asimov dataset generation
ToyMCSamplerOpt.cc[214] : (in function: generateWithHisto) - Generating asimov with histogram for pdf pdf_binfail_HIGH_obsOnly: in 7 x-bins
ToyMCSamplerOpt.cc[215] : (in function: generateWithHisto) -  , in 1 y-bins
AsymptoticLimits.cc[428] : (in function: runLimitExpected) - Median for expected limits = 3.21875, Sigma for expected limits = 1.64225
AsymptoticLimits.cc[191] : (in function: runLimit) - NLL at global minimum of data = -11131.7 (r=1.40794e-06)
AsymptoticLimits.cc[211] : (in function: runLimit) - NLL at global minimum of asimov = -11131.2 (r=4.01493e-07)
AsymptoticLimits.cc[337] : (in function: getCLs) - At r = 1.249802:	q_mu = 2.39881	q_A  = 1.55228	Pmu = 0.05641	1-Pb  = 0.36703	CLs  = 0.15370
AsymptoticLimits.cc[337] : (in function: getCLs) - At r = 2.499605:	q_mu = 4.14819	q_A  = 3.07110	Pmu = 0.01971	1-Pb  = 0.37930	CLs  = 0.05197
AsymptoticLimits.cc[337] : (in function: getCLs) - At r = 4.999209:	q_mu = 6.79867	q_A  = 5.49871	Pmu = 0.00437	1-Pb  = 0.39082	CLs  = 0.01118
AsymptoticLimits.cc[337] : (in function: getCLs) - At r = 2.499605:	q_mu = 4.14810	q_A  = 3.07115	Pmu = 0.01971	1-Pb  = 0.37932	CLs  = 0.05197
AsymptoticLimits.cc[337] : (in function: getCLs) - At r = 3.749407:	q_mu = 5.57511	q_A  = 4.36580	Pmu = 0.00868	1-Pb  = 0.38614	CLs  = 0.02249
AsymptoticLimits.cc[337] : (in function: getCLs) - At r = 2.795611:	q_mu = 4.50923	q_A  = 3.39532	Pmu = 0.01598	1-Pb  = 0.38123	CLs  = 0.04192
AsymptoticLimits.cc[337] : (in function: getCLs) - At r = 2.601318:	q_mu = 4.27404	q_A  = 3.18388	Pmu = 0.01832	1-Pb  = 0.38000	CLs  = 0.04820
AsymptoticLimits.cc[337] : (in function: getCLs) - At r = 2.541347:	q_mu = 4.20010	q_A  = 3.11755	Pmu = 0.01912	1-Pb  = 0.37959	CLs  = 0.05038
AsymptoticLimits.cc[337] : (in function: getCLs) - At r = 2.561510:	q_mu = 4.22500	q_A  = 3.13992	Pmu = 0.01885	1-Pb  = 0.37974	CLs  = 0.04963
AsymptoticLimits.cc[337] : (in function: getCLs) - At r = 2.549492:	q_mu = 4.21011	q_A  = 3.12659	Pmu = 0.01901	1-Pb  = 0.37965	CLs  = 0.05008
AsymptoticLimits.cc[337] : (in function: getCLs) - At r = 2.553538:	q_mu = 4.21512	q_A  = 3.13107	Pmu = 0.01896	1-Pb  = 0.37968	CLs  = 0.04993
AsymptoticLimits.cc[337] : (in function: getCLs) - At r = 2.551137:	q_mu = 4.21223	q_A  = 3.12840	Pmu = 0.01899	1-Pb  = 0.37966	CLs  = 0.05001
AsymptoticLimits.cc[337] : (in function: getCLs) - At r = 2.551917:	q_mu = 4.21313	q_A  = 3.12927	Pmu = 0.01898	1-Pb  = 0.37967	CLs  = 0.04999
AsymptoticLimits.cc[337] : (in function: getCLs) - At r = 2.551601:	q_mu = 4.21272	q_A  = 3.12892	Pmu = 0.01898	1-Pb  = 0.37967	CLs  = 0.05000
AsymptoticLimits.cc[337] : (in function: getCLs) - At r = 2.551462:	q_mu = 4.21255	q_A  = 3.12876	Pmu = 0.01898	1-Pb  = 0.37967	CLs  = 0.05000
AsymptoticLimits.cc[337] : (in function: getCLs) - At r = 2.551533:	q_mu = 4.21263	q_A  = 3.12884	Pmu = 0.01898	1-Pb  = 0.37967	CLs  = 0.05000
AsymptoticLimits.cc[337] : (in function: getCLs) - At r = 2.551562:	q_mu = 4.21276	q_A  = 3.12889	Pmu = 0.01898	1-Pb  = 0.37966	CLs  = 0.05000
AsymptoticLimits.cc[337] : (in function: getCLs) - At r = 2.551545:	q_mu = 4.21267	q_A  = 3.12886	Pmu = 0.01898	1-Pb  = 0.37967	CLs  = 0.05000
AsymptoticLimits.cc[337] : (in function: getCLs) - At r = 2.551541:	q_mu = 4.21265	q_A  = 3.12885	Pmu = 0.01898	1-Pb  = 0.37967	CLs  = 0.05000
