CascadeMinimizer.cc[188] : (in function: improveOnce) - Minimization configured with Type=Minuit2, Algo=Migrad, strategy=0, tolerance=0.1
CascadeMinimizer.cc[215] : (in function: improveOnce) - Minimization finished with status=0
CascadeMinimizer.cc[219] : (in function: improveOnce) - Minimization success! status=0
ToyMCSamplerOpt.cc[146] : (in function: generateAsimov) - Using internal logic for binned/unbinned Asimov dataset generation
ToyMCSamplerOpt.cc[214] : (in function: generateWithHisto) - Generating asimov with histogram for pdf pdf_binpass_LOW_obsOnly: in 3 x-bins
ToyMCSamplerOpt.cc[215] : (in function: generateWithHisto) -  , in 1 y-bins
ToyMCSamplerOpt.cc[146] : (in function: generateAsimov) - Using internal logic for binned/unbinned Asimov dataset generation
ToyMCSamplerOpt.cc[214] : (in function: generateWithHisto) - Generating asimov with histogram for pdf pdf_binpass_SIG_obsOnly: in 1 x-bins
ToyMCSamplerOpt.cc[215] : (in function: generateWithHisto) -  , in 1 y-bins
ToyMCSamplerOpt.cc[146] : (in function: generateAsimov) - Using internal logic for binned/unbinned Asimov dataset generation
ToyMCSamplerOpt.cc[214] : (in function: generateWithHisto) - Generating asimov with histogram for pdf pdf_binpass_HIGH_obsOnly: in 3 x-bins
ToyMCSamplerOpt.cc[215] : (in function: generateWithHisto) -  , in 1 y-bins
ToyMCSamplerOpt.cc[146] : (in function: generateAsimov) - Using internal logic for binned/unbinned Asimov dataset generation
ToyMCSamplerOpt.cc[214] : (in function: generateWithHisto) - Generating asimov with histogram for pdf pdf_binfail_LOW_obsOnly: in 3 x-bins
ToyMCSamplerOpt.cc[215] : (in function: generateWithHisto) -  , in 1 y-bins
ToyMCSamplerOpt.cc[146] : (in function: generateAsimov) - Using internal logic for binned/unbinned Asimov dataset generation
ToyMCSamplerOpt.cc[214] : (in function: generateWithHisto) - Generating asimov with histogram for pdf pdf_binfail_SIG_obsOnly: in 1 x-bins
ToyMCSamplerOpt.cc[215] : (in function: generateWithHisto) -  , in 1 y-bins
ToyMCSamplerOpt.cc[146] : (in function: generateAsimov) - Using internal logic for binned/unbinned Asimov dataset generation
ToyMCSamplerOpt.cc[214] : (in function: generateWithHisto) - Generating asimov with histogram for pdf pdf_binfail_HIGH_obsOnly: in 3 x-bins
ToyMCSamplerOpt.cc[215] : (in function: generateWithHisto) -  , in 1 y-bins
AsymptoticLimits.cc[428] : (in function: runLimitExpected) - Median for expected limits = 0.265625, Sigma for expected limits = 0.135525
AsymptoticLimits.cc[191] : (in function: runLimit) - NLL at global minimum of data = -694.746 (r=2.6008e-07)
AsymptoticLimits.cc[211] : (in function: runLimit) - NLL at global minimum of asimov = -694.931 (r=4.3828e-08)
AsymptoticLimits.cc[337] : (in function: getCLs) - At r = 1.200000:	q_mu = 12.51041	q_A  = 12.50493	Pmu = 0.00020	1-Pb  = 0.49969	CLs  = 0.00040
AsymptoticLimits.cc[337] : (in function: getCLs) - At r = 0.600000:	q_mu = 7.49364	q_A  = 7.48758	Pmu = 0.00310	1-Pb  = 0.49956	CLs  = 0.00620
AsymptoticLimits.cc[337] : (in function: getCLs) - At r = 0.300000:	q_mu = 4.26403	q_A  = 4.25894	Pmu = 0.01946	1-Pb  = 0.49951	CLs  = 0.03897
AsymptoticLimits.cc[337] : (in function: getCLs) - At r = 0.150000:	q_mu = 2.32461	q_A  = 2.32091	Pmu = 0.06367	1-Pb  = 0.49952	CLs  = 0.12747
AsymptoticLimits.cc[337] : (in function: getCLs) - At r = 0.244754:	q_mu = 3.58299	q_A  = 3.57824	Pmu = 0.02919	1-Pb  = 0.49950	CLs  = 0.05843
AsymptoticLimits.cc[337] : (in function: getCLs) - At r = 0.272803:	q_mu = 3.93304	q_A  = 3.92799	Pmu = 0.02367	1-Pb  = 0.49949	CLs  = 0.04739
AsymptoticLimits.cc[337] : (in function: getCLs) - At r = 0.261457:	q_mu = 3.79253	q_A  = 3.78755	Pmu = 0.02574	1-Pb  = 0.49949	CLs  = 0.05153
AsymptoticLimits.cc[337] : (in function: getCLs) - At r = 0.267002:	q_mu = 3.86138	q_A  = 3.85634	Pmu = 0.02470	1-Pb  = 0.49949	CLs  = 0.04946
AsymptoticLimits.cc[337] : (in function: getCLs) - At r = 0.264721:	q_mu = 3.83310	q_A  = 3.82806	Pmu = 0.02512	1-Pb  = 0.49949	CLs  = 0.05030
AsymptoticLimits.cc[337] : (in function: getCLs) - At r = 0.265828:	q_mu = 3.84683	q_A  = 3.84177	Pmu = 0.02492	1-Pb  = 0.49948	CLs  = 0.04989
AsymptoticLimits.cc[337] : (in function: getCLs) - At r = 0.265372:	q_mu = 3.84117	q_A  = 3.83610	Pmu = 0.02500	1-Pb  = 0.49948	CLs  = 0.05006
AsymptoticLimits.cc[337] : (in function: getCLs) - At r = 0.265593:	q_mu = 3.84392	q_A  = 3.83884	Pmu = 0.02496	1-Pb  = 0.49948	CLs  = 0.04998
AsymptoticLimits.cc[337] : (in function: getCLs) - At r = 0.265502:	q_mu = 3.84279	q_A  = 3.83770	Pmu = 0.02498	1-Pb  = 0.49948	CLs  = 0.05001
AsymptoticLimits.cc[337] : (in function: getCLs) - At r = 0.265546:	q_mu = 3.84334	q_A  = 3.83825	Pmu = 0.02497	1-Pb  = 0.49948	CLs  = 0.05000
AsymptoticLimits.cc[337] : (in function: getCLs) - At r = 0.265528:	q_mu = 3.84311	q_A  = 3.83802	Pmu = 0.02498	1-Pb  = 0.49948	CLs  = 0.05000
AsymptoticLimits.cc[337] : (in function: getCLs) - At r = 0.265537:	q_mu = 3.84322	q_A  = 3.83813	Pmu = 0.02497	1-Pb  = 0.49948	CLs  = 0.05000
AsymptoticLimits.cc[337] : (in function: getCLs) - At r = 0.265534:	q_mu = 3.84318	q_A  = 3.83808	Pmu = 0.02497	1-Pb  = 0.49948	CLs  = 0.05000
