 <<< Combine >>> 
 <<< v10.0.1 >>>
>>> Random number generator seed is 123456
>>> Method used is FitDiagnostics
Set Default Value of Parameter mask_pass_SIG To : 1
Set Default Value of Parameter mask_pass_HIGH To : 1
Set Default Value of Parameter r To : 1
>>> 2 out of 6 channels masked

>> Found 22 floating parameters
>> The following parameters are protected in the event of negative eigenvalues:
>> Verifying eigenvalues are all positive (iteration 0)
Eigenvalue 21 : -1.8446e-05
 - 0.790135	Background_rpf_2x0_par3
 - -0.561882	Background_rpf_2x0_par0
 - -0.238746	Background_rpf_2x0_par1
 - -0.0545303	Background_rpf_2x0_par2
 - 0.00110929	Background_fail_LOW_bin_3-1
>> Attempt 0 failed, remove the variable with largest eigenvector component...
>> Dropping Background_rpf_2x0_par3 from the hessian
>> Verifying eigenvalues are all positive (iteration 1)
>> All eigenvalues are positive
>> Inverting Hessian...
>> Matrix inverted
>> Note: the following parameters were dropped to make the covariance matrix pos-def:
     - Background_rpf_2x0_par3
 Fit B-only, status = 0, numBadNLL = 0, covariance quality = -1
Running Minos for POI r
>> Found 23 floating parameters
>> The following parameters are protected in the event of negative eigenvalues: r
>> Verifying eigenvalues are all positive (iteration 0)
Eigenvalue 21 : -5.60645e-05
 - -0.706808	Background_rpf_2x0_par3
 - 0.428244	Background_rpf_2x0_par0
 - 0.3978	Background_rpf_2x0_par1
 - -0.319479	Background_rpf_2x0_par2
 - 0.23462	r
Eigenvalue 22 : -0.000317601
 - -0.645651	Background_rpf_2x0_par2
 - 0.58871	r
 - -0.338122	Background_rpf_2x0_par0
 - 0.327094	Background_rpf_2x0_par3
 - 0.0689031	Background_rpf_2x0_par1
>> Attempt 0 failed, remove the variable with largest eigenvector component...
>> Dropping Background_rpf_2x0_par2 from the hessian
>> Verifying eigenvalues are all positive (iteration 1)
Eigenvalue 21 : -0.000108209
 - 0.777242	Background_rpf_2x0_par3
 - -0.530263	Background_rpf_2x0_par0
 - -0.332387	Background_rpf_2x0_par1
 - 0.0641081	r
 - -0.00750812	Background_fail_HIGH_bin_6-1
>> Attempt 1 failed, remove the variable with largest eigenvector component...
>> Dropping Background_rpf_2x0_par3 from the hessian
>> Verifying eigenvalues are all positive (iteration 2)
>> All eigenvalues are positive
>> Inverting Hessian...
>> Matrix inverted
>> Note: the following parameters were dropped to make the covariance matrix pos-def:
     - Background_rpf_2x0_par2
     - Background_rpf_2x0_par3
Fit S+B, status = 0, numBadNLL = 0, covariance quality = -1

 --- FitDiagnostics ---
Best fit r: 2.26305e-05  -2.26305e-05/+50  (68% CL)
Done in 0.00 min (cpu), 0.00 min (real)
26 log messages saved to combine_logger.out
