CascadeMinimizer.cc[188] : (in function: improveOnce) - Minimization configured with Type=Minuit2, Algo=Migrad, strategy=0, tolerance=0.1
CascadeMinimizer.cc[215] : (in function: improveOnce) - Minimization finished with status=0
CascadeMinimizer.cc[219] : (in function: improveOnce) - Minimization success! status=0
ToyMCSamplerOpt.cc[146] : (in function: generateAsimov) - Using internal logic for binned/unbinned Asimov dataset generation
ToyMCSamplerOpt.cc[214] : (in function: generateWithHisto) - Generating asimov with histogram for pdf pdf_binpass_LOW_obsOnly: in 3 x-bins
ToyMCSamplerOpt.cc[215] : (in function: generateWithHisto) -  , in 1 y-bins
ToyMCSamplerOpt.cc[146] : (in function: generateAsimov) - Using internal logic for binned/unbinned Asimov dataset generation
ToyMCSamplerOpt.cc[214] : (in function: generateWithHisto) - Generating asimov with histogram for pdf pdf_binpass_SIG_obsOnly: in 1 x-bins
ToyMCSamplerOpt.cc[215] : (in function: generateWithHisto) -  , in 1 y-bins
ToyMCSamplerOpt.cc[146] : (in function: generateAsimov) - Using internal logic for binned/unbinned Asimov dataset generation
ToyMCSamplerOpt.cc[214] : (in function: generateWithHisto) - Generating asimov with histogram for pdf pdf_binpass_HIGH_obsOnly: in 3 x-bins
ToyMCSamplerOpt.cc[215] : (in function: generateWithHisto) -  , in 1 y-bins
ToyMCSamplerOpt.cc[146] : (in function: generateAsimov) - Using internal logic for binned/unbinned Asimov dataset generation
ToyMCSamplerOpt.cc[214] : (in function: generateWithHisto) - Generating asimov with histogram for pdf pdf_binfail_LOW_obsOnly: in 3 x-bins
ToyMCSamplerOpt.cc[215] : (in function: generateWithHisto) -  , in 1 y-bins
ToyMCSamplerOpt.cc[146] : (in function: generateAsimov) - Using internal logic for binned/unbinned Asimov dataset generation
ToyMCSamplerOpt.cc[214] : (in function: generateWithHisto) - Generating asimov with histogram for pdf pdf_binfail_SIG_obsOnly: in 1 x-bins
ToyMCSamplerOpt.cc[215] : (in function: generateWithHisto) -  , in 1 y-bins
ToyMCSamplerOpt.cc[146] : (in function: generateAsimov) - Using internal logic for binned/unbinned Asimov dataset generation
ToyMCSamplerOpt.cc[214] : (in function: generateWithHisto) - Generating asimov with histogram for pdf pdf_binfail_HIGH_obsOnly: in 3 x-bins
ToyMCSamplerOpt.cc[215] : (in function: generateWithHisto) -  , in 1 y-bins
AsymptoticLimits.cc[428] : (in function: runLimitExpected) - Median for expected limits = 1.85938, Sigma for expected limits = 0.948678
AsymptoticLimits.cc[191] : (in function: runLimit) - NLL at global minimum of data = -8389.77 (r=4.17063e-10)
AsymptoticLimits.cc[211] : (in function: runLimit) - NLL at global minimum of asimov = -8388.99 (r=1.01034e-06)
AsymptoticLimits.cc[337] : (in function: getCLs) - At r = 1.200000:	q_mu = 3.85675	q_A  = 2.49052	Pmu = 0.02216	1-Pb  = 0.33256	CLs  = 0.06664
AsymptoticLimits.cc[337] : (in function: getCLs) - At r = 2.400000:	q_mu = 6.51726	q_A  = 4.83945	Pmu = 0.00492	1-Pb  = 0.35147	CLs  = 0.01401
AsymptoticLimits.cc[337] : (in function: getCLs) - At r = 1.200000:	q_mu = 3.85678	q_A  = 2.49056	Pmu = 0.02216	1-Pb  = 0.33256	CLs  = 0.06664
AsymptoticLimits.cc[337] : (in function: getCLs) - At r = 1.800000:	q_mu = 5.27636	q_A  = 3.72445	Pmu = 0.00985	1-Pb  = 0.34381	CLs  = 0.02865
AsymptoticLimits.cc[337] : (in function: getCLs) - At r = 1.483388:	q_mu = 4.55381	q_A  = 3.08943	Pmu = 0.01484	1-Pb  = 0.33850	CLs  = 0.04385
AsymptoticLimits.cc[337] : (in function: getCLs) - At r = 1.355627:	q_mu = 4.24605	q_A  = 2.82312	Pmu = 0.01770	1-Pb  = 0.33599	CLs  = 0.05269
AsymptoticLimits.cc[337] : (in function: getCLs) - At r = 1.410374:	q_mu = 4.37923	q_A  = 2.93799	Pmu = 0.01640	1-Pb  = 0.33709	CLs  = 0.04866
AsymptoticLimits.cc[337] : (in function: getCLs) - At r = 1.384466:	q_mu = 4.31641	q_A  = 2.88375	Pmu = 0.01700	1-Pb  = 0.33658	CLs  = 0.05052
AsymptoticLimits.cc[337] : (in function: getCLs) - At r = 1.395349:	q_mu = 4.34289	q_A  = 2.90660	Pmu = 0.01675	1-Pb  = 0.33679	CLs  = 0.04973
AsymptoticLimits.cc[337] : (in function: getCLs) - At r = 1.390145:	q_mu = 4.33021	q_A  = 2.89566	Pmu = 0.01687	1-Pb  = 0.33669	CLs  = 0.05010
AsymptoticLimits.cc[337] : (in function: getCLs) - At r = 1.392326:	q_mu = 4.33549	q_A  = 2.90022	Pmu = 0.01682	1-Pb  = 0.33673	CLs  = 0.04995
AsymptoticLimits.cc[337] : (in function: getCLs) - At r = 1.391292:	q_mu = 4.33298	q_A  = 2.89805	Pmu = 0.01684	1-Pb  = 0.33671	CLs  = 0.05002
AsymptoticLimits.cc[337] : (in function: getCLs) - At r = 1.391731:	q_mu = 4.33411	q_A  = 2.89897	Pmu = 0.01683	1-Pb  = 0.33671	CLs  = 0.04999
AsymptoticLimits.cc[337] : (in function: getCLs) - At r = 1.391515:	q_mu = 4.33353	q_A  = 2.89851	Pmu = 0.01684	1-Pb  = 0.33672	CLs  = 0.05000
AsymptoticLimits.cc[337] : (in function: getCLs) - At r = 1.391606:	q_mu = 4.33374	q_A  = 2.89877	Pmu = 0.01684	1-Pb  = 0.33673	CLs  = 0.05000
AsymptoticLimits.cc[337] : (in function: getCLs) - At r = 1.391562:	q_mu = 4.33363	q_A  = 2.89863	Pmu = 0.01684	1-Pb  = 0.33672	CLs  = 0.05000
AsymptoticLimits.cc[337] : (in function: getCLs) - At r = 1.391583:	q_mu = 4.33375	q_A  = 2.89866	Pmu = 0.01684	1-Pb  = 0.33671	CLs  = 0.05000
AsymptoticLimits.cc[337] : (in function: getCLs) - At r = 1.391574:	q_mu = 4.33367	q_A  = 2.89864	Pmu = 0.01684	1-Pb  = 0.33672	CLs  = 0.05000
AsymptoticLimits.cc[337] : (in function: getCLs) - At r = 1.391577:	q_mu = 4.33367	q_A  = 2.89864	Pmu = 0.01684	1-Pb  = 0.33672	CLs  = 0.05000
