CascadeMinimizer.cc[188] : (in function: improveOnce) - Minimization configured with Type=Minuit2, Algo=Migrad, strategy=0, tolerance=0.1
CascadeMinimizer.cc[215] : (in function: improveOnce) - Minimization finished with status=0
CascadeMinimizer.cc[219] : (in function: improveOnce) - Minimization success! status=0
ToyMCSamplerOpt.cc[146] : (in function: generateAsimov) - Using internal logic for binned/unbinned Asimov dataset generation
ToyMCSamplerOpt.cc[214] : (in function: generateWithHisto) - Generating asimov with histogram for pdf pdf_binpass_LOW_obsOnly: in 3 x-bins
ToyMCSamplerOpt.cc[215] : (in function: generateWithHisto) -  , in 1 y-bins
ToyMCSamplerOpt.cc[146] : (in function: generateAsimov) - Using internal logic for binned/unbinned Asimov dataset generation
ToyMCSamplerOpt.cc[214] : (in function: generateWithHisto) - Generating asimov with histogram for pdf pdf_binpass_SIG_obsOnly: in 1 x-bins
ToyMCSamplerOpt.cc[215] : (in function: generateWithHisto) -  , in 1 y-bins
ToyMCSamplerOpt.cc[146] : (in function: generateAsimov) - Using internal logic for binned/unbinned Asimov dataset generation
ToyMCSamplerOpt.cc[214] : (in function: generateWithHisto) - Generating asimov with histogram for pdf pdf_binpass_HIGH_obsOnly: in 3 x-bins
ToyMCSamplerOpt.cc[215] : (in function: generateWithHisto) -  , in 1 y-bins
ToyMCSamplerOpt.cc[146] : (in function: generateAsimov) - Using internal logic for binned/unbinned Asimov dataset generation
ToyMCSamplerOpt.cc[214] : (in function: generateWithHisto) - Generating asimov with histogram for pdf pdf_binfail_LOW_obsOnly: in 3 x-bins
ToyMCSamplerOpt.cc[215] : (in function: generateWithHisto) -  , in 1 y-bins
ToyMCSamplerOpt.cc[146] : (in function: generateAsimov) - Using internal logic for binned/unbinned Asimov dataset generation
ToyMCSamplerOpt.cc[214] : (in function: generateWithHisto) - Generating asimov with histogram for pdf pdf_binfail_SIG_obsOnly: in 1 x-bins
ToyMCSamplerOpt.cc[215] : (in function: generateWithHisto) -  , in 1 y-bins
ToyMCSamplerOpt.cc[146] : (in function: generateAsimov) - Using internal logic for binned/unbinned Asimov dataset generation
ToyMCSamplerOpt.cc[214] : (in function: generateWithHisto) - Generating asimov with histogram for pdf pdf_binfail_HIGH_obsOnly: in 3 x-bins
ToyMCSamplerOpt.cc[215] : (in function: generateWithHisto) -  , in 1 y-bins
AsymptoticLimits.cc[428] : (in function: runLimitExpected) - Median for expected limits = 0.960938, Sigma for expected limits = 0.490283
AsymptoticLimits.cc[191] : (in function: runLimit) - NLL at global minimum of data = -8394.01 (r=4.95422e-09)
AsymptoticLimits.cc[211] : (in function: runLimit) - NLL at global minimum of asimov = -8393.16 (r=3.73355e-07)
AsymptoticLimits.cc[337] : (in function: getCLs) - At r = 1.200000:	q_mu = 6.68668	q_A  = 4.73275	Pmu = 0.00434	1-Pb  = 0.32669	CLs  = 0.01328
AsymptoticLimits.cc[337] : (in function: getCLs) - At r = 0.600000:	q_mu = 3.89902	q_A  = 2.36139	Pmu = 0.02083	1-Pb  = 0.30843	CLs  = 0.06752
AsymptoticLimits.cc[337] : (in function: getCLs) - At r = 0.900000:	q_mu = 5.37990	q_A  = 3.59725	Pmu = 0.00898	1-Pb  = 0.31920	CLs  = 0.02812
AsymptoticLimits.cc[337] : (in function: getCLs) - At r = 0.742317:	q_mu = 4.62713	q_A  = 2.96060	Pmu = 0.01373	1-Pb  = 0.31410	CLs  = 0.04371
AsymptoticLimits.cc[337] : (in function: getCLs) - At r = 0.678666:	q_mu = 4.30774	q_A  = 2.69549	Pmu = 0.01647	1-Pb  = 0.31171	CLs  = 0.05284
AsymptoticLimits.cc[337] : (in function: getCLs) - At r = 0.706229:	q_mu = 4.44729	q_A  = 2.81089	Pmu = 0.01521	1-Pb  = 0.31277	CLs  = 0.04863
AsymptoticLimits.cc[337] : (in function: getCLs) - At r = 0.693332:	q_mu = 4.38220	q_A  = 2.75699	Pmu = 0.01578	1-Pb  = 0.31228	CLs  = 0.05055
AsymptoticLimits.cc[337] : (in function: getCLs) - At r = 0.698814:	q_mu = 4.40988	q_A  = 2.77999	Pmu = 0.01554	1-Pb  = 0.31250	CLs  = 0.04972
AsymptoticLimits.cc[337] : (in function: getCLs) - At r = 0.696228:	q_mu = 4.39689	q_A  = 2.76911	Pmu = 0.01565	1-Pb  = 0.31239	CLs  = 0.05011
AsymptoticLimits.cc[337] : (in function: getCLs) - At r = 0.697320:	q_mu = 4.40235	q_A  = 2.77366	Pmu = 0.01560	1-Pb  = 0.31243	CLs  = 0.04995
AsymptoticLimits.cc[337] : (in function: getCLs) - At r = 0.696806:	q_mu = 4.39975	q_A  = 2.77150	Pmu = 0.01563	1-Pb  = 0.31241	CLs  = 0.05002
AsymptoticLimits.cc[337] : (in function: getCLs) - At r = 0.697028:	q_mu = 4.40086	q_A  = 2.77251	Pmu = 0.01562	1-Pb  = 0.31243	CLs  = 0.04999
AsymptoticLimits.cc[337] : (in function: getCLs) - At r = 0.696923:	q_mu = 4.40040	q_A  = 2.77201	Pmu = 0.01562	1-Pb  = 0.31241	CLs  = 0.05000
AsymptoticLimits.cc[337] : (in function: getCLs) - At r = 0.696963:	q_mu = 4.40055	q_A  = 2.77216	Pmu = 0.01562	1-Pb  = 0.31242	CLs  = 0.05000
AsymptoticLimits.cc[337] : (in function: getCLs) - At r = 0.696945:	q_mu = 4.40045	q_A  = 2.77209	Pmu = 0.01562	1-Pb  = 0.31242	CLs  = 0.05000
AsymptoticLimits.cc[337] : (in function: getCLs) - At r = 0.696952:	q_mu = 4.40048	q_A  = 2.77219	Pmu = 0.01562	1-Pb  = 0.31243	CLs  = 0.05000
AsymptoticLimits.cc[337] : (in function: getCLs) - At r = 0.696950:	q_mu = 4.40053	q_A  = 2.77212	Pmu = 0.01562	1-Pb  = 0.31241	CLs  = 0.05000
