CascadeMinimizer.cc[188] : (in function: improveOnce) - Minimization configured with Type=Minuit2, Algo=Migrad, strategy=0, tolerance=0.1
CascadeMinimizer.cc[215] : (in function: improveOnce) - Minimization finished with status=0
CascadeMinimizer.cc[219] : (in function: improveOnce) - Minimization success! status=0
ToyMCSamplerOpt.cc[146] : (in function: generateAsimov) - Using internal logic for binned/unbinned Asimov dataset generation
ToyMCSamplerOpt.cc[214] : (in function: generateWithHisto) - Generating asimov with histogram for pdf pdf_binpass_LOW_obsOnly: in 3 x-bins
ToyMCSamplerOpt.cc[215] : (in function: generateWithHisto) -  , in 1 y-bins
ToyMCSamplerOpt.cc[146] : (in function: generateAsimov) - Using internal logic for binned/unbinned Asimov dataset generation
ToyMCSamplerOpt.cc[214] : (in function: generateWithHisto) - Generating asimov with histogram for pdf pdf_binpass_SIG_obsOnly: in 1 x-bins
ToyMCSamplerOpt.cc[215] : (in function: generateWithHisto) -  , in 1 y-bins
ToyMCSamplerOpt.cc[146] : (in function: generateAsimov) - Using internal logic for binned/unbinned Asimov dataset generation
ToyMCSamplerOpt.cc[214] : (in function: generateWithHisto) - Generating asimov with histogram for pdf pdf_binpass_HIGH_obsOnly: in 3 x-bins
ToyMCSamplerOpt.cc[215] : (in function: generateWithHisto) -  , in 1 y-bins
ToyMCSamplerOpt.cc[146] : (in function: generateAsimov) - Using internal logic for binned/unbinned Asimov dataset generation
ToyMCSamplerOpt.cc[214] : (in function: generateWithHisto) - Generating asimov with histogram for pdf pdf_binfail_LOW_obsOnly: in 3 x-bins
ToyMCSamplerOpt.cc[215] : (in function: generateWithHisto) -  , in 1 y-bins
ToyMCSamplerOpt.cc[146] : (in function: generateAsimov) - Using internal logic for binned/unbinned Asimov dataset generation
ToyMCSamplerOpt.cc[214] : (in function: generateWithHisto) - Generating asimov with histogram for pdf pdf_binfail_SIG_obsOnly: in 1 x-bins
ToyMCSamplerOpt.cc[215] : (in function: generateWithHisto) -  , in 1 y-bins
ToyMCSamplerOpt.cc[146] : (in function: generateAsimov) - Using internal logic for binned/unbinned Asimov dataset generation
ToyMCSamplerOpt.cc[214] : (in function: generateWithHisto) - Generating asimov with histogram for pdf pdf_binfail_HIGH_obsOnly: in 3 x-bins
ToyMCSamplerOpt.cc[215] : (in function: generateWithHisto) -  , in 1 y-bins
AsymptoticLimits.cc[428] : (in function: runLimitExpected) - Median for expected limits = 0.609375, Sigma for expected limits = 0.310911
AsymptoticLimits.cc[191] : (in function: runLimit) - NLL at global minimum of data = -684.866 (r=2.30449e-08)
AsymptoticLimits.cc[211] : (in function: runLimit) - NLL at global minimum of asimov = -685.049 (r=4.79809e-08)
AsymptoticLimits.cc[337] : (in function: getCLs) - At r = 1.200000:	q_mu = 6.68989	q_A  = 6.67849	Pmu = 0.00485	1-Pb  = 0.49912	CLs  = 0.00971
AsymptoticLimits.cc[337] : (in function: getCLs) - At r = 0.600000:	q_mu = 3.79651	q_A  = 3.78765	Pmu = 0.02568	1-Pb  = 0.49909	CLs  = 0.05145
AsymptoticLimits.cc[337] : (in function: getCLs) - At r = 0.900000:	q_mu = 5.31792	q_A  = 5.30741	Pmu = 0.01055	1-Pb  = 0.49909	CLs  = 0.02115
AsymptoticLimits.cc[337] : (in function: getCLs) - At r = 0.667730:	q_mu = 4.15567	q_A  = 4.14626	Pmu = 0.02075	1-Pb  = 0.49908	CLs  = 0.04157
AsymptoticLimits.cc[337] : (in function: getCLs) - At r = 0.620824:	q_mu = 3.90797	q_A  = 3.89894	Pmu = 0.02403	1-Pb  = 0.49909	CLs  = 0.04815
AsymptoticLimits.cc[337] : (in function: getCLs) - At r = 0.611346:	q_mu = 3.85736	q_A  = 3.84837	Pmu = 0.02476	1-Pb  = 0.49909	CLs  = 0.04962
AsymptoticLimits.cc[337] : (in function: getCLs) - At r = 0.607163:	q_mu = 3.83495	q_A  = 3.82598	Pmu = 0.02510	1-Pb  = 0.49909	CLs  = 0.05029
AsymptoticLimits.cc[337] : (in function: getCLs) - At r = 0.609429:	q_mu = 3.84709	q_A  = 3.83811	Pmu = 0.02492	1-Pb  = 0.49909	CLs  = 0.04992
AsymptoticLimits.cc[337] : (in function: getCLs) - At r = 0.608593:	q_mu = 3.84261	q_A  = 3.83363	Pmu = 0.02498	1-Pb  = 0.49908	CLs  = 0.05006
AsymptoticLimits.cc[337] : (in function: getCLs) - At r = 0.609047:	q_mu = 3.84504	q_A  = 3.83605	Pmu = 0.02495	1-Pb  = 0.49908	CLs  = 0.04998
AsymptoticLimits.cc[337] : (in function: getCLs) - At r = 0.608880:	q_mu = 3.84414	q_A  = 3.83515	Pmu = 0.02496	1-Pb  = 0.49908	CLs  = 0.05001
AsymptoticLimits.cc[337] : (in function: getCLs) - At r = 0.608970:	q_mu = 3.84463	q_A  = 3.83563	Pmu = 0.02495	1-Pb  = 0.49908	CLs  = 0.05000
AsymptoticLimits.cc[337] : (in function: getCLs) - At r = 0.608937:	q_mu = 3.84445	q_A  = 3.83545	Pmu = 0.02496	1-Pb  = 0.49908	CLs  = 0.05000
AsymptoticLimits.cc[337] : (in function: getCLs) - At r = 0.608955:	q_mu = 3.84455	q_A  = 3.83555	Pmu = 0.02495	1-Pb  = 0.49908	CLs  = 0.05000
AsymptoticLimits.cc[337] : (in function: getCLs) - At r = 0.608949:	q_mu = 3.84451	q_A  = 3.83551	Pmu = 0.02495	1-Pb  = 0.49908	CLs  = 0.05000
AsymptoticLimits.cc[337] : (in function: getCLs) - At r = 0.608953:	q_mu = 3.84453	q_A  = 3.83553	Pmu = 0.02495	1-Pb  = 0.49908	CLs  = 0.05000
