CascadeMinimizer.cc[188] : (in function: improveOnce) - Minimization configured with Type=Minuit2, Algo=Migrad, strategy=0, tolerance=0.1
CascadeMinimizer.cc[215] : (in function: improveOnce) - Minimization finished with status=0
CascadeMinimizer.cc[219] : (in function: improveOnce) - Minimization success! status=0
ToyMCSamplerOpt.cc[146] : (in function: generateAsimov) - Using internal logic for binned/unbinned Asimov dataset generation
ToyMCSamplerOpt.cc[214] : (in function: generateWithHisto) - Generating asimov with histogram for pdf pdf_binpass_LOW_obsOnly: in 3 x-bins
ToyMCSamplerOpt.cc[215] : (in function: generateWithHisto) -  , in 1 y-bins
ToyMCSamplerOpt.cc[146] : (in function: generateAsimov) - Using internal logic for binned/unbinned Asimov dataset generation
ToyMCSamplerOpt.cc[214] : (in function: generateWithHisto) - Generating asimov with histogram for pdf pdf_binpass_SIG_obsOnly: in 1 x-bins
ToyMCSamplerOpt.cc[215] : (in function: generateWithHisto) -  , in 1 y-bins
ToyMCSamplerOpt.cc[146] : (in function: generateAsimov) - Using internal logic for binned/unbinned Asimov dataset generation
ToyMCSamplerOpt.cc[214] : (in function: generateWithHisto) - Generating asimov with histogram for pdf pdf_binpass_HIGH_obsOnly: in 4 x-bins
ToyMCSamplerOpt.cc[215] : (in function: generateWithHisto) -  , in 1 y-bins
ToyMCSamplerOpt.cc[146] : (in function: generateAsimov) - Using internal logic for binned/unbinned Asimov dataset generation
ToyMCSamplerOpt.cc[214] : (in function: generateWithHisto) - Generating asimov with histogram for pdf pdf_binfail_LOW_obsOnly: in 3 x-bins
ToyMCSamplerOpt.cc[215] : (in function: generateWithHisto) -  , in 1 y-bins
ToyMCSamplerOpt.cc[146] : (in function: generateAsimov) - Using internal logic for binned/unbinned Asimov dataset generation
ToyMCSamplerOpt.cc[214] : (in function: generateWithHisto) - Generating asimov with histogram for pdf pdf_binfail_SIG_obsOnly: in 1 x-bins
ToyMCSamplerOpt.cc[215] : (in function: generateWithHisto) -  , in 1 y-bins
ToyMCSamplerOpt.cc[146] : (in function: generateAsimov) - Using internal logic for binned/unbinned Asimov dataset generation
ToyMCSamplerOpt.cc[214] : (in function: generateWithHisto) - Generating asimov with histogram for pdf pdf_binfail_HIGH_obsOnly: in 4 x-bins
ToyMCSamplerOpt.cc[215] : (in function: generateWithHisto) -  , in 1 y-bins
AsymptoticLimits.cc[428] : (in function: runLimitExpected) - Median for expected limits = 0.472656, Sigma for expected limits = 0.241156
AsymptoticLimits.cc[191] : (in function: runLimit) - NLL at global minimum of data = -18302.6 (r=5.58961e-05)
AsymptoticLimits.cc[211] : (in function: runLimit) - NLL at global minimum of asimov = -18302.1 (r=9.7525e-06)
AsymptoticLimits.cc[337] : (in function: getCLs) - At r = 2.704417:	q_mu = 35.36598	q_A  = 36.69561	Pmu = 0.00000	1-Pb  = 0.54410	CLs  = 0.00000
AsymptoticLimits.cc[337] : (in function: getCLs) - At r = 1.352236:	q_mu = 15.83284	q_A  = 16.45177	Pmu = 0.00003	1-Pb  = 0.53070	CLs  = 0.00007
AsymptoticLimits.cc[337] : (in function: getCLs) - At r = 0.676146:	q_mu = 6.26463	q_A  = 6.51495	Pmu = 0.00616	1-Pb  = 0.51975	CLs  = 0.01185
AsymptoticLimits.cc[337] : (in function: getCLs) - At r = 0.338101:	q_mu = 2.17525	q_A  = 2.27086	Pmu = 0.07012	1-Pb  = 0.51279	CLs  = 0.13675
AsymptoticLimits.cc[337] : (in function: getCLs) - At r = 0.507124:	q_mu = 4.10377	q_A  = 4.27182	Pmu = 0.02139	1-Pb  = 0.51638	CLs  = 0.04143
AsymptoticLimits.cc[337] : (in function: getCLs) - At r = 0.452030:	q_mu = 3.44162	q_A  = 3.58557	Pmu = 0.03179	1-Pb  = 0.51532	CLs  = 0.06168
AsymptoticLimits.cc[337] : (in function: getCLs) - At r = 0.475286:	q_mu = 3.71736	q_A  = 3.87185	Pmu = 0.02692	1-Pb  = 0.51582	CLs  = 0.05220
AsymptoticLimits.cc[337] : (in function: getCLs) - At r = 0.486397:	q_mu = 3.85090	q_A  = 4.01036	Pmu = 0.02486	1-Pb  = 0.51604	CLs  = 0.04817
AsymptoticLimits.cc[337] : (in function: getCLs) - At r = 0.480052:	q_mu = 3.77440	q_A  = 3.93108	Pmu = 0.02602	1-Pb  = 0.51592	CLs  = 0.05044
AsymptoticLimits.cc[337] : (in function: getCLs) - At r = 0.482283:	q_mu = 3.80124	q_A  = 3.95888	Pmu = 0.02561	1-Pb  = 0.51596	CLs  = 0.04963
AsymptoticLimits.cc[337] : (in function: getCLs) - At r = 0.481015:	q_mu = 3.78597	q_A  = 3.94305	Pmu = 0.02584	1-Pb  = 0.51594	CLs  = 0.05009
AsymptoticLimits.cc[337] : (in function: getCLs) - At r = 0.481462:	q_mu = 3.79135	q_A  = 3.94862	Pmu = 0.02576	1-Pb  = 0.51594	CLs  = 0.04993
AsymptoticLimits.cc[337] : (in function: getCLs) - At r = 0.481209:	q_mu = 3.78829	q_A  = 3.94545	Pmu = 0.02581	1-Pb  = 0.51594	CLs  = 0.05002
AsymptoticLimits.cc[337] : (in function: getCLs) - At r = 0.481299:	q_mu = 3.78937	q_A  = 3.94656	Pmu = 0.02579	1-Pb  = 0.51594	CLs  = 0.04999
AsymptoticLimits.cc[337] : (in function: getCLs) - At r = 0.481249:	q_mu = 3.78876	q_A  = 3.94592	Pmu = 0.02580	1-Pb  = 0.51594	CLs  = 0.05000
AsymptoticLimits.cc[337] : (in function: getCLs) - At r = 0.481268:	q_mu = 3.78898	q_A  = 3.94614	Pmu = 0.02580	1-Pb  = 0.51594	CLs  = 0.05000
AsymptoticLimits.cc[337] : (in function: getCLs) - At r = 0.481258:	q_mu = 3.78886	q_A  = 3.94600	Pmu = 0.02580	1-Pb  = 0.51594	CLs  = 0.05000
AsymptoticLimits.cc[337] : (in function: getCLs) - At r = 0.481262:	q_mu = 3.78891	q_A  = 3.94604	Pmu = 0.02580	1-Pb  = 0.51594	CLs  = 0.05000
