CascadeMinimizer.cc[188] : (in function: improveOnce) - Minimization configured with Type=Minuit2, Algo=Migrad, strategy=0, tolerance=0.1
CascadeMinimizer.cc[215] : (in function: improveOnce) - Minimization finished with status=0
CascadeMinimizer.cc[219] : (in function: improveOnce) - Minimization success! status=0
ToyMCSamplerOpt.cc[146] : (in function: generateAsimov) - Using internal logic for binned/unbinned Asimov dataset generation
ToyMCSamplerOpt.cc[214] : (in function: generateWithHisto) - Generating asimov with histogram for pdf pdf_binpass_LOW_obsOnly: in 2 x-bins
ToyMCSamplerOpt.cc[215] : (in function: generateWithHisto) -  , in 1 y-bins
ToyMCSamplerOpt.cc[146] : (in function: generateAsimov) - Using internal logic for binned/unbinned Asimov dataset generation
ToyMCSamplerOpt.cc[214] : (in function: generateWithHisto) - Generating asimov with histogram for pdf pdf_binpass_SIG_obsOnly: in 1 x-bins
ToyMCSamplerOpt.cc[215] : (in function: generateWithHisto) -  , in 1 y-bins
ToyMCSamplerOpt.cc[146] : (in function: generateAsimov) - Using internal logic for binned/unbinned Asimov dataset generation
ToyMCSamplerOpt.cc[214] : (in function: generateWithHisto) - Generating asimov with histogram for pdf pdf_binpass_HIGH_obsOnly: in 9 x-bins
ToyMCSamplerOpt.cc[215] : (in function: generateWithHisto) -  , in 1 y-bins
ToyMCSamplerOpt.cc[146] : (in function: generateAsimov) - Using internal logic for binned/unbinned Asimov dataset generation
ToyMCSamplerOpt.cc[214] : (in function: generateWithHisto) - Generating asimov with histogram for pdf pdf_binfail_LOW_obsOnly: in 2 x-bins
ToyMCSamplerOpt.cc[215] : (in function: generateWithHisto) -  , in 1 y-bins
ToyMCSamplerOpt.cc[146] : (in function: generateAsimov) - Using internal logic for binned/unbinned Asimov dataset generation
ToyMCSamplerOpt.cc[214] : (in function: generateWithHisto) - Generating asimov with histogram for pdf pdf_binfail_SIG_obsOnly: in 1 x-bins
ToyMCSamplerOpt.cc[215] : (in function: generateWithHisto) -  , in 1 y-bins
ToyMCSamplerOpt.cc[146] : (in function: generateAsimov) - Using internal logic for binned/unbinned Asimov dataset generation
ToyMCSamplerOpt.cc[214] : (in function: generateWithHisto) - Generating asimov with histogram for pdf pdf_binfail_HIGH_obsOnly: in 9 x-bins
ToyMCSamplerOpt.cc[215] : (in function: generateWithHisto) -  , in 1 y-bins
AsymptoticLimits.cc[415] : (in function: runLimitExpected) - [WARNING] Best fit of asimov dataset is at r = 0.024379 (0.001219 times rMax), while it should be at zero
AsymptoticLimits.cc[428] : (in function: runLimitExpected) - Median for expected limits = 3.875, Sigma for expected limits = 1.97708
AsymptoticLimits.cc[191] : (in function: runLimit) - NLL at global minimum of data = -18.189 (r=0.574598)
AsymptoticLimits.cc[211] : (in function: runLimit) - NLL at global minimum of asimov = -18.0884 (r=0.403523)
AsymptoticLimits.cc[337] : (in function: getCLs) - At r = 3.283305:	q_mu = 2.82631	q_A  = 3.02083	Pmu = 0.04637	1-Pb  = 0.52268	CLs  = 0.08871
AsymptoticLimits.cc[337] : (in function: getCLs) - At r = 6.566610:	q_mu = 7.33802	q_A  = 7.48099	Pmu = 0.00338	1-Pb  = 0.51048	CLs  = 0.00661
AsymptoticLimits.cc[337] : (in function: getCLs) - At r = 3.570604:	q_mu = 3.21982	q_A  = 3.41084	Pmu = 0.03638	1-Pb  = 0.52092	CLs  = 0.06983
AsymptoticLimits.cc[337] : (in function: getCLs) - At r = 5.068607:	q_mu = 5.29305	q_A  = 5.46518	Pmu = 0.01071	1-Pb  = 0.51480	CLs  = 0.02080
AsymptoticLimits.cc[337] : (in function: getCLs) - At r = 4.200677:	q_mu = 4.09162	q_A  = 4.27335	Pmu = 0.02155	1-Pb  = 0.51772	CLs  = 0.04162
AsymptoticLimits.cc[337] : (in function: getCLs) - At r = 3.895998:	q_mu = 3.67014	q_A  = 3.85531	Pmu = 0.02770	1-Pb  = 0.51904	CLs  = 0.05336
AsymptoticLimits.cc[337] : (in function: getCLs) - At r = 4.020792:	q_mu = 3.84260	q_A  = 4.02638	Pmu = 0.02498	1-Pb  = 0.51848	CLs  = 0.04819
AsymptoticLimits.cc[337] : (in function: getCLs) - At r = 3.959679:	q_mu = 3.75835	q_A  = 3.94255	Pmu = 0.02627	1-Pb  = 0.51872	CLs  = 0.05065
AsymptoticLimits.cc[337] : (in function: getCLs) - At r = 3.984534:	q_mu = 3.79262	q_A  = 3.97652	Pmu = 0.02574	1-Pb  = 0.51861	CLs  = 0.04963
AsymptoticLimits.cc[337] : (in function: getCLs) - At r = 3.972316:	q_mu = 3.77552	q_A  = 3.95975	Pmu = 0.02600	1-Pb  = 0.51868	CLs  = 0.05013
AsymptoticLimits.cc[337] : (in function: getCLs) - At r = 3.977368:	q_mu = 3.78231	q_A  = 3.96667	Pmu = 0.02590	1-Pb  = 0.51868	CLs  = 0.04993
AsymptoticLimits.cc[337] : (in function: getCLs) - At r = 3.974999:	q_mu = 3.77889	q_A  = 3.96342	Pmu = 0.02595	1-Pb  = 0.51870	CLs  = 0.05003
AsymptoticLimits.cc[337] : (in function: getCLs) - At r = 3.976074:	q_mu = 3.78035	q_A  = 3.96496	Pmu = 0.02593	1-Pb  = 0.51871	CLs  = 0.04999
AsymptoticLimits.cc[337] : (in function: getCLs) - At r = 3.975616:	q_mu = 3.77969	q_A  = 3.96421	Pmu = 0.02594	1-Pb  = 0.51870	CLs  = 0.05001
AsymptoticLimits.cc[337] : (in function: getCLs) - At r = 3.975850:	q_mu = 3.78000	q_A  = 3.96452	Pmu = 0.02593	1-Pb  = 0.51870	CLs  = 0.05000
AsymptoticLimits.cc[337] : (in function: getCLs) - At r = 3.975781:	q_mu = 3.77988	q_A  = 3.96442	Pmu = 0.02594	1-Pb  = 0.51870	CLs  = 0.05000
AsymptoticLimits.cc[337] : (in function: getCLs) - At r = 3.975818:	q_mu = 3.77991	q_A  = 3.96447	Pmu = 0.02594	1-Pb  = 0.51870	CLs  = 0.05000
AsymptoticLimits.cc[337] : (in function: getCLs) - At r = 3.975831:	q_mu = 3.77991	q_A  = 3.96448	Pmu = 0.02594	1-Pb  = 0.51870	CLs  = 0.05000
