CascadeMinimizer.cc[188] : (in function: improveOnce) - Minimization configured with Type=Minuit2, Algo=Migrad, strategy=0, tolerance=0.1
CascadeMinimizer.cc[215] : (in function: improveOnce) - Minimization finished with status=0
CascadeMinimizer.cc[219] : (in function: improveOnce) - Minimization success! status=0
ToyMCSamplerOpt.cc[146] : (in function: generateAsimov) - Using internal logic for binned/unbinned Asimov dataset generation
ToyMCSamplerOpt.cc[214] : (in function: generateWithHisto) - Generating asimov with histogram for pdf pdf_binpass_LOW_obsOnly: in 3 x-bins
ToyMCSamplerOpt.cc[215] : (in function: generateWithHisto) -  , in 1 y-bins
ToyMCSamplerOpt.cc[146] : (in function: generateAsimov) - Using internal logic for binned/unbinned Asimov dataset generation
ToyMCSamplerOpt.cc[214] : (in function: generateWithHisto) - Generating asimov with histogram for pdf pdf_binpass_SIG_obsOnly: in 1 x-bins
ToyMCSamplerOpt.cc[215] : (in function: generateWithHisto) -  , in 1 y-bins
ToyMCSamplerOpt.cc[146] : (in function: generateAsimov) - Using internal logic for binned/unbinned Asimov dataset generation
ToyMCSamplerOpt.cc[214] : (in function: generateWithHisto) - Generating asimov with histogram for pdf pdf_binpass_HIGH_obsOnly: in 5 x-bins
ToyMCSamplerOpt.cc[215] : (in function: generateWithHisto) -  , in 1 y-bins
ToyMCSamplerOpt.cc[146] : (in function: generateAsimov) - Using internal logic for binned/unbinned Asimov dataset generation
ToyMCSamplerOpt.cc[214] : (in function: generateWithHisto) - Generating asimov with histogram for pdf pdf_binfail_LOW_obsOnly: in 3 x-bins
ToyMCSamplerOpt.cc[215] : (in function: generateWithHisto) -  , in 1 y-bins
ToyMCSamplerOpt.cc[146] : (in function: generateAsimov) - Using internal logic for binned/unbinned Asimov dataset generation
ToyMCSamplerOpt.cc[214] : (in function: generateWithHisto) - Generating asimov with histogram for pdf pdf_binfail_SIG_obsOnly: in 1 x-bins
ToyMCSamplerOpt.cc[215] : (in function: generateWithHisto) -  , in 1 y-bins
ToyMCSamplerOpt.cc[146] : (in function: generateAsimov) - Using internal logic for binned/unbinned Asimov dataset generation
ToyMCSamplerOpt.cc[214] : (in function: generateWithHisto) - Generating asimov with histogram for pdf pdf_binfail_HIGH_obsOnly: in 5 x-bins
ToyMCSamplerOpt.cc[215] : (in function: generateWithHisto) -  , in 1 y-bins
AsymptoticLimits.cc[428] : (in function: runLimitExpected) - Median for expected limits = 1.57812, Sigma for expected limits = 0.805181
AsymptoticLimits.cc[191] : (in function: runLimit) - NLL at global minimum of data = -766.516 (r=2.52963)
AsymptoticLimits.cc[211] : (in function: runLimit) - NLL at global minimum of asimov = -761.422 (r=0.00916131)
AsymptoticLimits.cc[337] : (in function: getCLs) - At r = 5.187387:	q_mu = 4.76071	q_A  = 20.42468	Pmu = 0.01456	1-Pb  = 0.99029	CLs  = 0.01470
AsymptoticLimits.cc[337] : (in function: getCLs) - At r = 3.858509:	q_mu = 1.63987	q_A  = 14.11192	Pmu = 0.10017	1-Pb  = 0.99336	CLs  = 0.10084
AsymptoticLimits.cc[337] : (in function: getCLs) - At r = 4.522948:	q_mu = 3.05727	q_A  = 17.28195	Pmu = 0.04019	1-Pb  = 0.99199	CLs  = 0.04051
AsymptoticLimits.cc[337] : (in function: getCLs) - At r = 4.267416:	q_mu = 2.47141	q_A  = 16.06111	Pmu = 0.05797	1-Pb  = 0.99257	CLs  = 0.05840
AsymptoticLimits.cc[337] : (in function: getCLs) - At r = 4.405338:	q_mu = 2.78198	q_A  = 16.71968	Pmu = 0.04767	1-Pb  = 0.99226	CLs  = 0.04804
AsymptoticLimits.cc[337] : (in function: getCLs) - At r = 4.355132:	q_mu = 2.66729	q_A  = 16.47620	Pmu = 0.05122	1-Pb  = 0.99236	CLs  = 0.05161
AsymptoticLimits.cc[337] : (in function: getCLs) - At r = 4.382911:	q_mu = 2.73051	q_A  = 16.60870	Pmu = 0.04922	1-Pb  = 0.99230	CLs  = 0.04961
AsymptoticLimits.cc[337] : (in function: getCLs) - At r = 4.372911:	q_mu = 2.70766	q_A  = 16.56096	Pmu = 0.04993	1-Pb  = 0.99233	CLs  = 0.05032
AsymptoticLimits.cc[337] : (in function: getCLs) - At r = 4.378479:	q_mu = 2.72035	q_A  = 16.58754	Pmu = 0.04954	1-Pb  = 0.99231	CLs  = 0.04992
AsymptoticLimits.cc[337] : (in function: getCLs) - At r = 4.376489:	q_mu = 2.71579	q_A  = 16.57804	Pmu = 0.04968	1-Pb  = 0.99232	CLs  = 0.05006
AsymptoticLimits.cc[337] : (in function: getCLs) - At r = 4.377607:	q_mu = 2.71833	q_A  = 16.58337	Pmu = 0.04960	1-Pb  = 0.99231	CLs  = 0.04999
AsymptoticLimits.cc[337] : (in function: getCLs) - At r = 4.377216:	q_mu = 2.71746	q_A  = 16.58151	Pmu = 0.04963	1-Pb  = 0.99232	CLs  = 0.05001
AsymptoticLimits.cc[337] : (in function: getCLs) - At r = 4.377434:	q_mu = 2.71789	q_A  = 16.58255	Pmu = 0.04961	1-Pb  = 0.99232	CLs  = 0.05000
AsymptoticLimits.cc[337] : (in function: getCLs) - At r = 4.377373:	q_mu = 2.71774	q_A  = 16.58226	Pmu = 0.04962	1-Pb  = 0.99232	CLs  = 0.05000
AsymptoticLimits.cc[337] : (in function: getCLs) - At r = 4.377409:	q_mu = 2.71780	q_A  = 16.58243	Pmu = 0.04962	1-Pb  = 0.99232	CLs  = 0.05000
AsymptoticLimits.cc[337] : (in function: getCLs) - At r = 4.377420:	q_mu = 2.71781	q_A  = 16.58248	Pmu = 0.04962	1-Pb  = 0.99232	CLs  = 0.05000
