 <<< Combine >>> 
 <<< v10.0.1 >>>
>>> Random number generator seed is 123456
>>> Method used is FitDiagnostics
Set Default Value of Parameter mask_pass_SIG To : 1
Set Default Value of Parameter mask_pass_HIGH To : 1
Set Default Value of Parameter r To : 1
>>> 2 out of 6 channels masked

>> Found 22 floating parameters
>> The following parameters are protected in the event of negative eigenvalues:
>> Verifying eigenvalues are all positive (iteration 0)
Eigenvalue 21 : -1.8446e-05
 - 0.790135	Background_rpf_2x0_par3
 - -0.561882	Background_rpf_2x0_par0
 - -0.238746	Background_rpf_2x0_par1
 - -0.0545303	Background_rpf_2x0_par2
 - 0.00110929	Background_fail_LOW_bin_3-1
>> Attempt 0 failed, remove the variable with largest eigenvector component...
>> Dropping Background_rpf_2x0_par3 from the hessian
>> Verifying eigenvalues are all positive (iteration 1)
>> All eigenvalues are positive
>> Inverting Hessian...
>> Matrix inverted
>> Note: the following parameters were dropped to make the covariance matrix pos-def:
     - Background_rpf_2x0_par3
 Fit B-only, status = 0, numBadNLL = 0, covariance quality = -1
Running Minos for POI r
>> Found 23 floating parameters
>> The following parameters are protected in the event of negative eigenvalues: r
>> Verifying eigenvalues are all positive (iteration 0)
Eigenvalue 21 : -7.66605e-05
 - 0.755284	Background_rpf_2x0_par3
 - -0.450384	Background_rpf_2x0_par0
 - -0.395845	Background_rpf_2x0_par1
 - 0.226425	Background_rpf_2x0_par2
 - -0.136387	r
Eigenvalue 22 : -0.000328573
 - 0.700854	Background_rpf_2x0_par2
 - -0.548094	r
 - 0.320565	Background_rpf_2x0_par0
 - -0.234182	Background_rpf_2x0_par3
 - -0.220438	Background_rpf_2x0_par1
>> Attempt 0 failed, remove the variable with largest eigenvector component...
>> Dropping Background_rpf_2x0_par2 from the hessian
>> Verifying eigenvalues are all positive (iteration 1)
Eigenvalue 21 : -0.00010064
 - 0.790256	Background_rpf_2x0_par3
 - -0.526262	Background_rpf_2x0_par0
 - -0.310776	Background_rpf_2x0_par1
 - 0.0441335	r
 - -0.00288969	Background_fail_HIGH_bin_6-1
>> Attempt 1 failed, remove the variable with largest eigenvector component...
>> Dropping Background_rpf_2x0_par3 from the hessian
>> Verifying eigenvalues are all positive (iteration 2)
>> All eigenvalues are positive
>> Inverting Hessian...
>> Matrix inverted
>> Note: the following parameters were dropped to make the covariance matrix pos-def:
     - Background_rpf_2x0_par2
     - Background_rpf_2x0_par3
Fit S+B, status = 0, numBadNLL = 0, covariance quality = -1

 --- FitDiagnostics ---
Best fit r: 2.163e-05  -2.163e-05/+50  (68% CL)
Done in 0.00 min (cpu), 0.00 min (real)
26 log messages saved to combine_logger.out
