CascadeMinimizer.cc[188] : (in function: improveOnce) - Minimization configured with Type=Minuit2, Algo=Migrad, strategy=0, tolerance=0.1
CascadeMinimizer.cc[215] : (in function: improveOnce) - Minimization finished with status=0
CascadeMinimizer.cc[219] : (in function: improveOnce) - Minimization success! status=0
ToyMCSamplerOpt.cc[146] : (in function: generateAsimov) - Using internal logic for binned/unbinned Asimov dataset generation
ToyMCSamplerOpt.cc[214] : (in function: generateWithHisto) - Generating asimov with histogram for pdf pdf_binpass_LOW_obsOnly: in 3 x-bins
ToyMCSamplerOpt.cc[215] : (in function: generateWithHisto) -  , in 1 y-bins
ToyMCSamplerOpt.cc[146] : (in function: generateAsimov) - Using internal logic for binned/unbinned Asimov dataset generation
ToyMCSamplerOpt.cc[214] : (in function: generateWithHisto) - Generating asimov with histogram for pdf pdf_binpass_SIG_obsOnly: in 1 x-bins
ToyMCSamplerOpt.cc[215] : (in function: generateWithHisto) -  , in 1 y-bins
ToyMCSamplerOpt.cc[146] : (in function: generateAsimov) - Using internal logic for binned/unbinned Asimov dataset generation
ToyMCSamplerOpt.cc[214] : (in function: generateWithHisto) - Generating asimov with histogram for pdf pdf_binpass_HIGH_obsOnly: in 5 x-bins
ToyMCSamplerOpt.cc[215] : (in function: generateWithHisto) -  , in 1 y-bins
ToyMCSamplerOpt.cc[146] : (in function: generateAsimov) - Using internal logic for binned/unbinned Asimov dataset generation
ToyMCSamplerOpt.cc[214] : (in function: generateWithHisto) - Generating asimov with histogram for pdf pdf_binfail_LOW_obsOnly: in 3 x-bins
ToyMCSamplerOpt.cc[215] : (in function: generateWithHisto) -  , in 1 y-bins
ToyMCSamplerOpt.cc[146] : (in function: generateAsimov) - Using internal logic for binned/unbinned Asimov dataset generation
ToyMCSamplerOpt.cc[214] : (in function: generateWithHisto) - Generating asimov with histogram for pdf pdf_binfail_SIG_obsOnly: in 1 x-bins
ToyMCSamplerOpt.cc[215] : (in function: generateWithHisto) -  , in 1 y-bins
ToyMCSamplerOpt.cc[146] : (in function: generateAsimov) - Using internal logic for binned/unbinned Asimov dataset generation
ToyMCSamplerOpt.cc[214] : (in function: generateWithHisto) - Generating asimov with histogram for pdf pdf_binfail_HIGH_obsOnly: in 5 x-bins
ToyMCSamplerOpt.cc[215] : (in function: generateWithHisto) -  , in 1 y-bins
AsymptoticLimits.cc[428] : (in function: runLimitExpected) - Median for expected limits = 2.78125, Sigma for expected limits = 1.41903
AsymptoticLimits.cc[191] : (in function: runLimit) - NLL at global minimum of data = -41.573 (r=8.41826e-09)
AsymptoticLimits.cc[211] : (in function: runLimit) - NLL at global minimum of asimov = -41.5604 (r=1.78824e-07)
AsymptoticLimits.cc[337] : (in function: getCLs) - At r = 2.057676:	q_mu = 2.93436	q_A  = 2.91091	Pmu = 0.04336	1-Pb  = 0.49726	CLs  = 0.08719
AsymptoticLimits.cc[337] : (in function: getCLs) - At r = 4.115351:	q_mu = 5.47805	q_A  = 5.43314	Pmu = 0.00963	1-Pb  = 0.49616	CLs  = 0.01940
AsymptoticLimits.cc[337] : (in function: getCLs) - At r = 2.057676:	q_mu = 2.93422	q_A  = 2.90963	Pmu = 0.04336	1-Pb  = 0.49712	CLs  = 0.08722
AsymptoticLimits.cc[337] : (in function: getCLs) - At r = 3.078644:	q_mu = 4.23608	q_A  = 4.20101	Pmu = 0.01979	1-Pb  = 0.49659	CLs  = 0.03984
AsymptoticLimits.cc[337] : (in function: getCLs) - At r = 2.637738:	q_mu = 3.68425	q_A  = 3.65357	Pmu = 0.02746	1-Pb  = 0.49680	CLs  = 0.05528
AsymptoticLimits.cc[337] : (in function: getCLs) - At r = 2.834066:	q_mu = 3.93140	q_A  = 3.89912	Pmu = 0.02370	1-Pb  = 0.49674	CLs  = 0.04770
AsymptoticLimits.cc[337] : (in function: getCLs) - At r = 2.744678:	q_mu = 3.81903	q_A  = 3.78769	Pmu = 0.02534	1-Pb  = 0.49679	CLs  = 0.05100
AsymptoticLimits.cc[337] : (in function: getCLs) - At r = 2.783723:	q_mu = 3.86780	q_A  = 3.83645	Pmu = 0.02461	1-Pb  = 0.49681	CLs  = 0.04954
AsymptoticLimits.cc[337] : (in function: getCLs) - At r = 2.765900:	q_mu = 3.84534	q_A  = 3.81419	Pmu = 0.02494	1-Pb  = 0.49682	CLs  = 0.05020
AsymptoticLimits.cc[337] : (in function: getCLs) - At r = 2.773763:	q_mu = 3.85522	q_A  = 3.82401	Pmu = 0.02479	1-Pb  = 0.49682	CLs  = 0.04991
AsymptoticLimits.cc[337] : (in function: getCLs) - At r = 2.770208:	q_mu = 3.85073	q_A  = 3.81957	Pmu = 0.02486	1-Pb  = 0.49682	CLs  = 0.05004
AsymptoticLimits.cc[337] : (in function: getCLs) - At r = 2.771788:	q_mu = 3.85270	q_A  = 3.82154	Pmu = 0.02483	1-Pb  = 0.49682	CLs  = 0.04998
AsymptoticLimits.cc[337] : (in function: getCLs) - At r = 2.771084:	q_mu = 3.85179	q_A  = 3.82066	Pmu = 0.02485	1-Pb  = 0.49682	CLs  = 0.05001
AsymptoticLimits.cc[337] : (in function: getCLs) - At r = 2.771408:	q_mu = 3.85218	q_A  = 3.82107	Pmu = 0.02484	1-Pb  = 0.49682	CLs  = 0.05000
AsymptoticLimits.cc[337] : (in function: getCLs) - At r = 2.771274:	q_mu = 3.85200	q_A  = 3.82090	Pmu = 0.02484	1-Pb  = 0.49683	CLs  = 0.05000
AsymptoticLimits.cc[337] : (in function: getCLs) - At r = 2.771345:	q_mu = 3.85207	q_A  = 3.82099	Pmu = 0.02484	1-Pb  = 0.49683	CLs  = 0.05000
AsymptoticLimits.cc[337] : (in function: getCLs) - At r = 2.771328:	q_mu = 3.85203	q_A  = 3.82097	Pmu = 0.02484	1-Pb  = 0.49683	CLs  = 0.05000
AsymptoticLimits.cc[337] : (in function: getCLs) - At r = 2.771340:	q_mu = 3.85203	q_A  = 3.82098	Pmu = 0.02484	1-Pb  = 0.49683	CLs  = 0.05000
