CascadeMinimizer.cc[188] : (in function: improveOnce) - Minimization configured with Type=Minuit2, Algo=Migrad, strategy=0, tolerance=0.1
CascadeMinimizer.cc[215] : (in function: improveOnce) - Minimization finished with status=0
CascadeMinimizer.cc[219] : (in function: improveOnce) - Minimization success! status=0
ToyMCSamplerOpt.cc[146] : (in function: generateAsimov) - Using internal logic for binned/unbinned Asimov dataset generation
ToyMCSamplerOpt.cc[214] : (in function: generateWithHisto) - Generating asimov with histogram for pdf pdf_binpass_LOW_obsOnly: in 4 x-bins
ToyMCSamplerOpt.cc[215] : (in function: generateWithHisto) -  , in 1 y-bins
ToyMCSamplerOpt.cc[146] : (in function: generateAsimov) - Using internal logic for binned/unbinned Asimov dataset generation
ToyMCSamplerOpt.cc[214] : (in function: generateWithHisto) - Generating asimov with histogram for pdf pdf_binpass_SIG_obsOnly: in 3 x-bins
ToyMCSamplerOpt.cc[215] : (in function: generateWithHisto) -  , in 1 y-bins
ToyMCSamplerOpt.cc[146] : (in function: generateAsimov) - Using internal logic for binned/unbinned Asimov dataset generation
ToyMCSamplerOpt.cc[214] : (in function: generateWithHisto) - Generating asimov with histogram for pdf pdf_binpass_HIGH_obsOnly: in 7 x-bins
ToyMCSamplerOpt.cc[215] : (in function: generateWithHisto) -  , in 1 y-bins
ToyMCSamplerOpt.cc[146] : (in function: generateAsimov) - Using internal logic for binned/unbinned Asimov dataset generation
ToyMCSamplerOpt.cc[214] : (in function: generateWithHisto) - Generating asimov with histogram for pdf pdf_binfail_LOW_obsOnly: in 4 x-bins
ToyMCSamplerOpt.cc[215] : (in function: generateWithHisto) -  , in 1 y-bins
ToyMCSamplerOpt.cc[146] : (in function: generateAsimov) - Using internal logic for binned/unbinned Asimov dataset generation
ToyMCSamplerOpt.cc[214] : (in function: generateWithHisto) - Generating asimov with histogram for pdf pdf_binfail_SIG_obsOnly: in 3 x-bins
ToyMCSamplerOpt.cc[215] : (in function: generateWithHisto) -  , in 1 y-bins
ToyMCSamplerOpt.cc[146] : (in function: generateAsimov) - Using internal logic for binned/unbinned Asimov dataset generation
ToyMCSamplerOpt.cc[214] : (in function: generateWithHisto) - Generating asimov with histogram for pdf pdf_binfail_HIGH_obsOnly: in 7 x-bins
ToyMCSamplerOpt.cc[215] : (in function: generateWithHisto) -  , in 1 y-bins
AsymptoticLimits.cc[428] : (in function: runLimitExpected) - Median for expected limits = 1.26562, Sigma for expected limits = 0.645739
AsymptoticLimits.cc[191] : (in function: runLimit) - NLL at global minimum of data = -11135 (r=2.30246e-07)
AsymptoticLimits.cc[211] : (in function: runLimit) - NLL at global minimum of asimov = -11134.4 (r=3.47997e-06)
AsymptoticLimits.cc[337] : (in function: getCLs) - At r = 1.200000:	q_mu = 4.84319	q_A  = 3.66419	Pmu = 0.01314	1-Pb  = 0.37906	CLs  = 0.03465
AsymptoticLimits.cc[337] : (in function: getCLs) - At r = 0.600000:	q_mu = 2.76039	q_A  = 1.83093	Pmu = 0.04489	1-Pb  = 0.36563	CLs  = 0.12277
AsymptoticLimits.cc[337] : (in function: getCLs) - At r = 0.940886:	q_mu = 3.99885	q_A  = 2.90680	Pmu = 0.02142	1-Pb  = 0.37439	CLs  = 0.05722
AsymptoticLimits.cc[337] : (in function: getCLs) - At r = 1.048481:	q_mu = 4.35826	q_A  = 3.22734	Pmu = 0.01738	1-Pb  = 0.37647	CLs  = 0.04615
AsymptoticLimits.cc[337] : (in function: getCLs) - At r = 0.994917:	q_mu = 4.18107	q_A  = 3.06887	Pmu = 0.01926	1-Pb  = 0.37545	CLs  = 0.05130
AsymptoticLimits.cc[337] : (in function: getCLs) - At r = 1.016037:	q_mu = 4.25127	q_A  = 3.13160	Pmu = 0.01849	1-Pb  = 0.37587	CLs  = 0.04919
AsymptoticLimits.cc[337] : (in function: getCLs) - At r = 1.005256:	q_mu = 4.21545	q_A  = 3.09961	Pmu = 0.01888	1-Pb  = 0.37566	CLs  = 0.05026
AsymptoticLimits.cc[337] : (in function: getCLs) - At r = 1.009471:	q_mu = 4.22955	q_A  = 3.11212	Pmu = 0.01872	1-Pb  = 0.37573	CLs  = 0.04984
AsymptoticLimits.cc[337] : (in function: getCLs) - At r = 1.007305:	q_mu = 4.22227	q_A  = 3.10569	Pmu = 0.01880	1-Pb  = 0.37570	CLs  = 0.05005
AsymptoticLimits.cc[337] : (in function: getCLs) - At r = 1.008151:	q_mu = 4.22507	q_A  = 3.10820	Pmu = 0.01877	1-Pb  = 0.37572	CLs  = 0.04997
AsymptoticLimits.cc[337] : (in function: getCLs) - At r = 1.007721:	q_mu = 4.22364	q_A  = 3.10695	Pmu = 0.01879	1-Pb  = 0.37571	CLs  = 0.05001
AsymptoticLimits.cc[337] : (in function: getCLs) - At r = 1.007891:	q_mu = 4.22420	q_A  = 3.10744	Pmu = 0.01878	1-Pb  = 0.37571	CLs  = 0.04999
AsymptoticLimits.cc[337] : (in function: getCLs) - At r = 1.007806:	q_mu = 4.22400	q_A  = 3.10718	Pmu = 0.01879	1-Pb  = 0.37570	CLs  = 0.05000
AsymptoticLimits.cc[337] : (in function: getCLs) - At r = 1.007828:	q_mu = 4.22401	q_A  = 3.10725	Pmu = 0.01879	1-Pb  = 0.37571	CLs  = 0.05000
AsymptoticLimits.cc[337] : (in function: getCLs) - At r = 1.007816:	q_mu = 4.22396	q_A  = 3.10724	Pmu = 0.01879	1-Pb  = 0.37571	CLs  = 0.05000
AsymptoticLimits.cc[337] : (in function: getCLs) - At r = 1.007823:	q_mu = 4.22398	q_A  = 3.10724	Pmu = 0.01879	1-Pb  = 0.37571	CLs  = 0.05000
AsymptoticLimits.cc[337] : (in function: getCLs) - At r = 1.007825:	q_mu = 4.22398	q_A  = 3.10724	Pmu = 0.01879	1-Pb  = 0.37571	CLs  = 0.05000
