 <<< Combine >>> 
 <<< v10.0.1 >>>
>>> Random number generator seed is 123456
>>> Method used is FitDiagnostics
Set Default Value of Parameter mask_pass_SIG To : 1
Set Default Value of Parameter mask_pass_HIGH To : 1
Set Default Value of Parameter r To : 1
>>> 2 out of 6 channels masked

>> Found 16 floating parameters
>> The following parameters are protected in the event of negative eigenvalues:
>> Verifying eigenvalues are all positive (iteration 0)
Eigenvalue 15 : -0.000476512
 - -0.657899	CMS_AN23122_Background_rpf_2x0_par3
 - 0.586089	CMS_AN23122_Background_rpf_2x0_par1
 - -0.362097	CMS_AN23122_Background_rpf_2x0_par2
 - 0.304197	CMS_AN23122_Background_rpf_2x0_par0
 - -0.00342383	CMS_AN23122_Background_fail_LOW_bin_2-1
>> Attempt 0 failed, remove the variable with largest eigenvector component...
>> Dropping CMS_AN23122_Background_rpf_2x0_par3 from the hessian
>> Verifying eigenvalues are all positive (iteration 1)
>> All eigenvalues are positive
>> Inverting Hessian...
>> Matrix inverted
>> Note: the following parameters were dropped to make the covariance matrix pos-def:
     - CMS_AN23122_Background_rpf_2x0_par3
 Fit B-only, status = 0, numBadNLL = 0, covariance quality = -1
Running Minos for POI r
>> Found 17 floating parameters
>> The following parameters are protected in the event of negative eigenvalues: r
>> Verifying eigenvalues are all positive (iteration 0)
Eigenvalue 15 : -0.000341532
 - 0.780522	CMS_AN23122_Background_rpf_2x0_par3
 - -0.540175	CMS_AN23122_Background_rpf_2x0_par0
 - -0.305754	CMS_AN23122_Background_rpf_2x0_par1
 - 0.0736878	r
 - 0.0075403	CMS_AN23122_Background_rpf_2x0_par2
Eigenvalue 16 : -0.00240456
 - 0.746082	CMS_AN23122_Background_rpf_2x0_par2
 - -0.457423	CMS_AN23122_Background_rpf_2x0_par1
 - -0.439088	r
 - 0.201214	CMS_AN23122_Background_rpf_2x0_par0
 - 0.0232622	CMS_AN23122_Background_fail_SIG_bin_1-1
>> Attempt 0 failed, remove the variable with largest eigenvector component...
>> Dropping CMS_AN23122_Background_rpf_2x0_par2 from the hessian
>> Verifying eigenvalues are all positive (iteration 1)
Eigenvalue 15 : -0.000341745
 - 0.780503	CMS_AN23122_Background_rpf_2x0_par3
 - -0.542244	CMS_AN23122_Background_rpf_2x0_par0
 - -0.301041	CMS_AN23122_Background_rpf_2x0_par1
 - 0.0783128	r
 - -0.00419352	CMS_AN23122_Background_fail_SIG_bin_1-1
>> Attempt 1 failed, remove the variable with largest eigenvector component...
>> Dropping CMS_AN23122_Background_rpf_2x0_par3 from the hessian
>> Verifying eigenvalues are all positive (iteration 2)
>> All eigenvalues are positive
>> Inverting Hessian...
>> Matrix inverted
>> Note: the following parameters were dropped to make the covariance matrix pos-def:
     - CMS_AN23122_Background_rpf_2x0_par2
     - CMS_AN23122_Background_rpf_2x0_par3
Fit S+B, status = 0, numBadNLL = 0, covariance quality = -1

 --- FitDiagnostics ---
Best fit r: 6.34619e-10  -6.34619e-10/+50  (68% CL)
Done in 0.00 min (cpu), 0.00 min (real)
27 log messages saved to combine_logger.out
