CascadeMinimizer.cc[188] : (in function: improveOnce) - Minimization configured with Type=Minuit2, Algo=Migrad, strategy=0, tolerance=0.1
CascadeMinimizer.cc[215] : (in function: improveOnce) - Minimization finished with status=0
CascadeMinimizer.cc[219] : (in function: improveOnce) - Minimization success! status=0
ToyMCSamplerOpt.cc[146] : (in function: generateAsimov) - Using internal logic for binned/unbinned Asimov dataset generation
ToyMCSamplerOpt.cc[214] : (in function: generateWithHisto) - Generating asimov with histogram for pdf pdf_binpass_LOW_obsOnly: in 2 x-bins
ToyMCSamplerOpt.cc[215] : (in function: generateWithHisto) -  , in 1 y-bins
ToyMCSamplerOpt.cc[146] : (in function: generateAsimov) - Using internal logic for binned/unbinned Asimov dataset generation
ToyMCSamplerOpt.cc[214] : (in function: generateWithHisto) - Generating asimov with histogram for pdf pdf_binpass_SIG_obsOnly: in 1 x-bins
ToyMCSamplerOpt.cc[215] : (in function: generateWithHisto) -  , in 1 y-bins
ToyMCSamplerOpt.cc[146] : (in function: generateAsimov) - Using internal logic for binned/unbinned Asimov dataset generation
ToyMCSamplerOpt.cc[214] : (in function: generateWithHisto) - Generating asimov with histogram for pdf pdf_binpass_HIGH_obsOnly: in 9 x-bins
ToyMCSamplerOpt.cc[215] : (in function: generateWithHisto) -  , in 1 y-bins
ToyMCSamplerOpt.cc[146] : (in function: generateAsimov) - Using internal logic for binned/unbinned Asimov dataset generation
ToyMCSamplerOpt.cc[214] : (in function: generateWithHisto) - Generating asimov with histogram for pdf pdf_binfail_LOW_obsOnly: in 2 x-bins
ToyMCSamplerOpt.cc[215] : (in function: generateWithHisto) -  , in 1 y-bins
ToyMCSamplerOpt.cc[146] : (in function: generateAsimov) - Using internal logic for binned/unbinned Asimov dataset generation
ToyMCSamplerOpt.cc[214] : (in function: generateWithHisto) - Generating asimov with histogram for pdf pdf_binfail_SIG_obsOnly: in 1 x-bins
ToyMCSamplerOpt.cc[215] : (in function: generateWithHisto) -  , in 1 y-bins
ToyMCSamplerOpt.cc[146] : (in function: generateAsimov) - Using internal logic for binned/unbinned Asimov dataset generation
ToyMCSamplerOpt.cc[214] : (in function: generateWithHisto) - Generating asimov with histogram for pdf pdf_binfail_HIGH_obsOnly: in 9 x-bins
ToyMCSamplerOpt.cc[215] : (in function: generateWithHisto) -  , in 1 y-bins
AsymptoticLimits.cc[428] : (in function: runLimitExpected) - Median for expected limits = 0.334961, Sigma for expected limits = 0.170902
AsymptoticLimits.cc[191] : (in function: runLimit) - NLL at global minimum of data = -41.4117 (r=1.03775e-07)
AsymptoticLimits.cc[211] : (in function: runLimit) - NLL at global minimum of asimov = -41.0771 (r=6.30269e-06)
AsymptoticLimits.cc[337] : (in function: getCLs) - At r = 1.200000:	q_mu = 20.88511	q_A  = 20.18427	Pmu = 0.00000	1-Pb  = 0.46891	CLs  = 0.00001
AsymptoticLimits.cc[337] : (in function: getCLs) - At r = 0.600000:	q_mu = 9.64668	q_A  = 8.58679	Pmu = 0.00093	1-Pb  = 0.42824	CLs  = 0.00218
AsymptoticLimits.cc[337] : (in function: getCLs) - At r = 0.300000:	q_mu = 4.22941	q_A  = 3.25700	Pmu = 0.01903	1-Pb  = 0.39381	CLs  = 0.04833
AsymptoticLimits.cc[337] : (in function: getCLs) - At r = 0.150000:	q_mu = 1.81045	q_A  = 1.11552	Pmu = 0.08300	1-Pb  = 0.37109	CLs  = 0.22367
AsymptoticLimits.cc[337] : (in function: getCLs) - At r = 0.225000:	q_mu = 2.98433	q_A  = 2.10623	Pmu = 0.03973	1-Pb  = 0.38113	CLs  = 0.10425
AsymptoticLimits.cc[337] : (in function: getCLs) - At r = 0.282353:	q_mu = 3.92943	q_A  = 2.97547	Pmu = 0.02267	1-Pb  = 0.39108	CLs  = 0.05797
AsymptoticLimits.cc[337] : (in function: getCLs) - At r = 0.293838:	q_mu = 4.12445	q_A  = 3.15793	Pmu = 0.02023	1-Pb  = 0.39283	CLs  = 0.05150
AsymptoticLimits.cc[337] : (in function: getCLs) - At r = 0.297367:	q_mu = 4.18466	q_A  = 3.21454	Pmu = 0.01953	1-Pb  = 0.39337	CLs  = 0.04966
AsymptoticLimits.cc[337] : (in function: getCLs) - At r = 0.296131:	q_mu = 4.16352	q_A  = 3.19468	Pmu = 0.01978	1-Pb  = 0.39319	CLs  = 0.05030
AsymptoticLimits.cc[337] : (in function: getCLs) - At r = 0.296838:	q_mu = 4.17555	q_A  = 3.20603	Pmu = 0.01964	1-Pb  = 0.39330	CLs  = 0.04993
AsymptoticLimits.cc[337] : (in function: getCLs) - At r = 0.296592:	q_mu = 4.17133	q_A  = 3.20208	Pmu = 0.01969	1-Pb  = 0.39326	CLs  = 0.05006
AsymptoticLimits.cc[337] : (in function: getCLs) - At r = 0.296734:	q_mu = 4.17373	q_A  = 3.20436	Pmu = 0.01966	1-Pb  = 0.39329	CLs  = 0.04999
AsymptoticLimits.cc[337] : (in function: getCLs) - At r = 0.296686:	q_mu = 4.17289	q_A  = 3.20359	Pmu = 0.01967	1-Pb  = 0.39328	CLs  = 0.05001
AsymptoticLimits.cc[337] : (in function: getCLs) - At r = 0.296714:	q_mu = 4.17337	q_A  = 3.20405	Pmu = 0.01966	1-Pb  = 0.39329	CLs  = 0.05000
AsymptoticLimits.cc[337] : (in function: getCLs) - At r = 0.296705:	q_mu = 4.17320	q_A  = 3.20390	Pmu = 0.01967	1-Pb  = 0.39329	CLs  = 0.05000
AsymptoticLimits.cc[337] : (in function: getCLs) - At r = 0.296710:	q_mu = 4.17327	q_A  = 3.20397	Pmu = 0.01966	1-Pb  = 0.39329	CLs  = 0.05000
