CascadeMinimizer.cc[188] : (in function: improveOnce) - Minimization configured with Type=Minuit2, Algo=Migrad, strategy=0, tolerance=0.1
CascadeMinimizer.cc[215] : (in function: improveOnce) - Minimization finished with status=0
CascadeMinimizer.cc[219] : (in function: improveOnce) - Minimization success! status=0
ToyMCSamplerOpt.cc[146] : (in function: generateAsimov) - Using internal logic for binned/unbinned Asimov dataset generation
ToyMCSamplerOpt.cc[214] : (in function: generateWithHisto) - Generating asimov with histogram for pdf pdf_binpass_LOW_obsOnly: in 3 x-bins
ToyMCSamplerOpt.cc[215] : (in function: generateWithHisto) -  , in 1 y-bins
ToyMCSamplerOpt.cc[146] : (in function: generateAsimov) - Using internal logic for binned/unbinned Asimov dataset generation
ToyMCSamplerOpt.cc[214] : (in function: generateWithHisto) - Generating asimov with histogram for pdf pdf_binpass_SIG_obsOnly: in 1 x-bins
ToyMCSamplerOpt.cc[215] : (in function: generateWithHisto) -  , in 1 y-bins
ToyMCSamplerOpt.cc[146] : (in function: generateAsimov) - Using internal logic for binned/unbinned Asimov dataset generation
ToyMCSamplerOpt.cc[214] : (in function: generateWithHisto) - Generating asimov with histogram for pdf pdf_binpass_HIGH_obsOnly: in 3 x-bins
ToyMCSamplerOpt.cc[215] : (in function: generateWithHisto) -  , in 1 y-bins
ToyMCSamplerOpt.cc[146] : (in function: generateAsimov) - Using internal logic for binned/unbinned Asimov dataset generation
ToyMCSamplerOpt.cc[214] : (in function: generateWithHisto) - Generating asimov with histogram for pdf pdf_binfail_LOW_obsOnly: in 3 x-bins
ToyMCSamplerOpt.cc[215] : (in function: generateWithHisto) -  , in 1 y-bins
ToyMCSamplerOpt.cc[146] : (in function: generateAsimov) - Using internal logic for binned/unbinned Asimov dataset generation
ToyMCSamplerOpt.cc[214] : (in function: generateWithHisto) - Generating asimov with histogram for pdf pdf_binfail_SIG_obsOnly: in 1 x-bins
ToyMCSamplerOpt.cc[215] : (in function: generateWithHisto) -  , in 1 y-bins
ToyMCSamplerOpt.cc[146] : (in function: generateAsimov) - Using internal logic for binned/unbinned Asimov dataset generation
ToyMCSamplerOpt.cc[214] : (in function: generateWithHisto) - Generating asimov with histogram for pdf pdf_binfail_HIGH_obsOnly: in 3 x-bins
ToyMCSamplerOpt.cc[215] : (in function: generateWithHisto) -  , in 1 y-bins
AsymptoticLimits.cc[428] : (in function: runLimitExpected) - Median for expected limits = 24.25, Sigma for expected limits = 12.3727
AsymptoticLimits.cc[191] : (in function: runLimit) - NLL at global minimum of data = -678.338 (r=8.26653e-06)
AsymptoticLimits.cc[211] : (in function: runLimit) - NLL at global minimum of asimov = -678.528 (r=2.34304e-06)
AsymptoticLimits.cc[337] : (in function: getCLs) - At r = 11.495025:	q_mu = 2.15075	q_A  = 2.18813	Pmu = 0.07125	1-Pb  = 0.50506	CLs  = 0.14107
AsymptoticLimits.cc[337] : (in function: getCLs) - At r = 22.990051:	q_mu = 3.64426	q_A  = 3.70600	Pmu = 0.02813	1-Pb  = 0.50642	CLs  = 0.05555
AsymptoticLimits.cc[337] : (in function: getCLs) - At r = 45.980101:	q_mu = 5.84830	q_A  = 5.94403	Pmu = 0.00780	1-Pb  = 0.50786	CLs  = 0.01535
AsymptoticLimits.cc[337] : (in function: getCLs) - At r = 22.990055:	q_mu = 3.64364	q_A  = 3.70596	Pmu = 0.02814	1-Pb  = 0.50648	CLs  = 0.05556
AsymptoticLimits.cc[337] : (in function: getCLs) - At r = 29.096416:	q_mu = 4.30535	q_A  = 4.37809	Pmu = 0.01900	1-Pb  = 0.50696	CLs  = 0.03747
AsymptoticLimits.cc[337] : (in function: getCLs) - At r = 25.519488:	q_mu = 3.92636	q_A  = 3.99314	Pmu = 0.02377	1-Pb  = 0.50669	CLs  = 0.04691
AsymptoticLimits.cc[337] : (in function: getCLs) - At r = 24.250565:	q_mu = 3.78514	q_A  = 3.85075	Pmu = 0.02585	1-Pb  = 0.50670	CLs  = 0.05103
AsymptoticLimits.cc[337] : (in function: getCLs) - At r = 24.749354:	q_mu = 3.84052	q_A  = 3.90711	Pmu = 0.02501	1-Pb  = 0.50675	CLs  = 0.04936
AsymptoticLimits.cc[337] : (in function: getCLs) - At r = 24.495010:	q_mu = 3.81230	q_A  = 3.87843	Pmu = 0.02544	1-Pb  = 0.50673	CLs  = 0.05020
AsymptoticLimits.cc[337] : (in function: getCLs) - At r = 24.594504:	q_mu = 3.82335	q_A  = 3.88965	Pmu = 0.02527	1-Pb  = 0.50673	CLs  = 0.04987
AsymptoticLimits.cc[337] : (in function: getCLs) - At r = 24.543582:	q_mu = 3.81770	q_A  = 3.88391	Pmu = 0.02536	1-Pb  = 0.50673	CLs  = 0.05004
AsymptoticLimits.cc[337] : (in function: getCLs) - At r = 24.563472:	q_mu = 3.81991	q_A  = 3.88615	Pmu = 0.02532	1-Pb  = 0.50673	CLs  = 0.04997
AsymptoticLimits.cc[337] : (in function: getCLs) - At r = 24.553288:	q_mu = 3.81878	q_A  = 3.88500	Pmu = 0.02534	1-Pb  = 0.50673	CLs  = 0.05001
AsymptoticLimits.cc[337] : (in function: getCLs) - At r = 24.557268:	q_mu = 3.81922	q_A  = 3.88545	Pmu = 0.02533	1-Pb  = 0.50673	CLs  = 0.04999
AsymptoticLimits.cc[337] : (in function: getCLs) - At r = 24.555232:	q_mu = 3.81899	q_A  = 3.88522	Pmu = 0.02534	1-Pb  = 0.50673	CLs  = 0.05000
AsymptoticLimits.cc[337] : (in function: getCLs) - At r = 24.556029:	q_mu = 3.81908	q_A  = 3.88531	Pmu = 0.02534	1-Pb  = 0.50673	CLs  = 0.05000
AsymptoticLimits.cc[337] : (in function: getCLs) - At r = 24.555622:	q_mu = 3.81904	q_A  = 3.88526	Pmu = 0.02534	1-Pb  = 0.50673	CLs  = 0.05000
AsymptoticLimits.cc[337] : (in function: getCLs) - At r = 24.555782:	q_mu = 3.81905	q_A  = 3.88528	Pmu = 0.02534	1-Pb  = 0.50673	CLs  = 0.05000
AsymptoticLimits.cc[337] : (in function: getCLs) - At r = 24.555701:	q_mu = 3.81904	q_A  = 3.88527	Pmu = 0.02534	1-Pb  = 0.50673	CLs  = 0.05000
