CascadeMinimizer.cc[188] : (in function: improveOnce) - Minimization configured with Type=Minuit2, Algo=Migrad, strategy=0, tolerance=0.1
CascadeMinimizer.cc[215] : (in function: improveOnce) - Minimization finished with status=0
CascadeMinimizer.cc[219] : (in function: improveOnce) - Minimization success! status=0
ToyMCSamplerOpt.cc[146] : (in function: generateAsimov) - Using internal logic for binned/unbinned Asimov dataset generation
ToyMCSamplerOpt.cc[214] : (in function: generateWithHisto) - Generating asimov with histogram for pdf pdf_binpass_LOW_obsOnly: in 3 x-bins
ToyMCSamplerOpt.cc[215] : (in function: generateWithHisto) -  , in 1 y-bins
ToyMCSamplerOpt.cc[146] : (in function: generateAsimov) - Using internal logic for binned/unbinned Asimov dataset generation
ToyMCSamplerOpt.cc[214] : (in function: generateWithHisto) - Generating asimov with histogram for pdf pdf_binpass_SIG_obsOnly: in 1 x-bins
ToyMCSamplerOpt.cc[215] : (in function: generateWithHisto) -  , in 1 y-bins
ToyMCSamplerOpt.cc[146] : (in function: generateAsimov) - Using internal logic for binned/unbinned Asimov dataset generation
ToyMCSamplerOpt.cc[214] : (in function: generateWithHisto) - Generating asimov with histogram for pdf pdf_binpass_HIGH_obsOnly: in 4 x-bins
ToyMCSamplerOpt.cc[215] : (in function: generateWithHisto) -  , in 1 y-bins
ToyMCSamplerOpt.cc[146] : (in function: generateAsimov) - Using internal logic for binned/unbinned Asimov dataset generation
ToyMCSamplerOpt.cc[214] : (in function: generateWithHisto) - Generating asimov with histogram for pdf pdf_binfail_LOW_obsOnly: in 3 x-bins
ToyMCSamplerOpt.cc[215] : (in function: generateWithHisto) -  , in 1 y-bins
ToyMCSamplerOpt.cc[146] : (in function: generateAsimov) - Using internal logic for binned/unbinned Asimov dataset generation
ToyMCSamplerOpt.cc[214] : (in function: generateWithHisto) - Generating asimov with histogram for pdf pdf_binfail_SIG_obsOnly: in 1 x-bins
ToyMCSamplerOpt.cc[215] : (in function: generateWithHisto) -  , in 1 y-bins
ToyMCSamplerOpt.cc[146] : (in function: generateAsimov) - Using internal logic for binned/unbinned Asimov dataset generation
ToyMCSamplerOpt.cc[214] : (in function: generateWithHisto) - Generating asimov with histogram for pdf pdf_binfail_HIGH_obsOnly: in 4 x-bins
ToyMCSamplerOpt.cc[215] : (in function: generateWithHisto) -  , in 1 y-bins
AsymptoticLimits.cc[428] : (in function: runLimitExpected) - Median for expected limits = 0.330078, Sigma for expected limits = 0.16841
AsymptoticLimits.cc[191] : (in function: runLimit) - NLL at global minimum of data = -3872.88 (r=6.31314e-08)
AsymptoticLimits.cc[211] : (in function: runLimit) - NLL at global minimum of asimov = -3872.72 (r=2.3482e-06)
AsymptoticLimits.cc[337] : (in function: getCLs) - At r = 1.200000:	q_mu = 18.81279	q_A  = 15.20921	Pmu = 0.00001	1-Pb  = 0.32204	CLs  = 0.00002
AsymptoticLimits.cc[337] : (in function: getCLs) - At r = 0.600000:	q_mu = 10.46595	q_A  = 7.57252	Pmu = 0.00052	1-Pb  = 0.29954	CLs  = 0.00175
AsymptoticLimits.cc[337] : (in function: getCLs) - At r = 0.300000:	q_mu = 5.58993	q_A  = 3.41874	Pmu = 0.00742	1-Pb  = 0.27856	CLs  = 0.02665
AsymptoticLimits.cc[337] : (in function: getCLs) - At r = 0.150000:	q_mu = 2.90715	q_A  = 1.40176	Pmu = 0.03440	1-Pb  = 0.26247	CLs  = 0.13107
AsymptoticLimits.cc[337] : (in function: getCLs) - At r = 0.222595:	q_mu = 4.22810	q_A  = 2.35924	Pmu = 0.01600	1-Pb  = 0.27147	CLs  = 0.05895
AsymptoticLimits.cc[337] : (in function: getCLs) - At r = 0.250916:	q_mu = 4.73204	q_A  = 2.74584	Pmu = 0.01202	1-Pb  = 0.27448	CLs  = 0.04380
AsymptoticLimits.cc[337] : (in function: getCLs) - At r = 0.235158:	q_mu = 4.45248	q_A  = 2.52986	Pmu = 0.01408	1-Pb  = 0.27279	CLs  = 0.05163
AsymptoticLimits.cc[337] : (in function: getCLs) - At r = 0.240768:	q_mu = 4.55223	q_A  = 2.60632	Pmu = 0.01331	1-Pb  = 0.27336	CLs  = 0.04869
AsymptoticLimits.cc[337] : (in function: getCLs) - At r = 0.237609:	q_mu = 4.49607	q_A  = 2.56301	Pmu = 0.01374	1-Pb  = 0.27301	CLs  = 0.05032
AsymptoticLimits.cc[337] : (in function: getCLs) - At r = 0.238732:	q_mu = 4.51609	q_A  = 2.57824	Pmu = 0.01358	1-Pb  = 0.27311	CLs  = 0.04973
AsymptoticLimits.cc[337] : (in function: getCLs) - At r = 0.238101:	q_mu = 4.50483	q_A  = 2.56950	Pmu = 0.01367	1-Pb  = 0.27303	CLs  = 0.05007
AsymptoticLimits.cc[337] : (in function: getCLs) - At r = 0.238328:	q_mu = 4.50886	q_A  = 2.57252	Pmu = 0.01364	1-Pb  = 0.27304	CLs  = 0.04995
AsymptoticLimits.cc[337] : (in function: getCLs) - At r = 0.238203:	q_mu = 4.50662	q_A  = 2.57016	Pmu = 0.01365	1-Pb  = 0.27294	CLs  = 0.05002
AsymptoticLimits.cc[337] : (in function: getCLs) - At r = 0.238258:	q_mu = 4.50758	q_A  = 2.57084	Pmu = 0.01365	1-Pb  = 0.27294	CLs  = 0.04999
AsymptoticLimits.cc[337] : (in function: getCLs) - At r = 0.238237:	q_mu = 4.50721	q_A  = 2.57052	Pmu = 0.01365	1-Pb  = 0.27293	CLs  = 0.05001
AsymptoticLimits.cc[337] : (in function: getCLs) - At r = 0.238249:	q_mu = 4.50741	q_A  = 2.57020	Pmu = 0.01364	1-Pb  = 0.27286	CLs  = 0.05000
AsymptoticLimits.cc[337] : (in function: getCLs) - At r = 0.238254:	q_mu = 4.50749	q_A  = 2.57021	Pmu = 0.01364	1-Pb  = 0.27286	CLs  = 0.05000
