CascadeMinimizer.cc[188] : (in function: improveOnce) - Minimization configured with Type=Minuit2, Algo=Migrad, strategy=0, tolerance=0.1
CascadeMinimizer.cc[215] : (in function: improveOnce) - Minimization finished with status=0
CascadeMinimizer.cc[219] : (in function: improveOnce) - Minimization success! status=0
ToyMCSamplerOpt.cc[146] : (in function: generateAsimov) - Using internal logic for binned/unbinned Asimov dataset generation
ToyMCSamplerOpt.cc[214] : (in function: generateWithHisto) - Generating asimov with histogram for pdf pdf_binpass_LOW_obsOnly: in 3 x-bins
ToyMCSamplerOpt.cc[215] : (in function: generateWithHisto) -  , in 1 y-bins
ToyMCSamplerOpt.cc[146] : (in function: generateAsimov) - Using internal logic for binned/unbinned Asimov dataset generation
ToyMCSamplerOpt.cc[214] : (in function: generateWithHisto) - Generating asimov with histogram for pdf pdf_binpass_SIG_obsOnly: in 1 x-bins
ToyMCSamplerOpt.cc[215] : (in function: generateWithHisto) -  , in 1 y-bins
ToyMCSamplerOpt.cc[146] : (in function: generateAsimov) - Using internal logic for binned/unbinned Asimov dataset generation
ToyMCSamplerOpt.cc[214] : (in function: generateWithHisto) - Generating asimov with histogram for pdf pdf_binpass_HIGH_obsOnly: in 5 x-bins
ToyMCSamplerOpt.cc[215] : (in function: generateWithHisto) -  , in 1 y-bins
ToyMCSamplerOpt.cc[146] : (in function: generateAsimov) - Using internal logic for binned/unbinned Asimov dataset generation
ToyMCSamplerOpt.cc[214] : (in function: generateWithHisto) - Generating asimov with histogram for pdf pdf_binfail_LOW_obsOnly: in 3 x-bins
ToyMCSamplerOpt.cc[215] : (in function: generateWithHisto) -  , in 1 y-bins
ToyMCSamplerOpt.cc[146] : (in function: generateAsimov) - Using internal logic for binned/unbinned Asimov dataset generation
ToyMCSamplerOpt.cc[214] : (in function: generateWithHisto) - Generating asimov with histogram for pdf pdf_binfail_SIG_obsOnly: in 1 x-bins
ToyMCSamplerOpt.cc[215] : (in function: generateWithHisto) -  , in 1 y-bins
ToyMCSamplerOpt.cc[146] : (in function: generateAsimov) - Using internal logic for binned/unbinned Asimov dataset generation
ToyMCSamplerOpt.cc[214] : (in function: generateWithHisto) - Generating asimov with histogram for pdf pdf_binfail_HIGH_obsOnly: in 5 x-bins
ToyMCSamplerOpt.cc[215] : (in function: generateWithHisto) -  , in 1 y-bins
AsymptoticLimits.cc[428] : (in function: runLimitExpected) - Median for expected limits = 0.480469, Sigma for expected limits = 0.245142
AsymptoticLimits.cc[191] : (in function: runLimit) - NLL at global minimum of data = -48.8128 (r=2.23771e-09)
AsymptoticLimits.cc[211] : (in function: runLimit) - NLL at global minimum of asimov = -48.7798 (r=1.87531e-09)
AsymptoticLimits.cc[337] : (in function: getCLs) - At r = 1.200000:	q_mu = 9.19419	q_A  = 9.00028	Pmu = 0.00121	1-Pb  = 0.48711	CLs  = 0.00249
AsymptoticLimits.cc[337] : (in function: getCLs) - At r = 0.600000:	q_mu = 4.86673	q_A  = 4.73524	Pmu = 0.01368	1-Pb  = 0.48795	CLs  = 0.02804
AsymptoticLimits.cc[337] : (in function: getCLs) - At r = 0.300000:	q_mu = 2.51503	q_A  = 2.44176	Pmu = 0.05636	1-Pb  = 0.49065	CLs  = 0.11487
AsymptoticLimits.cc[337] : (in function: getCLs) - At r = 0.441567:	q_mu = 3.64223	q_A  = 3.53859	Pmu = 0.02815	1-Pb  = 0.48901	CLs  = 0.05757
AsymptoticLimits.cc[337] : (in function: getCLs) - At r = 0.498096:	q_mu = 4.08340	q_A  = 3.96883	Pmu = 0.02164	1-Pb  = 0.48853	CLs  = 0.04430
AsymptoticLimits.cc[337] : (in function: getCLs) - At r = 0.465904:	q_mu = 3.83270	q_A  = 3.72424	Pmu = 0.02512	1-Pb  = 0.48879	CLs  = 0.05139
AsymptoticLimits.cc[337] : (in function: getCLs) - At r = 0.477101:	q_mu = 3.92006	q_A  = 3.80942	Pmu = 0.02385	1-Pb  = 0.48869	CLs  = 0.04879
AsymptoticLimits.cc[337] : (in function: getCLs) - At r = 0.470643:	q_mu = 3.86969	q_A  = 3.76028	Pmu = 0.02457	1-Pb  = 0.48875	CLs  = 0.05027
AsymptoticLimits.cc[337] : (in function: getCLs) - At r = 0.472878:	q_mu = 3.88713	q_A  = 3.77729	Pmu = 0.02432	1-Pb  = 0.48873	CLs  = 0.04976
AsymptoticLimits.cc[337] : (in function: getCLs) - At r = 0.471586:	q_mu = 3.87705	q_A  = 3.76746	Pmu = 0.02446	1-Pb  = 0.48874	CLs  = 0.05005
AsymptoticLimits.cc[337] : (in function: getCLs) - At r = 0.472033:	q_mu = 3.88054	q_A  = 3.77086	Pmu = 0.02441	1-Pb  = 0.48874	CLs  = 0.04995
AsymptoticLimits.cc[337] : (in function: getCLs) - At r = 0.471774:	q_mu = 3.87852	q_A  = 3.76889	Pmu = 0.02444	1-Pb  = 0.48874	CLs  = 0.05001
AsymptoticLimits.cc[337] : (in function: getCLs) - At r = 0.471864:	q_mu = 3.87922	q_A  = 3.76957	Pmu = 0.02443	1-Pb  = 0.48874	CLs  = 0.04999
AsymptoticLimits.cc[337] : (in function: getCLs) - At r = 0.471812:	q_mu = 3.87881	q_A  = 3.76918	Pmu = 0.02444	1-Pb  = 0.48874	CLs  = 0.05000
AsymptoticLimits.cc[337] : (in function: getCLs) - At r = 0.471830:	q_mu = 3.87895	q_A  = 3.76932	Pmu = 0.02444	1-Pb  = 0.48874	CLs  = 0.05000
AsymptoticLimits.cc[337] : (in function: getCLs) - At r = 0.471820:	q_mu = 3.87887	q_A  = 3.76924	Pmu = 0.02444	1-Pb  = 0.48874	CLs  = 0.05000
AsymptoticLimits.cc[337] : (in function: getCLs) - At r = 0.471823:	q_mu = 3.87890	q_A  = 3.76927	Pmu = 0.02444	1-Pb  = 0.48874	CLs  = 0.05000
AsymptoticLimits.cc[337] : (in function: getCLs) - At r = 0.471821:	q_mu = 3.87888	q_A  = 3.76925	Pmu = 0.02444	1-Pb  = 0.48874	CLs  = 0.05000
