CascadeMinimizer.cc[188] : (in function: improveOnce) - Minimization configured with Type=Minuit2, Algo=Migrad, strategy=0, tolerance=0.1
CascadeMinimizer.cc[215] : (in function: improveOnce) - Minimization finished with status=0
CascadeMinimizer.cc[219] : (in function: improveOnce) - Minimization success! status=0
ToyMCSamplerOpt.cc[146] : (in function: generateAsimov) - Using internal logic for binned/unbinned Asimov dataset generation
ToyMCSamplerOpt.cc[214] : (in function: generateWithHisto) - Generating asimov with histogram for pdf pdf_binpass_LOW_obsOnly: in 3 x-bins
ToyMCSamplerOpt.cc[215] : (in function: generateWithHisto) -  , in 1 y-bins
ToyMCSamplerOpt.cc[146] : (in function: generateAsimov) - Using internal logic for binned/unbinned Asimov dataset generation
ToyMCSamplerOpt.cc[214] : (in function: generateWithHisto) - Generating asimov with histogram for pdf pdf_binpass_SIG_obsOnly: in 1 x-bins
ToyMCSamplerOpt.cc[215] : (in function: generateWithHisto) -  , in 1 y-bins
ToyMCSamplerOpt.cc[146] : (in function: generateAsimov) - Using internal logic for binned/unbinned Asimov dataset generation
ToyMCSamplerOpt.cc[214] : (in function: generateWithHisto) - Generating asimov with histogram for pdf pdf_binpass_HIGH_obsOnly: in 5 x-bins
ToyMCSamplerOpt.cc[215] : (in function: generateWithHisto) -  , in 1 y-bins
ToyMCSamplerOpt.cc[146] : (in function: generateAsimov) - Using internal logic for binned/unbinned Asimov dataset generation
ToyMCSamplerOpt.cc[214] : (in function: generateWithHisto) - Generating asimov with histogram for pdf pdf_binfail_LOW_obsOnly: in 3 x-bins
ToyMCSamplerOpt.cc[215] : (in function: generateWithHisto) -  , in 1 y-bins
ToyMCSamplerOpt.cc[146] : (in function: generateAsimov) - Using internal logic for binned/unbinned Asimov dataset generation
ToyMCSamplerOpt.cc[214] : (in function: generateWithHisto) - Generating asimov with histogram for pdf pdf_binfail_SIG_obsOnly: in 1 x-bins
ToyMCSamplerOpt.cc[215] : (in function: generateWithHisto) -  , in 1 y-bins
ToyMCSamplerOpt.cc[146] : (in function: generateAsimov) - Using internal logic for binned/unbinned Asimov dataset generation
ToyMCSamplerOpt.cc[214] : (in function: generateWithHisto) - Generating asimov with histogram for pdf pdf_binfail_HIGH_obsOnly: in 5 x-bins
ToyMCSamplerOpt.cc[215] : (in function: generateWithHisto) -  , in 1 y-bins
AsymptoticLimits.cc[428] : (in function: runLimitExpected) - Median for expected limits = 0.914062, Sigma for expected limits = 0.466367
AsymptoticLimits.cc[191] : (in function: runLimit) - NLL at global minimum of data = -44.6922 (r=1.66474e-06)
AsymptoticLimits.cc[211] : (in function: runLimit) - NLL at global minimum of asimov = -44.6866 (r=5.36897e-07)
AsymptoticLimits.cc[337] : (in function: getCLs) - At r = 1.200002:	q_mu = 4.95892	q_A  = 4.92900	Pmu = 0.01298	1-Pb  = 0.49731	CLs  = 0.02610
AsymptoticLimits.cc[337] : (in function: getCLs) - At r = 0.600002:	q_mu = 2.60507	q_A  = 2.59022	Pmu = 0.05326	1-Pb  = 0.49816	CLs  = 0.10691
AsymptoticLimits.cc[337] : (in function: getCLs) - At r = 0.858682:	q_mu = 3.64576	q_A  = 3.62442	Pmu = 0.02811	1-Pb  = 0.49776	CLs  = 0.05646
AsymptoticLimits.cc[337] : (in function: getCLs) - At r = 0.969956:	q_mu = 4.08110	q_A  = 4.05688	Pmu = 0.02168	1-Pb  = 0.49760	CLs  = 0.04357
AsymptoticLimits.cc[337] : (in function: getCLs) - At r = 0.922697:	q_mu = 3.89703	q_A  = 3.87406	Pmu = 0.02419	1-Pb  = 0.49767	CLs  = 0.04860
AsymptoticLimits.cc[337] : (in function: getCLs) - At r = 0.900178:	q_mu = 3.80886	q_A  = 3.78647	Pmu = 0.02549	1-Pb  = 0.49770	CLs  = 0.05122
AsymptoticLimits.cc[337] : (in function: getCLs) - At r = 0.912929:	q_mu = 3.85878	q_A  = 3.83607	Pmu = 0.02474	1-Pb  = 0.49769	CLs  = 0.04972
AsymptoticLimits.cc[337] : (in function: getCLs) - At r = 0.908420:	q_mu = 3.84110	q_A  = 3.81853	Pmu = 0.02500	1-Pb  = 0.49770	CLs  = 0.05024
AsymptoticLimits.cc[337] : (in function: getCLs) - At r = 0.910972:	q_mu = 3.85107	q_A  = 3.82844	Pmu = 0.02486	1-Pb  = 0.49769	CLs  = 0.04994
AsymptoticLimits.cc[337] : (in function: getCLs) - At r = 0.910074:	q_mu = 3.84753	q_A  = 3.82494	Pmu = 0.02491	1-Pb  = 0.49770	CLs  = 0.05005
AsymptoticLimits.cc[337] : (in function: getCLs) - At r = 0.910587:	q_mu = 3.84952	q_A  = 3.82693	Pmu = 0.02488	1-Pb  = 0.49770	CLs  = 0.04999
AsymptoticLimits.cc[337] : (in function: getCLs) - At r = 0.910413:	q_mu = 3.84881	q_A  = 3.82624	Pmu = 0.02489	1-Pb  = 0.49770	CLs  = 0.05001
AsymptoticLimits.cc[337] : (in function: getCLs) - At r = 0.910483:	q_mu = 3.84906	q_A  = 3.82651	Pmu = 0.02489	1-Pb  = 0.49770	CLs  = 0.05000
AsymptoticLimits.cc[337] : (in function: getCLs) - At r = 0.910521:	q_mu = 3.84919	q_A  = 3.82665	Pmu = 0.02488	1-Pb  = 0.49770	CLs  = 0.05000
AsymptoticLimits.cc[337] : (in function: getCLs) - At r = 0.910504:	q_mu = 3.84910	q_A  = 3.82658	Pmu = 0.02489	1-Pb  = 0.49770	CLs  = 0.05000
AsymptoticLimits.cc[337] : (in function: getCLs) - At r = 0.910511:	q_mu = 3.84911	q_A  = 3.82661	Pmu = 0.02489	1-Pb  = 0.49771	CLs  = 0.05000
AsymptoticLimits.cc[337] : (in function: getCLs) - At r = 0.910517:	q_mu = 3.84911	q_A  = 3.82663	Pmu = 0.02489	1-Pb  = 0.49771	CLs  = 0.05000
AsymptoticLimits.cc[337] : (in function: getCLs) - At r = 0.910519:	q_mu = 3.84909	q_A  = 3.82663	Pmu = 0.02489	1-Pb  = 0.49771	CLs  = 0.05000
