CascadeMinimizer.cc[188] : (in function: improveOnce) - Minimization configured with Type=Minuit2, Algo=Migrad, strategy=0, tolerance=0.1
CascadeMinimizer.cc[215] : (in function: improveOnce) - Minimization finished with status=0
CascadeMinimizer.cc[219] : (in function: improveOnce) - Minimization success! status=0
ToyMCSamplerOpt.cc[146] : (in function: generateAsimov) - Using internal logic for binned/unbinned Asimov dataset generation
ToyMCSamplerOpt.cc[214] : (in function: generateWithHisto) - Generating asimov with histogram for pdf pdf_binpass_LOW_obsOnly: in 3 x-bins
ToyMCSamplerOpt.cc[215] : (in function: generateWithHisto) -  , in 1 y-bins
ToyMCSamplerOpt.cc[146] : (in function: generateAsimov) - Using internal logic for binned/unbinned Asimov dataset generation
ToyMCSamplerOpt.cc[214] : (in function: generateWithHisto) - Generating asimov with histogram for pdf pdf_binpass_SIG_obsOnly: in 1 x-bins
ToyMCSamplerOpt.cc[215] : (in function: generateWithHisto) -  , in 1 y-bins
ToyMCSamplerOpt.cc[146] : (in function: generateAsimov) - Using internal logic for binned/unbinned Asimov dataset generation
ToyMCSamplerOpt.cc[214] : (in function: generateWithHisto) - Generating asimov with histogram for pdf pdf_binpass_HIGH_obsOnly: in 5 x-bins
ToyMCSamplerOpt.cc[215] : (in function: generateWithHisto) -  , in 1 y-bins
ToyMCSamplerOpt.cc[146] : (in function: generateAsimov) - Using internal logic for binned/unbinned Asimov dataset generation
ToyMCSamplerOpt.cc[214] : (in function: generateWithHisto) - Generating asimov with histogram for pdf pdf_binfail_LOW_obsOnly: in 3 x-bins
ToyMCSamplerOpt.cc[215] : (in function: generateWithHisto) -  , in 1 y-bins
ToyMCSamplerOpt.cc[146] : (in function: generateAsimov) - Using internal logic for binned/unbinned Asimov dataset generation
ToyMCSamplerOpt.cc[214] : (in function: generateWithHisto) - Generating asimov with histogram for pdf pdf_binfail_SIG_obsOnly: in 1 x-bins
ToyMCSamplerOpt.cc[215] : (in function: generateWithHisto) -  , in 1 y-bins
ToyMCSamplerOpt.cc[146] : (in function: generateAsimov) - Using internal logic for binned/unbinned Asimov dataset generation
ToyMCSamplerOpt.cc[214] : (in function: generateWithHisto) - Generating asimov with histogram for pdf pdf_binfail_HIGH_obsOnly: in 5 x-bins
ToyMCSamplerOpt.cc[215] : (in function: generateWithHisto) -  , in 1 y-bins
AsymptoticLimits.cc[428] : (in function: runLimitExpected) - Median for expected limits = 0.194336, Sigma for expected limits = 0.0991528
AsymptoticLimits.cc[191] : (in function: runLimit) - NLL at global minimum of data = -64.655 (r=7.27136e-08)
AsymptoticLimits.cc[211] : (in function: runLimit) - NLL at global minimum of asimov = -64.1828 (r=2.78226e-07)
AsymptoticLimits.cc[337] : (in function: getCLs) - At r = 1.200000:	q_mu = 24.96619	q_A  = 27.51360	Pmu = 0.00000	1-Pb  = 0.59821	CLs  = 0.00000
AsymptoticLimits.cc[337] : (in function: getCLs) - At r = 0.600000:	q_mu = 13.35092	q_A  = 12.00201	Pmu = 0.00013	1-Pb  = 0.42282	CLs  = 0.00030
AsymptoticLimits.cc[337] : (in function: getCLs) - At r = 0.300000:	q_mu = 6.93958	q_A  = 6.02397	Pmu = 0.00413	1-Pb  = 0.42602	CLs  = 0.00970
AsymptoticLimits.cc[337] : (in function: getCLs) - At r = 0.150000:	q_mu = 3.54566	q_A  = 2.91343	Pmu = 0.02924	1-Pb  = 0.42654	CLs  = 0.06855
AsymptoticLimits.cc[337] : (in function: getCLs) - At r = 0.225000:	q_mu = 5.25941	q_A  = 4.47803	Pmu = 0.01070	1-Pb  = 0.42676	CLs  = 0.02508
AsymptoticLimits.cc[337] : (in function: getCLs) - At r = 0.183830:	q_mu = 4.32308	q_A  = 3.62068	Pmu = 0.01843	1-Pb  = 0.42678	CLs  = 0.04318
AsymptoticLimits.cc[337] : (in function: getCLs) - At r = 0.168474:	q_mu = 3.97107	q_A  = 3.30001	Pmu = 0.02268	1-Pb  = 0.42673	CLs  = 0.05315
AsymptoticLimits.cc[337] : (in function: getCLs) - At r = 0.175156:	q_mu = 4.12438	q_A  = 3.43962	Pmu = 0.02071	1-Pb  = 0.42677	CLs  = 0.04854
AsymptoticLimits.cc[337] : (in function: getCLs) - At r = 0.172070:	q_mu = 4.05357	q_A  = 3.37514	Pmu = 0.02160	1-Pb  = 0.42675	CLs  = 0.05061
AsymptoticLimits.cc[337] : (in function: getCLs) - At r = 0.173403:	q_mu = 4.08415	q_A  = 3.40299	Pmu = 0.02121	1-Pb  = 0.42676	CLs  = 0.04970
AsymptoticLimits.cc[337] : (in function: getCLs) - At r = 0.172786:	q_mu = 4.06998	q_A  = 3.39010	Pmu = 0.02139	1-Pb  = 0.42676	CLs  = 0.05012
AsymptoticLimits.cc[337] : (in function: getCLs) - At r = 0.173053:	q_mu = 4.07609	q_A  = 3.39567	Pmu = 0.02131	1-Pb  = 0.42676	CLs  = 0.04994
AsymptoticLimits.cc[337] : (in function: getCLs) - At r = 0.172930:	q_mu = 4.07326	q_A  = 3.39310	Pmu = 0.02135	1-Pb  = 0.42676	CLs  = 0.05002
AsymptoticLimits.cc[337] : (in function: getCLs) - At r = 0.172984:	q_mu = 4.07448	q_A  = 3.39422	Pmu = 0.02133	1-Pb  = 0.42676	CLs  = 0.04999
AsymptoticLimits.cc[337] : (in function: getCLs) - At r = 0.172959:	q_mu = 4.07391	q_A  = 3.39371	Pmu = 0.02134	1-Pb  = 0.42677	CLs  = 0.05001
AsymptoticLimits.cc[337] : (in function: getCLs) - At r = 0.172970:	q_mu = 4.07415	q_A  = 3.39394	Pmu = 0.02134	1-Pb  = 0.42677	CLs  = 0.05000
AsymptoticLimits.cc[337] : (in function: getCLs) - At r = 0.172966:	q_mu = 4.07404	q_A  = 3.39384	Pmu = 0.02134	1-Pb  = 0.42677	CLs  = 0.05000
AsymptoticLimits.cc[337] : (in function: getCLs) - At r = 0.172968:	q_mu = 4.07408	q_A  = 3.39389	Pmu = 0.02134	1-Pb  = 0.42677	CLs  = 0.05000
