CascadeMinimizer.cc[188] : (in function: improveOnce) - Minimization configured with Type=Minuit2, Algo=Migrad, strategy=0, tolerance=0.1
CascadeMinimizer.cc[215] : (in function: improveOnce) - Minimization finished with status=0
CascadeMinimizer.cc[219] : (in function: improveOnce) - Minimization success! status=0
ToyMCSamplerOpt.cc[146] : (in function: generateAsimov) - Using internal logic for binned/unbinned Asimov dataset generation
ToyMCSamplerOpt.cc[214] : (in function: generateWithHisto) - Generating asimov with histogram for pdf pdf_binpass_LOW_obsOnly: in 3 x-bins
ToyMCSamplerOpt.cc[215] : (in function: generateWithHisto) -  , in 1 y-bins
ToyMCSamplerOpt.cc[146] : (in function: generateAsimov) - Using internal logic for binned/unbinned Asimov dataset generation
ToyMCSamplerOpt.cc[214] : (in function: generateWithHisto) - Generating asimov with histogram for pdf pdf_binpass_SIG_obsOnly: in 1 x-bins
ToyMCSamplerOpt.cc[215] : (in function: generateWithHisto) -  , in 1 y-bins
ToyMCSamplerOpt.cc[146] : (in function: generateAsimov) - Using internal logic for binned/unbinned Asimov dataset generation
ToyMCSamplerOpt.cc[214] : (in function: generateWithHisto) - Generating asimov with histogram for pdf pdf_binpass_HIGH_obsOnly: in 3 x-bins
ToyMCSamplerOpt.cc[215] : (in function: generateWithHisto) -  , in 1 y-bins
ToyMCSamplerOpt.cc[146] : (in function: generateAsimov) - Using internal logic for binned/unbinned Asimov dataset generation
ToyMCSamplerOpt.cc[214] : (in function: generateWithHisto) - Generating asimov with histogram for pdf pdf_binfail_LOW_obsOnly: in 3 x-bins
ToyMCSamplerOpt.cc[215] : (in function: generateWithHisto) -  , in 1 y-bins
ToyMCSamplerOpt.cc[146] : (in function: generateAsimov) - Using internal logic for binned/unbinned Asimov dataset generation
ToyMCSamplerOpt.cc[214] : (in function: generateWithHisto) - Generating asimov with histogram for pdf pdf_binfail_SIG_obsOnly: in 1 x-bins
ToyMCSamplerOpt.cc[215] : (in function: generateWithHisto) -  , in 1 y-bins
ToyMCSamplerOpt.cc[146] : (in function: generateAsimov) - Using internal logic for binned/unbinned Asimov dataset generation
ToyMCSamplerOpt.cc[214] : (in function: generateWithHisto) - Generating asimov with histogram for pdf pdf_binfail_HIGH_obsOnly: in 3 x-bins
ToyMCSamplerOpt.cc[215] : (in function: generateWithHisto) -  , in 1 y-bins
AsymptoticLimits.cc[428] : (in function: runLimitExpected) - Median for expected limits = 0.429688, Sigma for expected limits = 0.219232
AsymptoticLimits.cc[191] : (in function: runLimit) - NLL at global minimum of data = -8409.62 (r=2.49202e-09)
AsymptoticLimits.cc[211] : (in function: runLimit) - NLL at global minimum of asimov = -8408.36 (r=0.000131749)
AsymptoticLimits.cc[337] : (in function: getCLs) - At r = 1.200000:	q_mu = 15.94912	q_A  = 10.71375	Pmu = 0.00002	1-Pb  = 0.21193	CLs  = 0.00011
AsymptoticLimits.cc[337] : (in function: getCLs) - At r = 0.600000:	q_mu = 9.55355	q_A  = 5.50403	Pmu = 0.00067	1-Pb  = 0.19406	CLs  = 0.00343
AsymptoticLimits.cc[337] : (in function: getCLs) - At r = 0.300000:	q_mu = 5.45414	q_A  = 2.54037	Pmu = 0.00607	1-Pb  = 0.18034	CLs  = 0.03367
AsymptoticLimits.cc[337] : (in function: getCLs) - At r = 0.150000:	q_mu = 2.99625	q_A  = 1.04430	Pmu = 0.02402	1-Pb  = 0.16978	CLs  = 0.14150
AsymptoticLimits.cc[337] : (in function: getCLs) - At r = 0.236951:	q_mu = 4.46498	q_A  = 1.90142	Pmu = 0.01049	1-Pb  = 0.17630	CLs  = 0.05948
AsymptoticLimits.cc[337] : (in function: getCLs) - At r = 0.264951:	q_mu = 4.91118	q_A  = 2.18429	Pmu = 0.00819	1-Pb  = 0.17813	CLs  = 0.04596
AsymptoticLimits.cc[337] : (in function: getCLs) - At r = 0.252035:	q_mu = 4.70690	q_A  = 2.05347	Pmu = 0.00917	1-Pb  = 0.17727	CLs  = 0.05171
AsymptoticLimits.cc[337] : (in function: getCLs) - At r = 0.257567:	q_mu = 4.79464	q_A  = 2.10943	Pmu = 0.00873	1-Pb  = 0.17764	CLs  = 0.04916
AsymptoticLimits.cc[337] : (in function: getCLs) - At r = 0.254973:	q_mu = 4.75349	q_A  = 2.08317	Pmu = 0.00893	1-Pb  = 0.17747	CLs  = 0.05034
AsymptoticLimits.cc[337] : (in function: getCLs) - At r = 0.256078:	q_mu = 4.77114	q_A  = 2.09435	Pmu = 0.00885	1-Pb  = 0.17753	CLs  = 0.04983
AsymptoticLimits.cc[337] : (in function: getCLs) - At r = 0.255556:	q_mu = 4.76276	q_A  = 2.08907	Pmu = 0.00889	1-Pb  = 0.17750	CLs  = 0.05007
AsymptoticLimits.cc[337] : (in function: getCLs) - At r = 0.255778:	q_mu = 4.76626	q_A  = 2.09132	Pmu = 0.00887	1-Pb  = 0.17752	CLs  = 0.04997
AsymptoticLimits.cc[337] : (in function: getCLs) - At r = 0.255675:	q_mu = 4.76475	q_A  = 2.09027	Pmu = 0.00888	1-Pb  = 0.17750	CLs  = 0.05001
AsymptoticLimits.cc[337] : (in function: getCLs) - At r = 0.255716:	q_mu = 4.76531	q_A  = 2.09069	Pmu = 0.00887	1-Pb  = 0.17751	CLs  = 0.04999
AsymptoticLimits.cc[337] : (in function: getCLs) - At r = 0.255697:	q_mu = 4.76498	q_A  = 2.09058	Pmu = 0.00888	1-Pb  = 0.17753	CLs  = 0.05000
AsymptoticLimits.cc[337] : (in function: getCLs) - At r = 0.255706:	q_mu = 4.76524	q_A  = 2.09062	Pmu = 0.00887	1-Pb  = 0.17751	CLs  = 0.05000
AsymptoticLimits.cc[337] : (in function: getCLs) - At r = 0.255702:	q_mu = 4.76508	q_A  = 2.09056	Pmu = 0.00888	1-Pb  = 0.17751	CLs  = 0.05000
