CascadeMinimizer.cc[188] : (in function: improveOnce) - Minimization configured with Type=Minuit2, Algo=Migrad, strategy=0, tolerance=0.1
CascadeMinimizer.cc[215] : (in function: improveOnce) - Minimization finished with status=0
CascadeMinimizer.cc[219] : (in function: improveOnce) - Minimization success! status=0
ToyMCSamplerOpt.cc[146] : (in function: generateAsimov) - Using internal logic for binned/unbinned Asimov dataset generation
ToyMCSamplerOpt.cc[214] : (in function: generateWithHisto) - Generating asimov with histogram for pdf pdf_binpass_LOW_obsOnly: in 3 x-bins
ToyMCSamplerOpt.cc[215] : (in function: generateWithHisto) -  , in 1 y-bins
ToyMCSamplerOpt.cc[146] : (in function: generateAsimov) - Using internal logic for binned/unbinned Asimov dataset generation
ToyMCSamplerOpt.cc[214] : (in function: generateWithHisto) - Generating asimov with histogram for pdf pdf_binpass_SIG_obsOnly: in 1 x-bins
ToyMCSamplerOpt.cc[215] : (in function: generateWithHisto) -  , in 1 y-bins
ToyMCSamplerOpt.cc[146] : (in function: generateAsimov) - Using internal logic for binned/unbinned Asimov dataset generation
ToyMCSamplerOpt.cc[214] : (in function: generateWithHisto) - Generating asimov with histogram for pdf pdf_binpass_HIGH_obsOnly: in 5 x-bins
ToyMCSamplerOpt.cc[215] : (in function: generateWithHisto) -  , in 1 y-bins
ToyMCSamplerOpt.cc[146] : (in function: generateAsimov) - Using internal logic for binned/unbinned Asimov dataset generation
ToyMCSamplerOpt.cc[214] : (in function: generateWithHisto) - Generating asimov with histogram for pdf pdf_binfail_LOW_obsOnly: in 3 x-bins
ToyMCSamplerOpt.cc[215] : (in function: generateWithHisto) -  , in 1 y-bins
ToyMCSamplerOpt.cc[146] : (in function: generateAsimov) - Using internal logic for binned/unbinned Asimov dataset generation
ToyMCSamplerOpt.cc[214] : (in function: generateWithHisto) - Generating asimov with histogram for pdf pdf_binfail_SIG_obsOnly: in 1 x-bins
ToyMCSamplerOpt.cc[215] : (in function: generateWithHisto) -  , in 1 y-bins
ToyMCSamplerOpt.cc[146] : (in function: generateAsimov) - Using internal logic for binned/unbinned Asimov dataset generation
ToyMCSamplerOpt.cc[214] : (in function: generateWithHisto) - Generating asimov with histogram for pdf pdf_binfail_HIGH_obsOnly: in 5 x-bins
ToyMCSamplerOpt.cc[215] : (in function: generateWithHisto) -  , in 1 y-bins
AsymptoticLimits.cc[428] : (in function: runLimitExpected) - Median for expected limits = 0.630859, Sigma for expected limits = 0.321873
AsymptoticLimits.cc[191] : (in function: runLimit) - NLL at global minimum of data = -927.447 (r=0.710973)
AsymptoticLimits.cc[211] : (in function: runLimit) - NLL at global minimum of asimov = -925.448 (r=0.290019)
AsymptoticLimits.cc[337] : (in function: getCLs) - At r = 1.910973:	q_mu = 7.51501	q_A  = 18.47818	Pmu = 0.00306	1-Pb  = 0.94030	CLs  = 0.00325
AsymptoticLimits.cc[337] : (in function: getCLs) - At r = 1.310973:	q_mu = 2.42139	q_A  = 10.02237	Pmu = 0.05984	1-Pb  = 0.94627	CLs  = 0.06324
AsymptoticLimits.cc[337] : (in function: getCLs) - At r = 1.610973:	q_mu = 4.77049	q_A  = 14.20043	Pmu = 0.01448	1-Pb  = 0.94343	CLs  = 0.01534
AsymptoticLimits.cc[337] : (in function: getCLs) - At r = 1.410788:	q_mu = 3.15177	q_A  = 11.39397	Pmu = 0.03792	1-Pb  = 0.94522	CLs  = 0.04012
AsymptoticLimits.cc[337] : (in function: getCLs) - At r = 1.352198:	q_mu = 2.71350	q_A  = 10.58604	Pmu = 0.04975	1-Pb  = 0.94590	CLs  = 0.05260
AsymptoticLimits.cc[337] : (in function: getCLs) - At r = 1.372680:	q_mu = 2.86275	q_A  = 10.86761	Pmu = 0.04533	1-Pb  = 0.94571	CLs  = 0.04793
AsymptoticLimits.cc[337] : (in function: getCLs) - At r = 1.361123:	q_mu = 2.77813	q_A  = 10.70863	Pmu = 0.04778	1-Pb  = 0.94582	CLs  = 0.05052
AsymptoticLimits.cc[337] : (in function: getCLs) - At r = 1.365242:	q_mu = 2.80818	q_A  = 10.76523	Pmu = 0.04689	1-Pb  = 0.94578	CLs  = 0.04958
AsymptoticLimits.cc[337] : (in function: getCLs) - At r = 1.362934:	q_mu = 2.79132	q_A  = 10.73350	Pmu = 0.04739	1-Pb  = 0.94581	CLs  = 0.05010
AsymptoticLimits.cc[337] : (in function: getCLs) - At r = 1.363758:	q_mu = 2.79734	q_A  = 10.74483	Pmu = 0.04721	1-Pb  = 0.94580	CLs  = 0.04992
AsymptoticLimits.cc[337] : (in function: getCLs) - At r = 1.363297:	q_mu = 2.79397	q_A  = 10.73849	Pmu = 0.04731	1-Pb  = 0.94580	CLs  = 0.05002
AsymptoticLimits.cc[337] : (in function: getCLs) - At r = 1.363462:	q_mu = 2.79518	q_A  = 10.74076	Pmu = 0.04727	1-Pb  = 0.94580	CLs  = 0.04998
AsymptoticLimits.cc[337] : (in function: getCLs) - At r = 1.363370:	q_mu = 2.79450	q_A  = 10.73967	Pmu = 0.04729	1-Pb  = 0.94580	CLs  = 0.05000
AsymptoticLimits.cc[337] : (in function: getCLs) - At r = 1.363403:	q_mu = 2.79474	q_A  = 10.74010	Pmu = 0.04729	1-Pb  = 0.94580	CLs  = 0.05000
AsymptoticLimits.cc[337] : (in function: getCLs) - At r = 1.363385:	q_mu = 2.79460	q_A  = 10.73982	Pmu = 0.04729	1-Pb  = 0.94580	CLs  = 0.05000
AsymptoticLimits.cc[337] : (in function: getCLs) - At r = 1.363392:	q_mu = 2.79465	q_A  = 10.73990	Pmu = 0.04729	1-Pb  = 0.94580	CLs  = 0.05000
AsymptoticLimits.cc[337] : (in function: getCLs) - At r = 1.363388:	q_mu = 2.79463	q_A  = 10.73984	Pmu = 0.04729	1-Pb  = 0.94580	CLs  = 0.05000
