 <<< Combine >>> 
 <<< v10.0.1 >>>
>>> Random number generator seed is 123456
>>> Method used is FitDiagnostics
Set Default Value of Parameter mask_pass_SIG To : 1
Set Default Value of Parameter mask_pass_HIGH To : 1
Set Default Value of Parameter r To : 1
>>> 2 out of 6 channels masked

>> Found 17 floating parameters
>> The following parameters are protected in the event of negative eigenvalues:
>> Verifying eigenvalues are all positive (iteration 0)
Eigenvalue 16 : -0.00311394
 - -0.603749	CMS_AN23122_Background_rpf_2x0_par3
 - -0.507635	CMS_AN23122_Background_rpf_2x0_par2
 - 0.49762	CMS_AN23122_Background_rpf_2x0_par1
 - 0.360786	CMS_AN23122_Background_rpf_2x0_par0
 - -0.000580311	CMS_AN23122_Background_fail_LOW_bin_2-1
>> Attempt 0 failed, remove the variable with largest eigenvector component...
>> Dropping CMS_AN23122_Background_rpf_2x0_par3 from the hessian
>> Verifying eigenvalues are all positive (iteration 1)
>> All eigenvalues are positive
>> Inverting Hessian...
>> Matrix inverted
>> Note: the following parameters were dropped to make the covariance matrix pos-def:
     - CMS_AN23122_Background_rpf_2x0_par3
 Fit B-only, status = 0, numBadNLL = 0, covariance quality = -1
Running Minos for POI r
>> Found 18 floating parameters
>> The following parameters are protected in the event of negative eigenvalues: r
>> Verifying eigenvalues are all positive (iteration 0)
Eigenvalue 16 : -0.000362574
 - 0.768223	CMS_AN23122_Background_rpf_2x0_par1
 - -0.601229	CMS_AN23122_Background_rpf_2x0_par3
 - -0.214728	CMS_AN23122_Background_rpf_2x0_par2
 - -0.0472009	CMS_AN23122_Background_rpf_2x0_par0
 - -0.00433511	pT
Eigenvalue 17 : -0.00494014
 - -0.799271	CMS_AN23122_Background_rpf_2x0_par0
 - 0.526654	r
 - 0.250245	CMS_AN23122_Background_rpf_2x0_par3
 - 0.128185	CMS_AN23122_Background_rpf_2x0_par1
 - -0.0686474	CMS_AN23122_Background_rpf_2x0_par2
>> Attempt 0 failed, remove the variable with largest eigenvector component...
>> Dropping CMS_AN23122_Background_rpf_2x0_par0 from the hessian
>> Verifying eigenvalues are all positive (iteration 1)
Eigenvalue 16 : -0.000378699
 - -0.759041	CMS_AN23122_Background_rpf_2x0_par1
 - 0.615959	CMS_AN23122_Background_rpf_2x0_par3
 - 0.208242	CMS_AN23122_Background_rpf_2x0_par2
 - 0.0326839	r
 - 0.00414732	pT
>> Attempt 1 failed, remove the variable with largest eigenvector component...
>> Dropping CMS_AN23122_Background_rpf_2x0_par1 from the hessian
>> Verifying eigenvalues are all positive (iteration 2)
>> All eigenvalues are positive
>> Inverting Hessian...
>> Matrix inverted
>> Note: the following parameters were dropped to make the covariance matrix pos-def:
     - CMS_AN23122_Background_rpf_2x0_par0
     - CMS_AN23122_Background_rpf_2x0_par1
Fit S+B, status = 0, numBadNLL = 0, covariance quality = -1

 --- FitDiagnostics ---
Best fit r: 7.82305  -7.82305/+42.1769  (68% CL)
Done in 0.00 min (cpu), 0.00 min (real)
27 log messages saved to combine_logger.out
