CascadeMinimizer.cc[188] : (in function: improveOnce) - Minimization configured with Type=Minuit2, Algo=Migrad, strategy=0, tolerance=0.1
CascadeMinimizer.cc[215] : (in function: improveOnce) - Minimization finished with status=0
CascadeMinimizer.cc[219] : (in function: improveOnce) - Minimization success! status=0
ToyMCSamplerOpt.cc[146] : (in function: generateAsimov) - Using internal logic for binned/unbinned Asimov dataset generation
ToyMCSamplerOpt.cc[214] : (in function: generateWithHisto) - Generating asimov with histogram for pdf pdf_binpass_LOW_obsOnly: in 3 x-bins
ToyMCSamplerOpt.cc[215] : (in function: generateWithHisto) -  , in 1 y-bins
ToyMCSamplerOpt.cc[146] : (in function: generateAsimov) - Using internal logic for binned/unbinned Asimov dataset generation
ToyMCSamplerOpt.cc[214] : (in function: generateWithHisto) - Generating asimov with histogram for pdf pdf_binpass_SIG_obsOnly: in 1 x-bins
ToyMCSamplerOpt.cc[215] : (in function: generateWithHisto) -  , in 1 y-bins
ToyMCSamplerOpt.cc[146] : (in function: generateAsimov) - Using internal logic for binned/unbinned Asimov dataset generation
ToyMCSamplerOpt.cc[214] : (in function: generateWithHisto) - Generating asimov with histogram for pdf pdf_binpass_HIGH_obsOnly: in 3 x-bins
ToyMCSamplerOpt.cc[215] : (in function: generateWithHisto) -  , in 1 y-bins
ToyMCSamplerOpt.cc[146] : (in function: generateAsimov) - Using internal logic for binned/unbinned Asimov dataset generation
ToyMCSamplerOpt.cc[214] : (in function: generateWithHisto) - Generating asimov with histogram for pdf pdf_binfail_LOW_obsOnly: in 3 x-bins
ToyMCSamplerOpt.cc[215] : (in function: generateWithHisto) -  , in 1 y-bins
ToyMCSamplerOpt.cc[146] : (in function: generateAsimov) - Using internal logic for binned/unbinned Asimov dataset generation
ToyMCSamplerOpt.cc[214] : (in function: generateWithHisto) - Generating asimov with histogram for pdf pdf_binfail_SIG_obsOnly: in 1 x-bins
ToyMCSamplerOpt.cc[215] : (in function: generateWithHisto) -  , in 1 y-bins
ToyMCSamplerOpt.cc[146] : (in function: generateAsimov) - Using internal logic for binned/unbinned Asimov dataset generation
ToyMCSamplerOpt.cc[214] : (in function: generateWithHisto) - Generating asimov with histogram for pdf pdf_binfail_HIGH_obsOnly: in 3 x-bins
ToyMCSamplerOpt.cc[215] : (in function: generateWithHisto) -  , in 1 y-bins
AsymptoticLimits.cc[428] : (in function: runLimitExpected) - Median for expected limits = 3.875, Sigma for expected limits = 1.97708
AsymptoticLimits.cc[191] : (in function: runLimit) - NLL at global minimum of data = -8387.8 (r=2.97807e-07)
AsymptoticLimits.cc[211] : (in function: runLimit) - NLL at global minimum of asimov = -8387.04 (r=1.45169e-06)
AsymptoticLimits.cc[337] : (in function: getCLs) - At r = 1.375438:	q_mu = 2.45812	q_A  = 1.37869	Pmu = 0.05115	1-Pb  = 0.32288	CLs  = 0.15841
AsymptoticLimits.cc[337] : (in function: getCLs) - At r = 2.750876:	q_mu = 4.18974	q_A  = 2.81911	Pmu = 0.01844	1-Pb  = 0.34158	CLs  = 0.05397
AsymptoticLimits.cc[337] : (in function: getCLs) - At r = 5.501752:	q_mu = 6.76376	q_A  = 5.12521	Pmu = 0.00432	1-Pb  = 0.35872	CLs  = 0.01205
AsymptoticLimits.cc[337] : (in function: getCLs) - At r = 2.750876:	q_mu = 4.18972	q_A  = 2.81916	Pmu = 0.01844	1-Pb  = 0.34158	CLs  = 0.05397
AsymptoticLimits.cc[337] : (in function: getCLs) - At r = 4.126314:	q_mu = 5.58126	q_A  = 4.05031	Pmu = 0.00836	1-Pb  = 0.35184	CLs  = 0.02376
AsymptoticLimits.cc[337] : (in function: getCLs) - At r = 3.128466:	q_mu = 4.59806	q_A  = 3.17559	Pmu = 0.01459	1-Pb  = 0.34490	CLs  = 0.04229
AsymptoticLimits.cc[337] : (in function: getCLs) - At r = 2.921087:	q_mu = 4.37663	q_A  = 2.98172	Pmu = 0.01656	1-Pb  = 0.34314	CLs  = 0.04825
AsymptoticLimits.cc[337] : (in function: getCLs) - At r = 2.843832:	q_mu = 4.29245	q_A  = 2.90833	Pmu = 0.01738	1-Pb  = 0.34244	CLs  = 0.05075
AsymptoticLimits.cc[337] : (in function: getCLs) - At r = 2.877481:	q_mu = 4.32921	q_A  = 2.94036	Pmu = 0.01701	1-Pb  = 0.34275	CLs  = 0.04964
AsymptoticLimits.cc[337] : (in function: getCLs) - At r = 2.861970:	q_mu = 4.31225	q_A  = 2.92559	Pmu = 0.01718	1-Pb  = 0.34261	CLs  = 0.05015
AsymptoticLimits.cc[337] : (in function: getCLs) - At r = 2.868701:	q_mu = 4.31968	q_A  = 2.93199	Pmu = 0.01711	1-Pb  = 0.34266	CLs  = 0.04993
AsymptoticLimits.cc[337] : (in function: getCLs) - At r = 2.865576:	q_mu = 4.31621	q_A  = 2.92902	Pmu = 0.01714	1-Pb  = 0.34264	CLs  = 0.05003
AsymptoticLimits.cc[337] : (in function: getCLs) - At r = 2.866932:	q_mu = 4.31768	q_A  = 2.93031	Pmu = 0.01713	1-Pb  = 0.34265	CLs  = 0.04999
AsymptoticLimits.cc[337] : (in function: getCLs) - At r = 2.866319:	q_mu = 4.31700	q_A  = 2.92972	Pmu = 0.01713	1-Pb  = 0.34265	CLs  = 0.05001
AsymptoticLimits.cc[337] : (in function: getCLs) - At r = 2.866594:	q_mu = 4.31738	q_A  = 2.93002	Pmu = 0.01713	1-Pb  = 0.34265	CLs  = 0.05000
AsymptoticLimits.cc[337] : (in function: getCLs) - At r = 2.866446:	q_mu = 4.31716	q_A  = 2.92985	Pmu = 0.01713	1-Pb  = 0.34265	CLs  = 0.05000
AsymptoticLimits.cc[337] : (in function: getCLs) - At r = 2.866508:	q_mu = 4.31721	q_A  = 2.92990	Pmu = 0.01713	1-Pb  = 0.34265	CLs  = 0.05000
AsymptoticLimits.cc[337] : (in function: getCLs) - At r = 2.866494:	q_mu = 4.31720	q_A  = 2.92989	Pmu = 0.01713	1-Pb  = 0.34265	CLs  = 0.05000
AsymptoticLimits.cc[337] : (in function: getCLs) - At r = 2.866504:	q_mu = 4.31728	q_A  = 2.92990	Pmu = 0.01713	1-Pb  = 0.34264	CLs  = 0.05000
