CascadeMinimizer.cc[188] : (in function: improveOnce) - Minimization configured with Type=Minuit2, Algo=Migrad, strategy=0, tolerance=0.1
CascadeMinimizer.cc[215] : (in function: improveOnce) - Minimization finished with status=0
CascadeMinimizer.cc[219] : (in function: improveOnce) - Minimization success! status=0
ToyMCSamplerOpt.cc[146] : (in function: generateAsimov) - Using internal logic for binned/unbinned Asimov dataset generation
ToyMCSamplerOpt.cc[214] : (in function: generateWithHisto) - Generating asimov with histogram for pdf pdf_binpass_LOW_obsOnly: in 3 x-bins
ToyMCSamplerOpt.cc[215] : (in function: generateWithHisto) -  , in 1 y-bins
ToyMCSamplerOpt.cc[146] : (in function: generateAsimov) - Using internal logic for binned/unbinned Asimov dataset generation
ToyMCSamplerOpt.cc[214] : (in function: generateWithHisto) - Generating asimov with histogram for pdf pdf_binpass_SIG_obsOnly: in 1 x-bins
ToyMCSamplerOpt.cc[215] : (in function: generateWithHisto) -  , in 1 y-bins
ToyMCSamplerOpt.cc[146] : (in function: generateAsimov) - Using internal logic for binned/unbinned Asimov dataset generation
ToyMCSamplerOpt.cc[214] : (in function: generateWithHisto) - Generating asimov with histogram for pdf pdf_binpass_HIGH_obsOnly: in 5 x-bins
ToyMCSamplerOpt.cc[215] : (in function: generateWithHisto) -  , in 1 y-bins
ToyMCSamplerOpt.cc[146] : (in function: generateAsimov) - Using internal logic for binned/unbinned Asimov dataset generation
ToyMCSamplerOpt.cc[214] : (in function: generateWithHisto) - Generating asimov with histogram for pdf pdf_binfail_LOW_obsOnly: in 3 x-bins
ToyMCSamplerOpt.cc[215] : (in function: generateWithHisto) -  , in 1 y-bins
ToyMCSamplerOpt.cc[146] : (in function: generateAsimov) - Using internal logic for binned/unbinned Asimov dataset generation
ToyMCSamplerOpt.cc[214] : (in function: generateWithHisto) - Generating asimov with histogram for pdf pdf_binfail_SIG_obsOnly: in 1 x-bins
ToyMCSamplerOpt.cc[215] : (in function: generateWithHisto) -  , in 1 y-bins
ToyMCSamplerOpt.cc[146] : (in function: generateAsimov) - Using internal logic for binned/unbinned Asimov dataset generation
ToyMCSamplerOpt.cc[214] : (in function: generateWithHisto) - Generating asimov with histogram for pdf pdf_binfail_HIGH_obsOnly: in 5 x-bins
ToyMCSamplerOpt.cc[215] : (in function: generateWithHisto) -  , in 1 y-bins
AsymptoticLimits.cc[428] : (in function: runLimitExpected) - Median for expected limits = 0.5, Sigma for expected limits = 0.255107
AsymptoticLimits.cc[191] : (in function: runLimit) - NLL at global minimum of data = -926.485 (r=5.86229e-10)
AsymptoticLimits.cc[211] : (in function: runLimit) - NLL at global minimum of asimov = -925.951 (r=1.82689e-09)
AsymptoticLimits.cc[337] : (in function: getCLs) - At r = 1.200000:	q_mu = 12.92492	q_A  = 19.20574	Pmu = 0.00016	1-Pb  = 0.78445	CLs  = 0.00021
AsymptoticLimits.cc[337] : (in function: getCLs) - At r = 0.600000:	q_mu = 5.51722	q_A  = 5.03234	Pmu = 0.00935	1-Pb  = 0.45697	CLs  = 0.02047
AsymptoticLimits.cc[337] : (in function: getCLs) - At r = 0.300000:	q_mu = 2.24598	q_A  = 1.99551	Pmu = 0.06664	1-Pb  = 0.46468	CLs  = 0.14341
AsymptoticLimits.cc[337] : (in function: getCLs) - At r = 0.429891:	q_mu = 3.59688	q_A  = 3.08445	Pmu = 0.02858	1-Pb  = 0.44201	CLs  = 0.06465
AsymptoticLimits.cc[337] : (in function: getCLs) - At r = 0.494316:	q_mu = 4.31077	q_A  = 3.77025	Pmu = 0.01872	1-Pb  = 0.44465	CLs  = 0.04210
AsymptoticLimits.cc[337] : (in function: getCLs) - At r = 0.460774:	q_mu = 3.93530	q_A  = 3.40328	Pmu = 0.02335	1-Pb  = 0.44267	CLs  = 0.05275
AsymptoticLimits.cc[337] : (in function: getCLs) - At r = 0.473856:	q_mu = 4.08061	q_A  = 3.54412	Pmu = 0.02143	1-Pb  = 0.44335	CLs  = 0.04834
AsymptoticLimits.cc[337] : (in function: getCLs) - At r = 0.467187:	q_mu = 4.00637	q_A  = 3.47195	Pmu = 0.02239	1-Pb  = 0.44298	CLs  = 0.05054
AsymptoticLimits.cc[337] : (in function: getCLs) - At r = 0.469811:	q_mu = 4.03554	q_A  = 3.50024	Pmu = 0.02201	1-Pb  = 0.44312	CLs  = 0.04966
AsymptoticLimits.cc[337] : (in function: getCLs) - At r = 0.468479:	q_mu = 4.02073	q_A  = 3.48586	Pmu = 0.02220	1-Pb  = 0.44305	CLs  = 0.05011
AsymptoticLimits.cc[337] : (in function: getCLs) - At r = 0.469005:	q_mu = 4.02656	q_A  = 3.49153	Pmu = 0.02212	1-Pb  = 0.44308	CLs  = 0.04993
AsymptoticLimits.cc[337] : (in function: getCLs) - At r = 0.468739:	q_mu = 4.02360	q_A  = 3.48865	Pmu = 0.02216	1-Pb  = 0.44306	CLs  = 0.05002
AsymptoticLimits.cc[337] : (in function: getCLs) - At r = 0.468844:	q_mu = 4.02477	q_A  = 3.48979	Pmu = 0.02215	1-Pb  = 0.44307	CLs  = 0.04999
AsymptoticLimits.cc[337] : (in function: getCLs) - At r = 0.468791:	q_mu = 4.02418	q_A  = 3.48921	Pmu = 0.02216	1-Pb  = 0.44307	CLs  = 0.05000
AsymptoticLimits.cc[337] : (in function: getCLs) - At r = 0.468812:	q_mu = 4.02440	q_A  = 3.48944	Pmu = 0.02215	1-Pb  = 0.44307	CLs  = 0.05000
AsymptoticLimits.cc[337] : (in function: getCLs) - At r = 0.468802:	q_mu = 4.02429	q_A  = 3.48933	Pmu = 0.02215	1-Pb  = 0.44307	CLs  = 0.05000
AsymptoticLimits.cc[337] : (in function: getCLs) - At r = 0.468806:	q_mu = 4.02434	q_A  = 3.48937	Pmu = 0.02215	1-Pb  = 0.44307	CLs  = 0.05000
AsymptoticLimits.cc[337] : (in function: getCLs) - At r = 0.468804:	q_mu = 4.02432	q_A  = 3.48935	Pmu = 0.02215	1-Pb  = 0.44307	CLs  = 0.05000
