CascadeMinimizer.cc[188] : (in function: improveOnce) - Minimization configured with Type=Minuit2, Algo=Migrad, strategy=0, tolerance=0.1
CascadeMinimizer.cc[215] : (in function: improveOnce) - Minimization finished with status=0
CascadeMinimizer.cc[219] : (in function: improveOnce) - Minimization success! status=0
ToyMCSamplerOpt.cc[146] : (in function: generateAsimov) - Using internal logic for binned/unbinned Asimov dataset generation
ToyMCSamplerOpt.cc[214] : (in function: generateWithHisto) - Generating asimov with histogram for pdf pdf_binpass_LOW_obsOnly: in 3 x-bins
ToyMCSamplerOpt.cc[215] : (in function: generateWithHisto) -  , in 1 y-bins
ToyMCSamplerOpt.cc[146] : (in function: generateAsimov) - Using internal logic for binned/unbinned Asimov dataset generation
ToyMCSamplerOpt.cc[214] : (in function: generateWithHisto) - Generating asimov with histogram for pdf pdf_binpass_SIG_obsOnly: in 1 x-bins
ToyMCSamplerOpt.cc[215] : (in function: generateWithHisto) -  , in 1 y-bins
ToyMCSamplerOpt.cc[146] : (in function: generateAsimov) - Using internal logic for binned/unbinned Asimov dataset generation
ToyMCSamplerOpt.cc[214] : (in function: generateWithHisto) - Generating asimov with histogram for pdf pdf_binpass_HIGH_obsOnly: in 3 x-bins
ToyMCSamplerOpt.cc[215] : (in function: generateWithHisto) -  , in 1 y-bins
ToyMCSamplerOpt.cc[146] : (in function: generateAsimov) - Using internal logic for binned/unbinned Asimov dataset generation
ToyMCSamplerOpt.cc[214] : (in function: generateWithHisto) - Generating asimov with histogram for pdf pdf_binfail_LOW_obsOnly: in 3 x-bins
ToyMCSamplerOpt.cc[215] : (in function: generateWithHisto) -  , in 1 y-bins
ToyMCSamplerOpt.cc[146] : (in function: generateAsimov) - Using internal logic for binned/unbinned Asimov dataset generation
ToyMCSamplerOpt.cc[214] : (in function: generateWithHisto) - Generating asimov with histogram for pdf pdf_binfail_SIG_obsOnly: in 1 x-bins
ToyMCSamplerOpt.cc[215] : (in function: generateWithHisto) -  , in 1 y-bins
ToyMCSamplerOpt.cc[146] : (in function: generateAsimov) - Using internal logic for binned/unbinned Asimov dataset generation
ToyMCSamplerOpt.cc[214] : (in function: generateWithHisto) - Generating asimov with histogram for pdf pdf_binfail_HIGH_obsOnly: in 3 x-bins
ToyMCSamplerOpt.cc[215] : (in function: generateWithHisto) -  , in 1 y-bins
AsymptoticLimits.cc[428] : (in function: runLimitExpected) - Median for expected limits = 1.09375, Sigma for expected limits = 0.558046
AsymptoticLimits.cc[191] : (in function: runLimit) - NLL at global minimum of data = -687.859 (r=1.55329e-08)
AsymptoticLimits.cc[211] : (in function: runLimit) - NLL at global minimum of asimov = -687.894 (r=1.36268e-05)
AsymptoticLimits.cc[337] : (in function: getCLs) - At r = 1.200000:	q_mu = 6.90930	q_A  = 4.24830	Pmu = 0.00340	1-Pb  = 0.25930	CLs  = 0.01311
AsymptoticLimits.cc[337] : (in function: getCLs) - At r = 0.600000:	q_mu = 3.75420	q_A  = 2.16288	Pmu = 0.02213	1-Pb  = 0.29425	CLs  = 0.07520
AsymptoticLimits.cc[337] : (in function: getCLs) - At r = 0.900000:	q_mu = 5.38452	q_A  = 3.13657	Pmu = 0.00807	1-Pb  = 0.26283	CLs  = 0.03071
AsymptoticLimits.cc[337] : (in function: getCLs) - At r = 0.769361:	q_mu = 4.68811	q_A  = 2.68475	Pmu = 0.01223	1-Pb  = 0.27049	CLs  = 0.04521
AsymptoticLimits.cc[337] : (in function: getCLs) - At r = 0.708677:	q_mu = 4.35760	q_A  = 2.48911	Pmu = 0.01501	1-Pb  = 0.27687	CLs  = 0.05421
AsymptoticLimits.cc[337] : (in function: getCLs) - At r = 0.742433:	q_mu = 4.54201	q_A  = 2.59641	Pmu = 0.01338	1-Pb  = 0.27301	CLs  = 0.04900
AsymptoticLimits.cc[337] : (in function: getCLs) - At r = 0.730287:	q_mu = 4.47581	q_A  = 2.55731	Pmu = 0.01394	1-Pb  = 0.27430	CLs  = 0.05081
AsymptoticLimits.cc[337] : (in function: getCLs) - At r = 0.737038:	q_mu = 4.51273	q_A  = 2.57895	Pmu = 0.01362	1-Pb  = 0.27356	CLs  = 0.04980
AsymptoticLimits.cc[337] : (in function: getCLs) - At r = 0.734601:	q_mu = 4.49940	q_A  = 2.57110	Pmu = 0.01374	1-Pb  = 0.27382	CLs  = 0.05016
AsymptoticLimits.cc[337] : (in function: getCLs) - At r = 0.735953:	q_mu = 4.50679	q_A  = 2.57542	Pmu = 0.01367	1-Pb  = 0.27367	CLs  = 0.04996
AsymptoticLimits.cc[337] : (in function: getCLs) - At r = 0.735467:	q_mu = 4.50413	q_A  = 2.57385	Pmu = 0.01370	1-Pb  = 0.27372	CLs  = 0.05003
AsymptoticLimits.cc[337] : (in function: getCLs) - At r = 0.735738:	q_mu = 4.50561	q_A  = 2.57471	Pmu = 0.01368	1-Pb  = 0.27369	CLs  = 0.04999
AsymptoticLimits.cc[337] : (in function: getCLs) - At r = 0.735641:	q_mu = 4.50509	q_A  = 2.57438	Pmu = 0.01369	1-Pb  = 0.27370	CLs  = 0.05001
AsymptoticLimits.cc[337] : (in function: getCLs) - At r = 0.735696:	q_mu = 4.50539	q_A  = 2.57455	Pmu = 0.01368	1-Pb  = 0.27369	CLs  = 0.05000
AsymptoticLimits.cc[337] : (in function: getCLs) - At r = 0.735678:	q_mu = 4.50529	q_A  = 2.57448	Pmu = 0.01369	1-Pb  = 0.27369	CLs  = 0.05000
AsymptoticLimits.cc[337] : (in function: getCLs) - At r = 0.735685:	q_mu = 4.50533	q_A  = 2.57450	Pmu = 0.01368	1-Pb  = 0.27369	CLs  = 0.05000
AsymptoticLimits.cc[337] : (in function: getCLs) - At r = 0.735690:	q_mu = 4.50535	q_A  = 2.57450	Pmu = 0.01368	1-Pb  = 0.27369	CLs  = 0.05000
AsymptoticLimits.cc[337] : (in function: getCLs) - At r = 0.735688:	q_mu = 4.50534	q_A  = 2.57449	Pmu = 0.01368	1-Pb  = 0.27369	CLs  = 0.05000
