 <<< Combine >>> 
 <<< v10.0.1 >>>
>>> Random number generator seed is 123456
>>> Method used is FitDiagnostics
Set Default Value of Parameter mask_pass_SIG To : 1
Set Default Value of Parameter mask_pass_HIGH To : 1
Set Default Value of Parameter r To : 1
>>> 2 out of 6 channels masked

>> Found 16 floating parameters
>> The following parameters are protected in the event of negative eigenvalues:
>> Parameter CMS_AN23122_Background_rpf_2x0_par2 does not have a valid stencil and will be dropped
>> Verifying eigenvalues are all positive (iteration 0)
Eigenvalue 14 : -0.000180179
 - -0.746507	CMS_AN23122_Background_rpf_2x0_par3
 - 0.658603	CMS_AN23122_Background_rpf_2x0_par0
 - 0.09471	CMS_AN23122_Background_rpf_2x0_par1
 - -9.9714e-05	CMS_AN23122_Background_fail_LOW_bin_2-1
 - 6.18447e-05	CMS_AN23122_Background_fail_LOW_bin_1-1
>> Attempt 0 failed, remove the variable with largest eigenvector component...
>> Dropping CMS_AN23122_Background_rpf_2x0_par3 from the hessian
>> Verifying eigenvalues are all positive (iteration 1)
>> All eigenvalues are positive
>> Inverting Hessian...
>> Matrix inverted
>> Note: the following parameters were dropped as their ranges are either too narrow or the parameter has no effect on the NLL:
     - CMS_AN23122_Background_rpf_2x0_par2
>> Note: the following parameters were dropped to make the covariance matrix pos-def:
     - CMS_AN23122_Background_rpf_2x0_par3
 Fit B-only, status = 0, numBadNLL = 0, covariance quality = -1
Running Minos for POI r
>> Found 17 floating parameters
>> The following parameters are protected in the event of negative eigenvalues: r
>> Parameter CMS_AN23122_Background_rpf_2x0_par2 does not have a valid stencil and will be dropped
>> Verifying eigenvalues are all positive (iteration 0)
Eigenvalue 14 : -8.41843e-05
 - 0.739766	CMS_AN23122_Background_rpf_2x0_par3
 - -0.669322	CMS_AN23122_Background_rpf_2x0_par0
 - -0.0502437	r
 - -0.0371226	CMS_AN23122_Background_rpf_2x0_par1
 - 0.0285082	CMS_AN23122_Background_fail_HIGH_bin_1-1
Eigenvalue 15 : -0.00776364
 - 0.672845	r
 - -0.634432	CMS_AN23122_Background_rpf_2x0_par1
 - -0.367422	CMS_AN23122_Background_fail_HIGH_bin_1-1
 - -0.069972	CMS_AN23122_Background_fail_HIGH_bin_2-1
 - 0.0509688	CMS_AN23122_Background_rpf_2x0_par3
>> Attempt 0 failed, remove the variable with largest eigenvector component...
>> Dropping CMS_AN23122_Background_rpf_2x0_par1 from the hessian
>> Verifying eigenvalues are all positive (iteration 1)
Eigenvalue 14 : -0.000113503
 - -0.73717	CMS_AN23122_Background_rpf_2x0_par3
 - 0.666315	CMS_AN23122_Background_rpf_2x0_par0
 - 0.0970734	r
 - -0.0550711	CMS_AN23122_Background_fail_HIGH_bin_1-1
 - -0.0104909	CMS_AN23122_Background_fail_HIGH_bin_2-1
>> Attempt 1 failed, remove the variable with largest eigenvector component...
>> Dropping CMS_AN23122_Background_rpf_2x0_par3 from the hessian
>> Verifying eigenvalues are all positive (iteration 2)
>> All eigenvalues are positive
>> Inverting Hessian...
>> Matrix inverted
>> Note: the following parameters were dropped as their ranges are either too narrow or the parameter has no effect on the NLL:
     - CMS_AN23122_Background_rpf_2x0_par2
>> Note: the following parameters were dropped to make the covariance matrix pos-def:
     - CMS_AN23122_Background_rpf_2x0_par1
     - CMS_AN23122_Background_rpf_2x0_par3
Fit S+B, status = 0, numBadNLL = 0, covariance quality = -1

 --- FitDiagnostics ---
Best fit r: 2.37593  -2.37593/+47.6241  (68% CL)
Done in 0.00 min (cpu), 0.00 min (real)
29 log messages saved to combine_logger.out
