CascadeMinimizer.cc[188] : (in function: improveOnce) - Minimization configured with Type=Minuit2, Algo=Migrad, strategy=0, tolerance=0.1
CascadeMinimizer.cc[215] : (in function: improveOnce) - Minimization finished with status=0
CascadeMinimizer.cc[219] : (in function: improveOnce) - Minimization success! status=0
ToyMCSamplerOpt.cc[146] : (in function: generateAsimov) - Using internal logic for binned/unbinned Asimov dataset generation
ToyMCSamplerOpt.cc[214] : (in function: generateWithHisto) - Generating asimov with histogram for pdf pdf_binpass_LOW_obsOnly: in 3 x-bins
ToyMCSamplerOpt.cc[215] : (in function: generateWithHisto) -  , in 1 y-bins
ToyMCSamplerOpt.cc[146] : (in function: generateAsimov) - Using internal logic for binned/unbinned Asimov dataset generation
ToyMCSamplerOpt.cc[214] : (in function: generateWithHisto) - Generating asimov with histogram for pdf pdf_binpass_SIG_obsOnly: in 1 x-bins
ToyMCSamplerOpt.cc[215] : (in function: generateWithHisto) -  , in 1 y-bins
ToyMCSamplerOpt.cc[146] : (in function: generateAsimov) - Using internal logic for binned/unbinned Asimov dataset generation
ToyMCSamplerOpt.cc[214] : (in function: generateWithHisto) - Generating asimov with histogram for pdf pdf_binpass_HIGH_obsOnly: in 3 x-bins
ToyMCSamplerOpt.cc[215] : (in function: generateWithHisto) -  , in 1 y-bins
ToyMCSamplerOpt.cc[146] : (in function: generateAsimov) - Using internal logic for binned/unbinned Asimov dataset generation
ToyMCSamplerOpt.cc[214] : (in function: generateWithHisto) - Generating asimov with histogram for pdf pdf_binfail_LOW_obsOnly: in 3 x-bins
ToyMCSamplerOpt.cc[215] : (in function: generateWithHisto) -  , in 1 y-bins
ToyMCSamplerOpt.cc[146] : (in function: generateAsimov) - Using internal logic for binned/unbinned Asimov dataset generation
ToyMCSamplerOpt.cc[214] : (in function: generateWithHisto) - Generating asimov with histogram for pdf pdf_binfail_SIG_obsOnly: in 1 x-bins
ToyMCSamplerOpt.cc[215] : (in function: generateWithHisto) -  , in 1 y-bins
ToyMCSamplerOpt.cc[146] : (in function: generateAsimov) - Using internal logic for binned/unbinned Asimov dataset generation
ToyMCSamplerOpt.cc[214] : (in function: generateWithHisto) - Generating asimov with histogram for pdf pdf_binfail_HIGH_obsOnly: in 3 x-bins
ToyMCSamplerOpt.cc[215] : (in function: generateWithHisto) -  , in 1 y-bins
AsymptoticLimits.cc[428] : (in function: runLimitExpected) - Median for expected limits = 2, Sigma for expected limits = 1.02043
AsymptoticLimits.cc[191] : (in function: runLimit) - NLL at global minimum of data = -684.644 (r=1.66702e-08)
AsymptoticLimits.cc[211] : (in function: runLimit) - NLL at global minimum of asimov = -684.714 (r=1.9662e-07)
AsymptoticLimits.cc[337] : (in function: getCLs) - At r = 1.275462:	q_mu = 2.70243	q_A  = 2.70231	Pmu = 0.05010	1-Pb  = 0.49999	CLs  = 0.10020
AsymptoticLimits.cc[337] : (in function: getCLs) - At r = 2.550923:	q_mu = 4.59278	q_A  = 4.59266	Pmu = 0.01605	1-Pb  = 0.49999	CLs  = 0.03211
AsymptoticLimits.cc[337] : (in function: getCLs) - At r = 1.275462:	q_mu = 2.70246	q_A  = 2.70231	Pmu = 0.05010	1-Pb  = 0.49998	CLs  = 0.10020
AsymptoticLimits.cc[337] : (in function: getCLs) - At r = 1.898702:	q_mu = 3.68808	q_A  = 3.68793	Pmu = 0.02740	1-Pb  = 0.49998	CLs  = 0.05480
AsymptoticLimits.cc[337] : (in function: getCLs) - At r = 2.118681:	q_mu = 4.00554	q_A  = 4.00551	Pmu = 0.02268	1-Pb  = 0.50000	CLs  = 0.04535
AsymptoticLimits.cc[337] : (in function: getCLs) - At r = 2.027977:	q_mu = 3.87627	q_A  = 3.87623	Pmu = 0.02449	1-Pb  = 0.50000	CLs  = 0.04897
AsymptoticLimits.cc[337] : (in function: getCLs) - At r = 1.983054:	q_mu = 3.81140	q_A  = 3.81133	Pmu = 0.02545	1-Pb  = 0.49999	CLs  = 0.05091
AsymptoticLimits.cc[337] : (in function: getCLs) - At r = 2.008712:	q_mu = 3.84852	q_A  = 3.84846	Pmu = 0.02489	1-Pb  = 0.49999	CLs  = 0.04979
AsymptoticLimits.cc[337] : (in function: getCLs) - At r = 1.999689:	q_mu = 3.83550	q_A  = 3.83542	Pmu = 0.02509	1-Pb  = 0.49999	CLs  = 0.05018
AsymptoticLimits.cc[337] : (in function: getCLs) - At r = 2.004810:	q_mu = 3.84289	q_A  = 3.84282	Pmu = 0.02498	1-Pb  = 0.49999	CLs  = 0.04996
AsymptoticLimits.cc[337] : (in function: getCLs) - At r = 2.003005:	q_mu = 3.84029	q_A  = 3.84021	Pmu = 0.02502	1-Pb  = 0.49999	CLs  = 0.05004
AsymptoticLimits.cc[337] : (in function: getCLs) - At r = 2.004030:	q_mu = 3.84176	q_A  = 3.84169	Pmu = 0.02500	1-Pb  = 0.49999	CLs  = 0.04999
AsymptoticLimits.cc[337] : (in function: getCLs) - At r = 2.003669:	q_mu = 3.84124	q_A  = 3.84117	Pmu = 0.02500	1-Pb  = 0.49999	CLs  = 0.05001
AsymptoticLimits.cc[337] : (in function: getCLs) - At r = 2.003873:	q_mu = 3.84154	q_A  = 3.84147	Pmu = 0.02500	1-Pb  = 0.49999	CLs  = 0.05000
AsymptoticLimits.cc[337] : (in function: getCLs) - At r = 2.003801:	q_mu = 3.84143	q_A  = 3.84136	Pmu = 0.02500	1-Pb  = 0.49999	CLs  = 0.05000
AsymptoticLimits.cc[337] : (in function: getCLs) - At r = 2.003842:	q_mu = 3.84149	q_A  = 3.84142	Pmu = 0.02500	1-Pb  = 0.49999	CLs  = 0.05000
AsymptoticLimits.cc[337] : (in function: getCLs) - At r = 2.003828:	q_mu = 3.84147	q_A  = 3.84140	Pmu = 0.02500	1-Pb  = 0.49999	CLs  = 0.05000
AsymptoticLimits.cc[337] : (in function: getCLs) - At r = 2.003836:	q_mu = 3.84148	q_A  = 3.84141	Pmu = 0.02500	1-Pb  = 0.49999	CLs  = 0.05000
