CascadeMinimizer.cc[188] : (in function: improveOnce) - Minimization configured with Type=Minuit2, Algo=Migrad, strategy=0, tolerance=0.1
CascadeMinimizer.cc[215] : (in function: improveOnce) - Minimization finished with status=0
CascadeMinimizer.cc[219] : (in function: improveOnce) - Minimization success! status=0
ToyMCSamplerOpt.cc[146] : (in function: generateAsimov) - Using internal logic for binned/unbinned Asimov dataset generation
ToyMCSamplerOpt.cc[214] : (in function: generateWithHisto) - Generating asimov with histogram for pdf pdf_binpass_LOW_obsOnly: in 3 x-bins
ToyMCSamplerOpt.cc[215] : (in function: generateWithHisto) -  , in 1 y-bins
ToyMCSamplerOpt.cc[146] : (in function: generateAsimov) - Using internal logic for binned/unbinned Asimov dataset generation
ToyMCSamplerOpt.cc[214] : (in function: generateWithHisto) - Generating asimov with histogram for pdf pdf_binpass_SIG_obsOnly: in 1 x-bins
ToyMCSamplerOpt.cc[215] : (in function: generateWithHisto) -  , in 1 y-bins
ToyMCSamplerOpt.cc[146] : (in function: generateAsimov) - Using internal logic for binned/unbinned Asimov dataset generation
ToyMCSamplerOpt.cc[214] : (in function: generateWithHisto) - Generating asimov with histogram for pdf pdf_binpass_HIGH_obsOnly: in 3 x-bins
ToyMCSamplerOpt.cc[215] : (in function: generateWithHisto) -  , in 1 y-bins
ToyMCSamplerOpt.cc[146] : (in function: generateAsimov) - Using internal logic for binned/unbinned Asimov dataset generation
ToyMCSamplerOpt.cc[214] : (in function: generateWithHisto) - Generating asimov with histogram for pdf pdf_binfail_LOW_obsOnly: in 3 x-bins
ToyMCSamplerOpt.cc[215] : (in function: generateWithHisto) -  , in 1 y-bins
ToyMCSamplerOpt.cc[146] : (in function: generateAsimov) - Using internal logic for binned/unbinned Asimov dataset generation
ToyMCSamplerOpt.cc[214] : (in function: generateWithHisto) - Generating asimov with histogram for pdf pdf_binfail_SIG_obsOnly: in 1 x-bins
ToyMCSamplerOpt.cc[215] : (in function: generateWithHisto) -  , in 1 y-bins
ToyMCSamplerOpt.cc[146] : (in function: generateAsimov) - Using internal logic for binned/unbinned Asimov dataset generation
ToyMCSamplerOpt.cc[214] : (in function: generateWithHisto) - Generating asimov with histogram for pdf pdf_binfail_HIGH_obsOnly: in 3 x-bins
ToyMCSamplerOpt.cc[215] : (in function: generateWithHisto) -  , in 1 y-bins
AsymptoticLimits.cc[428] : (in function: runLimitExpected) - Median for expected limits = 1.41797, Sigma for expected limits = 0.723467
AsymptoticLimits.cc[191] : (in function: runLimit) - NLL at global minimum of data = -706.343 (r=1.58146)
AsymptoticLimits.cc[211] : (in function: runLimit) - NLL at global minimum of asimov = -703.492 (r=0.026694)
AsymptoticLimits.cc[337] : (in function: getCLs) - At r = 3.234188:	q_mu = 2.98376	q_A  = 11.18656	Pmu = 0.04205	1-Pb  = 0.94709	CLs  = 0.04440
AsymptoticLimits.cc[337] : (in function: getCLs) - At r = 2.407824:	q_mu = 0.96392	q_A  = 7.84783	Pmu = 0.16310	1-Pb  = 0.96559	CLs  = 0.16891
AsymptoticLimits.cc[337] : (in function: getCLs) - At r = 2.821006:	q_mu = 1.89842	q_A  = 9.52753	Pmu = 0.08413	1-Pb  = 0.95626	CLs  = 0.08798
AsymptoticLimits.cc[337] : (in function: getCLs) - At r = 3.094143:	q_mu = 2.60353	q_A  = 10.63107	Pmu = 0.05331	1-Pb  = 0.95022	CLs  = 0.05611
AsymptoticLimits.cc[337] : (in function: getCLs) - At r = 3.177322:	q_mu = 2.82804	q_A  = 10.96665	Pmu = 0.04632	1-Pb  = 0.94844	CLs  = 0.04883
AsymptoticLimits.cc[337] : (in function: getCLs) - At r = 3.149372:	q_mu = 2.75216	q_A  = 10.85382	Pmu = 0.04856	1-Pb  = 0.94903	CLs  = 0.05117
AsymptoticLimits.cc[337] : (in function: getCLs) - At r = 3.166026:	q_mu = 2.79735	q_A  = 10.92097	Pmu = 0.04721	1-Pb  = 0.94868	CLs  = 0.04976
AsymptoticLimits.cc[337] : (in function: getCLs) - At r = 3.160433:	q_mu = 2.78213	q_A  = 10.89842	Pmu = 0.04766	1-Pb  = 0.94880	CLs  = 0.05023
AsymptoticLimits.cc[337] : (in function: getCLs) - At r = 3.163769:	q_mu = 2.79118	q_A  = 10.91176	Pmu = 0.04739	1-Pb  = 0.94872	CLs  = 0.04995
AsymptoticLimits.cc[337] : (in function: getCLs) - At r = 3.162655:	q_mu = 2.78816	q_A  = 10.90683	Pmu = 0.04748	1-Pb  = 0.94874	CLs  = 0.05005
AsymptoticLimits.cc[337] : (in function: getCLs) - At r = 3.163102:	q_mu = 2.78937	q_A  = 10.90858	Pmu = 0.04745	1-Pb  = 0.94873	CLs  = 0.05001
AsymptoticLimits.cc[337] : (in function: getCLs) - At r = 3.163327:	q_mu = 2.78998	q_A  = 10.90944	Pmu = 0.04743	1-Pb  = 0.94873	CLs  = 0.04999
AsymptoticLimits.cc[337] : (in function: getCLs) - At r = 3.163194:	q_mu = 2.78962	q_A  = 10.90890	Pmu = 0.04744	1-Pb  = 0.94873	CLs  = 0.05000
AsymptoticLimits.cc[337] : (in function: getCLs) - At r = 3.163240:	q_mu = 2.78975	q_A  = 10.90909	Pmu = 0.04743	1-Pb  = 0.94873	CLs  = 0.05000
AsymptoticLimits.cc[337] : (in function: getCLs) - At r = 3.163221:	q_mu = 2.78970	q_A  = 10.90901	Pmu = 0.04744	1-Pb  = 0.94873	CLs  = 0.05000
AsymptoticLimits.cc[337] : (in function: getCLs) - At r = 3.163213:	q_mu = 2.78967	q_A  = 10.90898	Pmu = 0.04744	1-Pb  = 0.94873	CLs  = 0.05000
