CascadeMinimizer.cc[188] : (in function: improveOnce) - Minimization configured with Type=Minuit2, Algo=Migrad, strategy=0, tolerance=0.1
CascadeMinimizer.cc[215] : (in function: improveOnce) - Minimization finished with status=0
CascadeMinimizer.cc[219] : (in function: improveOnce) - Minimization success! status=0
ToyMCSamplerOpt.cc[146] : (in function: generateAsimov) - Using internal logic for binned/unbinned Asimov dataset generation
ToyMCSamplerOpt.cc[214] : (in function: generateWithHisto) - Generating asimov with histogram for pdf pdf_binpass_LOW_obsOnly: in 3 x-bins
ToyMCSamplerOpt.cc[215] : (in function: generateWithHisto) -  , in 1 y-bins
ToyMCSamplerOpt.cc[146] : (in function: generateAsimov) - Using internal logic for binned/unbinned Asimov dataset generation
ToyMCSamplerOpt.cc[214] : (in function: generateWithHisto) - Generating asimov with histogram for pdf pdf_binpass_SIG_obsOnly: in 1 x-bins
ToyMCSamplerOpt.cc[215] : (in function: generateWithHisto) -  , in 1 y-bins
ToyMCSamplerOpt.cc[146] : (in function: generateAsimov) - Using internal logic for binned/unbinned Asimov dataset generation
ToyMCSamplerOpt.cc[214] : (in function: generateWithHisto) - Generating asimov with histogram for pdf pdf_binpass_HIGH_obsOnly: in 3 x-bins
ToyMCSamplerOpt.cc[215] : (in function: generateWithHisto) -  , in 1 y-bins
ToyMCSamplerOpt.cc[146] : (in function: generateAsimov) - Using internal logic for binned/unbinned Asimov dataset generation
ToyMCSamplerOpt.cc[214] : (in function: generateWithHisto) - Generating asimov with histogram for pdf pdf_binfail_LOW_obsOnly: in 3 x-bins
ToyMCSamplerOpt.cc[215] : (in function: generateWithHisto) -  , in 1 y-bins
ToyMCSamplerOpt.cc[146] : (in function: generateAsimov) - Using internal logic for binned/unbinned Asimov dataset generation
ToyMCSamplerOpt.cc[214] : (in function: generateWithHisto) - Generating asimov with histogram for pdf pdf_binfail_SIG_obsOnly: in 1 x-bins
ToyMCSamplerOpt.cc[215] : (in function: generateWithHisto) -  , in 1 y-bins
ToyMCSamplerOpt.cc[146] : (in function: generateAsimov) - Using internal logic for binned/unbinned Asimov dataset generation
ToyMCSamplerOpt.cc[214] : (in function: generateWithHisto) - Generating asimov with histogram for pdf pdf_binfail_HIGH_obsOnly: in 3 x-bins
ToyMCSamplerOpt.cc[215] : (in function: generateWithHisto) -  , in 1 y-bins
AsymptoticLimits.cc[428] : (in function: runLimitExpected) - Median for expected limits = 86.75, Sigma for expected limits = 44.261
AsymptoticLimits.cc[191] : (in function: runLimit) - NLL at global minimum of data = -679.022 (r=4.6783e-05)
AsymptoticLimits.cc[211] : (in function: runLimit) - NLL at global minimum of asimov = -679.22 (r=3.32795e-05)
AsymptoticLimits.cc[337] : (in function: getCLs) - At r = 32.930827:	q_mu = 1.96212	q_A  = 2.02253	Pmu = 0.08064	1-Pb  = 0.50854	CLs  = 0.15858
AsymptoticLimits.cc[337] : (in function: getCLs) - At r = 65.861654:	q_mu = 3.16025	q_A  = 3.23085	Pmu = 0.03773	1-Pb  = 0.50788	CLs  = 0.07428
AsymptoticLimits.cc[337] : (in function: getCLs) - At r = 131.723307:	q_mu = 4.82435	q_A  = 4.90846	Pmu = 0.01403	1-Pb  = 0.50761	CLs  = 0.02764
AsymptoticLimits.cc[337] : (in function: getCLs) - At r = 65.861677:	q_mu = 3.15905	q_A  = 3.23086	Pmu = 0.03775	1-Pb  = 0.50801	CLs  = 0.07432
AsymptoticLimits.cc[337] : (in function: getCLs) - At r = 100.145877:	q_mu = 4.10500	q_A  = 4.18503	Pmu = 0.02138	1-Pb  = 0.50784	CLs  = 0.04210
AsymptoticLimits.cc[337] : (in function: getCLs) - At r = 84.985998:	q_mu = 3.71287	q_A  = 3.78997	Pmu = 0.02700	1-Pb  = 0.50794	CLs  = 0.05315
AsymptoticLimits.cc[337] : (in function: getCLs) - At r = 91.196265:	q_mu = 3.87784	q_A  = 3.95632	Pmu = 0.02446	1-Pb  = 0.50791	CLs  = 0.04817
AsymptoticLimits.cc[337] : (in function: getCLs) - At r = 88.068547:	q_mu = 3.79555	q_A  = 3.87334	Pmu = 0.02569	1-Pb  = 0.50792	CLs  = 0.05059
AsymptoticLimits.cc[337] : (in function: getCLs) - At r = 89.289730:	q_mu = 3.82787	q_A  = 3.90592	Pmu = 0.02520	1-Pb  = 0.50792	CLs  = 0.04962
AsymptoticLimits.cc[337] : (in function: getCLs) - At r = 88.660279:	q_mu = 3.81123	q_A  = 3.88916	Pmu = 0.02545	1-Pb  = 0.50792	CLs  = 0.05012
AsymptoticLimits.cc[337] : (in function: getCLs) - At r = 88.903769:	q_mu = 3.81768	q_A  = 3.89564	Pmu = 0.02536	1-Pb  = 0.50792	CLs  = 0.04992
AsymptoticLimits.cc[337] : (in function: getCLs) - At r = 88.777760:	q_mu = 3.81434	q_A  = 3.89228	Pmu = 0.02541	1-Pb  = 0.50792	CLs  = 0.05002
AsymptoticLimits.cc[337] : (in function: getCLs) - At r = 88.826482:	q_mu = 3.81563	q_A  = 3.89358	Pmu = 0.02539	1-Pb  = 0.50792	CLs  = 0.04998
AsymptoticLimits.cc[337] : (in function: getCLs) - At r = 88.801294:	q_mu = 3.81497	q_A  = 3.89291	Pmu = 0.02540	1-Pb  = 0.50792	CLs  = 0.05000
AsymptoticLimits.cc[337] : (in function: getCLs) - At r = 88.811045:	q_mu = 3.81522	q_A  = 3.89317	Pmu = 0.02539	1-Pb  = 0.50792	CLs  = 0.05000
AsymptoticLimits.cc[337] : (in function: getCLs) - At r = 88.806012:	q_mu = 3.81509	q_A  = 3.89303	Pmu = 0.02540	1-Pb  = 0.50792	CLs  = 0.05000
AsymptoticLimits.cc[337] : (in function: getCLs) - At r = 88.807967:	q_mu = 3.81514	q_A  = 3.89308	Pmu = 0.02540	1-Pb  = 0.50792	CLs  = 0.05000
AsymptoticLimits.cc[337] : (in function: getCLs) - At r = 88.806964:	q_mu = 3.81512	q_A  = 3.89306	Pmu = 0.02540	1-Pb  = 0.50792	CLs  = 0.05000
AsymptoticLimits.cc[337] : (in function: getCLs) - At r = 88.807360:	q_mu = 3.81513	q_A  = 3.89307	Pmu = 0.02540	1-Pb  = 0.50792	CLs  = 0.05000
AsymptoticLimits.cc[337] : (in function: getCLs) - At r = 88.807162:	q_mu = 3.81512	q_A  = 3.89306	Pmu = 0.02540	1-Pb  = 0.50792	CLs  = 0.05000
