 <<< Combine >>> 
 <<< v10.0.1 >>>
>>> Random number generator seed is 123456
>>> Method used is FitDiagnostics
Set Default Value of Parameter mask_pass_SIG To : 1
Set Default Value of Parameter mask_pass_HIGH To : 1
Set Default Value of Parameter r To : 1
>>> 2 out of 6 channels masked

>> Found 22 floating parameters
>> The following parameters are protected in the event of negative eigenvalues:
>> Verifying eigenvalues are all positive (iteration 0)
Eigenvalue 21 : -4.98404e-06
 - 0.820831	Background_rpf_2x0_par3
 - -0.441125	Background_rpf_2x0_par0
 - -0.356731	Background_rpf_2x0_par1
 - -0.0662221	Background_rpf_2x0_par2
 - 0.0011526	Background_fail_LOW_bin_4-1
>> Attempt 0 failed, remove the variable with largest eigenvector component...
>> Dropping Background_rpf_2x0_par3 from the hessian
>> Verifying eigenvalues are all positive (iteration 1)
>> All eigenvalues are positive
>> Inverting Hessian...
>> Matrix inverted
>> Note: the following parameters were dropped to make the covariance matrix pos-def:
     - Background_rpf_2x0_par3
 Fit B-only, status = 0, numBadNLL = 0, covariance quality = -1
Running Minos for POI r
>> Found 23 floating parameters
>> The following parameters are protected in the event of negative eigenvalues: r
>> Verifying eigenvalues are all positive (iteration 0)
Eigenvalue 22 : -0.000336321
 - -0.659215	Background_rpf_2x0_par2
 - 0.46338	r
 - -0.390901	Background_rpf_2x0_par0
 - 0.369408	Background_rpf_2x0_par3
 - 0.230908	Background_rpf_2x0_par1
>> Attempt 0 failed, remove the variable with largest eigenvector component...
>> Dropping Background_rpf_2x0_par2 from the hessian
>> Verifying eigenvalues are all positive (iteration 1)
Eigenvalue 21 : -5.23128e-07
 - -0.810938	Background_rpf_2x0_par3
 - 0.449142	Background_rpf_2x0_par1
 - 0.374472	Background_rpf_2x0_par0
 - -0.0201386	r
 - 0.00238502	Background_fail_HIGH_bin_9-1
>> Attempt 1 failed, remove the variable with largest eigenvector component...
>> Dropping Background_rpf_2x0_par3 from the hessian
>> Verifying eigenvalues are all positive (iteration 2)
>> All eigenvalues are positive
>> Inverting Hessian...
>> Matrix inverted
>> Note: the following parameters were dropped to make the covariance matrix pos-def:
     - Background_rpf_2x0_par2
     - Background_rpf_2x0_par3
Fit S+B, status = 0, numBadNLL = 0, covariance quality = -1

 --- FitDiagnostics ---
Best fit r: 3.03743e-06  -3.03743e-06/+50  (68% CL)
Done in 0.00 min (cpu), 0.00 min (real)
25 log messages saved to combine_logger.out
