CascadeMinimizer.cc[188] : (in function: improveOnce) - Minimization configured with Type=Minuit2, Algo=Migrad, strategy=0, tolerance=0.1
CascadeMinimizer.cc[215] : (in function: improveOnce) - Minimization finished with status=0
CascadeMinimizer.cc[219] : (in function: improveOnce) - Minimization success! status=0
ToyMCSamplerOpt.cc[146] : (in function: generateAsimov) - Using internal logic for binned/unbinned Asimov dataset generation
ToyMCSamplerOpt.cc[214] : (in function: generateWithHisto) - Generating asimov with histogram for pdf pdf_binpass_LOW_obsOnly: in 3 x-bins
ToyMCSamplerOpt.cc[215] : (in function: generateWithHisto) -  , in 1 y-bins
ToyMCSamplerOpt.cc[146] : (in function: generateAsimov) - Using internal logic for binned/unbinned Asimov dataset generation
ToyMCSamplerOpt.cc[214] : (in function: generateWithHisto) - Generating asimov with histogram for pdf pdf_binpass_SIG_obsOnly: in 1 x-bins
ToyMCSamplerOpt.cc[215] : (in function: generateWithHisto) -  , in 1 y-bins
ToyMCSamplerOpt.cc[146] : (in function: generateAsimov) - Using internal logic for binned/unbinned Asimov dataset generation
ToyMCSamplerOpt.cc[214] : (in function: generateWithHisto) - Generating asimov with histogram for pdf pdf_binpass_HIGH_obsOnly: in 3 x-bins
ToyMCSamplerOpt.cc[215] : (in function: generateWithHisto) -  , in 1 y-bins
ToyMCSamplerOpt.cc[146] : (in function: generateAsimov) - Using internal logic for binned/unbinned Asimov dataset generation
ToyMCSamplerOpt.cc[214] : (in function: generateWithHisto) - Generating asimov with histogram for pdf pdf_binfail_LOW_obsOnly: in 3 x-bins
ToyMCSamplerOpt.cc[215] : (in function: generateWithHisto) -  , in 1 y-bins
ToyMCSamplerOpt.cc[146] : (in function: generateAsimov) - Using internal logic for binned/unbinned Asimov dataset generation
ToyMCSamplerOpt.cc[214] : (in function: generateWithHisto) - Generating asimov with histogram for pdf pdf_binfail_SIG_obsOnly: in 1 x-bins
ToyMCSamplerOpt.cc[215] : (in function: generateWithHisto) -  , in 1 y-bins
ToyMCSamplerOpt.cc[146] : (in function: generateAsimov) - Using internal logic for binned/unbinned Asimov dataset generation
ToyMCSamplerOpt.cc[214] : (in function: generateWithHisto) - Generating asimov with histogram for pdf pdf_binfail_HIGH_obsOnly: in 3 x-bins
ToyMCSamplerOpt.cc[215] : (in function: generateWithHisto) -  , in 1 y-bins
AsymptoticLimits.cc[428] : (in function: runLimitExpected) - Median for expected limits = 1.01562, Sigma for expected limits = 0.518186
AsymptoticLimits.cc[191] : (in function: runLimit) - NLL at global minimum of data = -696.062 (r=8.72631e-07)
AsymptoticLimits.cc[211] : (in function: runLimit) - NLL at global minimum of asimov = -695.8 (r=4.58929e-07)
AsymptoticLimits.cc[337] : (in function: getCLs) - At r = 1.200001:	q_mu = 4.88652	q_A  = 4.81607	Pmu = 0.01353	1-Pb  = 0.49360	CLs  = 0.02741
AsymptoticLimits.cc[337] : (in function: getCLs) - At r = 0.600001:	q_mu = 2.73661	q_A  = 1.74708	Pmu = 0.04493	1-Pb  = 0.35408	CLs  = 0.12690
AsymptoticLimits.cc[337] : (in function: getCLs) - At r = 0.891755:	q_mu = 3.62183	q_A  = 3.19690	Pmu = 0.02827	1-Pb  = 0.45271	CLs  = 0.06245
AsymptoticLimits.cc[337] : (in function: getCLs) - At r = 1.020005:	q_mu = 4.11969	q_A  = 3.86863	Pmu = 0.02114	1-Pb  = 0.47456	CLs  = 0.04455
AsymptoticLimits.cc[337] : (in function: getCLs) - At r = 0.959308:	q_mu = 3.87764	q_A  = 3.54981	Pmu = 0.02436	1-Pb  = 0.46534	CLs  = 0.05234
AsymptoticLimits.cc[337] : (in function: getCLs) - At r = 0.985241:	q_mu = 3.97960	q_A  = 3.68584	Pmu = 0.02295	1-Pb  = 0.46951	CLs  = 0.04888
AsymptoticLimits.cc[337] : (in function: getCLs) - At r = 0.973167:	q_mu = 3.93188	q_A  = 3.62245	Pmu = 0.02360	1-Pb  = 0.46761	CLs  = 0.05046
AsymptoticLimits.cc[337] : (in function: getCLs) - At r = 0.978365:	q_mu = 3.95235	q_A  = 3.64973	Pmu = 0.02332	1-Pb  = 0.46844	CLs  = 0.04977
AsymptoticLimits.cc[337] : (in function: getCLs) - At r = 0.975954:	q_mu = 3.94283	q_A  = 3.63707	Pmu = 0.02345	1-Pb  = 0.46805	CLs  = 0.05009
AsymptoticLimits.cc[337] : (in function: getCLs) - At r = 0.976996:	q_mu = 3.94694	q_A  = 3.64254	Pmu = 0.02339	1-Pb  = 0.46822	CLs  = 0.04995
AsymptoticLimits.cc[337] : (in function: getCLs) - At r = 0.976514:	q_mu = 3.94504	q_A  = 3.64001	Pmu = 0.02342	1-Pb  = 0.46814	CLs  = 0.05002
AsymptoticLimits.cc[337] : (in function: getCLs) - At r = 0.976723:	q_mu = 3.94586	q_A  = 3.64128	Pmu = 0.02340	1-Pb  = 0.46820	CLs  = 0.04999
AsymptoticLimits.cc[337] : (in function: getCLs) - At r = 0.976619:	q_mu = 3.94545	q_A  = 3.64070	Pmu = 0.02341	1-Pb  = 0.46818	CLs  = 0.05000
AsymptoticLimits.cc[337] : (in function: getCLs) - At r = 0.976659:	q_mu = 3.94560	q_A  = 3.64123	Pmu = 0.02341	1-Pb  = 0.46822	CLs  = 0.04999
AsymptoticLimits.cc[337] : (in function: getCLs) - At r = 0.976639:	q_mu = 3.94559	q_A  = 3.64106	Pmu = 0.02341	1-Pb  = 0.46820	CLs  = 0.05000
AsymptoticLimits.cc[337] : (in function: getCLs) - At r = 0.976631:	q_mu = 3.94550	q_A  = 3.64097	Pmu = 0.02341	1-Pb  = 0.46820	CLs  = 0.05000
AsymptoticLimits.cc[337] : (in function: getCLs) - At r = 0.976627:	q_mu = 3.94548	q_A  = 3.64092	Pmu = 0.02341	1-Pb  = 0.46820	CLs  = 0.05000
AsymptoticLimits.cc[337] : (in function: getCLs) - At r = 0.976629:	q_mu = 3.94549	q_A  = 3.64090	Pmu = 0.02341	1-Pb  = 0.46819	CLs  = 0.05000
