CascadeMinimizer.cc[188] : (in function: improveOnce) - Minimization configured with Type=Minuit2, Algo=Migrad, strategy=0, tolerance=0.1
CascadeMinimizer.cc[215] : (in function: improveOnce) - Minimization finished with status=0
CascadeMinimizer.cc[219] : (in function: improveOnce) - Minimization success! status=0
ToyMCSamplerOpt.cc[146] : (in function: generateAsimov) - Using internal logic for binned/unbinned Asimov dataset generation
ToyMCSamplerOpt.cc[214] : (in function: generateWithHisto) - Generating asimov with histogram for pdf pdf_binpass_LOW_obsOnly: in 4 x-bins
ToyMCSamplerOpt.cc[215] : (in function: generateWithHisto) -  , in 1 y-bins
ToyMCSamplerOpt.cc[146] : (in function: generateAsimov) - Using internal logic for binned/unbinned Asimov dataset generation
ToyMCSamplerOpt.cc[214] : (in function: generateWithHisto) - Generating asimov with histogram for pdf pdf_binpass_SIG_obsOnly: in 3 x-bins
ToyMCSamplerOpt.cc[215] : (in function: generateWithHisto) -  , in 1 y-bins
ToyMCSamplerOpt.cc[146] : (in function: generateAsimov) - Using internal logic for binned/unbinned Asimov dataset generation
ToyMCSamplerOpt.cc[214] : (in function: generateWithHisto) - Generating asimov with histogram for pdf pdf_binpass_HIGH_obsOnly: in 7 x-bins
ToyMCSamplerOpt.cc[215] : (in function: generateWithHisto) -  , in 1 y-bins
ToyMCSamplerOpt.cc[146] : (in function: generateAsimov) - Using internal logic for binned/unbinned Asimov dataset generation
ToyMCSamplerOpt.cc[214] : (in function: generateWithHisto) - Generating asimov with histogram for pdf pdf_binfail_LOW_obsOnly: in 4 x-bins
ToyMCSamplerOpt.cc[215] : (in function: generateWithHisto) -  , in 1 y-bins
ToyMCSamplerOpt.cc[146] : (in function: generateAsimov) - Using internal logic for binned/unbinned Asimov dataset generation
ToyMCSamplerOpt.cc[214] : (in function: generateWithHisto) - Generating asimov with histogram for pdf pdf_binfail_SIG_obsOnly: in 3 x-bins
ToyMCSamplerOpt.cc[215] : (in function: generateWithHisto) -  , in 1 y-bins
ToyMCSamplerOpt.cc[146] : (in function: generateAsimov) - Using internal logic for binned/unbinned Asimov dataset generation
ToyMCSamplerOpt.cc[214] : (in function: generateWithHisto) - Generating asimov with histogram for pdf pdf_binfail_HIGH_obsOnly: in 7 x-bins
ToyMCSamplerOpt.cc[215] : (in function: generateWithHisto) -  , in 1 y-bins
AsymptoticLimits.cc[428] : (in function: runLimitExpected) - Median for expected limits = 4.40625, Sigma for expected limits = 2.24813
AsymptoticLimits.cc[191] : (in function: runLimit) - NLL at global minimum of data = -11131.3 (r=1.58932e-08)
AsymptoticLimits.cc[211] : (in function: runLimit) - NLL at global minimum of asimov = -11130.8 (r=1.0867e-06)
AsymptoticLimits.cc[337] : (in function: getCLs) - At r = 1.534931:	q_mu = 2.29197	q_A  = 1.46295	Pmu = 0.06030	1-Pb  = 0.36591	CLs  = 0.16480
AsymptoticLimits.cc[337] : (in function: getCLs) - At r = 3.069863:	q_mu = 3.88911	q_A  = 2.83672	Pmu = 0.02293	1-Pb  = 0.37736	CLs  = 0.06076
AsymptoticLimits.cc[337] : (in function: getCLs) - At r = 6.139726:	q_mu = 6.25127	q_A  = 4.97749	Pmu = 0.00593	1-Pb  = 0.38764	CLs  = 0.01529
AsymptoticLimits.cc[337] : (in function: getCLs) - At r = 3.069863:	q_mu = 3.88897	q_A  = 2.83678	Pmu = 0.02293	1-Pb  = 0.37738	CLs  = 0.06077
AsymptoticLimits.cc[337] : (in function: getCLs) - At r = 4.030921:	q_mu = 4.71667	q_A  = 3.57683	Pmu = 0.01417	1-Pb  = 0.38158	CLs  = 0.03713
AsymptoticLimits.cc[337] : (in function: getCLs) - At r = 3.566471:	q_mu = 4.32938	q_A  = 3.22885	Pmu = 0.01773	1-Pb  = 0.37971	CLs  = 0.04669
AsymptoticLimits.cc[337] : (in function: getCLs) - At r = 3.363783:	q_mu = 4.15321	q_A  = 3.07143	Pmu = 0.01964	1-Pb  = 0.37880	CLs  = 0.05186
AsymptoticLimits.cc[337] : (in function: getCLs) - At r = 3.460578:	q_mu = 4.23788	q_A  = 3.14702	Pmu = 0.01870	1-Pb  = 0.37925	CLs  = 0.04930
AsymptoticLimits.cc[337] : (in function: getCLs) - At r = 3.419602:	q_mu = 4.20212	q_A  = 3.11514	Pmu = 0.01909	1-Pb  = 0.37907	CLs  = 0.05036
AsymptoticLimits.cc[337] : (in function: getCLs) - At r = 3.438879:	q_mu = 4.21904	q_A  = 3.13014	Pmu = 0.01890	1-Pb  = 0.37914	CLs  = 0.04986
AsymptoticLimits.cc[337] : (in function: getCLs) - At r = 3.430635:	q_mu = 4.21177	q_A  = 3.12371	Pmu = 0.01898	1-Pb  = 0.37911	CLs  = 0.05007
AsymptoticLimits.cc[337] : (in function: getCLs) - At r = 3.434505:	q_mu = 4.21514	q_A  = 3.12673	Pmu = 0.01895	1-Pb  = 0.37913	CLs  = 0.04997
AsymptoticLimits.cc[337] : (in function: getCLs) - At r = 3.432879:	q_mu = 4.21371	q_A  = 3.12549	Pmu = 0.01896	1-Pb  = 0.37913	CLs  = 0.05001
AsymptoticLimits.cc[337] : (in function: getCLs) - At r = 3.433651:	q_mu = 4.21439	q_A  = 3.12606	Pmu = 0.01895	1-Pb  = 0.37913	CLs  = 0.04999
AsymptoticLimits.cc[337] : (in function: getCLs) - At r = 3.433331:	q_mu = 4.21419	q_A  = 3.12581	Pmu = 0.01896	1-Pb  = 0.37912	CLs  = 0.05000
AsymptoticLimits.cc[337] : (in function: getCLs) - At r = 3.433446:	q_mu = 4.21423	q_A  = 3.12590	Pmu = 0.01896	1-Pb  = 0.37912	CLs  = 0.05000
AsymptoticLimits.cc[337] : (in function: getCLs) - At r = 3.433405:	q_mu = 4.21418	q_A  = 3.12589	Pmu = 0.01896	1-Pb  = 0.37913	CLs  = 0.05000
AsymptoticLimits.cc[337] : (in function: getCLs) - At r = 3.433428:	q_mu = 4.21419	q_A  = 3.12589	Pmu = 0.01896	1-Pb  = 0.37913	CLs  = 0.05000
AsymptoticLimits.cc[337] : (in function: getCLs) - At r = 3.433436:	q_mu = 4.21420	q_A  = 3.12589	Pmu = 0.01896	1-Pb  = 0.37913	CLs  = 0.05000
