CascadeMinimizer.cc[188] : (in function: improveOnce) - Minimization configured with Type=Minuit2, Algo=Migrad, strategy=0, tolerance=0.1
CascadeMinimizer.cc[215] : (in function: improveOnce) - Minimization finished with status=0
CascadeMinimizer.cc[219] : (in function: improveOnce) - Minimization success! status=0
ToyMCSamplerOpt.cc[146] : (in function: generateAsimov) - Using internal logic for binned/unbinned Asimov dataset generation
ToyMCSamplerOpt.cc[214] : (in function: generateWithHisto) - Generating asimov with histogram for pdf pdf_binpass_LOW_obsOnly: in 3 x-bins
ToyMCSamplerOpt.cc[215] : (in function: generateWithHisto) -  , in 1 y-bins
ToyMCSamplerOpt.cc[146] : (in function: generateAsimov) - Using internal logic for binned/unbinned Asimov dataset generation
ToyMCSamplerOpt.cc[214] : (in function: generateWithHisto) - Generating asimov with histogram for pdf pdf_binpass_SIG_obsOnly: in 1 x-bins
ToyMCSamplerOpt.cc[215] : (in function: generateWithHisto) -  , in 1 y-bins
ToyMCSamplerOpt.cc[146] : (in function: generateAsimov) - Using internal logic for binned/unbinned Asimov dataset generation
ToyMCSamplerOpt.cc[214] : (in function: generateWithHisto) - Generating asimov with histogram for pdf pdf_binpass_HIGH_obsOnly: in 3 x-bins
ToyMCSamplerOpt.cc[215] : (in function: generateWithHisto) -  , in 1 y-bins
ToyMCSamplerOpt.cc[146] : (in function: generateAsimov) - Using internal logic for binned/unbinned Asimov dataset generation
ToyMCSamplerOpt.cc[214] : (in function: generateWithHisto) - Generating asimov with histogram for pdf pdf_binfail_LOW_obsOnly: in 3 x-bins
ToyMCSamplerOpt.cc[215] : (in function: generateWithHisto) -  , in 1 y-bins
ToyMCSamplerOpt.cc[146] : (in function: generateAsimov) - Using internal logic for binned/unbinned Asimov dataset generation
ToyMCSamplerOpt.cc[214] : (in function: generateWithHisto) - Generating asimov with histogram for pdf pdf_binfail_SIG_obsOnly: in 1 x-bins
ToyMCSamplerOpt.cc[215] : (in function: generateWithHisto) -  , in 1 y-bins
ToyMCSamplerOpt.cc[146] : (in function: generateAsimov) - Using internal logic for binned/unbinned Asimov dataset generation
ToyMCSamplerOpt.cc[214] : (in function: generateWithHisto) - Generating asimov with histogram for pdf pdf_binfail_HIGH_obsOnly: in 3 x-bins
ToyMCSamplerOpt.cc[215] : (in function: generateWithHisto) -  , in 1 y-bins
AsymptoticLimits.cc[428] : (in function: runLimitExpected) - Median for expected limits = 0.394531, Sigma for expected limits = 0.201295
AsymptoticLimits.cc[191] : (in function: runLimit) - NLL at global minimum of data = -689.14 (r=1.83791e-10)
AsymptoticLimits.cc[211] : (in function: runLimit) - NLL at global minimum of asimov = -689.306 (r=1.00388e-05)
AsymptoticLimits.cc[337] : (in function: getCLs) - At r = 1.200000:	q_mu = 9.84831	q_A  = 9.58959	Pmu = 0.00085	1-Pb  = 0.48334	CLs  = 0.00176
AsymptoticLimits.cc[337] : (in function: getCLs) - At r = 0.600000:	q_mu = 5.62967	q_A  = 5.48992	Pmu = 0.00883	1-Pb  = 0.48810	CLs  = 0.01808
AsymptoticLimits.cc[337] : (in function: getCLs) - At r = 0.300000:	q_mu = 3.07572	q_A  = 3.00724	Pmu = 0.03973	1-Pb  = 0.49212	CLs  = 0.08072
AsymptoticLimits.cc[337] : (in function: getCLs) - At r = 0.436833:	q_mu = 4.29076	q_A  = 4.18889	Pmu = 0.01915	1-Pb  = 0.49007	CLs  = 0.03908
AsymptoticLimits.cc[337] : (in function: getCLs) - At r = 0.372287:	q_mu = 3.72942	q_A  = 3.64309	Pmu = 0.02672	1-Pb  = 0.49098	CLs  = 0.05443
AsymptoticLimits.cc[337] : (in function: getCLs) - At r = 0.398424:	q_mu = 3.95913	q_A  = 3.86646	Pmu = 0.02330	1-Pb  = 0.49060	CLs  = 0.04750
AsymptoticLimits.cc[337] : (in function: getCLs) - At r = 0.385309:	q_mu = 3.84428	q_A  = 3.75477	Pmu = 0.02495	1-Pb  = 0.49079	CLs  = 0.05084
AsymptoticLimits.cc[337] : (in function: getCLs) - At r = 0.390494:	q_mu = 3.88978	q_A  = 3.79900	Pmu = 0.02428	1-Pb  = 0.49071	CLs  = 0.04948
AsymptoticLimits.cc[337] : (in function: getCLs) - At r = 0.387863:	q_mu = 3.86670	q_A  = 3.77657	Pmu = 0.02462	1-Pb  = 0.49075	CLs  = 0.05017
AsymptoticLimits.cc[337] : (in function: getCLs) - At r = 0.388898:	q_mu = 3.87579	q_A  = 3.78540	Pmu = 0.02449	1-Pb  = 0.49073	CLs  = 0.04990
AsymptoticLimits.cc[337] : (in function: getCLs) - At r = 0.388371:	q_mu = 3.87117	q_A  = 3.78090	Pmu = 0.02455	1-Pb  = 0.49074	CLs  = 0.05003
AsymptoticLimits.cc[337] : (in function: getCLs) - At r = 0.388578:	q_mu = 3.87298	q_A  = 3.78267	Pmu = 0.02453	1-Pb  = 0.49074	CLs  = 0.04998
AsymptoticLimits.cc[337] : (in function: getCLs) - At r = 0.388473:	q_mu = 3.87206	q_A  = 3.78177	Pmu = 0.02454	1-Pb  = 0.49074	CLs  = 0.05001
AsymptoticLimits.cc[337] : (in function: getCLs) - At r = 0.388515:	q_mu = 3.87242	q_A  = 3.78212	Pmu = 0.02453	1-Pb  = 0.49074	CLs  = 0.05000
AsymptoticLimits.cc[337] : (in function: getCLs) - At r = 0.388494:	q_mu = 3.87224	q_A  = 3.78194	Pmu = 0.02454	1-Pb  = 0.49074	CLs  = 0.05000
AsymptoticLimits.cc[337] : (in function: getCLs) - At r = 0.388502:	q_mu = 3.87231	q_A  = 3.78201	Pmu = 0.02454	1-Pb  = 0.49074	CLs  = 0.05000
AsymptoticLimits.cc[337] : (in function: getCLs) - At r = 0.388498:	q_mu = 3.87228	q_A  = 3.78198	Pmu = 0.02454	1-Pb  = 0.49074	CLs  = 0.05000
