CascadeMinimizer.cc[188] : (in function: improveOnce) - Minimization configured with Type=Minuit2, Algo=Migrad, strategy=0, tolerance=0.1
CascadeMinimizer.cc[215] : (in function: improveOnce) - Minimization finished with status=0
CascadeMinimizer.cc[219] : (in function: improveOnce) - Minimization success! status=0
ToyMCSamplerOpt.cc[146] : (in function: generateAsimov) - Using internal logic for binned/unbinned Asimov dataset generation
ToyMCSamplerOpt.cc[214] : (in function: generateWithHisto) - Generating asimov with histogram for pdf pdf_binpass_LOW_obsOnly: in 3 x-bins
ToyMCSamplerOpt.cc[215] : (in function: generateWithHisto) -  , in 1 y-bins
ToyMCSamplerOpt.cc[146] : (in function: generateAsimov) - Using internal logic for binned/unbinned Asimov dataset generation
ToyMCSamplerOpt.cc[214] : (in function: generateWithHisto) - Generating asimov with histogram for pdf pdf_binpass_SIG_obsOnly: in 1 x-bins
ToyMCSamplerOpt.cc[215] : (in function: generateWithHisto) -  , in 1 y-bins
ToyMCSamplerOpt.cc[146] : (in function: generateAsimov) - Using internal logic for binned/unbinned Asimov dataset generation
ToyMCSamplerOpt.cc[214] : (in function: generateWithHisto) - Generating asimov with histogram for pdf pdf_binpass_HIGH_obsOnly: in 3 x-bins
ToyMCSamplerOpt.cc[215] : (in function: generateWithHisto) -  , in 1 y-bins
ToyMCSamplerOpt.cc[146] : (in function: generateAsimov) - Using internal logic for binned/unbinned Asimov dataset generation
ToyMCSamplerOpt.cc[214] : (in function: generateWithHisto) - Generating asimov with histogram for pdf pdf_binfail_LOW_obsOnly: in 3 x-bins
ToyMCSamplerOpt.cc[215] : (in function: generateWithHisto) -  , in 1 y-bins
ToyMCSamplerOpt.cc[146] : (in function: generateAsimov) - Using internal logic for binned/unbinned Asimov dataset generation
ToyMCSamplerOpt.cc[214] : (in function: generateWithHisto) - Generating asimov with histogram for pdf pdf_binfail_SIG_obsOnly: in 1 x-bins
ToyMCSamplerOpt.cc[215] : (in function: generateWithHisto) -  , in 1 y-bins
ToyMCSamplerOpt.cc[146] : (in function: generateAsimov) - Using internal logic for binned/unbinned Asimov dataset generation
ToyMCSamplerOpt.cc[214] : (in function: generateWithHisto) - Generating asimov with histogram for pdf pdf_binfail_HIGH_obsOnly: in 3 x-bins
ToyMCSamplerOpt.cc[215] : (in function: generateWithHisto) -  , in 1 y-bins
AsymptoticLimits.cc[428] : (in function: runLimitExpected) - Median for expected limits = 1.40625, Sigma for expected limits = 0.717488
AsymptoticLimits.cc[191] : (in function: runLimit) - NLL at global minimum of data = -8391.11 (r=4.70034e-08)
AsymptoticLimits.cc[211] : (in function: runLimit) - NLL at global minimum of asimov = -8390.3 (r=5.75726e-06)
AsymptoticLimits.cc[337] : (in function: getCLs) - At r = 1.200000:	q_mu = 4.80917	q_A  = 3.29118	Pmu = 0.01279	1-Pb  = 0.33784	CLs  = 0.03786
AsymptoticLimits.cc[337] : (in function: getCLs) - At r = 0.600000:	q_mu = 2.74370	q_A  = 1.56355	Pmu = 0.04251	1-Pb  = 0.31850	CLs  = 0.13346
AsymptoticLimits.cc[337] : (in function: getCLs) - At r = 0.974022:	q_mu = 4.08336	q_A  = 2.66570	Pmu = 0.01937	1-Pb  = 0.33209	CLs  = 0.05834
AsymptoticLimits.cc[337] : (in function: getCLs) - At r = 1.083712:	q_mu = 4.44240	q_A  = 2.97318	Pmu = 0.01576	1-Pb  = 0.33504	CLs  = 0.04705
AsymptoticLimits.cc[337] : (in function: getCLs) - At r = 1.036982:	q_mu = 4.29112	q_A  = 2.84308	Pmu = 0.01719	1-Pb  = 0.33382	CLs  = 0.05150
AsymptoticLimits.cc[337] : (in function: getCLs) - At r = 1.058571:	q_mu = 4.36127	q_A  = 2.90333	Pmu = 0.01651	1-Pb  = 0.33439	CLs  = 0.04939
AsymptoticLimits.cc[337] : (in function: getCLs) - At r = 1.049166:	q_mu = 4.33073	q_A  = 2.87717	Pmu = 0.01681	1-Pb  = 0.33415	CLs  = 0.05029
AsymptoticLimits.cc[337] : (in function: getCLs) - At r = 1.053471:	q_mu = 4.34478	q_A  = 2.88913	Pmu = 0.01667	1-Pb  = 0.33425	CLs  = 0.04988
AsymptoticLimits.cc[337] : (in function: getCLs) - At r = 1.051582:	q_mu = 4.33859	q_A  = 2.88385	Pmu = 0.01673	1-Pb  = 0.33421	CLs  = 0.05006
AsymptoticLimits.cc[337] : (in function: getCLs) - At r = 1.052447:	q_mu = 4.34139	q_A  = 2.88626	Pmu = 0.01670	1-Pb  = 0.33423	CLs  = 0.04998
AsymptoticLimits.cc[337] : (in function: getCLs) - At r = 1.052074:	q_mu = 4.34018	q_A  = 2.88529	Pmu = 0.01672	1-Pb  = 0.33423	CLs  = 0.05001
AsymptoticLimits.cc[337] : (in function: getCLs) - At r = 1.052244:	q_mu = 4.34079	q_A  = 2.88571	Pmu = 0.01671	1-Pb  = 0.33422	CLs  = 0.04999
AsymptoticLimits.cc[337] : (in function: getCLs) - At r = 1.052164:	q_mu = 4.34048	q_A  = 2.88548	Pmu = 0.01671	1-Pb  = 0.33422	CLs  = 0.05000
AsymptoticLimits.cc[337] : (in function: getCLs) - At r = 1.052202:	q_mu = 4.34059	q_A  = 2.88558	Pmu = 0.01671	1-Pb  = 0.33423	CLs  = 0.05000
AsymptoticLimits.cc[337] : (in function: getCLs) - At r = 1.052191:	q_mu = 4.34056	q_A  = 2.88554	Pmu = 0.01671	1-Pb  = 0.33423	CLs  = 0.05000
AsymptoticLimits.cc[337] : (in function: getCLs) - At r = 1.052197:	q_mu = 4.34065	q_A  = 2.88560	Pmu = 0.01671	1-Pb  = 0.33422	CLs  = 0.05000
AsymptoticLimits.cc[337] : (in function: getCLs) - At r = 1.052194:	q_mu = 4.34058	q_A  = 2.88556	Pmu = 0.01671	1-Pb  = 0.33422	CLs  = 0.05000
