CascadeMinimizer.cc[188] : (in function: improveOnce) - Minimization configured with Type=Minuit2, Algo=Migrad, strategy=0, tolerance=0.1
CascadeMinimizer.cc[215] : (in function: improveOnce) - Minimization finished with status=0
CascadeMinimizer.cc[219] : (in function: improveOnce) - Minimization success! status=0
ToyMCSamplerOpt.cc[146] : (in function: generateAsimov) - Using internal logic for binned/unbinned Asimov dataset generation
ToyMCSamplerOpt.cc[214] : (in function: generateWithHisto) - Generating asimov with histogram for pdf pdf_binpass_LOW_obsOnly: in 3 x-bins
ToyMCSamplerOpt.cc[215] : (in function: generateWithHisto) -  , in 1 y-bins
ToyMCSamplerOpt.cc[146] : (in function: generateAsimov) - Using internal logic for binned/unbinned Asimov dataset generation
ToyMCSamplerOpt.cc[214] : (in function: generateWithHisto) - Generating asimov with histogram for pdf pdf_binpass_SIG_obsOnly: in 1 x-bins
ToyMCSamplerOpt.cc[215] : (in function: generateWithHisto) -  , in 1 y-bins
ToyMCSamplerOpt.cc[146] : (in function: generateAsimov) - Using internal logic for binned/unbinned Asimov dataset generation
ToyMCSamplerOpt.cc[214] : (in function: generateWithHisto) - Generating asimov with histogram for pdf pdf_binpass_HIGH_obsOnly: in 4 x-bins
ToyMCSamplerOpt.cc[215] : (in function: generateWithHisto) -  , in 1 y-bins
ToyMCSamplerOpt.cc[146] : (in function: generateAsimov) - Using internal logic for binned/unbinned Asimov dataset generation
ToyMCSamplerOpt.cc[214] : (in function: generateWithHisto) - Generating asimov with histogram for pdf pdf_binfail_LOW_obsOnly: in 3 x-bins
ToyMCSamplerOpt.cc[215] : (in function: generateWithHisto) -  , in 1 y-bins
ToyMCSamplerOpt.cc[146] : (in function: generateAsimov) - Using internal logic for binned/unbinned Asimov dataset generation
ToyMCSamplerOpt.cc[214] : (in function: generateWithHisto) - Generating asimov with histogram for pdf pdf_binfail_SIG_obsOnly: in 1 x-bins
ToyMCSamplerOpt.cc[215] : (in function: generateWithHisto) -  , in 1 y-bins
ToyMCSamplerOpt.cc[146] : (in function: generateAsimov) - Using internal logic for binned/unbinned Asimov dataset generation
ToyMCSamplerOpt.cc[214] : (in function: generateWithHisto) - Generating asimov with histogram for pdf pdf_binfail_HIGH_obsOnly: in 4 x-bins
ToyMCSamplerOpt.cc[215] : (in function: generateWithHisto) -  , in 1 y-bins
AsymptoticLimits.cc[428] : (in function: runLimitExpected) - Median for expected limits = 0.460938, Sigma for expected limits = 0.235177
AsymptoticLimits.cc[191] : (in function: runLimit) - NLL at global minimum of data = -3623.83 (r=0.237514)
AsymptoticLimits.cc[211] : (in function: runLimit) - NLL at global minimum of asimov = -3623.15 (r=0.00192282)
AsymptoticLimits.cc[337] : (in function: getCLs) - At r = 1.437514:	q_mu = 12.67243	q_A  = 19.15504	Pmu = 0.00019	1-Pb  = 0.79298	CLs  = 0.00023
AsymptoticLimits.cc[337] : (in function: getCLs) - At r = 0.837514:	q_mu = 4.60512	q_A  = 9.36941	Pmu = 0.01594	1-Pb  = 0.81990	CLs  = 0.01944
AsymptoticLimits.cc[337] : (in function: getCLs) - At r = 0.537514:	q_mu = 1.50424	q_A  = 4.89172	Pmu = 0.11001	1-Pb  = 0.83775	CLs  = 0.13132
AsymptoticLimits.cc[337] : (in function: getCLs) - At r = 0.658824:	q_mu = 2.62704	q_A  = 6.63842	Pmu = 0.05253	1-Pb  = 0.83039	CLs  = 0.06326
AsymptoticLimits.cc[337] : (in function: getCLs) - At r = 0.723057:	q_mu = 3.30055	q_A  = 7.60355	Pmu = 0.03463	1-Pb  = 0.82657	CLs  = 0.04189
AsymptoticLimits.cc[337] : (in function: getCLs) - At r = 0.688153:	q_mu = 2.92814	q_A  = 7.07572	Pmu = 0.04352	1-Pb  = 0.82865	CLs  = 0.05252
AsymptoticLimits.cc[337] : (in function: getCLs) - At r = 0.701214:	q_mu = 3.02988	q_A  = 7.27233	Pmu = 0.04087	1-Pb  = 0.83048	CLs  = 0.04921
AsymptoticLimits.cc[337] : (in function: getCLs) - At r = 0.696060:	q_mu = 2.97415	q_A  = 7.19457	Pmu = 0.04230	1-Pb  = 0.83089	CLs  = 0.05091
AsymptoticLimits.cc[337] : (in function: getCLs) - At r = 0.698259:	q_mu = 2.99748	q_A  = 7.22768	Pmu = 0.04170	1-Pb  = 0.83074	CLs  = 0.05019
AsymptoticLimits.cc[337] : (in function: getCLs) - At r = 0.699312:	q_mu = 3.00866	q_A  = 7.24354	Pmu = 0.04141	1-Pb  = 0.83067	CLs  = 0.04985
AsymptoticLimits.cc[337] : (in function: getCLs) - At r = 0.698733:	q_mu = 3.00249	q_A  = 7.23459	Pmu = 0.04157	1-Pb  = 0.83070	CLs  = 0.05004
AsymptoticLimits.cc[337] : (in function: getCLs) - At r = 0.698947:	q_mu = 3.00475	q_A  = 7.23778	Pmu = 0.04151	1-Pb  = 0.83069	CLs  = 0.04997
AsymptoticLimits.cc[337] : (in function: getCLs) - At r = 0.698832:	q_mu = 3.00353	q_A  = 7.23602	Pmu = 0.04154	1-Pb  = 0.83070	CLs  = 0.05001
AsymptoticLimits.cc[337] : (in function: getCLs) - At r = 0.698876:	q_mu = 3.00399	q_A  = 7.23666	Pmu = 0.04153	1-Pb  = 0.83069	CLs  = 0.04999
AsymptoticLimits.cc[337] : (in function: getCLs) - At r = 0.698853:	q_mu = 3.00374	q_A  = 7.23631	Pmu = 0.04154	1-Pb  = 0.83069	CLs  = 0.05000
AsymptoticLimits.cc[337] : (in function: getCLs) - At r = 0.698862:	q_mu = 3.00384	q_A  = 7.23644	Pmu = 0.04153	1-Pb  = 0.83069	CLs  = 0.05000
AsymptoticLimits.cc[337] : (in function: getCLs) - At r = 0.698857:	q_mu = 3.00379	q_A  = 7.23637	Pmu = 0.04154	1-Pb  = 0.83069	CLs  = 0.05000
