CascadeMinimizer.cc[188] : (in function: improveOnce) - Minimization configured with Type=Minuit2, Algo=Migrad, strategy=0, tolerance=0.1
CascadeMinimizer.cc[215] : (in function: improveOnce) - Minimization finished with status=0
CascadeMinimizer.cc[219] : (in function: improveOnce) - Minimization success! status=0
ToyMCSamplerOpt.cc[146] : (in function: generateAsimov) - Using internal logic for binned/unbinned Asimov dataset generation
ToyMCSamplerOpt.cc[214] : (in function: generateWithHisto) - Generating asimov with histogram for pdf pdf_binpass_LOW_obsOnly: in 3 x-bins
ToyMCSamplerOpt.cc[215] : (in function: generateWithHisto) -  , in 1 y-bins
ToyMCSamplerOpt.cc[146] : (in function: generateAsimov) - Using internal logic for binned/unbinned Asimov dataset generation
ToyMCSamplerOpt.cc[214] : (in function: generateWithHisto) - Generating asimov with histogram for pdf pdf_binpass_SIG_obsOnly: in 1 x-bins
ToyMCSamplerOpt.cc[215] : (in function: generateWithHisto) -  , in 1 y-bins
ToyMCSamplerOpt.cc[146] : (in function: generateAsimov) - Using internal logic for binned/unbinned Asimov dataset generation
ToyMCSamplerOpt.cc[214] : (in function: generateWithHisto) - Generating asimov with histogram for pdf pdf_binpass_HIGH_obsOnly: in 5 x-bins
ToyMCSamplerOpt.cc[215] : (in function: generateWithHisto) -  , in 1 y-bins
ToyMCSamplerOpt.cc[146] : (in function: generateAsimov) - Using internal logic for binned/unbinned Asimov dataset generation
ToyMCSamplerOpt.cc[214] : (in function: generateWithHisto) - Generating asimov with histogram for pdf pdf_binfail_LOW_obsOnly: in 3 x-bins
ToyMCSamplerOpt.cc[215] : (in function: generateWithHisto) -  , in 1 y-bins
ToyMCSamplerOpt.cc[146] : (in function: generateAsimov) - Using internal logic for binned/unbinned Asimov dataset generation
ToyMCSamplerOpt.cc[214] : (in function: generateWithHisto) - Generating asimov with histogram for pdf pdf_binfail_SIG_obsOnly: in 1 x-bins
ToyMCSamplerOpt.cc[215] : (in function: generateWithHisto) -  , in 1 y-bins
ToyMCSamplerOpt.cc[146] : (in function: generateAsimov) - Using internal logic for binned/unbinned Asimov dataset generation
ToyMCSamplerOpt.cc[214] : (in function: generateWithHisto) - Generating asimov with histogram for pdf pdf_binfail_HIGH_obsOnly: in 5 x-bins
ToyMCSamplerOpt.cc[215] : (in function: generateWithHisto) -  , in 1 y-bins
AsymptoticLimits.cc[428] : (in function: runLimitExpected) - Median for expected limits = 169.931, Sigma for expected limits = 86.7012
AsymptoticLimits.cc[191] : (in function: runLimit) - NLL at global minimum of data = -685.804 (r=173.8)
AsymptoticLimits.cc[211] : (in function: runLimit) - NLL at global minimum of asimov = -549.873 (r=173.8)
AsymptoticLimits.cc[337] : (in function: getCLs) - At r = 187.146201:	q_mu = 0.00000	q_A  = 0.01194	Pmu = 0.50000	1-Pb  = 0.54350	CLs  = 0.91996
AsymptoticLimits.cc[337] : (in function: getCLs) - At r = 374.292401:	q_mu = 0.00000	q_A  = 0.26493	Pmu = 0.50000	1-Pb  = 0.69662	CLs  = 0.71775
AsymptoticLimits.cc[337] : (in function: getCLs) - At r = 748.584802:	q_mu = 0.00000	q_A  = 3.00143	Pmu = 0.50000	1-Pb  = 0.95840	CLs  = 0.52170
AsymptoticLimits.cc[337] : (in function: getCLs) - At r = 1497.169604:	q_mu = 0.00000	q_A  = 5.42422	Pmu = 0.50000	1-Pb  = 0.99007	CLs  = 0.50501
AsymptoticLimits.cc[337] : (in function: getCLs) - At r = 2994.339209:	q_mu = 3.75026	q_A  = 15.35442	Pmu = 0.02640	1-Pb  = 0.97626	CLs  = 0.02704
AsymptoticLimits.cc[337] : (in function: getCLs) - At r = 1584.069579:	q_mu = 0.00000	q_A  = 4.32377	Pmu = 0.50000	1-Pb  = 0.98121	CLs  = 0.50958
AsymptoticLimits.cc[337] : (in function: getCLs) - At r = 2289.204394:	q_mu = 0.00000	q_A  = 8.76514	Pmu = 0.50000	1-Pb  = 0.99846	CLs  = 0.50077
AsymptoticLimits.cc[337] : (in function: getCLs) - At r = 2641.771801:	q_mu = 1.61423	q_A  = 11.91137	Pmu = 0.10195	1-Pb  = 0.98540	CLs  = 0.10346
AsymptoticLimits.cc[337] : (in function: getCLs) - At r = 2794.624426:	q_mu = 2.49027	q_A  = 13.37016	Pmu = 0.05728	1-Pb  = 0.98117	CLs  = 0.05838
AsymptoticLimits.cc[337] : (in function: getCLs) - At r = 2866.722932:	q_mu = 2.93045	q_A  = 14.07578	Pmu = 0.04346	1-Pb  = 0.97932	CLs  = 0.04438
AsymptoticLimits.cc[337] : (in function: getCLs) - At r = 2827.211450:	q_mu = 2.68691	q_A  = 13.68734	Pmu = 0.05059	1-Pb  = 0.98032	CLs  = 0.05160
AsymptoticLimits.cc[337] : (in function: getCLs) - At r = 2841.729392:	q_mu = 2.77579	q_A  = 13.82955	Pmu = 0.04785	1-Pb  = 0.97995	CLs  = 0.04883
AsymptoticLimits.cc[337] : (in function: getCLs) - At r = 2833.844506:	q_mu = 2.72749	q_A  = 13.75224	Pmu = 0.04932	1-Pb  = 0.98015	CLs  = 0.05032
AsymptoticLimits.cc[337] : (in function: getCLs) - At r = 2836.745454:	q_mu = 2.74523	q_A  = 13.78066	Pmu = 0.04877	1-Pb  = 0.98008	CLs  = 0.04976
AsymptoticLimits.cc[337] : (in function: getCLs) - At r = 2835.169671:	q_mu = 2.73570	q_A  = 13.76522	Pmu = 0.04906	1-Pb  = 0.98012	CLs  = 0.05006
AsymptoticLimits.cc[337] : (in function: getCLs) - At r = 2835.738711:	q_mu = 2.73943	q_A  = 13.77080	Pmu = 0.04895	1-Pb  = 0.98010	CLs  = 0.04994
AsymptoticLimits.cc[337] : (in function: getCLs) - At r = 2835.404316:	q_mu = 2.73701	q_A  = 13.76752	Pmu = 0.04902	1-Pb  = 0.98011	CLs  = 0.05002
AsymptoticLimits.cc[337] : (in function: getCLs) - At r = 2835.538107:	q_mu = 2.73817	q_A  = 13.76883	Pmu = 0.04899	1-Pb  = 0.98010	CLs  = 0.04998
AsymptoticLimits.cc[337] : (in function: getCLs) - At r = 2835.460486:	q_mu = 2.73733	q_A  = 13.76807	Pmu = 0.04901	1-Pb  = 0.98011	CLs  = 0.05001
AsymptoticLimits.cc[337] : (in function: getCLs) - At r = 2835.497468:	q_mu = 2.73756	q_A  = 13.76843	Pmu = 0.04901	1-Pb  = 0.98011	CLs  = 0.05000
AsymptoticLimits.cc[337] : (in function: getCLs) - At r = 2835.508547:	q_mu = 2.89483	q_A  = 13.76854	Pmu = 0.04443	1-Pb  = 0.97774	CLs  = 0.04544
AsymptoticLimits.cc[337] : (in function: getCLs) - At r = 2835.499687:	q_mu = 2.73763	q_A  = 13.76846	Pmu = 0.04901	1-Pb  = 0.98011	CLs  = 0.05000
