CascadeMinimizer.cc[188] : (in function: improveOnce) - Minimization configured with Type=Minuit2, Algo=Migrad, strategy=0, tolerance=0.1
CascadeMinimizer.cc[215] : (in function: improveOnce) - Minimization finished with status=0
CascadeMinimizer.cc[219] : (in function: improveOnce) - Minimization success! status=0
ToyMCSamplerOpt.cc[146] : (in function: generateAsimov) - Using internal logic for binned/unbinned Asimov dataset generation
ToyMCSamplerOpt.cc[214] : (in function: generateWithHisto) - Generating asimov with histogram for pdf pdf_binpass_LOW_obsOnly: in 3 x-bins
ToyMCSamplerOpt.cc[215] : (in function: generateWithHisto) -  , in 1 y-bins
ToyMCSamplerOpt.cc[146] : (in function: generateAsimov) - Using internal logic for binned/unbinned Asimov dataset generation
ToyMCSamplerOpt.cc[214] : (in function: generateWithHisto) - Generating asimov with histogram for pdf pdf_binpass_SIG_obsOnly: in 1 x-bins
ToyMCSamplerOpt.cc[215] : (in function: generateWithHisto) -  , in 1 y-bins
ToyMCSamplerOpt.cc[146] : (in function: generateAsimov) - Using internal logic for binned/unbinned Asimov dataset generation
ToyMCSamplerOpt.cc[214] : (in function: generateWithHisto) - Generating asimov with histogram for pdf pdf_binpass_HIGH_obsOnly: in 3 x-bins
ToyMCSamplerOpt.cc[215] : (in function: generateWithHisto) -  , in 1 y-bins
ToyMCSamplerOpt.cc[146] : (in function: generateAsimov) - Using internal logic for binned/unbinned Asimov dataset generation
ToyMCSamplerOpt.cc[214] : (in function: generateWithHisto) - Generating asimov with histogram for pdf pdf_binfail_LOW_obsOnly: in 3 x-bins
ToyMCSamplerOpt.cc[215] : (in function: generateWithHisto) -  , in 1 y-bins
ToyMCSamplerOpt.cc[146] : (in function: generateAsimov) - Using internal logic for binned/unbinned Asimov dataset generation
ToyMCSamplerOpt.cc[214] : (in function: generateWithHisto) - Generating asimov with histogram for pdf pdf_binfail_SIG_obsOnly: in 1 x-bins
ToyMCSamplerOpt.cc[215] : (in function: generateWithHisto) -  , in 1 y-bins
ToyMCSamplerOpt.cc[146] : (in function: generateAsimov) - Using internal logic for binned/unbinned Asimov dataset generation
ToyMCSamplerOpt.cc[214] : (in function: generateWithHisto) - Generating asimov with histogram for pdf pdf_binfail_HIGH_obsOnly: in 3 x-bins
ToyMCSamplerOpt.cc[215] : (in function: generateWithHisto) -  , in 1 y-bins
AsymptoticLimits.cc[428] : (in function: runLimitExpected) - Median for expected limits = 0.390625, Sigma for expected limits = 0.199302
AsymptoticLimits.cc[191] : (in function: runLimit) - NLL at global minimum of data = -693.965 (r=2.19504e-06)
AsymptoticLimits.cc[211] : (in function: runLimit) - NLL at global minimum of asimov = -694.099 (r=1.30857e-07)
AsymptoticLimits.cc[337] : (in function: getCLs) - At r = 1.200002:	q_mu = 9.77294	q_A  = 9.67786	Pmu = 0.00089	1-Pb  = 0.49390	CLs  = 0.00179
AsymptoticLimits.cc[337] : (in function: getCLs) - At r = 0.600002:	q_mu = 5.52926	q_A  = 5.55468	Pmu = 0.00935	1-Pb  = 0.50215	CLs  = 0.01862
AsymptoticLimits.cc[337] : (in function: getCLs) - At r = 0.300002:	q_mu = 2.95304	q_A  = 3.04943	Pmu = 0.04286	1-Pb  = 0.51110	CLs  = 0.08386
AsymptoticLimits.cc[337] : (in function: getCLs) - At r = 0.442468:	q_mu = 4.22809	q_A  = 4.28989	Pmu = 0.01988	1-Pb  = 0.50597	CLs  = 0.03929
AsymptoticLimits.cc[337] : (in function: getCLs) - At r = 0.377738:	q_mu = 3.66176	q_A  = 3.73907	Pmu = 0.02784	1-Pb  = 0.50802	CLs  = 0.05480
AsymptoticLimits.cc[337] : (in function: getCLs) - At r = 0.404944:	q_mu = 3.90220	q_A  = 3.97301	Pmu = 0.02411	1-Pb  = 0.50712	CLs  = 0.04755
AsymptoticLimits.cc[337] : (in function: getCLs) - At r = 0.391786:	q_mu = 3.78631	q_A  = 3.86028	Pmu = 0.02584	1-Pb  = 0.50755	CLs  = 0.05091
AsymptoticLimits.cc[337] : (in function: getCLs) - At r = 0.397184:	q_mu = 3.83394	q_A  = 3.90661	Pmu = 0.02511	1-Pb  = 0.50737	CLs  = 0.04950
AsymptoticLimits.cc[337] : (in function: getCLs) - At r = 0.394544:	q_mu = 3.81067	q_A  = 3.88397	Pmu = 0.02546	1-Pb  = 0.50745	CLs  = 0.05018
AsymptoticLimits.cc[337] : (in function: getCLs) - At r = 0.395623:	q_mu = 3.82018	q_A  = 3.89322	Pmu = 0.02532	1-Pb  = 0.50742	CLs  = 0.04990
AsymptoticLimits.cc[337] : (in function: getCLs) - At r = 0.395094:	q_mu = 3.81552	q_A  = 3.88868	Pmu = 0.02539	1-Pb  = 0.50744	CLs  = 0.05004
AsymptoticLimits.cc[337] : (in function: getCLs) - At r = 0.395310:	q_mu = 3.81742	q_A  = 3.89053	Pmu = 0.02536	1-Pb  = 0.50743	CLs  = 0.04998
AsymptoticLimits.cc[337] : (in function: getCLs) - At r = 0.395204:	q_mu = 3.81649	q_A  = 3.88962	Pmu = 0.02538	1-Pb  = 0.50743	CLs  = 0.05001
AsymptoticLimits.cc[337] : (in function: getCLs) - At r = 0.395247:	q_mu = 3.81687	q_A  = 3.88999	Pmu = 0.02537	1-Pb  = 0.50743	CLs  = 0.05000
AsymptoticLimits.cc[337] : (in function: getCLs) - At r = 0.395226:	q_mu = 3.81669	q_A  = 3.88980	Pmu = 0.02537	1-Pb  = 0.50743	CLs  = 0.05000
AsymptoticLimits.cc[337] : (in function: getCLs) - At r = 0.395235:	q_mu = 3.81676	q_A  = 3.88988	Pmu = 0.02537	1-Pb  = 0.50743	CLs  = 0.05000
AsymptoticLimits.cc[337] : (in function: getCLs) - At r = 0.395231:	q_mu = 3.81673	q_A  = 3.88984	Pmu = 0.02537	1-Pb  = 0.50743	CLs  = 0.05000
