CascadeMinimizer.cc[188] : (in function: improveOnce) - Minimization configured with Type=Minuit2, Algo=Migrad, strategy=0, tolerance=0.1
CascadeMinimizer.cc[215] : (in function: improveOnce) - Minimization finished with status=0
CascadeMinimizer.cc[219] : (in function: improveOnce) - Minimization success! status=0
ToyMCSamplerOpt.cc[146] : (in function: generateAsimov) - Using internal logic for binned/unbinned Asimov dataset generation
ToyMCSamplerOpt.cc[214] : (in function: generateWithHisto) - Generating asimov with histogram for pdf pdf_binpass_LOW_obsOnly: in 3 x-bins
ToyMCSamplerOpt.cc[215] : (in function: generateWithHisto) -  , in 1 y-bins
ToyMCSamplerOpt.cc[146] : (in function: generateAsimov) - Using internal logic for binned/unbinned Asimov dataset generation
ToyMCSamplerOpt.cc[214] : (in function: generateWithHisto) - Generating asimov with histogram for pdf pdf_binpass_SIG_obsOnly: in 1 x-bins
ToyMCSamplerOpt.cc[215] : (in function: generateWithHisto) -  , in 1 y-bins
ToyMCSamplerOpt.cc[146] : (in function: generateAsimov) - Using internal logic for binned/unbinned Asimov dataset generation
ToyMCSamplerOpt.cc[214] : (in function: generateWithHisto) - Generating asimov with histogram for pdf pdf_binpass_HIGH_obsOnly: in 5 x-bins
ToyMCSamplerOpt.cc[215] : (in function: generateWithHisto) -  , in 1 y-bins
ToyMCSamplerOpt.cc[146] : (in function: generateAsimov) - Using internal logic for binned/unbinned Asimov dataset generation
ToyMCSamplerOpt.cc[214] : (in function: generateWithHisto) - Generating asimov with histogram for pdf pdf_binfail_LOW_obsOnly: in 3 x-bins
ToyMCSamplerOpt.cc[215] : (in function: generateWithHisto) -  , in 1 y-bins
ToyMCSamplerOpt.cc[146] : (in function: generateAsimov) - Using internal logic for binned/unbinned Asimov dataset generation
ToyMCSamplerOpt.cc[214] : (in function: generateWithHisto) - Generating asimov with histogram for pdf pdf_binfail_SIG_obsOnly: in 1 x-bins
ToyMCSamplerOpt.cc[215] : (in function: generateWithHisto) -  , in 1 y-bins
ToyMCSamplerOpt.cc[146] : (in function: generateAsimov) - Using internal logic for binned/unbinned Asimov dataset generation
ToyMCSamplerOpt.cc[214] : (in function: generateWithHisto) - Generating asimov with histogram for pdf pdf_binfail_HIGH_obsOnly: in 5 x-bins
ToyMCSamplerOpt.cc[215] : (in function: generateWithHisto) -  , in 1 y-bins
AsymptoticLimits.cc[428] : (in function: runLimitExpected) - Median for expected limits = 1.90625, Sigma for expected limits = 0.972594
AsymptoticLimits.cc[191] : (in function: runLimit) - NLL at global minimum of data = -948.511 (r=1.17414)
AsymptoticLimits.cc[211] : (in function: runLimit) - NLL at global minimum of asimov = -945.083 (r=1.72341e-05)
AsymptoticLimits.cc[337] : (in function: getCLs) - At r = 4.025541:	q_mu = 2.84540	q_A  = 8.39081	Pmu = 0.04582	1-Pb  = 0.88683	CLs  = 0.05166
AsymptoticLimits.cc[337] : (in function: getCLs) - At r = 8.051083:	q_mu = 10.02710	q_A  = 18.33396	Pmu = 0.00077	1-Pb  = 0.86763	CLs  = 0.00089
AsymptoticLimits.cc[337] : (in function: getCLs) - At r = 4.612611:	q_mu = 3.69285	q_A  = 9.75725	Pmu = 0.02732	1-Pb  = 0.88531	CLs  = 0.03086
AsymptoticLimits.cc[337] : (in function: getCLs) - At r = 2.893374:	q_mu = 1.47441	q_A  = 5.97091	Pmu = 0.11233	1-Pb  = 0.89052	CLs  = 0.12614
AsymptoticLimits.cc[337] : (in function: getCLs) - At r = 3.797395:	q_mu = 2.54334	q_A  = 7.87827	Pmu = 0.05538	1-Pb  = 0.88725	CLs  = 0.06242
AsymptoticLimits.cc[337] : (in function: getCLs) - At r = 4.165842:	q_mu = 3.03911	q_A  = 8.70882	Pmu = 0.04064	1-Pb  = 0.88643	CLs  = 0.04585
AsymptoticLimits.cc[337] : (in function: getCLs) - At r = 4.009313:	q_mu = 2.82391	q_A  = 8.35422	Pmu = 0.04643	1-Pb  = 0.88684	CLs  = 0.05236
AsymptoticLimits.cc[337] : (in function: getCLs) - At r = 4.084094:	q_mu = 2.92562	q_A  = 8.52319	Pmu = 0.04359	1-Pb  = 0.88667	CLs  = 0.04916
AsymptoticLimits.cc[337] : (in function: getCLs) - At r = 4.053113:	q_mu = 2.88321	q_A  = 8.45317	Pmu = 0.04475	1-Pb  = 0.88675	CLs  = 0.05047
AsymptoticLimits.cc[337] : (in function: getCLs) - At r = 4.068142:	q_mu = 2.90366	q_A  = 8.49035	Pmu = 0.04419	1-Pb  = 0.88682	CLs  = 0.04983
AsymptoticLimits.cc[337] : (in function: getCLs) - At r = 4.061908:	q_mu = 2.89521	q_A  = 8.47414	Pmu = 0.04442	1-Pb  = 0.88677	CLs  = 0.05009
AsymptoticLimits.cc[337] : (in function: getCLs) - At r = 4.064920:	q_mu = 2.89925	q_A  = 8.48183	Pmu = 0.04431	1-Pb  = 0.88679	CLs  = 0.04997
AsymptoticLimits.cc[337] : (in function: getCLs) - At r = 4.063690:	q_mu = 2.89758	q_A  = 8.47866	Pmu = 0.04436	1-Pb  = 0.88678	CLs  = 0.05002
AsymptoticLimits.cc[337] : (in function: getCLs) - At r = 4.064301:	q_mu = 2.89841	q_A  = 8.48023	Pmu = 0.04433	1-Pb  = 0.88679	CLs  = 0.04999
AsymptoticLimits.cc[337] : (in function: getCLs) - At r = 4.064057:	q_mu = 2.89807	q_A  = 8.47960	Pmu = 0.04434	1-Pb  = 0.88678	CLs  = 0.05000
AsymptoticLimits.cc[337] : (in function: getCLs) - At r = 4.064181:	q_mu = 2.89824	q_A  = 8.47992	Pmu = 0.04434	1-Pb  = 0.88679	CLs  = 0.05000
AsymptoticLimits.cc[337] : (in function: getCLs) - At r = 4.064132:	q_mu = 2.89817	q_A  = 8.47979	Pmu = 0.04434	1-Pb  = 0.88678	CLs  = 0.05000
AsymptoticLimits.cc[337] : (in function: getCLs) - At r = 4.064156:	q_mu = 2.89821	q_A  = 8.47986	Pmu = 0.04434	1-Pb  = 0.88679	CLs  = 0.05000
AsymptoticLimits.cc[337] : (in function: getCLs) - At r = 4.064147:	q_mu = 2.89819	q_A  = 8.47983	Pmu = 0.04434	1-Pb  = 0.88679	CLs  = 0.05000
