 <<< Combine >>> 
 <<< v10.0.1 >>>
>>> Random number generator seed is 123456
>>> Method used is FitDiagnostics
Set Default Value of Parameter r To : 1
>>> 0 out of 6 channels masked

>> Found 13 floating parameters
>> The following parameters are protected in the event of negative eigenvalues:
>> Verifying eigenvalues are all positive (iteration 0)
Eigenvalue 10 : -1.73704e-07
 - -0.873657	CMS_AN23122_Background_fail_LOW_bin_1-1
 - 0.368363	CMS_AN23122_Background_fail_LOW_bin_2-1
 - 0.317854	CMS_AN23122_Background_fail_LOW_bin_3-1
 - 0.000647168	CMS_AN23122_Background_rpf_2x0_par2
 - -0.000633398	CMS_AN23122_Background_rpf_2x0_par1
Eigenvalue 11 : -4.73603e-07
 - -0.775131	CMS_AN23122_Background_fail_LOW_bin_2-1
 - 0.623859	CMS_AN23122_Background_fail_LOW_bin_3-1
 - -0.099847	CMS_AN23122_Background_fail_LOW_bin_1-1
 - 0.00104531	CMS_AN23122_Background_rpf_2x0_par2
 - -0.00101904	CMS_AN23122_Background_rpf_2x0_par1
Eigenvalue 12 : -0.000397906
 - -0.637977	CMS_AN23122_Background_rpf_2x0_par1
 - -0.609102	CMS_AN23122_Background_rpf_2x0_par2
 - -0.441511	CMS_AN23122_Background_rpf_2x0_par0
 - 0.164461	CMS_AN23122_Background_rpf_2x0_par3
 - 0.000183367	CMS_AN23122_Background_fail_HIGH_bin_1-1
>> Attempt 0 failed, remove the variable with largest eigenvector component...
>> Dropping CMS_AN23122_Background_rpf_2x0_par1 from the hessian
>> Verifying eigenvalues are all positive (iteration 1)
Eigenvalue 9 : -1.73703e-07
 - -0.873659	CMS_AN23122_Background_fail_LOW_bin_1-1
 - 0.368357	CMS_AN23122_Background_fail_LOW_bin_2-1
 - 0.317857	CMS_AN23122_Background_fail_LOW_bin_3-1
 - -9.93617e-06	CMS_AN23122_Background_rpf_2x0_par2
 - -2.45113e-06	CMS_AN23122_Background_rpf_2x0_par3
Eigenvalue 10 : -4.73599e-07
 - -0.775135	CMS_AN23122_Background_fail_LOW_bin_2-1
 - 0.623856	CMS_AN23122_Background_fail_LOW_bin_3-1
 - -0.0998437	CMS_AN23122_Background_fail_LOW_bin_1-1
 - -1.30574e-05	CMS_AN23122_Background_rpf_2x0_par2
 - -4.2763e-06	CMS_AN23122_Background_rpf_2x0_par3
Eigenvalue 11 : -0.000218855
 - 0.915824	CMS_AN23122_Background_rpf_2x0_par2
 - 0.377832	CMS_AN23122_Background_rpf_2x0_par0
 - -0.136045	CMS_AN23122_Background_rpf_2x0_par3
 - -0.000162088	CMS_AN23122_Background_fail_HIGH_bin_1-1
 - -7.07919e-05	CMS_AN23122_Background_fail_SIG_bin_1-1
>> Attempt 1 failed, remove the variable with largest eigenvector component...
>> Dropping CMS_AN23122_Background_rpf_2x0_par2 from the hessian
>> Verifying eigenvalues are all positive (iteration 2)
Eigenvalue 9 : -1.73703e-07
 - 0.873659	CMS_AN23122_Background_fail_LOW_bin_1-1
 - -0.368357	CMS_AN23122_Background_fail_LOW_bin_2-1
 - -0.317857	CMS_AN23122_Background_fail_LOW_bin_3-1
 - -5.82663e-06	CMS_AN23122_Background_rpf_2x0_par0
 - 4.25574e-06	CMS_AN23122_Background_rpf_2x0_par3
Eigenvalue 10 : -4.73599e-07
 - 0.775135	CMS_AN23122_Background_fail_LOW_bin_2-1
 - -0.623856	CMS_AN23122_Background_fail_LOW_bin_3-1
 - 0.0998438	CMS_AN23122_Background_fail_LOW_bin_1-1
 - -9.02221e-06	CMS_AN23122_Background_rpf_2x0_par0
 - 6.64705e-06	CMS_AN23122_Background_rpf_2x0_par3
>> Attempt 2 failed, remove the variable with largest eigenvector component...
>> Dropping CMS_AN23122_Background_fail_LOW_bin_2-1 from the hessian
>> Verifying eigenvalues are all positive (iteration 3)
Eigenvalue 9 : -2.31699e-07
 - -0.805552	CMS_AN23122_Background_fail_LOW_bin_1-1
 - 0.592524	CMS_AN23122_Background_fail_LOW_bin_3-1
 - 9.65412e-06	CMS_AN23122_Background_rpf_2x0_par0
 - -7.12899e-06	CMS_AN23122_Background_rpf_2x0_par3
 - 2.38291e-08	CMS_AN23122_Background_fail_SIG_bin_1-1
>> Attempt 3 failed, remove the variable with largest eigenvector component...
>> Dropping CMS_AN23122_Background_fail_LOW_bin_1-1 from the hessian
>> Verifying eigenvalues are all positive (iteration 4)
>> All eigenvalues are positive
>> Inverting Hessian...
>> Matrix inverted
>> Note: the following parameters were dropped to make the covariance matrix pos-def:
     - CMS_AN23122_Background_rpf_2x0_par1
     - CMS_AN23122_Background_rpf_2x0_par2
     - CMS_AN23122_Background_fail_LOW_bin_2-1
     - CMS_AN23122_Background_fail_LOW_bin_1-1
 Fit B-only, status = 0, numBadNLL = 0, covariance quality = -1
Running Minos for POI r
>> Found 14 floating parameters
>> The following parameters are protected in the event of negative eigenvalues: r
>> Verifying eigenvalues are all positive (iteration 0)
Eigenvalue 12 : -1.85171e-07
 - -0.79317	CMS_AN23122_Background_fail_LOW_bin_1-1
 - 0.579342	CMS_AN23122_Background_fail_LOW_bin_2-1
 - -0.187732	CMS_AN23122_Background_fail_LOW_bin_3-1
 - -0.000932068	r
 - 0.000185933	CMS_AN23122_Background_rpf_2x0_par2
Eigenvalue 13 : -0.00107884
 - 0.648548	CMS_AN23122_Background_rpf_2x0_par1
 - 0.584612	CMS_AN23122_Background_rpf_2x0_par2
 - 0.396893	CMS_AN23122_Background_rpf_2x0_par0
 - -0.282554	CMS_AN23122_Background_rpf_2x0_par3
 - -0.0155839	RNN
>> Attempt 0 failed, remove the variable with largest eigenvector component...
>> Dropping CMS_AN23122_Background_rpf_2x0_par1 from the hessian
>> Verifying eigenvalues are all positive (iteration 1)
Eigenvalue 11 : -1.8517e-07
 - -0.79317	CMS_AN23122_Background_fail_LOW_bin_1-1
 - 0.579342	CMS_AN23122_Background_fail_LOW_bin_2-1
 - -0.187734	CMS_AN23122_Background_fail_LOW_bin_3-1
 - -0.000931097	r
 - -0.000175042	RNN
Eigenvalue 12 : -0.000572599
 - 0.905372	CMS_AN23122_Background_rpf_2x0_par2
 - 0.352532	CMS_AN23122_Background_rpf_2x0_par0
 - -0.23646	CMS_AN23122_Background_rpf_2x0_par3
 - -0.0103934	RNN
 - 0.000589257	r
>> Attempt 1 failed, remove the variable with largest eigenvector component...
>> Dropping CMS_AN23122_Background_rpf_2x0_par2 from the hessian
>> Verifying eigenvalues are all positive (iteration 2)
Eigenvalue 11 : -1.8517e-07
 - -0.79317	CMS_AN23122_Background_fail_LOW_bin_1-1
 - 0.579342	CMS_AN23122_Background_fail_LOW_bin_2-1
 - -0.187734	CMS_AN23122_Background_fail_LOW_bin_3-1
 - -0.000931099	r
 - -0.000175053	RNN
>> Attempt 2 failed, remove the variable with largest eigenvector component...
>> Dropping CMS_AN23122_Background_fail_LOW_bin_1-1 from the hessian
>> Verifying eigenvalues are all positive (iteration 3)
>> All eigenvalues are positive
>> Inverting Hessian...
>> Matrix inverted
>> Note: the following parameters were dropped to make the covariance matrix pos-def:
     - CMS_AN23122_Background_rpf_2x0_par1
     - CMS_AN23122_Background_rpf_2x0_par2
     - CMS_AN23122_Background_fail_LOW_bin_1-1
Fit S+B, status = 0, numBadNLL = 0, covariance quality = -1

 --- FitDiagnostics ---
Best fit r: 25  -25/+0  (68% CL)
Done in 0.00 min (cpu), 0.00 min (real)
34 log messages saved to combine_logger.out
