CascadeMinimizer.cc[188] : (in function: improveOnce) - Minimization configured with Type=Minuit2, Algo=Migrad, strategy=0, tolerance=0.1
CascadeMinimizer.cc[215] : (in function: improveOnce) - Minimization finished with status=0
CascadeMinimizer.cc[219] : (in function: improveOnce) - Minimization success! status=0
ToyMCSamplerOpt.cc[146] : (in function: generateAsimov) - Using internal logic for binned/unbinned Asimov dataset generation
ToyMCSamplerOpt.cc[214] : (in function: generateWithHisto) - Generating asimov with histogram for pdf pdf_binpass_LOW_obsOnly: in 4 x-bins
ToyMCSamplerOpt.cc[215] : (in function: generateWithHisto) -  , in 1 y-bins
ToyMCSamplerOpt.cc[146] : (in function: generateAsimov) - Using internal logic for binned/unbinned Asimov dataset generation
ToyMCSamplerOpt.cc[214] : (in function: generateWithHisto) - Generating asimov with histogram for pdf pdf_binpass_SIG_obsOnly: in 1 x-bins
ToyMCSamplerOpt.cc[215] : (in function: generateWithHisto) -  , in 1 y-bins
ToyMCSamplerOpt.cc[146] : (in function: generateAsimov) - Using internal logic for binned/unbinned Asimov dataset generation
ToyMCSamplerOpt.cc[214] : (in function: generateWithHisto) - Generating asimov with histogram for pdf pdf_binpass_HIGH_obsOnly: in 10 x-bins
ToyMCSamplerOpt.cc[215] : (in function: generateWithHisto) -  , in 1 y-bins
ToyMCSamplerOpt.cc[146] : (in function: generateAsimov) - Using internal logic for binned/unbinned Asimov dataset generation
ToyMCSamplerOpt.cc[214] : (in function: generateWithHisto) - Generating asimov with histogram for pdf pdf_binfail_LOW_obsOnly: in 4 x-bins
ToyMCSamplerOpt.cc[215] : (in function: generateWithHisto) -  , in 1 y-bins
ToyMCSamplerOpt.cc[146] : (in function: generateAsimov) - Using internal logic for binned/unbinned Asimov dataset generation
ToyMCSamplerOpt.cc[214] : (in function: generateWithHisto) - Generating asimov with histogram for pdf pdf_binfail_SIG_obsOnly: in 1 x-bins
ToyMCSamplerOpt.cc[215] : (in function: generateWithHisto) -  , in 1 y-bins
ToyMCSamplerOpt.cc[146] : (in function: generateAsimov) - Using internal logic for binned/unbinned Asimov dataset generation
ToyMCSamplerOpt.cc[214] : (in function: generateWithHisto) - Generating asimov with histogram for pdf pdf_binfail_HIGH_obsOnly: in 10 x-bins
ToyMCSamplerOpt.cc[215] : (in function: generateWithHisto) -  , in 1 y-bins
AsymptoticLimits.cc[428] : (in function: runLimitExpected) - Median for expected limits = 0.0136108, Sigma for expected limits = 0.00694443
AsymptoticLimits.cc[191] : (in function: runLimit) - NLL at global minimum of data = -928960 (r=0.149221)
AsymptoticLimits.cc[211] : (in function: runLimit) - NLL at global minimum of asimov = -928842 (r=8.29243e-05)
AsymptoticLimits.cc[337] : (in function: getCLs) - At r = 1.349221:	q_mu = 5187.59792	q_A  = 7522.02189	Pmu = 0.00000	1-Pb  = 1.00000	CLs  = 0.00000
AsymptoticLimits.cc[337] : (in function: getCLs) - At r = 0.749221:	q_mu = 1953.70814	q_A  = 3570.00253	Pmu = 0.00000	1-Pb  = 1.00000	CLs  = 0.00000
AsymptoticLimits.cc[337] : (in function: getCLs) - At r = 0.449221:	q_mu = 662.04470	q_A  = 1774.90186	Pmu = 0.00000	1-Pb  = 1.00000	CLs  = 0.00000
AsymptoticLimits.cc[337] : (in function: getCLs) - At r = 0.299221:	q_mu = 202.23194	q_A  = 978.87330	Pmu = 0.00000	1-Pb  = 1.00000	CLs  = 0.00000
AsymptoticLimits.cc[337] : (in function: getCLs) - At r = 0.224221:	q_mu = 56.89367	q_A  = 626.84967	Pmu = 0.00000	1-Pb  = 1.00000	CLs  = 0.00000
AsymptoticLimits.cc[337] : (in function: getCLs) - At r = 0.186721:	q_mu = 15.15101	q_A  = 467.78463	Pmu = 0.00005	1-Pb  = 1.00000	CLs  = 0.00005
AsymptoticLimits.cc[337] : (in function: getCLs) - At r = 0.167971:	q_mu = 3.90131	q_A  = 393.57986	Pmu = 0.02412	1-Pb  = 1.00000	CLs  = 0.02412
AsymptoticLimits.cc[337] : (in function: getCLs) - At r = 0.158596:	q_mu = 0.98279	q_A  = 357.98836	Pmu = 0.16076	1-Pb  = 1.00000	CLs  = 0.16076
AsymptoticLimits.cc[337] : (in function: getCLs) - At r = 0.163283:	q_mu = 2.20652	q_A  = 375.65216	Pmu = 0.06871	1-Pb  = 1.00000	CLs  = 0.06871
AsymptoticLimits.cc[337] : (in function: getCLs) - At r = 0.165360:	q_mu = 2.89991	q_A  = 383.56193	Pmu = 0.04429	1-Pb  = 1.00000	CLs  = 0.04429
AsymptoticLimits.cc[337] : (in function: getCLs) - At r = 0.164486:	q_mu = 2.59706	q_A  = 380.22702	Pmu = 0.05353	1-Pb  = 1.00000	CLs  = 0.05353
AsymptoticLimits.cc[337] : (in function: getCLs) - At r = 0.164913:	q_mu = 2.74285	q_A  = 381.85374	Pmu = 0.04885	1-Pb  = 1.00000	CLs  = 0.04885
AsymptoticLimits.cc[337] : (in function: getCLs) - At r = 0.164740:	q_mu = 2.68339	q_A  = 381.19616	Pmu = 0.05070	1-Pb  = 1.00000	CLs  = 0.05070
AsymptoticLimits.cc[337] : (in function: getCLs) - At r = 0.164826:	q_mu = 2.71292	q_A  = 381.52382	Pmu = 0.04977	1-Pb  = 1.00000	CLs  = 0.04977
AsymptoticLimits.cc[337] : (in function: getCLs) - At r = 0.164792:	q_mu = 2.70110	q_A  = 381.39280	Pmu = 0.05014	1-Pb  = 1.00000	CLs  = 0.05014
AsymptoticLimits.cc[337] : (in function: getCLs) - At r = 0.164809:	q_mu = 2.70702	q_A  = 381.45842	Pmu = 0.04995	1-Pb  = 1.00000	CLs  = 0.04995
AsymptoticLimits.cc[337] : (in function: getCLs) - At r = 0.164802:	q_mu = 2.70465	q_A  = 381.43224	Pmu = 0.05003	1-Pb  = 1.00000	CLs  = 0.05003
AsymptoticLimits.cc[337] : (in function: getCLs) - At r = 0.164806:	q_mu = 2.70584	q_A  = 381.44537	Pmu = 0.04999	1-Pb  = 1.00000	CLs  = 0.04999
