CascadeMinimizer.cc[188] : (in function: improveOnce) - Minimization configured with Type=Minuit2, Algo=Migrad, strategy=0, tolerance=0.1
CascadeMinimizer.cc[215] : (in function: improveOnce) - Minimization finished with status=0
CascadeMinimizer.cc[219] : (in function: improveOnce) - Minimization success! status=0
ToyMCSamplerOpt.cc[146] : (in function: generateAsimov) - Using internal logic for binned/unbinned Asimov dataset generation
ToyMCSamplerOpt.cc[214] : (in function: generateWithHisto) - Generating asimov with histogram for pdf pdf_binpass_LOW_obsOnly: in 2 x-bins
ToyMCSamplerOpt.cc[215] : (in function: generateWithHisto) -  , in 1 y-bins
ToyMCSamplerOpt.cc[146] : (in function: generateAsimov) - Using internal logic for binned/unbinned Asimov dataset generation
ToyMCSamplerOpt.cc[214] : (in function: generateWithHisto) - Generating asimov with histogram for pdf pdf_binpass_SIG_obsOnly: in 1 x-bins
ToyMCSamplerOpt.cc[215] : (in function: generateWithHisto) -  , in 1 y-bins
ToyMCSamplerOpt.cc[146] : (in function: generateAsimov) - Using internal logic for binned/unbinned Asimov dataset generation
ToyMCSamplerOpt.cc[214] : (in function: generateWithHisto) - Generating asimov with histogram for pdf pdf_binpass_HIGH_obsOnly: in 9 x-bins
ToyMCSamplerOpt.cc[215] : (in function: generateWithHisto) -  , in 1 y-bins
ToyMCSamplerOpt.cc[146] : (in function: generateAsimov) - Using internal logic for binned/unbinned Asimov dataset generation
ToyMCSamplerOpt.cc[214] : (in function: generateWithHisto) - Generating asimov with histogram for pdf pdf_binfail_LOW_obsOnly: in 2 x-bins
ToyMCSamplerOpt.cc[215] : (in function: generateWithHisto) -  , in 1 y-bins
ToyMCSamplerOpt.cc[146] : (in function: generateAsimov) - Using internal logic for binned/unbinned Asimov dataset generation
ToyMCSamplerOpt.cc[214] : (in function: generateWithHisto) - Generating asimov with histogram for pdf pdf_binfail_SIG_obsOnly: in 1 x-bins
ToyMCSamplerOpt.cc[215] : (in function: generateWithHisto) -  , in 1 y-bins
ToyMCSamplerOpt.cc[146] : (in function: generateAsimov) - Using internal logic for binned/unbinned Asimov dataset generation
ToyMCSamplerOpt.cc[214] : (in function: generateWithHisto) - Generating asimov with histogram for pdf pdf_binfail_HIGH_obsOnly: in 9 x-bins
ToyMCSamplerOpt.cc[215] : (in function: generateWithHisto) -  , in 1 y-bins
AsymptoticLimits.cc[428] : (in function: runLimitExpected) - Median for expected limits = 0.820312, Sigma for expected limits = 0.418534
AsymptoticLimits.cc[191] : (in function: runLimit) - NLL at global minimum of data = -553.374 (r=9.44573e-09)
AsymptoticLimits.cc[211] : (in function: runLimit) - NLL at global minimum of asimov = -551.763 (r=4.49186e-06)
AsymptoticLimits.cc[337] : (in function: getCLs) - At r = 1.200000:	q_mu = 10.58767	q_A  = 6.17663	Pmu = 0.00037	1-Pb  = 0.18742	CLs  = 0.00199
AsymptoticLimits.cc[337] : (in function: getCLs) - At r = 0.600000:	q_mu = 5.56836	q_A  = 2.52729	Pmu = 0.00544	1-Pb  = 0.16942	CLs  = 0.03214
AsymptoticLimits.cc[337] : (in function: getCLs) - At r = 0.300000:	q_mu = 2.86634	q_A  = 0.92180	Pmu = 0.02426	1-Pb  = 0.15561	CLs  = 0.15591
AsymptoticLimits.cc[337] : (in function: getCLs) - At r = 0.450000:	q_mu = 4.23479	q_A  = 1.69046	Pmu = 0.01134	1-Pb  = 0.16392	CLs  = 0.06921
AsymptoticLimits.cc[337] : (in function: getCLs) - At r = 0.530856:	q_mu = 4.95781	q_A  = 2.13344	Pmu = 0.00760	1-Pb  = 0.16681	CLs  = 0.04557
AsymptoticLimits.cc[337] : (in function: getCLs) - At r = 0.500334:	q_mu = 4.68593	q_A  = 1.96311	Pmu = 0.00883	1-Pb  = 0.16561	CLs  = 0.05330
AsymptoticLimits.cc[337] : (in function: getCLs) - At r = 0.516410:	q_mu = 4.82924	q_A  = 2.05250	Pmu = 0.00816	1-Pb  = 0.16625	CLs  = 0.04907
AsymptoticLimits.cc[337] : (in function: getCLs) - At r = 0.510287:	q_mu = 4.77473	q_A  = 2.01835	Pmu = 0.00841	1-Pb  = 0.16600	CLs  = 0.05064
AsymptoticLimits.cc[337] : (in function: getCLs) - At r = 0.513497:	q_mu = 4.80329	q_A  = 2.03623	Pmu = 0.00828	1-Pb  = 0.16613	CLs  = 0.04981
AsymptoticLimits.cc[337] : (in function: getCLs) - At r = 0.512272:	q_mu = 4.79238	q_A  = 2.02940	Pmu = 0.00833	1-Pb  = 0.16608	CLs  = 0.05013
AsymptoticLimits.cc[337] : (in function: getCLs) - At r = 0.512915:	q_mu = 4.79810	q_A  = 2.03298	Pmu = 0.00830	1-Pb  = 0.16611	CLs  = 0.04996
AsymptoticLimits.cc[337] : (in function: getCLs) - At r = 0.512670:	q_mu = 4.79592	q_A  = 2.03162	Pmu = 0.00831	1-Pb  = 0.16610	CLs  = 0.05003
AsymptoticLimits.cc[337] : (in function: getCLs) - At r = 0.512799:	q_mu = 4.79718	q_A  = 2.03233	Pmu = 0.00830	1-Pb  = 0.16609	CLs  = 0.04999
AsymptoticLimits.cc[337] : (in function: getCLs) - At r = 0.512744:	q_mu = 4.79665	q_A  = 2.03203	Pmu = 0.00831	1-Pb  = 0.16610	CLs  = 0.05000
AsymptoticLimits.cc[337] : (in function: getCLs) - At r = 0.512770:	q_mu = 4.79688	q_A  = 2.03217	Pmu = 0.00830	1-Pb  = 0.16610	CLs  = 0.05000
AsymptoticLimits.cc[337] : (in function: getCLs) - At r = 0.512760:	q_mu = 4.79679	q_A  = 2.03212	Pmu = 0.00831	1-Pb  = 0.16610	CLs  = 0.05000
AsymptoticLimits.cc[337] : (in function: getCLs) - At r = 0.512765:	q_mu = 4.79683	q_A  = 2.03215	Pmu = 0.00830	1-Pb  = 0.16610	CLs  = 0.05000
