CascadeMinimizer.cc[188] : (in function: improveOnce) - Minimization configured with Type=Minuit2, Algo=Migrad, strategy=0, tolerance=0.1
CascadeMinimizer.cc[215] : (in function: improveOnce) - Minimization finished with status=0
CascadeMinimizer.cc[219] : (in function: improveOnce) - Minimization success! status=0
ToyMCSamplerOpt.cc[146] : (in function: generateAsimov) - Using internal logic for binned/unbinned Asimov dataset generation
ToyMCSamplerOpt.cc[214] : (in function: generateWithHisto) - Generating asimov with histogram for pdf pdf_binpass_LOW_obsOnly: in 2 x-bins
ToyMCSamplerOpt.cc[215] : (in function: generateWithHisto) -  , in 1 y-bins
ToyMCSamplerOpt.cc[146] : (in function: generateAsimov) - Using internal logic for binned/unbinned Asimov dataset generation
ToyMCSamplerOpt.cc[214] : (in function: generateWithHisto) - Generating asimov with histogram for pdf pdf_binpass_SIG_obsOnly: in 1 x-bins
ToyMCSamplerOpt.cc[215] : (in function: generateWithHisto) -  , in 1 y-bins
ToyMCSamplerOpt.cc[146] : (in function: generateAsimov) - Using internal logic for binned/unbinned Asimov dataset generation
ToyMCSamplerOpt.cc[214] : (in function: generateWithHisto) - Generating asimov with histogram for pdf pdf_binpass_HIGH_obsOnly: in 9 x-bins
ToyMCSamplerOpt.cc[215] : (in function: generateWithHisto) -  , in 1 y-bins
ToyMCSamplerOpt.cc[146] : (in function: generateAsimov) - Using internal logic for binned/unbinned Asimov dataset generation
ToyMCSamplerOpt.cc[214] : (in function: generateWithHisto) - Generating asimov with histogram for pdf pdf_binfail_LOW_obsOnly: in 2 x-bins
ToyMCSamplerOpt.cc[215] : (in function: generateWithHisto) -  , in 1 y-bins
ToyMCSamplerOpt.cc[146] : (in function: generateAsimov) - Using internal logic for binned/unbinned Asimov dataset generation
ToyMCSamplerOpt.cc[214] : (in function: generateWithHisto) - Generating asimov with histogram for pdf pdf_binfail_SIG_obsOnly: in 1 x-bins
ToyMCSamplerOpt.cc[215] : (in function: generateWithHisto) -  , in 1 y-bins
ToyMCSamplerOpt.cc[146] : (in function: generateAsimov) - Using internal logic for binned/unbinned Asimov dataset generation
ToyMCSamplerOpt.cc[214] : (in function: generateWithHisto) - Generating asimov with histogram for pdf pdf_binfail_HIGH_obsOnly: in 9 x-bins
ToyMCSamplerOpt.cc[215] : (in function: generateWithHisto) -  , in 1 y-bins
AsymptoticLimits.cc[428] : (in function: runLimitExpected) - Median for expected limits = 0.871094, Sigma for expected limits = 0.444444
AsymptoticLimits.cc[191] : (in function: runLimit) - NLL at global minimum of data = -554.423 (r=1.06721e-06)
AsymptoticLimits.cc[211] : (in function: runLimit) - NLL at global minimum of asimov = -553.427 (r=6.53787e-05)
AsymptoticLimits.cc[337] : (in function: getCLs) - At r = 1.200001:	q_mu = 7.95496	q_A  = 5.96691	Pmu = 0.00219	1-Pb  = 0.34203	CLs  = 0.00640
AsymptoticLimits.cc[337] : (in function: getCLs) - At r = 0.600001:	q_mu = 3.60642	q_A  = 2.22532	Pmu = 0.02531	1-Pb  = 0.32171	CLs  = 0.07868
AsymptoticLimits.cc[337] : (in function: getCLs) - At r = 0.900001:	q_mu = 5.75843	q_A  = 4.01536	Pmu = 0.00737	1-Pb  = 0.33180	CLs  = 0.02221
AsymptoticLimits.cc[337] : (in function: getCLs) - At r = 0.746014:	q_mu = 4.64046	q_A  = 3.06873	Pmu = 0.01389	1-Pb  = 0.32686	CLs  = 0.04249
AsymptoticLimits.cc[337] : (in function: getCLs) - At r = 0.685968:	q_mu = 4.21155	q_A  = 2.71430	Pmu = 0.01778	1-Pb  = 0.32477	CLs  = 0.05475
AsymptoticLimits.cc[337] : (in function: getCLs) - At r = 0.715177:	q_mu = 4.41959	q_A  = 2.88539	Pmu = 0.01577	1-Pb  = 0.32578	CLs  = 0.04840
AsymptoticLimits.cc[337] : (in function: getCLs) - At r = 0.703172:	q_mu = 4.33387	q_A  = 2.81468	Pmu = 0.01657	1-Pb  = 0.32536	CLs  = 0.05092
AsymptoticLimits.cc[337] : (in function: getCLs) - At r = 0.709020:	q_mu = 4.37546	q_A  = 2.84901	Pmu = 0.01617	1-Pb  = 0.32557	CLs  = 0.04968
AsymptoticLimits.cc[337] : (in function: getCLs) - At r = 0.706630:	q_mu = 4.35840	q_A  = 2.83445	Pmu = 0.01633	1-Pb  = 0.32542	CLs  = 0.05019
AsymptoticLimits.cc[337] : (in function: getCLs) - At r = 0.707816:	q_mu = 4.36684	q_A  = 2.84127	Pmu = 0.01625	1-Pb  = 0.32544	CLs  = 0.04994
AsymptoticLimits.cc[337] : (in function: getCLs) - At r = 0.707352:	q_mu = 4.36338	q_A  = 2.83849	Pmu = 0.01629	1-Pb  = 0.32544	CLs  = 0.05004
AsymptoticLimits.cc[337] : (in function: getCLs) - At r = 0.707599:	q_mu = 4.36513	q_A  = 2.83990	Pmu = 0.01627	1-Pb  = 0.32544	CLs  = 0.04999
AsymptoticLimits.cc[337] : (in function: getCLs) - At r = 0.707514:	q_mu = 4.36452	q_A  = 2.83936	Pmu = 0.01627	1-Pb  = 0.32543	CLs  = 0.05001
AsymptoticLimits.cc[337] : (in function: getCLs) - At r = 0.707565:	q_mu = 4.36488	q_A  = 2.83962	Pmu = 0.01627	1-Pb  = 0.32543	CLs  = 0.05000
AsymptoticLimits.cc[337] : (in function: getCLs) - At r = 0.707551:	q_mu = 4.36478	q_A  = 2.83950	Pmu = 0.01627	1-Pb  = 0.32542	CLs  = 0.05000
AsymptoticLimits.cc[337] : (in function: getCLs) - At r = 0.707559:	q_mu = 4.36475	q_A  = 2.83951	Pmu = 0.01627	1-Pb  = 0.32543	CLs  = 0.05000
AsymptoticLimits.cc[337] : (in function: getCLs) - At r = 0.707562:	q_mu = 4.36477	q_A  = 2.83949	Pmu = 0.01627	1-Pb  = 0.32542	CLs  = 0.05000
