CascadeMinimizer.cc[188] : (in function: improveOnce) - Minimization configured with Type=Minuit2, Algo=Migrad, strategy=0, tolerance=0.1
CascadeMinimizer.cc[215] : (in function: improveOnce) - Minimization finished with status=0
CascadeMinimizer.cc[219] : (in function: improveOnce) - Minimization success! status=0
ToyMCSamplerOpt.cc[146] : (in function: generateAsimov) - Using internal logic for binned/unbinned Asimov dataset generation
ToyMCSamplerOpt.cc[214] : (in function: generateWithHisto) - Generating asimov with histogram for pdf pdf_binpass_LOW_obsOnly: in 2 x-bins
ToyMCSamplerOpt.cc[215] : (in function: generateWithHisto) -  , in 1 y-bins
ToyMCSamplerOpt.cc[146] : (in function: generateAsimov) - Using internal logic for binned/unbinned Asimov dataset generation
ToyMCSamplerOpt.cc[214] : (in function: generateWithHisto) - Generating asimov with histogram for pdf pdf_binpass_SIG_obsOnly: in 1 x-bins
ToyMCSamplerOpt.cc[215] : (in function: generateWithHisto) -  , in 1 y-bins
ToyMCSamplerOpt.cc[146] : (in function: generateAsimov) - Using internal logic for binned/unbinned Asimov dataset generation
ToyMCSamplerOpt.cc[214] : (in function: generateWithHisto) - Generating asimov with histogram for pdf pdf_binpass_HIGH_obsOnly: in 9 x-bins
ToyMCSamplerOpt.cc[215] : (in function: generateWithHisto) -  , in 1 y-bins
ToyMCSamplerOpt.cc[146] : (in function: generateAsimov) - Using internal logic for binned/unbinned Asimov dataset generation
ToyMCSamplerOpt.cc[214] : (in function: generateWithHisto) - Generating asimov with histogram for pdf pdf_binfail_LOW_obsOnly: in 2 x-bins
ToyMCSamplerOpt.cc[215] : (in function: generateWithHisto) -  , in 1 y-bins
ToyMCSamplerOpt.cc[146] : (in function: generateAsimov) - Using internal logic for binned/unbinned Asimov dataset generation
ToyMCSamplerOpt.cc[214] : (in function: generateWithHisto) - Generating asimov with histogram for pdf pdf_binfail_SIG_obsOnly: in 1 x-bins
ToyMCSamplerOpt.cc[215] : (in function: generateWithHisto) -  , in 1 y-bins
ToyMCSamplerOpt.cc[146] : (in function: generateAsimov) - Using internal logic for binned/unbinned Asimov dataset generation
ToyMCSamplerOpt.cc[214] : (in function: generateWithHisto) - Generating asimov with histogram for pdf pdf_binfail_HIGH_obsOnly: in 9 x-bins
ToyMCSamplerOpt.cc[215] : (in function: generateWithHisto) -  , in 1 y-bins
AsymptoticLimits.cc[428] : (in function: runLimitExpected) - Median for expected limits = 0.875, Sigma for expected limits = 0.446437
AsymptoticLimits.cc[191] : (in function: runLimit) - NLL at global minimum of data = -25.0348 (r=1.3623e-06)
AsymptoticLimits.cc[211] : (in function: runLimit) - NLL at global minimum of asimov = -24.3461 (r=1.99191e-07)
AsymptoticLimits.cc[337] : (in function: getCLs) - At r = 1.200001:	q_mu = 6.39157	q_A  = 5.32744	Pmu = 0.00556	1-Pb  = 0.40885	CLs  = 0.01361
AsymptoticLimits.cc[337] : (in function: getCLs) - At r = 0.600001:	q_mu = 3.32855	q_A  = 2.54839	Pmu = 0.03283	1-Pb  = 0.40348	CLs  = 0.08137
AsymptoticLimits.cc[337] : (in function: getCLs) - At r = 0.900001:	q_mu = 4.88877	q_A  = 3.94818	Pmu = 0.01308	1-Pb  = 0.40645	CLs  = 0.03219
AsymptoticLimits.cc[337] : (in function: getCLs) - At r = 0.726045:	q_mu = 3.99136	q_A  = 3.13842	Pmu = 0.02209	1-Pb  = 0.40488	CLs  = 0.05457
AsymptoticLimits.cc[337] : (in function: getCLs) - At r = 0.783902:	q_mu = 4.29221	q_A  = 3.40865	Pmu = 0.01851	1-Pb  = 0.40544	CLs  = 0.04565
AsymptoticLimits.cc[337] : (in function: getCLs) - At r = 0.760312:	q_mu = 4.17009	q_A  = 3.29896	Pmu = 0.01989	1-Pb  = 0.40524	CLs  = 0.04907
AsymptoticLimits.cc[337] : (in function: getCLs) - At r = 0.748623:	q_mu = 4.10959	q_A  = 3.24474	Pmu = 0.02061	1-Pb  = 0.40514	CLs  = 0.05086
AsymptoticLimits.cc[337] : (in function: getCLs) - At r = 0.755425:	q_mu = 4.14523	q_A  = 3.27679	Pmu = 0.02018	1-Pb  = 0.40521	CLs  = 0.04980
AsymptoticLimits.cc[337] : (in function: getCLs) - At r = 0.753025:	q_mu = 4.13306	q_A  = 3.26591	Pmu = 0.02032	1-Pb  = 0.40520	CLs  = 0.05016
AsymptoticLimits.cc[337] : (in function: getCLs) - At r = 0.754349:	q_mu = 4.14025	q_A  = 3.27240	Pmu = 0.02024	1-Pb  = 0.40521	CLs  = 0.04994
AsymptoticLimits.cc[337] : (in function: getCLs) - At r = 0.753810:	q_mu = 4.13777	q_A  = 3.27020	Pmu = 0.02027	1-Pb  = 0.40521	CLs  = 0.05002
AsymptoticLimits.cc[337] : (in function: getCLs) - At r = 0.754023:	q_mu = 4.13920	q_A  = 3.27151	Pmu = 0.02025	1-Pb  = 0.40522	CLs  = 0.04998
AsymptoticLimits.cc[337] : (in function: getCLs) - At r = 0.753924:	q_mu = 4.13901	q_A  = 3.27135	Pmu = 0.02025	1-Pb  = 0.40522	CLs  = 0.04998
AsymptoticLimits.cc[337] : (in function: getCLs) - At r = 0.753877:	q_mu = 4.13908	q_A  = 3.27143	Pmu = 0.02025	1-Pb  = 0.40522	CLs  = 0.04998
AsymptoticLimits.cc[337] : (in function: getCLs) - At r = 0.753848:	q_mu = 4.13923	q_A  = 3.27159	Pmu = 0.02025	1-Pb  = 0.40522	CLs  = 0.04997
AsymptoticLimits.cc[337] : (in function: getCLs) - At r = 0.753830:	q_mu = 4.13943	q_A  = 3.27179	Pmu = 0.02025	1-Pb  = 0.40523	CLs  = 0.04997
AsymptoticLimits.cc[337] : (in function: getCLs) - At r = 0.753820:	q_mu = 4.13967	q_A  = 3.27202	Pmu = 0.02025	1-Pb  = 0.40523	CLs  = 0.04996
AsymptoticLimits.cc[337] : (in function: getCLs) - At r = 0.753814:	q_mu = 4.13992	q_A  = 3.27226	Pmu = 0.02024	1-Pb  = 0.40523	CLs  = 0.04995
