CascadeMinimizer.cc[188] : (in function: improveOnce) - Minimization configured with Type=Minuit2, Algo=Migrad, strategy=0, tolerance=0.1
CascadeMinimizer.cc[215] : (in function: improveOnce) - Minimization finished with status=0
CascadeMinimizer.cc[219] : (in function: improveOnce) - Minimization success! status=0
ToyMCSamplerOpt.cc[146] : (in function: generateAsimov) - Using internal logic for binned/unbinned Asimov dataset generation
ToyMCSamplerOpt.cc[214] : (in function: generateWithHisto) - Generating asimov with histogram for pdf pdf_binpass_LOW_obsOnly: in 3 x-bins
ToyMCSamplerOpt.cc[215] : (in function: generateWithHisto) -  , in 1 y-bins
ToyMCSamplerOpt.cc[146] : (in function: generateAsimov) - Using internal logic for binned/unbinned Asimov dataset generation
ToyMCSamplerOpt.cc[214] : (in function: generateWithHisto) - Generating asimov with histogram for pdf pdf_binpass_SIG_obsOnly: in 1 x-bins
ToyMCSamplerOpt.cc[215] : (in function: generateWithHisto) -  , in 1 y-bins
ToyMCSamplerOpt.cc[146] : (in function: generateAsimov) - Using internal logic for binned/unbinned Asimov dataset generation
ToyMCSamplerOpt.cc[214] : (in function: generateWithHisto) - Generating asimov with histogram for pdf pdf_binpass_HIGH_obsOnly: in 5 x-bins
ToyMCSamplerOpt.cc[215] : (in function: generateWithHisto) -  , in 1 y-bins
ToyMCSamplerOpt.cc[146] : (in function: generateAsimov) - Using internal logic for binned/unbinned Asimov dataset generation
ToyMCSamplerOpt.cc[214] : (in function: generateWithHisto) - Generating asimov with histogram for pdf pdf_binfail_LOW_obsOnly: in 3 x-bins
ToyMCSamplerOpt.cc[215] : (in function: generateWithHisto) -  , in 1 y-bins
ToyMCSamplerOpt.cc[146] : (in function: generateAsimov) - Using internal logic for binned/unbinned Asimov dataset generation
ToyMCSamplerOpt.cc[214] : (in function: generateWithHisto) - Generating asimov with histogram for pdf pdf_binfail_SIG_obsOnly: in 1 x-bins
ToyMCSamplerOpt.cc[215] : (in function: generateWithHisto) -  , in 1 y-bins
ToyMCSamplerOpt.cc[146] : (in function: generateAsimov) - Using internal logic for binned/unbinned Asimov dataset generation
ToyMCSamplerOpt.cc[214] : (in function: generateWithHisto) - Generating asimov with histogram for pdf pdf_binfail_HIGH_obsOnly: in 5 x-bins
ToyMCSamplerOpt.cc[215] : (in function: generateWithHisto) -  , in 1 y-bins
AsymptoticLimits.cc[428] : (in function: runLimitExpected) - Median for expected limits = 0.498047, Sigma for expected limits = 0.25411
AsymptoticLimits.cc[191] : (in function: runLimit) - NLL at global minimum of data = -51.0303 (r=2.49747e-08)
AsymptoticLimits.cc[211] : (in function: runLimit) - NLL at global minimum of asimov = -50.5371 (r=0.000209593)
AsymptoticLimits.cc[337] : (in function: getCLs) - At r = 1.200000:	q_mu = 11.39110	q_A  = 9.49142	Pmu = 0.00035	1-Pb  = 0.37892	CLs  = 0.00093
AsymptoticLimits.cc[337] : (in function: getCLs) - At r = 0.600000:	q_mu = 6.02489	q_A  = 4.67713	Pmu = 0.00668	1-Pb  = 0.37767	CLs  = 0.01768
AsymptoticLimits.cc[337] : (in function: getCLs) - At r = 0.300000:	q_mu = 3.11097	q_A  = 2.22820	Pmu = 0.03685	1-Pb  = 0.38373	CLs  = 0.09604
AsymptoticLimits.cc[337] : (in function: getCLs) - At r = 0.452559:	q_mu = 4.61403	q_A  = 3.47856	Pmu = 0.01502	1-Pb  = 0.38041	CLs  = 0.03949
AsymptoticLimits.cc[337] : (in function: getCLs) - At r = 0.389644:	q_mu = 3.99968	q_A  = 2.96402	Pmu = 0.02157	1-Pb  = 0.38179	CLs  = 0.05649
AsymptoticLimits.cc[337] : (in function: getCLs) - At r = 0.419382:	q_mu = 4.29097	q_A  = 3.20746	Pmu = 0.01816	1-Pb  = 0.38114	CLs  = 0.04763
AsymptoticLimits.cc[337] : (in function: getCLs) - At r = 0.406671:	q_mu = 4.16664	q_A  = 3.10338	Pmu = 0.01954	1-Pb  = 0.38141	CLs  = 0.05122
AsymptoticLimits.cc[337] : (in function: getCLs) - At r = 0.412593:	q_mu = 4.22458	q_A  = 3.15187	Pmu = 0.01888	1-Pb  = 0.38128	CLs  = 0.04952
AsymptoticLimits.cc[337] : (in function: getCLs) - At r = 0.410046:	q_mu = 4.19966	q_A  = 3.13102	Pmu = 0.01916	1-Pb  = 0.38134	CLs  = 0.05024
AsymptoticLimits.cc[337] : (in function: getCLs) - At r = 0.411230:	q_mu = 4.21124	q_A  = 3.14071	Pmu = 0.01903	1-Pb  = 0.38131	CLs  = 0.04990
AsymptoticLimits.cc[337] : (in function: getCLs) - At r = 0.410721:	q_mu = 4.20625	q_A  = 3.13654	Pmu = 0.01908	1-Pb  = 0.38133	CLs  = 0.05005
AsymptoticLimits.cc[337] : (in function: getCLs) - At r = 0.410958:	q_mu = 4.20856	q_A  = 3.13848	Pmu = 0.01906	1-Pb  = 0.38132	CLs  = 0.04998
AsymptoticLimits.cc[337] : (in function: getCLs) - At r = 0.410857:	q_mu = 4.20756	q_A  = 3.13765	Pmu = 0.01907	1-Pb  = 0.38132	CLs  = 0.05001
AsymptoticLimits.cc[337] : (in function: getCLs) - At r = 0.410905:	q_mu = 4.20802	q_A  = 3.13804	Pmu = 0.01906	1-Pb  = 0.38132	CLs  = 0.05000
AsymptoticLimits.cc[337] : (in function: getCLs) - At r = 0.410885:	q_mu = 4.20782	q_A  = 3.13788	Pmu = 0.01907	1-Pb  = 0.38133	CLs  = 0.05000
AsymptoticLimits.cc[337] : (in function: getCLs) - At r = 0.410895:	q_mu = 4.20791	q_A  = 3.13796	Pmu = 0.01907	1-Pb  = 0.38133	CLs  = 0.05000
AsymptoticLimits.cc[337] : (in function: getCLs) - At r = 0.410892:	q_mu = 4.20787	q_A  = 3.13794	Pmu = 0.01907	1-Pb  = 0.38133	CLs  = 0.05000
AsymptoticLimits.cc[337] : (in function: getCLs) - At r = 0.410894:	q_mu = 4.20788	q_A  = 3.13795	Pmu = 0.01907	1-Pb  = 0.38133	CLs  = 0.05000
