CascadeMinimizer.cc[188] : (in function: improveOnce) - Minimization configured with Type=Minuit2, Algo=Migrad, strategy=0, tolerance=0.1
CascadeMinimizer.cc[215] : (in function: improveOnce) - Minimization finished with status=0
CascadeMinimizer.cc[219] : (in function: improveOnce) - Minimization success! status=0
ToyMCSamplerOpt.cc[146] : (in function: generateAsimov) - Using internal logic for binned/unbinned Asimov dataset generation
ToyMCSamplerOpt.cc[214] : (in function: generateWithHisto) - Generating asimov with histogram for pdf pdf_binpass_LOW_obsOnly: in 3 x-bins
ToyMCSamplerOpt.cc[215] : (in function: generateWithHisto) -  , in 1 y-bins
ToyMCSamplerOpt.cc[146] : (in function: generateAsimov) - Using internal logic for binned/unbinned Asimov dataset generation
ToyMCSamplerOpt.cc[214] : (in function: generateWithHisto) - Generating asimov with histogram for pdf pdf_binpass_SIG_obsOnly: in 1 x-bins
ToyMCSamplerOpt.cc[215] : (in function: generateWithHisto) -  , in 1 y-bins
ToyMCSamplerOpt.cc[146] : (in function: generateAsimov) - Using internal logic for binned/unbinned Asimov dataset generation
ToyMCSamplerOpt.cc[214] : (in function: generateWithHisto) - Generating asimov with histogram for pdf pdf_binpass_HIGH_obsOnly: in 3 x-bins
ToyMCSamplerOpt.cc[215] : (in function: generateWithHisto) -  , in 1 y-bins
ToyMCSamplerOpt.cc[146] : (in function: generateAsimov) - Using internal logic for binned/unbinned Asimov dataset generation
ToyMCSamplerOpt.cc[214] : (in function: generateWithHisto) - Generating asimov with histogram for pdf pdf_binfail_LOW_obsOnly: in 3 x-bins
ToyMCSamplerOpt.cc[215] : (in function: generateWithHisto) -  , in 1 y-bins
ToyMCSamplerOpt.cc[146] : (in function: generateAsimov) - Using internal logic for binned/unbinned Asimov dataset generation
ToyMCSamplerOpt.cc[214] : (in function: generateWithHisto) - Generating asimov with histogram for pdf pdf_binfail_SIG_obsOnly: in 1 x-bins
ToyMCSamplerOpt.cc[215] : (in function: generateWithHisto) -  , in 1 y-bins
ToyMCSamplerOpt.cc[146] : (in function: generateAsimov) - Using internal logic for binned/unbinned Asimov dataset generation
ToyMCSamplerOpt.cc[214] : (in function: generateWithHisto) - Generating asimov with histogram for pdf pdf_binfail_HIGH_obsOnly: in 3 x-bins
ToyMCSamplerOpt.cc[215] : (in function: generateWithHisto) -  , in 1 y-bins
AsymptoticLimits.cc[428] : (in function: runLimitExpected) - Median for expected limits = 1.77344, Sigma for expected limits = 0.904832
AsymptoticLimits.cc[191] : (in function: runLimit) - NLL at global minimum of data = -8457.33 (r=1.79432)
AsymptoticLimits.cc[211] : (in function: runLimit) - NLL at global minimum of asimov = -8451.31 (r=0.00491752)
AsymptoticLimits.cc[337] : (in function: getCLs) - At r = 3.642130:	q_mu = 3.31349	q_A  = 10.42433	Pmu = 0.03436	1-Pb  = 0.92049	CLs  = 0.03732
AsymptoticLimits.cc[337] : (in function: getCLs) - At r = 2.718226:	q_mu = 1.10730	q_A  = 7.07243	Pmu = 0.14634	1-Pb  = 0.94599	CLs  = 0.15469
AsymptoticLimits.cc[337] : (in function: getCLs) - At r = 3.180178:	q_mu = 2.13813	q_A  = 8.74439	Pmu = 0.07184	1-Pb  = 0.93252	CLs  = 0.07704
AsymptoticLimits.cc[337] : (in function: getCLs) - At r = 3.400629:	q_mu = 2.68552	q_A  = 9.54630	Pmu = 0.05063	1-Pb  = 0.92660	CLs  = 0.05464
AsymptoticLimits.cc[337] : (in function: getCLs) - At r = 3.493934:	q_mu = 2.92513	q_A  = 9.88573	Pmu = 0.04361	1-Pb  = 0.92419	CLs  = 0.04718
AsymptoticLimits.cc[337] : (in function: getCLs) - At r = 3.445775:	q_mu = 2.80088	q_A  = 9.71054	Pmu = 0.04711	1-Pb  = 0.92543	CLs  = 0.05090
AsymptoticLimits.cc[337] : (in function: getCLs) - At r = 3.464484:	q_mu = 2.84898	q_A  = 9.77861	Pmu = 0.04572	1-Pb  = 0.92495	CLs  = 0.04943
AsymptoticLimits.cc[337] : (in function: getCLs) - At r = 3.454864:	q_mu = 2.82422	q_A  = 9.74361	Pmu = 0.04643	1-Pb  = 0.92520	CLs  = 0.05018
AsymptoticLimits.cc[337] : (in function: getCLs) - At r = 3.458608:	q_mu = 2.83385	q_A  = 9.75723	Pmu = 0.04615	1-Pb  = 0.92510	CLs  = 0.04988
AsymptoticLimits.cc[337] : (in function: getCLs) - At r = 3.456684:	q_mu = 2.82891	q_A  = 9.75023	Pmu = 0.04629	1-Pb  = 0.92515	CLs  = 0.05004
AsymptoticLimits.cc[337] : (in function: getCLs) - At r = 3.457433:	q_mu = 2.83083	q_A  = 9.75296	Pmu = 0.04624	1-Pb  = 0.92513	CLs  = 0.04998
AsymptoticLimits.cc[337] : (in function: getCLs) - At r = 3.457048:	q_mu = 2.82984	q_A  = 9.75156	Pmu = 0.04626	1-Pb  = 0.92514	CLs  = 0.05001
AsymptoticLimits.cc[337] : (in function: getCLs) - At r = 3.457198:	q_mu = 2.83023	q_A  = 9.75210	Pmu = 0.04625	1-Pb  = 0.92514	CLs  = 0.05000
AsymptoticLimits.cc[337] : (in function: getCLs) - At r = 3.457121:	q_mu = 2.83003	q_A  = 9.75182	Pmu = 0.04626	1-Pb  = 0.92514	CLs  = 0.05000
AsymptoticLimits.cc[337] : (in function: getCLs) - At r = 3.457151:	q_mu = 2.83011	q_A  = 9.75193	Pmu = 0.04626	1-Pb  = 0.92514	CLs  = 0.05000
AsymptoticLimits.cc[337] : (in function: getCLs) - At r = 3.457136:	q_mu = 2.83007	q_A  = 9.75187	Pmu = 0.04626	1-Pb  = 0.92514	CLs  = 0.05000
