 <<< Combine >>> 
 <<< v10.0.1 >>>
>>> Random number generator seed is 123456
>>> Method used is FitDiagnostics
Set Default Value of Parameter mask_pass_SIG To : 1
Set Default Value of Parameter mask_pass_HIGH To : 1
Set Default Value of Parameter r To : 1
>>> 2 out of 6 channels masked

>> Found 16 floating parameters
>> The following parameters are protected in the event of negative eigenvalues:
>> Parameter CMS_AN23122_Background_rpf_2x0_par2 does not have a valid stencil and will be dropped
>> Verifying eigenvalues are all positive (iteration 0)
Eigenvalue 14 : -0.000136566
 - -0.754014	CMS_AN23122_Background_rpf_2x0_par3
 - 0.646116	CMS_AN23122_Background_rpf_2x0_par0
 - 0.118308	CMS_AN23122_Background_rpf_2x0_par1
 - -0.000324438	CMS_AN23122_Background_fail_LOW_bin_2-1
 - 0.000222318	CMS_AN23122_Background_fail_LOW_bin_1-1
>> Attempt 0 failed, remove the variable with largest eigenvector component...
>> Dropping CMS_AN23122_Background_rpf_2x0_par3 from the hessian
>> Verifying eigenvalues are all positive (iteration 1)
>> All eigenvalues are positive
>> Inverting Hessian...
>> Matrix inverted
>> Note: the following parameters were dropped as their ranges are either too narrow or the parameter has no effect on the NLL:
     - CMS_AN23122_Background_rpf_2x0_par2
>> Note: the following parameters were dropped to make the covariance matrix pos-def:
     - CMS_AN23122_Background_rpf_2x0_par3
 Fit B-only, status = 0, numBadNLL = 0, covariance quality = -1
Running Minos for POI r
>> Found 17 floating parameters
>> The following parameters are protected in the event of negative eigenvalues: r
>> Parameter CMS_AN23122_Background_rpf_2x0_par2 does not have a valid stencil and will be dropped
>> Verifying eigenvalues are all positive (iteration 0)
Eigenvalue 15 : -0.00239706
 - 0.692048	r
 - -0.632479	CMS_AN23122_Background_fail_HIGH_bin_3-1
 - -0.229806	CMS_AN23122_Background_rpf_2x0_par1
 - -0.203175	CMS_AN23122_Background_fail_HIGH_bin_4-1
 - -0.120263	CMS_AN23122_Background_fail_HIGH_bin_2-1
>> Attempt 0 failed, remove the variable with largest eigenvector component...
>> Dropping CMS_AN23122_Background_fail_HIGH_bin_3-1 from the hessian
>> Verifying eigenvalues are all positive (iteration 1)
Eigenvalue 14 : -2.75082e-05
 - -0.749732	CMS_AN23122_Background_rpf_2x0_par3
 - 0.653075	CMS_AN23122_Background_rpf_2x0_par0
 - 0.106711	CMS_AN23122_Background_rpf_2x0_par1
 - -0.00243486	r
 - 0.000698192	CMS_AN23122_Background_fail_HIGH_bin_4-1
>> Attempt 1 failed, remove the variable with largest eigenvector component...
>> Dropping CMS_AN23122_Background_rpf_2x0_par3 from the hessian
>> Verifying eigenvalues are all positive (iteration 2)
>> All eigenvalues are positive
>> Inverting Hessian...
>> Matrix inverted
>> Note: the following parameters were dropped as their ranges are either too narrow or the parameter has no effect on the NLL:
     - CMS_AN23122_Background_rpf_2x0_par2
>> Note: the following parameters were dropped to make the covariance matrix pos-def:
     - CMS_AN23122_Background_fail_HIGH_bin_3-1
     - CMS_AN23122_Background_rpf_2x0_par3
Fit S+B, status = 0, numBadNLL = 0, covariance quality = -1

 --- FitDiagnostics ---
Best fit r: 3.20559  -3.20559/+46.7944  (68% CL)
Done in 0.00 min (cpu), 0.00 min (real)
31 log messages saved to combine_logger.out
