CascadeMinimizer.cc[188] : (in function: improveOnce) - Minimization configured with Type=Minuit2, Algo=Migrad, strategy=0, tolerance=0.1
CascadeMinimizer.cc[215] : (in function: improveOnce) - Minimization finished with status=0
CascadeMinimizer.cc[219] : (in function: improveOnce) - Minimization success! status=0
ToyMCSamplerOpt.cc[146] : (in function: generateAsimov) - Using internal logic for binned/unbinned Asimov dataset generation
ToyMCSamplerOpt.cc[214] : (in function: generateWithHisto) - Generating asimov with histogram for pdf pdf_binpass_LOW_obsOnly: in 4 x-bins
ToyMCSamplerOpt.cc[215] : (in function: generateWithHisto) -  , in 1 y-bins
ToyMCSamplerOpt.cc[146] : (in function: generateAsimov) - Using internal logic for binned/unbinned Asimov dataset generation
ToyMCSamplerOpt.cc[214] : (in function: generateWithHisto) - Generating asimov with histogram for pdf pdf_binpass_SIG_obsOnly: in 3 x-bins
ToyMCSamplerOpt.cc[215] : (in function: generateWithHisto) -  , in 1 y-bins
ToyMCSamplerOpt.cc[146] : (in function: generateAsimov) - Using internal logic for binned/unbinned Asimov dataset generation
ToyMCSamplerOpt.cc[214] : (in function: generateWithHisto) - Generating asimov with histogram for pdf pdf_binpass_HIGH_obsOnly: in 7 x-bins
ToyMCSamplerOpt.cc[215] : (in function: generateWithHisto) -  , in 1 y-bins
ToyMCSamplerOpt.cc[146] : (in function: generateAsimov) - Using internal logic for binned/unbinned Asimov dataset generation
ToyMCSamplerOpt.cc[214] : (in function: generateWithHisto) - Generating asimov with histogram for pdf pdf_binfail_LOW_obsOnly: in 4 x-bins
ToyMCSamplerOpt.cc[215] : (in function: generateWithHisto) -  , in 1 y-bins
ToyMCSamplerOpt.cc[146] : (in function: generateAsimov) - Using internal logic for binned/unbinned Asimov dataset generation
ToyMCSamplerOpt.cc[214] : (in function: generateWithHisto) - Generating asimov with histogram for pdf pdf_binfail_SIG_obsOnly: in 3 x-bins
ToyMCSamplerOpt.cc[215] : (in function: generateWithHisto) -  , in 1 y-bins
ToyMCSamplerOpt.cc[146] : (in function: generateAsimov) - Using internal logic for binned/unbinned Asimov dataset generation
ToyMCSamplerOpt.cc[214] : (in function: generateWithHisto) - Generating asimov with histogram for pdf pdf_binfail_HIGH_obsOnly: in 7 x-bins
ToyMCSamplerOpt.cc[215] : (in function: generateWithHisto) -  , in 1 y-bins
AsymptoticLimits.cc[428] : (in function: runLimitExpected) - Median for expected limits = 0.435547, Sigma for expected limits = 0.222222
AsymptoticLimits.cc[191] : (in function: runLimit) - NLL at global minimum of data = -11150.8 (r=2.92808e-08)
AsymptoticLimits.cc[211] : (in function: runLimit) - NLL at global minimum of asimov = -11149.8 (r=6.67738e-06)
AsymptoticLimits.cc[337] : (in function: getCLs) - At r = 1.200000:	q_mu = 15.35334	q_A  = 10.54384	Pmu = 0.00003	1-Pb  = 0.22947	CLs  = 0.00015
AsymptoticLimits.cc[337] : (in function: getCLs) - At r = 0.600000:	q_mu = 9.16764	q_A  = 5.42099	Pmu = 0.00087	1-Pb  = 0.21053	CLs  = 0.00411
AsymptoticLimits.cc[337] : (in function: getCLs) - At r = 0.300000:	q_mu = 5.19265	q_A  = 2.47679	Pmu = 0.00741	1-Pb  = 0.19411	CLs  = 0.03819
AsymptoticLimits.cc[337] : (in function: getCLs) - At r = 0.150000:	q_mu = 2.81303	q_A  = 0.99881	Pmu = 0.02826	1-Pb  = 0.18203	CLs  = 0.15523
AsymptoticLimits.cc[337] : (in function: getCLs) - At r = 0.225000:	q_mu = 4.04549	q_A  = 1.72268	Pmu = 0.01400	1-Pb  = 0.18811	CLs  = 0.07441
AsymptoticLimits.cc[337] : (in function: getCLs) - At r = 0.260756:	q_mu = 4.60205	q_A  = 2.08072	Pmu = 0.01027	1-Pb  = 0.19107	CLs  = 0.05374
AsymptoticLimits.cc[337] : (in function: getCLs) - At r = 0.275228:	q_mu = 4.82230	q_A  = 2.22672	Pmu = 0.00909	1-Pb  = 0.19223	CLs  = 0.04729
AsymptoticLimits.cc[337] : (in function: getCLs) - At r = 0.267282:	q_mu = 4.70170	q_A  = 2.14648	Pmu = 0.00972	1-Pb  = 0.19159	CLs  = 0.05071
AsymptoticLimits.cc[337] : (in function: getCLs) - At r = 0.270158:	q_mu = 4.74541	q_A  = 2.17549	Pmu = 0.00948	1-Pb  = 0.19183	CLs  = 0.04944
AsymptoticLimits.cc[337] : (in function: getCLs) - At r = 0.268567:	q_mu = 4.72122	q_A  = 2.15942	Pmu = 0.00961	1-Pb  = 0.19170	CLs  = 0.05014
AsymptoticLimits.cc[337] : (in function: getCLs) - At r = 0.269142:	q_mu = 4.72996	q_A  = 2.16522	Pmu = 0.00957	1-Pb  = 0.19174	CLs  = 0.04989
AsymptoticLimits.cc[337] : (in function: getCLs) - At r = 0.268824:	q_mu = 4.72513	q_A  = 2.16201	Pmu = 0.00959	1-Pb  = 0.19172	CLs  = 0.05003
AsymptoticLimits.cc[337] : (in function: getCLs) - At r = 0.268939:	q_mu = 4.72700	q_A  = 2.16317	Pmu = 0.00958	1-Pb  = 0.19172	CLs  = 0.04998
AsymptoticLimits.cc[337] : (in function: getCLs) - At r = 0.268873:	q_mu = 4.72590	q_A  = 2.16250	Pmu = 0.00959	1-Pb  = 0.19172	CLs  = 0.05001
AsymptoticLimits.cc[337] : (in function: getCLs) - At r = 0.268897:	q_mu = 4.72624	q_A  = 2.16274	Pmu = 0.00959	1-Pb  = 0.19172	CLs  = 0.05000
AsymptoticLimits.cc[337] : (in function: getCLs) - At r = 0.268885:	q_mu = 4.72605	q_A  = 2.16262	Pmu = 0.00959	1-Pb  = 0.19172	CLs  = 0.05000
AsymptoticLimits.cc[337] : (in function: getCLs) - At r = 0.268890:	q_mu = 4.72613	q_A  = 2.16271	Pmu = 0.00959	1-Pb  = 0.19173	CLs  = 0.05000
AsymptoticLimits.cc[337] : (in function: getCLs) - At r = 0.268887:	q_mu = 4.72620	q_A  = 2.16266	Pmu = 0.00959	1-Pb  = 0.19171	CLs  = 0.05000
