CascadeMinimizer.cc[188] : (in function: improveOnce) - Minimization configured with Type=Minuit2, Algo=Migrad, strategy=0, tolerance=0.1
CascadeMinimizer.cc[215] : (in function: improveOnce) - Minimization finished with status=0
CascadeMinimizer.cc[219] : (in function: improveOnce) - Minimization success! status=0
ToyMCSamplerOpt.cc[146] : (in function: generateAsimov) - Using internal logic for binned/unbinned Asimov dataset generation
ToyMCSamplerOpt.cc[214] : (in function: generateWithHisto) - Generating asimov with histogram for pdf pdf_binpass_LOW_obsOnly: in 2 x-bins
ToyMCSamplerOpt.cc[215] : (in function: generateWithHisto) -  , in 1 y-bins
ToyMCSamplerOpt.cc[146] : (in function: generateAsimov) - Using internal logic for binned/unbinned Asimov dataset generation
ToyMCSamplerOpt.cc[214] : (in function: generateWithHisto) - Generating asimov with histogram for pdf pdf_binpass_SIG_obsOnly: in 1 x-bins
ToyMCSamplerOpt.cc[215] : (in function: generateWithHisto) -  , in 1 y-bins
ToyMCSamplerOpt.cc[146] : (in function: generateAsimov) - Using internal logic for binned/unbinned Asimov dataset generation
ToyMCSamplerOpt.cc[214] : (in function: generateWithHisto) - Generating asimov with histogram for pdf pdf_binpass_HIGH_obsOnly: in 9 x-bins
ToyMCSamplerOpt.cc[215] : (in function: generateWithHisto) -  , in 1 y-bins
ToyMCSamplerOpt.cc[146] : (in function: generateAsimov) - Using internal logic for binned/unbinned Asimov dataset generation
ToyMCSamplerOpt.cc[214] : (in function: generateWithHisto) - Generating asimov with histogram for pdf pdf_binfail_LOW_obsOnly: in 2 x-bins
ToyMCSamplerOpt.cc[215] : (in function: generateWithHisto) -  , in 1 y-bins
ToyMCSamplerOpt.cc[146] : (in function: generateAsimov) - Using internal logic for binned/unbinned Asimov dataset generation
ToyMCSamplerOpt.cc[214] : (in function: generateWithHisto) - Generating asimov with histogram for pdf pdf_binfail_SIG_obsOnly: in 1 x-bins
ToyMCSamplerOpt.cc[215] : (in function: generateWithHisto) -  , in 1 y-bins
ToyMCSamplerOpt.cc[146] : (in function: generateAsimov) - Using internal logic for binned/unbinned Asimov dataset generation
ToyMCSamplerOpt.cc[214] : (in function: generateWithHisto) - Generating asimov with histogram for pdf pdf_binfail_HIGH_obsOnly: in 9 x-bins
ToyMCSamplerOpt.cc[215] : (in function: generateWithHisto) -  , in 1 y-bins
AsymptoticLimits.cc[428] : (in function: runLimitExpected) - Median for expected limits = 0.832031, Sigma for expected limits = 0.424514
AsymptoticLimits.cc[191] : (in function: runLimit) - NLL at global minimum of data = -554.329 (r=3.22742e-08)
AsymptoticLimits.cc[211] : (in function: runLimit) - NLL at global minimum of asimov = -552.606 (r=1.64879e-07)
AsymptoticLimits.cc[337] : (in function: getCLs) - At r = 1.200000:	q_mu = 10.98711	q_A  = 6.18818	Pmu = 0.00028	1-Pb  = 0.16738	CLs  = 0.00166
AsymptoticLimits.cc[337] : (in function: getCLs) - At r = 0.600000:	q_mu = 5.69300	q_A  = 2.43493	Pmu = 0.00460	1-Pb  = 0.14825	CLs  = 0.03104
AsymptoticLimits.cc[337] : (in function: getCLs) - At r = 0.300000:	q_mu = 2.89964	q_A  = 0.85494	Pmu = 0.02116	1-Pb  = 0.13443	CLs  = 0.15742
AsymptoticLimits.cc[337] : (in function: getCLs) - At r = 0.450000:	q_mu = 4.30800	q_A  = 1.59961	Pmu = 0.00976	1-Pb  = 0.14215	CLs  = 0.06866
AsymptoticLimits.cc[337] : (in function: getCLs) - At r = 0.527935:	q_mu = 5.03007	q_A  = 2.02599	Pmu = 0.00659	1-Pb  = 0.14565	CLs  = 0.04527
AsymptoticLimits.cc[337] : (in function: getCLs) - At r = 0.497480:	q_mu = 4.74830	q_A  = 1.85655	Pmu = 0.00768	1-Pb  = 0.14431	CLs  = 0.05323
AsymptoticLimits.cc[337] : (in function: getCLs) - At r = 0.512991:	q_mu = 4.89167	q_A  = 1.94241	Pmu = 0.00711	1-Pb  = 0.14501	CLs  = 0.04901
AsymptoticLimits.cc[337] : (in function: getCLs) - At r = 0.506895:	q_mu = 4.83532	q_A  = 1.90854	Pmu = 0.00733	1-Pb  = 0.14474	CLs  = 0.05063
AsymptoticLimits.cc[337] : (in function: getCLs) - At r = 0.509996:	q_mu = 4.86394	q_A  = 1.92572	Pmu = 0.00722	1-Pb  = 0.14488	CLs  = 0.04980
AsymptoticLimits.cc[337] : (in function: getCLs) - At r = 0.508779:	q_mu = 4.85259	q_A  = 1.91895	Pmu = 0.00726	1-Pb  = 0.14483	CLs  = 0.05013
AsymptoticLimits.cc[337] : (in function: getCLs) - At r = 0.509404:	q_mu = 4.85835	q_A  = 1.92240	Pmu = 0.00724	1-Pb  = 0.14486	CLs  = 0.04996
AsymptoticLimits.cc[337] : (in function: getCLs) - At r = 0.509165:	q_mu = 4.85614	q_A  = 1.92106	Pmu = 0.00725	1-Pb  = 0.14484	CLs  = 0.05003
AsymptoticLimits.cc[337] : (in function: getCLs) - At r = 0.509291:	q_mu = 4.85730	q_A  = 1.92174	Pmu = 0.00724	1-Pb  = 0.14485	CLs  = 0.04999
AsymptoticLimits.cc[337] : (in function: getCLs) - At r = 0.509244:	q_mu = 4.85687	q_A  = 1.92146	Pmu = 0.00724	1-Pb  = 0.14484	CLs  = 0.05001
AsymptoticLimits.cc[337] : (in function: getCLs) - At r = 0.509270:	q_mu = 4.85714	q_A  = 1.92159	Pmu = 0.00724	1-Pb  = 0.14484	CLs  = 0.05000
AsymptoticLimits.cc[337] : (in function: getCLs) - At r = 0.509259:	q_mu = 4.85701	q_A  = 1.92152	Pmu = 0.00724	1-Pb  = 0.14484	CLs  = 0.05000
AsymptoticLimits.cc[337] : (in function: getCLs) - At r = 0.509265:	q_mu = 4.85707	q_A  = 1.92153	Pmu = 0.00724	1-Pb  = 0.14483	CLs  = 0.05000
AsymptoticLimits.cc[337] : (in function: getCLs) - At r = 0.509267:	q_mu = 4.85708	q_A  = 1.92153	Pmu = 0.00724	1-Pb  = 0.14483	CLs  = 0.05000
