CascadeMinimizer.cc[188] : (in function: improveOnce) - Minimization configured with Type=Minuit2, Algo=Migrad, strategy=0, tolerance=0.1
CascadeMinimizer.cc[215] : (in function: improveOnce) - Minimization finished with status=0
CascadeMinimizer.cc[219] : (in function: improveOnce) - Minimization success! status=0
ToyMCSamplerOpt.cc[146] : (in function: generateAsimov) - Using internal logic for binned/unbinned Asimov dataset generation
ToyMCSamplerOpt.cc[214] : (in function: generateWithHisto) - Generating asimov with histogram for pdf pdf_binpass_LOW_obsOnly: in 2 x-bins
ToyMCSamplerOpt.cc[215] : (in function: generateWithHisto) -  , in 1 y-bins
ToyMCSamplerOpt.cc[146] : (in function: generateAsimov) - Using internal logic for binned/unbinned Asimov dataset generation
ToyMCSamplerOpt.cc[214] : (in function: generateWithHisto) - Generating asimov with histogram for pdf pdf_binpass_SIG_obsOnly: in 1 x-bins
ToyMCSamplerOpt.cc[215] : (in function: generateWithHisto) -  , in 1 y-bins
ToyMCSamplerOpt.cc[146] : (in function: generateAsimov) - Using internal logic for binned/unbinned Asimov dataset generation
ToyMCSamplerOpt.cc[214] : (in function: generateWithHisto) - Generating asimov with histogram for pdf pdf_binpass_HIGH_obsOnly: in 9 x-bins
ToyMCSamplerOpt.cc[215] : (in function: generateWithHisto) -  , in 1 y-bins
ToyMCSamplerOpt.cc[146] : (in function: generateAsimov) - Using internal logic for binned/unbinned Asimov dataset generation
ToyMCSamplerOpt.cc[214] : (in function: generateWithHisto) - Generating asimov with histogram for pdf pdf_binfail_LOW_obsOnly: in 2 x-bins
ToyMCSamplerOpt.cc[215] : (in function: generateWithHisto) -  , in 1 y-bins
ToyMCSamplerOpt.cc[146] : (in function: generateAsimov) - Using internal logic for binned/unbinned Asimov dataset generation
ToyMCSamplerOpt.cc[214] : (in function: generateWithHisto) - Generating asimov with histogram for pdf pdf_binfail_SIG_obsOnly: in 1 x-bins
ToyMCSamplerOpt.cc[215] : (in function: generateWithHisto) -  , in 1 y-bins
ToyMCSamplerOpt.cc[146] : (in function: generateAsimov) - Using internal logic for binned/unbinned Asimov dataset generation
ToyMCSamplerOpt.cc[214] : (in function: generateWithHisto) - Generating asimov with histogram for pdf pdf_binfail_HIGH_obsOnly: in 9 x-bins
ToyMCSamplerOpt.cc[215] : (in function: generateWithHisto) -  , in 1 y-bins
AsymptoticLimits.cc[428] : (in function: runLimitExpected) - Median for expected limits = 2.01562, Sigma for expected limits = 1.0284
AsymptoticLimits.cc[191] : (in function: runLimit) - NLL at global minimum of data = -546.221 (r=3.02641e-07)
AsymptoticLimits.cc[211] : (in function: runLimit) - NLL at global minimum of asimov = -545.616 (r=9.23175e-08)
AsymptoticLimits.cc[337] : (in function: getCLs) - At r = 1.200000:	q_mu = 3.27995	q_A  = 2.10013	Pmu = 0.03171	1-Pb  = 0.34198	CLs  = 0.09272
AsymptoticLimits.cc[337] : (in function: getCLs) - At r = 2.400001:	q_mu = 6.29399	q_A  = 4.66606	Pmu = 0.00559	1-Pb  = 0.35316	CLs  = 0.01583
AsymptoticLimits.cc[337] : (in function: getCLs) - At r = 1.200000:	q_mu = 3.28002	q_A  = 2.10013	Pmu = 0.03171	1-Pb  = 0.34197	CLs  = 0.09272
AsymptoticLimits.cc[337] : (in function: getCLs) - At r = 1.775427:	q_mu = 4.75439	q_A  = 3.32951	Pmu = 0.01338	1-Pb  = 0.34810	CLs  = 0.03842
AsymptoticLimits.cc[337] : (in function: getCLs) - At r = 1.522718:	q_mu = 4.11377	q_A  = 2.78774	Pmu = 0.01938	1-Pb  = 0.34565	CLs  = 0.05607
AsymptoticLimits.cc[337] : (in function: getCLs) - At r = 1.634519:	q_mu = 4.39852	q_A  = 3.02721	Pmu = 0.01642	1-Pb  = 0.34676	CLs  = 0.04736
AsymptoticLimits.cc[337] : (in function: getCLs) - At r = 1.583407:	q_mu = 4.26859	q_A  = 2.91766	Pmu = 0.01771	1-Pb  = 0.34626	CLs  = 0.05114
AsymptoticLimits.cc[337] : (in function: getCLs) - At r = 1.605652:	q_mu = 4.32524	q_A  = 2.96531	Pmu = 0.01714	1-Pb  = 0.34647	CLs  = 0.04946
AsymptoticLimits.cc[337] : (in function: getCLs) - At r = 1.595400:	q_mu = 4.29916	q_A  = 2.94334	Pmu = 0.01740	1-Pb  = 0.34637	CLs  = 0.05023
AsymptoticLimits.cc[337] : (in function: getCLs) - At r = 1.599843:	q_mu = 4.31046	q_A  = 2.95285	Pmu = 0.01728	1-Pb  = 0.34641	CLs  = 0.04989
AsymptoticLimits.cc[337] : (in function: getCLs) - At r = 1.597793:	q_mu = 4.30524	q_A  = 2.94850	Pmu = 0.01734	1-Pb  = 0.34640	CLs  = 0.05004
AsymptoticLimits.cc[337] : (in function: getCLs) - At r = 1.598679:	q_mu = 4.30761	q_A  = 2.95034	Pmu = 0.01731	1-Pb  = 0.34639	CLs  = 0.04998
AsymptoticLimits.cc[337] : (in function: getCLs) - At r = 1.598256:	q_mu = 4.30652	q_A  = 2.94942	Pmu = 0.01732	1-Pb  = 0.34638	CLs  = 0.05001
AsymptoticLimits.cc[337] : (in function: getCLs) - At r = 1.598429:	q_mu = 4.30696	q_A  = 2.94979	Pmu = 0.01732	1-Pb  = 0.34638	CLs  = 0.05000
AsymptoticLimits.cc[337] : (in function: getCLs) - At r = 1.598347:	q_mu = 4.30691	q_A  = 2.94961	Pmu = 0.01732	1-Pb  = 0.34637	CLs  = 0.05000
AsymptoticLimits.cc[337] : (in function: getCLs) - At r = 1.598317:	q_mu = 4.30681	q_A  = 2.94952	Pmu = 0.01732	1-Pb  = 0.34636	CLs  = 0.05000
AsymptoticLimits.cc[337] : (in function: getCLs) - At r = 1.598335:	q_mu = 4.30691	q_A  = 2.94953	Pmu = 0.01732	1-Pb  = 0.34636	CLs  = 0.05000
AsymptoticLimits.cc[337] : (in function: getCLs) - At r = 1.598327:	q_mu = 4.30685	q_A  = 2.94951	Pmu = 0.01732	1-Pb  = 0.34636	CLs  = 0.05000
AsymptoticLimits.cc[337] : (in function: getCLs) - At r = 1.598330:	q_mu = 4.30685	q_A  = 2.94952	Pmu = 0.01732	1-Pb  = 0.34636	CLs  = 0.05000
