CascadeMinimizer.cc[188] : (in function: improveOnce) - Minimization configured with Type=Minuit2, Algo=Migrad, strategy=0, tolerance=0.1
CascadeMinimizer.cc[215] : (in function: improveOnce) - Minimization finished with status=0
CascadeMinimizer.cc[219] : (in function: improveOnce) - Minimization success! status=0
ToyMCSamplerOpt.cc[146] : (in function: generateAsimov) - Using internal logic for binned/unbinned Asimov dataset generation
ToyMCSamplerOpt.cc[214] : (in function: generateWithHisto) - Generating asimov with histogram for pdf pdf_binpass_LOW_obsOnly: in 2 x-bins
ToyMCSamplerOpt.cc[215] : (in function: generateWithHisto) -  , in 1 y-bins
ToyMCSamplerOpt.cc[146] : (in function: generateAsimov) - Using internal logic for binned/unbinned Asimov dataset generation
ToyMCSamplerOpt.cc[214] : (in function: generateWithHisto) - Generating asimov with histogram for pdf pdf_binpass_SIG_obsOnly: in 1 x-bins
ToyMCSamplerOpt.cc[215] : (in function: generateWithHisto) -  , in 1 y-bins
ToyMCSamplerOpt.cc[146] : (in function: generateAsimov) - Using internal logic for binned/unbinned Asimov dataset generation
ToyMCSamplerOpt.cc[214] : (in function: generateWithHisto) - Generating asimov with histogram for pdf pdf_binpass_HIGH_obsOnly: in 9 x-bins
ToyMCSamplerOpt.cc[215] : (in function: generateWithHisto) -  , in 1 y-bins
ToyMCSamplerOpt.cc[146] : (in function: generateAsimov) - Using internal logic for binned/unbinned Asimov dataset generation
ToyMCSamplerOpt.cc[214] : (in function: generateWithHisto) - Generating asimov with histogram for pdf pdf_binfail_LOW_obsOnly: in 2 x-bins
ToyMCSamplerOpt.cc[215] : (in function: generateWithHisto) -  , in 1 y-bins
ToyMCSamplerOpt.cc[146] : (in function: generateAsimov) - Using internal logic for binned/unbinned Asimov dataset generation
ToyMCSamplerOpt.cc[214] : (in function: generateWithHisto) - Generating asimov with histogram for pdf pdf_binfail_SIG_obsOnly: in 1 x-bins
ToyMCSamplerOpt.cc[215] : (in function: generateWithHisto) -  , in 1 y-bins
ToyMCSamplerOpt.cc[146] : (in function: generateAsimov) - Using internal logic for binned/unbinned Asimov dataset generation
ToyMCSamplerOpt.cc[214] : (in function: generateWithHisto) - Generating asimov with histogram for pdf pdf_binfail_HIGH_obsOnly: in 9 x-bins
ToyMCSamplerOpt.cc[215] : (in function: generateWithHisto) -  , in 1 y-bins
AsymptoticLimits.cc[428] : (in function: runLimitExpected) - Median for expected limits = 0.875, Sigma for expected limits = 0.446437
AsymptoticLimits.cc[191] : (in function: runLimit) - NLL at global minimum of data = -554.429 (r=3.54287e-06)
AsymptoticLimits.cc[211] : (in function: runLimit) - NLL at global minimum of asimov = -553.486 (r=0.000186291)
AsymptoticLimits.cc[337] : (in function: getCLs) - At r = 1.200004:	q_mu = 7.66185	q_A  = 5.96621	Pmu = 0.00264	1-Pb  = 0.36426	CLs  = 0.00724
AsymptoticLimits.cc[337] : (in function: getCLs) - At r = 0.600004:	q_mu = 3.43099	q_A  = 2.21157	Pmu = 0.02891	1-Pb  = 0.34091	CLs  = 0.08479
AsymptoticLimits.cc[337] : (in function: getCLs) - At r = 0.900004:	q_mu = 5.51819	q_A  = 4.00331	Pmu = 0.00867	1-Pb  = 0.35251	CLs  = 0.02460
AsymptoticLimits.cc[337] : (in function: getCLs) - At r = 0.762431:	q_mu = 4.54571	q_A  = 3.15312	Pmu = 0.01509	1-Pb  = 0.34748	CLs  = 0.04341
AsymptoticLimits.cc[337] : (in function: getCLs) - At r = 0.702532:	q_mu = 4.12973	q_A  = 2.79675	Pmu = 0.01918	1-Pb  = 0.34512	CLs  = 0.05559
AsymptoticLimits.cc[337] : (in function: getCLs) - At r = 0.735054:	q_mu = 4.35491	q_A  = 2.98893	Pmu = 0.01684	1-Pb  = 0.34640	CLs  = 0.04861
AsymptoticLimits.cc[337] : (in function: getCLs) - At r = 0.723085:	q_mu = 4.27170	q_A  = 2.91778	Pmu = 0.01767	1-Pb  = 0.34594	CLs  = 0.05108
AsymptoticLimits.cc[337] : (in function: getCLs) - At r = 0.729601:	q_mu = 4.31677	q_A  = 2.95640	Pmu = 0.01721	1-Pb  = 0.34620	CLs  = 0.04972
AsymptoticLimits.cc[337] : (in function: getCLs) - At r = 0.727222:	q_mu = 4.30025	q_A  = 2.94223	Pmu = 0.01738	1-Pb  = 0.34611	CLs  = 0.05022
AsymptoticLimits.cc[337] : (in function: getCLs) - At r = 0.728529:	q_mu = 4.30929	q_A  = 2.94995	Pmu = 0.01729	1-Pb  = 0.34615	CLs  = 0.04995
AsymptoticLimits.cc[337] : (in function: getCLs) - At r = 0.728057:	q_mu = 4.30600	q_A  = 2.94711	Pmu = 0.01732	1-Pb  = 0.34613	CLs  = 0.05004
AsymptoticLimits.cc[337] : (in function: getCLs) - At r = 0.728321:	q_mu = 4.30771	q_A  = 2.94863	Pmu = 0.01730	1-Pb  = 0.34615	CLs  = 0.04999
AsymptoticLimits.cc[337] : (in function: getCLs) - At r = 0.728238:	q_mu = 4.30705	q_A  = 2.94810	Pmu = 0.01731	1-Pb  = 0.34615	CLs  = 0.05001
AsymptoticLimits.cc[337] : (in function: getCLs) - At r = 0.728279:	q_mu = 4.30732	q_A  = 2.94830	Pmu = 0.01731	1-Pb  = 0.34615	CLs  = 0.05000
AsymptoticLimits.cc[337] : (in function: getCLs) - At r = 0.728300:	q_mu = 4.30745	q_A  = 2.94838	Pmu = 0.01731	1-Pb  = 0.34615	CLs  = 0.05000
AsymptoticLimits.cc[337] : (in function: getCLs) - At r = 0.728306:	q_mu = 4.30747	q_A  = 2.94838	Pmu = 0.01731	1-Pb  = 0.34614	CLs  = 0.05000
AsymptoticLimits.cc[337] : (in function: getCLs) - At r = 0.728309:	q_mu = 4.30749	q_A  = 2.94836	Pmu = 0.01731	1-Pb  = 0.34614	CLs  = 0.05000
AsymptoticLimits.cc[337] : (in function: getCLs) - At r = 0.728312:	q_mu = 4.30743	q_A  = 2.94833	Pmu = 0.01731	1-Pb  = 0.34614	CLs  = 0.05000
AsymptoticLimits.cc[337] : (in function: getCLs) - At r = 0.728315:	q_mu = 4.30738	q_A  = 2.94831	Pmu = 0.01731	1-Pb  = 0.34614	CLs  = 0.05000
