CascadeMinimizer.cc[188] : (in function: improveOnce) - Minimization configured with Type=Minuit2, Algo=Migrad, strategy=0, tolerance=0.1
CascadeMinimizer.cc[215] : (in function: improveOnce) - Minimization finished with status=0
CascadeMinimizer.cc[219] : (in function: improveOnce) - Minimization success! status=0
ToyMCSamplerOpt.cc[146] : (in function: generateAsimov) - Using internal logic for binned/unbinned Asimov dataset generation
ToyMCSamplerOpt.cc[214] : (in function: generateWithHisto) - Generating asimov with histogram for pdf pdf_binpass_LOW_obsOnly: in 3 x-bins
ToyMCSamplerOpt.cc[215] : (in function: generateWithHisto) -  , in 1 y-bins
ToyMCSamplerOpt.cc[146] : (in function: generateAsimov) - Using internal logic for binned/unbinned Asimov dataset generation
ToyMCSamplerOpt.cc[214] : (in function: generateWithHisto) - Generating asimov with histogram for pdf pdf_binpass_SIG_obsOnly: in 1 x-bins
ToyMCSamplerOpt.cc[215] : (in function: generateWithHisto) -  , in 1 y-bins
ToyMCSamplerOpt.cc[146] : (in function: generateAsimov) - Using internal logic for binned/unbinned Asimov dataset generation
ToyMCSamplerOpt.cc[214] : (in function: generateWithHisto) - Generating asimov with histogram for pdf pdf_binpass_HIGH_obsOnly: in 5 x-bins
ToyMCSamplerOpt.cc[215] : (in function: generateWithHisto) -  , in 1 y-bins
ToyMCSamplerOpt.cc[146] : (in function: generateAsimov) - Using internal logic for binned/unbinned Asimov dataset generation
ToyMCSamplerOpt.cc[214] : (in function: generateWithHisto) - Generating asimov with histogram for pdf pdf_binfail_LOW_obsOnly: in 3 x-bins
ToyMCSamplerOpt.cc[215] : (in function: generateWithHisto) -  , in 1 y-bins
ToyMCSamplerOpt.cc[146] : (in function: generateAsimov) - Using internal logic for binned/unbinned Asimov dataset generation
ToyMCSamplerOpt.cc[214] : (in function: generateWithHisto) - Generating asimov with histogram for pdf pdf_binfail_SIG_obsOnly: in 1 x-bins
ToyMCSamplerOpt.cc[215] : (in function: generateWithHisto) -  , in 1 y-bins
ToyMCSamplerOpt.cc[146] : (in function: generateAsimov) - Using internal logic for binned/unbinned Asimov dataset generation
ToyMCSamplerOpt.cc[214] : (in function: generateWithHisto) - Generating asimov with histogram for pdf pdf_binfail_HIGH_obsOnly: in 5 x-bins
ToyMCSamplerOpt.cc[215] : (in function: generateWithHisto) -  , in 1 y-bins
AsymptoticLimits.cc[428] : (in function: runLimitExpected) - Median for expected limits = 1.79688, Sigma for expected limits = 0.91679
AsymptoticLimits.cc[191] : (in function: runLimit) - NLL at global minimum of data = -902.271 (r=2.25917e-08)
AsymptoticLimits.cc[211] : (in function: runLimit) - NLL at global minimum of asimov = -901.666 (r=1.75347e-07)
AsymptoticLimits.cc[337] : (in function: getCLs) - At r = 1.262580:	q_mu = 2.79246	q_A  = 2.77100	Pmu = 0.04735	1-Pb  = 0.49743	CLs  = 0.09520
AsymptoticLimits.cc[337] : (in function: getCLs) - At r = 2.525160:	q_mu = 5.27405	q_A  = 5.23718	Pmu = 0.01082	1-Pb  = 0.49679	CLs  = 0.02178
AsymptoticLimits.cc[337] : (in function: getCLs) - At r = 1.262580:	q_mu = 2.79252	q_A  = 2.77100	Pmu = 0.04735	1-Pb  = 0.49742	CLs  = 0.09519
AsymptoticLimits.cc[337] : (in function: getCLs) - At r = 1.956114:	q_mu = 4.18764	q_A  = 4.15713	Pmu = 0.02036	1-Pb  = 0.49702	CLs  = 0.04096
AsymptoticLimits.cc[337] : (in function: getCLs) - At r = 1.686239:	q_mu = 3.65457	q_A  = 3.62737	Pmu = 0.02796	1-Pb  = 0.49715	CLs  = 0.05623
AsymptoticLimits.cc[337] : (in function: getCLs) - At r = 1.820278:	q_mu = 3.92083	q_A  = 3.89198	Pmu = 0.02384	1-Pb  = 0.49708	CLs  = 0.04797
AsymptoticLimits.cc[337] : (in function: getCLs) - At r = 1.765505:	q_mu = 3.81239	q_A  = 3.78423	Pmu = 0.02544	1-Pb  = 0.49711	CLs  = 0.05117
AsymptoticLimits.cc[337] : (in function: getCLs) - At r = 1.792142:	q_mu = 3.86519	q_A  = 3.83669	Pmu = 0.02465	1-Pb  = 0.49710	CLs  = 0.04958
AsymptoticLimits.cc[337] : (in function: getCLs) - At r = 1.781155:	q_mu = 3.84342	q_A  = 3.81505	Pmu = 0.02497	1-Pb  = 0.49710	CLs  = 0.05023
AsymptoticLimits.cc[337] : (in function: getCLs) - At r = 1.786476:	q_mu = 3.85397	q_A  = 3.82553	Pmu = 0.02481	1-Pb  = 0.49710	CLs  = 0.04992
AsymptoticLimits.cc[337] : (in function: getCLs) - At r = 1.784279:	q_mu = 3.84961	q_A  = 3.82120	Pmu = 0.02488	1-Pb  = 0.49710	CLs  = 0.05005
AsymptoticLimits.cc[337] : (in function: getCLs) - At r = 1.785343:	q_mu = 3.85172	q_A  = 3.82330	Pmu = 0.02485	1-Pb  = 0.49710	CLs  = 0.04998
AsymptoticLimits.cc[337] : (in function: getCLs) - At r = 1.784904:	q_mu = 3.85085	q_A  = 3.82243	Pmu = 0.02486	1-Pb  = 0.49710	CLs  = 0.05001
AsymptoticLimits.cc[337] : (in function: getCLs) - At r = 1.785117:	q_mu = 3.85127	q_A  = 3.82285	Pmu = 0.02485	1-Pb  = 0.49710	CLs  = 0.05000
AsymptoticLimits.cc[337] : (in function: getCLs) - At r = 1.785029:	q_mu = 3.85110	q_A  = 3.82268	Pmu = 0.02486	1-Pb  = 0.49710	CLs  = 0.05000
AsymptoticLimits.cc[337] : (in function: getCLs) - At r = 1.785072:	q_mu = 3.85118	q_A  = 3.82276	Pmu = 0.02485	1-Pb  = 0.49710	CLs  = 0.05000
AsymptoticLimits.cc[337] : (in function: getCLs) - At r = 1.785054:	q_mu = 3.85115	q_A  = 3.82273	Pmu = 0.02486	1-Pb  = 0.49710	CLs  = 0.05000
AsymptoticLimits.cc[337] : (in function: getCLs) - At r = 1.785063:	q_mu = 3.85116	q_A  = 3.82274	Pmu = 0.02485	1-Pb  = 0.49710	CLs  = 0.05000
