CascadeMinimizer.cc[188] : (in function: improveOnce) - Minimization configured with Type=Minuit2, Algo=Migrad, strategy=0, tolerance=0.1
CascadeMinimizer.cc[215] : (in function: improveOnce) - Minimization finished with status=0
CascadeMinimizer.cc[219] : (in function: improveOnce) - Minimization success! status=0
ToyMCSamplerOpt.cc[146] : (in function: generateAsimov) - Using internal logic for binned/unbinned Asimov dataset generation
ToyMCSamplerOpt.cc[214] : (in function: generateWithHisto) - Generating asimov with histogram for pdf pdf_binpass_LOW_obsOnly: in 4 x-bins
ToyMCSamplerOpt.cc[215] : (in function: generateWithHisto) -  , in 1 y-bins
ToyMCSamplerOpt.cc[146] : (in function: generateAsimov) - Using internal logic for binned/unbinned Asimov dataset generation
ToyMCSamplerOpt.cc[214] : (in function: generateWithHisto) - Generating asimov with histogram for pdf pdf_binpass_SIG_obsOnly: in 3 x-bins
ToyMCSamplerOpt.cc[215] : (in function: generateWithHisto) -  , in 1 y-bins
ToyMCSamplerOpt.cc[146] : (in function: generateAsimov) - Using internal logic for binned/unbinned Asimov dataset generation
ToyMCSamplerOpt.cc[214] : (in function: generateWithHisto) - Generating asimov with histogram for pdf pdf_binpass_HIGH_obsOnly: in 7 x-bins
ToyMCSamplerOpt.cc[215] : (in function: generateWithHisto) -  , in 1 y-bins
ToyMCSamplerOpt.cc[146] : (in function: generateAsimov) - Using internal logic for binned/unbinned Asimov dataset generation
ToyMCSamplerOpt.cc[214] : (in function: generateWithHisto) - Generating asimov with histogram for pdf pdf_binfail_LOW_obsOnly: in 4 x-bins
ToyMCSamplerOpt.cc[215] : (in function: generateWithHisto) -  , in 1 y-bins
ToyMCSamplerOpt.cc[146] : (in function: generateAsimov) - Using internal logic for binned/unbinned Asimov dataset generation
ToyMCSamplerOpt.cc[214] : (in function: generateWithHisto) - Generating asimov with histogram for pdf pdf_binfail_SIG_obsOnly: in 3 x-bins
ToyMCSamplerOpt.cc[215] : (in function: generateWithHisto) -  , in 1 y-bins
ToyMCSamplerOpt.cc[146] : (in function: generateAsimov) - Using internal logic for binned/unbinned Asimov dataset generation
ToyMCSamplerOpt.cc[214] : (in function: generateWithHisto) - Generating asimov with histogram for pdf pdf_binfail_HIGH_obsOnly: in 7 x-bins
ToyMCSamplerOpt.cc[215] : (in function: generateWithHisto) -  , in 1 y-bins
AsymptoticLimits.cc[428] : (in function: runLimitExpected) - Median for expected limits = 0.859375, Sigma for expected limits = 0.438465
AsymptoticLimits.cc[191] : (in function: runLimit) - NLL at global minimum of data = -11141.2 (r=1.35602e-10)
AsymptoticLimits.cc[211] : (in function: runLimit) - NLL at global minimum of asimov = -11140.4 (r=2.93128e-06)
AsymptoticLimits.cc[337] : (in function: getCLs) - At r = 1.200000:	q_mu = 9.73269	q_A  = 5.52699	Pmu = 0.00059	1-Pb  = 0.18554	CLs  = 0.00316
AsymptoticLimits.cc[337] : (in function: getCLs) - At r = 0.600000:	q_mu = 5.57435	q_A  = 2.51397	Pmu = 0.00538	1-Pb  = 0.16725	CLs  = 0.03215
AsymptoticLimits.cc[337] : (in function: getCLs) - At r = 0.300000:	q_mu = 3.04531	q_A  = 1.00309	Pmu = 0.02164	1-Pb  = 0.15397	CLs  = 0.14052
AsymptoticLimits.cc[337] : (in function: getCLs) - At r = 0.468124:	q_mu = 4.51127	q_A  = 1.83524	Pmu = 0.00958	1-Pb  = 0.16166	CLs  = 0.05926
AsymptoticLimits.cc[337] : (in function: getCLs) - At r = 0.523815:	q_mu = 4.96861	q_A  = 2.12099	Pmu = 0.00747	1-Pb  = 0.16412	CLs  = 0.04549
AsymptoticLimits.cc[337] : (in function: getCLs) - At r = 0.496759:	q_mu = 4.74813	q_A  = 1.98178	Pmu = 0.00842	1-Pb  = 0.16292	CLs  = 0.05167
AsymptoticLimits.cc[337] : (in function: getCLs) - At r = 0.507746:	q_mu = 4.83797	q_A  = 2.03825	Pmu = 0.00802	1-Pb  = 0.16341	CLs  = 0.04905
AsymptoticLimits.cc[337] : (in function: getCLs) - At r = 0.502309:	q_mu = 4.79352	q_A  = 2.01029	Pmu = 0.00821	1-Pb  = 0.16317	CLs  = 0.05033
AsymptoticLimits.cc[337] : (in function: getCLs) - At r = 0.504505:	q_mu = 4.81160	q_A  = 2.02158	Pmu = 0.00813	1-Pb  = 0.16326	CLs  = 0.04981
AsymptoticLimits.cc[337] : (in function: getCLs) - At r = 0.503411:	q_mu = 4.80255	q_A  = 2.01595	Pmu = 0.00817	1-Pb  = 0.16322	CLs  = 0.05007
AsymptoticLimits.cc[337] : (in function: getCLs) - At r = 0.503852:	q_mu = 4.80613	q_A  = 2.01822	Pmu = 0.00816	1-Pb  = 0.16324	CLs  = 0.04996
AsymptoticLimits.cc[337] : (in function: getCLs) - At r = 0.503636:	q_mu = 4.80436	q_A  = 2.01711	Pmu = 0.00816	1-Pb  = 0.16323	CLs  = 0.05001
AsymptoticLimits.cc[337] : (in function: getCLs) - At r = 0.503725:	q_mu = 4.80509	q_A  = 2.01757	Pmu = 0.00816	1-Pb  = 0.16324	CLs  = 0.04999
AsymptoticLimits.cc[337] : (in function: getCLs) - At r = 0.503683:	q_mu = 4.80487	q_A  = 2.01735	Pmu = 0.00816	1-Pb  = 0.16322	CLs  = 0.05000
AsymptoticLimits.cc[337] : (in function: getCLs) - At r = 0.503673:	q_mu = 4.80469	q_A  = 2.01730	Pmu = 0.00816	1-Pb  = 0.16323	CLs  = 0.05000
AsymptoticLimits.cc[337] : (in function: getCLs) - At r = 0.503681:	q_mu = 4.80473	q_A  = 2.01734	Pmu = 0.00816	1-Pb  = 0.16324	CLs  = 0.05000
