CascadeMinimizer.cc[188] : (in function: improveOnce) - Minimization configured with Type=Minuit2, Algo=Migrad, strategy=0, tolerance=0.1
CascadeMinimizer.cc[215] : (in function: improveOnce) - Minimization finished with status=0
CascadeMinimizer.cc[219] : (in function: improveOnce) - Minimization success! status=0
ToyMCSamplerOpt.cc[146] : (in function: generateAsimov) - Using internal logic for binned/unbinned Asimov dataset generation
ToyMCSamplerOpt.cc[214] : (in function: generateWithHisto) - Generating asimov with histogram for pdf pdf_binpass_LOW_obsOnly: in 4 x-bins
ToyMCSamplerOpt.cc[215] : (in function: generateWithHisto) -  , in 1 y-bins
ToyMCSamplerOpt.cc[146] : (in function: generateAsimov) - Using internal logic for binned/unbinned Asimov dataset generation
ToyMCSamplerOpt.cc[214] : (in function: generateWithHisto) - Generating asimov with histogram for pdf pdf_binpass_SIG_obsOnly: in 3 x-bins
ToyMCSamplerOpt.cc[215] : (in function: generateWithHisto) -  , in 1 y-bins
ToyMCSamplerOpt.cc[146] : (in function: generateAsimov) - Using internal logic for binned/unbinned Asimov dataset generation
ToyMCSamplerOpt.cc[214] : (in function: generateWithHisto) - Generating asimov with histogram for pdf pdf_binpass_HIGH_obsOnly: in 7 x-bins
ToyMCSamplerOpt.cc[215] : (in function: generateWithHisto) -  , in 1 y-bins
ToyMCSamplerOpt.cc[146] : (in function: generateAsimov) - Using internal logic for binned/unbinned Asimov dataset generation
ToyMCSamplerOpt.cc[214] : (in function: generateWithHisto) - Generating asimov with histogram for pdf pdf_binfail_LOW_obsOnly: in 4 x-bins
ToyMCSamplerOpt.cc[215] : (in function: generateWithHisto) -  , in 1 y-bins
ToyMCSamplerOpt.cc[146] : (in function: generateAsimov) - Using internal logic for binned/unbinned Asimov dataset generation
ToyMCSamplerOpt.cc[214] : (in function: generateWithHisto) - Generating asimov with histogram for pdf pdf_binfail_SIG_obsOnly: in 3 x-bins
ToyMCSamplerOpt.cc[215] : (in function: generateWithHisto) -  , in 1 y-bins
ToyMCSamplerOpt.cc[146] : (in function: generateAsimov) - Using internal logic for binned/unbinned Asimov dataset generation
ToyMCSamplerOpt.cc[214] : (in function: generateWithHisto) - Generating asimov with histogram for pdf pdf_binfail_HIGH_obsOnly: in 7 x-bins
ToyMCSamplerOpt.cc[215] : (in function: generateWithHisto) -  , in 1 y-bins
AsymptoticLimits.cc[428] : (in function: runLimitExpected) - Median for expected limits = 0.558594, Sigma for expected limits = 0.285002
AsymptoticLimits.cc[191] : (in function: runLimit) - NLL at global minimum of data = -11155.3 (r=4.78254e-11)
AsymptoticLimits.cc[211] : (in function: runLimit) - NLL at global minimum of asimov = -11154.3 (r=9.08465e-07)
AsymptoticLimits.cc[337] : (in function: getCLs) - At r = 1.200000:	q_mu = 12.83528	q_A  = 8.89574	Pmu = 0.00013	1-Pb  = 0.25449	CLs  = 0.00053
AsymptoticLimits.cc[337] : (in function: getCLs) - At r = 0.600000:	q_mu = 7.13919	q_A  = 4.18380	Pmu = 0.00282	1-Pb  = 0.23501	CLs  = 0.01200
AsymptoticLimits.cc[337] : (in function: getCLs) - At r = 0.300000:	q_mu = 3.77726	q_A  = 1.73853	Pmu = 0.01824	1-Pb  = 0.21973	CLs  = 0.08299
AsymptoticLimits.cc[337] : (in function: getCLs) - At r = 0.450000:	q_mu = 5.50659	q_A  = 2.94595	Pmu = 0.00690	1-Pb  = 0.22785	CLs  = 0.03029
AsymptoticLimits.cc[337] : (in function: getCLs) - At r = 0.360331:	q_mu = 4.48433	q_A  = 2.21536	Pmu = 0.01220	1-Pb  = 0.22297	CLs  = 0.05474
AsymptoticLimits.cc[337] : (in function: getCLs) - At r = 0.389242:	q_mu = 4.81767	q_A  = 2.44881	Pmu = 0.01012	1-Pb  = 0.22456	CLs  = 0.04508
AsymptoticLimits.cc[337] : (in function: getCLs) - At r = 0.376900:	q_mu = 4.67577	q_A  = 2.34881	Pmu = 0.01096	1-Pb  = 0.22388	CLs  = 0.04896
AsymptoticLimits.cc[337] : (in function: getCLs) - At r = 0.371081:	q_mu = 4.60865	q_A  = 2.30179	Pmu = 0.01138	1-Pb  = 0.22355	CLs  = 0.05091
AsymptoticLimits.cc[337] : (in function: getCLs) - At r = 0.374388:	q_mu = 4.64705	q_A  = 2.32848	Pmu = 0.01114	1-Pb  = 0.22371	CLs  = 0.04978
AsymptoticLimits.cc[337] : (in function: getCLs) - At r = 0.373213:	q_mu = 4.63334	q_A  = 2.31899	Pmu = 0.01122	1-Pb  = 0.22366	CLs  = 0.05018
AsymptoticLimits.cc[337] : (in function: getCLs) - At r = 0.373876:	q_mu = 4.64094	q_A  = 2.32435	Pmu = 0.01118	1-Pb  = 0.22370	CLs  = 0.04996
AsymptoticLimits.cc[337] : (in function: getCLs) - At r = 0.373647:	q_mu = 4.63828	q_A  = 2.32249	Pmu = 0.01119	1-Pb  = 0.22369	CLs  = 0.05004
AsymptoticLimits.cc[337] : (in function: getCLs) - At r = 0.373781:	q_mu = 4.63981	q_A  = 2.32369	Pmu = 0.01118	1-Pb  = 0.22372	CLs  = 0.04999
AsymptoticLimits.cc[337] : (in function: getCLs) - At r = 0.373733:	q_mu = 4.63926	q_A  = 2.32322	Pmu = 0.01119	1-Pb  = 0.22370	CLs  = 0.05001
AsymptoticLimits.cc[337] : (in function: getCLs) - At r = 0.373761:	q_mu = 4.63981	q_A  = 2.32342	Pmu = 0.01118	1-Pb  = 0.22368	CLs  = 0.04999
AsymptoticLimits.cc[337] : (in function: getCLs) - At r = 0.373746:	q_mu = 4.63948	q_A  = 2.32343	Pmu = 0.01119	1-Pb  = 0.22371	CLs  = 0.05000
AsymptoticLimits.cc[337] : (in function: getCLs) - At r = 0.373750:	q_mu = 4.63949	q_A  = 2.32336	Pmu = 0.01119	1-Pb  = 0.22370	CLs  = 0.05000
AsymptoticLimits.cc[337] : (in function: getCLs) - At r = 0.373754:	q_mu = 4.63952	q_A  = 2.32337	Pmu = 0.01119	1-Pb  = 0.22370	CLs  = 0.05000
AsymptoticLimits.cc[337] : (in function: getCLs) - At r = 0.373756:	q_mu = 4.63953	q_A  = 2.32352	Pmu = 0.01119	1-Pb  = 0.22372	CLs  = 0.05000
