CascadeMinimizer.cc[188] : (in function: improveOnce) - Minimization configured with Type=Minuit2, Algo=Migrad, strategy=0, tolerance=0.1
CascadeMinimizer.cc[215] : (in function: improveOnce) - Minimization finished with status=0
CascadeMinimizer.cc[219] : (in function: improveOnce) - Minimization success! status=0
ToyMCSamplerOpt.cc[146] : (in function: generateAsimov) - Using internal logic for binned/unbinned Asimov dataset generation
ToyMCSamplerOpt.cc[214] : (in function: generateWithHisto) - Generating asimov with histogram for pdf pdf_binpass_LOW_obsOnly: in 3 x-bins
ToyMCSamplerOpt.cc[215] : (in function: generateWithHisto) -  , in 1 y-bins
ToyMCSamplerOpt.cc[146] : (in function: generateAsimov) - Using internal logic for binned/unbinned Asimov dataset generation
ToyMCSamplerOpt.cc[214] : (in function: generateWithHisto) - Generating asimov with histogram for pdf pdf_binpass_SIG_obsOnly: in 1 x-bins
ToyMCSamplerOpt.cc[215] : (in function: generateWithHisto) -  , in 1 y-bins
ToyMCSamplerOpt.cc[146] : (in function: generateAsimov) - Using internal logic for binned/unbinned Asimov dataset generation
ToyMCSamplerOpt.cc[214] : (in function: generateWithHisto) - Generating asimov with histogram for pdf pdf_binpass_HIGH_obsOnly: in 3 x-bins
ToyMCSamplerOpt.cc[215] : (in function: generateWithHisto) -  , in 1 y-bins
ToyMCSamplerOpt.cc[146] : (in function: generateAsimov) - Using internal logic for binned/unbinned Asimov dataset generation
ToyMCSamplerOpt.cc[214] : (in function: generateWithHisto) - Generating asimov with histogram for pdf pdf_binfail_LOW_obsOnly: in 3 x-bins
ToyMCSamplerOpt.cc[215] : (in function: generateWithHisto) -  , in 1 y-bins
ToyMCSamplerOpt.cc[146] : (in function: generateAsimov) - Using internal logic for binned/unbinned Asimov dataset generation
ToyMCSamplerOpt.cc[214] : (in function: generateWithHisto) - Generating asimov with histogram for pdf pdf_binfail_SIG_obsOnly: in 1 x-bins
ToyMCSamplerOpt.cc[215] : (in function: generateWithHisto) -  , in 1 y-bins
ToyMCSamplerOpt.cc[146] : (in function: generateAsimov) - Using internal logic for binned/unbinned Asimov dataset generation
ToyMCSamplerOpt.cc[214] : (in function: generateWithHisto) - Generating asimov with histogram for pdf pdf_binfail_HIGH_obsOnly: in 3 x-bins
ToyMCSamplerOpt.cc[215] : (in function: generateWithHisto) -  , in 1 y-bins
AsymptoticLimits.cc[428] : (in function: runLimitExpected) - Median for expected limits = 0.22168, Sigma for expected limits = 0.113104
AsymptoticLimits.cc[191] : (in function: runLimit) - NLL at global minimum of data = -697.553 (r=4.46605e-08)
AsymptoticLimits.cc[211] : (in function: runLimit) - NLL at global minimum of asimov = -697.735 (r=4.23567e-06)
AsymptoticLimits.cc[337] : (in function: getCLs) - At r = 1.200000:	q_mu = 15.04470	q_A  = 15.01414	Pmu = 0.00005	1-Pb  = 0.49843	CLs  = 0.00011
AsymptoticLimits.cc[337] : (in function: getCLs) - At r = 0.600000:	q_mu = 8.92549	q_A  = 8.90171	Pmu = 0.00141	1-Pb  = 0.49841	CLs  = 0.00282
AsymptoticLimits.cc[337] : (in function: getCLs) - At r = 0.300000:	q_mu = 5.02597	q_A  = 5.00956	Pmu = 0.01248	1-Pb  = 0.49854	CLs  = 0.02504
AsymptoticLimits.cc[337] : (in function: getCLs) - At r = 0.150000:	q_mu = 2.71051	q_A  = 2.70019	Pmu = 0.04984	1-Pb  = 0.49875	CLs  = 0.09994
AsymptoticLimits.cc[337] : (in function: getCLs) - At r = 0.210048:	q_mu = 3.67570	q_A  = 3.66263	Pmu = 0.02761	1-Pb  = 0.49864	CLs  = 0.05536
AsymptoticLimits.cc[337] : (in function: getCLs) - At r = 0.237279:	q_mu = 4.09564	q_A  = 4.08155	Pmu = 0.02150	1-Pb  = 0.49861	CLs  = 0.04311
AsymptoticLimits.cc[337] : (in function: getCLs) - At r = 0.224368:	q_mu = 3.89781	q_A  = 3.88421	Pmu = 0.02417	1-Pb  = 0.49862	CLs  = 0.04848
AsymptoticLimits.cc[337] : (in function: getCLs) - At r = 0.218843:	q_mu = 3.81243	q_A  = 3.79905	Pmu = 0.02544	1-Pb  = 0.49863	CLs  = 0.05101
AsymptoticLimits.cc[337] : (in function: getCLs) - At r = 0.221690:	q_mu = 3.85649	q_A  = 3.84299	Pmu = 0.02478	1-Pb  = 0.49863	CLs  = 0.04969
AsymptoticLimits.cc[337] : (in function: getCLs) - At r = 0.220582:	q_mu = 3.83936	q_A  = 3.82590	Pmu = 0.02503	1-Pb  = 0.49863	CLs  = 0.05020
AsymptoticLimits.cc[337] : (in function: getCLs) - At r = 0.221150:	q_mu = 3.84814	q_A  = 3.83467	Pmu = 0.02490	1-Pb  = 0.49863	CLs  = 0.04994
AsymptoticLimits.cc[337] : (in function: getCLs) - At r = 0.220929:	q_mu = 3.84472	q_A  = 3.83125	Pmu = 0.02495	1-Pb  = 0.49863	CLs  = 0.05004
AsymptoticLimits.cc[337] : (in function: getCLs) - At r = 0.221042:	q_mu = 3.84647	q_A  = 3.83300	Pmu = 0.02493	1-Pb  = 0.49863	CLs  = 0.04999
AsymptoticLimits.cc[337] : (in function: getCLs) - At r = 0.220998:	q_mu = 3.84579	q_A  = 3.83232	Pmu = 0.02494	1-Pb  = 0.49863	CLs  = 0.05001
AsymptoticLimits.cc[337] : (in function: getCLs) - At r = 0.221021:	q_mu = 3.84614	q_A  = 3.83267	Pmu = 0.02493	1-Pb  = 0.49863	CLs  = 0.05000
AsymptoticLimits.cc[337] : (in function: getCLs) - At r = 0.221012:	q_mu = 3.84600	q_A  = 3.83253	Pmu = 0.02493	1-Pb  = 0.49863	CLs  = 0.05000
AsymptoticLimits.cc[337] : (in function: getCLs) - At r = 0.221016:	q_mu = 3.84607	q_A  = 3.83260	Pmu = 0.02493	1-Pb  = 0.49863	CLs  = 0.05000
