CascadeMinimizer.cc[188] : (in function: improveOnce) - Minimization configured with Type=Minuit2, Algo=Migrad, strategy=0, tolerance=0.1
CascadeMinimizer.cc[215] : (in function: improveOnce) - Minimization finished with status=0
CascadeMinimizer.cc[219] : (in function: improveOnce) - Minimization success! status=0
ToyMCSamplerOpt.cc[146] : (in function: generateAsimov) - Using internal logic for binned/unbinned Asimov dataset generation
ToyMCSamplerOpt.cc[214] : (in function: generateWithHisto) - Generating asimov with histogram for pdf pdf_binpass_LOW_obsOnly: in 3 x-bins
ToyMCSamplerOpt.cc[215] : (in function: generateWithHisto) -  , in 1 y-bins
ToyMCSamplerOpt.cc[146] : (in function: generateAsimov) - Using internal logic for binned/unbinned Asimov dataset generation
ToyMCSamplerOpt.cc[214] : (in function: generateWithHisto) - Generating asimov with histogram for pdf pdf_binpass_SIG_obsOnly: in 1 x-bins
ToyMCSamplerOpt.cc[215] : (in function: generateWithHisto) -  , in 1 y-bins
ToyMCSamplerOpt.cc[146] : (in function: generateAsimov) - Using internal logic for binned/unbinned Asimov dataset generation
ToyMCSamplerOpt.cc[214] : (in function: generateWithHisto) - Generating asimov with histogram for pdf pdf_binpass_HIGH_obsOnly: in 4 x-bins
ToyMCSamplerOpt.cc[215] : (in function: generateWithHisto) -  , in 1 y-bins
ToyMCSamplerOpt.cc[146] : (in function: generateAsimov) - Using internal logic for binned/unbinned Asimov dataset generation
ToyMCSamplerOpt.cc[214] : (in function: generateWithHisto) - Generating asimov with histogram for pdf pdf_binfail_LOW_obsOnly: in 3 x-bins
ToyMCSamplerOpt.cc[215] : (in function: generateWithHisto) -  , in 1 y-bins
ToyMCSamplerOpt.cc[146] : (in function: generateAsimov) - Using internal logic for binned/unbinned Asimov dataset generation
ToyMCSamplerOpt.cc[214] : (in function: generateWithHisto) - Generating asimov with histogram for pdf pdf_binfail_SIG_obsOnly: in 1 x-bins
ToyMCSamplerOpt.cc[215] : (in function: generateWithHisto) -  , in 1 y-bins
ToyMCSamplerOpt.cc[146] : (in function: generateAsimov) - Using internal logic for binned/unbinned Asimov dataset generation
ToyMCSamplerOpt.cc[214] : (in function: generateWithHisto) - Generating asimov with histogram for pdf pdf_binfail_HIGH_obsOnly: in 4 x-bins
ToyMCSamplerOpt.cc[215] : (in function: generateWithHisto) -  , in 1 y-bins
AsymptoticLimits.cc[428] : (in function: runLimitExpected) - Median for expected limits = 0.365234, Sigma for expected limits = 0.186348
AsymptoticLimits.cc[191] : (in function: runLimit) - NLL at global minimum of data = -3616.43 (r=0.0587893)
AsymptoticLimits.cc[211] : (in function: runLimit) - NLL at global minimum of asimov = -3616.28 (r=0.000574363)
AsymptoticLimits.cc[337] : (in function: getCLs) - At r = 1.258789:	q_mu = 14.74249	q_A  = 16.74801	Pmu = 0.00006	1-Pb  = 0.59980	CLs  = 0.00010
AsymptoticLimits.cc[337] : (in function: getCLs) - At r = 0.658789:	q_mu = 6.42218	q_A  = 8.05108	Pmu = 0.00564	1-Pb  = 0.61915	CLs  = 0.00910
AsymptoticLimits.cc[337] : (in function: getCLs) - At r = 0.358789:	q_mu = 2.50187	q_A  = 3.74971	Pmu = 0.05686	1-Pb  = 0.63859	CLs  = 0.08903
AsymptoticLimits.cc[337] : (in function: getCLs) - At r = 0.508789:	q_mu = 4.40342	q_A  = 5.87404	Pmu = 0.01793	1-Pb  = 0.62749	CLs  = 0.02858
AsymptoticLimits.cc[337] : (in function: getCLs) - At r = 0.419722:	q_mu = 3.25432	q_A  = 4.60100	Pmu = 0.03562	1-Pb  = 0.63346	CLs  = 0.05623
AsymptoticLimits.cc[337] : (in function: getCLs) - At r = 0.449895:	q_mu = 3.63766	q_A  = 5.02907	Pmu = 0.02824	1-Pb  = 0.63130	CLs  = 0.04474
AsymptoticLimits.cc[337] : (in function: getCLs) - At r = 0.432118:	q_mu = 3.41097	q_A  = 4.77631	Pmu = 0.03238	1-Pb  = 0.63254	CLs  = 0.05119
AsymptoticLimits.cc[337] : (in function: getCLs) - At r = 0.438163:	q_mu = 3.48776	q_A  = 4.86198	Pmu = 0.03091	1-Pb  = 0.63211	CLs  = 0.04890
AsymptoticLimits.cc[337] : (in function: getCLs) - At r = 0.434611:	q_mu = 3.44255	q_A  = 4.81155	Pmu = 0.03177	1-Pb  = 0.63236	CLs  = 0.05024
AsymptoticLimits.cc[337] : (in function: getCLs) - At r = 0.435823:	q_mu = 3.45793	q_A  = 4.82872	Pmu = 0.03147	1-Pb  = 0.63227	CLs  = 0.04978
AsymptoticLimits.cc[337] : (in function: getCLs) - At r = 0.435114:	q_mu = 3.44889	q_A  = 4.81855	Pmu = 0.03165	1-Pb  = 0.63232	CLs  = 0.05005
AsymptoticLimits.cc[337] : (in function: getCLs) - At r = 0.435359:	q_mu = 3.45199	q_A  = 4.82201	Pmu = 0.03159	1-Pb  = 0.63230	CLs  = 0.04996
AsymptoticLimits.cc[337] : (in function: getCLs) - At r = 0.435218:	q_mu = 3.45023	q_A  = 4.82000	Pmu = 0.03162	1-Pb  = 0.63231	CLs  = 0.05001
AsymptoticLimits.cc[337] : (in function: getCLs) - At r = 0.435267:	q_mu = 3.45080	q_A  = 4.82068	Pmu = 0.03161	1-Pb  = 0.63231	CLs  = 0.04999
AsymptoticLimits.cc[337] : (in function: getCLs) - At r = 0.435240:	q_mu = 3.45041	q_A  = 4.82029	Pmu = 0.03162	1-Pb  = 0.63231	CLs  = 0.05000
AsymptoticLimits.cc[337] : (in function: getCLs) - At r = 0.435253:	q_mu = 3.45053	q_A  = 4.82048	Pmu = 0.03162	1-Pb  = 0.63232	CLs  = 0.05000
AsymptoticLimits.cc[337] : (in function: getCLs) - At r = 0.435250:	q_mu = 3.45047	q_A  = 4.82035	Pmu = 0.03162	1-Pb  = 0.63231	CLs  = 0.05000
AsymptoticLimits.cc[337] : (in function: getCLs) - At r = 0.435252:	q_mu = 3.45048	q_A  = 4.82038	Pmu = 0.03162	1-Pb  = 0.63231	CLs  = 0.05000
