 <<< Combine >>> 
 <<< v10.0.1 >>>
>>> Random number generator seed is 123456
>>> Method used is FitDiagnostics
Set Default Value of Parameter mask_pass_SIG To : 1
Set Default Value of Parameter mask_pass_HIGH To : 1
Set Default Value of Parameter r To : 1
>>> 2 out of 6 channels masked

>> Found 16 floating parameters
>> The following parameters are protected in the event of negative eigenvalues:
>> Parameter CMS_AN23122_Background_rpf_2x0_par2 does not have a valid stencil and will be dropped
>> Verifying eigenvalues are all positive (iteration 0)
Eigenvalue 14 : -0.000852615
 - -0.783715	CMS_AN23122_Background_rpf_2x0_par3
 - 0.563003	CMS_AN23122_Background_rpf_2x0_par0
 - 0.262332	CMS_AN23122_Background_rpf_2x0_par1
 - -0.000699874	CMS_AN23122_Background_fail_LOW_bin_3-1
 - -0.000333155	CMS_AN23122_Background_fail_LOW_bin_2-1
>> Attempt 0 failed, remove the variable with largest eigenvector component...
>> Dropping CMS_AN23122_Background_rpf_2x0_par3 from the hessian
>> Verifying eigenvalues are all positive (iteration 1)
>> All eigenvalues are positive
>> Inverting Hessian...
>> Matrix inverted
>> Note: the following parameters were dropped as their ranges are either too narrow or the parameter has no effect on the NLL:
     - CMS_AN23122_Background_rpf_2x0_par2
>> Note: the following parameters were dropped to make the covariance matrix pos-def:
     - CMS_AN23122_Background_rpf_2x0_par3
 Fit B-only, status = 0, numBadNLL = 0, covariance quality = -1
Running Minos for POI r
>> Found 17 floating parameters
>> The following parameters are protected in the event of negative eigenvalues: r
>> Parameter CMS_AN23122_Background_rpf_2x0_par2 does not have a valid stencil and will be dropped
>> Verifying eigenvalues are all positive (iteration 0)
Eigenvalue 14 : -0.000305376
 - 0.669792	CMS_AN23122_Background_rpf_2x0_par3
 - -0.556796	CMS_AN23122_Background_rpf_2x0_par0
 - -0.370049	r
 - 0.293836	CMS_AN23122_Background_fail_HIGH_bin_3-1
 - 0.083001	CMS_AN23122_Background_fail_HIGH_bin_2-1
Eigenvalue 15 : -0.00232587
 - 0.620781	r
 - -0.487963	CMS_AN23122_Background_fail_HIGH_bin_3-1
 - 0.4045	CMS_AN23122_Background_rpf_2x0_par3
 - -0.382615	CMS_AN23122_Background_rpf_2x0_par1
 - -0.174195	CMS_AN23122_Background_rpf_2x0_par0
>> Attempt 0 failed, remove the variable with largest eigenvector component...
>> Dropping CMS_AN23122_Background_fail_HIGH_bin_3-1 from the hessian
>> Verifying eigenvalues are all positive (iteration 1)
Eigenvalue 14 : -0.000850826
 - -0.783442	CMS_AN23122_Background_rpf_2x0_par3
 - 0.561618	CMS_AN23122_Background_rpf_2x0_par0
 - 0.265883	CMS_AN23122_Background_rpf_2x0_par1
 - -0.0100326	r
 - 0.00224412	CMS_AN23122_Background_fail_HIGH_bin_2-1
>> Attempt 1 failed, remove the variable with largest eigenvector component...
>> Dropping CMS_AN23122_Background_rpf_2x0_par3 from the hessian
>> Verifying eigenvalues are all positive (iteration 2)
>> All eigenvalues are positive
>> Inverting Hessian...
>> Matrix inverted
>> Note: the following parameters were dropped as their ranges are either too narrow or the parameter has no effect on the NLL:
     - CMS_AN23122_Background_rpf_2x0_par2
>> Note: the following parameters were dropped to make the covariance matrix pos-def:
     - CMS_AN23122_Background_fail_HIGH_bin_3-1
     - CMS_AN23122_Background_rpf_2x0_par3
Fit S+B, status = 0, numBadNLL = 0, covariance quality = -1

 --- FitDiagnostics ---
Best fit r: 2.96505e-07  -2.96505e-07/+50  (68% CL)
Done in 0.00 min (cpu), 0.00 min (real)
27 log messages saved to combine_logger.out
