CascadeMinimizer.cc[188] : (in function: improveOnce) - Minimization configured with Type=Minuit2, Algo=Migrad, strategy=0, tolerance=0.1
CascadeMinimizer.cc[215] : (in function: improveOnce) - Minimization finished with status=0
CascadeMinimizer.cc[219] : (in function: improveOnce) - Minimization success! status=0
ToyMCSamplerOpt.cc[146] : (in function: generateAsimov) - Using internal logic for binned/unbinned Asimov dataset generation
ToyMCSamplerOpt.cc[214] : (in function: generateWithHisto) - Generating asimov with histogram for pdf pdf_binpass_LOW_obsOnly: in 3 x-bins
ToyMCSamplerOpt.cc[215] : (in function: generateWithHisto) -  , in 1 y-bins
ToyMCSamplerOpt.cc[146] : (in function: generateAsimov) - Using internal logic for binned/unbinned Asimov dataset generation
ToyMCSamplerOpt.cc[214] : (in function: generateWithHisto) - Generating asimov with histogram for pdf pdf_binpass_SIG_obsOnly: in 1 x-bins
ToyMCSamplerOpt.cc[215] : (in function: generateWithHisto) -  , in 1 y-bins
ToyMCSamplerOpt.cc[146] : (in function: generateAsimov) - Using internal logic for binned/unbinned Asimov dataset generation
ToyMCSamplerOpt.cc[214] : (in function: generateWithHisto) - Generating asimov with histogram for pdf pdf_binpass_HIGH_obsOnly: in 5 x-bins
ToyMCSamplerOpt.cc[215] : (in function: generateWithHisto) -  , in 1 y-bins
ToyMCSamplerOpt.cc[146] : (in function: generateAsimov) - Using internal logic for binned/unbinned Asimov dataset generation
ToyMCSamplerOpt.cc[214] : (in function: generateWithHisto) - Generating asimov with histogram for pdf pdf_binfail_LOW_obsOnly: in 3 x-bins
ToyMCSamplerOpt.cc[215] : (in function: generateWithHisto) -  , in 1 y-bins
ToyMCSamplerOpt.cc[146] : (in function: generateAsimov) - Using internal logic for binned/unbinned Asimov dataset generation
ToyMCSamplerOpt.cc[214] : (in function: generateWithHisto) - Generating asimov with histogram for pdf pdf_binfail_SIG_obsOnly: in 1 x-bins
ToyMCSamplerOpt.cc[215] : (in function: generateWithHisto) -  , in 1 y-bins
ToyMCSamplerOpt.cc[146] : (in function: generateAsimov) - Using internal logic for binned/unbinned Asimov dataset generation
ToyMCSamplerOpt.cc[214] : (in function: generateWithHisto) - Generating asimov with histogram for pdf pdf_binfail_HIGH_obsOnly: in 5 x-bins
ToyMCSamplerOpt.cc[215] : (in function: generateWithHisto) -  , in 1 y-bins
AsymptoticLimits.cc[428] : (in function: runLimitExpected) - Median for expected limits = 0.601562, Sigma for expected limits = 0.306925
AsymptoticLimits.cc[191] : (in function: runLimit) - NLL at global minimum of data = -757.622 (r=3.75226e-06)
AsymptoticLimits.cc[211] : (in function: runLimit) - NLL at global minimum of asimov = -756.894 (r=8.44564e-08)
AsymptoticLimits.cc[337] : (in function: getCLs) - At r = 1.200004:	q_mu = 7.27254	q_A  = 7.23771	Pmu = 0.00350	1-Pb  = 0.49742	CLs  = 0.00704
AsymptoticLimits.cc[337] : (in function: getCLs) - At r = 0.600004:	q_mu = 3.84478	q_A  = 3.82559	Pmu = 0.02495	1-Pb  = 0.49804	CLs  = 0.05010
AsymptoticLimits.cc[337] : (in function: getCLs) - At r = 0.900004:	q_mu = 5.60313	q_A  = 5.57540	Pmu = 0.00896	1-Pb  = 0.49766	CLs  = 0.01801
AsymptoticLimits.cc[337] : (in function: getCLs) - At r = 0.660456:	q_mu = 4.20681	q_A  = 4.18586	Pmu = 0.02013	1-Pb  = 0.49796	CLs  = 0.04043
AsymptoticLimits.cc[337] : (in function: getCLs) - At r = 0.612529:	q_mu = 3.91992	q_A  = 3.90057	Pmu = 0.02386	1-Pb  = 0.49805	CLs  = 0.04790
AsymptoticLimits.cc[337] : (in function: getCLs) - At r = 0.602940:	q_mu = 3.86226	q_A  = 3.84319	Pmu = 0.02469	1-Pb  = 0.49806	CLs  = 0.04958
AsymptoticLimits.cc[337] : (in function: getCLs) - At r = 0.601024:	q_mu = 3.85073	q_A  = 3.83172	Pmu = 0.02486	1-Pb  = 0.49806	CLs  = 0.04992
AsymptoticLimits.cc[337] : (in function: getCLs) - At r = 0.600442:	q_mu = 3.84722	q_A  = 3.82822	Pmu = 0.02491	1-Pb  = 0.49806	CLs  = 0.05002
AsymptoticLimits.cc[337] : (in function: getCLs) - At r = 0.600655:	q_mu = 3.84850	q_A  = 3.82949	Pmu = 0.02489	1-Pb  = 0.49806	CLs  = 0.04998
AsymptoticLimits.cc[337] : (in function: getCLs) - At r = 0.600539:	q_mu = 3.84780	q_A  = 3.82879	Pmu = 0.02491	1-Pb  = 0.49806	CLs  = 0.05000
AsymptoticLimits.cc[337] : (in function: getCLs) - At r = 0.600582:	q_mu = 3.84806	q_A  = 3.82905	Pmu = 0.02490	1-Pb  = 0.49806	CLs  = 0.05000
AsymptoticLimits.cc[337] : (in function: getCLs) - At r = 0.600558:	q_mu = 3.84792	q_A  = 3.82891	Pmu = 0.02490	1-Pb  = 0.49806	CLs  = 0.05000
AsymptoticLimits.cc[337] : (in function: getCLs) - At r = 0.600567:	q_mu = 3.84797	q_A  = 3.82896	Pmu = 0.02490	1-Pb  = 0.49806	CLs  = 0.05000
AsymptoticLimits.cc[337] : (in function: getCLs) - At r = 0.600562:	q_mu = 3.84794	q_A  = 3.82893	Pmu = 0.02490	1-Pb  = 0.49806	CLs  = 0.05000
