CascadeMinimizer.cc[188] : (in function: improveOnce) - Minimization configured with Type=Minuit2, Algo=Migrad, strategy=0, tolerance=0.1
CascadeMinimizer.cc[215] : (in function: improveOnce) - Minimization finished with status=0
CascadeMinimizer.cc[219] : (in function: improveOnce) - Minimization success! status=0
ToyMCSamplerOpt.cc[146] : (in function: generateAsimov) - Using internal logic for binned/unbinned Asimov dataset generation
ToyMCSamplerOpt.cc[214] : (in function: generateWithHisto) - Generating asimov with histogram for pdf pdf_binpass_LOW_obsOnly: in 2 x-bins
ToyMCSamplerOpt.cc[215] : (in function: generateWithHisto) -  , in 1 y-bins
ToyMCSamplerOpt.cc[146] : (in function: generateAsimov) - Using internal logic for binned/unbinned Asimov dataset generation
ToyMCSamplerOpt.cc[214] : (in function: generateWithHisto) - Generating asimov with histogram for pdf pdf_binpass_SIG_obsOnly: in 1 x-bins
ToyMCSamplerOpt.cc[215] : (in function: generateWithHisto) -  , in 1 y-bins
ToyMCSamplerOpt.cc[146] : (in function: generateAsimov) - Using internal logic for binned/unbinned Asimov dataset generation
ToyMCSamplerOpt.cc[214] : (in function: generateWithHisto) - Generating asimov with histogram for pdf pdf_binpass_HIGH_obsOnly: in 9 x-bins
ToyMCSamplerOpt.cc[215] : (in function: generateWithHisto) -  , in 1 y-bins
ToyMCSamplerOpt.cc[146] : (in function: generateAsimov) - Using internal logic for binned/unbinned Asimov dataset generation
ToyMCSamplerOpt.cc[214] : (in function: generateWithHisto) - Generating asimov with histogram for pdf pdf_binfail_LOW_obsOnly: in 2 x-bins
ToyMCSamplerOpt.cc[215] : (in function: generateWithHisto) -  , in 1 y-bins
ToyMCSamplerOpt.cc[146] : (in function: generateAsimov) - Using internal logic for binned/unbinned Asimov dataset generation
ToyMCSamplerOpt.cc[214] : (in function: generateWithHisto) - Generating asimov with histogram for pdf pdf_binfail_SIG_obsOnly: in 1 x-bins
ToyMCSamplerOpt.cc[215] : (in function: generateWithHisto) -  , in 1 y-bins
ToyMCSamplerOpt.cc[146] : (in function: generateAsimov) - Using internal logic for binned/unbinned Asimov dataset generation
ToyMCSamplerOpt.cc[214] : (in function: generateWithHisto) - Generating asimov with histogram for pdf pdf_binfail_HIGH_obsOnly: in 9 x-bins
ToyMCSamplerOpt.cc[215] : (in function: generateWithHisto) -  , in 1 y-bins
AsymptoticLimits.cc[428] : (in function: runLimitExpected) - Median for expected limits = 1.76562, Sigma for expected limits = 0.900846
AsymptoticLimits.cc[191] : (in function: runLimit) - NLL at global minimum of data = -546.717 (r=1.74332e-07)
AsymptoticLimits.cc[211] : (in function: runLimit) - NLL at global minimum of asimov = -546.084 (r=1.14394e-08)
AsymptoticLimits.cc[337] : (in function: getCLs) - At r = 1.200000:	q_mu = 3.77496	q_A  = 2.46750	Pmu = 0.02346	1-Pb  = 0.33864	CLs  = 0.06928
AsymptoticLimits.cc[337] : (in function: getCLs) - At r = 2.400000:	q_mu = 7.15611	q_A  = 5.36200	Pmu = 0.00344	1-Pb  = 0.34923	CLs  = 0.00984
AsymptoticLimits.cc[337] : (in function: getCLs) - At r = 1.200000:	q_mu = 3.77495	q_A  = 2.46737	Pmu = 0.02346	1-Pb  = 0.33863	CLs  = 0.06928
AsymptoticLimits.cc[337] : (in function: getCLs) - At r = 1.800000:	q_mu = 5.50738	q_A  = 3.92357	Pmu = 0.00864	1-Pb  = 0.34466	CLs  = 0.02508
AsymptoticLimits.cc[337] : (in function: getCLs) - At r = 1.474053:	q_mu = 4.57743	q_A  = 3.13281	Pmu = 0.01470	1-Pb  = 0.34160	CLs  = 0.04303
AsymptoticLimits.cc[337] : (in function: getCLs) - At r = 1.350169:	q_mu = 4.21707	q_A  = 2.83180	Pmu = 0.01811	1-Pb  = 0.34032	CLs  = 0.05322
AsymptoticLimits.cc[337] : (in function: getCLs) - At r = 1.404076:	q_mu = 4.37434	q_A  = 2.96272	Pmu = 0.01653	1-Pb  = 0.34088	CLs  = 0.04850
AsymptoticLimits.cc[337] : (in function: getCLs) - At r = 1.379137:	q_mu = 4.30171	q_A  = 2.90211	Pmu = 0.01724	1-Pb  = 0.34062	CLs  = 0.05062
AsymptoticLimits.cc[337] : (in function: getCLs) - At r = 1.389883:	q_mu = 4.33301	q_A  = 2.92822	Pmu = 0.01693	1-Pb  = 0.34073	CLs  = 0.04969
AsymptoticLimits.cc[337] : (in function: getCLs) - At r = 1.384890:	q_mu = 4.31852	q_A  = 2.91609	Pmu = 0.01708	1-Pb  = 0.34067	CLs  = 0.05012
AsymptoticLimits.cc[337] : (in function: getCLs) - At r = 1.387031:	q_mu = 4.32476	q_A  = 2.92129	Pmu = 0.01701	1-Pb  = 0.34069	CLs  = 0.04994
AsymptoticLimits.cc[337] : (in function: getCLs) - At r = 1.386030:	q_mu = 4.32183	q_A  = 2.91891	Pmu = 0.01704	1-Pb  = 0.34069	CLs  = 0.05002
AsymptoticLimits.cc[337] : (in function: getCLs) - At r = 1.386455:	q_mu = 4.32319	q_A  = 2.91988	Pmu = 0.01703	1-Pb  = 0.34067	CLs  = 0.04999
AsymptoticLimits.cc[337] : (in function: getCLs) - At r = 1.386243:	q_mu = 4.32256	q_A  = 2.91936	Pmu = 0.01704	1-Pb  = 0.34067	CLs  = 0.05000
AsymptoticLimits.cc[337] : (in function: getCLs) - At r = 1.386324:	q_mu = 4.32279	q_A  = 2.91956	Pmu = 0.01703	1-Pb  = 0.34067	CLs  = 0.05000
AsymptoticLimits.cc[337] : (in function: getCLs) - At r = 1.386283:	q_mu = 4.32284	q_A  = 2.91952	Pmu = 0.01703	1-Pb  = 0.34066	CLs  = 0.05000
AsymptoticLimits.cc[337] : (in function: getCLs) - At r = 1.386261:	q_mu = 4.32275	q_A  = 2.91940	Pmu = 0.01703	1-Pb  = 0.34066	CLs  = 0.05000
AsymptoticLimits.cc[337] : (in function: getCLs) - At r = 1.386257:	q_mu = 4.32280	q_A  = 2.91939	Pmu = 0.01703	1-Pb  = 0.34065	CLs  = 0.05000
AsymptoticLimits.cc[337] : (in function: getCLs) - At r = 1.386252:	q_mu = 4.32274	q_A  = 2.91937	Pmu = 0.01703	1-Pb  = 0.34066	CLs  = 0.05000
AsymptoticLimits.cc[337] : (in function: getCLs) - At r = 1.386255:	q_mu = 4.32273	q_A  = 2.91944	Pmu = 0.01703	1-Pb  = 0.34067	CLs  = 0.05000
