CascadeMinimizer.cc[188] : (in function: improveOnce) - Minimization configured with Type=Minuit2, Algo=Migrad, strategy=0, tolerance=0.1
CascadeMinimizer.cc[215] : (in function: improveOnce) - Minimization finished with status=0
CascadeMinimizer.cc[219] : (in function: improveOnce) - Minimization success! status=0
ToyMCSamplerOpt.cc[146] : (in function: generateAsimov) - Using internal logic for binned/unbinned Asimov dataset generation
ToyMCSamplerOpt.cc[214] : (in function: generateWithHisto) - Generating asimov with histogram for pdf pdf_binpass_LOW_obsOnly: in 4 x-bins
ToyMCSamplerOpt.cc[215] : (in function: generateWithHisto) -  , in 1 y-bins
ToyMCSamplerOpt.cc[146] : (in function: generateAsimov) - Using internal logic for binned/unbinned Asimov dataset generation
ToyMCSamplerOpt.cc[214] : (in function: generateWithHisto) - Generating asimov with histogram for pdf pdf_binpass_SIG_obsOnly: in 3 x-bins
ToyMCSamplerOpt.cc[215] : (in function: generateWithHisto) -  , in 1 y-bins
ToyMCSamplerOpt.cc[146] : (in function: generateAsimov) - Using internal logic for binned/unbinned Asimov dataset generation
ToyMCSamplerOpt.cc[214] : (in function: generateWithHisto) - Generating asimov with histogram for pdf pdf_binpass_HIGH_obsOnly: in 7 x-bins
ToyMCSamplerOpt.cc[215] : (in function: generateWithHisto) -  , in 1 y-bins
ToyMCSamplerOpt.cc[146] : (in function: generateAsimov) - Using internal logic for binned/unbinned Asimov dataset generation
ToyMCSamplerOpt.cc[214] : (in function: generateWithHisto) - Generating asimov with histogram for pdf pdf_binfail_LOW_obsOnly: in 4 x-bins
ToyMCSamplerOpt.cc[215] : (in function: generateWithHisto) -  , in 1 y-bins
ToyMCSamplerOpt.cc[146] : (in function: generateAsimov) - Using internal logic for binned/unbinned Asimov dataset generation
ToyMCSamplerOpt.cc[214] : (in function: generateWithHisto) - Generating asimov with histogram for pdf pdf_binfail_SIG_obsOnly: in 3 x-bins
ToyMCSamplerOpt.cc[215] : (in function: generateWithHisto) -  , in 1 y-bins
ToyMCSamplerOpt.cc[146] : (in function: generateAsimov) - Using internal logic for binned/unbinned Asimov dataset generation
ToyMCSamplerOpt.cc[214] : (in function: generateWithHisto) - Generating asimov with histogram for pdf pdf_binfail_HIGH_obsOnly: in 7 x-bins
ToyMCSamplerOpt.cc[215] : (in function: generateWithHisto) -  , in 1 y-bins
AsymptoticLimits.cc[428] : (in function: runLimitExpected) - Median for expected limits = 3.71875, Sigma for expected limits = 1.89736
AsymptoticLimits.cc[191] : (in function: runLimit) - NLL at global minimum of data = -11131.6 (r=1.29552e-07)
AsymptoticLimits.cc[211] : (in function: runLimit) - NLL at global minimum of asimov = -11131.1 (r=1.12501e-06)
AsymptoticLimits.cc[337] : (in function: getCLs) - At r = 1.326908:	q_mu = 2.30979	q_A  = 1.50934	Pmu = 0.06005	1-Pb  = 0.37230	CLs  = 0.16131
AsymptoticLimits.cc[337] : (in function: getCLs) - At r = 2.653816:	q_mu = 3.90303	q_A  = 2.90520	Pmu = 0.02290	1-Pb  = 0.38487	CLs  = 0.05951
AsymptoticLimits.cc[337] : (in function: getCLs) - At r = 5.307632:	q_mu = 6.24711	q_A  = 5.06207	Pmu = 0.00598	1-Pb  = 0.39614	CLs  = 0.01510
AsymptoticLimits.cc[337] : (in function: getCLs) - At r = 2.653816:	q_mu = 3.90304	q_A  = 2.90525	Pmu = 0.02290	1-Pb  = 0.38488	CLs  = 0.05951
AsymptoticLimits.cc[337] : (in function: getCLs) - At r = 3.454047:	q_mu = 4.69719	q_A  = 3.62653	Pmu = 0.01443	1-Pb  = 0.38931	CLs  = 0.03706
AsymptoticLimits.cc[337] : (in function: getCLs) - At r = 3.049183:	q_mu = 4.30743	q_A  = 3.27101	Pmu = 0.01808	1-Pb  = 0.38724	CLs  = 0.04669
AsymptoticLimits.cc[337] : (in function: getCLs) - At r = 2.880804:	q_mu = 4.13835	q_A  = 3.11758	Pmu = 0.01995	1-Pb  = 0.38627	CLs  = 0.05165
AsymptoticLimits.cc[337] : (in function: getCLs) - At r = 2.957887:	q_mu = 4.21626	q_A  = 3.18822	Pmu = 0.01907	1-Pb  = 0.38672	CLs  = 0.04930
AsymptoticLimits.cc[337] : (in function: getCLs) - At r = 2.923867:	q_mu = 4.18203	q_A  = 3.15715	Pmu = 0.01945	1-Pb  = 0.38652	CLs  = 0.05032
AsymptoticLimits.cc[337] : (in function: getCLs) - At r = 2.939189:	q_mu = 4.19742	q_A  = 3.17115	Pmu = 0.01928	1-Pb  = 0.38661	CLs  = 0.04986
AsymptoticLimits.cc[337] : (in function: getCLs) - At r = 2.932389:	q_mu = 4.19055	q_A  = 3.16492	Pmu = 0.01935	1-Pb  = 0.38658	CLs  = 0.05007
AsymptoticLimits.cc[337] : (in function: getCLs) - At r = 2.935472:	q_mu = 4.19365	q_A  = 3.16774	Pmu = 0.01932	1-Pb  = 0.38659	CLs  = 0.04997
AsymptoticLimits.cc[337] : (in function: getCLs) - At r = 2.934117:	q_mu = 4.19238	q_A  = 3.16652	Pmu = 0.01933	1-Pb  = 0.38658	CLs  = 0.05001
AsymptoticLimits.cc[337] : (in function: getCLs) - At r = 2.934695:	q_mu = 4.19289	q_A  = 3.16703	Pmu = 0.01933	1-Pb  = 0.38659	CLs  = 0.05000
AsymptoticLimits.cc[337] : (in function: getCLs) - At r = 2.934439:	q_mu = 4.19262	q_A  = 3.16680	Pmu = 0.01933	1-Pb  = 0.38659	CLs  = 0.05000
AsymptoticLimits.cc[337] : (in function: getCLs) - At r = 2.934573:	q_mu = 4.19275	q_A  = 3.16692	Pmu = 0.01933	1-Pb  = 0.38659	CLs  = 0.05000
AsymptoticLimits.cc[337] : (in function: getCLs) - At r = 2.934528:	q_mu = 4.19270	q_A  = 3.16691	Pmu = 0.01933	1-Pb  = 0.38659	CLs  = 0.05000
AsymptoticLimits.cc[337] : (in function: getCLs) - At r = 2.934551:	q_mu = 4.19281	q_A  = 3.16690	Pmu = 0.01933	1-Pb  = 0.38658	CLs  = 0.05000
AsymptoticLimits.cc[337] : (in function: getCLs) - At r = 2.934536:	q_mu = 4.19273	q_A  = 3.16689	Pmu = 0.01933	1-Pb  = 0.38659	CLs  = 0.05000
