CascadeMinimizer.cc[188] : (in function: improveOnce) - Minimization configured with Type=Minuit2, Algo=Migrad, strategy=0, tolerance=0.1
CascadeMinimizer.cc[215] : (in function: improveOnce) - Minimization finished with status=0
CascadeMinimizer.cc[219] : (in function: improveOnce) - Minimization success! status=0
ToyMCSamplerOpt.cc[146] : (in function: generateAsimov) - Using internal logic for binned/unbinned Asimov dataset generation
ToyMCSamplerOpt.cc[214] : (in function: generateWithHisto) - Generating asimov with histogram for pdf pdf_binpass_LOW_obsOnly: in 2 x-bins
ToyMCSamplerOpt.cc[215] : (in function: generateWithHisto) -  , in 1 y-bins
ToyMCSamplerOpt.cc[146] : (in function: generateAsimov) - Using internal logic for binned/unbinned Asimov dataset generation
ToyMCSamplerOpt.cc[214] : (in function: generateWithHisto) - Generating asimov with histogram for pdf pdf_binpass_SIG_obsOnly: in 1 x-bins
ToyMCSamplerOpt.cc[215] : (in function: generateWithHisto) -  , in 1 y-bins
ToyMCSamplerOpt.cc[146] : (in function: generateAsimov) - Using internal logic for binned/unbinned Asimov dataset generation
ToyMCSamplerOpt.cc[214] : (in function: generateWithHisto) - Generating asimov with histogram for pdf pdf_binpass_HIGH_obsOnly: in 9 x-bins
ToyMCSamplerOpt.cc[215] : (in function: generateWithHisto) -  , in 1 y-bins
ToyMCSamplerOpt.cc[146] : (in function: generateAsimov) - Using internal logic for binned/unbinned Asimov dataset generation
ToyMCSamplerOpt.cc[214] : (in function: generateWithHisto) - Generating asimov with histogram for pdf pdf_binfail_LOW_obsOnly: in 2 x-bins
ToyMCSamplerOpt.cc[215] : (in function: generateWithHisto) -  , in 1 y-bins
ToyMCSamplerOpt.cc[146] : (in function: generateAsimov) - Using internal logic for binned/unbinned Asimov dataset generation
ToyMCSamplerOpt.cc[214] : (in function: generateWithHisto) - Generating asimov with histogram for pdf pdf_binfail_SIG_obsOnly: in 1 x-bins
ToyMCSamplerOpt.cc[215] : (in function: generateWithHisto) -  , in 1 y-bins
ToyMCSamplerOpt.cc[146] : (in function: generateAsimov) - Using internal logic for binned/unbinned Asimov dataset generation
ToyMCSamplerOpt.cc[214] : (in function: generateWithHisto) - Generating asimov with histogram for pdf pdf_binfail_HIGH_obsOnly: in 9 x-bins
ToyMCSamplerOpt.cc[215] : (in function: generateWithHisto) -  , in 1 y-bins
AsymptoticLimits.cc[428] : (in function: runLimitExpected) - Median for expected limits = 2.07031, Sigma for expected limits = 1.0563
AsymptoticLimits.cc[191] : (in function: runLimit) - NLL at global minimum of data = -546.196 (r=2.27275e-07)
AsymptoticLimits.cc[211] : (in function: runLimit) - NLL at global minimum of asimov = -545.589 (r=1.31236e-06)
AsymptoticLimits.cc[337] : (in function: getCLs) - At r = 1.200000:	q_mu = 3.23119	q_A  = 2.04000	Pmu = 0.03250	1-Pb  = 0.33834	CLs  = 0.09605
AsymptoticLimits.cc[337] : (in function: getCLs) - At r = 2.400000:	q_mu = 6.17589	q_A  = 4.52709	Pmu = 0.00595	1-Pb  = 0.34921	CLs  = 0.01704
AsymptoticLimits.cc[337] : (in function: getCLs) - At r = 1.200000:	q_mu = 3.23119	q_A  = 2.03995	Pmu = 0.03250	1-Pb  = 0.33833	CLs  = 0.09605
AsymptoticLimits.cc[337] : (in function: getCLs) - At r = 1.802374:	q_mu = 4.74047	q_A  = 3.28863	Pmu = 0.01342	1-Pb  = 0.34447	CLs  = 0.03897
AsymptoticLimits.cc[337] : (in function: getCLs) - At r = 1.548729:	q_mu = 4.11289	q_A  = 2.76118	Pmu = 0.01930	1-Pb  = 0.34210	CLs  = 0.05642
AsymptoticLimits.cc[337] : (in function: getCLs) - At r = 1.665673:	q_mu = 4.40361	q_A  = 3.00421	Pmu = 0.01630	1-Pb  = 0.34322	CLs  = 0.04749
AsymptoticLimits.cc[337] : (in function: getCLs) - At r = 1.614342:	q_mu = 4.27634	q_A  = 2.89748	Pmu = 0.01755	1-Pb  = 0.34273	CLs  = 0.05120
AsymptoticLimits.cc[337] : (in function: getCLs) - At r = 1.637599:	q_mu = 4.33405	q_A  = 2.94581	Pmu = 0.01697	1-Pb  = 0.34295	CLs  = 0.04949
AsymptoticLimits.cc[337] : (in function: getCLs) - At r = 1.627312:	q_mu = 4.30858	q_A  = 2.92441	Pmu = 0.01722	1-Pb  = 0.34285	CLs  = 0.05024
AsymptoticLimits.cc[337] : (in function: getCLs) - At r = 1.631952:	q_mu = 4.32009	q_A  = 2.93410	Pmu = 0.01711	1-Pb  = 0.34290	CLs  = 0.04990
AsymptoticLimits.cc[337] : (in function: getCLs) - At r = 1.629887:	q_mu = 4.31496	q_A  = 2.92973	Pmu = 0.01716	1-Pb  = 0.34287	CLs  = 0.05005
AsymptoticLimits.cc[337] : (in function: getCLs) - At r = 1.630820:	q_mu = 4.31740	q_A  = 2.93166	Pmu = 0.01714	1-Pb  = 0.34286	CLs  = 0.04998
AsymptoticLimits.cc[337] : (in function: getCLs) - At r = 1.630393:	q_mu = 4.31633	q_A  = 2.93077	Pmu = 0.01715	1-Pb  = 0.34286	CLs  = 0.05001
AsymptoticLimits.cc[337] : (in function: getCLs) - At r = 1.630574:	q_mu = 4.31677	q_A  = 2.93114	Pmu = 0.01714	1-Pb  = 0.34286	CLs  = 0.05000
AsymptoticLimits.cc[337] : (in function: getCLs) - At r = 1.630490:	q_mu = 4.31672	q_A  = 2.93091	Pmu = 0.01714	1-Pb  = 0.34284	CLs  = 0.05000
AsymptoticLimits.cc[337] : (in function: getCLs) - At r = 1.630465:	q_mu = 4.31664	q_A  = 2.93084	Pmu = 0.01714	1-Pb  = 0.34283	CLs  = 0.05000
AsymptoticLimits.cc[337] : (in function: getCLs) - At r = 1.630479:	q_mu = 4.31673	q_A  = 2.93087	Pmu = 0.01714	1-Pb  = 0.34283	CLs  = 0.05000
AsymptoticLimits.cc[337] : (in function: getCLs) - At r = 1.630474:	q_mu = 4.31668	q_A  = 2.93085	Pmu = 0.01714	1-Pb  = 0.34283	CLs  = 0.05000
