CascadeMinimizer.cc[188] : (in function: improveOnce) - Minimization configured with Type=Minuit2, Algo=Migrad, strategy=0, tolerance=0.1
CascadeMinimizer.cc[215] : (in function: improveOnce) - Minimization finished with status=0
CascadeMinimizer.cc[219] : (in function: improveOnce) - Minimization success! status=0
ToyMCSamplerOpt.cc[146] : (in function: generateAsimov) - Using internal logic for binned/unbinned Asimov dataset generation
ToyMCSamplerOpt.cc[214] : (in function: generateWithHisto) - Generating asimov with histogram for pdf pdf_binpass_LOW_obsOnly: in 3 x-bins
ToyMCSamplerOpt.cc[215] : (in function: generateWithHisto) -  , in 1 y-bins
ToyMCSamplerOpt.cc[146] : (in function: generateAsimov) - Using internal logic for binned/unbinned Asimov dataset generation
ToyMCSamplerOpt.cc[214] : (in function: generateWithHisto) - Generating asimov with histogram for pdf pdf_binpass_SIG_obsOnly: in 1 x-bins
ToyMCSamplerOpt.cc[215] : (in function: generateWithHisto) -  , in 1 y-bins
ToyMCSamplerOpt.cc[146] : (in function: generateAsimov) - Using internal logic for binned/unbinned Asimov dataset generation
ToyMCSamplerOpt.cc[214] : (in function: generateWithHisto) - Generating asimov with histogram for pdf pdf_binpass_HIGH_obsOnly: in 5 x-bins
ToyMCSamplerOpt.cc[215] : (in function: generateWithHisto) -  , in 1 y-bins
ToyMCSamplerOpt.cc[146] : (in function: generateAsimov) - Using internal logic for binned/unbinned Asimov dataset generation
ToyMCSamplerOpt.cc[214] : (in function: generateWithHisto) - Generating asimov with histogram for pdf pdf_binfail_LOW_obsOnly: in 3 x-bins
ToyMCSamplerOpt.cc[215] : (in function: generateWithHisto) -  , in 1 y-bins
ToyMCSamplerOpt.cc[146] : (in function: generateAsimov) - Using internal logic for binned/unbinned Asimov dataset generation
ToyMCSamplerOpt.cc[214] : (in function: generateWithHisto) - Generating asimov with histogram for pdf pdf_binfail_SIG_obsOnly: in 1 x-bins
ToyMCSamplerOpt.cc[215] : (in function: generateWithHisto) -  , in 1 y-bins
ToyMCSamplerOpt.cc[146] : (in function: generateAsimov) - Using internal logic for binned/unbinned Asimov dataset generation
ToyMCSamplerOpt.cc[214] : (in function: generateWithHisto) - Generating asimov with histogram for pdf pdf_binfail_HIGH_obsOnly: in 5 x-bins
ToyMCSamplerOpt.cc[215] : (in function: generateWithHisto) -  , in 1 y-bins
AsymptoticLimits.cc[428] : (in function: runLimitExpected) - Median for expected limits = 0.488281, Sigma for expected limits = 0.249128
AsymptoticLimits.cc[191] : (in function: runLimit) - NLL at global minimum of data = -926.583 (r=6.6687e-08)
AsymptoticLimits.cc[211] : (in function: runLimit) - NLL at global minimum of asimov = -925.074 (r=1.5615e-08)
AsymptoticLimits.cc[337] : (in function: getCLs) - At r = 1.200000:	q_mu = 23.72911	q_A  = 15.46369	Pmu = 0.00000	1-Pb  = 0.14664	CLs  = 0.00000
AsymptoticLimits.cc[337] : (in function: getCLs) - At r = 0.600000:	q_mu = 11.53848	q_A  = 5.53713	Pmu = 0.00014	1-Pb  = 0.10112	CLs  = 0.00141
AsymptoticLimits.cc[337] : (in function: getCLs) - At r = 0.300000:	q_mu = 5.59093	q_A  = 1.41455	Pmu = 0.00161	1-Pb  = 0.03957	CLs  = 0.04080
AsymptoticLimits.cc[337] : (in function: getCLs) - At r = 0.150000:	q_mu = 2.69323	q_A  = 0.27645	Pmu = 0.00237	1-Pb  = 0.01077	CLs  = 0.22009
AsymptoticLimits.cc[337] : (in function: getCLs) - At r = 0.225000:	q_mu = 4.13929	q_A  = 0.74013	Pmu = 0.00229	1-Pb  = 0.02410	CLs  = 0.09481
AsymptoticLimits.cc[337] : (in function: getCLs) - At r = 0.270530:	q_mu = 5.01174	q_A  = 1.14129	Pmu = 0.00199	1-Pb  = 0.03503	CLs  = 0.05679
AsymptoticLimits.cc[337] : (in function: getCLs) - At r = 0.285506:	q_mu = 5.30571	q_A  = 1.26557	Pmu = 0.00175	1-Pb  = 0.03628	CLs  = 0.04815
AsymptoticLimits.cc[337] : (in function: getCLs) - At r = 0.279775:	q_mu = 5.19307	q_A  = 1.20891	Pmu = 0.00180	1-Pb  = 0.03501	CLs  = 0.05141
AsymptoticLimits.cc[337] : (in function: getCLs) - At r = 0.282863:	q_mu = 5.25372	q_A  = 1.23926	Pmu = 0.00177	1-Pb  = 0.03569	CLs  = 0.04963
AsymptoticLimits.cc[337] : (in function: getCLs) - At r = 0.281719:	q_mu = 5.23119	q_A  = 1.22797	Pmu = 0.00178	1-Pb  = 0.03544	CLs  = 0.05028
AsymptoticLimits.cc[337] : (in function: getCLs) - At r = 0.282337:	q_mu = 5.24334	q_A  = 1.23407	Pmu = 0.00178	1-Pb  = 0.03557	CLs  = 0.04993
AsymptoticLimits.cc[337] : (in function: getCLs) - At r = 0.282109:	q_mu = 5.23886	q_A  = 1.23181	Pmu = 0.00178	1-Pb  = 0.03552	CLs  = 0.05006
AsymptoticLimits.cc[337] : (in function: getCLs) - At r = 0.282233:	q_mu = 5.24129	q_A  = 1.23304	Pmu = 0.00178	1-Pb  = 0.03555	CLs  = 0.04999
AsymptoticLimits.cc[337] : (in function: getCLs) - At r = 0.282187:	q_mu = 5.24039	q_A  = 1.23258	Pmu = 0.00178	1-Pb  = 0.03554	CLs  = 0.05001
AsymptoticLimits.cc[337] : (in function: getCLs) - At r = 0.282212:	q_mu = 5.24088	q_A  = 1.23283	Pmu = 0.00178	1-Pb  = 0.03555	CLs  = 0.05000
AsymptoticLimits.cc[337] : (in function: getCLs) - At r = 0.282203:	q_mu = 5.24070	q_A  = 1.23274	Pmu = 0.00178	1-Pb  = 0.03554	CLs  = 0.05000
AsymptoticLimits.cc[337] : (in function: getCLs) - At r = 0.282208:	q_mu = 5.24080	q_A  = 1.23279	Pmu = 0.00178	1-Pb  = 0.03554	CLs  = 0.05000
