CascadeMinimizer.cc[188] : (in function: improveOnce) - Minimization configured with Type=Minuit2, Algo=Migrad, strategy=0, tolerance=0.1
CascadeMinimizer.cc[215] : (in function: improveOnce) - Minimization finished with status=0
CascadeMinimizer.cc[219] : (in function: improveOnce) - Minimization success! status=0
ToyMCSamplerOpt.cc[146] : (in function: generateAsimov) - Using internal logic for binned/unbinned Asimov dataset generation
ToyMCSamplerOpt.cc[214] : (in function: generateWithHisto) - Generating asimov with histogram for pdf pdf_binpass_LOW_obsOnly: in 2 x-bins
ToyMCSamplerOpt.cc[215] : (in function: generateWithHisto) -  , in 1 y-bins
ToyMCSamplerOpt.cc[146] : (in function: generateAsimov) - Using internal logic for binned/unbinned Asimov dataset generation
ToyMCSamplerOpt.cc[214] : (in function: generateWithHisto) - Generating asimov with histogram for pdf pdf_binpass_SIG_obsOnly: in 1 x-bins
ToyMCSamplerOpt.cc[215] : (in function: generateWithHisto) -  , in 1 y-bins
ToyMCSamplerOpt.cc[146] : (in function: generateAsimov) - Using internal logic for binned/unbinned Asimov dataset generation
ToyMCSamplerOpt.cc[214] : (in function: generateWithHisto) - Generating asimov with histogram for pdf pdf_binpass_HIGH_obsOnly: in 9 x-bins
ToyMCSamplerOpt.cc[215] : (in function: generateWithHisto) -  , in 1 y-bins
ToyMCSamplerOpt.cc[146] : (in function: generateAsimov) - Using internal logic for binned/unbinned Asimov dataset generation
ToyMCSamplerOpt.cc[214] : (in function: generateWithHisto) - Generating asimov with histogram for pdf pdf_binfail_LOW_obsOnly: in 2 x-bins
ToyMCSamplerOpt.cc[215] : (in function: generateWithHisto) -  , in 1 y-bins
ToyMCSamplerOpt.cc[146] : (in function: generateAsimov) - Using internal logic for binned/unbinned Asimov dataset generation
ToyMCSamplerOpt.cc[214] : (in function: generateWithHisto) - Generating asimov with histogram for pdf pdf_binfail_SIG_obsOnly: in 1 x-bins
ToyMCSamplerOpt.cc[215] : (in function: generateWithHisto) -  , in 1 y-bins
ToyMCSamplerOpt.cc[146] : (in function: generateAsimov) - Using internal logic for binned/unbinned Asimov dataset generation
ToyMCSamplerOpt.cc[214] : (in function: generateWithHisto) - Generating asimov with histogram for pdf pdf_binfail_HIGH_obsOnly: in 9 x-bins
ToyMCSamplerOpt.cc[215] : (in function: generateWithHisto) -  , in 1 y-bins
AsymptoticLimits.cc[428] : (in function: runLimitExpected) - Median for expected limits = 0.558594, Sigma for expected limits = 0.285002
AsymptoticLimits.cc[191] : (in function: runLimit) - NLL at global minimum of data = -820.723 (r=3.03133e-08)
AsymptoticLimits.cc[211] : (in function: runLimit) - NLL at global minimum of asimov = -819.89 (r=4.03934e-06)
AsymptoticLimits.cc[337] : (in function: getCLs) - At r = 1.200000:	q_mu = 10.21804	q_A  = 8.47455	Pmu = 0.00066	1-Pb  = 0.38230	CLs  = 0.00173
AsymptoticLimits.cc[337] : (in function: getCLs) - At r = 0.600000:	q_mu = 5.41665	q_A  = 4.13932	Pmu = 0.00943	1-Pb  = 0.37679	CLs  = 0.02502
AsymptoticLimits.cc[337] : (in function: getCLs) - At r = 0.300000:	q_mu = 2.80110	q_A  = 1.92777	Pmu = 0.04429	1-Pb  = 0.37657	CLs  = 0.11761
AsymptoticLimits.cc[337] : (in function: getCLs) - At r = 0.432628:	q_mu = 3.97676	q_A  = 2.90017	Pmu = 0.02174	1-Pb  = 0.37597	CLs  = 0.05782
AsymptoticLimits.cc[337] : (in function: getCLs) - At r = 0.489333:	q_mu = 4.46977	q_A  = 3.31945	Pmu = 0.01627	1-Pb  = 0.37612	CLs  = 0.04327
AsymptoticLimits.cc[337] : (in function: getCLs) - At r = 0.455367:	q_mu = 4.17497	q_A  = 3.06817	Pmu = 0.01934	1-Pb  = 0.37602	CLs  = 0.05144
AsymptoticLimits.cc[337] : (in function: getCLs) - At r = 0.466607:	q_mu = 4.27264	q_A  = 3.15124	Pmu = 0.01826	1-Pb  = 0.37606	CLs  = 0.04856
AsymptoticLimits.cc[337] : (in function: getCLs) - At r = 0.462045:	q_mu = 4.22919	q_A  = 3.11746	Pmu = 0.01874	1-Pb  = 0.37645	CLs  = 0.04979
AsymptoticLimits.cc[337] : (in function: getCLs) - At r = 0.460006:	q_mu = 4.21145	q_A  = 3.10235	Pmu = 0.01894	1-Pb  = 0.37644	CLs  = 0.05031
AsymptoticLimits.cc[337] : (in function: getCLs) - At r = 0.460966:	q_mu = 4.21980	q_A  = 3.10943	Pmu = 0.01885	1-Pb  = 0.37644	CLs  = 0.05006
AsymptoticLimits.cc[337] : (in function: getCLs) - At r = 0.461375:	q_mu = 4.22336	q_A  = 3.11242	Pmu = 0.01881	1-Pb  = 0.37644	CLs  = 0.04996
AsymptoticLimits.cc[337] : (in function: getCLs) - At r = 0.461161:	q_mu = 4.22154	q_A  = 3.11081	Pmu = 0.01883	1-Pb  = 0.37643	CLs  = 0.05001
AsymptoticLimits.cc[337] : (in function: getCLs) - At r = 0.461241:	q_mu = 4.22220	q_A  = 3.11138	Pmu = 0.01882	1-Pb  = 0.37643	CLs  = 0.04999
AsymptoticLimits.cc[337] : (in function: getCLs) - At r = 0.461200:	q_mu = 4.22184	q_A  = 3.11105	Pmu = 0.01882	1-Pb  = 0.37643	CLs  = 0.05000
AsymptoticLimits.cc[337] : (in function: getCLs) - At r = 0.461218:	q_mu = 4.22199	q_A  = 3.11117	Pmu = 0.01882	1-Pb  = 0.37642	CLs  = 0.05000
AsymptoticLimits.cc[337] : (in function: getCLs) - At r = 0.461211:	q_mu = 4.22193	q_A  = 3.11109	Pmu = 0.01882	1-Pb  = 0.37642	CLs  = 0.05000
AsymptoticLimits.cc[337] : (in function: getCLs) - At r = 0.461215:	q_mu = 4.22197	q_A  = 3.11116	Pmu = 0.01882	1-Pb  = 0.37643	CLs  = 0.05000
