CascadeMinimizer.cc[188] : (in function: improveOnce) - Minimization configured with Type=Minuit2, Algo=Migrad, strategy=0, tolerance=0.1
CascadeMinimizer.cc[215] : (in function: improveOnce) - Minimization finished with status=0
CascadeMinimizer.cc[219] : (in function: improveOnce) - Minimization success! status=0
ToyMCSamplerOpt.cc[146] : (in function: generateAsimov) - Using internal logic for binned/unbinned Asimov dataset generation
ToyMCSamplerOpt.cc[214] : (in function: generateWithHisto) - Generating asimov with histogram for pdf pdf_binpass_LOW_obsOnly: in 3 x-bins
ToyMCSamplerOpt.cc[215] : (in function: generateWithHisto) -  , in 1 y-bins
ToyMCSamplerOpt.cc[146] : (in function: generateAsimov) - Using internal logic for binned/unbinned Asimov dataset generation
ToyMCSamplerOpt.cc[214] : (in function: generateWithHisto) - Generating asimov with histogram for pdf pdf_binpass_SIG_obsOnly: in 1 x-bins
ToyMCSamplerOpt.cc[215] : (in function: generateWithHisto) -  , in 1 y-bins
ToyMCSamplerOpt.cc[146] : (in function: generateAsimov) - Using internal logic for binned/unbinned Asimov dataset generation
ToyMCSamplerOpt.cc[214] : (in function: generateWithHisto) - Generating asimov with histogram for pdf pdf_binpass_HIGH_obsOnly: in 5 x-bins
ToyMCSamplerOpt.cc[215] : (in function: generateWithHisto) -  , in 1 y-bins
ToyMCSamplerOpt.cc[146] : (in function: generateAsimov) - Using internal logic for binned/unbinned Asimov dataset generation
ToyMCSamplerOpt.cc[214] : (in function: generateWithHisto) - Generating asimov with histogram for pdf pdf_binfail_LOW_obsOnly: in 3 x-bins
ToyMCSamplerOpt.cc[215] : (in function: generateWithHisto) -  , in 1 y-bins
ToyMCSamplerOpt.cc[146] : (in function: generateAsimov) - Using internal logic for binned/unbinned Asimov dataset generation
ToyMCSamplerOpt.cc[214] : (in function: generateWithHisto) - Generating asimov with histogram for pdf pdf_binfail_SIG_obsOnly: in 1 x-bins
ToyMCSamplerOpt.cc[215] : (in function: generateWithHisto) -  , in 1 y-bins
ToyMCSamplerOpt.cc[146] : (in function: generateAsimov) - Using internal logic for binned/unbinned Asimov dataset generation
ToyMCSamplerOpt.cc[214] : (in function: generateWithHisto) - Generating asimov with histogram for pdf pdf_binfail_HIGH_obsOnly: in 5 x-bins
ToyMCSamplerOpt.cc[215] : (in function: generateWithHisto) -  , in 1 y-bins
AsymptoticLimits.cc[428] : (in function: runLimitExpected) - Median for expected limits = 1.71094, Sigma for expected limits = 0.872943
AsymptoticLimits.cc[191] : (in function: runLimit) - NLL at global minimum of data = -42.5421 (r=3.71279e-07)
AsymptoticLimits.cc[211] : (in function: runLimit) - NLL at global minimum of asimov = -42.5336 (r=1.31454e-08)
AsymptoticLimits.cc[337] : (in function: getCLs) - At r = 1.354993:	q_mu = 3.12326	q_A  = 3.10299	Pmu = 0.03859	1-Pb  = 0.49770	CLs  = 0.07754
AsymptoticLimits.cc[337] : (in function: getCLs) - At r = 2.709987:	q_mu = 5.85335	q_A  = 5.81748	Pmu = 0.00777	1-Pb  = 0.49703	CLs  = 0.01564
AsymptoticLimits.cc[337] : (in function: getCLs) - At r = 1.354994:	q_mu = 3.12274	q_A  = 3.10242	Pmu = 0.03860	1-Pb  = 0.49770	CLs  = 0.07756
AsymptoticLimits.cc[337] : (in function: getCLs) - At r = 1.923217:	q_mu = 4.30756	q_A  = 4.27957	Pmu = 0.01897	1-Pb  = 0.49730	CLs  = 0.03815
AsymptoticLimits.cc[337] : (in function: getCLs) - At r = 1.636258:	q_mu = 3.71701	q_A  = 3.69277	Pmu = 0.02693	1-Pb  = 0.49748	CLs  = 0.05413
AsymptoticLimits.cc[337] : (in function: getCLs) - At r = 1.745737:	q_mu = 3.94382	q_A  = 3.91835	Pmu = 0.02352	1-Pb  = 0.49743	CLs  = 0.04729
AsymptoticLimits.cc[337] : (in function: getCLs) - At r = 1.687685:	q_mu = 3.82360	q_A  = 3.79895	Pmu = 0.02527	1-Pb  = 0.49748	CLs  = 0.05079
AsymptoticLimits.cc[337] : (in function: getCLs) - At r = 1.709484:	q_mu = 3.86876	q_A  = 3.84383	Pmu = 0.02460	1-Pb  = 0.49746	CLs  = 0.04944
AsymptoticLimits.cc[337] : (in function: getCLs) - At r = 1.697854:	q_mu = 3.84464	q_A  = 3.81988	Pmu = 0.02495	1-Pb  = 0.49747	CLs  = 0.05016
AsymptoticLimits.cc[337] : (in function: getCLs) - At r = 1.702218:	q_mu = 3.85367	q_A  = 3.82885	Pmu = 0.02482	1-Pb  = 0.49747	CLs  = 0.04989
AsymptoticLimits.cc[337] : (in function: getCLs) - At r = 1.699896:	q_mu = 3.84884	q_A  = 3.82406	Pmu = 0.02489	1-Pb  = 0.49747	CLs  = 0.05003
AsymptoticLimits.cc[337] : (in function: getCLs) - At r = 1.700776:	q_mu = 3.85064	q_A  = 3.82587	Pmu = 0.02486	1-Pb  = 0.49747	CLs  = 0.04998
AsymptoticLimits.cc[337] : (in function: getCLs) - At r = 1.700316:	q_mu = 3.84967	q_A  = 3.82491	Pmu = 0.02488	1-Pb  = 0.49747	CLs  = 0.05001
AsymptoticLimits.cc[337] : (in function: getCLs) - At r = 1.700499:	q_mu = 3.85003	q_A  = 3.82528	Pmu = 0.02487	1-Pb  = 0.49748	CLs  = 0.05000
AsymptoticLimits.cc[337] : (in function: getCLs) - At r = 1.700412:	q_mu = 3.84983	q_A  = 3.82510	Pmu = 0.02487	1-Pb  = 0.49748	CLs  = 0.05000
AsymptoticLimits.cc[337] : (in function: getCLs) - At r = 1.700454:	q_mu = 3.84990	q_A  = 3.82518	Pmu = 0.02487	1-Pb  = 0.49748	CLs  = 0.05000
AsymptoticLimits.cc[337] : (in function: getCLs) - At r = 1.700443:	q_mu = 3.84986	q_A  = 3.82515	Pmu = 0.02487	1-Pb  = 0.49748	CLs  = 0.05000
AsymptoticLimits.cc[337] : (in function: getCLs) - At r = 1.700450:	q_mu = 3.84986	q_A  = 3.82516	Pmu = 0.02487	1-Pb  = 0.49748	CLs  = 0.05000
