CascadeMinimizer.cc[188] : (in function: improveOnce) - Minimization configured with Type=Minuit2, Algo=Migrad, strategy=0, tolerance=0.1
CascadeMinimizer.cc[215] : (in function: improveOnce) - Minimization finished with status=0
CascadeMinimizer.cc[219] : (in function: improveOnce) - Minimization success! status=0
ToyMCSamplerOpt.cc[146] : (in function: generateAsimov) - Using internal logic for binned/unbinned Asimov dataset generation
ToyMCSamplerOpt.cc[214] : (in function: generateWithHisto) - Generating asimov with histogram for pdf pdf_binpass_LOW_obsOnly: in 4 x-bins
ToyMCSamplerOpt.cc[215] : (in function: generateWithHisto) -  , in 1 y-bins
ToyMCSamplerOpt.cc[146] : (in function: generateAsimov) - Using internal logic for binned/unbinned Asimov dataset generation
ToyMCSamplerOpt.cc[214] : (in function: generateWithHisto) - Generating asimov with histogram for pdf pdf_binpass_SIG_obsOnly: in 1 x-bins
ToyMCSamplerOpt.cc[215] : (in function: generateWithHisto) -  , in 1 y-bins
ToyMCSamplerOpt.cc[146] : (in function: generateAsimov) - Using internal logic for binned/unbinned Asimov dataset generation
ToyMCSamplerOpt.cc[214] : (in function: generateWithHisto) - Generating asimov with histogram for pdf pdf_binpass_HIGH_obsOnly: in 10 x-bins
ToyMCSamplerOpt.cc[215] : (in function: generateWithHisto) -  , in 1 y-bins
ToyMCSamplerOpt.cc[146] : (in function: generateAsimov) - Using internal logic for binned/unbinned Asimov dataset generation
ToyMCSamplerOpt.cc[214] : (in function: generateWithHisto) - Generating asimov with histogram for pdf pdf_binfail_LOW_obsOnly: in 4 x-bins
ToyMCSamplerOpt.cc[215] : (in function: generateWithHisto) -  , in 1 y-bins
ToyMCSamplerOpt.cc[146] : (in function: generateAsimov) - Using internal logic for binned/unbinned Asimov dataset generation
ToyMCSamplerOpt.cc[214] : (in function: generateWithHisto) - Generating asimov with histogram for pdf pdf_binfail_SIG_obsOnly: in 1 x-bins
ToyMCSamplerOpt.cc[215] : (in function: generateWithHisto) -  , in 1 y-bins
ToyMCSamplerOpt.cc[146] : (in function: generateAsimov) - Using internal logic for binned/unbinned Asimov dataset generation
ToyMCSamplerOpt.cc[214] : (in function: generateWithHisto) - Generating asimov with histogram for pdf pdf_binfail_HIGH_obsOnly: in 10 x-bins
ToyMCSamplerOpt.cc[215] : (in function: generateWithHisto) -  , in 1 y-bins
AsymptoticLimits.cc[428] : (in function: runLimitExpected) - Median for expected limits = 1.875, Sigma for expected limits = 0.95665
AsymptoticLimits.cc[191] : (in function: runLimit) - NLL at global minimum of data = -2378.07 (r=3.43072e-06)
AsymptoticLimits.cc[211] : (in function: runLimit) - NLL at global minimum of asimov = -2398.63 (r=1.5211e-08)
AsymptoticLimits.cc[337] : (in function: getCLs) - At r = 1.200003:	q_mu = 1.95658	q_A  = 2.43707	Pmu = 0.08094	1-Pb  = 0.56448	CLs  = 0.14339
AsymptoticLimits.cc[337] : (in function: getCLs) - At r = 2.400007:	q_mu = 3.98937	q_A  = 4.94744	Pmu = 0.02289	1-Pb  = 0.58977	CLs  = 0.03882
AsymptoticLimits.cc[337] : (in function: getCLs) - At r = 1.200005:	q_mu = 1.95659	q_A  = 2.43709	Pmu = 0.08094	1-Pb  = 0.56448	CLs  = 0.14339
AsymptoticLimits.cc[337] : (in function: getCLs) - At r = 1.974040:	q_mu = 3.25907	q_A  = 4.04800	Pmu = 0.03551	1-Pb  = 0.58187	CLs  = 0.06104
AsymptoticLimits.cc[337] : (in function: getCLs) - At r = 2.209408:	q_mu = 3.66149	q_A  = 4.54396	Pmu = 0.02784	1-Pb  = 0.58635	CLs  = 0.04748
AsymptoticLimits.cc[337] : (in function: getCLs) - At r = 2.123609:	q_mu = 3.51441	q_A  = 4.36280	Pmu = 0.03042	1-Pb  = 0.58475	CLs  = 0.05202
AsymptoticLimits.cc[337] : (in function: getCLs) - At r = 2.170564:	q_mu = 3.59482	q_A  = 4.46187	Pmu = 0.02898	1-Pb  = 0.58563	CLs  = 0.04949
AsymptoticLimits.cc[337] : (in function: getCLs) - At r = 2.153391:	q_mu = 3.56538	q_A  = 4.42561	Pmu = 0.02950	1-Pb  = 0.58531	CLs  = 0.05040
AsymptoticLimits.cc[337] : (in function: getCLs) - At r = 2.162782:	q_mu = 3.58146	q_A  = 4.44542	Pmu = 0.02921	1-Pb  = 0.58548	CLs  = 0.04990
AsymptoticLimits.cc[337] : (in function: getCLs) - At r = 2.159351:	q_mu = 3.57558	q_A  = 4.43817	Pmu = 0.02932	1-Pb  = 0.58542	CLs  = 0.05008
AsymptoticLimits.cc[337] : (in function: getCLs) - At r = 2.161231:	q_mu = 3.57879	q_A  = 4.44214	Pmu = 0.02926	1-Pb  = 0.58545	CLs  = 0.04998
AsymptoticLimits.cc[337] : (in function: getCLs) - At r = 2.160548:	q_mu = 3.57762	q_A  = 4.44069	Pmu = 0.02928	1-Pb  = 0.58544	CLs  = 0.05002
AsymptoticLimits.cc[337] : (in function: getCLs) - At r = 2.160925:	q_mu = 3.57826	q_A  = 4.44149	Pmu = 0.02927	1-Pb  = 0.58545	CLs  = 0.05000
AsymptoticLimits.cc[337] : (in function: getCLs) - At r = 2.160790:	q_mu = 3.57803	q_A  = 4.44120	Pmu = 0.02927	1-Pb  = 0.58545	CLs  = 0.05000
AsymptoticLimits.cc[337] : (in function: getCLs) - At r = 2.160866:	q_mu = 3.57816	q_A  = 4.44136	Pmu = 0.02927	1-Pb  = 0.58545	CLs  = 0.05000
AsymptoticLimits.cc[337] : (in function: getCLs) - At r = 2.160839:	q_mu = 3.57811	q_A  = 4.44130	Pmu = 0.02927	1-Pb  = 0.58545	CLs  = 0.05000
AsymptoticLimits.cc[337] : (in function: getCLs) - At r = 2.160855:	q_mu = 3.57814	q_A  = 4.44134	Pmu = 0.02927	1-Pb  = 0.58545	CLs  = 0.05000
AsymptoticLimits.cc[337] : (in function: getCLs) - At r = 2.160850:	q_mu = 3.57813	q_A  = 4.44133	Pmu = 0.02927	1-Pb  = 0.58545	CLs  = 0.05000
