CascadeMinimizer.cc[188] : (in function: improveOnce) - Minimization configured with Type=Minuit2, Algo=Migrad, strategy=0, tolerance=0.1
CascadeMinimizer.cc[215] : (in function: improveOnce) - Minimization finished with status=0
CascadeMinimizer.cc[219] : (in function: improveOnce) - Minimization success! status=0
ToyMCSamplerOpt.cc[146] : (in function: generateAsimov) - Using internal logic for binned/unbinned Asimov dataset generation
ToyMCSamplerOpt.cc[214] : (in function: generateWithHisto) - Generating asimov with histogram for pdf pdf_binpass_LOW_obsOnly: in 3 x-bins
ToyMCSamplerOpt.cc[215] : (in function: generateWithHisto) -  , in 1 y-bins
ToyMCSamplerOpt.cc[146] : (in function: generateAsimov) - Using internal logic for binned/unbinned Asimov dataset generation
ToyMCSamplerOpt.cc[214] : (in function: generateWithHisto) - Generating asimov with histogram for pdf pdf_binpass_SIG_obsOnly: in 1 x-bins
ToyMCSamplerOpt.cc[215] : (in function: generateWithHisto) -  , in 1 y-bins
ToyMCSamplerOpt.cc[146] : (in function: generateAsimov) - Using internal logic for binned/unbinned Asimov dataset generation
ToyMCSamplerOpt.cc[214] : (in function: generateWithHisto) - Generating asimov with histogram for pdf pdf_binpass_HIGH_obsOnly: in 3 x-bins
ToyMCSamplerOpt.cc[215] : (in function: generateWithHisto) -  , in 1 y-bins
ToyMCSamplerOpt.cc[146] : (in function: generateAsimov) - Using internal logic for binned/unbinned Asimov dataset generation
ToyMCSamplerOpt.cc[214] : (in function: generateWithHisto) - Generating asimov with histogram for pdf pdf_binfail_LOW_obsOnly: in 3 x-bins
ToyMCSamplerOpt.cc[215] : (in function: generateWithHisto) -  , in 1 y-bins
ToyMCSamplerOpt.cc[146] : (in function: generateAsimov) - Using internal logic for binned/unbinned Asimov dataset generation
ToyMCSamplerOpt.cc[214] : (in function: generateWithHisto) - Generating asimov with histogram for pdf pdf_binfail_SIG_obsOnly: in 1 x-bins
ToyMCSamplerOpt.cc[215] : (in function: generateWithHisto) -  , in 1 y-bins
ToyMCSamplerOpt.cc[146] : (in function: generateAsimov) - Using internal logic for binned/unbinned Asimov dataset generation
ToyMCSamplerOpt.cc[214] : (in function: generateWithHisto) - Generating asimov with histogram for pdf pdf_binfail_HIGH_obsOnly: in 3 x-bins
ToyMCSamplerOpt.cc[215] : (in function: generateWithHisto) -  , in 1 y-bins
AsymptoticLimits.cc[428] : (in function: runLimitExpected) - Median for expected limits = 2.53125, Sigma for expected limits = 1.29148
AsymptoticLimits.cc[191] : (in function: runLimit) - NLL at global minimum of data = -8388.89 (r=1.37741e-07)
AsymptoticLimits.cc[211] : (in function: runLimit) - NLL at global minimum of asimov = -8388.12 (r=1.21891e-06)
AsymptoticLimits.cc[337] : (in function: getCLs) - At r = 1.200000:	q_mu = 3.07278	q_A  = 1.84883	Pmu = 0.03516	1-Pb  = 0.32633	CLs  = 0.10776
AsymptoticLimits.cc[337] : (in function: getCLs) - At r = 2.400000:	q_mu = 5.19845	q_A  = 3.66526	Pmu = 0.01031	1-Pb  = 0.34442	CLs  = 0.02993
AsymptoticLimits.cc[337] : (in function: getCLs) - At r = 1.200000:	q_mu = 3.07280	q_A  = 1.84887	Pmu = 0.03516	1-Pb  = 0.32633	CLs  = 0.10775
AsymptoticLimits.cc[337] : (in function: getCLs) - At r = 1.775447:	q_mu = 4.16346	q_A  = 2.76275	Pmu = 0.01860	1-Pb  = 0.33675	CLs  = 0.05524
AsymptoticLimits.cc[337] : (in function: getCLs) - At r = 1.981640:	q_mu = 4.51982	q_A  = 3.07043	Pmu = 0.01516	1-Pb  = 0.33959	CLs  = 0.04465
AsymptoticLimits.cc[337] : (in function: getCLs) - At r = 1.893916:	q_mu = 4.37018	q_A  = 2.94074	Pmu = 0.01652	1-Pb  = 0.33842	CLs  = 0.04881
AsymptoticLimits.cc[337] : (in function: getCLs) - At r = 1.851779:	q_mu = 4.29724	q_A  = 2.87781	Pmu = 0.01722	1-Pb  = 0.33784	CLs  = 0.05098
AsymptoticLimits.cc[337] : (in function: getCLs) - At r = 1.875287:	q_mu = 4.33797	q_A  = 2.91302	Pmu = 0.01683	1-Pb  = 0.33818	CLs  = 0.04976
AsymptoticLimits.cc[337] : (in function: getCLs) - At r = 1.866825:	q_mu = 4.32339	q_A  = 2.90033	Pmu = 0.01697	1-Pb  = 0.33805	CLs  = 0.05019
AsymptoticLimits.cc[337] : (in function: getCLs) - At r = 1.871512:	q_mu = 4.33145	q_A  = 2.90732	Pmu = 0.01689	1-Pb  = 0.33812	CLs  = 0.04995
AsymptoticLimits.cc[337] : (in function: getCLs) - At r = 1.869829:	q_mu = 4.32853	q_A  = 2.90480	Pmu = 0.01692	1-Pb  = 0.33809	CLs  = 0.05004
AsymptoticLimits.cc[337] : (in function: getCLs) - At r = 1.870772:	q_mu = 4.33015	q_A  = 2.90628	Pmu = 0.01690	1-Pb  = 0.33811	CLs  = 0.04999
AsymptoticLimits.cc[337] : (in function: getCLs) - At r = 1.870429:	q_mu = 4.32963	q_A  = 2.90571	Pmu = 0.01691	1-Pb  = 0.33810	CLs  = 0.05001
AsymptoticLimits.cc[337] : (in function: getCLs) - At r = 1.870608:	q_mu = 4.32989	q_A  = 2.90597	Pmu = 0.01690	1-Pb  = 0.33810	CLs  = 0.05000
AsymptoticLimits.cc[337] : (in function: getCLs) - At r = 1.870550:	q_mu = 4.32978	q_A  = 2.90588	Pmu = 0.01691	1-Pb  = 0.33810	CLs  = 0.05000
AsymptoticLimits.cc[337] : (in function: getCLs) - At r = 1.870579:	q_mu = 4.32982	q_A  = 2.90592	Pmu = 0.01691	1-Pb  = 0.33810	CLs  = 0.05000
AsymptoticLimits.cc[337] : (in function: getCLs) - At r = 1.870592:	q_mu = 4.32992	q_A  = 2.90598	Pmu = 0.01690	1-Pb  = 0.33810	CLs  = 0.05000
AsymptoticLimits.cc[337] : (in function: getCLs) - At r = 1.870584:	q_mu = 4.32985	q_A  = 2.90593	Pmu = 0.01691	1-Pb  = 0.33810	CLs  = 0.05000
