CascadeMinimizer.cc[188] : (in function: improveOnce) - Minimization configured with Type=Minuit2, Algo=Migrad, strategy=0, tolerance=0.1
CascadeMinimizer.cc[215] : (in function: improveOnce) - Minimization finished with status=0
CascadeMinimizer.cc[219] : (in function: improveOnce) - Minimization success! status=0
ToyMCSamplerOpt.cc[146] : (in function: generateAsimov) - Using internal logic for binned/unbinned Asimov dataset generation
ToyMCSamplerOpt.cc[214] : (in function: generateWithHisto) - Generating asimov with histogram for pdf pdf_binpass_LOW_obsOnly: in 3 x-bins
ToyMCSamplerOpt.cc[215] : (in function: generateWithHisto) -  , in 1 y-bins
ToyMCSamplerOpt.cc[146] : (in function: generateAsimov) - Using internal logic for binned/unbinned Asimov dataset generation
ToyMCSamplerOpt.cc[214] : (in function: generateWithHisto) - Generating asimov with histogram for pdf pdf_binpass_SIG_obsOnly: in 1 x-bins
ToyMCSamplerOpt.cc[215] : (in function: generateWithHisto) -  , in 1 y-bins
ToyMCSamplerOpt.cc[146] : (in function: generateAsimov) - Using internal logic for binned/unbinned Asimov dataset generation
ToyMCSamplerOpt.cc[214] : (in function: generateWithHisto) - Generating asimov with histogram for pdf pdf_binpass_HIGH_obsOnly: in 3 x-bins
ToyMCSamplerOpt.cc[215] : (in function: generateWithHisto) -  , in 1 y-bins
ToyMCSamplerOpt.cc[146] : (in function: generateAsimov) - Using internal logic for binned/unbinned Asimov dataset generation
ToyMCSamplerOpt.cc[214] : (in function: generateWithHisto) - Generating asimov with histogram for pdf pdf_binfail_LOW_obsOnly: in 3 x-bins
ToyMCSamplerOpt.cc[215] : (in function: generateWithHisto) -  , in 1 y-bins
ToyMCSamplerOpt.cc[146] : (in function: generateAsimov) - Using internal logic for binned/unbinned Asimov dataset generation
ToyMCSamplerOpt.cc[214] : (in function: generateWithHisto) - Generating asimov with histogram for pdf pdf_binfail_SIG_obsOnly: in 1 x-bins
ToyMCSamplerOpt.cc[215] : (in function: generateWithHisto) -  , in 1 y-bins
ToyMCSamplerOpt.cc[146] : (in function: generateAsimov) - Using internal logic for binned/unbinned Asimov dataset generation
ToyMCSamplerOpt.cc[214] : (in function: generateWithHisto) - Generating asimov with histogram for pdf pdf_binfail_HIGH_obsOnly: in 3 x-bins
ToyMCSamplerOpt.cc[215] : (in function: generateWithHisto) -  , in 1 y-bins
AsymptoticLimits.cc[428] : (in function: runLimitExpected) - Median for expected limits = 7.98438, Sigma for expected limits = 4.07374
AsymptoticLimits.cc[191] : (in function: runLimit) - NLL at global minimum of data = -8423.1 (r=1.31967e-08)
AsymptoticLimits.cc[211] : (in function: runLimit) - NLL at global minimum of asimov = -8423.51 (r=2.23481e-06)
AsymptoticLimits.cc[337] : (in function: getCLs) - At r = 1.742396:	q_mu = 2.25441	q_A  = 0.71746	Pmu = 0.03969	1-Pb  = 0.18214	CLs  = 0.21792
AsymptoticLimits.cc[337] : (in function: getCLs) - At r = 3.484792:	q_mu = 3.81109	q_A  = 1.68906	Pmu = 0.01717	1-Pb  = 0.20714	CLs  = 0.08290
AsymptoticLimits.cc[337] : (in function: getCLs) - At r = 6.969585:	q_mu = 6.09948	q_A  = 3.39871	Pmu = 0.00500	1-Pb  = 0.23194	CLs  = 0.02154
AsymptoticLimits.cc[337] : (in function: getCLs) - At r = 3.484792:	q_mu = 3.81108	q_A  = 1.68907	Pmu = 0.01717	1-Pb  = 0.20714	CLs  = 0.08290
AsymptoticLimits.cc[337] : (in function: getCLs) - At r = 5.227739:	q_mu = 5.05165	q_A  = 2.58766	Pmu = 0.00879	1-Pb  = 0.22188	CLs  = 0.03960
AsymptoticLimits.cc[337] : (in function: getCLs) - At r = 4.439058:	q_mu = 4.51926	q_A  = 2.19236	Pmu = 0.01171	1-Pb  = 0.21600	CLs  = 0.05422
AsymptoticLimits.cc[337] : (in function: getCLs) - At r = 4.759633:	q_mu = 4.74083	q_A  = 2.35527	Pmu = 0.01039	1-Pb  = 0.21852	CLs  = 0.04756
AsymptoticLimits.cc[337] : (in function: getCLs) - At r = 4.597551:	q_mu = 4.62972	q_A  = 2.27329	Pmu = 0.01103	1-Pb  = 0.21727	CLs  = 0.05079
AsymptoticLimits.cc[337] : (in function: getCLs) - At r = 4.660729:	q_mu = 4.67324	q_A  = 2.30535	Pmu = 0.01078	1-Pb  = 0.21776	CLs  = 0.04949
AsymptoticLimits.cc[337] : (in function: getCLs) - At r = 4.628134:	q_mu = 4.65082	q_A  = 2.28881	Pmu = 0.01091	1-Pb  = 0.21751	CLs  = 0.05016
AsymptoticLimits.cc[337] : (in function: getCLs) - At r = 4.640739:	q_mu = 4.65950	q_A  = 2.29522	Pmu = 0.01086	1-Pb  = 0.21761	CLs  = 0.04990
AsymptoticLimits.cc[337] : (in function: getCLs) - At r = 4.634211:	q_mu = 4.65500	q_A  = 2.29190	Pmu = 0.01088	1-Pb  = 0.21756	CLs  = 0.05003
AsymptoticLimits.cc[337] : (in function: getCLs) - At r = 4.636732:	q_mu = 4.65674	q_A  = 2.29318	Pmu = 0.01087	1-Pb  = 0.21758	CLs  = 0.04998
AsymptoticLimits.cc[337] : (in function: getCLs) - At r = 4.635425:	q_mu = 4.65584	q_A  = 2.29252	Pmu = 0.01088	1-Pb  = 0.21757	CLs  = 0.05001
AsymptoticLimits.cc[337] : (in function: getCLs) - At r = 4.635930:	q_mu = 4.65619	q_A  = 2.29277	Pmu = 0.01088	1-Pb  = 0.21757	CLs  = 0.05000
AsymptoticLimits.cc[337] : (in function: getCLs) - At r = 4.635668:	q_mu = 4.65601	q_A  = 2.29264	Pmu = 0.01088	1-Pb  = 0.21757	CLs  = 0.05000
AsymptoticLimits.cc[337] : (in function: getCLs) - At r = 4.635769:	q_mu = 4.65608	q_A  = 2.29269	Pmu = 0.01088	1-Pb  = 0.21757	CLs  = 0.05000
AsymptoticLimits.cc[337] : (in function: getCLs) - At r = 4.635717:	q_mu = 4.65604	q_A  = 2.29266	Pmu = 0.01088	1-Pb  = 0.21757	CLs  = 0.05000
AsymptoticLimits.cc[337] : (in function: getCLs) - At r = 4.635737:	q_mu = 4.65605	q_A  = 2.29268	Pmu = 0.01088	1-Pb  = 0.21757	CLs  = 0.05000
AsymptoticLimits.cc[337] : (in function: getCLs) - At r = 4.635727:	q_mu = 4.65605	q_A  = 2.29267	Pmu = 0.01088	1-Pb  = 0.21757	CLs  = 0.05000
