CascadeMinimizer.cc[188] : (in function: improveOnce) - Minimization configured with Type=Minuit2, Algo=Migrad, strategy=0, tolerance=0.1
CascadeMinimizer.cc[215] : (in function: improveOnce) - Minimization finished with status=0
CascadeMinimizer.cc[219] : (in function: improveOnce) - Minimization success! status=0
ToyMCSamplerOpt.cc[146] : (in function: generateAsimov) - Using internal logic for binned/unbinned Asimov dataset generation
ToyMCSamplerOpt.cc[214] : (in function: generateWithHisto) - Generating asimov with histogram for pdf pdf_binpass_LOW_obsOnly: in 2 x-bins
ToyMCSamplerOpt.cc[215] : (in function: generateWithHisto) -  , in 1 y-bins
ToyMCSamplerOpt.cc[146] : (in function: generateAsimov) - Using internal logic for binned/unbinned Asimov dataset generation
ToyMCSamplerOpt.cc[214] : (in function: generateWithHisto) - Generating asimov with histogram for pdf pdf_binpass_SIG_obsOnly: in 1 x-bins
ToyMCSamplerOpt.cc[215] : (in function: generateWithHisto) -  , in 1 y-bins
ToyMCSamplerOpt.cc[146] : (in function: generateAsimov) - Using internal logic for binned/unbinned Asimov dataset generation
ToyMCSamplerOpt.cc[214] : (in function: generateWithHisto) - Generating asimov with histogram for pdf pdf_binpass_HIGH_obsOnly: in 9 x-bins
ToyMCSamplerOpt.cc[215] : (in function: generateWithHisto) -  , in 1 y-bins
ToyMCSamplerOpt.cc[146] : (in function: generateAsimov) - Using internal logic for binned/unbinned Asimov dataset generation
ToyMCSamplerOpt.cc[214] : (in function: generateWithHisto) - Generating asimov with histogram for pdf pdf_binfail_LOW_obsOnly: in 2 x-bins
ToyMCSamplerOpt.cc[215] : (in function: generateWithHisto) -  , in 1 y-bins
ToyMCSamplerOpt.cc[146] : (in function: generateAsimov) - Using internal logic for binned/unbinned Asimov dataset generation
ToyMCSamplerOpt.cc[214] : (in function: generateWithHisto) - Generating asimov with histogram for pdf pdf_binfail_SIG_obsOnly: in 1 x-bins
ToyMCSamplerOpt.cc[215] : (in function: generateWithHisto) -  , in 1 y-bins
ToyMCSamplerOpt.cc[146] : (in function: generateAsimov) - Using internal logic for binned/unbinned Asimov dataset generation
ToyMCSamplerOpt.cc[214] : (in function: generateWithHisto) - Generating asimov with histogram for pdf pdf_binfail_HIGH_obsOnly: in 9 x-bins
ToyMCSamplerOpt.cc[215] : (in function: generateWithHisto) -  , in 1 y-bins
AsymptoticLimits.cc[428] : (in function: runLimitExpected) - Median for expected limits = 0.824219, Sigma for expected limits = 0.420528
AsymptoticLimits.cc[191] : (in function: runLimit) - NLL at global minimum of data = -553.965 (r=2.1463e-08)
AsymptoticLimits.cc[211] : (in function: runLimit) - NLL at global minimum of asimov = -552.198 (r=0.000177481)
AsymptoticLimits.cc[337] : (in function: getCLs) - At r = 1.200000:	q_mu = 11.12014	q_A  = 6.25157	Pmu = 0.00026	1-Pb  = 0.16513	CLs  = 0.00155
AsymptoticLimits.cc[337] : (in function: getCLs) - At r = 0.600000:	q_mu = 5.81888	q_A  = 2.46524	Pmu = 0.00417	1-Pb  = 0.14277	CLs  = 0.02920
AsymptoticLimits.cc[337] : (in function: getCLs) - At r = 0.300000:	q_mu = 2.98568	q_A  = 0.85912	Pmu = 0.01904	1-Pb  = 0.12566	CLs  = 0.15150
AsymptoticLimits.cc[337] : (in function: getCLs) - At r = 0.450000:	q_mu = 4.41872	q_A  = 1.61950	Pmu = 0.00884	1-Pb  = 0.13571	CLs  = 0.06511
AsymptoticLimits.cc[337] : (in function: getCLs) - At r = 0.519520:	q_mu = 5.07151	q_A  = 2.00093	Pmu = 0.00621	1-Pb  = 0.13888	CLs  = 0.04472
AsymptoticLimits.cc[337] : (in function: getCLs) - At r = 0.489106:	q_mu = 4.78651	q_A  = 1.83059	Pmu = 0.00724	1-Pb  = 0.13734	CLs  = 0.05268
AsymptoticLimits.cc[337] : (in function: getCLs) - At r = 0.502956:	q_mu = 4.91630	q_A  = 1.90775	Pmu = 0.00675	1-Pb  = 0.13806	CLs  = 0.04889
AsymptoticLimits.cc[337] : (in function: getCLs) - At r = 0.496862:	q_mu = 4.85920	q_A  = 1.87369	Pmu = 0.00696	1-Pb  = 0.13774	CLs  = 0.05052
AsymptoticLimits.cc[337] : (in function: getCLs) - At r = 0.499630:	q_mu = 4.88513	q_A  = 1.88914	Pmu = 0.00686	1-Pb  = 0.13788	CLs  = 0.04978
AsymptoticLimits.cc[337] : (in function: getCLs) - At r = 0.498411:	q_mu = 4.87371	q_A  = 1.88233	Pmu = 0.00691	1-Pb  = 0.13782	CLs  = 0.05010
AsymptoticLimits.cc[337] : (in function: getCLs) - At r = 0.498964:	q_mu = 4.87888	q_A  = 1.88542	Pmu = 0.00689	1-Pb  = 0.13785	CLs  = 0.04996
AsymptoticLimits.cc[337] : (in function: getCLs) - At r = 0.498721:	q_mu = 4.87655	q_A  = 1.88406	Pmu = 0.00690	1-Pb  = 0.13784	CLs  = 0.05002
AsymptoticLimits.cc[337] : (in function: getCLs) - At r = 0.498834:	q_mu = 4.87761	q_A  = 1.88469	Pmu = 0.00689	1-Pb  = 0.13785	CLs  = 0.04999
AsymptoticLimits.cc[337] : (in function: getCLs) - At r = 0.498787:	q_mu = 4.87716	q_A  = 1.88443	Pmu = 0.00689	1-Pb  = 0.13784	CLs  = 0.05000
AsymptoticLimits.cc[337] : (in function: getCLs) - At r = 0.498810:	q_mu = 4.87738	q_A  = 1.88455	Pmu = 0.00689	1-Pb  = 0.13785	CLs  = 0.05000
AsymptoticLimits.cc[337] : (in function: getCLs) - At r = 0.498801:	q_mu = 4.87745	q_A  = 1.88450	Pmu = 0.00689	1-Pb  = 0.13783	CLs  = 0.05000
AsymptoticLimits.cc[337] : (in function: getCLs) - At r = 0.498794:	q_mu = 4.87733	q_A  = 1.88446	Pmu = 0.00689	1-Pb  = 0.13784	CLs  = 0.05000
AsymptoticLimits.cc[337] : (in function: getCLs) - At r = 0.498796:	q_mu = 4.87734	q_A  = 1.88447	Pmu = 0.00689	1-Pb  = 0.13784	CLs  = 0.05000
