CascadeMinimizer.cc[188] : (in function: improveOnce) - Minimization configured with Type=Minuit2, Algo=Migrad, strategy=0, tolerance=0.1
CascadeMinimizer.cc[215] : (in function: improveOnce) - Minimization finished with status=0
CascadeMinimizer.cc[219] : (in function: improveOnce) - Minimization success! status=0
ToyMCSamplerOpt.cc[146] : (in function: generateAsimov) - Using internal logic for binned/unbinned Asimov dataset generation
ToyMCSamplerOpt.cc[214] : (in function: generateWithHisto) - Generating asimov with histogram for pdf pdf_binpass_LOW_obsOnly: in 2 x-bins
ToyMCSamplerOpt.cc[215] : (in function: generateWithHisto) -  , in 1 y-bins
ToyMCSamplerOpt.cc[146] : (in function: generateAsimov) - Using internal logic for binned/unbinned Asimov dataset generation
ToyMCSamplerOpt.cc[214] : (in function: generateWithHisto) - Generating asimov with histogram for pdf pdf_binpass_SIG_obsOnly: in 1 x-bins
ToyMCSamplerOpt.cc[215] : (in function: generateWithHisto) -  , in 1 y-bins
ToyMCSamplerOpt.cc[146] : (in function: generateAsimov) - Using internal logic for binned/unbinned Asimov dataset generation
ToyMCSamplerOpt.cc[214] : (in function: generateWithHisto) - Generating asimov with histogram for pdf pdf_binpass_HIGH_obsOnly: in 9 x-bins
ToyMCSamplerOpt.cc[215] : (in function: generateWithHisto) -  , in 1 y-bins
ToyMCSamplerOpt.cc[146] : (in function: generateAsimov) - Using internal logic for binned/unbinned Asimov dataset generation
ToyMCSamplerOpt.cc[214] : (in function: generateWithHisto) - Generating asimov with histogram for pdf pdf_binfail_LOW_obsOnly: in 2 x-bins
ToyMCSamplerOpt.cc[215] : (in function: generateWithHisto) -  , in 1 y-bins
ToyMCSamplerOpt.cc[146] : (in function: generateAsimov) - Using internal logic for binned/unbinned Asimov dataset generation
ToyMCSamplerOpt.cc[214] : (in function: generateWithHisto) - Generating asimov with histogram for pdf pdf_binfail_SIG_obsOnly: in 1 x-bins
ToyMCSamplerOpt.cc[215] : (in function: generateWithHisto) -  , in 1 y-bins
ToyMCSamplerOpt.cc[146] : (in function: generateAsimov) - Using internal logic for binned/unbinned Asimov dataset generation
ToyMCSamplerOpt.cc[214] : (in function: generateWithHisto) - Generating asimov with histogram for pdf pdf_binfail_HIGH_obsOnly: in 9 x-bins
ToyMCSamplerOpt.cc[215] : (in function: generateWithHisto) -  , in 1 y-bins
AsymptoticLimits.cc[428] : (in function: runLimitExpected) - Median for expected limits = 2.76562, Sigma for expected limits = 1.41106
AsymptoticLimits.cc[191] : (in function: runLimit) - NLL at global minimum of data = -545.487 (r=8.52049e-08)
AsymptoticLimits.cc[211] : (in function: runLimit) - NLL at global minimum of asimov = -544.912 (r=4.32272e-07)
AsymptoticLimits.cc[337] : (in function: getCLs) - At r = 1.416606:	q_mu = 2.86752	q_A  = 1.76081	Pmu = 0.04058	1-Pb  = 0.33834	CLs  = 0.11995
AsymptoticLimits.cc[337] : (in function: getCLs) - At r = 2.833212:	q_mu = 5.48117	q_A  = 3.94140	Pmu = 0.00882	1-Pb  = 0.34908	CLs  = 0.02527
AsymptoticLimits.cc[337] : (in function: getCLs) - At r = 1.416606:	q_mu = 2.86751	q_A  = 1.76080	Pmu = 0.04058	1-Pb  = 0.33834	CLs  = 0.11995
AsymptoticLimits.cc[337] : (in function: getCLs) - At r = 2.053269:	q_mu = 4.06944	q_A  = 2.73897	Pmu = 0.01985	1-Pb  = 0.34386	CLs  = 0.05772
AsymptoticLimits.cc[337] : (in function: getCLs) - At r = 2.317650:	q_mu = 4.55505	q_A  = 3.14735	Pmu = 0.01497	1-Pb  = 0.34578	CLs  = 0.04330
AsymptoticLimits.cc[337] : (in function: getCLs) - At r = 2.211767:	q_mu = 4.36144	q_A  = 2.98372	Pmu = 0.01675	1-Pb  = 0.34502	CLs  = 0.04854
AsymptoticLimits.cc[337] : (in function: getCLs) - At r = 2.158305:	q_mu = 4.26325	q_A  = 2.90111	Pmu = 0.01773	1-Pb  = 0.34463	CLs  = 0.05144
AsymptoticLimits.cc[337] : (in function: getCLs) - At r = 2.189881:	q_mu = 4.32127	q_A  = 2.94988	Pmu = 0.01714	1-Pb  = 0.34486	CLs  = 0.04970
AsymptoticLimits.cc[337] : (in function: getCLs) - At r = 2.179170:	q_mu = 4.30163	q_A  = 2.93332	Pmu = 0.01734	1-Pb  = 0.34478	CLs  = 0.05028
AsymptoticLimits.cc[337] : (in function: getCLs) - At r = 2.185477:	q_mu = 4.31321	q_A  = 2.94305	Pmu = 0.01722	1-Pb  = 0.34482	CLs  = 0.04994
AsymptoticLimits.cc[337] : (in function: getCLs) - At r = 2.183333:	q_mu = 4.30927	q_A  = 2.93973	Pmu = 0.01726	1-Pb  = 0.34481	CLs  = 0.05006
AsymptoticLimits.cc[337] : (in function: getCLs) - At r = 2.184596:	q_mu = 4.31159	q_A  = 2.94171	Pmu = 0.01724	1-Pb  = 0.34482	CLs  = 0.04999
AsymptoticLimits.cc[337] : (in function: getCLs) - At r = 2.184165:	q_mu = 4.31089	q_A  = 2.94097	Pmu = 0.01724	1-Pb  = 0.34479	CLs  = 0.05001
AsymptoticLimits.cc[337] : (in function: getCLs) - At r = 2.184408:	q_mu = 4.31133	q_A  = 2.94133	Pmu = 0.01724	1-Pb  = 0.34480	CLs  = 0.05000
AsymptoticLimits.cc[337] : (in function: getCLs) - At r = 2.184319:	q_mu = 4.31116	q_A  = 2.94119	Pmu = 0.01724	1-Pb  = 0.34480	CLs  = 0.05000
AsymptoticLimits.cc[337] : (in function: getCLs) - At r = 2.184370:	q_mu = 4.31140	q_A  = 2.94126	Pmu = 0.01724	1-Pb  = 0.34478	CLs  = 0.05000
AsymptoticLimits.cc[337] : (in function: getCLs) - At r = 2.184346:	q_mu = 4.31133	q_A  = 2.94121	Pmu = 0.01724	1-Pb  = 0.34478	CLs  = 0.05000
AsymptoticLimits.cc[337] : (in function: getCLs) - At r = 2.184332:	q_mu = 4.31136	q_A  = 2.94122	Pmu = 0.01724	1-Pb  = 0.34478	CLs  = 0.05000
AsymptoticLimits.cc[337] : (in function: getCLs) - At r = 2.184324:	q_mu = 4.31131	q_A  = 2.94115	Pmu = 0.01724	1-Pb  = 0.34477	CLs  = 0.05000
