CascadeMinimizer.cc[188] : (in function: improveOnce) - Minimization configured with Type=Minuit2, Algo=Migrad, strategy=0, tolerance=0.1
CascadeMinimizer.cc[215] : (in function: improveOnce) - Minimization finished with status=0
CascadeMinimizer.cc[219] : (in function: improveOnce) - Minimization success! status=0
ToyMCSamplerOpt.cc[146] : (in function: generateAsimov) - Using internal logic for binned/unbinned Asimov dataset generation
ToyMCSamplerOpt.cc[214] : (in function: generateWithHisto) - Generating asimov with histogram for pdf pdf_binpass_LOW_obsOnly: in 3 x-bins
ToyMCSamplerOpt.cc[215] : (in function: generateWithHisto) -  , in 1 y-bins
ToyMCSamplerOpt.cc[146] : (in function: generateAsimov) - Using internal logic for binned/unbinned Asimov dataset generation
ToyMCSamplerOpt.cc[214] : (in function: generateWithHisto) - Generating asimov with histogram for pdf pdf_binpass_SIG_obsOnly: in 1 x-bins
ToyMCSamplerOpt.cc[215] : (in function: generateWithHisto) -  , in 1 y-bins
ToyMCSamplerOpt.cc[146] : (in function: generateAsimov) - Using internal logic for binned/unbinned Asimov dataset generation
ToyMCSamplerOpt.cc[214] : (in function: generateWithHisto) - Generating asimov with histogram for pdf pdf_binpass_HIGH_obsOnly: in 5 x-bins
ToyMCSamplerOpt.cc[215] : (in function: generateWithHisto) -  , in 1 y-bins
ToyMCSamplerOpt.cc[146] : (in function: generateAsimov) - Using internal logic for binned/unbinned Asimov dataset generation
ToyMCSamplerOpt.cc[214] : (in function: generateWithHisto) - Generating asimov with histogram for pdf pdf_binfail_LOW_obsOnly: in 3 x-bins
ToyMCSamplerOpt.cc[215] : (in function: generateWithHisto) -  , in 1 y-bins
ToyMCSamplerOpt.cc[146] : (in function: generateAsimov) - Using internal logic for binned/unbinned Asimov dataset generation
ToyMCSamplerOpt.cc[214] : (in function: generateWithHisto) - Generating asimov with histogram for pdf pdf_binfail_SIG_obsOnly: in 1 x-bins
ToyMCSamplerOpt.cc[215] : (in function: generateWithHisto) -  , in 1 y-bins
ToyMCSamplerOpt.cc[146] : (in function: generateAsimov) - Using internal logic for binned/unbinned Asimov dataset generation
ToyMCSamplerOpt.cc[214] : (in function: generateWithHisto) - Generating asimov with histogram for pdf pdf_binfail_HIGH_obsOnly: in 5 x-bins
ToyMCSamplerOpt.cc[215] : (in function: generateWithHisto) -  , in 1 y-bins
AsymptoticLimits.cc[428] : (in function: runLimitExpected) - Median for expected limits = 2.39062, Sigma for expected limits = 1.21973
AsymptoticLimits.cc[191] : (in function: runLimit) - NLL at global minimum of data = -41.7881 (r=8.68675e-07)
AsymptoticLimits.cc[211] : (in function: runLimit) - NLL at global minimum of asimov = -41.7781 (r=2.91001e-09)
AsymptoticLimits.cc[337] : (in function: getCLs) - At r = 1.726778:	q_mu = 2.84537	q_A  = 2.83921	Pmu = 0.04582	1-Pb  = 0.49927	CLs  = 0.09177
AsymptoticLimits.cc[337] : (in function: getCLs) - At r = 3.453556:	q_mu = 5.38185	q_A  = 5.38118	Pmu = 0.01017	1-Pb  = 0.49994	CLs  = 0.02035
AsymptoticLimits.cc[337] : (in function: getCLs) - At r = 1.726779:	q_mu = 2.84530	q_A  = 2.83919	Pmu = 0.04582	1-Pb  = 0.49928	CLs  = 0.09177
AsymptoticLimits.cc[337] : (in function: getCLs) - At r = 2.629106:	q_mu = 4.20309	q_A  = 4.19870	Pmu = 0.02018	1-Pb  = 0.49957	CLs  = 0.04038
AsymptoticLimits.cc[337] : (in function: getCLs) - At r = 2.260833:	q_mu = 3.65800	q_A  = 3.65957	Pmu = 0.02790	1-Pb  = 0.50016	CLs  = 0.05578
AsymptoticLimits.cc[337] : (in function: getCLs) - At r = 2.434305:	q_mu = 3.91623	q_A  = 3.91110	Pmu = 0.02391	1-Pb  = 0.49948	CLs  = 0.04787
AsymptoticLimits.cc[337] : (in function: getCLs) - At r = 2.360135:	q_mu = 3.80565	q_A  = 3.80077	Pmu = 0.02554	1-Pb  = 0.49950	CLs  = 0.05113
AsymptoticLimits.cc[337] : (in function: getCLs) - At r = 2.395118:	q_mu = 3.85760	q_A  = 3.85282	Pmu = 0.02476	1-Pb  = 0.49952	CLs  = 0.04957
AsymptoticLimits.cc[337] : (in function: getCLs) - At r = 2.380316:	q_mu = 3.83558	q_A  = 3.83077	Pmu = 0.02509	1-Pb  = 0.49951	CLs  = 0.05022
AsymptoticLimits.cc[337] : (in function: getCLs) - At r = 2.387319:	q_mu = 3.84597	q_A  = 3.84117	Pmu = 0.02493	1-Pb  = 0.49951	CLs  = 0.04991
AsymptoticLimits.cc[337] : (in function: getCLs) - At r = 2.384371:	q_mu = 3.84157	q_A  = 3.83676	Pmu = 0.02500	1-Pb  = 0.49951	CLs  = 0.05005
AsymptoticLimits.cc[337] : (in function: getCLs) - At r = 2.385782:	q_mu = 3.84364	q_A  = 3.83884	Pmu = 0.02497	1-Pb  = 0.49951	CLs  = 0.04998
AsymptoticLimits.cc[337] : (in function: getCLs) - At r = 2.385203:	q_mu = 3.84276	q_A  = 3.83796	Pmu = 0.02498	1-Pb  = 0.49951	CLs  = 0.05001
AsymptoticLimits.cc[337] : (in function: getCLs) - At r = 2.385495:	q_mu = 3.84318	q_A  = 3.83838	Pmu = 0.02497	1-Pb  = 0.49951	CLs  = 0.05000
AsymptoticLimits.cc[337] : (in function: getCLs) - At r = 2.385391:	q_mu = 3.84300	q_A  = 3.83821	Pmu = 0.02498	1-Pb  = 0.49951	CLs  = 0.05000
AsymptoticLimits.cc[337] : (in function: getCLs) - At r = 2.385435:	q_mu = 3.84305	q_A  = 3.83826	Pmu = 0.02498	1-Pb  = 0.49951	CLs  = 0.05000
AsymptoticLimits.cc[337] : (in function: getCLs) - At r = 2.385464:	q_mu = 3.84307	q_A  = 3.83829	Pmu = 0.02498	1-Pb  = 0.49951	CLs  = 0.05000
AsymptoticLimits.cc[337] : (in function: getCLs) - At r = 2.385474:	q_mu = 3.84307	q_A  = 3.83829	Pmu = 0.02498	1-Pb  = 0.49951	CLs  = 0.05000
AsymptoticLimits.cc[337] : (in function: getCLs) - At r = 2.385482:	q_mu = 3.84306	q_A  = 3.83829	Pmu = 0.02498	1-Pb  = 0.49951	CLs  = 0.05000
