CascadeMinimizer.cc[188] : (in function: improveOnce) - Minimization configured with Type=Minuit2, Algo=Migrad, strategy=0, tolerance=0.1
CascadeMinimizer.cc[215] : (in function: improveOnce) - Minimization finished with status=0
CascadeMinimizer.cc[219] : (in function: improveOnce) - Minimization success! status=0
ToyMCSamplerOpt.cc[146] : (in function: generateAsimov) - Using internal logic for binned/unbinned Asimov dataset generation
ToyMCSamplerOpt.cc[214] : (in function: generateWithHisto) - Generating asimov with histogram for pdf pdf_binpass_LOW_obsOnly: in 3 x-bins
ToyMCSamplerOpt.cc[215] : (in function: generateWithHisto) -  , in 1 y-bins
ToyMCSamplerOpt.cc[146] : (in function: generateAsimov) - Using internal logic for binned/unbinned Asimov dataset generation
ToyMCSamplerOpt.cc[214] : (in function: generateWithHisto) - Generating asimov with histogram for pdf pdf_binpass_SIG_obsOnly: in 1 x-bins
ToyMCSamplerOpt.cc[215] : (in function: generateWithHisto) -  , in 1 y-bins
ToyMCSamplerOpt.cc[146] : (in function: generateAsimov) - Using internal logic for binned/unbinned Asimov dataset generation
ToyMCSamplerOpt.cc[214] : (in function: generateWithHisto) - Generating asimov with histogram for pdf pdf_binpass_HIGH_obsOnly: in 5 x-bins
ToyMCSamplerOpt.cc[215] : (in function: generateWithHisto) -  , in 1 y-bins
ToyMCSamplerOpt.cc[146] : (in function: generateAsimov) - Using internal logic for binned/unbinned Asimov dataset generation
ToyMCSamplerOpt.cc[214] : (in function: generateWithHisto) - Generating asimov with histogram for pdf pdf_binfail_LOW_obsOnly: in 3 x-bins
ToyMCSamplerOpt.cc[215] : (in function: generateWithHisto) -  , in 1 y-bins
ToyMCSamplerOpt.cc[146] : (in function: generateAsimov) - Using internal logic for binned/unbinned Asimov dataset generation
ToyMCSamplerOpt.cc[214] : (in function: generateWithHisto) - Generating asimov with histogram for pdf pdf_binfail_SIG_obsOnly: in 1 x-bins
ToyMCSamplerOpt.cc[215] : (in function: generateWithHisto) -  , in 1 y-bins
ToyMCSamplerOpt.cc[146] : (in function: generateAsimov) - Using internal logic for binned/unbinned Asimov dataset generation
ToyMCSamplerOpt.cc[214] : (in function: generateWithHisto) - Generating asimov with histogram for pdf pdf_binfail_HIGH_obsOnly: in 5 x-bins
ToyMCSamplerOpt.cc[215] : (in function: generateWithHisto) -  , in 1 y-bins
AsymptoticLimits.cc[415] : (in function: runLimitExpected) - [WARNING] Best fit of asimov dataset is at r = 0.146123 (0.007306 times rMax), while it should be at zero
AsymptoticLimits.cc[428] : (in function: runLimitExpected) - Median for expected limits = 0.953125, Sigma for expected limits = 0.486297
AsymptoticLimits.cc[191] : (in function: runLimit) - NLL at global minimum of data = -47.8145 (r=0.177664)
AsymptoticLimits.cc[211] : (in function: runLimit) - NLL at global minimum of asimov = -49.4957 (r=0.00127708)
AsymptoticLimits.cc[337] : (in function: getCLs) - At r = 8.337032:	q_mu = 38.29182	q_A  = 48.56870	Pmu = 0.00000	1-Pb  = 0.78262	CLs  = 0.00000
AsymptoticLimits.cc[337] : (in function: getCLs) - At r = 4.257348:	q_mu = 17.82776	q_A  = 25.95516	Pmu = 0.00001	1-Pb  = 0.80849	CLs  = 0.00001
AsymptoticLimits.cc[337] : (in function: getCLs) - At r = 2.217506:	q_mu = 6.89807	q_A  = 12.60722	Pmu = 0.00431	1-Pb  = 0.82232	CLs  = 0.00525
AsymptoticLimits.cc[337] : (in function: getCLs) - At r = 1.197585:	q_mu = 2.23005	q_A  = 5.58832	Pmu = 0.06767	1-Pb  = 0.80802	CLs  = 0.08375
AsymptoticLimits.cc[337] : (in function: getCLs) - At r = 1.707546:	q_mu = 4.38255	q_A  = 9.08979	Pmu = 0.01815	1-Pb  = 0.82160	CLs  = 0.02210
AsymptoticLimits.cc[337] : (in function: getCLs) - At r = 1.457519:	q_mu = 3.26210	q_A  = 7.36186	Pmu = 0.03545	1-Pb  = 0.81784	CLs  = 0.04335
AsymptoticLimits.cc[337] : (in function: getCLs) - At r = 1.360441:	q_mu = 2.84864	q_A  = 6.69540	Pmu = 0.04573	1-Pb  = 0.81588	CLs  = 0.05605
AsymptoticLimits.cc[337] : (in function: getCLs) - At r = 1.414352:	q_mu = 3.07356	q_A  = 7.06502	Pmu = 0.03979	1-Pb  = 0.81723	CLs  = 0.04869
AsymptoticLimits.cc[337] : (in function: getCLs) - At r = 1.395409:	q_mu = 2.99383	q_A  = 6.93469	Pmu = 0.04179	1-Pb  = 0.81677	CLs  = 0.05117
AsymptoticLimits.cc[337] : (in function: getCLs) - At r = 1.406230:	q_mu = 3.03929	q_A  = 7.00890	Pmu = 0.04064	1-Pb  = 0.81702	CLs  = 0.04974
AsymptoticLimits.cc[337] : (in function: getCLs) - At r = 1.402452:	q_mu = 3.02338	q_A  = 6.98298	Pmu = 0.04104	1-Pb  = 0.81694	CLs  = 0.05023
AsymptoticLimits.cc[337] : (in function: getCLs) - At r = 1.404619:	q_mu = 3.03249	q_A  = 6.99784	Pmu = 0.04081	1-Pb  = 0.81699	CLs  = 0.04995
AsymptoticLimits.cc[337] : (in function: getCLs) - At r = 1.403864:	q_mu = 3.02931	q_A  = 6.99266	Pmu = 0.04089	1-Pb  = 0.81697	CLs  = 0.05005
AsymptoticLimits.cc[337] : (in function: getCLs) - At r = 1.404298:	q_mu = 3.03114	q_A  = 6.99591	Pmu = 0.04084	1-Pb  = 0.81699	CLs  = 0.04999
AsymptoticLimits.cc[337] : (in function: getCLs) - At r = 1.404143:	q_mu = 3.03048	q_A  = 6.99481	Pmu = 0.04086	1-Pb  = 0.81699	CLs  = 0.05001
AsymptoticLimits.cc[337] : (in function: getCLs) - At r = 1.404229:	q_mu = 3.03091	q_A  = 6.99537	Pmu = 0.04085	1-Pb  = 0.81698	CLs  = 0.05000
AsymptoticLimits.cc[337] : (in function: getCLs) - At r = 1.404191:	q_mu = 3.03069	q_A  = 6.99510	Pmu = 0.04085	1-Pb  = 0.81699	CLs  = 0.05000
AsymptoticLimits.cc[337] : (in function: getCLs) - At r = 1.404212:	q_mu = 3.03077	q_A  = 6.99579	Pmu = 0.04085	1-Pb  = 0.81701	CLs  = 0.05000
AsymptoticLimits.cc[337] : (in function: getCLs) - At r = 1.404203:	q_mu = 3.03073	q_A  = 6.99563	Pmu = 0.04085	1-Pb  = 0.81701	CLs  = 0.05000
AsymptoticLimits.cc[337] : (in function: getCLs) - At r = 1.404206:	q_mu = 3.03074	q_A  = 6.99556	Pmu = 0.04085	1-Pb  = 0.81701	CLs  = 0.05000
