 <<< Combine >>> 
 <<< v10.0.1 >>>
>>> Random number generator seed is 123456
>>> Method used is FitDiagnostics
Set Default Value of Parameter mask_pass_SIG To : 1
Set Default Value of Parameter mask_pass_HIGH To : 1
Set Default Value of Parameter r To : 1
>>> 2 out of 6 channels masked

>> Found 15 floating parameters
>> The following parameters are protected in the event of negative eigenvalues:
>> Verifying eigenvalues are all positive (iteration 0)
Eigenvalue 14 : -0.00468799
 - 0.608246	CMS_EXO26004_Background_rpf_2x0_par3
 - 0.558654	CMS_EXO26004_Background_rpf_2x0_par2
 - -0.496371	CMS_EXO26004_Background_rpf_2x0_par1
 - -0.267505	CMS_EXO26004_Background_rpf_2x0_par0
 - 0.000703685	CMS_EXO26004_Background_fail_LOW_bin_2-1
>> Attempt 0 failed, remove the variable with largest eigenvector component...
>> Dropping CMS_EXO26004_Background_rpf_2x0_par3 from the hessian
>> Verifying eigenvalues are all positive (iteration 1)
>> All eigenvalues are positive
>> Inverting Hessian...
>> Matrix inverted
>> Note: the following parameters were dropped to make the covariance matrix pos-def:
     - CMS_EXO26004_Background_rpf_2x0_par3
 Fit B-only, status = 0, numBadNLL = 0, covariance quality = -1
Running Minos for POI r
>> Found 16 floating parameters
>> The following parameters are protected in the event of negative eigenvalues: r
>> Verifying eigenvalues are all positive (iteration 0)
Eigenvalue 14 : -0.000490537
 - -0.938354	r
 - 0.202828	CMS_EXO26004_Background_rpf_2x0_par1
 - 0.187012	CMS_EXO26004_Background_rpf_2x0_par2
 - 0.146883	CMS_EXO26004_Background_fail_HIGH_bin_3-1
 - -0.0932907	CMS_EXO26004_Background_rpf_2x0_par3
Eigenvalue 15 : -0.00465403
 - 0.597909	CMS_EXO26004_Background_rpf_2x0_par3
 - 0.567199	CMS_EXO26004_Background_rpf_2x0_par2
 - -0.495577	CMS_EXO26004_Background_rpf_2x0_par1
 - -0.268917	CMS_EXO26004_Background_rpf_2x0_par0
 - -0.0525761	r
>> Attempt 0 failed, remove the variable with largest eigenvector component...
>> Dropping CMS_EXO26004_Background_rpf_2x0_par3 from the hessian
>> Verifying eigenvalues are all positive (iteration 1)
Eigenvalue 14 : -0.000702698
 - 0.852109	r
 - -0.495043	CMS_EXO26004_Background_rpf_2x0_par2
 - -0.133267	CMS_EXO26004_Background_fail_HIGH_bin_3-1
 - -0.0625268	CMS_EXO26004_Background_fail_HIGH_bin_2-1
 - 0.0535314	RNN
>> Attempt 1 failed, remove the variable with largest eigenvector component...
>> Dropping CMS_EXO26004_Background_rpf_2x0_par2 from the hessian
>> Verifying eigenvalues are all positive (iteration 2)
Eigenvalue 13 : -0.000236325
 - 0.949965	r
 - -0.23429	CMS_EXO26004_Background_rpf_2x0_par1
 - -0.148881	CMS_EXO26004_Background_fail_HIGH_bin_3-1
 - 0.0847688	CMS_EXO26004_Background_rpf_2x0_par0
 - -0.0698566	CMS_EXO26004_Background_fail_HIGH_bin_2-1
>> Attempt 2 failed, remove the variable with largest eigenvector component...
>> Dropping CMS_EXO26004_Background_rpf_2x0_par1 from the hessian
>> Verifying eigenvalues are all positive (iteration 3)
>> All eigenvalues are positive
>> Inverting Hessian...
>> Matrix inverted
>> Note: the following parameters were dropped to make the covariance matrix pos-def:
     - CMS_EXO26004_Background_rpf_2x0_par3
     - CMS_EXO26004_Background_rpf_2x0_par2
     - CMS_EXO26004_Background_rpf_2x0_par1
Fit S+B, status = 0, numBadNLL = 0, covariance quality = -1

 --- FitDiagnostics ---
Best fit r: 50  -50/+6.50004e-11  (68% CL)
Done in 0.01 min (cpu), 0.01 min (real)
27 log messages saved to combine_logger.out
