CascadeMinimizer.cc[188] : (in function: improveOnce) - Minimization configured with Type=Minuit2, Algo=Migrad, strategy=0, tolerance=0.1
CascadeMinimizer.cc[215] : (in function: improveOnce) - Minimization finished with status=0
CascadeMinimizer.cc[219] : (in function: improveOnce) - Minimization success! status=0
ToyMCSamplerOpt.cc[146] : (in function: generateAsimov) - Using internal logic for binned/unbinned Asimov dataset generation
ToyMCSamplerOpt.cc[214] : (in function: generateWithHisto) - Generating asimov with histogram for pdf pdf_binpass_LOW_obsOnly: in 3 x-bins
ToyMCSamplerOpt.cc[215] : (in function: generateWithHisto) -  , in 1 y-bins
ToyMCSamplerOpt.cc[146] : (in function: generateAsimov) - Using internal logic for binned/unbinned Asimov dataset generation
ToyMCSamplerOpt.cc[214] : (in function: generateWithHisto) - Generating asimov with histogram for pdf pdf_binpass_SIG_obsOnly: in 1 x-bins
ToyMCSamplerOpt.cc[215] : (in function: generateWithHisto) -  , in 1 y-bins
ToyMCSamplerOpt.cc[146] : (in function: generateAsimov) - Using internal logic for binned/unbinned Asimov dataset generation
ToyMCSamplerOpt.cc[214] : (in function: generateWithHisto) - Generating asimov with histogram for pdf pdf_binpass_HIGH_obsOnly: in 3 x-bins
ToyMCSamplerOpt.cc[215] : (in function: generateWithHisto) -  , in 1 y-bins
ToyMCSamplerOpt.cc[146] : (in function: generateAsimov) - Using internal logic for binned/unbinned Asimov dataset generation
ToyMCSamplerOpt.cc[214] : (in function: generateWithHisto) - Generating asimov with histogram for pdf pdf_binfail_LOW_obsOnly: in 3 x-bins
ToyMCSamplerOpt.cc[215] : (in function: generateWithHisto) -  , in 1 y-bins
ToyMCSamplerOpt.cc[146] : (in function: generateAsimov) - Using internal logic for binned/unbinned Asimov dataset generation
ToyMCSamplerOpt.cc[214] : (in function: generateWithHisto) - Generating asimov with histogram for pdf pdf_binfail_SIG_obsOnly: in 1 x-bins
ToyMCSamplerOpt.cc[215] : (in function: generateWithHisto) -  , in 1 y-bins
ToyMCSamplerOpt.cc[146] : (in function: generateAsimov) - Using internal logic for binned/unbinned Asimov dataset generation
ToyMCSamplerOpt.cc[214] : (in function: generateWithHisto) - Generating asimov with histogram for pdf pdf_binfail_HIGH_obsOnly: in 3 x-bins
ToyMCSamplerOpt.cc[215] : (in function: generateWithHisto) -  , in 1 y-bins
AsymptoticLimits.cc[428] : (in function: runLimitExpected) - Median for expected limits = 3.67188, Sigma for expected limits = 1.87344
AsymptoticLimits.cc[191] : (in function: runLimit) - NLL at global minimum of data = -8424.29 (r=3.64881e-06)
AsymptoticLimits.cc[211] : (in function: runLimit) - NLL at global minimum of asimov = -8424.67 (r=4.46824e-07)
AsymptoticLimits.cc[337] : (in function: getCLs) - At r = 1.200004:	q_mu = 2.97005	q_A  = 1.08363	Pmu = 0.02576	1-Pb  = 0.18245	CLs  = 0.14121
AsymptoticLimits.cc[337] : (in function: getCLs) - At r = 2.400007:	q_mu = 5.04283	q_A  = 2.48973	Pmu = 0.00850	1-Pb  = 0.20925	CLs  = 0.04060
AsymptoticLimits.cc[337] : (in function: getCLs) - At r = 1.200005:	q_mu = 2.97001	q_A  = 1.08368	Pmu = 0.02577	1-Pb  = 0.18246	CLs  = 0.14121
AsymptoticLimits.cc[337] : (in function: getCLs) - At r = 1.999595:	q_mu = 4.40971	q_A  = 2.03230	Pmu = 0.01193	1-Pb  = 0.20219	CLs  = 0.05900
AsymptoticLimits.cc[337] : (in function: getCLs) - At r = 2.221495:	q_mu = 4.76651	q_A  = 2.28770	Pmu = 0.00985	1-Pb  = 0.20627	CLs  = 0.04776
AsymptoticLimits.cc[337] : (in function: getCLs) - At r = 2.138628:	q_mu = 4.63508	q_A  = 2.19287	Pmu = 0.01057	1-Pb  = 0.20480	CLs  = 0.05162
AsymptoticLimits.cc[337] : (in function: getCLs) - At r = 2.182376:	q_mu = 4.70472	q_A  = 2.24302	Pmu = 0.01018	1-Pb  = 0.20558	CLs  = 0.04954
AsymptoticLimits.cc[337] : (in function: getCLs) - At r = 2.165682:	q_mu = 4.67822	q_A  = 2.22390	Pmu = 0.01033	1-Pb  = 0.20528	CLs  = 0.05032
AsymptoticLimits.cc[337] : (in function: getCLs) - At r = 2.174409:	q_mu = 4.69208	q_A  = 2.23390	Pmu = 0.01025	1-Pb  = 0.20544	CLs  = 0.04991
AsymptoticLimits.cc[337] : (in function: getCLs) - At r = 2.171065:	q_mu = 4.68677	q_A  = 2.23006	Pmu = 0.01028	1-Pb  = 0.20538	CLs  = 0.05006
AsymptoticLimits.cc[337] : (in function: getCLs) - At r = 2.172810:	q_mu = 4.68954	q_A  = 2.23207	Pmu = 0.01027	1-Pb  = 0.20541	CLs  = 0.04998
AsymptoticLimits.cc[337] : (in function: getCLs) - At r = 2.172140:	q_mu = 4.68848	q_A  = 2.23130	Pmu = 0.01027	1-Pb  = 0.20540	CLs  = 0.05001
AsymptoticLimits.cc[337] : (in function: getCLs) - At r = 2.172489:	q_mu = 4.68903	q_A  = 2.23170	Pmu = 0.01027	1-Pb  = 0.20541	CLs  = 0.05000
AsymptoticLimits.cc[337] : (in function: getCLs) - At r = 2.172355:	q_mu = 4.68882	q_A  = 2.23155	Pmu = 0.01027	1-Pb  = 0.20540	CLs  = 0.05000
AsymptoticLimits.cc[337] : (in function: getCLs) - At r = 2.172425:	q_mu = 4.68893	q_A  = 2.23163	Pmu = 0.01027	1-Pb  = 0.20541	CLs  = 0.05000
AsymptoticLimits.cc[337] : (in function: getCLs) - At r = 2.172398:	q_mu = 4.68889	q_A  = 2.23160	Pmu = 0.01027	1-Pb  = 0.20541	CLs  = 0.05000
AsymptoticLimits.cc[337] : (in function: getCLs) - At r = 2.172412:	q_mu = 4.68891	q_A  = 2.23161	Pmu = 0.01027	1-Pb  = 0.20541	CLs  = 0.05000
AsymptoticLimits.cc[337] : (in function: getCLs) - At r = 2.172407:	q_mu = 4.68890	q_A  = 2.23161	Pmu = 0.01027	1-Pb  = 0.20541	CLs  = 0.05000
