CascadeMinimizer.cc[188] : (in function: improveOnce) - Minimization configured with Type=Minuit2, Algo=Migrad, strategy=0, tolerance=0.1
CascadeMinimizer.cc[215] : (in function: improveOnce) - Minimization finished with status=0
CascadeMinimizer.cc[219] : (in function: improveOnce) - Minimization success! status=0
ToyMCSamplerOpt.cc[146] : (in function: generateAsimov) - Using internal logic for binned/unbinned Asimov dataset generation
ToyMCSamplerOpt.cc[214] : (in function: generateWithHisto) - Generating asimov with histogram for pdf pdf_binpass_LOW_obsOnly: in 3 x-bins
ToyMCSamplerOpt.cc[215] : (in function: generateWithHisto) -  , in 1 y-bins
ToyMCSamplerOpt.cc[146] : (in function: generateAsimov) - Using internal logic for binned/unbinned Asimov dataset generation
ToyMCSamplerOpt.cc[214] : (in function: generateWithHisto) - Generating asimov with histogram for pdf pdf_binpass_SIG_obsOnly: in 1 x-bins
ToyMCSamplerOpt.cc[215] : (in function: generateWithHisto) -  , in 1 y-bins
ToyMCSamplerOpt.cc[146] : (in function: generateAsimov) - Using internal logic for binned/unbinned Asimov dataset generation
ToyMCSamplerOpt.cc[214] : (in function: generateWithHisto) - Generating asimov with histogram for pdf pdf_binpass_HIGH_obsOnly: in 5 x-bins
ToyMCSamplerOpt.cc[215] : (in function: generateWithHisto) -  , in 1 y-bins
ToyMCSamplerOpt.cc[146] : (in function: generateAsimov) - Using internal logic for binned/unbinned Asimov dataset generation
ToyMCSamplerOpt.cc[214] : (in function: generateWithHisto) - Generating asimov with histogram for pdf pdf_binfail_LOW_obsOnly: in 3 x-bins
ToyMCSamplerOpt.cc[215] : (in function: generateWithHisto) -  , in 1 y-bins
ToyMCSamplerOpt.cc[146] : (in function: generateAsimov) - Using internal logic for binned/unbinned Asimov dataset generation
ToyMCSamplerOpt.cc[214] : (in function: generateWithHisto) - Generating asimov with histogram for pdf pdf_binfail_SIG_obsOnly: in 1 x-bins
ToyMCSamplerOpt.cc[215] : (in function: generateWithHisto) -  , in 1 y-bins
ToyMCSamplerOpt.cc[146] : (in function: generateAsimov) - Using internal logic for binned/unbinned Asimov dataset generation
ToyMCSamplerOpt.cc[214] : (in function: generateWithHisto) - Generating asimov with histogram for pdf pdf_binfail_HIGH_obsOnly: in 5 x-bins
ToyMCSamplerOpt.cc[215] : (in function: generateWithHisto) -  , in 1 y-bins
AsymptoticLimits.cc[428] : (in function: runLimitExpected) - Median for expected limits = 0.839844, Sigma for expected limits = 0.4285
AsymptoticLimits.cc[191] : (in function: runLimit) - NLL at global minimum of data = -755.726 (r=1.56228e-07)
AsymptoticLimits.cc[211] : (in function: runLimit) - NLL at global minimum of asimov = -754.996 (r=1.80218e-06)
AsymptoticLimits.cc[337] : (in function: getCLs) - At r = 1.200000:	q_mu = 5.36706	q_A  = 5.33974	Pmu = 0.01026	1-Pb  = 0.49764	CLs  = 0.02062
AsymptoticLimits.cc[337] : (in function: getCLs) - At r = 0.600000:	q_mu = 2.82083	q_A  = 2.80522	Pmu = 0.04652	1-Pb  = 0.49814	CLs  = 0.09339
AsymptoticLimits.cc[337] : (in function: getCLs) - At r = 0.918523:	q_mu = 4.20133	q_A  = 4.17919	Pmu = 0.02020	1-Pb  = 0.49784	CLs  = 0.04057
AsymptoticLimits.cc[337] : (in function: getCLs) - At r = 0.790930:	q_mu = 3.65644	q_A  = 3.64136	Pmu = 0.02793	1-Pb  = 0.49842	CLs  = 0.05603
AsymptoticLimits.cc[337] : (in function: getCLs) - At r = 0.852436:	q_mu = 3.92045	q_A  = 3.89955	Pmu = 0.02385	1-Pb  = 0.49789	CLs  = 0.04790
AsymptoticLimits.cc[337] : (in function: getCLs) - At r = 0.826683:	q_mu = 3.81022	q_A  = 3.78981	Pmu = 0.02547	1-Pb  = 0.49791	CLs  = 0.05115
AsymptoticLimits.cc[337] : (in function: getCLs) - At r = 0.838994:	q_mu = 3.86297	q_A  = 3.84231	Pmu = 0.02468	1-Pb  = 0.49790	CLs  = 0.04957
AsymptoticLimits.cc[337] : (in function: getCLs) - At r = 0.833829:	q_mu = 3.84085	q_A  = 3.82030	Pmu = 0.02501	1-Pb  = 0.49790	CLs  = 0.05023
AsymptoticLimits.cc[337] : (in function: getCLs) - At r = 0.836288:	q_mu = 3.85138	q_A  = 3.83078	Pmu = 0.02485	1-Pb  = 0.49790	CLs  = 0.04991
AsymptoticLimits.cc[337] : (in function: getCLs) - At r = 0.835255:	q_mu = 3.84695	q_A  = 3.82638	Pmu = 0.02492	1-Pb  = 0.49790	CLs  = 0.05005
AsymptoticLimits.cc[337] : (in function: getCLs) - At r = 0.835748:	q_mu = 3.84906	q_A  = 3.82848	Pmu = 0.02489	1-Pb  = 0.49790	CLs  = 0.04998
AsymptoticLimits.cc[337] : (in function: getCLs) - At r = 0.835541:	q_mu = 3.84818	q_A  = 3.82760	Pmu = 0.02490	1-Pb  = 0.49790	CLs  = 0.05001
AsymptoticLimits.cc[337] : (in function: getCLs) - At r = 0.835640:	q_mu = 3.84860	q_A  = 3.82802	Pmu = 0.02489	1-Pb  = 0.49790	CLs  = 0.05000
AsymptoticLimits.cc[337] : (in function: getCLs) - At r = 0.835599:	q_mu = 3.84842	q_A  = 3.82784	Pmu = 0.02490	1-Pb  = 0.49790	CLs  = 0.05000
AsymptoticLimits.cc[337] : (in function: getCLs) - At r = 0.835618:	q_mu = 3.84851	q_A  = 3.82792	Pmu = 0.02489	1-Pb  = 0.49790	CLs  = 0.05000
AsymptoticLimits.cc[337] : (in function: getCLs) - At r = 0.835610:	q_mu = 3.84847	q_A  = 3.82789	Pmu = 0.02490	1-Pb  = 0.49790	CLs  = 0.05000
AsymptoticLimits.cc[337] : (in function: getCLs) - At r = 0.835614:	q_mu = 3.84849	q_A  = 3.82790	Pmu = 0.02490	1-Pb  = 0.49790	CLs  = 0.05000
