CascadeMinimizer.cc[188] : (in function: improveOnce) - Minimization configured with Type=Minuit2, Algo=Migrad, strategy=0, tolerance=0.1
CascadeMinimizer.cc[215] : (in function: improveOnce) - Minimization finished with status=0
CascadeMinimizer.cc[219] : (in function: improveOnce) - Minimization success! status=0
ToyMCSamplerOpt.cc[146] : (in function: generateAsimov) - Using internal logic for binned/unbinned Asimov dataset generation
ToyMCSamplerOpt.cc[214] : (in function: generateWithHisto) - Generating asimov with histogram for pdf pdf_binpass_LOW_obsOnly: in 3 x-bins
ToyMCSamplerOpt.cc[215] : (in function: generateWithHisto) -  , in 1 y-bins
ToyMCSamplerOpt.cc[146] : (in function: generateAsimov) - Using internal logic for binned/unbinned Asimov dataset generation
ToyMCSamplerOpt.cc[214] : (in function: generateWithHisto) - Generating asimov with histogram for pdf pdf_binpass_SIG_obsOnly: in 1 x-bins
ToyMCSamplerOpt.cc[215] : (in function: generateWithHisto) -  , in 1 y-bins
ToyMCSamplerOpt.cc[146] : (in function: generateAsimov) - Using internal logic for binned/unbinned Asimov dataset generation
ToyMCSamplerOpt.cc[214] : (in function: generateWithHisto) - Generating asimov with histogram for pdf pdf_binpass_HIGH_obsOnly: in 5 x-bins
ToyMCSamplerOpt.cc[215] : (in function: generateWithHisto) -  , in 1 y-bins
ToyMCSamplerOpt.cc[146] : (in function: generateAsimov) - Using internal logic for binned/unbinned Asimov dataset generation
ToyMCSamplerOpt.cc[214] : (in function: generateWithHisto) - Generating asimov with histogram for pdf pdf_binfail_LOW_obsOnly: in 3 x-bins
ToyMCSamplerOpt.cc[215] : (in function: generateWithHisto) -  , in 1 y-bins
ToyMCSamplerOpt.cc[146] : (in function: generateAsimov) - Using internal logic for binned/unbinned Asimov dataset generation
ToyMCSamplerOpt.cc[214] : (in function: generateWithHisto) - Generating asimov with histogram for pdf pdf_binfail_SIG_obsOnly: in 1 x-bins
ToyMCSamplerOpt.cc[215] : (in function: generateWithHisto) -  , in 1 y-bins
ToyMCSamplerOpt.cc[146] : (in function: generateAsimov) - Using internal logic for binned/unbinned Asimov dataset generation
ToyMCSamplerOpt.cc[214] : (in function: generateWithHisto) - Generating asimov with histogram for pdf pdf_binfail_HIGH_obsOnly: in 5 x-bins
ToyMCSamplerOpt.cc[215] : (in function: generateWithHisto) -  , in 1 y-bins
AsymptoticLimits.cc[428] : (in function: runLimitExpected) - Median for expected limits = 1.98438, Sigma for expected limits = 1.01245
AsymptoticLimits.cc[191] : (in function: runLimit) - NLL at global minimum of data = -752.851 (r=8.16866e-05)
AsymptoticLimits.cc[211] : (in function: runLimit) - NLL at global minimum of asimov = -752.122 (r=8.16866e-05)
AsymptoticLimits.cc[337] : (in function: getCLs) - At r = 1.447442:	q_mu = 2.89277	q_A  = 2.86708	Pmu = 0.04449	1-Pb  = 0.49697	CLs  = 0.08952
AsymptoticLimits.cc[337] : (in function: getCLs) - At r = 2.894884:	q_mu = 5.41856	q_A  = 5.37735	Pmu = 0.00996	1-Pb  = 0.49646	CLs  = 0.02007
AsymptoticLimits.cc[337] : (in function: getCLs) - At r = 1.447483:	q_mu = 2.89244	q_A  = 2.86716	Pmu = 0.04450	1-Pb  = 0.49702	CLs  = 0.08953
AsymptoticLimits.cc[337] : (in function: getCLs) - At r = 2.187968:	q_mu = 4.22231	q_A  = 4.18823	Pmu = 0.01995	1-Pb  = 0.49668	CLs  = 0.04016
AsymptoticLimits.cc[337] : (in function: getCLs) - At r = 1.877942:	q_mu = 3.67590	q_A  = 3.64518	Pmu = 0.02760	1-Pb  = 0.49679	CLs  = 0.05556
AsymptoticLimits.cc[337] : (in function: getCLs) - At r = 2.020510:	q_mu = 3.92895	q_A  = 3.89661	Pmu = 0.02373	1-Pb  = 0.49673	CLs  = 0.04777
AsymptoticLimits.cc[337] : (in function: getCLs) - At r = 1.957566:	q_mu = 3.81756	q_A  = 3.78597	Pmu = 0.02536	1-Pb  = 0.49676	CLs  = 0.05105
AsymptoticLimits.cc[337] : (in function: getCLs) - At r = 1.985888:	q_mu = 3.86776	q_A  = 3.83583	Pmu = 0.02461	1-Pb  = 0.49675	CLs  = 0.04954
AsymptoticLimits.cc[337] : (in function: getCLs) - At r = 1.973260:	q_mu = 3.84538	q_A  = 3.81361	Pmu = 0.02494	1-Pb  = 0.49675	CLs  = 0.05021
AsymptoticLimits.cc[337] : (in function: getCLs) - At r = 1.978919:	q_mu = 3.85539	q_A  = 3.82357	Pmu = 0.02479	1-Pb  = 0.49675	CLs  = 0.04991
AsymptoticLimits.cc[337] : (in function: getCLs) - At r = 1.976395:	q_mu = 3.85093	q_A  = 3.81913	Pmu = 0.02486	1-Pb  = 0.49675	CLs  = 0.05004
AsymptoticLimits.cc[337] : (in function: getCLs) - At r = 1.977527:	q_mu = 3.85293	q_A  = 3.82112	Pmu = 0.02483	1-Pb  = 0.49675	CLs  = 0.04998
AsymptoticLimits.cc[337] : (in function: getCLs) - At r = 1.977022:	q_mu = 3.85204	q_A  = 3.82023	Pmu = 0.02484	1-Pb  = 0.49675	CLs  = 0.05001
AsymptoticLimits.cc[337] : (in function: getCLs) - At r = 1.977249:	q_mu = 3.85244	q_A  = 3.82063	Pmu = 0.02484	1-Pb  = 0.49675	CLs  = 0.05000
AsymptoticLimits.cc[337] : (in function: getCLs) - At r = 1.977148:	q_mu = 3.85226	q_A  = 3.82045	Pmu = 0.02484	1-Pb  = 0.49675	CLs  = 0.05000
AsymptoticLimits.cc[337] : (in function: getCLs) - At r = 1.977193:	q_mu = 3.85234	q_A  = 3.82053	Pmu = 0.02484	1-Pb  = 0.49675	CLs  = 0.05000
AsymptoticLimits.cc[337] : (in function: getCLs) - At r = 1.977173:	q_mu = 3.85230	q_A  = 3.82050	Pmu = 0.02484	1-Pb  = 0.49675	CLs  = 0.05000
AsymptoticLimits.cc[337] : (in function: getCLs) - At r = 1.977182:	q_mu = 3.85232	q_A  = 3.82051	Pmu = 0.02484	1-Pb  = 0.49675	CLs  = 0.05000
AsymptoticLimits.cc[337] : (in function: getCLs) - At r = 1.977178:	q_mu = 3.85231	q_A  = 3.82050	Pmu = 0.02484	1-Pb  = 0.49675	CLs  = 0.05000
