 <<< Combine >>> 
 <<< v10.0.1 >>>
>>> Random number generator seed is 123456
>>> Method used is FitDiagnostics
Set Default Value of Parameter mask_pass_SIG To : 1
Set Default Value of Parameter mask_pass_HIGH To : 1
Set Default Value of Parameter r To : 1
>>> 2 out of 6 channels masked

>> Found 15 floating parameters
>> The following parameters are protected in the event of negative eigenvalues:
>> Verifying eigenvalues are all positive (iteration 0)
Eigenvalue 14 : -0.00468799
 - 0.608246	CMS_EXO26004_Background_rpf_2x0_par3
 - 0.558654	CMS_EXO26004_Background_rpf_2x0_par2
 - -0.496371	CMS_EXO26004_Background_rpf_2x0_par1
 - -0.267505	CMS_EXO26004_Background_rpf_2x0_par0
 - 0.000703685	CMS_EXO26004_Background_fail_LOW_bin_2-1
>> Attempt 0 failed, remove the variable with largest eigenvector component...
>> Dropping CMS_EXO26004_Background_rpf_2x0_par3 from the hessian
>> Verifying eigenvalues are all positive (iteration 1)
>> All eigenvalues are positive
>> Inverting Hessian...
>> Matrix inverted
>> Note: the following parameters were dropped to make the covariance matrix pos-def:
     - CMS_EXO26004_Background_rpf_2x0_par3
 Fit B-only, status = 0, numBadNLL = 0, covariance quality = -1
Running Minos for POI r
>> Found 16 floating parameters
>> The following parameters are protected in the event of negative eigenvalues: r
>> Verifying eigenvalues are all positive (iteration 0)
Eigenvalue 14 : -0.00117547
 - -0.906254	r
 - 0.242974	CMS_EXO26004_Background_rpf_2x0_par1
 - 0.187994	CMS_EXO26004_Background_rpf_2x0_par2
 - 0.183034	CMS_EXO26004_Background_fail_HIGH_bin_3-1
 - 0.121963	CMS_EXO26004_Background_fail_HIGH_bin_2-1
Eigenvalue 15 : -0.00456557
 - -0.602998	CMS_EXO26004_Background_rpf_2x0_par3
 - -0.577681	CMS_EXO26004_Background_rpf_2x0_par2
 - 0.456608	CMS_EXO26004_Background_rpf_2x0_par1
 - 0.297033	CMS_EXO26004_Background_rpf_2x0_par0
 - 0.0737608	r
>> Attempt 0 failed, remove the variable with largest eigenvector component...
>> Dropping CMS_EXO26004_Background_rpf_2x0_par3 from the hessian
>> Verifying eigenvalues are all positive (iteration 1)
Eigenvalue 14 : -0.00137725
 - -0.855452	r
 - 0.445975	CMS_EXO26004_Background_rpf_2x0_par2
 - 0.17238	CMS_EXO26004_Background_fail_HIGH_bin_3-1
 - 0.114949	CMS_EXO26004_Background_fail_HIGH_bin_2-1
 - 0.0812429	CMS_EXO26004_Background_fail_HIGH_bin_1-1
>> Attempt 1 failed, remove the variable with largest eigenvector component...
>> Dropping CMS_EXO26004_Background_rpf_2x0_par2 from the hessian
>> Verifying eigenvalues are all positive (iteration 2)
Eigenvalue 13 : -0.000826649
 - -0.917913	r
 - 0.268856	CMS_EXO26004_Background_rpf_2x0_par1
 - 0.186064	CMS_EXO26004_Background_fail_HIGH_bin_3-1
 - 0.123859	CMS_EXO26004_Background_fail_HIGH_bin_2-1
 - -0.117	CMS_EXO26004_Background_rpf_2x0_par0
>> Attempt 2 failed, remove the variable with largest eigenvector component...
>> Dropping CMS_EXO26004_Background_rpf_2x0_par1 from the hessian
>> Verifying eigenvalues are all positive (iteration 3)
>> All eigenvalues are positive
>> Inverting Hessian...
>> Matrix inverted
>> Note: the following parameters were dropped to make the covariance matrix pos-def:
     - CMS_EXO26004_Background_rpf_2x0_par3
     - CMS_EXO26004_Background_rpf_2x0_par2
     - CMS_EXO26004_Background_rpf_2x0_par1
Fit S+B, status = 0, numBadNLL = 0, covariance quality = -1

 --- FitDiagnostics ---
Best fit r: 50  -50/+1.71525e-11  (68% CL)
Done in 0.01 min (cpu), 0.01 min (real)
27 log messages saved to combine_logger.out
