CascadeMinimizer.cc[188] : (in function: improveOnce) - Minimization configured with Type=Minuit2, Algo=Migrad, strategy=0, tolerance=0.1
CascadeMinimizer.cc[215] : (in function: improveOnce) - Minimization finished with status=0
CascadeMinimizer.cc[219] : (in function: improveOnce) - Minimization success! status=0
ToyMCSamplerOpt.cc[146] : (in function: generateAsimov) - Using internal logic for binned/unbinned Asimov dataset generation
ToyMCSamplerOpt.cc[214] : (in function: generateWithHisto) - Generating asimov with histogram for pdf pdf_binpass_LOW_obsOnly: in 3 x-bins
ToyMCSamplerOpt.cc[215] : (in function: generateWithHisto) -  , in 1 y-bins
ToyMCSamplerOpt.cc[146] : (in function: generateAsimov) - Using internal logic for binned/unbinned Asimov dataset generation
ToyMCSamplerOpt.cc[214] : (in function: generateWithHisto) - Generating asimov with histogram for pdf pdf_binpass_SIG_obsOnly: in 1 x-bins
ToyMCSamplerOpt.cc[215] : (in function: generateWithHisto) -  , in 1 y-bins
ToyMCSamplerOpt.cc[146] : (in function: generateAsimov) - Using internal logic for binned/unbinned Asimov dataset generation
ToyMCSamplerOpt.cc[214] : (in function: generateWithHisto) - Generating asimov with histogram for pdf pdf_binpass_HIGH_obsOnly: in 3 x-bins
ToyMCSamplerOpt.cc[215] : (in function: generateWithHisto) -  , in 1 y-bins
ToyMCSamplerOpt.cc[146] : (in function: generateAsimov) - Using internal logic for binned/unbinned Asimov dataset generation
ToyMCSamplerOpt.cc[214] : (in function: generateWithHisto) - Generating asimov with histogram for pdf pdf_binfail_LOW_obsOnly: in 3 x-bins
ToyMCSamplerOpt.cc[215] : (in function: generateWithHisto) -  , in 1 y-bins
ToyMCSamplerOpt.cc[146] : (in function: generateAsimov) - Using internal logic for binned/unbinned Asimov dataset generation
ToyMCSamplerOpt.cc[214] : (in function: generateWithHisto) - Generating asimov with histogram for pdf pdf_binfail_SIG_obsOnly: in 1 x-bins
ToyMCSamplerOpt.cc[215] : (in function: generateWithHisto) -  , in 1 y-bins
ToyMCSamplerOpt.cc[146] : (in function: generateAsimov) - Using internal logic for binned/unbinned Asimov dataset generation
ToyMCSamplerOpt.cc[214] : (in function: generateWithHisto) - Generating asimov with histogram for pdf pdf_binfail_HIGH_obsOnly: in 3 x-bins
ToyMCSamplerOpt.cc[215] : (in function: generateWithHisto) -  , in 1 y-bins
AsymptoticLimits.cc[428] : (in function: runLimitExpected) - Median for expected limits = 3.98438, Sigma for expected limits = 2.03288
AsymptoticLimits.cc[191] : (in function: runLimit) - NLL at global minimum of data = -678.673 (r=1.50619e-07)
AsymptoticLimits.cc[211] : (in function: runLimit) - NLL at global minimum of asimov = -678.857 (r=7.87303e-05)
AsymptoticLimits.cc[337] : (in function: getCLs) - At r = 2.265375:	q_mu = 2.44579	q_A  = 2.41874	Pmu = 0.05892	1-Pb  = 0.49653	CLs  = 0.11866
AsymptoticLimits.cc[337] : (in function: getCLs) - At r = 4.530749:	q_mu = 4.27343	q_A  = 4.24530	Pmu = 0.01936	1-Pb  = 0.49728	CLs  = 0.03892
AsymptoticLimits.cc[337] : (in function: getCLs) - At r = 2.265375:	q_mu = 2.44544	q_A  = 2.41835	Pmu = 0.05893	1-Pb  = 0.49652	CLs  = 0.11869
AsymptoticLimits.cc[337] : (in function: getCLs) - At r = 3.670601:	q_mu = 3.62639	q_A  = 3.59719	Pmu = 0.02843	1-Pb  = 0.49693	CLs  = 0.05722
AsymptoticLimits.cc[337] : (in function: getCLs) - At r = 4.083504:	q_mu = 3.94309	q_A  = 3.91408	Pmu = 0.02353	1-Pb  = 0.49707	CLs  = 0.04734
AsymptoticLimits.cc[337] : (in function: getCLs) - At r = 3.905640:	q_mu = 3.80810	q_A  = 3.77892	Pmu = 0.02550	1-Pb  = 0.49701	CLs  = 0.05131
AsymptoticLimits.cc[337] : (in function: getCLs) - At r = 3.986925:	q_mu = 3.87004	q_A  = 3.84085	Pmu = 0.02458	1-Pb  = 0.49703	CLs  = 0.04945
AsymptoticLimits.cc[337] : (in function: getCLs) - At r = 3.951135:	q_mu = 3.84281	q_A  = 3.81358	Pmu = 0.02498	1-Pb  = 0.49701	CLs  = 0.05026
AsymptoticLimits.cc[337] : (in function: getCLs) - At r = 3.967361:	q_mu = 3.85516	q_A  = 3.82590	Pmu = 0.02480	1-Pb  = 0.49702	CLs  = 0.04989
AsymptoticLimits.cc[337] : (in function: getCLs) - At r = 3.960209:	q_mu = 3.84971	q_A  = 3.82043	Pmu = 0.02488	1-Pb  = 0.49701	CLs  = 0.05005
AsymptoticLimits.cc[337] : (in function: getCLs) - At r = 3.963466:	q_mu = 3.85219	q_A  = 3.82288	Pmu = 0.02484	1-Pb  = 0.49701	CLs  = 0.04998
AsymptoticLimits.cc[337] : (in function: getCLs) - At r = 3.962049:	q_mu = 3.85110	q_A  = 3.82178	Pmu = 0.02486	1-Pb  = 0.49701	CLs  = 0.05001
AsymptoticLimits.cc[337] : (in function: getCLs) - At r = 3.962713:	q_mu = 3.85159	q_A  = 3.82227	Pmu = 0.02485	1-Pb  = 0.49701	CLs  = 0.05000
AsymptoticLimits.cc[337] : (in function: getCLs) - At r = 3.962443:	q_mu = 3.85139	q_A  = 3.82206	Pmu = 0.02485	1-Pb  = 0.49701	CLs  = 0.05000
AsymptoticLimits.cc[337] : (in function: getCLs) - At r = 3.962581:	q_mu = 3.85147	q_A  = 3.82216	Pmu = 0.02485	1-Pb  = 0.49701	CLs  = 0.05000
AsymptoticLimits.cc[337] : (in function: getCLs) - At r = 3.962547:	q_mu = 3.85142	q_A  = 3.82213	Pmu = 0.02485	1-Pb  = 0.49701	CLs  = 0.05000
AsymptoticLimits.cc[337] : (in function: getCLs) - At r = 3.962571:	q_mu = 3.85144	q_A  = 3.82214	Pmu = 0.02485	1-Pb  = 0.49701	CLs  = 0.05000
