CascadeMinimizer.cc[188] : (in function: improveOnce) - Minimization configured with Type=Minuit2, Algo=Migrad, strategy=0, tolerance=0.1
CascadeMinimizer.cc[215] : (in function: improveOnce) - Minimization finished with status=0
CascadeMinimizer.cc[219] : (in function: improveOnce) - Minimization success! status=0
ToyMCSamplerOpt.cc[146] : (in function: generateAsimov) - Using internal logic for binned/unbinned Asimov dataset generation
ToyMCSamplerOpt.cc[214] : (in function: generateWithHisto) - Generating asimov with histogram for pdf pdf_binpass_LOW_obsOnly: in 3 x-bins
ToyMCSamplerOpt.cc[215] : (in function: generateWithHisto) -  , in 1 y-bins
ToyMCSamplerOpt.cc[146] : (in function: generateAsimov) - Using internal logic for binned/unbinned Asimov dataset generation
ToyMCSamplerOpt.cc[214] : (in function: generateWithHisto) - Generating asimov with histogram for pdf pdf_binpass_SIG_obsOnly: in 1 x-bins
ToyMCSamplerOpt.cc[215] : (in function: generateWithHisto) -  , in 1 y-bins
ToyMCSamplerOpt.cc[146] : (in function: generateAsimov) - Using internal logic for binned/unbinned Asimov dataset generation
ToyMCSamplerOpt.cc[214] : (in function: generateWithHisto) - Generating asimov with histogram for pdf pdf_binpass_HIGH_obsOnly: in 5 x-bins
ToyMCSamplerOpt.cc[215] : (in function: generateWithHisto) -  , in 1 y-bins
ToyMCSamplerOpt.cc[146] : (in function: generateAsimov) - Using internal logic for binned/unbinned Asimov dataset generation
ToyMCSamplerOpt.cc[214] : (in function: generateWithHisto) - Generating asimov with histogram for pdf pdf_binfail_LOW_obsOnly: in 3 x-bins
ToyMCSamplerOpt.cc[215] : (in function: generateWithHisto) -  , in 1 y-bins
ToyMCSamplerOpt.cc[146] : (in function: generateAsimov) - Using internal logic for binned/unbinned Asimov dataset generation
ToyMCSamplerOpt.cc[214] : (in function: generateWithHisto) - Generating asimov with histogram for pdf pdf_binfail_SIG_obsOnly: in 1 x-bins
ToyMCSamplerOpt.cc[215] : (in function: generateWithHisto) -  , in 1 y-bins
ToyMCSamplerOpt.cc[146] : (in function: generateAsimov) - Using internal logic for binned/unbinned Asimov dataset generation
ToyMCSamplerOpt.cc[214] : (in function: generateWithHisto) - Generating asimov with histogram for pdf pdf_binfail_HIGH_obsOnly: in 5 x-bins
ToyMCSamplerOpt.cc[215] : (in function: generateWithHisto) -  , in 1 y-bins
AsymptoticLimits.cc[428] : (in function: runLimitExpected) - Median for expected limits = 0.525391, Sigma for expected limits = 0.268061
AsymptoticLimits.cc[191] : (in function: runLimit) - NLL at global minimum of data = -923.097 (r=1.46402e-08)
AsymptoticLimits.cc[211] : (in function: runLimit) - NLL at global minimum of asimov = -922.437 (r=1.24855e-08)
AsymptoticLimits.cc[337] : (in function: getCLs) - At r = 1.200000:	q_mu = 12.80606	q_A  = 10.74557	Pmu = 0.00016	1-Pb  = 0.37665	CLs  = 0.00044
AsymptoticLimits.cc[337] : (in function: getCLs) - At r = 0.600000:	q_mu = 6.46595	q_A  = 4.55706	Pmu = 0.00491	1-Pb  = 0.32740	CLs  = 0.01501
AsymptoticLimits.cc[337] : (in function: getCLs) - At r = 0.300000:	q_mu = 3.24295	q_A  = 1.75197	Pmu = 0.02959	1-Pb  = 0.28664	CLs  = 0.10323
AsymptoticLimits.cc[337] : (in function: getCLs) - At r = 0.450228:	q_mu = 4.85561	q_A  = 3.12258	Pmu = 0.01199	1-Pb  = 0.31194	CLs  = 0.03844
AsymptoticLimits.cc[337] : (in function: getCLs) - At r = 0.388190:	q_mu = 4.18898	q_A  = 2.54442	Pmu = 0.01740	1-Pb  = 0.30310	CLs  = 0.05741
AsymptoticLimits.cc[337] : (in function: getCLs) - At r = 0.417700:	q_mu = 4.50747	q_A  = 2.81790	Pmu = 0.01456	1-Pb  = 0.30739	CLs  = 0.04736
AsymptoticLimits.cc[337] : (in function: getCLs) - At r = 0.405146:	q_mu = 4.37159	q_A  = 2.70108	Pmu = 0.01571	1-Pb  = 0.30565	CLs  = 0.05140
AsymptoticLimits.cc[337] : (in function: getCLs) - At r = 0.411042:	q_mu = 4.43533	q_A  = 2.75584	Pmu = 0.01516	1-Pb  = 0.30648	CLs  = 0.04946
AsymptoticLimits.cc[337] : (in function: getCLs) - At r = 0.408530:	q_mu = 4.40817	q_A  = 2.73248	Pmu = 0.01539	1-Pb  = 0.30613	CLs  = 0.05028
AsymptoticLimits.cc[337] : (in function: getCLs) - At r = 0.409710:	q_mu = 4.42092	q_A  = 2.74344	Pmu = 0.01528	1-Pb  = 0.30629	CLs  = 0.04989
AsymptoticLimits.cc[337] : (in function: getCLs) - At r = 0.409207:	q_mu = 4.41549	q_A  = 2.73877	Pmu = 0.01533	1-Pb  = 0.30622	CLs  = 0.05006
AsymptoticLimits.cc[337] : (in function: getCLs) - At r = 0.409443:	q_mu = 4.41804	q_A  = 2.74096	Pmu = 0.01531	1-Pb  = 0.30626	CLs  = 0.04998
AsymptoticLimits.cc[337] : (in function: getCLs) - At r = 0.409343:	q_mu = 4.41695	q_A  = 2.74003	Pmu = 0.01532	1-Pb  = 0.30624	CLs  = 0.05001
AsymptoticLimits.cc[337] : (in function: getCLs) - At r = 0.409390:	q_mu = 4.41746	q_A  = 2.74047	Pmu = 0.01531	1-Pb  = 0.30625	CLs  = 0.05000
AsymptoticLimits.cc[337] : (in function: getCLs) - At r = 0.409370:	q_mu = 4.41724	q_A  = 2.74028	Pmu = 0.01531	1-Pb  = 0.30625	CLs  = 0.05000
AsymptoticLimits.cc[337] : (in function: getCLs) - At r = 0.409379:	q_mu = 4.41735	q_A  = 2.74037	Pmu = 0.01531	1-Pb  = 0.30625	CLs  = 0.05000
AsymptoticLimits.cc[337] : (in function: getCLs) - At r = 0.409375:	q_mu = 4.41730	q_A  = 2.74033	Pmu = 0.01531	1-Pb  = 0.30625	CLs  = 0.05000
