CascadeMinimizer.cc[188] : (in function: improveOnce) - Minimization configured with Type=Minuit2, Algo=Migrad, strategy=0, tolerance=0.1
CascadeMinimizer.cc[215] : (in function: improveOnce) - Minimization finished with status=0
CascadeMinimizer.cc[219] : (in function: improveOnce) - Minimization success! status=0
ToyMCSamplerOpt.cc[146] : (in function: generateAsimov) - Using internal logic for binned/unbinned Asimov dataset generation
ToyMCSamplerOpt.cc[214] : (in function: generateWithHisto) - Generating asimov with histogram for pdf pdf_binpass_LOW_obsOnly: in 3 x-bins
ToyMCSamplerOpt.cc[215] : (in function: generateWithHisto) -  , in 1 y-bins
ToyMCSamplerOpt.cc[146] : (in function: generateAsimov) - Using internal logic for binned/unbinned Asimov dataset generation
ToyMCSamplerOpt.cc[214] : (in function: generateWithHisto) - Generating asimov with histogram for pdf pdf_binpass_SIG_obsOnly: in 1 x-bins
ToyMCSamplerOpt.cc[215] : (in function: generateWithHisto) -  , in 1 y-bins
ToyMCSamplerOpt.cc[146] : (in function: generateAsimov) - Using internal logic for binned/unbinned Asimov dataset generation
ToyMCSamplerOpt.cc[214] : (in function: generateWithHisto) - Generating asimov with histogram for pdf pdf_binpass_HIGH_obsOnly: in 5 x-bins
ToyMCSamplerOpt.cc[215] : (in function: generateWithHisto) -  , in 1 y-bins
ToyMCSamplerOpt.cc[146] : (in function: generateAsimov) - Using internal logic for binned/unbinned Asimov dataset generation
ToyMCSamplerOpt.cc[214] : (in function: generateWithHisto) - Generating asimov with histogram for pdf pdf_binfail_LOW_obsOnly: in 3 x-bins
ToyMCSamplerOpt.cc[215] : (in function: generateWithHisto) -  , in 1 y-bins
ToyMCSamplerOpt.cc[146] : (in function: generateAsimov) - Using internal logic for binned/unbinned Asimov dataset generation
ToyMCSamplerOpt.cc[214] : (in function: generateWithHisto) - Generating asimov with histogram for pdf pdf_binfail_SIG_obsOnly: in 1 x-bins
ToyMCSamplerOpt.cc[215] : (in function: generateWithHisto) -  , in 1 y-bins
ToyMCSamplerOpt.cc[146] : (in function: generateAsimov) - Using internal logic for binned/unbinned Asimov dataset generation
ToyMCSamplerOpt.cc[214] : (in function: generateWithHisto) - Generating asimov with histogram for pdf pdf_binfail_HIGH_obsOnly: in 5 x-bins
ToyMCSamplerOpt.cc[215] : (in function: generateWithHisto) -  , in 1 y-bins
AsymptoticLimits.cc[428] : (in function: runLimitExpected) - Median for expected limits = 1.53906, Sigma for expected limits = 0.78525
AsymptoticLimits.cc[191] : (in function: runLimit) - NLL at global minimum of data = -753.474 (r=6.89731e-08)
AsymptoticLimits.cc[211] : (in function: runLimit) - NLL at global minimum of asimov = -752.746 (r=2.32002e-06)
AsymptoticLimits.cc[337] : (in function: getCLs) - At r = 8.863948:	q_mu = 16.71690	q_A  = 16.67051	Pmu = 0.00002	1-Pb  = 0.49773	CLs  = 0.00004
AsymptoticLimits.cc[337] : (in function: getCLs) - At r = 4.431974:	q_mu = 9.70759	q_A  = 9.66970	Pmu = 0.00092	1-Pb  = 0.49757	CLs  = 0.00184
AsymptoticLimits.cc[337] : (in function: getCLs) - At r = 2.215987:	q_mu = 5.36951	q_A  = 5.34314	Pmu = 0.01025	1-Pb  = 0.49772	CLs  = 0.02059
AsymptoticLimits.cc[337] : (in function: getCLs) - At r = 1.107994:	q_mu = 2.85736	q_A  = 2.84147	Pmu = 0.04548	1-Pb  = 0.49812	CLs  = 0.09130
AsymptoticLimits.cc[337] : (in function: getCLs) - At r = 1.687890:	q_mu = 4.20756	q_A  = 4.18581	Pmu = 0.02012	1-Pb  = 0.49788	CLs  = 0.04041
AsymptoticLimits.cc[337] : (in function: getCLs) - At r = 1.450756:	q_mu = 3.66551	q_A  = 3.64597	Pmu = 0.02777	1-Pb  = 0.49796	CLs  = 0.05578
AsymptoticLimits.cc[337] : (in function: getCLs) - At r = 1.562563:	q_mu = 3.92436	q_A  = 3.90213	Pmu = 0.02380	1-Pb  = 0.49775	CLs  = 0.04781
AsymptoticLimits.cc[337] : (in function: getCLs) - At r = 1.514165:	q_mu = 3.81231	q_A  = 3.79162	Pmu = 0.02544	1-Pb  = 0.49788	CLs  = 0.05109
AsymptoticLimits.cc[337] : (in function: getCLs) - At r = 1.536432:	q_mu = 3.86386	q_A  = 3.84254	Pmu = 0.02467	1-Pb  = 0.49783	CLs  = 0.04955
AsymptoticLimits.cc[337] : (in function: getCLs) - At r = 1.526734:	q_mu = 3.84141	q_A  = 3.82036	Pmu = 0.02500	1-Pb  = 0.49785	CLs  = 0.05022
AsymptoticLimits.cc[337] : (in function: getCLs) - At r = 1.531185:	q_mu = 3.85171	q_A  = 3.83054	Pmu = 0.02485	1-Pb  = 0.49784	CLs  = 0.04991
AsymptoticLimits.cc[337] : (in function: getCLs) - At r = 1.529245:	q_mu = 3.84722	q_A  = 3.82610	Pmu = 0.02491	1-Pb  = 0.49785	CLs  = 0.05004
AsymptoticLimits.cc[337] : (in function: getCLs) - At r = 1.530135:	q_mu = 3.84928	q_A  = 3.82814	Pmu = 0.02488	1-Pb  = 0.49784	CLs  = 0.04998
AsymptoticLimits.cc[337] : (in function: getCLs) - At r = 1.529747:	q_mu = 3.84838	q_A  = 3.82725	Pmu = 0.02490	1-Pb  = 0.49785	CLs  = 0.05001
AsymptoticLimits.cc[337] : (in function: getCLs) - At r = 1.529925:	q_mu = 3.84879	q_A  = 3.82766	Pmu = 0.02489	1-Pb  = 0.49784	CLs  = 0.05000
AsymptoticLimits.cc[337] : (in function: getCLs) - At r = 1.529847:	q_mu = 3.84861	q_A  = 3.82748	Pmu = 0.02489	1-Pb  = 0.49785	CLs  = 0.05000
AsymptoticLimits.cc[337] : (in function: getCLs) - At r = 1.529883:	q_mu = 3.84870	q_A  = 3.82756	Pmu = 0.02489	1-Pb  = 0.49785	CLs  = 0.05000
AsymptoticLimits.cc[337] : (in function: getCLs) - At r = 1.529867:	q_mu = 3.84866	q_A  = 3.82753	Pmu = 0.02489	1-Pb  = 0.49785	CLs  = 0.05000
AsymptoticLimits.cc[337] : (in function: getCLs) - At r = 1.529874:	q_mu = 3.84868	q_A  = 3.82754	Pmu = 0.02489	1-Pb  = 0.49785	CLs  = 0.05000
AsymptoticLimits.cc[337] : (in function: getCLs) - At r = 1.529871:	q_mu = 3.84867	q_A  = 3.82753	Pmu = 0.02489	1-Pb  = 0.49785	CLs  = 0.05000
