CascadeMinimizer.cc[188] : (in function: improveOnce) - Minimization configured with Type=Minuit2, Algo=Migrad, strategy=0, tolerance=0.1
CascadeMinimizer.cc[215] : (in function: improveOnce) - Minimization finished with status=0
CascadeMinimizer.cc[219] : (in function: improveOnce) - Minimization success! status=0
ToyMCSamplerOpt.cc[146] : (in function: generateAsimov) - Using internal logic for binned/unbinned Asimov dataset generation
ToyMCSamplerOpt.cc[214] : (in function: generateWithHisto) - Generating asimov with histogram for pdf pdf_binpass_LOW_obsOnly: in 3 x-bins
ToyMCSamplerOpt.cc[215] : (in function: generateWithHisto) -  , in 1 y-bins
ToyMCSamplerOpt.cc[146] : (in function: generateAsimov) - Using internal logic for binned/unbinned Asimov dataset generation
ToyMCSamplerOpt.cc[214] : (in function: generateWithHisto) - Generating asimov with histogram for pdf pdf_binpass_SIG_obsOnly: in 1 x-bins
ToyMCSamplerOpt.cc[215] : (in function: generateWithHisto) -  , in 1 y-bins
ToyMCSamplerOpt.cc[146] : (in function: generateAsimov) - Using internal logic for binned/unbinned Asimov dataset generation
ToyMCSamplerOpt.cc[214] : (in function: generateWithHisto) - Generating asimov with histogram for pdf pdf_binpass_HIGH_obsOnly: in 3 x-bins
ToyMCSamplerOpt.cc[215] : (in function: generateWithHisto) -  , in 1 y-bins
ToyMCSamplerOpt.cc[146] : (in function: generateAsimov) - Using internal logic for binned/unbinned Asimov dataset generation
ToyMCSamplerOpt.cc[214] : (in function: generateWithHisto) - Generating asimov with histogram for pdf pdf_binfail_LOW_obsOnly: in 3 x-bins
ToyMCSamplerOpt.cc[215] : (in function: generateWithHisto) -  , in 1 y-bins
ToyMCSamplerOpt.cc[146] : (in function: generateAsimov) - Using internal logic for binned/unbinned Asimov dataset generation
ToyMCSamplerOpt.cc[214] : (in function: generateWithHisto) - Generating asimov with histogram for pdf pdf_binfail_SIG_obsOnly: in 1 x-bins
ToyMCSamplerOpt.cc[215] : (in function: generateWithHisto) -  , in 1 y-bins
ToyMCSamplerOpt.cc[146] : (in function: generateAsimov) - Using internal logic for binned/unbinned Asimov dataset generation
ToyMCSamplerOpt.cc[214] : (in function: generateWithHisto) - Generating asimov with histogram for pdf pdf_binfail_HIGH_obsOnly: in 3 x-bins
ToyMCSamplerOpt.cc[215] : (in function: generateWithHisto) -  , in 1 y-bins
AsymptoticLimits.cc[428] : (in function: runLimitExpected) - Median for expected limits = 1.23828, Sigma for expected limits = 0.631788
AsymptoticLimits.cc[191] : (in function: runLimit) - NLL at global minimum of data = -8429.9 (r=1.75915e-08)
AsymptoticLimits.cc[211] : (in function: runLimit) - NLL at global minimum of asimov = -8430.1 (r=2.07544e-06)
AsymptoticLimits.cc[337] : (in function: getCLs) - At r = 1.200000:	q_mu = 7.83375	q_A  = 3.70160	Pmu = 0.00136	1-Pb  = 0.14144	CLs  = 0.00961
AsymptoticLimits.cc[337] : (in function: getCLs) - At r = 0.600000:	q_mu = 4.40967	q_A  = 1.49611	Pmu = 0.00789	1-Pb  = 0.11683	CLs  = 0.06750
AsymptoticLimits.cc[337] : (in function: getCLs) - At r = 0.900000:	q_mu = 6.20800	q_A  = 2.59287	Pmu = 0.00314	1-Pb  = 0.13082	CLs  = 0.02400
AsymptoticLimits.cc[337] : (in function: getCLs) - At r = 0.729664:	q_mu = 5.21128	q_A  = 1.96421	Pmu = 0.00523	1-Pb  = 0.12335	CLs  = 0.04244
AsymptoticLimits.cc[337] : (in function: getCLs) - At r = 0.667084:	q_mu = 4.82941	q_A  = 1.73632	Pmu = 0.00636	1-Pb  = 0.12026	CLs  = 0.05291
AsymptoticLimits.cc[337] : (in function: getCLs) - At r = 0.692429:	q_mu = 4.98515	q_A  = 1.82824	Pmu = 0.00588	1-Pb  = 0.12153	CLs  = 0.04835
AsymptoticLimits.cc[337] : (in function: getCLs) - At r = 0.679805:	q_mu = 4.90776	q_A  = 1.78235	Pmu = 0.00611	1-Pb  = 0.12090	CLs  = 0.05056
AsymptoticLimits.cc[337] : (in function: getCLs) - At r = 0.684853:	q_mu = 4.93875	q_A  = 1.80069	Pmu = 0.00602	1-Pb  = 0.12115	CLs  = 0.04966
AsymptoticLimits.cc[337] : (in function: getCLs) - At r = 0.682324:	q_mu = 4.92323	q_A  = 1.79149	Pmu = 0.00606	1-Pb  = 0.12102	CLs  = 0.05011
AsymptoticLimits.cc[337] : (in function: getCLs) - At r = 0.683333:	q_mu = 4.92943	q_A  = 1.79516	Pmu = 0.00605	1-Pb  = 0.12107	CLs  = 0.04993
AsymptoticLimits.cc[337] : (in function: getCLs) - At r = 0.682827:	q_mu = 4.92632	q_A  = 1.79331	Pmu = 0.00605	1-Pb  = 0.12104	CLs  = 0.05002
AsymptoticLimits.cc[337] : (in function: getCLs) - At r = 0.683029:	q_mu = 4.92756	q_A  = 1.79405	Pmu = 0.00605	1-Pb  = 0.12106	CLs  = 0.04999
AsymptoticLimits.cc[337] : (in function: getCLs) - At r = 0.682928:	q_mu = 4.92694	q_A  = 1.79368	Pmu = 0.00605	1-Pb  = 0.12105	CLs  = 0.05000
AsymptoticLimits.cc[337] : (in function: getCLs) - At r = 0.682969:	q_mu = 4.92719	q_A  = 1.79383	Pmu = 0.00605	1-Pb  = 0.12105	CLs  = 0.05000
AsymptoticLimits.cc[337] : (in function: getCLs) - At r = 0.682948:	q_mu = 4.92706	q_A  = 1.79375	Pmu = 0.00605	1-Pb  = 0.12105	CLs  = 0.05000
AsymptoticLimits.cc[337] : (in function: getCLs) - At r = 0.682956:	q_mu = 4.92711	q_A  = 1.79378	Pmu = 0.00605	1-Pb  = 0.12105	CLs  = 0.05000
AsymptoticLimits.cc[337] : (in function: getCLs) - At r = 0.682952:	q_mu = 4.92709	q_A  = 1.79377	Pmu = 0.00605	1-Pb  = 0.12105	CLs  = 0.05000
