CascadeMinimizer.cc[188] : (in function: improveOnce) - Minimization configured with Type=Minuit2, Algo=Migrad, strategy=0, tolerance=0.1
CascadeMinimizer.cc[215] : (in function: improveOnce) - Minimization finished with status=0
CascadeMinimizer.cc[219] : (in function: improveOnce) - Minimization success! status=0
ToyMCSamplerOpt.cc[146] : (in function: generateAsimov) - Using internal logic for binned/unbinned Asimov dataset generation
ToyMCSamplerOpt.cc[214] : (in function: generateWithHisto) - Generating asimov with histogram for pdf pdf_binpass_LOW_obsOnly: in 3 x-bins
ToyMCSamplerOpt.cc[215] : (in function: generateWithHisto) -  , in 1 y-bins
ToyMCSamplerOpt.cc[146] : (in function: generateAsimov) - Using internal logic for binned/unbinned Asimov dataset generation
ToyMCSamplerOpt.cc[214] : (in function: generateWithHisto) - Generating asimov with histogram for pdf pdf_binpass_SIG_obsOnly: in 1 x-bins
ToyMCSamplerOpt.cc[215] : (in function: generateWithHisto) -  , in 1 y-bins
ToyMCSamplerOpt.cc[146] : (in function: generateAsimov) - Using internal logic for binned/unbinned Asimov dataset generation
ToyMCSamplerOpt.cc[214] : (in function: generateWithHisto) - Generating asimov with histogram for pdf pdf_binpass_HIGH_obsOnly: in 5 x-bins
ToyMCSamplerOpt.cc[215] : (in function: generateWithHisto) -  , in 1 y-bins
ToyMCSamplerOpt.cc[146] : (in function: generateAsimov) - Using internal logic for binned/unbinned Asimov dataset generation
ToyMCSamplerOpt.cc[214] : (in function: generateWithHisto) - Generating asimov with histogram for pdf pdf_binfail_LOW_obsOnly: in 3 x-bins
ToyMCSamplerOpt.cc[215] : (in function: generateWithHisto) -  , in 1 y-bins
ToyMCSamplerOpt.cc[146] : (in function: generateAsimov) - Using internal logic for binned/unbinned Asimov dataset generation
ToyMCSamplerOpt.cc[214] : (in function: generateWithHisto) - Generating asimov with histogram for pdf pdf_binfail_SIG_obsOnly: in 1 x-bins
ToyMCSamplerOpt.cc[215] : (in function: generateWithHisto) -  , in 1 y-bins
ToyMCSamplerOpt.cc[146] : (in function: generateAsimov) - Using internal logic for binned/unbinned Asimov dataset generation
ToyMCSamplerOpt.cc[214] : (in function: generateWithHisto) - Generating asimov with histogram for pdf pdf_binfail_HIGH_obsOnly: in 5 x-bins
ToyMCSamplerOpt.cc[215] : (in function: generateWithHisto) -  , in 1 y-bins
AsymptoticLimits.cc[415] : (in function: runLimitExpected) - [WARNING] Best fit of asimov dataset is at r = 0.129260 (0.006463 times rMax), while it should be at zero
AsymptoticLimits.cc[428] : (in function: runLimitExpected) - Median for expected limits = 40.125, Sigma for expected limits = 20.4723
AsymptoticLimits.cc[191] : (in function: runLimit) - NLL at global minimum of data = -17647.3 (r=0.113122)
AsymptoticLimits.cc[211] : (in function: runLimit) - NLL at global minimum of asimov = -17645 (r=0.118525)
AsymptoticLimits.cc[337] : (in function: getCLs) - At r = 5.957212:	q_mu = 0.15471	q_A  = 0.07829	Pmu = 0.33857	1-Pb  = 0.44569	CLs  = 0.75965
AsymptoticLimits.cc[337] : (in function: getCLs) - At r = 11.914424:	q_mu = 0.47548	q_A  = 0.31761	Pmu = 0.24083	1-Pb  = 0.44430	CLs  = 0.54204
AsymptoticLimits.cc[337] : (in function: getCLs) - At r = 23.828848:	q_mu = 1.63863	q_A  = 1.30662	Pmu = 0.09882	1-Pb  = 0.44227	CLs  = 0.22344
AsymptoticLimits.cc[337] : (in function: getCLs) - At r = 47.657696:	q_mu = 6.20261	q_A  = 5.48314	Pmu = 0.00629	1-Pb  = 0.43895	CLs  = 0.01434
AsymptoticLimits.cc[337] : (in function: getCLs) - At r = 23.885409:	q_mu = 1.64581	q_A  = 1.31298	Pmu = 0.09834	1-Pb  = 0.44226	CLs  = 0.22235
AsymptoticLimits.cc[337] : (in function: getCLs) - At r = 35.771552:	q_mu = 3.54124	q_A  = 3.02102	Pmu = 0.02953	1-Pb  = 0.44052	CLs  = 0.06703
AsymptoticLimits.cc[337] : (in function: getCLs) - At r = 41.714624:	q_mu = 4.77467	q_A  = 4.15600	Pmu = 0.01425	1-Pb  = 0.43970	CLs  = 0.03241
AsymptoticLimits.cc[337] : (in function: getCLs) - At r = 38.877806:	q_mu = 4.16173	q_A  = 3.59039	Pmu = 0.02040	1-Pb  = 0.44008	CLs  = 0.04635
AsymptoticLimits.cc[337] : (in function: getCLs) - At r = 37.746110:	q_mu = 3.92959	q_A  = 3.37691	Pmu = 0.02341	1-Pb  = 0.44023	CLs  = 0.05317
AsymptoticLimits.cc[337] : (in function: getCLs) - At r = 38.377584:	q_mu = 4.05824	q_A  = 3.49515	Pmu = 0.02169	1-Pb  = 0.44015	CLs  = 0.04927
AsymptoticLimits.cc[337] : (in function: getCLs) - At r = 38.153386:	q_mu = 4.01236	q_A  = 3.45298	Pmu = 0.02228	1-Pb  = 0.44018	CLs  = 0.05062
AsymptoticLimits.cc[337] : (in function: getCLs) - At r = 38.279981:	q_mu = 4.03822	q_A  = 3.47675	Pmu = 0.02194	1-Pb  = 0.44016	CLs  = 0.04985
AsymptoticLimits.cc[337] : (in function: getCLs) - At r = 38.235252:	q_mu = 4.02905	q_A  = 3.46832	Pmu = 0.02206	1-Pb  = 0.44017	CLs  = 0.05012
AsymptoticLimits.cc[337] : (in function: getCLs) - At r = 38.260639:	q_mu = 4.03424	q_A  = 3.47309	Pmu = 0.02200	1-Pb  = 0.44016	CLs  = 0.04997
AsymptoticLimits.cc[337] : (in function: getCLs) - At r = 38.251735:	q_mu = 4.03242	q_A  = 3.47141	Pmu = 0.02202	1-Pb  = 0.44016	CLs  = 0.05003
AsymptoticLimits.cc[337] : (in function: getCLs) - At r = 38.256818:	q_mu = 4.03346	q_A  = 3.47237	Pmu = 0.02201	1-Pb  = 0.44016	CLs  = 0.04999
AsymptoticLimits.cc[337] : (in function: getCLs) - At r = 38.255043:	q_mu = 4.03310	q_A  = 3.47203	Pmu = 0.02201	1-Pb  = 0.44016	CLs  = 0.05001
AsymptoticLimits.cc[337] : (in function: getCLs) - At r = 38.256062:	q_mu = 4.03330	q_A  = 3.47222	Pmu = 0.02201	1-Pb  = 0.44016	CLs  = 0.05000
AsymptoticLimits.cc[337] : (in function: getCLs) - At r = 38.255710:	q_mu = 4.03323	q_A  = 3.47216	Pmu = 0.02201	1-Pb  = 0.44016	CLs  = 0.05000
AsymptoticLimits.cc[337] : (in function: getCLs) - At r = 38.255915:	q_mu = 4.03327	q_A  = 3.47219	Pmu = 0.02201	1-Pb  = 0.44016	CLs  = 0.05000
