CascadeMinimizer.cc[188] : (in function: improveOnce) - Minimization configured with Type=Minuit2, Algo=Migrad, strategy=0, tolerance=0.1
CascadeMinimizer.cc[215] : (in function: improveOnce) - Minimization finished with status=0
CascadeMinimizer.cc[219] : (in function: improveOnce) - Minimization success! status=0
ToyMCSamplerOpt.cc[146] : (in function: generateAsimov) - Using internal logic for binned/unbinned Asimov dataset generation
ToyMCSamplerOpt.cc[214] : (in function: generateWithHisto) - Generating asimov with histogram for pdf pdf_binpass_LOW_obsOnly: in 2 x-bins
ToyMCSamplerOpt.cc[215] : (in function: generateWithHisto) -  , in 1 y-bins
ToyMCSamplerOpt.cc[146] : (in function: generateAsimov) - Using internal logic for binned/unbinned Asimov dataset generation
ToyMCSamplerOpt.cc[214] : (in function: generateWithHisto) - Generating asimov with histogram for pdf pdf_binpass_SIG_obsOnly: in 1 x-bins
ToyMCSamplerOpt.cc[215] : (in function: generateWithHisto) -  , in 1 y-bins
ToyMCSamplerOpt.cc[146] : (in function: generateAsimov) - Using internal logic for binned/unbinned Asimov dataset generation
ToyMCSamplerOpt.cc[214] : (in function: generateWithHisto) - Generating asimov with histogram for pdf pdf_binpass_HIGH_obsOnly: in 9 x-bins
ToyMCSamplerOpt.cc[215] : (in function: generateWithHisto) -  , in 1 y-bins
ToyMCSamplerOpt.cc[146] : (in function: generateAsimov) - Using internal logic for binned/unbinned Asimov dataset generation
ToyMCSamplerOpt.cc[214] : (in function: generateWithHisto) - Generating asimov with histogram for pdf pdf_binfail_LOW_obsOnly: in 2 x-bins
ToyMCSamplerOpt.cc[215] : (in function: generateWithHisto) -  , in 1 y-bins
ToyMCSamplerOpt.cc[146] : (in function: generateAsimov) - Using internal logic for binned/unbinned Asimov dataset generation
ToyMCSamplerOpt.cc[214] : (in function: generateWithHisto) - Generating asimov with histogram for pdf pdf_binfail_SIG_obsOnly: in 1 x-bins
ToyMCSamplerOpt.cc[215] : (in function: generateWithHisto) -  , in 1 y-bins
ToyMCSamplerOpt.cc[146] : (in function: generateAsimov) - Using internal logic for binned/unbinned Asimov dataset generation
ToyMCSamplerOpt.cc[214] : (in function: generateWithHisto) - Generating asimov with histogram for pdf pdf_binfail_HIGH_obsOnly: in 9 x-bins
ToyMCSamplerOpt.cc[215] : (in function: generateWithHisto) -  , in 1 y-bins
AsymptoticLimits.cc[428] : (in function: runLimitExpected) - Median for expected limits = 1.8125, Sigma for expected limits = 0.924762
AsymptoticLimits.cc[191] : (in function: runLimit) - NLL at global minimum of data = -813.139 (r=4.24646e-07)
AsymptoticLimits.cc[211] : (in function: runLimit) - NLL at global minimum of asimov = -812.6 (r=2.39377e-07)
AsymptoticLimits.cc[337] : (in function: getCLs) - At r = 1.265921:	q_mu = 2.78095	q_A  = 2.75096	Pmu = 0.04769	1-Pb  = 0.49639	CLs  = 0.09608
AsymptoticLimits.cc[337] : (in function: getCLs) - At r = 2.531842:	q_mu = 5.27916	q_A  = 5.21951	Pmu = 0.01079	1-Pb  = 0.49479	CLs  = 0.02181
AsymptoticLimits.cc[337] : (in function: getCLs) - At r = 1.265921:	q_mu = 2.78064	q_A  = 2.75091	Pmu = 0.04770	1-Pb  = 0.49642	CLs  = 0.09609
AsymptoticLimits.cc[337] : (in function: getCLs) - At r = 1.965213:	q_mu = 4.19014	q_A  = 4.14390	Pmu = 0.02033	1-Pb  = 0.49547	CLs  = 0.04103
AsymptoticLimits.cc[337] : (in function: getCLs) - At r = 1.695358:	q_mu = 3.65509	q_A  = 3.61533	Pmu = 0.02795	1-Pb  = 0.49583	CLs  = 0.05636
AsymptoticLimits.cc[337] : (in function: getCLs) - At r = 1.830780:	q_mu = 3.92480	q_A  = 3.88194	Pmu = 0.02379	1-Pb  = 0.49566	CLs  = 0.04799
AsymptoticLimits.cc[337] : (in function: getCLs) - At r = 1.776082:	q_mu = 3.81602	q_A  = 3.77458	Pmu = 0.02538	1-Pb  = 0.49575	CLs  = 0.05120
AsymptoticLimits.cc[337] : (in function: getCLs) - At r = 1.803035:	q_mu = 3.86945	q_A  = 3.82711	Pmu = 0.02458	1-Pb  = 0.49568	CLs  = 0.04960
AsymptoticLimits.cc[337] : (in function: getCLs) - At r = 1.792153:	q_mu = 3.84763	q_A  = 3.80569	Pmu = 0.02491	1-Pb  = 0.49571	CLs  = 0.05024
AsymptoticLimits.cc[337] : (in function: getCLs) - At r = 1.797600:	q_mu = 3.85545	q_A  = 3.81637	Pmu = 0.02479	1-Pb  = 0.49601	CLs  = 0.04998
AsymptoticLimits.cc[337] : (in function: getCLs) - At r = 1.796189:	q_mu = 3.85262	q_A  = 3.81359	Pmu = 0.02483	1-Pb  = 0.49601	CLs  = 0.05006
AsymptoticLimits.cc[337] : (in function: getCLs) - At r = 1.797057:	q_mu = 3.85447	q_A  = 3.81529	Pmu = 0.02481	1-Pb  = 0.49600	CLs  = 0.05001
AsymptoticLimits.cc[337] : (in function: getCLs) - At r = 1.797322:	q_mu = 3.85492	q_A  = 3.81581	Pmu = 0.02480	1-Pb  = 0.49601	CLs  = 0.05000
AsymptoticLimits.cc[337] : (in function: getCLs) - At r = 1.797221:	q_mu = 3.85470	q_A  = 3.81560	Pmu = 0.02480	1-Pb  = 0.49601	CLs  = 0.05000
AsymptoticLimits.cc[337] : (in function: getCLs) - At r = 1.797280:	q_mu = 3.85482	q_A  = 3.81572	Pmu = 0.02480	1-Pb  = 0.49601	CLs  = 0.05000
AsymptoticLimits.cc[337] : (in function: getCLs) - At r = 1.797263:	q_mu = 3.85480	q_A  = 3.81568	Pmu = 0.02480	1-Pb  = 0.49600	CLs  = 0.05000
AsymptoticLimits.cc[337] : (in function: getCLs) - At r = 1.797272:	q_mu = 3.85481	q_A  = 3.81569	Pmu = 0.02480	1-Pb  = 0.49601	CLs  = 0.05000
