CascadeMinimizer.cc[188] : (in function: improveOnce) - Minimization configured with Type=Minuit2, Algo=Migrad, strategy=0, tolerance=0.1
CascadeMinimizer.cc[215] : (in function: improveOnce) - Minimization finished with status=0
CascadeMinimizer.cc[219] : (in function: improveOnce) - Minimization success! status=0
ToyMCSamplerOpt.cc[146] : (in function: generateAsimov) - Using internal logic for binned/unbinned Asimov dataset generation
ToyMCSamplerOpt.cc[214] : (in function: generateWithHisto) - Generating asimov with histogram for pdf pdf_binpass_LOW_obsOnly: in 2 x-bins
ToyMCSamplerOpt.cc[215] : (in function: generateWithHisto) -  , in 1 y-bins
ToyMCSamplerOpt.cc[146] : (in function: generateAsimov) - Using internal logic for binned/unbinned Asimov dataset generation
ToyMCSamplerOpt.cc[214] : (in function: generateWithHisto) - Generating asimov with histogram for pdf pdf_binpass_SIG_obsOnly: in 1 x-bins
ToyMCSamplerOpt.cc[215] : (in function: generateWithHisto) -  , in 1 y-bins
ToyMCSamplerOpt.cc[146] : (in function: generateAsimov) - Using internal logic for binned/unbinned Asimov dataset generation
ToyMCSamplerOpt.cc[214] : (in function: generateWithHisto) - Generating asimov with histogram for pdf pdf_binpass_HIGH_obsOnly: in 9 x-bins
ToyMCSamplerOpt.cc[215] : (in function: generateWithHisto) -  , in 1 y-bins
ToyMCSamplerOpt.cc[146] : (in function: generateAsimov) - Using internal logic for binned/unbinned Asimov dataset generation
ToyMCSamplerOpt.cc[214] : (in function: generateWithHisto) - Generating asimov with histogram for pdf pdf_binfail_LOW_obsOnly: in 2 x-bins
ToyMCSamplerOpt.cc[215] : (in function: generateWithHisto) -  , in 1 y-bins
ToyMCSamplerOpt.cc[146] : (in function: generateAsimov) - Using internal logic for binned/unbinned Asimov dataset generation
ToyMCSamplerOpt.cc[214] : (in function: generateWithHisto) - Generating asimov with histogram for pdf pdf_binfail_SIG_obsOnly: in 1 x-bins
ToyMCSamplerOpt.cc[215] : (in function: generateWithHisto) -  , in 1 y-bins
ToyMCSamplerOpt.cc[146] : (in function: generateAsimov) - Using internal logic for binned/unbinned Asimov dataset generation
ToyMCSamplerOpt.cc[214] : (in function: generateWithHisto) - Generating asimov with histogram for pdf pdf_binfail_HIGH_obsOnly: in 9 x-bins
ToyMCSamplerOpt.cc[215] : (in function: generateWithHisto) -  , in 1 y-bins
AsymptoticLimits.cc[428] : (in function: runLimitExpected) - Median for expected limits = 3, Sigma for expected limits = 1.53064
AsymptoticLimits.cc[191] : (in function: runLimit) - NLL at global minimum of data = -812.178 (r=3.23391e-08)
AsymptoticLimits.cc[211] : (in function: runLimit) - NLL at global minimum of asimov = -811.638 (r=8.21406e-06)
AsymptoticLimits.cc[337] : (in function: getCLs) - At r = 2.111997:	q_mu = 2.83157	q_A  = 2.76433	Pmu = 0.04620	1-Pb  = 0.49193	CLs  = 0.09392
AsymptoticLimits.cc[337] : (in function: getCLs) - At r = 4.223994:	q_mu = 5.36611	q_A  = 5.24365	Pmu = 0.01026	1-Pb  = 0.48933	CLs  = 0.02097
AsymptoticLimits.cc[337] : (in function: getCLs) - At r = 2.111997:	q_mu = 2.83120	q_A  = 2.76420	Pmu = 0.04621	1-Pb  = 0.49196	CLs  = 0.09394
AsymptoticLimits.cc[337] : (in function: getCLs) - At r = 3.244936:	q_mu = 4.22215	q_A  = 4.12430	Pmu = 0.01994	1-Pb  = 0.49039	CLs  = 0.04067
AsymptoticLimits.cc[337] : (in function: getCLs) - At r = 2.794686:	q_mu = 3.67845	q_A  = 3.59263	Pmu = 0.02755	1-Pb  = 0.49097	CLs  = 0.05612
AsymptoticLimits.cc[337] : (in function: getCLs) - At r = 3.013837:	q_mu = 3.94442	q_A  = 3.85279	Pmu = 0.02351	1-Pb  = 0.49069	CLs  = 0.04790
AsymptoticLimits.cc[337] : (in function: getCLs) - At r = 2.922557:	q_mu = 3.83388	q_A  = 3.74471	Pmu = 0.02511	1-Pb  = 0.49081	CLs  = 0.05115
AsymptoticLimits.cc[337] : (in function: getCLs) - At r = 2.966151:	q_mu = 3.88654	q_A  = 3.79634	Pmu = 0.02433	1-Pb  = 0.49077	CLs  = 0.04957
AsymptoticLimits.cc[337] : (in function: getCLs) - At r = 2.947911:	q_mu = 3.86426	q_A  = 3.77472	Pmu = 0.02465	1-Pb  = 0.49081	CLs  = 0.05023
AsymptoticLimits.cc[337] : (in function: getCLs) - At r = 2.956697:	q_mu = 3.87082	q_A  = 3.78511	Pmu = 0.02456	1-Pb  = 0.49121	CLs  = 0.05000
AsymptoticLimits.cc[337] : (in function: getCLs) - At r = 2.954850:	q_mu = 3.86857	q_A  = 3.78291	Pmu = 0.02459	1-Pb  = 0.49121	CLs  = 0.05006
AsymptoticLimits.cc[337] : (in function: getCLs) - At r = 2.956261:	q_mu = 3.87028	q_A  = 3.78456	Pmu = 0.02457	1-Pb  = 0.49121	CLs  = 0.05001
AsymptoticLimits.cc[337] : (in function: getCLs) - At r = 2.956545:	q_mu = 3.87062	q_A  = 3.78489	Pmu = 0.02456	1-Pb  = 0.49121	CLs  = 0.05000
AsymptoticLimits.cc[337] : (in function: getCLs) - At r = 2.956607:	q_mu = 3.87070	q_A  = 3.78494	Pmu = 0.02456	1-Pb  = 0.49121	CLs  = 0.05000
AsymptoticLimits.cc[337] : (in function: getCLs) - At r = 2.956643:	q_mu = 3.87074	q_A  = 3.78497	Pmu = 0.02456	1-Pb  = 0.49121	CLs  = 0.05000
AsymptoticLimits.cc[337] : (in function: getCLs) - At r = 2.956632:	q_mu = 3.87073	q_A  = 3.78495	Pmu = 0.02456	1-Pb  = 0.49121	CLs  = 0.05000
AsymptoticLimits.cc[337] : (in function: getCLs) - At r = 2.956638:	q_mu = 3.87074	q_A  = 3.78494	Pmu = 0.02456	1-Pb  = 0.49120	CLs  = 0.05000
