CascadeMinimizer.cc[188] : (in function: improveOnce) - Minimization configured with Type=Minuit2, Algo=Migrad, strategy=0, tolerance=0.1
CascadeMinimizer.cc[215] : (in function: improveOnce) - Minimization finished with status=0
CascadeMinimizer.cc[219] : (in function: improveOnce) - Minimization success! status=0
ToyMCSamplerOpt.cc[146] : (in function: generateAsimov) - Using internal logic for binned/unbinned Asimov dataset generation
ToyMCSamplerOpt.cc[214] : (in function: generateWithHisto) - Generating asimov with histogram for pdf pdf_binpass_LOW_obsOnly: in 3 x-bins
ToyMCSamplerOpt.cc[215] : (in function: generateWithHisto) -  , in 1 y-bins
ToyMCSamplerOpt.cc[146] : (in function: generateAsimov) - Using internal logic for binned/unbinned Asimov dataset generation
ToyMCSamplerOpt.cc[214] : (in function: generateWithHisto) - Generating asimov with histogram for pdf pdf_binpass_SIG_obsOnly: in 1 x-bins
ToyMCSamplerOpt.cc[215] : (in function: generateWithHisto) -  , in 1 y-bins
ToyMCSamplerOpt.cc[146] : (in function: generateAsimov) - Using internal logic for binned/unbinned Asimov dataset generation
ToyMCSamplerOpt.cc[214] : (in function: generateWithHisto) - Generating asimov with histogram for pdf pdf_binpass_HIGH_obsOnly: in 3 x-bins
ToyMCSamplerOpt.cc[215] : (in function: generateWithHisto) -  , in 1 y-bins
ToyMCSamplerOpt.cc[146] : (in function: generateAsimov) - Using internal logic for binned/unbinned Asimov dataset generation
ToyMCSamplerOpt.cc[214] : (in function: generateWithHisto) - Generating asimov with histogram for pdf pdf_binfail_LOW_obsOnly: in 3 x-bins
ToyMCSamplerOpt.cc[215] : (in function: generateWithHisto) -  , in 1 y-bins
ToyMCSamplerOpt.cc[146] : (in function: generateAsimov) - Using internal logic for binned/unbinned Asimov dataset generation
ToyMCSamplerOpt.cc[214] : (in function: generateWithHisto) - Generating asimov with histogram for pdf pdf_binfail_SIG_obsOnly: in 1 x-bins
ToyMCSamplerOpt.cc[215] : (in function: generateWithHisto) -  , in 1 y-bins
ToyMCSamplerOpt.cc[146] : (in function: generateAsimov) - Using internal logic for binned/unbinned Asimov dataset generation
ToyMCSamplerOpt.cc[214] : (in function: generateWithHisto) - Generating asimov with histogram for pdf pdf_binfail_HIGH_obsOnly: in 3 x-bins
ToyMCSamplerOpt.cc[215] : (in function: generateWithHisto) -  , in 1 y-bins
AsymptoticLimits.cc[428] : (in function: runLimitExpected) - Median for expected limits = 0.476562, Sigma for expected limits = 0.243149
AsymptoticLimits.cc[191] : (in function: runLimit) - NLL at global minimum of data = -686.885 (r=2.01342e-08)
AsymptoticLimits.cc[211] : (in function: runLimit) - NLL at global minimum of asimov = -687.062 (r=1.06831e-05)
AsymptoticLimits.cc[337] : (in function: getCLs) - At r = 1.200000:	q_mu = 8.40085	q_A  = 8.29543	Pmu = 0.00187	1-Pb  = 0.49270	CLs  = 0.00381
AsymptoticLimits.cc[337] : (in function: getCLs) - At r = 0.600000:	q_mu = 4.74348	q_A  = 4.67998	Pmu = 0.01470	1-Pb  = 0.49414	CLs  = 0.02975
AsymptoticLimits.cc[337] : (in function: getCLs) - At r = 0.300000:	q_mu = 2.56136	q_A  = 2.53073	Pmu = 0.05475	1-Pb  = 0.49616	CLs  = 0.11035
AsymptoticLimits.cc[337] : (in function: getCLs) - At r = 0.444953:	q_mu = 3.65396	q_A  = 3.60762	Pmu = 0.02797	1-Pb  = 0.49513	CLs  = 0.05648
AsymptoticLimits.cc[337] : (in function: getCLs) - At r = 0.499549:	q_mu = 4.04624	q_A  = 3.99383	Pmu = 0.02213	1-Pb  = 0.49477	CLs  = 0.04473
AsymptoticLimits.cc[337] : (in function: getCLs) - At r = 0.467782:	q_mu = 3.81919	q_A  = 3.77029	Pmu = 0.02533	1-Pb  = 0.49498	CLs  = 0.05118
AsymptoticLimits.cc[337] : (in function: getCLs) - At r = 0.478533:	q_mu = 3.89639	q_A  = 3.84631	Pmu = 0.02419	1-Pb  = 0.49491	CLs  = 0.04888
AsymptoticLimits.cc[337] : (in function: getCLs) - At r = 0.472148:	q_mu = 3.85058	q_A  = 3.80122	Pmu = 0.02486	1-Pb  = 0.49495	CLs  = 0.05023
AsymptoticLimits.cc[337] : (in function: getCLs) - At r = 0.474292:	q_mu = 3.86599	q_A  = 3.81636	Pmu = 0.02463	1-Pb  = 0.49493	CLs  = 0.04977
AsymptoticLimits.cc[337] : (in function: getCLs) - At r = 0.473013:	q_mu = 3.85680	q_A  = 3.80732	Pmu = 0.02477	1-Pb  = 0.49494	CLs  = 0.05005
AsymptoticLimits.cc[337] : (in function: getCLs) - At r = 0.473442:	q_mu = 3.85988	q_A  = 3.81036	Pmu = 0.02472	1-Pb  = 0.49494	CLs  = 0.04995
AsymptoticLimits.cc[337] : (in function: getCLs) - At r = 0.473186:	q_mu = 3.85804	q_A  = 3.80855	Pmu = 0.02475	1-Pb  = 0.49494	CLs  = 0.05001
AsymptoticLimits.cc[337] : (in function: getCLs) - At r = 0.473272:	q_mu = 3.85866	q_A  = 3.80915	Pmu = 0.02474	1-Pb  = 0.49494	CLs  = 0.04999
AsymptoticLimits.cc[337] : (in function: getCLs) - At r = 0.473221:	q_mu = 3.85829	q_A  = 3.80879	Pmu = 0.02475	1-Pb  = 0.49494	CLs  = 0.05000
AsymptoticLimits.cc[337] : (in function: getCLs) - At r = 0.473238:	q_mu = 3.85842	q_A  = 3.80891	Pmu = 0.02475	1-Pb  = 0.49494	CLs  = 0.05000
AsymptoticLimits.cc[337] : (in function: getCLs) - At r = 0.473228:	q_mu = 3.85834	q_A  = 3.80884	Pmu = 0.02475	1-Pb  = 0.49494	CLs  = 0.05000
AsymptoticLimits.cc[337] : (in function: getCLs) - At r = 0.473231:	q_mu = 3.85837	q_A  = 3.80886	Pmu = 0.02475	1-Pb  = 0.49494	CLs  = 0.05000
AsymptoticLimits.cc[337] : (in function: getCLs) - At r = 0.473229:	q_mu = 3.85835	q_A  = 3.80885	Pmu = 0.02475	1-Pb  = 0.49494	CLs  = 0.05000
