CascadeMinimizer.cc[188] : (in function: improveOnce) - Minimization configured with Type=Minuit2, Algo=Migrad, strategy=0, tolerance=0.1
CascadeMinimizer.cc[215] : (in function: improveOnce) - Minimization finished with status=0
CascadeMinimizer.cc[219] : (in function: improveOnce) - Minimization success! status=0
ToyMCSamplerOpt.cc[146] : (in function: generateAsimov) - Using internal logic for binned/unbinned Asimov dataset generation
ToyMCSamplerOpt.cc[214] : (in function: generateWithHisto) - Generating asimov with histogram for pdf pdf_binpass_LOW_obsOnly: in 2 x-bins
ToyMCSamplerOpt.cc[215] : (in function: generateWithHisto) -  , in 1 y-bins
ToyMCSamplerOpt.cc[146] : (in function: generateAsimov) - Using internal logic for binned/unbinned Asimov dataset generation
ToyMCSamplerOpt.cc[214] : (in function: generateWithHisto) - Generating asimov with histogram for pdf pdf_binpass_SIG_obsOnly: in 1 x-bins
ToyMCSamplerOpt.cc[215] : (in function: generateWithHisto) -  , in 1 y-bins
ToyMCSamplerOpt.cc[146] : (in function: generateAsimov) - Using internal logic for binned/unbinned Asimov dataset generation
ToyMCSamplerOpt.cc[214] : (in function: generateWithHisto) - Generating asimov with histogram for pdf pdf_binpass_HIGH_obsOnly: in 9 x-bins
ToyMCSamplerOpt.cc[215] : (in function: generateWithHisto) -  , in 1 y-bins
ToyMCSamplerOpt.cc[146] : (in function: generateAsimov) - Using internal logic for binned/unbinned Asimov dataset generation
ToyMCSamplerOpt.cc[214] : (in function: generateWithHisto) - Generating asimov with histogram for pdf pdf_binfail_LOW_obsOnly: in 2 x-bins
ToyMCSamplerOpt.cc[215] : (in function: generateWithHisto) -  , in 1 y-bins
ToyMCSamplerOpt.cc[146] : (in function: generateAsimov) - Using internal logic for binned/unbinned Asimov dataset generation
ToyMCSamplerOpt.cc[214] : (in function: generateWithHisto) - Generating asimov with histogram for pdf pdf_binfail_SIG_obsOnly: in 1 x-bins
ToyMCSamplerOpt.cc[215] : (in function: generateWithHisto) -  , in 1 y-bins
ToyMCSamplerOpt.cc[146] : (in function: generateAsimov) - Using internal logic for binned/unbinned Asimov dataset generation
ToyMCSamplerOpt.cc[214] : (in function: generateWithHisto) - Generating asimov with histogram for pdf pdf_binfail_HIGH_obsOnly: in 9 x-bins
ToyMCSamplerOpt.cc[215] : (in function: generateWithHisto) -  , in 1 y-bins
AsymptoticLimits.cc[428] : (in function: runLimitExpected) - Median for expected limits = 0.558594, Sigma for expected limits = 0.285002
AsymptoticLimits.cc[191] : (in function: runLimit) - NLL at global minimum of data = -818.674 (r=9.47781e-10)
AsymptoticLimits.cc[211] : (in function: runLimit) - NLL at global minimum of asimov = -818.12 (r=2.4723e-06)
AsymptoticLimits.cc[337] : (in function: getCLs) - At r = 1.200000:	q_mu = 7.80019	q_A  = 7.64684	Pmu = 0.00261	1-Pb  = 0.48894	CLs  = 0.00534
AsymptoticLimits.cc[337] : (in function: getCLs) - At r = 0.600000:	q_mu = 4.20755	q_A  = 4.10969	Pmu = 0.02012	1-Pb  = 0.49037	CLs  = 0.04102
AsymptoticLimits.cc[337] : (in function: getCLs) - At r = 0.300000:	q_mu = 2.20121	q_A  = 2.14503	Pmu = 0.06893	1-Pb  = 0.49235	CLs  = 0.14001
AsymptoticLimits.cc[337] : (in function: getCLs) - At r = 0.501302:	q_mu = 3.56496	q_A  = 3.47958	Pmu = 0.02950	1-Pb  = 0.49087	CLs  = 0.06009
AsymptoticLimits.cc[337] : (in function: getCLs) - At r = 0.559059:	q_mu = 3.94274	q_A  = 3.85010	Pmu = 0.02353	1-Pb  = 0.49058	CLs  = 0.04796
AsymptoticLimits.cc[337] : (in function: getCLs) - At r = 0.538977:	q_mu = 3.81194	q_A  = 3.72183	Pmu = 0.02544	1-Pb  = 0.49068	CLs  = 0.05184
AsymptoticLimits.cc[337] : (in function: getCLs) - At r = 0.550455:	q_mu = 3.88660	q_A  = 3.79517	Pmu = 0.02433	1-Pb  = 0.49064	CLs  = 0.04959
AsymptoticLimits.cc[337] : (in function: getCLs) - At r = 0.546438:	q_mu = 3.85598	q_A  = 3.76949	Pmu = 0.02478	1-Pb  = 0.49111	CLs  = 0.05045
AsymptoticLimits.cc[337] : (in function: getCLs) - At r = 0.548104:	q_mu = 3.86680	q_A  = 3.78011	Pmu = 0.02462	1-Pb  = 0.49111	CLs  = 0.05013
AsymptoticLimits.cc[337] : (in function: getCLs) - At r = 0.549015:	q_mu = 3.87272	q_A  = 3.78590	Pmu = 0.02453	1-Pb  = 0.49110	CLs  = 0.04995
AsymptoticLimits.cc[337] : (in function: getCLs) - At r = 0.548631:	q_mu = 3.87022	q_A  = 3.78343	Pmu = 0.02457	1-Pb  = 0.49110	CLs  = 0.05003
AsymptoticLimits.cc[337] : (in function: getCLs) - At r = 0.548815:	q_mu = 3.87152	q_A  = 3.78457	Pmu = 0.02455	1-Pb  = 0.49109	CLs  = 0.04999
AsymptoticLimits.cc[337] : (in function: getCLs) - At r = 0.548733:	q_mu = 3.87089	q_A  = 3.78403	Pmu = 0.02456	1-Pb  = 0.49109	CLs  = 0.05001
AsymptoticLimits.cc[337] : (in function: getCLs) - At r = 0.548773:	q_mu = 3.87114	q_A  = 3.78426	Pmu = 0.02455	1-Pb  = 0.49109	CLs  = 0.05000
AsymptoticLimits.cc[337] : (in function: getCLs) - At r = 0.548762:	q_mu = 3.87107	q_A  = 3.78417	Pmu = 0.02456	1-Pb  = 0.49109	CLs  = 0.05000
AsymptoticLimits.cc[337] : (in function: getCLs) - At r = 0.548768:	q_mu = 3.87111	q_A  = 3.78418	Pmu = 0.02455	1-Pb  = 0.49109	CLs  = 0.05000
AsymptoticLimits.cc[337] : (in function: getCLs) - At r = 0.548771:	q_mu = 3.87113	q_A  = 3.78418	Pmu = 0.02455	1-Pb  = 0.49109	CLs  = 0.05000
