CascadeMinimizer.cc[188] : (in function: improveOnce) - Minimization configured with Type=Minuit2, Algo=Migrad, strategy=0, tolerance=0.1
CascadeMinimizer.cc[215] : (in function: improveOnce) - Minimization finished with status=0
CascadeMinimizer.cc[219] : (in function: improveOnce) - Minimization success! status=0
ToyMCSamplerOpt.cc[146] : (in function: generateAsimov) - Using internal logic for binned/unbinned Asimov dataset generation
ToyMCSamplerOpt.cc[214] : (in function: generateWithHisto) - Generating asimov with histogram for pdf pdf_binpass_LOW_obsOnly: in 2 x-bins
ToyMCSamplerOpt.cc[215] : (in function: generateWithHisto) -  , in 1 y-bins
ToyMCSamplerOpt.cc[146] : (in function: generateAsimov) - Using internal logic for binned/unbinned Asimov dataset generation
ToyMCSamplerOpt.cc[214] : (in function: generateWithHisto) - Generating asimov with histogram for pdf pdf_binpass_SIG_obsOnly: in 1 x-bins
ToyMCSamplerOpt.cc[215] : (in function: generateWithHisto) -  , in 1 y-bins
ToyMCSamplerOpt.cc[146] : (in function: generateAsimov) - Using internal logic for binned/unbinned Asimov dataset generation
ToyMCSamplerOpt.cc[214] : (in function: generateWithHisto) - Generating asimov with histogram for pdf pdf_binpass_HIGH_obsOnly: in 9 x-bins
ToyMCSamplerOpt.cc[215] : (in function: generateWithHisto) -  , in 1 y-bins
ToyMCSamplerOpt.cc[146] : (in function: generateAsimov) - Using internal logic for binned/unbinned Asimov dataset generation
ToyMCSamplerOpt.cc[214] : (in function: generateWithHisto) - Generating asimov with histogram for pdf pdf_binfail_LOW_obsOnly: in 2 x-bins
ToyMCSamplerOpt.cc[215] : (in function: generateWithHisto) -  , in 1 y-bins
ToyMCSamplerOpt.cc[146] : (in function: generateAsimov) - Using internal logic for binned/unbinned Asimov dataset generation
ToyMCSamplerOpt.cc[214] : (in function: generateWithHisto) - Generating asimov with histogram for pdf pdf_binfail_SIG_obsOnly: in 1 x-bins
ToyMCSamplerOpt.cc[215] : (in function: generateWithHisto) -  , in 1 y-bins
ToyMCSamplerOpt.cc[146] : (in function: generateAsimov) - Using internal logic for binned/unbinned Asimov dataset generation
ToyMCSamplerOpt.cc[214] : (in function: generateWithHisto) - Generating asimov with histogram for pdf pdf_binfail_HIGH_obsOnly: in 9 x-bins
ToyMCSamplerOpt.cc[215] : (in function: generateWithHisto) -  , in 1 y-bins
AsymptoticLimits.cc[428] : (in function: runLimitExpected) - Median for expected limits = 0.448242, Sigma for expected limits = 0.228699
AsymptoticLimits.cc[191] : (in function: runLimit) - NLL at global minimum of data = -836.931 (r=0.435098)
AsymptoticLimits.cc[211] : (in function: runLimit) - NLL at global minimum of asimov = -836.761 (r=6.30507e-06)
AsymptoticLimits.cc[337] : (in function: getCLs) - At r = 1.635098:	q_mu = 10.79575	q_A  = 22.78513	Pmu = 0.00051	1-Pb  = 0.93158	CLs  = 0.00055
AsymptoticLimits.cc[337] : (in function: getCLs) - At r = 1.035098:	q_mu = 3.86062	q_A  = 12.89832	Pmu = 0.02472	1-Pb  = 0.94809	CLs  = 0.02607
AsymptoticLimits.cc[337] : (in function: getCLs) - At r = 0.735098:	q_mu = 1.19286	q_A  = 8.06191	Pmu = 0.13738	1-Pb  = 0.95970	CLs  = 0.14315
AsymptoticLimits.cc[337] : (in function: getCLs) - At r = 0.883323:	q_mu = 2.38081	q_A  = 10.41940	Pmu = 0.06142	1-Pb  = 0.95400	CLs  = 0.06438
AsymptoticLimits.cc[337] : (in function: getCLs) - At r = 0.947626:	q_mu = 2.97705	q_A  = 11.46250	Pmu = 0.04223	1-Pb  = 0.95156	CLs  = 0.04438
AsymptoticLimits.cc[337] : (in function: getCLs) - At r = 0.918268:	q_mu = 2.69943	q_A  = 10.98491	Pmu = 0.05019	1-Pb  = 0.95267	CLs  = 0.05269
AsymptoticLimits.cc[337] : (in function: getCLs) - At r = 0.931298:	q_mu = 2.82139	q_A  = 11.19635	Pmu = 0.04651	1-Pb  = 0.95218	CLs  = 0.04884
AsymptoticLimits.cc[337] : (in function: getCLs) - At r = 0.925471:	q_mu = 2.76645	q_A  = 11.10153	Pmu = 0.04813	1-Pb  = 0.95240	CLs  = 0.05053
AsymptoticLimits.cc[337] : (in function: getCLs) - At r = 0.928094:	q_mu = 2.77852	q_A  = 11.14403	Pmu = 0.04777	1-Pb  = 0.95268	CLs  = 0.05014
AsymptoticLimits.cc[337] : (in function: getCLs) - At r = 0.929010:	q_mu = 2.78701	q_A  = 11.15440	Pmu = 0.04752	1-Pb  = 0.95258	CLs  = 0.04988
AsymptoticLimits.cc[337] : (in function: getCLs) - At r = 0.928491:	q_mu = 2.78218	q_A  = 11.14598	Pmu = 0.04766	1-Pb  = 0.95260	CLs  = 0.05003
AsymptoticLimits.cc[337] : (in function: getCLs) - At r = 0.928680:	q_mu = 2.78394	q_A  = 11.14904	Pmu = 0.04761	1-Pb  = 0.95259	CLs  = 0.04998
AsymptoticLimits.cc[337] : (in function: getCLs) - At r = 0.928576:	q_mu = 2.78297	q_A  = 11.14735	Pmu = 0.04764	1-Pb  = 0.95259	CLs  = 0.05001
AsymptoticLimits.cc[337] : (in function: getCLs) - At r = 0.928614:	q_mu = 2.78337	q_A  = 11.14797	Pmu = 0.04762	1-Pb  = 0.95259	CLs  = 0.04999
AsymptoticLimits.cc[337] : (in function: getCLs) - At r = 0.928591:	q_mu = 2.78312	q_A  = 11.14760	Pmu = 0.04763	1-Pb  = 0.95259	CLs  = 0.05000
AsymptoticLimits.cc[337] : (in function: getCLs) - At r = 0.928600:	q_mu = 2.78319	q_A  = 11.14775	Pmu = 0.04763	1-Pb  = 0.95259	CLs  = 0.05000
AsymptoticLimits.cc[337] : (in function: getCLs) - At r = 0.928596:	q_mu = 2.78316	q_A  = 11.14768	Pmu = 0.04763	1-Pb  = 0.95259	CLs  = 0.05000
