CascadeMinimizer.cc[188] : (in function: improveOnce) - Minimization configured with Type=Minuit2, Algo=Migrad, strategy=0, tolerance=0.1
CascadeMinimizer.cc[215] : (in function: improveOnce) - Minimization finished with status=0
CascadeMinimizer.cc[219] : (in function: improveOnce) - Minimization success! status=0
ToyMCSamplerOpt.cc[146] : (in function: generateAsimov) - Using internal logic for binned/unbinned Asimov dataset generation
ToyMCSamplerOpt.cc[214] : (in function: generateWithHisto) - Generating asimov with histogram for pdf pdf_binpass_LOW_obsOnly: in 4 x-bins
ToyMCSamplerOpt.cc[215] : (in function: generateWithHisto) -  , in 1 y-bins
ToyMCSamplerOpt.cc[146] : (in function: generateAsimov) - Using internal logic for binned/unbinned Asimov dataset generation
ToyMCSamplerOpt.cc[214] : (in function: generateWithHisto) - Generating asimov with histogram for pdf pdf_binpass_SIG_obsOnly: in 3 x-bins
ToyMCSamplerOpt.cc[215] : (in function: generateWithHisto) -  , in 1 y-bins
ToyMCSamplerOpt.cc[146] : (in function: generateAsimov) - Using internal logic for binned/unbinned Asimov dataset generation
ToyMCSamplerOpt.cc[214] : (in function: generateWithHisto) - Generating asimov with histogram for pdf pdf_binpass_HIGH_obsOnly: in 7 x-bins
ToyMCSamplerOpt.cc[215] : (in function: generateWithHisto) -  , in 1 y-bins
ToyMCSamplerOpt.cc[146] : (in function: generateAsimov) - Using internal logic for binned/unbinned Asimov dataset generation
ToyMCSamplerOpt.cc[214] : (in function: generateWithHisto) - Generating asimov with histogram for pdf pdf_binfail_LOW_obsOnly: in 4 x-bins
ToyMCSamplerOpt.cc[215] : (in function: generateWithHisto) -  , in 1 y-bins
ToyMCSamplerOpt.cc[146] : (in function: generateAsimov) - Using internal logic for binned/unbinned Asimov dataset generation
ToyMCSamplerOpt.cc[214] : (in function: generateWithHisto) - Generating asimov with histogram for pdf pdf_binfail_SIG_obsOnly: in 3 x-bins
ToyMCSamplerOpt.cc[215] : (in function: generateWithHisto) -  , in 1 y-bins
ToyMCSamplerOpt.cc[146] : (in function: generateAsimov) - Using internal logic for binned/unbinned Asimov dataset generation
ToyMCSamplerOpt.cc[214] : (in function: generateWithHisto) - Generating asimov with histogram for pdf pdf_binfail_HIGH_obsOnly: in 7 x-bins
ToyMCSamplerOpt.cc[215] : (in function: generateWithHisto) -  , in 1 y-bins
AsymptoticLimits.cc[428] : (in function: runLimitExpected) - Median for expected limits = 1.41406, Sigma for expected limits = 0.721474
AsymptoticLimits.cc[191] : (in function: runLimit) - NLL at global minimum of data = -11145.7 (r=1.65203)
AsymptoticLimits.cc[211] : (in function: runLimit) - NLL at global minimum of asimov = -11140.8 (r=0.0051718)
AsymptoticLimits.cc[337] : (in function: getCLs) - At r = 4.083225:	q_mu = 3.81503	q_A  = 13.12935	Pmu = 0.02540	1-Pb  = 0.95256	CLs  = 0.02666
AsymptoticLimits.cc[337] : (in function: getCLs) - At r = 2.867625:	q_mu = 1.40829	q_A  = 9.07119	Pmu = 0.11767	1-Pb  = 0.96601	CLs  = 0.12181
AsymptoticLimits.cc[337] : (in function: getCLs) - At r = 3.437612:	q_mu = 2.45397	q_A  = 11.01500	Pmu = 0.05861	1-Pb  = 0.96014	CLs  = 0.06105
AsymptoticLimits.cc[337] : (in function: getCLs) - At r = 3.691195:	q_mu = 2.93270	q_A  = 11.85431	Pmu = 0.04340	1-Pb  = 0.95823	CLs  = 0.04529
AsymptoticLimits.cc[337] : (in function: getCLs) - At r = 3.573283:	q_mu = 2.70580	q_A  = 11.46593	Pmu = 0.04999	1-Pb  = 0.95918	CLs  = 0.05212
AsymptoticLimits.cc[337] : (in function: getCLs) - At r = 3.624764:	q_mu = 2.80451	q_A  = 11.63589	Pmu = 0.04700	1-Pb  = 0.95876	CLs  = 0.04902
AsymptoticLimits.cc[337] : (in function: getCLs) - At r = 3.601186:	q_mu = 2.75923	q_A  = 11.55812	Pmu = 0.04835	1-Pb  = 0.95895	CLs  = 0.05042
AsymptoticLimits.cc[337] : (in function: getCLs) - At r = 3.611483:	q_mu = 2.77898	q_A  = 11.59208	Pmu = 0.04775	1-Pb  = 0.95887	CLs  = 0.04980
AsymptoticLimits.cc[337] : (in function: getCLs) - At r = 3.606770:	q_mu = 2.76993	q_A  = 11.57653	Pmu = 0.04803	1-Pb  = 0.95891	CLs  = 0.05008
AsymptoticLimits.cc[337] : (in function: getCLs) - At r = 3.608832:	q_mu = 2.77389	q_A  = 11.58333	Pmu = 0.04791	1-Pb  = 0.95889	CLs  = 0.04996
AsymptoticLimits.cc[337] : (in function: getCLs) - At r = 3.607890:	q_mu = 2.77208	q_A  = 11.58023	Pmu = 0.04796	1-Pb  = 0.95890	CLs  = 0.05002
AsymptoticLimits.cc[337] : (in function: getCLs) - At r = 3.608303:	q_mu = 2.77287	q_A  = 11.58159	Pmu = 0.04794	1-Pb  = 0.95889	CLs  = 0.04999
AsymptoticLimits.cc[337] : (in function: getCLs) - At r = 3.608114:	q_mu = 2.77251	q_A  = 11.58097	Pmu = 0.04795	1-Pb  = 0.95889	CLs  = 0.05000
AsymptoticLimits.cc[337] : (in function: getCLs) - At r = 3.608197:	q_mu = 2.77267	q_A  = 11.58124	Pmu = 0.04794	1-Pb  = 0.95889	CLs  = 0.05000
AsymptoticLimits.cc[337] : (in function: getCLs) - At r = 3.608159:	q_mu = 2.77259	q_A  = 11.58111	Pmu = 0.04795	1-Pb  = 0.95889	CLs  = 0.05000
AsymptoticLimits.cc[337] : (in function: getCLs) - At r = 3.608176:	q_mu = 2.77289	q_A  = 11.58117	Pmu = 0.04794	1-Pb  = 0.95889	CLs  = 0.04999
AsymptoticLimits.cc[337] : (in function: getCLs) - At r = 3.608164:	q_mu = 2.77273	q_A  = 11.58113	Pmu = 0.04794	1-Pb  = 0.95889	CLs  = 0.05000
