CascadeMinimizer.cc[188] : (in function: improveOnce) - Minimization configured with Type=Minuit2, Algo=Migrad, strategy=0, tolerance=0.1
CascadeMinimizer.cc[215] : (in function: improveOnce) - Minimization finished with status=0
CascadeMinimizer.cc[219] : (in function: improveOnce) - Minimization success! status=0
ToyMCSamplerOpt.cc[146] : (in function: generateAsimov) - Using internal logic for binned/unbinned Asimov dataset generation
ToyMCSamplerOpt.cc[214] : (in function: generateWithHisto) - Generating asimov with histogram for pdf pdf_binpass_LOW_obsOnly: in 3 x-bins
ToyMCSamplerOpt.cc[215] : (in function: generateWithHisto) -  , in 1 y-bins
ToyMCSamplerOpt.cc[146] : (in function: generateAsimov) - Using internal logic for binned/unbinned Asimov dataset generation
ToyMCSamplerOpt.cc[214] : (in function: generateWithHisto) - Generating asimov with histogram for pdf pdf_binpass_SIG_obsOnly: in 1 x-bins
ToyMCSamplerOpt.cc[215] : (in function: generateWithHisto) -  , in 1 y-bins
ToyMCSamplerOpt.cc[146] : (in function: generateAsimov) - Using internal logic for binned/unbinned Asimov dataset generation
ToyMCSamplerOpt.cc[214] : (in function: generateWithHisto) - Generating asimov with histogram for pdf pdf_binpass_HIGH_obsOnly: in 3 x-bins
ToyMCSamplerOpt.cc[215] : (in function: generateWithHisto) -  , in 1 y-bins
ToyMCSamplerOpt.cc[146] : (in function: generateAsimov) - Using internal logic for binned/unbinned Asimov dataset generation
ToyMCSamplerOpt.cc[214] : (in function: generateWithHisto) - Generating asimov with histogram for pdf pdf_binfail_LOW_obsOnly: in 3 x-bins
ToyMCSamplerOpt.cc[215] : (in function: generateWithHisto) -  , in 1 y-bins
ToyMCSamplerOpt.cc[146] : (in function: generateAsimov) - Using internal logic for binned/unbinned Asimov dataset generation
ToyMCSamplerOpt.cc[214] : (in function: generateWithHisto) - Generating asimov with histogram for pdf pdf_binfail_SIG_obsOnly: in 1 x-bins
ToyMCSamplerOpt.cc[215] : (in function: generateWithHisto) -  , in 1 y-bins
ToyMCSamplerOpt.cc[146] : (in function: generateAsimov) - Using internal logic for binned/unbinned Asimov dataset generation
ToyMCSamplerOpt.cc[214] : (in function: generateWithHisto) - Generating asimov with histogram for pdf pdf_binfail_HIGH_obsOnly: in 3 x-bins
ToyMCSamplerOpt.cc[215] : (in function: generateWithHisto) -  , in 1 y-bins
AsymptoticLimits.cc[428] : (in function: runLimitExpected) - Median for expected limits = 0.455078, Sigma for expected limits = 0.232187
AsymptoticLimits.cc[191] : (in function: runLimit) - NLL at global minimum of data = -8443.32 (r=1.3815e-07)
AsymptoticLimits.cc[211] : (in function: runLimit) - NLL at global minimum of asimov = -8443.21 (r=1.20173e-06)
AsymptoticLimits.cc[337] : (in function: getCLs) - At r = 1.200000:	q_mu = 16.03052	q_A  = 10.47547	Pmu = 0.00002	1-Pb  = 0.19540	CLs  = 0.00011
AsymptoticLimits.cc[337] : (in function: getCLs) - At r = 0.600000:	q_mu = 9.57378	q_A  = 5.23666	Pmu = 0.00061	1-Pb  = 0.17166	CLs  = 0.00353
AsymptoticLimits.cc[337] : (in function: getCLs) - At r = 0.300000:	q_mu = 5.42149	q_A  = 2.29920	Pmu = 0.00545	1-Pb  = 0.15161	CLs  = 0.03595
AsymptoticLimits.cc[337] : (in function: getCLs) - At r = 0.150000:	q_mu = 2.93553	q_A  = 0.88850	Pmu = 0.02126	1-Pb  = 0.13877	CLs  = 0.15318
AsymptoticLimits.cc[337] : (in function: getCLs) - At r = 0.225000:	q_mu = 4.22293	q_A  = 1.57077	Pmu = 0.01041	1-Pb  = 0.14501	CLs  = 0.07176
AsymptoticLimits.cc[337] : (in function: getCLs) - At r = 0.256363:	q_mu = 4.73401	q_A  = 1.87155	Pmu = 0.00788	1-Pb  = 0.14774	CLs  = 0.05337
AsymptoticLimits.cc[337] : (in function: getCLs) - At r = 0.270848:	q_mu = 4.96511	q_A  = 2.01260	Pmu = 0.00696	1-Pb  = 0.14903	CLs  = 0.04671
AsymptoticLimits.cc[337] : (in function: getCLs) - At r = 0.264927:	q_mu = 4.87100	q_A  = 1.95475	Pmu = 0.00732	1-Pb  = 0.14849	CLs  = 0.04931
AsymptoticLimits.cc[337] : (in function: getCLs) - At r = 0.262013:	q_mu = 4.82449	q_A  = 1.92636	Pmu = 0.00751	1-Pb  = 0.14823	CLs  = 0.05065
AsymptoticLimits.cc[337] : (in function: getCLs) - At r = 0.263723:	q_mu = 4.85179	q_A  = 1.94301	Pmu = 0.00740	1-Pb  = 0.14839	CLs  = 0.04986
AsymptoticLimits.cc[337] : (in function: getCLs) - At r = 0.263139:	q_mu = 4.84247	q_A  = 1.93732	Pmu = 0.00744	1-Pb  = 0.14833	CLs  = 0.05013
AsymptoticLimits.cc[337] : (in function: getCLs) - At r = 0.263481:	q_mu = 4.84793	q_A  = 1.94066	Pmu = 0.00741	1-Pb  = 0.14836	CLs  = 0.04997
AsymptoticLimits.cc[337] : (in function: getCLs) - At r = 0.263364:	q_mu = 4.84607	q_A  = 1.93952	Pmu = 0.00742	1-Pb  = 0.14835	CLs  = 0.05003
AsymptoticLimits.cc[337] : (in function: getCLs) - At r = 0.263433:	q_mu = 4.84716	q_A  = 1.94019	Pmu = 0.00742	1-Pb  = 0.14836	CLs  = 0.04999
AsymptoticLimits.cc[337] : (in function: getCLs) - At r = 0.263409:	q_mu = 4.84678	q_A  = 1.93996	Pmu = 0.00742	1-Pb  = 0.14836	CLs  = 0.05001
AsymptoticLimits.cc[337] : (in function: getCLs) - At r = 0.263423:	q_mu = 4.84700	q_A  = 1.94009	Pmu = 0.00742	1-Pb  = 0.14836	CLs  = 0.05000
AsymptoticLimits.cc[337] : (in function: getCLs) - At r = 0.263418:	q_mu = 4.84693	q_A  = 1.94005	Pmu = 0.00742	1-Pb  = 0.14836	CLs  = 0.05000
AsymptoticLimits.cc[337] : (in function: getCLs) - At r = 0.263421:	q_mu = 4.84697	q_A  = 1.94007	Pmu = 0.00742	1-Pb  = 0.14836	CLs  = 0.05000
