CascadeMinimizer.cc[188] : (in function: improveOnce) - Minimization configured with Type=Minuit2, Algo=Migrad, strategy=0, tolerance=0.1
CascadeMinimizer.cc[215] : (in function: improveOnce) - Minimization finished with status=0
CascadeMinimizer.cc[219] : (in function: improveOnce) - Minimization success! status=0
ToyMCSamplerOpt.cc[146] : (in function: generateAsimov) - Using internal logic for binned/unbinned Asimov dataset generation
ToyMCSamplerOpt.cc[214] : (in function: generateWithHisto) - Generating asimov with histogram for pdf pdf_binpass_LOW_obsOnly: in 3 x-bins
ToyMCSamplerOpt.cc[215] : (in function: generateWithHisto) -  , in 1 y-bins
ToyMCSamplerOpt.cc[146] : (in function: generateAsimov) - Using internal logic for binned/unbinned Asimov dataset generation
ToyMCSamplerOpt.cc[214] : (in function: generateWithHisto) - Generating asimov with histogram for pdf pdf_binpass_SIG_obsOnly: in 1 x-bins
ToyMCSamplerOpt.cc[215] : (in function: generateWithHisto) -  , in 1 y-bins
ToyMCSamplerOpt.cc[146] : (in function: generateAsimov) - Using internal logic for binned/unbinned Asimov dataset generation
ToyMCSamplerOpt.cc[214] : (in function: generateWithHisto) - Generating asimov with histogram for pdf pdf_binpass_HIGH_obsOnly: in 3 x-bins
ToyMCSamplerOpt.cc[215] : (in function: generateWithHisto) -  , in 1 y-bins
ToyMCSamplerOpt.cc[146] : (in function: generateAsimov) - Using internal logic for binned/unbinned Asimov dataset generation
ToyMCSamplerOpt.cc[214] : (in function: generateWithHisto) - Generating asimov with histogram for pdf pdf_binfail_LOW_obsOnly: in 3 x-bins
ToyMCSamplerOpt.cc[215] : (in function: generateWithHisto) -  , in 1 y-bins
ToyMCSamplerOpt.cc[146] : (in function: generateAsimov) - Using internal logic for binned/unbinned Asimov dataset generation
ToyMCSamplerOpt.cc[214] : (in function: generateWithHisto) - Generating asimov with histogram for pdf pdf_binfail_SIG_obsOnly: in 1 x-bins
ToyMCSamplerOpt.cc[215] : (in function: generateWithHisto) -  , in 1 y-bins
ToyMCSamplerOpt.cc[146] : (in function: generateAsimov) - Using internal logic for binned/unbinned Asimov dataset generation
ToyMCSamplerOpt.cc[214] : (in function: generateWithHisto) - Generating asimov with histogram for pdf pdf_binfail_HIGH_obsOnly: in 3 x-bins
ToyMCSamplerOpt.cc[215] : (in function: generateWithHisto) -  , in 1 y-bins
AsymptoticLimits.cc[428] : (in function: runLimitExpected) - Median for expected limits = 1.10156, Sigma for expected limits = 0.562032
AsymptoticLimits.cc[191] : (in function: runLimit) - NLL at global minimum of data = -8392.26 (r=1.63481e-06)
AsymptoticLimits.cc[211] : (in function: runLimit) - NLL at global minimum of asimov = -8391.44 (r=2.52668e-07)
AsymptoticLimits.cc[337] : (in function: getCLs) - At r = 1.200002:	q_mu = 5.91423	q_A  = 4.18838	Pmu = 0.00679	1-Pb  = 0.33664	CLs  = 0.02017
AsymptoticLimits.cc[337] : (in function: getCLs) - At r = 0.600002:	q_mu = 3.34715	q_A  = 2.00215	Pmu = 0.02936	1-Pb  = 0.31730	CLs  = 0.09254
AsymptoticLimits.cc[337] : (in function: getCLs) - At r = 0.913961:	q_mu = 4.75711	q_A  = 3.17952	Pmu = 0.01302	1-Pb  = 0.32911	CLs  = 0.03957
AsymptoticLimits.cc[337] : (in function: getCLs) - At r = 0.782024:	q_mu = 4.18489	q_A  = 2.69320	Pmu = 0.01806	1-Pb  = 0.32474	CLs  = 0.05561
AsymptoticLimits.cc[337] : (in function: getCLs) - At r = 0.841417:	q_mu = 4.44588	q_A  = 2.91375	Pmu = 0.01555	1-Pb  = 0.32679	CLs  = 0.04759
AsymptoticLimits.cc[337] : (in function: getCLs) - At r = 0.814462:	q_mu = 4.32810	q_A  = 2.81396	Pmu = 0.01664	1-Pb  = 0.32588	CLs  = 0.05105
AsymptoticLimits.cc[337] : (in function: getCLs) - At r = 0.826223:	q_mu = 4.37967	q_A  = 2.85760	Pmu = 0.01615	1-Pb  = 0.32628	CLs  = 0.04950
AsymptoticLimits.cc[337] : (in function: getCLs) - At r = 0.820804:	q_mu = 4.35590	q_A  = 2.83749	Pmu = 0.01637	1-Pb  = 0.32610	CLs  = 0.05021
AsymptoticLimits.cc[337] : (in function: getCLs) - At r = 0.823155:	q_mu = 4.36619	q_A  = 2.84619	Pmu = 0.01628	1-Pb  = 0.32618	CLs  = 0.04990
AsymptoticLimits.cc[337] : (in function: getCLs) - At r = 0.822075:	q_mu = 4.36145	q_A  = 2.84218	Pmu = 0.01632	1-Pb  = 0.32614	CLs  = 0.05004
AsymptoticLimits.cc[337] : (in function: getCLs) - At r = 0.822547:	q_mu = 4.36359	q_A  = 2.84392	Pmu = 0.01630	1-Pb  = 0.32615	CLs  = 0.04998
AsymptoticLimits.cc[337] : (in function: getCLs) - At r = 0.822325:	q_mu = 4.36256	q_A  = 2.84310	Pmu = 0.01631	1-Pb  = 0.32615	CLs  = 0.05001
AsymptoticLimits.cc[337] : (in function: getCLs) - At r = 0.822421:	q_mu = 4.36297	q_A  = 2.84353	Pmu = 0.01631	1-Pb  = 0.32616	CLs  = 0.05000
AsymptoticLimits.cc[337] : (in function: getCLs) - At r = 0.822377:	q_mu = 4.36277	q_A  = 2.84331	Pmu = 0.01631	1-Pb  = 0.32616	CLs  = 0.05000
AsymptoticLimits.cc[337] : (in function: getCLs) - At r = 0.822398:	q_mu = 4.36293	q_A  = 2.84338	Pmu = 0.01631	1-Pb  = 0.32615	CLs  = 0.05000
AsymptoticLimits.cc[337] : (in function: getCLs) - At r = 0.822386:	q_mu = 4.36283	q_A  = 2.84333	Pmu = 0.01631	1-Pb  = 0.32615	CLs  = 0.05000
AsymptoticLimits.cc[337] : (in function: getCLs) - At r = 0.822391:	q_mu = 4.36284	q_A  = 2.84342	Pmu = 0.01631	1-Pb  = 0.32616	CLs  = 0.05000
AsymptoticLimits.cc[337] : (in function: getCLs) - At r = 0.822389:	q_mu = 4.36283	q_A  = 2.84336	Pmu = 0.01631	1-Pb  = 0.32616	CLs  = 0.05000
