CascadeMinimizer.cc[188] : (in function: improveOnce) - Minimization configured with Type=Minuit2, Algo=Migrad, strategy=0, tolerance=0.1
CascadeMinimizer.cc[215] : (in function: improveOnce) - Minimization finished with status=0
CascadeMinimizer.cc[219] : (in function: improveOnce) - Minimization success! status=0
ToyMCSamplerOpt.cc[146] : (in function: generateAsimov) - Using internal logic for binned/unbinned Asimov dataset generation
ToyMCSamplerOpt.cc[214] : (in function: generateWithHisto) - Generating asimov with histogram for pdf pdf_binpass_LOW_obsOnly: in 2 x-bins
ToyMCSamplerOpt.cc[215] : (in function: generateWithHisto) -  , in 1 y-bins
ToyMCSamplerOpt.cc[146] : (in function: generateAsimov) - Using internal logic for binned/unbinned Asimov dataset generation
ToyMCSamplerOpt.cc[214] : (in function: generateWithHisto) - Generating asimov with histogram for pdf pdf_binpass_SIG_obsOnly: in 1 x-bins
ToyMCSamplerOpt.cc[215] : (in function: generateWithHisto) -  , in 1 y-bins
ToyMCSamplerOpt.cc[146] : (in function: generateAsimov) - Using internal logic for binned/unbinned Asimov dataset generation
ToyMCSamplerOpt.cc[214] : (in function: generateWithHisto) - Generating asimov with histogram for pdf pdf_binpass_HIGH_obsOnly: in 9 x-bins
ToyMCSamplerOpt.cc[215] : (in function: generateWithHisto) -  , in 1 y-bins
ToyMCSamplerOpt.cc[146] : (in function: generateAsimov) - Using internal logic for binned/unbinned Asimov dataset generation
ToyMCSamplerOpt.cc[214] : (in function: generateWithHisto) - Generating asimov with histogram for pdf pdf_binfail_LOW_obsOnly: in 2 x-bins
ToyMCSamplerOpt.cc[215] : (in function: generateWithHisto) -  , in 1 y-bins
ToyMCSamplerOpt.cc[146] : (in function: generateAsimov) - Using internal logic for binned/unbinned Asimov dataset generation
ToyMCSamplerOpt.cc[214] : (in function: generateWithHisto) - Generating asimov with histogram for pdf pdf_binfail_SIG_obsOnly: in 1 x-bins
ToyMCSamplerOpt.cc[215] : (in function: generateWithHisto) -  , in 1 y-bins
ToyMCSamplerOpt.cc[146] : (in function: generateAsimov) - Using internal logic for binned/unbinned Asimov dataset generation
ToyMCSamplerOpt.cc[214] : (in function: generateWithHisto) - Generating asimov with histogram for pdf pdf_binfail_HIGH_obsOnly: in 9 x-bins
ToyMCSamplerOpt.cc[215] : (in function: generateWithHisto) -  , in 1 y-bins
AsymptoticLimits.cc[428] : (in function: runLimitExpected) - Median for expected limits = 2.46875, Sigma for expected limits = 1.25959
AsymptoticLimits.cc[191] : (in function: runLimit) - NLL at global minimum of data = -19.2197 (r=0.375439)
AsymptoticLimits.cc[211] : (in function: runLimit) - NLL at global minimum of asimov = -19.144 (r=0.230039)
AsymptoticLimits.cc[337] : (in function: getCLs) - At r = 2.134091:	q_mu = 2.86771	q_A  = 3.11552	Pmu = 0.04519	1-Pb  = 0.52856	CLs  = 0.08549
AsymptoticLimits.cc[337] : (in function: getCLs) - At r = 4.268182:	q_mu = 7.46659	q_A  = 7.69995	Pmu = 0.00314	1-Pb  = 0.51690	CLs  = 0.00608
AsymptoticLimits.cc[337] : (in function: getCLs) - At r = 2.321811:	q_mu = 3.27016	q_A  = 3.51803	Pmu = 0.03528	1-Pb  = 0.52682	CLs  = 0.06696
AsymptoticLimits.cc[337] : (in function: getCLs) - At r = 3.294996:	q_mu = 5.37904	q_A  = 5.62615	Pmu = 0.01019	1-Pb  = 0.52101	CLs  = 0.01956
AsymptoticLimits.cc[337] : (in function: getCLs) - At r = 2.701208:	q_mu = 4.08940	q_A  = 4.33789	Pmu = 0.02158	1-Pb  = 0.52413	CLs  = 0.04117
AsymptoticLimits.cc[337] : (in function: getCLs) - At r = 2.504030:	q_mu = 3.66203	q_A  = 3.91092	Pmu = 0.02783	1-Pb  = 0.52550	CLs  = 0.05296
AsymptoticLimits.cc[337] : (in function: getCLs) - At r = 2.579519:	q_mu = 3.82524	q_A  = 4.07421	Pmu = 0.02524	1-Pb  = 0.52498	CLs  = 0.04808
AsymptoticLimits.cc[337] : (in function: getCLs) - At r = 2.540014:	q_mu = 3.73972	q_A  = 3.98877	Pmu = 0.02657	1-Pb  = 0.52526	CLs  = 0.05058
AsymptoticLimits.cc[337] : (in function: getCLs) - At r = 2.555102:	q_mu = 3.77235	q_A  = 4.02129	Pmu = 0.02605	1-Pb  = 0.52514	CLs  = 0.04961
AsymptoticLimits.cc[337] : (in function: getCLs) - At r = 2.547208:	q_mu = 3.75527	q_A  = 4.00420	Pmu = 0.02632	1-Pb  = 0.52519	CLs  = 0.05012
AsymptoticLimits.cc[337] : (in function: getCLs) - At r = 2.550233:	q_mu = 3.76196	q_A  = 4.01074	Pmu = 0.02622	1-Pb  = 0.52516	CLs  = 0.04992
AsymptoticLimits.cc[337] : (in function: getCLs) - At r = 2.548634:	q_mu = 3.75835	q_A  = 4.00728	Pmu = 0.02627	1-Pb  = 0.52518	CLs  = 0.05002
AsymptoticLimits.cc[337] : (in function: getCLs) - At r = 2.549253:	q_mu = 3.75967	q_A  = 4.00860	Pmu = 0.02625	1-Pb  = 0.52518	CLs  = 0.04999
AsymptoticLimits.cc[337] : (in function: getCLs) - At r = 2.548946:	q_mu = 3.75899	q_A  = 4.00794	Pmu = 0.02626	1-Pb  = 0.52518	CLs  = 0.05001
AsymptoticLimits.cc[337] : (in function: getCLs) - At r = 2.549075:	q_mu = 3.75937	q_A  = 4.00821	Pmu = 0.02626	1-Pb  = 0.52517	CLs  = 0.05000
AsymptoticLimits.cc[337] : (in function: getCLs) - At r = 2.549001:	q_mu = 3.75916	q_A  = 4.00805	Pmu = 0.02626	1-Pb  = 0.52518	CLs  = 0.05000
AsymptoticLimits.cc[337] : (in function: getCLs) - At r = 2.549025:	q_mu = 3.75920	q_A  = 4.00814	Pmu = 0.02626	1-Pb  = 0.52518	CLs  = 0.05000
AsymptoticLimits.cc[337] : (in function: getCLs) - At r = 2.549012:	q_mu = 3.75917	q_A  = 4.00811	Pmu = 0.02626	1-Pb  = 0.52518	CLs  = 0.05000
