CascadeMinimizer.cc[188] : (in function: improveOnce) - Minimization configured with Type=Minuit2, Algo=Migrad, strategy=0, tolerance=0.1
CascadeMinimizer.cc[215] : (in function: improveOnce) - Minimization finished with status=0
CascadeMinimizer.cc[219] : (in function: improveOnce) - Minimization success! status=0
ToyMCSamplerOpt.cc[146] : (in function: generateAsimov) - Using internal logic for binned/unbinned Asimov dataset generation
ToyMCSamplerOpt.cc[214] : (in function: generateWithHisto) - Generating asimov with histogram for pdf pdf_binpass_LOW_obsOnly: in 4 x-bins
ToyMCSamplerOpt.cc[215] : (in function: generateWithHisto) -  , in 1 y-bins
ToyMCSamplerOpt.cc[146] : (in function: generateAsimov) - Using internal logic for binned/unbinned Asimov dataset generation
ToyMCSamplerOpt.cc[214] : (in function: generateWithHisto) - Generating asimov with histogram for pdf pdf_binpass_SIG_obsOnly: in 3 x-bins
ToyMCSamplerOpt.cc[215] : (in function: generateWithHisto) -  , in 1 y-bins
ToyMCSamplerOpt.cc[146] : (in function: generateAsimov) - Using internal logic for binned/unbinned Asimov dataset generation
ToyMCSamplerOpt.cc[214] : (in function: generateWithHisto) - Generating asimov with histogram for pdf pdf_binpass_HIGH_obsOnly: in 7 x-bins
ToyMCSamplerOpt.cc[215] : (in function: generateWithHisto) -  , in 1 y-bins
ToyMCSamplerOpt.cc[146] : (in function: generateAsimov) - Using internal logic for binned/unbinned Asimov dataset generation
ToyMCSamplerOpt.cc[214] : (in function: generateWithHisto) - Generating asimov with histogram for pdf pdf_binfail_LOW_obsOnly: in 4 x-bins
ToyMCSamplerOpt.cc[215] : (in function: generateWithHisto) -  , in 1 y-bins
ToyMCSamplerOpt.cc[146] : (in function: generateAsimov) - Using internal logic for binned/unbinned Asimov dataset generation
ToyMCSamplerOpt.cc[214] : (in function: generateWithHisto) - Generating asimov with histogram for pdf pdf_binfail_SIG_obsOnly: in 3 x-bins
ToyMCSamplerOpt.cc[215] : (in function: generateWithHisto) -  , in 1 y-bins
ToyMCSamplerOpt.cc[146] : (in function: generateAsimov) - Using internal logic for binned/unbinned Asimov dataset generation
ToyMCSamplerOpt.cc[214] : (in function: generateWithHisto) - Generating asimov with histogram for pdf pdf_binfail_HIGH_obsOnly: in 7 x-bins
ToyMCSamplerOpt.cc[215] : (in function: generateWithHisto) -  , in 1 y-bins
AsymptoticLimits.cc[428] : (in function: runLimitExpected) - Median for expected limits = 1.13672, Sigma for expected limits = 0.579969
AsymptoticLimits.cc[191] : (in function: runLimit) - NLL at global minimum of data = -11139.8 (r=3.4834e-08)
AsymptoticLimits.cc[211] : (in function: runLimit) - NLL at global minimum of asimov = -11139 (r=0.00050791)
AsymptoticLimits.cc[337] : (in function: getCLs) - At r = 1.200000:	q_mu = 7.87198	q_A  = 4.08396	Pmu = 0.00155	1-Pb  = 0.17432	CLs  = 0.00888
AsymptoticLimits.cc[337] : (in function: getCLs) - At r = 0.600000:	q_mu = 4.45185	q_A  = 1.74703	Pmu = 0.00951	1-Pb  = 0.15311	CLs  = 0.06214
AsymptoticLimits.cc[337] : (in function: getCLs) - At r = 0.900000:	q_mu = 6.24237	q_A  = 2.91367	Pmu = 0.00366	1-Pb  = 0.16477	CLs  = 0.02221
AsymptoticLimits.cc[337] : (in function: getCLs) - At r = 0.710716:	q_mu = 5.13450	q_A  = 2.17341	Pmu = 0.00660	1-Pb  = 0.15762	CLs  = 0.04185
AsymptoticLimits.cc[337] : (in function: getCLs) - At r = 0.648710:	q_mu = 4.75563	q_A  = 1.93348	Pmu = 0.00808	1-Pb  = 0.15510	CLs  = 0.05209
AsymptoticLimits.cc[337] : (in function: getCLs) - At r = 0.670402:	q_mu = 4.88912	q_A  = 2.01703	Pmu = 0.00752	1-Pb  = 0.15597	CLs  = 0.04822
AsymptoticLimits.cc[337] : (in function: getCLs) - At r = 0.657921:	q_mu = 4.81242	q_A  = 1.96885	Pmu = 0.00784	1-Pb  = 0.15546	CLs  = 0.05041
AsymptoticLimits.cc[337] : (in function: getCLs) - At r = 0.662247:	q_mu = 4.83904	q_A  = 1.98552	Pmu = 0.00773	1-Pb  = 0.15564	CLs  = 0.04964
AsymptoticLimits.cc[337] : (in function: getCLs) - At r = 0.659748:	q_mu = 4.82367	q_A  = 1.97588	Pmu = 0.00779	1-Pb  = 0.15554	CLs  = 0.05008
AsymptoticLimits.cc[337] : (in function: getCLs) - At r = 0.660614:	q_mu = 4.82899	q_A  = 1.97921	Pmu = 0.00777	1-Pb  = 0.15557	CLs  = 0.04993
AsymptoticLimits.cc[337] : (in function: getCLs) - At r = 0.660114:	q_mu = 4.82612	q_A  = 1.97728	Pmu = 0.00778	1-Pb  = 0.15553	CLs  = 0.05001
AsymptoticLimits.cc[337] : (in function: getCLs) - At r = 0.660271:	q_mu = 4.82694	q_A  = 1.97789	Pmu = 0.00778	1-Pb  = 0.15555	CLs  = 0.04999
AsymptoticLimits.cc[337] : (in function: getCLs) - At r = 0.660206:	q_mu = 4.82650	q_A  = 1.97764	Pmu = 0.00778	1-Pb  = 0.15555	CLs  = 0.05000
AsymptoticLimits.cc[337] : (in function: getCLs) - At r = 0.660184:	q_mu = 4.82636	q_A  = 1.97755	Pmu = 0.00778	1-Pb  = 0.15555	CLs  = 0.05000
AsymptoticLimits.cc[337] : (in function: getCLs) - At r = 0.660199:	q_mu = 4.82644	q_A  = 1.97761	Pmu = 0.00778	1-Pb  = 0.15555	CLs  = 0.05000
AsymptoticLimits.cc[337] : (in function: getCLs) - At r = 0.660203:	q_mu = 4.82646	q_A  = 1.97762	Pmu = 0.00778	1-Pb  = 0.15555	CLs  = 0.05000
