CascadeMinimizer.cc[188] : (in function: improveOnce) - Minimization configured with Type=Minuit2, Algo=Migrad, strategy=0, tolerance=0.1
CascadeMinimizer.cc[215] : (in function: improveOnce) - Minimization finished with status=0
CascadeMinimizer.cc[219] : (in function: improveOnce) - Minimization success! status=0
ToyMCSamplerOpt.cc[146] : (in function: generateAsimov) - Using internal logic for binned/unbinned Asimov dataset generation
ToyMCSamplerOpt.cc[214] : (in function: generateWithHisto) - Generating asimov with histogram for pdf pdf_binpass_LOW_obsOnly: in 4 x-bins
ToyMCSamplerOpt.cc[215] : (in function: generateWithHisto) -  , in 1 y-bins
ToyMCSamplerOpt.cc[146] : (in function: generateAsimov) - Using internal logic for binned/unbinned Asimov dataset generation
ToyMCSamplerOpt.cc[214] : (in function: generateWithHisto) - Generating asimov with histogram for pdf pdf_binpass_SIG_obsOnly: in 3 x-bins
ToyMCSamplerOpt.cc[215] : (in function: generateWithHisto) -  , in 1 y-bins
ToyMCSamplerOpt.cc[146] : (in function: generateAsimov) - Using internal logic for binned/unbinned Asimov dataset generation
ToyMCSamplerOpt.cc[214] : (in function: generateWithHisto) - Generating asimov with histogram for pdf pdf_binpass_HIGH_obsOnly: in 7 x-bins
ToyMCSamplerOpt.cc[215] : (in function: generateWithHisto) -  , in 1 y-bins
ToyMCSamplerOpt.cc[146] : (in function: generateAsimov) - Using internal logic for binned/unbinned Asimov dataset generation
ToyMCSamplerOpt.cc[214] : (in function: generateWithHisto) - Generating asimov with histogram for pdf pdf_binfail_LOW_obsOnly: in 4 x-bins
ToyMCSamplerOpt.cc[215] : (in function: generateWithHisto) -  , in 1 y-bins
ToyMCSamplerOpt.cc[146] : (in function: generateAsimov) - Using internal logic for binned/unbinned Asimov dataset generation
ToyMCSamplerOpt.cc[214] : (in function: generateWithHisto) - Generating asimov with histogram for pdf pdf_binfail_SIG_obsOnly: in 3 x-bins
ToyMCSamplerOpt.cc[215] : (in function: generateWithHisto) -  , in 1 y-bins
ToyMCSamplerOpt.cc[146] : (in function: generateAsimov) - Using internal logic for binned/unbinned Asimov dataset generation
ToyMCSamplerOpt.cc[214] : (in function: generateWithHisto) - Generating asimov with histogram for pdf pdf_binfail_HIGH_obsOnly: in 7 x-bins
ToyMCSamplerOpt.cc[215] : (in function: generateWithHisto) -  , in 1 y-bins
AsymptoticLimits.cc[428] : (in function: runLimitExpected) - Median for expected limits = 0.546875, Sigma for expected limits = 0.279023
AsymptoticLimits.cc[191] : (in function: runLimit) - NLL at global minimum of data = -11155.6 (r=1.86908e-08)
AsymptoticLimits.cc[211] : (in function: runLimit) - NLL at global minimum of asimov = -11154.7 (r=1.11725e-06)
AsymptoticLimits.cc[337] : (in function: getCLs) - At r = 1.200000:	q_mu = 12.83450	q_A  = 9.22664	Pmu = 0.00014	1-Pb  = 0.27630	CLs  = 0.00051
AsymptoticLimits.cc[337] : (in function: getCLs) - At r = 0.600000:	q_mu = 7.02002	q_A  = 4.30033	Pmu = 0.00317	1-Pb  = 0.25599	CLs  = 0.01239
AsymptoticLimits.cc[337] : (in function: getCLs) - At r = 0.300000:	q_mu = 3.64675	q_A  = 1.76923	Pmu = 0.02088	1-Pb  = 0.24017	CLs  = 0.08694
AsymptoticLimits.cc[337] : (in function: getCLs) - At r = 0.450000:	q_mu = 5.37490	q_A  = 3.01597	Pmu = 0.00785	1-Pb  = 0.24852	CLs  = 0.03159
AsymptoticLimits.cc[337] : (in function: getCLs) - At r = 0.365568:	q_mu = 4.41183	q_A  = 2.30421	Pmu = 0.01348	1-Pb  = 0.24377	CLs  = 0.05528
AsymptoticLimits.cc[337] : (in function: getCLs) - At r = 0.394579:	q_mu = 4.74560	q_A  = 2.54661	Pmu = 0.01116	1-Pb  = 0.24542	CLs  = 0.04548
AsymptoticLimits.cc[337] : (in function: getCLs) - At r = 0.377517:	q_mu = 4.54965	q_A  = 2.40369	Pmu = 0.01247	1-Pb  = 0.24445	CLs  = 0.05100
AsymptoticLimits.cc[337] : (in function: getCLs) - At r = 0.383284:	q_mu = 4.61598	q_A  = 2.45188	Pmu = 0.01201	1-Pb  = 0.24477	CLs  = 0.04906
AsymptoticLimits.cc[337] : (in function: getCLs) - At r = 0.379865:	q_mu = 4.57665	q_A  = 2.42327	Pmu = 0.01228	1-Pb  = 0.24458	CLs  = 0.05020
AsymptoticLimits.cc[337] : (in function: getCLs) - At r = 0.381019:	q_mu = 4.58992	q_A  = 2.43291	Pmu = 0.01219	1-Pb  = 0.24464	CLs  = 0.04981
AsymptoticLimits.cc[337] : (in function: getCLs) - At r = 0.380335:	q_mu = 4.58205	q_A  = 2.42719	Pmu = 0.01224	1-Pb  = 0.24460	CLs  = 0.05004
AsymptoticLimits.cc[337] : (in function: getCLs) - At r = 0.380566:	q_mu = 4.58471	q_A  = 2.42928	Pmu = 0.01222	1-Pb  = 0.24464	CLs  = 0.04996
AsymptoticLimits.cc[337] : (in function: getCLs) - At r = 0.380473:	q_mu = 4.58383	q_A  = 2.42838	Pmu = 0.01223	1-Pb  = 0.24460	CLs  = 0.04999
AsymptoticLimits.cc[337] : (in function: getCLs) - At r = 0.380421:	q_mu = 4.58310	q_A  = 2.42792	Pmu = 0.01223	1-Pb  = 0.24460	CLs  = 0.05001
AsymptoticLimits.cc[337] : (in function: getCLs) - At r = 0.380450:	q_mu = 4.58340	q_A  = 2.42816	Pmu = 0.01223	1-Pb  = 0.24461	CLs  = 0.05000
AsymptoticLimits.cc[337] : (in function: getCLs) - At r = 0.380455:	q_mu = 4.58345	q_A  = 2.42820	Pmu = 0.01223	1-Pb  = 0.24461	CLs  = 0.05000
AsymptoticLimits.cc[337] : (in function: getCLs) - At r = 0.380452:	q_mu = 4.58340	q_A  = 2.42817	Pmu = 0.01223	1-Pb  = 0.24461	CLs  = 0.05000
