CascadeMinimizer.cc[188] : (in function: improveOnce) - Minimization configured with Type=Minuit2, Algo=Migrad, strategy=0, tolerance=0.1
CascadeMinimizer.cc[215] : (in function: improveOnce) - Minimization finished with status=0
CascadeMinimizer.cc[219] : (in function: improveOnce) - Minimization success! status=0
ToyMCSamplerOpt.cc[146] : (in function: generateAsimov) - Using internal logic for binned/unbinned Asimov dataset generation
ToyMCSamplerOpt.cc[214] : (in function: generateWithHisto) - Generating asimov with histogram for pdf pdf_binpass_LOW_obsOnly: in 3 x-bins
ToyMCSamplerOpt.cc[215] : (in function: generateWithHisto) -  , in 1 y-bins
ToyMCSamplerOpt.cc[146] : (in function: generateAsimov) - Using internal logic for binned/unbinned Asimov dataset generation
ToyMCSamplerOpt.cc[214] : (in function: generateWithHisto) - Generating asimov with histogram for pdf pdf_binpass_SIG_obsOnly: in 1 x-bins
ToyMCSamplerOpt.cc[215] : (in function: generateWithHisto) -  , in 1 y-bins
ToyMCSamplerOpt.cc[146] : (in function: generateAsimov) - Using internal logic for binned/unbinned Asimov dataset generation
ToyMCSamplerOpt.cc[214] : (in function: generateWithHisto) - Generating asimov with histogram for pdf pdf_binpass_HIGH_obsOnly: in 5 x-bins
ToyMCSamplerOpt.cc[215] : (in function: generateWithHisto) -  , in 1 y-bins
ToyMCSamplerOpt.cc[146] : (in function: generateAsimov) - Using internal logic for binned/unbinned Asimov dataset generation
ToyMCSamplerOpt.cc[214] : (in function: generateWithHisto) - Generating asimov with histogram for pdf pdf_binfail_LOW_obsOnly: in 3 x-bins
ToyMCSamplerOpt.cc[215] : (in function: generateWithHisto) -  , in 1 y-bins
ToyMCSamplerOpt.cc[146] : (in function: generateAsimov) - Using internal logic for binned/unbinned Asimov dataset generation
ToyMCSamplerOpt.cc[214] : (in function: generateWithHisto) - Generating asimov with histogram for pdf pdf_binfail_SIG_obsOnly: in 1 x-bins
ToyMCSamplerOpt.cc[215] : (in function: generateWithHisto) -  , in 1 y-bins
ToyMCSamplerOpt.cc[146] : (in function: generateAsimov) - Using internal logic for binned/unbinned Asimov dataset generation
ToyMCSamplerOpt.cc[214] : (in function: generateWithHisto) - Generating asimov with histogram for pdf pdf_binfail_HIGH_obsOnly: in 5 x-bins
ToyMCSamplerOpt.cc[215] : (in function: generateWithHisto) -  , in 1 y-bins
AsymptoticLimits.cc[428] : (in function: runLimitExpected) - Median for expected limits = 1.68359, Sigma for expected limits = 0.858992
AsymptoticLimits.cc[191] : (in function: runLimit) - NLL at global minimum of data = -917.494 (r=2.91517)
AsymptoticLimits.cc[211] : (in function: runLimit) - NLL at global minimum of asimov = -911.115 (r=0.00668001)
AsymptoticLimits.cc[337] : (in function: getCLs) - At r = 5.674260:	q_mu = 4.44230	q_A  = 21.48351	Pmu = 0.01753	1-Pb  = 0.99425	CLs  = 0.01763
AsymptoticLimits.cc[337] : (in function: getCLs) - At r = 4.294713:	q_mu = 1.47363	q_A  = 15.14345	Pmu = 0.11239	1-Pb  = 0.99629	CLs  = 0.11281
AsymptoticLimits.cc[337] : (in function: getCLs) - At r = 5.054435:	q_mu = 2.96301	q_A  = 18.63950	Pmu = 0.04259	1-Pb  = 0.99528	CLs  = 0.04280
AsymptoticLimits.cc[337] : (in function: getCLs) - At r = 4.804935:	q_mu = 2.42784	q_A  = 17.49187	Pmu = 0.05960	1-Pb  = 0.99566	CLs  = 0.05986
AsymptoticLimits.cc[337] : (in function: getCLs) - At r = 4.911990:	q_mu = 2.65257	q_A  = 17.98417	Pmu = 0.05169	1-Pb  = 0.99550	CLs  = 0.05192
AsymptoticLimits.cc[337] : (in function: getCLs) - At r = 4.962744:	q_mu = 2.76173	q_A  = 18.21766	Pmu = 0.04827	1-Pb  = 0.99542	CLs  = 0.04849
AsymptoticLimits.cc[337] : (in function: getCLs) - At r = 4.934426:	q_mu = 2.70063	q_A  = 18.08736	Pmu = 0.05015	1-Pb  = 0.99547	CLs  = 0.05038
AsymptoticLimits.cc[337] : (in function: getCLs) - At r = 4.944608:	q_mu = 2.72253	q_A  = 18.13421	Pmu = 0.04947	1-Pb  = 0.99545	CLs  = 0.04970
AsymptoticLimits.cc[337] : (in function: getCLs) - At r = 4.938954:	q_mu = 2.71035	q_A  = 18.10820	Pmu = 0.04985	1-Pb  = 0.99546	CLs  = 0.05008
AsymptoticLimits.cc[337] : (in function: getCLs) - At r = 4.940996:	q_mu = 2.71474	q_A  = 18.11759	Pmu = 0.04971	1-Pb  = 0.99546	CLs  = 0.04994
AsymptoticLimits.cc[337] : (in function: getCLs) - At r = 4.939866:	q_mu = 2.71231	q_A  = 18.11239	Pmu = 0.04979	1-Pb  = 0.99546	CLs  = 0.05002
AsymptoticLimits.cc[337] : (in function: getCLs) - At r = 4.940276:	q_mu = 2.71319	q_A  = 18.11427	Pmu = 0.04976	1-Pb  = 0.99546	CLs  = 0.04999
AsymptoticLimits.cc[337] : (in function: getCLs) - At r = 4.940050:	q_mu = 2.71269	q_A  = 18.11324	Pmu = 0.04978	1-Pb  = 0.99546	CLs  = 0.05000
AsymptoticLimits.cc[337] : (in function: getCLs) - At r = 4.940137:	q_mu = 2.71286	q_A  = 18.11363	Pmu = 0.04977	1-Pb  = 0.99546	CLs  = 0.05000
AsymptoticLimits.cc[337] : (in function: getCLs) - At r = 4.940096:	q_mu = 2.71277	q_A  = 18.11345	Pmu = 0.04977	1-Pb  = 0.99546	CLs  = 0.05000
AsymptoticLimits.cc[337] : (in function: getCLs) - At r = 4.940117:	q_mu = 2.71281	q_A  = 18.11354	Pmu = 0.04977	1-Pb  = 0.99546	CLs  = 0.05000
