CascadeMinimizer.cc[188] : (in function: improveOnce) - Minimization configured with Type=Minuit2, Algo=Migrad, strategy=0, tolerance=0.1
CascadeMinimizer.cc[215] : (in function: improveOnce) - Minimization finished with status=0
CascadeMinimizer.cc[219] : (in function: improveOnce) - Minimization success! status=0
ToyMCSamplerOpt.cc[146] : (in function: generateAsimov) - Using internal logic for binned/unbinned Asimov dataset generation
ToyMCSamplerOpt.cc[214] : (in function: generateWithHisto) - Generating asimov with histogram for pdf pdf_binpass_LOW_obsOnly: in 4 x-bins
ToyMCSamplerOpt.cc[215] : (in function: generateWithHisto) -  , in 1 y-bins
ToyMCSamplerOpt.cc[146] : (in function: generateAsimov) - Using internal logic for binned/unbinned Asimov dataset generation
ToyMCSamplerOpt.cc[214] : (in function: generateWithHisto) - Generating asimov with histogram for pdf pdf_binpass_SIG_obsOnly: in 3 x-bins
ToyMCSamplerOpt.cc[215] : (in function: generateWithHisto) -  , in 1 y-bins
ToyMCSamplerOpt.cc[146] : (in function: generateAsimov) - Using internal logic for binned/unbinned Asimov dataset generation
ToyMCSamplerOpt.cc[214] : (in function: generateWithHisto) - Generating asimov with histogram for pdf pdf_binpass_HIGH_obsOnly: in 7 x-bins
ToyMCSamplerOpt.cc[215] : (in function: generateWithHisto) -  , in 1 y-bins
ToyMCSamplerOpt.cc[146] : (in function: generateAsimov) - Using internal logic for binned/unbinned Asimov dataset generation
ToyMCSamplerOpt.cc[214] : (in function: generateWithHisto) - Generating asimov with histogram for pdf pdf_binfail_LOW_obsOnly: in 4 x-bins
ToyMCSamplerOpt.cc[215] : (in function: generateWithHisto) -  , in 1 y-bins
ToyMCSamplerOpt.cc[146] : (in function: generateAsimov) - Using internal logic for binned/unbinned Asimov dataset generation
ToyMCSamplerOpt.cc[214] : (in function: generateWithHisto) - Generating asimov with histogram for pdf pdf_binfail_SIG_obsOnly: in 3 x-bins
ToyMCSamplerOpt.cc[215] : (in function: generateWithHisto) -  , in 1 y-bins
ToyMCSamplerOpt.cc[146] : (in function: generateAsimov) - Using internal logic for binned/unbinned Asimov dataset generation
ToyMCSamplerOpt.cc[214] : (in function: generateWithHisto) - Generating asimov with histogram for pdf pdf_binfail_HIGH_obsOnly: in 7 x-bins
ToyMCSamplerOpt.cc[215] : (in function: generateWithHisto) -  , in 1 y-bins
AsymptoticLimits.cc[428] : (in function: runLimitExpected) - Median for expected limits = 0.560547, Sigma for expected limits = 0.285999
AsymptoticLimits.cc[191] : (in function: runLimit) - NLL at global minimum of data = -11154.8 (r=1.30499e-09)
AsymptoticLimits.cc[211] : (in function: runLimit) - NLL at global minimum of asimov = -11153.8 (r=5.91311e-07)
AsymptoticLimits.cc[337] : (in function: getCLs) - At r = 1.200000:	q_mu = 13.01011	q_A  = 8.83231	Pmu = 0.00012	1-Pb  = 0.24107	CLs  = 0.00049
AsymptoticLimits.cc[337] : (in function: getCLs) - At r = 0.600000:	q_mu = 7.31230	q_A  = 4.16934	Pmu = 0.00247	1-Pb  = 0.22076	CLs  = 0.01117
AsymptoticLimits.cc[337] : (in function: getCLs) - At r = 0.300000:	q_mu = 3.92424	q_A  = 1.74334	Pmu = 0.01593	1-Pb  = 0.20444	CLs  = 0.07791
AsymptoticLimits.cc[337] : (in function: getCLs) - At r = 0.450000:	q_mu = 5.67067	q_A  = 2.94211	Pmu = 0.00603	1-Pb  = 0.21320	CLs  = 0.02826
AsymptoticLimits.cc[337] : (in function: getCLs) - At r = 0.382488:	q_mu = 4.89787	q_A  = 2.39445	Pmu = 0.00923	1-Pb  = 0.20928	CLs  = 0.04410
AsymptoticLimits.cc[337] : (in function: getCLs) - At r = 0.351423:	q_mu = 4.53506	q_A  = 2.14595	Pmu = 0.01129	1-Pb  = 0.20741	CLs  = 0.05445
AsymptoticLimits.cc[337] : (in function: getCLs) - At r = 0.367683:	q_mu = 4.72549	q_A  = 2.27560	Pmu = 0.01016	1-Pb  = 0.20839	CLs  = 0.04874
AsymptoticLimits.cc[337] : (in function: getCLs) - At r = 0.361426:	q_mu = 4.65234	q_A  = 2.22558	Pmu = 0.01058	1-Pb  = 0.20801	CLs  = 0.05085
AsymptoticLimits.cc[337] : (in function: getCLs) - At r = 0.364670:	q_mu = 4.69053	q_A  = 2.25148	Pmu = 0.01035	1-Pb  = 0.20818	CLs  = 0.04974
AsymptoticLimits.cc[337] : (in function: getCLs) - At r = 0.363408:	q_mu = 4.67561	q_A  = 2.24139	Pmu = 0.01044	1-Pb  = 0.20812	CLs  = 0.05017
AsymptoticLimits.cc[337] : (in function: getCLs) - At r = 0.364059:	q_mu = 4.68317	q_A  = 2.24659	Pmu = 0.01040	1-Pb  = 0.20816	CLs  = 0.04995
AsymptoticLimits.cc[337] : (in function: getCLs) - At r = 0.363811:	q_mu = 4.68026	q_A  = 2.24461	Pmu = 0.01041	1-Pb  = 0.20815	CLs  = 0.05003
AsymptoticLimits.cc[337] : (in function: getCLs) - At r = 0.363942:	q_mu = 4.68178	q_A  = 2.24566	Pmu = 0.01041	1-Pb  = 0.20816	CLs  = 0.04999
AsymptoticLimits.cc[337] : (in function: getCLs) - At r = 0.363894:	q_mu = 4.68121	q_A  = 2.24527	Pmu = 0.01041	1-Pb  = 0.20816	CLs  = 0.05001
AsymptoticLimits.cc[337] : (in function: getCLs) - At r = 0.363920:	q_mu = 4.68176	q_A  = 2.24548	Pmu = 0.01041	1-Pb  = 0.20814	CLs  = 0.04999
AsymptoticLimits.cc[337] : (in function: getCLs) - At r = 0.363904:	q_mu = 4.68141	q_A  = 2.24536	Pmu = 0.01041	1-Pb  = 0.20815	CLs  = 0.05000
AsymptoticLimits.cc[337] : (in function: getCLs) - At r = 0.363910:	q_mu = 4.68144	q_A  = 2.24540	Pmu = 0.01041	1-Pb  = 0.20815	CLs  = 0.05000
AsymptoticLimits.cc[337] : (in function: getCLs) - At r = 0.363913:	q_mu = 4.68146	q_A  = 2.24543	Pmu = 0.01041	1-Pb  = 0.20816	CLs  = 0.05000
