CascadeMinimizer.cc[188] : (in function: improveOnce) - Minimization configured with Type=Minuit2, Algo=Migrad, strategy=0, tolerance=0.1
CascadeMinimizer.cc[215] : (in function: improveOnce) - Minimization finished with status=0
CascadeMinimizer.cc[219] : (in function: improveOnce) - Minimization success! status=0
ToyMCSamplerOpt.cc[146] : (in function: generateAsimov) - Using internal logic for binned/unbinned Asimov dataset generation
ToyMCSamplerOpt.cc[214] : (in function: generateWithHisto) - Generating asimov with histogram for pdf pdf_binpass_LOW_obsOnly: in 2 x-bins
ToyMCSamplerOpt.cc[215] : (in function: generateWithHisto) -  , in 1 y-bins
ToyMCSamplerOpt.cc[146] : (in function: generateAsimov) - Using internal logic for binned/unbinned Asimov dataset generation
ToyMCSamplerOpt.cc[214] : (in function: generateWithHisto) - Generating asimov with histogram for pdf pdf_binpass_SIG_obsOnly: in 1 x-bins
ToyMCSamplerOpt.cc[215] : (in function: generateWithHisto) -  , in 1 y-bins
ToyMCSamplerOpt.cc[146] : (in function: generateAsimov) - Using internal logic for binned/unbinned Asimov dataset generation
ToyMCSamplerOpt.cc[214] : (in function: generateWithHisto) - Generating asimov with histogram for pdf pdf_binpass_HIGH_obsOnly: in 9 x-bins
ToyMCSamplerOpt.cc[215] : (in function: generateWithHisto) -  , in 1 y-bins
ToyMCSamplerOpt.cc[146] : (in function: generateAsimov) - Using internal logic for binned/unbinned Asimov dataset generation
ToyMCSamplerOpt.cc[214] : (in function: generateWithHisto) - Generating asimov with histogram for pdf pdf_binfail_LOW_obsOnly: in 2 x-bins
ToyMCSamplerOpt.cc[215] : (in function: generateWithHisto) -  , in 1 y-bins
ToyMCSamplerOpt.cc[146] : (in function: generateAsimov) - Using internal logic for binned/unbinned Asimov dataset generation
ToyMCSamplerOpt.cc[214] : (in function: generateWithHisto) - Generating asimov with histogram for pdf pdf_binfail_SIG_obsOnly: in 1 x-bins
ToyMCSamplerOpt.cc[215] : (in function: generateWithHisto) -  , in 1 y-bins
ToyMCSamplerOpt.cc[146] : (in function: generateAsimov) - Using internal logic for binned/unbinned Asimov dataset generation
ToyMCSamplerOpt.cc[214] : (in function: generateWithHisto) - Generating asimov with histogram for pdf pdf_binfail_HIGH_obsOnly: in 9 x-bins
ToyMCSamplerOpt.cc[215] : (in function: generateWithHisto) -  , in 1 y-bins
AsymptoticLimits.cc[428] : (in function: runLimitExpected) - Median for expected limits = 2.6875, Sigma for expected limits = 1.3712
AsymptoticLimits.cc[191] : (in function: runLimit) - NLL at global minimum of data = -545.548 (r=4.197e-08)
AsymptoticLimits.cc[211] : (in function: runLimit) - NLL at global minimum of asimov = -544.969 (r=1.47932e-07)
AsymptoticLimits.cc[337] : (in function: getCLs) - At r = 1.357026:	q_mu = 2.83933	q_A  = 1.73795	Pmu = 0.04128	1-Pb  = 0.33807	CLs  = 0.12210
AsymptoticLimits.cc[337] : (in function: getCLs) - At r = 2.714051:	q_mu = 5.41987	q_A  = 3.88644	Pmu = 0.00913	1-Pb  = 0.34867	CLs  = 0.02618
AsymptoticLimits.cc[337] : (in function: getCLs) - At r = 1.357026:	q_mu = 2.83932	q_A  = 1.73791	Pmu = 0.04128	1-Pb  = 0.33807	CLs  = 0.12210
AsymptoticLimits.cc[337] : (in function: getCLs) - At r = 1.986542:	q_mu = 4.06377	q_A  = 2.73293	Pmu = 0.01991	1-Pb  = 0.34365	CLs  = 0.05793
AsymptoticLimits.cc[337] : (in function: getCLs) - At r = 2.239918:	q_mu = 4.54293	q_A  = 3.13558	Pmu = 0.01507	1-Pb  = 0.34554	CLs  = 0.04362
AsymptoticLimits.cc[337] : (in function: getCLs) - At r = 2.091737:	q_mu = 4.26359	q_A  = 2.90009	Pmu = 0.01772	1-Pb  = 0.34446	CLs  = 0.05144
AsymptoticLimits.cc[337] : (in function: getCLs) - At r = 2.141832:	q_mu = 4.35835	q_A  = 2.97964	Pmu = 0.01677	1-Pb  = 0.34482	CLs  = 0.04864
AsymptoticLimits.cc[337] : (in function: getCLs) - At r = 2.112085:	q_mu = 4.30211	q_A  = 2.93235	Pmu = 0.01733	1-Pb  = 0.34460	CLs  = 0.05028
AsymptoticLimits.cc[337] : (in function: getCLs) - At r = 2.122090:	q_mu = 4.32108	q_A  = 2.94824	Pmu = 0.01714	1-Pb  = 0.34466	CLs  = 0.04972
AsymptoticLimits.cc[337] : (in function: getCLs) - At r = 2.116130:	q_mu = 4.30981	q_A  = 2.93876	Pmu = 0.01725	1-Pb  = 0.34462	CLs  = 0.05006
AsymptoticLimits.cc[337] : (in function: getCLs) - At r = 2.118127:	q_mu = 4.31358	q_A  = 2.94195	Pmu = 0.01721	1-Pb  = 0.34464	CLs  = 0.04994
AsymptoticLimits.cc[337] : (in function: getCLs) - At r = 2.116934:	q_mu = 4.31144	q_A  = 2.93998	Pmu = 0.01723	1-Pb  = 0.34461	CLs  = 0.05001
AsymptoticLimits.cc[337] : (in function: getCLs) - At r = 2.117313:	q_mu = 4.31214	q_A  = 2.94057	Pmu = 0.01723	1-Pb  = 0.34461	CLs  = 0.04999
AsymptoticLimits.cc[337] : (in function: getCLs) - At r = 2.117149:	q_mu = 4.31183	q_A  = 2.94031	Pmu = 0.01723	1-Pb  = 0.34461	CLs  = 0.05000
AsymptoticLimits.cc[337] : (in function: getCLs) - At r = 2.117078:	q_mu = 4.31185	q_A  = 2.94018	Pmu = 0.01723	1-Pb  = 0.34459	CLs  = 0.05000
AsymptoticLimits.cc[337] : (in function: getCLs) - At r = 2.117038:	q_mu = 4.31175	q_A  = 2.94011	Pmu = 0.01723	1-Pb  = 0.34459	CLs  = 0.05000
AsymptoticLimits.cc[337] : (in function: getCLs) - At r = 2.117057:	q_mu = 4.31185	q_A  = 2.94017	Pmu = 0.01723	1-Pb  = 0.34459	CLs  = 0.05000
AsymptoticLimits.cc[337] : (in function: getCLs) - At r = 2.117048:	q_mu = 4.31179	q_A  = 2.94009	Pmu = 0.01723	1-Pb  = 0.34458	CLs  = 0.05000
