CascadeMinimizer.cc[188] : (in function: improveOnce) - Minimization configured with Type=Minuit2, Algo=Migrad, strategy=0, tolerance=0.1
CascadeMinimizer.cc[215] : (in function: improveOnce) - Minimization finished with status=0
CascadeMinimizer.cc[219] : (in function: improveOnce) - Minimization success! status=0
ToyMCSamplerOpt.cc[146] : (in function: generateAsimov) - Using internal logic for binned/unbinned Asimov dataset generation
ToyMCSamplerOpt.cc[214] : (in function: generateWithHisto) - Generating asimov with histogram for pdf pdf_binpass_LOW_obsOnly: in 3 x-bins
ToyMCSamplerOpt.cc[215] : (in function: generateWithHisto) -  , in 1 y-bins
ToyMCSamplerOpt.cc[146] : (in function: generateAsimov) - Using internal logic for binned/unbinned Asimov dataset generation
ToyMCSamplerOpt.cc[214] : (in function: generateWithHisto) - Generating asimov with histogram for pdf pdf_binpass_SIG_obsOnly: in 1 x-bins
ToyMCSamplerOpt.cc[215] : (in function: generateWithHisto) -  , in 1 y-bins
ToyMCSamplerOpt.cc[146] : (in function: generateAsimov) - Using internal logic for binned/unbinned Asimov dataset generation
ToyMCSamplerOpt.cc[214] : (in function: generateWithHisto) - Generating asimov with histogram for pdf pdf_binpass_HIGH_obsOnly: in 1 x-bins
ToyMCSamplerOpt.cc[215] : (in function: generateWithHisto) -  , in 1 y-bins
ToyMCSamplerOpt.cc[146] : (in function: generateAsimov) - Using internal logic for binned/unbinned Asimov dataset generation
ToyMCSamplerOpt.cc[214] : (in function: generateWithHisto) - Generating asimov with histogram for pdf pdf_binfail_LOW_obsOnly: in 3 x-bins
ToyMCSamplerOpt.cc[215] : (in function: generateWithHisto) -  , in 1 y-bins
ToyMCSamplerOpt.cc[146] : (in function: generateAsimov) - Using internal logic for binned/unbinned Asimov dataset generation
ToyMCSamplerOpt.cc[214] : (in function: generateWithHisto) - Generating asimov with histogram for pdf pdf_binfail_SIG_obsOnly: in 1 x-bins
ToyMCSamplerOpt.cc[215] : (in function: generateWithHisto) -  , in 1 y-bins
ToyMCSamplerOpt.cc[146] : (in function: generateAsimov) - Using internal logic for binned/unbinned Asimov dataset generation
ToyMCSamplerOpt.cc[214] : (in function: generateWithHisto) - Generating asimov with histogram for pdf pdf_binfail_HIGH_obsOnly: in 1 x-bins
ToyMCSamplerOpt.cc[215] : (in function: generateWithHisto) -  , in 1 y-bins
AsymptoticLimits.cc[428] : (in function: runLimitExpected) - Median for expected limits = 0.000541687, Sigma for expected limits = 0.000276376
AsymptoticLimits.cc[191] : (in function: runLimit) - NLL at global minimum of data = -30608.2 (r=0.000944137)
AsymptoticLimits.cc[211] : (in function: runLimit) - NLL at global minimum of asimov = -30784 (r=1.96413e-06)
AsymptoticLimits.cc[337] : (in function: getCLs) - At r = 1.200944:	q_mu = 31853.23410	q_A  = 32225.93618	Pmu = 0.00000	1-Pb  = 0.85108	CLs  = 0.00000
AsymptoticLimits.cc[337] : (in function: getCLs) - At r = 0.600944:	q_mu = 15675.12474	q_A  = 15998.51056	Pmu = 0.00000	1-Pb  = 0.90058	CLs  = 0.00000
AsymptoticLimits.cc[337] : (in function: getCLs) - At r = 0.300944:	q_mu = 7635.80693	q_A  = 7910.38330	Pmu = 0.00000	1-Pb  = 0.94029	CLs  = 0.00000
AsymptoticLimits.cc[337] : (in function: getCLs) - At r = 0.150944:	q_mu = 3664.39606	q_A  = 3891.17192	Pmu = 0.00000	1-Pb  = 0.96748	CLs  = 0.00000
AsymptoticLimits.cc[337] : (in function: getCLs) - At r = 0.075944:	q_mu = 1724.21302	q_A  = 1905.07678	Pmu = 0.00000	1-Pb  = 0.98315	CLs  = 0.00000
AsymptoticLimits.cc[337] : (in function: getCLs) - At r = 0.038444:	q_mu = 794.98269	q_A  = 933.22642	Pmu = 0.00000	1-Pb  = 0.99070	CLs  = 0.00000
AsymptoticLimits.cc[337] : (in function: getCLs) - At r = 0.019694:	q_mu = 351.88011	q_A  = 455.30680	Pmu = 0.00000	1-Pb  = 0.99505	CLs  = 0.00000
AsymptoticLimits.cc[337] : (in function: getCLs) - At r = 0.010319:	q_mu = 144.53419	q_A  = 218.25315	Pmu = 0.00000	1-Pb  = 0.99703	CLs  = 0.00000
AsymptoticLimits.cc[337] : (in function: getCLs) - At r = 0.005632:	q_mu = 54.87182	q_A  = 105.44774	Pmu = 0.00000	1-Pb  = 0.99789	CLs  = 0.00000
AsymptoticLimits.cc[337] : (in function: getCLs) - At r = 0.003288:	q_mu = 19.13004	q_A  = 53.32203	Pmu = 0.00001	1-Pb  = 0.99830	CLs  = 0.00001
AsymptoticLimits.cc[337] : (in function: getCLs) - At r = 0.002116:	q_mu = 6.09868	q_A  = 29.60488	Pmu = 0.00676	1-Pb  = 0.99852	CLs  = 0.00677
AsymptoticLimits.cc[337] : (in function: getCLs) - At r = 0.001530:	q_mu = 1.78979	q_A  = 18.81542	Pmu = 0.09048	1-Pb  = 0.99865	CLs  = 0.09060
AsymptoticLimits.cc[337] : (in function: getCLs) - At r = 0.001823:	q_mu = 3.70039	q_A  = 24.09238	Pmu = 0.02720	1-Pb  = 0.99858	CLs  = 0.02724
AsymptoticLimits.cc[337] : (in function: getCLs) - At r = 0.001705:	q_mu = 2.86313	q_A  = 21.92757	Pmu = 0.04532	1-Pb  = 0.99861	CLs  = 0.04538
AsymptoticLimits.cc[337] : (in function: getCLs) - At r = 0.001650:	q_mu = 2.50660	q_A  = 20.94559	Pmu = 0.05669	1-Pb  = 0.99862	CLs  = 0.05676
AsymptoticLimits.cc[337] : (in function: getCLs) - At r = 0.001675:	q_mu = 2.66593	q_A  = 21.38972	Pmu = 0.05126	1-Pb  = 0.99861	CLs  = 0.05133
AsymptoticLimits.cc[337] : (in function: getCLs) - At r = 0.001686:	q_mu = 2.73833	q_A  = 21.58863	Pmu = 0.04898	1-Pb  = 0.99861	CLs  = 0.04905
AsymptoticLimits.cc[337] : (in function: getCLs) - At r = 0.001680:	q_mu = 2.69933	q_A  = 21.48168	Pmu = 0.05020	1-Pb  = 0.99861	CLs  = 0.05027
AsymptoticLimits.cc[337] : (in function: getCLs) - At r = 0.001682:	q_mu = 2.71385	q_A  = 21.52157	Pmu = 0.04974	1-Pb  = 0.99861	CLs  = 0.04981
