CascadeMinimizer.cc[188] : (in function: improveOnce) - Minimization configured with Type=Minuit2, Algo=Migrad, strategy=0, tolerance=0.1
CascadeMinimizer.cc[215] : (in function: improveOnce) - Minimization finished with status=0
CascadeMinimizer.cc[219] : (in function: improveOnce) - Minimization success! status=0
ToyMCSamplerOpt.cc[146] : (in function: generateAsimov) - Using internal logic for binned/unbinned Asimov dataset generation
ToyMCSamplerOpt.cc[214] : (in function: generateWithHisto) - Generating asimov with histogram for pdf pdf_binpass_LOW_obsOnly: in 3 x-bins
ToyMCSamplerOpt.cc[215] : (in function: generateWithHisto) -  , in 1 y-bins
ToyMCSamplerOpt.cc[146] : (in function: generateAsimov) - Using internal logic for binned/unbinned Asimov dataset generation
ToyMCSamplerOpt.cc[214] : (in function: generateWithHisto) - Generating asimov with histogram for pdf pdf_binpass_SIG_obsOnly: in 1 x-bins
ToyMCSamplerOpt.cc[215] : (in function: generateWithHisto) -  , in 1 y-bins
ToyMCSamplerOpt.cc[146] : (in function: generateAsimov) - Using internal logic for binned/unbinned Asimov dataset generation
ToyMCSamplerOpt.cc[214] : (in function: generateWithHisto) - Generating asimov with histogram for pdf pdf_binpass_HIGH_obsOnly: in 3 x-bins
ToyMCSamplerOpt.cc[215] : (in function: generateWithHisto) -  , in 1 y-bins
ToyMCSamplerOpt.cc[146] : (in function: generateAsimov) - Using internal logic for binned/unbinned Asimov dataset generation
ToyMCSamplerOpt.cc[214] : (in function: generateWithHisto) - Generating asimov with histogram for pdf pdf_binfail_LOW_obsOnly: in 3 x-bins
ToyMCSamplerOpt.cc[215] : (in function: generateWithHisto) -  , in 1 y-bins
ToyMCSamplerOpt.cc[146] : (in function: generateAsimov) - Using internal logic for binned/unbinned Asimov dataset generation
ToyMCSamplerOpt.cc[214] : (in function: generateWithHisto) - Generating asimov with histogram for pdf pdf_binfail_SIG_obsOnly: in 1 x-bins
ToyMCSamplerOpt.cc[215] : (in function: generateWithHisto) -  , in 1 y-bins
ToyMCSamplerOpt.cc[146] : (in function: generateAsimov) - Using internal logic for binned/unbinned Asimov dataset generation
ToyMCSamplerOpt.cc[214] : (in function: generateWithHisto) - Generating asimov with histogram for pdf pdf_binfail_HIGH_obsOnly: in 3 x-bins
ToyMCSamplerOpt.cc[215] : (in function: generateWithHisto) -  , in 1 y-bins
AsymptoticLimits.cc[428] : (in function: runLimitExpected) - Median for expected limits = 27.5, Sigma for expected limits = 14.0309
AsymptoticLimits.cc[191] : (in function: runLimit) - NLL at global minimum of data = -678.284 (r=3.92863e-06)
AsymptoticLimits.cc[211] : (in function: runLimit) - NLL at global minimum of asimov = -678.47 (r=9.83348e-06)
AsymptoticLimits.cc[337] : (in function: getCLs) - At r = 13.801801:	q_mu = 2.25399	q_A  = 2.26600	Pmu = 0.06664	1-Pb  = 0.50159	CLs  = 0.13285
AsymptoticLimits.cc[337] : (in function: getCLs) - At r = 27.603601:	q_mu = 3.81580	q_A  = 3.85888	Pmu = 0.02539	1-Pb  = 0.50439	CLs  = 0.05033
AsymptoticLimits.cc[337] : (in function: getCLs) - At r = 55.207202:	q_mu = 6.12648	q_A  = 6.23062	Pmu = 0.00666	1-Pb  = 0.50836	CLs  = 0.01310
AsymptoticLimits.cc[337] : (in function: getCLs) - At r = 27.603603:	q_mu = 3.81568	q_A  = 3.85888	Pmu = 0.02539	1-Pb  = 0.50440	CLs  = 0.05033
AsymptoticLimits.cc[337] : (in function: getCLs) - At r = 41.405403:	q_mu = 5.06647	q_A  = 5.14110	Pmu = 0.01220	1-Pb  = 0.50659	CLs  = 0.02408
AsymptoticLimits.cc[337] : (in function: getCLs) - At r = 30.463111:	q_mu = 4.09489	q_A  = 4.14472	Pmu = 0.02151	1-Pb  = 0.50490	CLs  = 0.04260
AsymptoticLimits.cc[337] : (in function: getCLs) - At r = 28.266273:	q_mu = 3.88141	q_A  = 3.92623	Pmu = 0.02441	1-Pb  = 0.50452	CLs  = 0.04839
AsymptoticLimits.cc[337] : (in function: getCLs) - At r = 27.825138:	q_mu = 3.83765	q_A  = 3.88148	Pmu = 0.02506	1-Pb  = 0.50445	CLs  = 0.04967
AsymptoticLimits.cc[337] : (in function: getCLs) - At r = 27.692440:	q_mu = 3.82443	q_A  = 3.86794	Pmu = 0.02526	1-Pb  = 0.50443	CLs  = 0.05007
AsymptoticLimits.cc[337] : (in function: getCLs) - At r = 27.737008:	q_mu = 3.82886	q_A  = 3.87248	Pmu = 0.02519	1-Pb  = 0.50443	CLs  = 0.04993
AsymptoticLimits.cc[337] : (in function: getCLs) - At r = 27.710505:	q_mu = 3.82621	q_A  = 3.86977	Pmu = 0.02523	1-Pb  = 0.50443	CLs  = 0.05001
AsymptoticLimits.cc[337] : (in function: getCLs) - At r = 27.719482:	q_mu = 3.82711	q_A  = 3.87069	Pmu = 0.02521	1-Pb  = 0.50443	CLs  = 0.04999
AsymptoticLimits.cc[337] : (in function: getCLs) - At r = 27.714187:	q_mu = 3.82658	q_A  = 3.87015	Pmu = 0.02522	1-Pb  = 0.50443	CLs  = 0.05000
AsymptoticLimits.cc[337] : (in function: getCLs) - At r = 27.715984:	q_mu = 3.82676	q_A  = 3.87033	Pmu = 0.02522	1-Pb  = 0.50443	CLs  = 0.05000
AsymptoticLimits.cc[337] : (in function: getCLs) - At r = 27.714925:	q_mu = 3.82665	q_A  = 3.87022	Pmu = 0.02522	1-Pb  = 0.50443	CLs  = 0.05000
AsymptoticLimits.cc[337] : (in function: getCLs) - At r = 27.715284:	q_mu = 3.82669	q_A  = 3.87026	Pmu = 0.02522	1-Pb  = 0.50443	CLs  = 0.05000
AsymptoticLimits.cc[337] : (in function: getCLs) - At r = 27.715073:	q_mu = 3.82667	q_A  = 3.87024	Pmu = 0.02522	1-Pb  = 0.50443	CLs  = 0.05000
AsymptoticLimits.cc[337] : (in function: getCLs) - At r = 27.715153:	q_mu = 3.82666	q_A  = 3.87025	Pmu = 0.02522	1-Pb  = 0.50443	CLs  = 0.05000
