 <<< Combine >>> 
 <<< v10.0.1 >>>
>>> Random number generator seed is 123456
>>> Method used is FitDiagnostics
Set Default Value of Parameter mask_pass_SIG To : 1
Set Default Value of Parameter mask_pass_HIGH To : 1
Set Default Value of Parameter r To : 1
>>> 2 out of 6 channels masked

>> Found 15 floating parameters
>> The following parameters are protected in the event of negative eigenvalues:
>> Verifying eigenvalues are all positive (iteration 0)
Eigenvalue 14 : -0.00468799
 - 0.608246	CMS_EXO26004_Background_rpf_2x0_par3
 - 0.558654	CMS_EXO26004_Background_rpf_2x0_par2
 - -0.496371	CMS_EXO26004_Background_rpf_2x0_par1
 - -0.267505	CMS_EXO26004_Background_rpf_2x0_par0
 - 0.000703685	CMS_EXO26004_Background_fail_LOW_bin_2-1
>> Attempt 0 failed, remove the variable with largest eigenvector component...
>> Dropping CMS_EXO26004_Background_rpf_2x0_par3 from the hessian
>> Verifying eigenvalues are all positive (iteration 1)
>> All eigenvalues are positive
>> Inverting Hessian...
>> Matrix inverted
>> Note: the following parameters were dropped to make the covariance matrix pos-def:
     - CMS_EXO26004_Background_rpf_2x0_par3
 Fit B-only, status = 0, numBadNLL = 0, covariance quality = -1
Running Minos for POI r
>> Found 16 floating parameters
>> The following parameters are protected in the event of negative eigenvalues: r
>> Verifying eigenvalues are all positive (iteration 0)
Eigenvalue 14 : -0.00311201
 - 0.793578	r
 - -0.400902	CMS_EXO26004_Background_rpf_2x0_par2
 - -0.268273	CMS_EXO26004_Background_rpf_2x0_par3
 - 0.239243	CMS_EXO26004_Background_rpf_2x0_par0
 - -0.199363	CMS_EXO26004_Background_fail_HIGH_bin_3-1
Eigenvalue 15 : -0.00510408
 - 0.580155	CMS_EXO26004_Background_rpf_2x0_par1
 - -0.535668	CMS_EXO26004_Background_rpf_2x0_par3
 - -0.446439	CMS_EXO26004_Background_rpf_2x0_par2
 - -0.353109	r
 - 0.197218	CMS_EXO26004_Background_rpf_2x0_par0
>> Attempt 0 failed, remove the variable with largest eigenvector component...
>> Dropping CMS_EXO26004_Background_rpf_2x0_par1 from the hessian
>> Verifying eigenvalues are all positive (iteration 1)
Eigenvalue 14 : -0.00317265
 - 0.717302	r
 - -0.472411	CMS_EXO26004_Background_rpf_2x0_par2
 - -0.360447	CMS_EXO26004_Background_rpf_2x0_par3
 - 0.274138	CMS_EXO26004_Background_rpf_2x0_par0
 - -0.180151	CMS_EXO26004_Background_fail_HIGH_bin_3-1
>> Attempt 1 failed, remove the variable with largest eigenvector component...
>> Dropping CMS_EXO26004_Background_rpf_2x0_par2 from the hessian
>> Verifying eigenvalues are all positive (iteration 2)
Eigenvalue 13 : -0.000933843
 - -0.636836	r
 - 0.582855	CMS_EXO26004_Background_rpf_2x0_par3
 - -0.45726	CMS_EXO26004_Background_rpf_2x0_par0
 - 0.161802	CMS_EXO26004_Background_fail_HIGH_bin_3-1
 - 0.0882742	CMS_EXO26004_Background_fail_HIGH_bin_2-1
>> Attempt 2 failed, remove the variable with largest eigenvector component...
>> Dropping CMS_EXO26004_Background_rpf_2x0_par3 from the hessian
>> Verifying eigenvalues are all positive (iteration 3)
>> All eigenvalues are positive
>> Inverting Hessian...
>> Matrix inverted
>> Note: the following parameters were dropped to make the covariance matrix pos-def:
     - CMS_EXO26004_Background_rpf_2x0_par1
     - CMS_EXO26004_Background_rpf_2x0_par2
     - CMS_EXO26004_Background_rpf_2x0_par3
Fit S+B, status = 0, numBadNLL = 0, covariance quality = -1

 --- FitDiagnostics ---
Best fit r: 50  -50/+1.9706e-07  (68% CL)
Done in 0.01 min (cpu), 0.01 min (real)
27 log messages saved to combine_logger.out
