CascadeMinimizer.cc[188] : (in function: improveOnce) - Minimization configured with Type=Minuit2, Algo=Migrad, strategy=0, tolerance=0.1
CascadeMinimizer.cc[215] : (in function: improveOnce) - Minimization finished with status=0
CascadeMinimizer.cc[219] : (in function: improveOnce) - Minimization success! status=0
ToyMCSamplerOpt.cc[146] : (in function: generateAsimov) - Using internal logic for binned/unbinned Asimov dataset generation
ToyMCSamplerOpt.cc[214] : (in function: generateWithHisto) - Generating asimov with histogram for pdf pdf_binpass_LOW_obsOnly: in 3 x-bins
ToyMCSamplerOpt.cc[215] : (in function: generateWithHisto) -  , in 1 y-bins
ToyMCSamplerOpt.cc[146] : (in function: generateAsimov) - Using internal logic for binned/unbinned Asimov dataset generation
ToyMCSamplerOpt.cc[214] : (in function: generateWithHisto) - Generating asimov with histogram for pdf pdf_binpass_SIG_obsOnly: in 1 x-bins
ToyMCSamplerOpt.cc[215] : (in function: generateWithHisto) -  , in 1 y-bins
ToyMCSamplerOpt.cc[146] : (in function: generateAsimov) - Using internal logic for binned/unbinned Asimov dataset generation
ToyMCSamplerOpt.cc[214] : (in function: generateWithHisto) - Generating asimov with histogram for pdf pdf_binpass_HIGH_obsOnly: in 5 x-bins
ToyMCSamplerOpt.cc[215] : (in function: generateWithHisto) -  , in 1 y-bins
ToyMCSamplerOpt.cc[146] : (in function: generateAsimov) - Using internal logic for binned/unbinned Asimov dataset generation
ToyMCSamplerOpt.cc[214] : (in function: generateWithHisto) - Generating asimov with histogram for pdf pdf_binfail_LOW_obsOnly: in 3 x-bins
ToyMCSamplerOpt.cc[215] : (in function: generateWithHisto) -  , in 1 y-bins
ToyMCSamplerOpt.cc[146] : (in function: generateAsimov) - Using internal logic for binned/unbinned Asimov dataset generation
ToyMCSamplerOpt.cc[214] : (in function: generateWithHisto) - Generating asimov with histogram for pdf pdf_binfail_SIG_obsOnly: in 1 x-bins
ToyMCSamplerOpt.cc[215] : (in function: generateWithHisto) -  , in 1 y-bins
ToyMCSamplerOpt.cc[146] : (in function: generateAsimov) - Using internal logic for binned/unbinned Asimov dataset generation
ToyMCSamplerOpt.cc[214] : (in function: generateWithHisto) - Generating asimov with histogram for pdf pdf_binfail_HIGH_obsOnly: in 5 x-bins
ToyMCSamplerOpt.cc[215] : (in function: generateWithHisto) -  , in 1 y-bins
AsymptoticLimits.cc[428] : (in function: runLimitExpected) - Median for expected limits = 1.22656, Sigma for expected limits = 0.625809
AsymptoticLimits.cc[191] : (in function: runLimit) - NLL at global minimum of data = -761.908 (r=2.7262e-08)
AsymptoticLimits.cc[211] : (in function: runLimit) - NLL at global minimum of asimov = -760.639 (r=1.90735e-05)
AsymptoticLimits.cc[337] : (in function: getCLs) - At r = 43.676253:	q_mu = 156.32564	q_A  = 145.01383	Pmu = 0.00000	1-Pb  = 0.31929	CLs  = 0.00000
AsymptoticLimits.cc[337] : (in function: getCLs) - At r = 21.838127:	q_mu = 101.11918	q_A  = 90.68071	Pmu = 0.00000	1-Pb  = 0.29182	CLs  = 0.00000
AsymptoticLimits.cc[337] : (in function: getCLs) - At r = 10.919063:	q_mu = 63.26345	q_A  = 53.72675	Pmu = 0.00000	1-Pb  = 0.25767	CLs  = 0.00000
AsymptoticLimits.cc[337] : (in function: getCLs) - At r = 5.459532:	q_mu = 37.06537	q_A  = 28.56858	Pmu = 0.00000	1-Pb  = 0.21335	CLs  = 0.00000
AsymptoticLimits.cc[337] : (in function: getCLs) - At r = 2.729766:	q_mu = 20.26507	q_A  = 13.01451	Pmu = 0.00000	1-Pb  = 0.15747	CLs  = 0.00001
AsymptoticLimits.cc[337] : (in function: getCLs) - At r = 1.364883:	q_mu = 10.40367	q_A  = 4.64838	Pmu = 0.00024	1-Pb  = 0.09099	CLs  = 0.00265
AsymptoticLimits.cc[337] : (in function: getCLs) - At r = 0.682441:	q_mu = 5.11591	q_A  = 1.11945	Pmu = 0.00161	1-Pb  = 0.02947	CLs  = 0.05450
AsymptoticLimits.cc[337] : (in function: getCLs) - At r = 1.023662:	q_mu = 7.77246	q_A  = 2.72130	Pmu = 0.00073	1-Pb  = 0.06289	CLs  = 0.01168
AsymptoticLimits.cc[337] : (in function: getCLs) - At r = 0.853052:	q_mu = 6.44366	q_A  = 1.85870	Pmu = 0.00116	1-Pb  = 0.04633	CLs  = 0.02512
AsymptoticLimits.cc[337] : (in function: getCLs) - At r = 0.731746:	q_mu = 5.49741	q_A  = 1.31680	Pmu = 0.00149	1-Pb  = 0.03426	CLs  = 0.04359
AsymptoticLimits.cc[337] : (in function: getCLs) - At r = 0.707516:	q_mu = 5.30799	q_A  = 1.21793	Pmu = 0.00155	1-Pb  = 0.03194	CLs  = 0.04869
AsymptoticLimits.cc[337] : (in function: getCLs) - At r = 0.697772:	q_mu = 5.23208	q_A  = 1.17917	Pmu = 0.00158	1-Pb  = 0.03101	CLs  = 0.05090
AsymptoticLimits.cc[337] : (in function: getCLs) - At r = 0.702848:	q_mu = 5.27160	q_A  = 1.19928	Pmu = 0.00157	1-Pb  = 0.03149	CLs  = 0.04974
AsymptoticLimits.cc[337] : (in function: getCLs) - At r = 0.700901:	q_mu = 5.25643	q_A  = 1.19155	Pmu = 0.00157	1-Pb  = 0.03131	CLs  = 0.05018
AsymptoticLimits.cc[337] : (in function: getCLs) - At r = 0.701917:	q_mu = 5.26434	q_A  = 1.19558	Pmu = 0.00157	1-Pb  = 0.03140	CLs  = 0.04995
AsymptoticLimits.cc[337] : (in function: getCLs) - At r = 0.701528:	q_mu = 5.26131	q_A  = 1.19404	Pmu = 0.00157	1-Pb  = 0.03137	CLs  = 0.05004
AsymptoticLimits.cc[337] : (in function: getCLs) - At r = 0.701731:	q_mu = 5.26289	q_A  = 1.19484	Pmu = 0.00157	1-Pb  = 0.03139	CLs  = 0.04999
AsymptoticLimits.cc[337] : (in function: getCLs) - At r = 0.701654:	q_mu = 5.26228	q_A  = 1.19453	Pmu = 0.00157	1-Pb  = 0.03138	CLs  = 0.05001
AsymptoticLimits.cc[337] : (in function: getCLs) - At r = 0.701694:	q_mu = 5.26260	q_A  = 1.19470	Pmu = 0.00157	1-Pb  = 0.03138	CLs  = 0.05000
AsymptoticLimits.cc[337] : (in function: getCLs) - At r = 0.701679:	q_mu = 5.26248	q_A  = 1.19463	Pmu = 0.00157	1-Pb  = 0.03138	CLs  = 0.05000
AsymptoticLimits.cc[337] : (in function: getCLs) - At r = 0.701687:	q_mu = 5.26254	q_A  = 1.19467	Pmu = 0.00157	1-Pb  = 0.03138	CLs  = 0.05000
AsymptoticLimits.cc[337] : (in function: getCLs) - At r = 0.701684:	q_mu = 5.26252	q_A  = 1.19465	Pmu = 0.00157	1-Pb  = 0.03138	CLs  = 0.05000
