CascadeMinimizer.cc[188] : (in function: improveOnce) - Minimization configured with Type=Minuit2, Algo=Migrad, strategy=0, tolerance=0.1
CascadeMinimizer.cc[215] : (in function: improveOnce) - Minimization finished with status=0
CascadeMinimizer.cc[219] : (in function: improveOnce) - Minimization success! status=0
ToyMCSamplerOpt.cc[146] : (in function: generateAsimov) - Using internal logic for binned/unbinned Asimov dataset generation
ToyMCSamplerOpt.cc[214] : (in function: generateWithHisto) - Generating asimov with histogram for pdf pdf_binpass_LOW_obsOnly: in 3 x-bins
ToyMCSamplerOpt.cc[215] : (in function: generateWithHisto) -  , in 1 y-bins
ToyMCSamplerOpt.cc[146] : (in function: generateAsimov) - Using internal logic for binned/unbinned Asimov dataset generation
ToyMCSamplerOpt.cc[214] : (in function: generateWithHisto) - Generating asimov with histogram for pdf pdf_binpass_SIG_obsOnly: in 1 x-bins
ToyMCSamplerOpt.cc[215] : (in function: generateWithHisto) -  , in 1 y-bins
ToyMCSamplerOpt.cc[146] : (in function: generateAsimov) - Using internal logic for binned/unbinned Asimov dataset generation
ToyMCSamplerOpt.cc[214] : (in function: generateWithHisto) - Generating asimov with histogram for pdf pdf_binpass_HIGH_obsOnly: in 3 x-bins
ToyMCSamplerOpt.cc[215] : (in function: generateWithHisto) -  , in 1 y-bins
ToyMCSamplerOpt.cc[146] : (in function: generateAsimov) - Using internal logic for binned/unbinned Asimov dataset generation
ToyMCSamplerOpt.cc[214] : (in function: generateWithHisto) - Generating asimov with histogram for pdf pdf_binfail_LOW_obsOnly: in 3 x-bins
ToyMCSamplerOpt.cc[215] : (in function: generateWithHisto) -  , in 1 y-bins
ToyMCSamplerOpt.cc[146] : (in function: generateAsimov) - Using internal logic for binned/unbinned Asimov dataset generation
ToyMCSamplerOpt.cc[214] : (in function: generateWithHisto) - Generating asimov with histogram for pdf pdf_binfail_SIG_obsOnly: in 1 x-bins
ToyMCSamplerOpt.cc[215] : (in function: generateWithHisto) -  , in 1 y-bins
ToyMCSamplerOpt.cc[146] : (in function: generateAsimov) - Using internal logic for binned/unbinned Asimov dataset generation
ToyMCSamplerOpt.cc[214] : (in function: generateWithHisto) - Generating asimov with histogram for pdf pdf_binfail_HIGH_obsOnly: in 3 x-bins
ToyMCSamplerOpt.cc[215] : (in function: generateWithHisto) -  , in 1 y-bins
AsymptoticLimits.cc[428] : (in function: runLimitExpected) - Median for expected limits = 0.230469, Sigma for expected limits = 0.117588
AsymptoticLimits.cc[191] : (in function: runLimit) - NLL at global minimum of data = -701.705 (r=6.94815e-08)
AsymptoticLimits.cc[211] : (in function: runLimit) - NLL at global minimum of asimov = -701.775 (r=1.04038e-08)
AsymptoticLimits.cc[337] : (in function: getCLs) - At r = 1.200000:	q_mu = 14.20503	q_A  = 14.19257	Pmu = 0.00008	1-Pb  = 0.49934	CLs  = 0.00016
AsymptoticLimits.cc[337] : (in function: getCLs) - At r = 0.600000:	q_mu = 8.50225	q_A  = 8.49286	Pmu = 0.00177	1-Pb  = 0.49936	CLs  = 0.00355
AsymptoticLimits.cc[337] : (in function: getCLs) - At r = 0.300000:	q_mu = 4.82845	q_A  = 4.82208	Pmu = 0.01400	1-Pb  = 0.49942	CLs  = 0.02803
AsymptoticLimits.cc[337] : (in function: getCLs) - At r = 0.150000:	q_mu = 2.62171	q_A  = 2.61780	Pmu = 0.05271	1-Pb  = 0.49952	CLs  = 0.10551
AsymptoticLimits.cc[337] : (in function: getCLs) - At r = 0.217600:	q_mu = 3.65657	q_A  = 3.65147	Pmu = 0.02792	1-Pb  = 0.49947	CLs  = 0.05591
AsymptoticLimits.cc[337] : (in function: getCLs) - At r = 0.244741:	q_mu = 4.05251	q_A  = 4.04693	Pmu = 0.02205	1-Pb  = 0.49945	CLs  = 0.04415
AsymptoticLimits.cc[337] : (in function: getCLs) - At r = 0.233303:	q_mu = 3.88690	q_A  = 3.88150	Pmu = 0.02433	1-Pb  = 0.49945	CLs  = 0.04872
AsymptoticLimits.cc[337] : (in function: getCLs) - At r = 0.227791:	q_mu = 3.80645	q_A  = 3.80113	Pmu = 0.02553	1-Pb  = 0.49946	CLs  = 0.05111
AsymptoticLimits.cc[337] : (in function: getCLs) - At r = 0.230914:	q_mu = 3.85209	q_A  = 3.84671	Pmu = 0.02484	1-Pb  = 0.49945	CLs  = 0.04974
AsymptoticLimits.cc[337] : (in function: getCLs) - At r = 0.229808:	q_mu = 3.83595	q_A  = 3.83058	Pmu = 0.02508	1-Pb  = 0.49945	CLs  = 0.05022
AsymptoticLimits.cc[337] : (in function: getCLs) - At r = 0.230432:	q_mu = 3.84505	q_A  = 3.83967	Pmu = 0.02495	1-Pb  = 0.49945	CLs  = 0.04995
AsymptoticLimits.cc[337] : (in function: getCLs) - At r = 0.230211:	q_mu = 3.84182	q_A  = 3.83645	Pmu = 0.02499	1-Pb  = 0.49945	CLs  = 0.05004
AsymptoticLimits.cc[337] : (in function: getCLs) - At r = 0.230336:	q_mu = 3.84364	q_A  = 3.83827	Pmu = 0.02497	1-Pb  = 0.49945	CLs  = 0.04999
AsymptoticLimits.cc[337] : (in function: getCLs) - At r = 0.230291:	q_mu = 3.84300	q_A  = 3.83762	Pmu = 0.02498	1-Pb  = 0.49945	CLs  = 0.05001
AsymptoticLimits.cc[337] : (in function: getCLs) - At r = 0.230316:	q_mu = 3.84336	q_A  = 3.83798	Pmu = 0.02497	1-Pb  = 0.49945	CLs  = 0.05000
AsymptoticLimits.cc[337] : (in function: getCLs) - At r = 0.230308:	q_mu = 3.84324	q_A  = 3.83785	Pmu = 0.02497	1-Pb  = 0.49945	CLs  = 0.05000
AsymptoticLimits.cc[337] : (in function: getCLs) - At r = 0.230313:	q_mu = 3.84331	q_A  = 3.83792	Pmu = 0.02497	1-Pb  = 0.49945	CLs  = 0.05000
