 <<< Combine >>> 
 <<< v10.0.1 >>>
>>> Random number generator seed is 123456
>>> Method used is FitDiagnostics
Set Default Value of Parameter mask_pass_SIG To : 1
Set Default Value of Parameter mask_pass_HIGH To : 1
Set Default Value of Parameter r To : 1
>>> 2 out of 6 channels masked

>> Found 15 floating parameters
>> The following parameters are protected in the event of negative eigenvalues:
>> Verifying eigenvalues are all positive (iteration 0)
Eigenvalue 14 : -0.00464857
 - 0.602838	CMS_EXO26004_Background_rpf_2x0_par3
 - 0.56093	CMS_EXO26004_Background_rpf_2x0_par2
 - -0.499679	CMS_EXO26004_Background_rpf_2x0_par1
 - -0.268819	CMS_EXO26004_Background_rpf_2x0_par0
 - 0.000716954	CMS_EXO26004_Background_fail_LOW_bin_2-1
>> Attempt 0 failed, remove the variable with largest eigenvector component...
>> Dropping CMS_EXO26004_Background_rpf_2x0_par3 from the hessian
>> Verifying eigenvalues are all positive (iteration 1)
>> All eigenvalues are positive
>> Inverting Hessian...
>> Matrix inverted
>> Note: the following parameters were dropped to make the covariance matrix pos-def:
     - CMS_EXO26004_Background_rpf_2x0_par3
 Fit B-only, status = 0, numBadNLL = 0, covariance quality = -1
Running Minos for POI r
>> Found 16 floating parameters
>> The following parameters are protected in the event of negative eigenvalues: r
>> Verifying eigenvalues are all positive (iteration 0)
Eigenvalue 15 : -0.0039996
 - 0.592679	CMS_EXO26004_Background_rpf_2x0_par3
 - 0.577291	CMS_EXO26004_Background_rpf_2x0_par2
 - -0.43237	CMS_EXO26004_Background_rpf_2x0_par1
 - -0.334303	CMS_EXO26004_Background_rpf_2x0_par0
 - -0.116622	r
>> Attempt 0 failed, remove the variable with largest eigenvector component...
>> Dropping CMS_EXO26004_Background_rpf_2x0_par3 from the hessian
>> Verifying eigenvalues are all positive (iteration 1)
Eigenvalue 14 : -0.000329499
 - -0.676691	r
 - 0.669047	CMS_EXO26004_Background_rpf_2x0_par2
 - 0.239329	CMS_EXO26004_Background_fail_HIGH_bin_2-1
 - 0.100963	CMS_EXO26004_Background_fail_HIGH_bin_3-1
 - 0.0991345	pT
>> Attempt 1 failed, remove the variable with largest eigenvector component...
>> Dropping CMS_EXO26004_Background_rpf_2x0_par2 from the hessian
>> Verifying eigenvalues are all positive (iteration 2)
>> All eigenvalues are positive
>> Inverting Hessian...
>> Matrix inverted
>> Note: the following parameters were dropped to make the covariance matrix pos-def:
     - CMS_EXO26004_Background_rpf_2x0_par3
     - CMS_EXO26004_Background_rpf_2x0_par2
Fit S+B, status = 0, numBadNLL = 0, covariance quality = -1

 --- FitDiagnostics ---
Best fit r: 50  -50/+1.34549e-07  (68% CL)
Done in 0.01 min (cpu), 0.01 min (real)
27 log messages saved to combine_logger.out
