CascadeMinimizer.cc[188] : (in function: improveOnce) - Minimization configured with Type=Minuit2, Algo=Migrad, strategy=0, tolerance=0.1
CascadeMinimizer.cc[215] : (in function: improveOnce) - Minimization finished with status=0
CascadeMinimizer.cc[219] : (in function: improveOnce) - Minimization success! status=0
ToyMCSamplerOpt.cc[146] : (in function: generateAsimov) - Using internal logic for binned/unbinned Asimov dataset generation
ToyMCSamplerOpt.cc[214] : (in function: generateWithHisto) - Generating asimov with histogram for pdf pdf_binpass_LOW_obsOnly: in 3 x-bins
ToyMCSamplerOpt.cc[215] : (in function: generateWithHisto) -  , in 1 y-bins
ToyMCSamplerOpt.cc[146] : (in function: generateAsimov) - Using internal logic for binned/unbinned Asimov dataset generation
ToyMCSamplerOpt.cc[214] : (in function: generateWithHisto) - Generating asimov with histogram for pdf pdf_binpass_SIG_obsOnly: in 1 x-bins
ToyMCSamplerOpt.cc[215] : (in function: generateWithHisto) -  , in 1 y-bins
ToyMCSamplerOpt.cc[146] : (in function: generateAsimov) - Using internal logic for binned/unbinned Asimov dataset generation
ToyMCSamplerOpt.cc[214] : (in function: generateWithHisto) - Generating asimov with histogram for pdf pdf_binpass_HIGH_obsOnly: in 5 x-bins
ToyMCSamplerOpt.cc[215] : (in function: generateWithHisto) -  , in 1 y-bins
ToyMCSamplerOpt.cc[146] : (in function: generateAsimov) - Using internal logic for binned/unbinned Asimov dataset generation
ToyMCSamplerOpt.cc[214] : (in function: generateWithHisto) - Generating asimov with histogram for pdf pdf_binfail_LOW_obsOnly: in 3 x-bins
ToyMCSamplerOpt.cc[215] : (in function: generateWithHisto) -  , in 1 y-bins
ToyMCSamplerOpt.cc[146] : (in function: generateAsimov) - Using internal logic for binned/unbinned Asimov dataset generation
ToyMCSamplerOpt.cc[214] : (in function: generateWithHisto) - Generating asimov with histogram for pdf pdf_binfail_SIG_obsOnly: in 1 x-bins
ToyMCSamplerOpt.cc[215] : (in function: generateWithHisto) -  , in 1 y-bins
ToyMCSamplerOpt.cc[146] : (in function: generateAsimov) - Using internal logic for binned/unbinned Asimov dataset generation
ToyMCSamplerOpt.cc[214] : (in function: generateWithHisto) - Generating asimov with histogram for pdf pdf_binfail_HIGH_obsOnly: in 5 x-bins
ToyMCSamplerOpt.cc[215] : (in function: generateWithHisto) -  , in 1 y-bins
AsymptoticLimits.cc[428] : (in function: runLimitExpected) - Median for expected limits = 0.365234, Sigma for expected limits = 0.186348
AsymptoticLimits.cc[191] : (in function: runLimit) - NLL at global minimum of data = -52.9497 (r=3.47305e-07)
AsymptoticLimits.cc[211] : (in function: runLimit) - NLL at global minimum of asimov = -52.7057 (r=5.32799e-07)
AsymptoticLimits.cc[337] : (in function: getCLs) - At r = 1.200000:	q_mu = 15.28001	q_A  = 12.17706	Pmu = 0.00004	1-Pb  = 0.32830	CLs  = 0.00013
AsymptoticLimits.cc[337] : (in function: getCLs) - At r = 0.600000:	q_mu = 7.01240	q_A  = 6.32438	Pmu = 0.00401	1-Pb  = 0.44560	CLs  = 0.00899
AsymptoticLimits.cc[337] : (in function: getCLs) - At r = 0.300000:	q_mu = 3.64808	q_A  = 3.14202	Pmu = 0.02773	1-Pb  = 0.44325	CLs  = 0.06255
AsymptoticLimits.cc[337] : (in function: getCLs) - At r = 0.450000:	q_mu = 5.36118	q_A  = 4.75565	Pmu = 0.01018	1-Pb  = 0.44479	CLs  = 0.02289
AsymptoticLimits.cc[337] : (in function: getCLs) - At r = 0.356737:	q_mu = 4.30347	q_A  = 3.75698	Pmu = 0.01880	1-Pb  = 0.44395	CLs  = 0.04234
AsymptoticLimits.cc[337] : (in function: getCLs) - At r = 0.326048:	q_mu = 3.95006	q_A  = 3.42501	Pmu = 0.02316	1-Pb  = 0.44360	CLs  = 0.05220
AsymptoticLimits.cc[337] : (in function: getCLs) - At r = 0.337238:	q_mu = 4.07922	q_A  = 3.54625	Pmu = 0.02145	1-Pb  = 0.44373	CLs  = 0.04834
AsymptoticLimits.cc[337] : (in function: getCLs) - At r = 0.331070:	q_mu = 4.00806	q_A  = 3.47946	Pmu = 0.02237	1-Pb  = 0.44366	CLs  = 0.05043
AsymptoticLimits.cc[337] : (in function: getCLs) - At r = 0.333302:	q_mu = 4.03381	q_A  = 3.50363	Pmu = 0.02204	1-Pb  = 0.44369	CLs  = 0.04966
AsymptoticLimits.cc[337] : (in function: getCLs) - At r = 0.332068:	q_mu = 4.01956	q_A  = 3.49026	Pmu = 0.02222	1-Pb  = 0.44367	CLs  = 0.05009
AsymptoticLimits.cc[337] : (in function: getCLs) - At r = 0.332515:	q_mu = 4.02471	q_A  = 3.49510	Pmu = 0.02215	1-Pb  = 0.44368	CLs  = 0.04993
AsymptoticLimits.cc[337] : (in function: getCLs) - At r = 0.332269:	q_mu = 4.02185	q_A  = 3.49243	Pmu = 0.02219	1-Pb  = 0.44368	CLs  = 0.05002
AsymptoticLimits.cc[337] : (in function: getCLs) - At r = 0.332359:	q_mu = 4.02288	q_A  = 3.49340	Pmu = 0.02218	1-Pb  = 0.44368	CLs  = 0.04999
AsymptoticLimits.cc[337] : (in function: getCLs) - At r = 0.332310:	q_mu = 4.02231	q_A  = 3.49287	Pmu = 0.02219	1-Pb  = 0.44368	CLs  = 0.05000
AsymptoticLimits.cc[337] : (in function: getCLs) - At r = 0.332328:	q_mu = 4.02251	q_A  = 3.49307	Pmu = 0.02218	1-Pb  = 0.44368	CLs  = 0.05000
AsymptoticLimits.cc[337] : (in function: getCLs) - At r = 0.332319:	q_mu = 4.02239	q_A  = 3.49297	Pmu = 0.02218	1-Pb  = 0.44368	CLs  = 0.05000
AsymptoticLimits.cc[337] : (in function: getCLs) - At r = 0.332323:	q_mu = 4.02243	q_A  = 3.49301	Pmu = 0.02218	1-Pb  = 0.44368	CLs  = 0.05000
