 <<< Combine >>> 
 <<< v10.0.1 >>>
>>> Random number generator seed is 123456
>>> Method used is FitDiagnostics
Set Default Value of Parameter r To : 1
>>> 0 out of 6 channels masked

>> Found 14 floating parameters
>> The following parameters are protected in the event of negative eigenvalues:
>> Verifying eigenvalues are all positive (iteration 0)
>> All eigenvalues are positive
>> Inverting Hessian...
>> Matrix inverted
 Fit B-only, status = 0, numBadNLL = 0, covariance quality = -1
Running Minos for POI r
>> Found 15 floating parameters
>> The following parameters are protected in the event of negative eigenvalues: r
>> Verifying eigenvalues are all positive (iteration 0)
Eigenvalue 14 : -0.00104519
 - 0.995723	r
 - 0.0662062	RNN
 - -0.0551808	pT
 - -0.0242128	CMS_EXO26004_Background_rpf_1x0_par1
 - 0.0142521	CMS_EXO26004_Background_rpf_1x0_par0
>> Attempt 0 failed, remove the variable with largest eigenvector component...
>> Dropping RNN from the hessian
>> Verifying eigenvalues are all positive (iteration 1)
Eigenvalue 13 : -0.000197931
 - 0.997888	r
 - -0.0555453	pT
 - -0.0245261	CMS_EXO26004_Background_rpf_1x0_par1
 - 0.0145187	CMS_EXO26004_Background_rpf_1x0_par0
 - -0.0113645	CMS_EXO26004_Background_fail_HIGH_bin_1-1
>> Attempt 1 failed, remove the variable with largest eigenvector component...
>> Dropping pT from the hessian
>> Verifying eigenvalues are all positive (iteration 2)
>> All eigenvalues are positive
>> Inverting Hessian...
>> Matrix inverted
>> Note: the following parameters were dropped to make the covariance matrix pos-def:
     - RNN
     - pT
Fit S+B, status = 0, numBadNLL = 0, covariance quality = -1

 --- FitDiagnostics ---
Best fit r: 2.99698e-11  -2.99698e-11/+50  (68% CL)
Done in 0.00 min (cpu), 0.00 min (real)
21 log messages saved to combine_logger.out
