 <<< Combine >>> 
 <<< v10.0.1 >>>
>>> Random number generator seed is 123456
>>> Method used is FitDiagnostics
Set Default Value of Parameter mask_pass_SIG To : 1
Set Default Value of Parameter mask_pass_HIGH To : 1
Set Default Value of Parameter r To : 1
>>> 2 out of 6 channels masked

>> Found 16 floating parameters
>> The following parameters are protected in the event of negative eigenvalues:
>> Parameter CMS_AN23122_Background_rpf_2x0_par2 does not have a valid stencil and will be dropped
>> Verifying eigenvalues are all positive (iteration 0)
Eigenvalue 14 : -0.000167699
 - 0.734839	CMS_AN23122_Background_rpf_2x0_par3
 - -0.665864	CMS_AN23122_Background_rpf_2x0_par0
 - -0.128983	CMS_AN23122_Background_rpf_2x0_par1
 - 0.000383121	CMS_AN23122_Background_fail_LOW_bin_3-1
 - -0.000174586	CMS_AN23122_Background_fail_LOW_bin_1-1
>> Attempt 0 failed, remove the variable with largest eigenvector component...
>> Dropping CMS_AN23122_Background_rpf_2x0_par3 from the hessian
>> Verifying eigenvalues are all positive (iteration 1)
>> All eigenvalues are positive
>> Inverting Hessian...
>> Matrix inverted
>> Note: the following parameters were dropped as their ranges are either too narrow or the parameter has no effect on the NLL:
     - CMS_AN23122_Background_rpf_2x0_par2
>> Note: the following parameters were dropped to make the covariance matrix pos-def:
     - CMS_AN23122_Background_rpf_2x0_par3
 Fit B-only, status = 0, numBadNLL = 0, covariance quality = -1
Running Minos for POI r
>> Found 17 floating parameters
>> The following parameters are protected in the event of negative eigenvalues: r
>> Parameter CMS_AN23122_Background_rpf_2x0_par2 does not have a valid stencil and will be dropped
>> Verifying eigenvalues are all positive (iteration 0)
Eigenvalue 14 : -3.71969e-05
 - 0.699995	CMS_AN23122_Background_rpf_2x0_par3
 - -0.674928	CMS_AN23122_Background_rpf_2x0_par0
 - -0.18722	r
 - 0.133544	CMS_AN23122_Background_fail_HIGH_bin_1-1
 - 0.034724	CMS_AN23122_Background_rpf_2x0_par1
Eigenvalue 15 : -0.00337574
 - 0.651254	r
 - -0.540244	CMS_AN23122_Background_rpf_2x0_par1
 - -0.456851	CMS_AN23122_Background_fail_HIGH_bin_1-1
 - 0.264723	CMS_AN23122_Background_rpf_2x0_par3
 - -0.0465628	CMS_AN23122_Background_fail_SIG_bin_1-1
>> Attempt 0 failed, remove the variable with largest eigenvector component...
>> Dropping CMS_AN23122_Background_rpf_2x0_par1 from the hessian
>> Verifying eigenvalues are all positive (iteration 1)
Eigenvalue 14 : -5.20278e-05
 - -0.715764	CMS_AN23122_Background_rpf_2x0_par3
 - 0.676615	CMS_AN23122_Background_rpf_2x0_par0
 - 0.140202	r
 - -0.0999994	CMS_AN23122_Background_fail_HIGH_bin_1-1
 - -0.0101981	CMS_AN23122_Background_fail_SIG_bin_1-1
>> Attempt 1 failed, remove the variable with largest eigenvector component...
>> Dropping CMS_AN23122_Background_rpf_2x0_par3 from the hessian
>> Verifying eigenvalues are all positive (iteration 2)
>> All eigenvalues are positive
>> Inverting Hessian...
>> Matrix inverted
>> Note: the following parameters were dropped as their ranges are either too narrow or the parameter has no effect on the NLL:
     - CMS_AN23122_Background_rpf_2x0_par2
>> Note: the following parameters were dropped to make the covariance matrix pos-def:
     - CMS_AN23122_Background_rpf_2x0_par1
     - CMS_AN23122_Background_rpf_2x0_par3
Fit S+B, status = 0, numBadNLL = 0, covariance quality = -1

 --- FitDiagnostics ---
Best fit r: 1.77357e-08  -1.77357e-08/+50  (68% CL)
Done in 0.00 min (cpu), 0.00 min (real)
31 log messages saved to combine_logger.out
