CascadeMinimizer.cc[188] : (in function: improveOnce) - Minimization configured with Type=Minuit2, Algo=Migrad, strategy=0, tolerance=0.1
CascadeMinimizer.cc[215] : (in function: improveOnce) - Minimization finished with status=0
CascadeMinimizer.cc[219] : (in function: improveOnce) - Minimization success! status=0
ToyMCSamplerOpt.cc[146] : (in function: generateAsimov) - Using internal logic for binned/unbinned Asimov dataset generation
ToyMCSamplerOpt.cc[214] : (in function: generateWithHisto) - Generating asimov with histogram for pdf pdf_binpass_LOW_obsOnly: in 3 x-bins
ToyMCSamplerOpt.cc[215] : (in function: generateWithHisto) -  , in 1 y-bins
ToyMCSamplerOpt.cc[146] : (in function: generateAsimov) - Using internal logic for binned/unbinned Asimov dataset generation
ToyMCSamplerOpt.cc[214] : (in function: generateWithHisto) - Generating asimov with histogram for pdf pdf_binpass_SIG_obsOnly: in 1 x-bins
ToyMCSamplerOpt.cc[215] : (in function: generateWithHisto) -  , in 1 y-bins
ToyMCSamplerOpt.cc[146] : (in function: generateAsimov) - Using internal logic for binned/unbinned Asimov dataset generation
ToyMCSamplerOpt.cc[214] : (in function: generateWithHisto) - Generating asimov with histogram for pdf pdf_binpass_HIGH_obsOnly: in 5 x-bins
ToyMCSamplerOpt.cc[215] : (in function: generateWithHisto) -  , in 1 y-bins
ToyMCSamplerOpt.cc[146] : (in function: generateAsimov) - Using internal logic for binned/unbinned Asimov dataset generation
ToyMCSamplerOpt.cc[214] : (in function: generateWithHisto) - Generating asimov with histogram for pdf pdf_binfail_LOW_obsOnly: in 3 x-bins
ToyMCSamplerOpt.cc[215] : (in function: generateWithHisto) -  , in 1 y-bins
ToyMCSamplerOpt.cc[146] : (in function: generateAsimov) - Using internal logic for binned/unbinned Asimov dataset generation
ToyMCSamplerOpt.cc[214] : (in function: generateWithHisto) - Generating asimov with histogram for pdf pdf_binfail_SIG_obsOnly: in 1 x-bins
ToyMCSamplerOpt.cc[215] : (in function: generateWithHisto) -  , in 1 y-bins
ToyMCSamplerOpt.cc[146] : (in function: generateAsimov) - Using internal logic for binned/unbinned Asimov dataset generation
ToyMCSamplerOpt.cc[214] : (in function: generateWithHisto) - Generating asimov with histogram for pdf pdf_binfail_HIGH_obsOnly: in 5 x-bins
ToyMCSamplerOpt.cc[215] : (in function: generateWithHisto) -  , in 1 y-bins
AsymptoticLimits.cc[428] : (in function: runLimitExpected) - Median for expected limits = 0.617188, Sigma for expected limits = 0.314897
AsymptoticLimits.cc[191] : (in function: runLimit) - NLL at global minimum of data = -906.677 (r=1.00647e-07)
AsymptoticLimits.cc[211] : (in function: runLimit) - NLL at global minimum of asimov = -906.071 (r=1.68536e-08)
AsymptoticLimits.cc[337] : (in function: getCLs) - At r = 1.200000:	q_mu = 7.10195	q_A  = 7.05982	Pmu = 0.00385	1-Pb  = 0.49684	CLs  = 0.00775
AsymptoticLimits.cc[337] : (in function: getCLs) - At r = 0.600000:	q_mu = 3.75841	q_A  = 3.73413	Pmu = 0.02627	1-Pb  = 0.49749	CLs  = 0.05281
AsymptoticLimits.cc[337] : (in function: getCLs) - At r = 0.900000:	q_mu = 5.47393	q_A  = 5.44012	Pmu = 0.00965	1-Pb  = 0.49711	CLs  = 0.01941
AsymptoticLimits.cc[337] : (in function: getCLs) - At r = 0.673096:	q_mu = 4.18519	q_A  = 4.15845	Pmu = 0.02039	1-Pb  = 0.49738	CLs  = 0.04099
AsymptoticLimits.cc[337] : (in function: getCLs) - At r = 0.627227:	q_mu = 3.91806	q_A  = 3.89286	Pmu = 0.02388	1-Pb  = 0.49745	CLs  = 0.04801
AsymptoticLimits.cc[337] : (in function: getCLs) - At r = 0.612500:	q_mu = 3.83182	q_A  = 3.80711	Pmu = 0.02514	1-Pb  = 0.49747	CLs  = 0.05054
AsymptoticLimits.cc[337] : (in function: getCLs) - At r = 0.617922:	q_mu = 3.86358	q_A  = 3.83869	Pmu = 0.02467	1-Pb  = 0.49747	CLs  = 0.04959
AsymptoticLimits.cc[337] : (in function: getCLs) - At r = 0.614974:	q_mu = 3.84630	q_A  = 3.82151	Pmu = 0.02493	1-Pb  = 0.49747	CLs  = 0.05011
AsymptoticLimits.cc[337] : (in function: getCLs) - At r = 0.616058:	q_mu = 3.85266	q_A  = 3.82783	Pmu = 0.02483	1-Pb  = 0.49747	CLs  = 0.04992
AsymptoticLimits.cc[337] : (in function: getCLs) - At r = 0.615469:	q_mu = 3.84920	q_A  = 3.82439	Pmu = 0.02488	1-Pb  = 0.49747	CLs  = 0.05002
AsymptoticLimits.cc[337] : (in function: getCLs) - At r = 0.615685:	q_mu = 3.85047	q_A  = 3.82566	Pmu = 0.02487	1-Pb  = 0.49747	CLs  = 0.04998
AsymptoticLimits.cc[337] : (in function: getCLs) - At r = 0.615568:	q_mu = 3.84978	q_A  = 3.82497	Pmu = 0.02488	1-Pb  = 0.49747	CLs  = 0.05000
AsymptoticLimits.cc[337] : (in function: getCLs) - At r = 0.615611:	q_mu = 3.85004	q_A  = 3.82522	Pmu = 0.02487	1-Pb  = 0.49747	CLs  = 0.05000
AsymptoticLimits.cc[337] : (in function: getCLs) - At r = 0.615587:	q_mu = 3.84990	q_A  = 3.82508	Pmu = 0.02487	1-Pb  = 0.49747	CLs  = 0.05000
AsymptoticLimits.cc[337] : (in function: getCLs) - At r = 0.615596:	q_mu = 3.84995	q_A  = 3.82513	Pmu = 0.02487	1-Pb  = 0.49747	CLs  = 0.05000
AsymptoticLimits.cc[337] : (in function: getCLs) - At r = 0.615591:	q_mu = 3.84992	q_A  = 3.82511	Pmu = 0.02487	1-Pb  = 0.49747	CLs  = 0.05000
