CascadeMinimizer.cc[188] : (in function: improveOnce) - Minimization configured with Type=Minuit2, Algo=Migrad, strategy=0, tolerance=0.1
CascadeMinimizer.cc[215] : (in function: improveOnce) - Minimization finished with status=0
CascadeMinimizer.cc[219] : (in function: improveOnce) - Minimization success! status=0
ToyMCSamplerOpt.cc[146] : (in function: generateAsimov) - Using internal logic for binned/unbinned Asimov dataset generation
ToyMCSamplerOpt.cc[214] : (in function: generateWithHisto) - Generating asimov with histogram for pdf pdf_binpass_LOW_obsOnly: in 2 x-bins
ToyMCSamplerOpt.cc[215] : (in function: generateWithHisto) -  , in 1 y-bins
ToyMCSamplerOpt.cc[146] : (in function: generateAsimov) - Using internal logic for binned/unbinned Asimov dataset generation
ToyMCSamplerOpt.cc[214] : (in function: generateWithHisto) - Generating asimov with histogram for pdf pdf_binpass_SIG_obsOnly: in 1 x-bins
ToyMCSamplerOpt.cc[215] : (in function: generateWithHisto) -  , in 1 y-bins
ToyMCSamplerOpt.cc[146] : (in function: generateAsimov) - Using internal logic for binned/unbinned Asimov dataset generation
ToyMCSamplerOpt.cc[214] : (in function: generateWithHisto) - Generating asimov with histogram for pdf pdf_binpass_HIGH_obsOnly: in 9 x-bins
ToyMCSamplerOpt.cc[215] : (in function: generateWithHisto) -  , in 1 y-bins
ToyMCSamplerOpt.cc[146] : (in function: generateAsimov) - Using internal logic for binned/unbinned Asimov dataset generation
ToyMCSamplerOpt.cc[214] : (in function: generateWithHisto) - Generating asimov with histogram for pdf pdf_binfail_LOW_obsOnly: in 2 x-bins
ToyMCSamplerOpt.cc[215] : (in function: generateWithHisto) -  , in 1 y-bins
ToyMCSamplerOpt.cc[146] : (in function: generateAsimov) - Using internal logic for binned/unbinned Asimov dataset generation
ToyMCSamplerOpt.cc[214] : (in function: generateWithHisto) - Generating asimov with histogram for pdf pdf_binfail_SIG_obsOnly: in 1 x-bins
ToyMCSamplerOpt.cc[215] : (in function: generateWithHisto) -  , in 1 y-bins
ToyMCSamplerOpt.cc[146] : (in function: generateAsimov) - Using internal logic for binned/unbinned Asimov dataset generation
ToyMCSamplerOpt.cc[214] : (in function: generateWithHisto) - Generating asimov with histogram for pdf pdf_binfail_HIGH_obsOnly: in 9 x-bins
ToyMCSamplerOpt.cc[215] : (in function: generateWithHisto) -  , in 1 y-bins
AsymptoticLimits.cc[428] : (in function: runLimitExpected) - Median for expected limits = 1.41406, Sigma for expected limits = 0.721474
AsymptoticLimits.cc[191] : (in function: runLimit) - NLL at global minimum of data = -547.525 (r=4.39516e-09)
AsymptoticLimits.cc[211] : (in function: runLimit) - NLL at global minimum of asimov = -546.863 (r=2.12877e-06)
AsymptoticLimits.cc[337] : (in function: getCLs) - At r = 1.200000:	q_mu = 4.63583	q_A  = 3.19571	Pmu = 0.01425	1-Pb  = 0.34355	CLs  = 0.04147
AsymptoticLimits.cc[337] : (in function: getCLs) - At r = 0.600000:	q_mu = 2.39815	q_A  = 1.38633	Pmu = 0.05402	1-Pb  = 0.33372	CLs  = 0.16186
AsymptoticLimits.cc[337] : (in function: getCLs) - At r = 0.900000:	q_mu = 3.53399	q_A  = 2.28208	Pmu = 0.02711	1-Pb  = 0.33931	CLs  = 0.07991
AsymptoticLimits.cc[337] : (in function: getCLs) - At r = 1.071536:	q_mu = 4.16792	q_A  = 2.80349	Pmu = 0.01868	1-Pb  = 0.34184	CLs  = 0.05465
AsymptoticLimits.cc[337] : (in function: getCLs) - At r = 1.130312:	q_mu = 4.38273	q_A  = 2.98290	Pmu = 0.01649	1-Pb  = 0.34265	CLs  = 0.04812
AsymptoticLimits.cc[337] : (in function: getCLs) - At r = 1.104394:	q_mu = 4.28819	q_A  = 2.90372	Pmu = 0.01742	1-Pb  = 0.34229	CLs  = 0.05089
AsymptoticLimits.cc[337] : (in function: getCLs) - At r = 1.116101:	q_mu = 4.33091	q_A  = 2.93945	Pmu = 0.01699	1-Pb  = 0.34245	CLs  = 0.04962
AsymptoticLimits.cc[337] : (in function: getCLs) - At r = 1.110912:	q_mu = 4.31203	q_A  = 2.92361	Pmu = 0.01718	1-Pb  = 0.34237	CLs  = 0.05017
AsymptoticLimits.cc[337] : (in function: getCLs) - At r = 1.113246:	q_mu = 4.32054	q_A  = 2.93073	Pmu = 0.01709	1-Pb  = 0.34240	CLs  = 0.04992
AsymptoticLimits.cc[337] : (in function: getCLs) - At r = 1.112206:	q_mu = 4.31674	q_A  = 2.92756	Pmu = 0.01713	1-Pb  = 0.34239	CLs  = 0.05004
AsymptoticLimits.cc[337] : (in function: getCLs) - At r = 1.112674:	q_mu = 4.31857	q_A  = 2.92906	Pmu = 0.01711	1-Pb  = 0.34239	CLs  = 0.04998
AsymptoticLimits.cc[337] : (in function: getCLs) - At r = 1.112450:	q_mu = 4.31774	q_A  = 2.92831	Pmu = 0.01712	1-Pb  = 0.34238	CLs  = 0.05001
AsymptoticLimits.cc[337] : (in function: getCLs) - At r = 1.112540:	q_mu = 4.31806	q_A  = 2.92858	Pmu = 0.01712	1-Pb  = 0.34238	CLs  = 0.05000
AsymptoticLimits.cc[337] : (in function: getCLs) - At r = 1.112498:	q_mu = 4.31807	q_A  = 2.92845	Pmu = 0.01712	1-Pb  = 0.34236	CLs  = 0.05000
AsymptoticLimits.cc[337] : (in function: getCLs) - At r = 1.112480:	q_mu = 4.31798	q_A  = 2.92848	Pmu = 0.01712	1-Pb  = 0.34238	CLs  = 0.05000
AsymptoticLimits.cc[337] : (in function: getCLs) - At r = 1.112473:	q_mu = 4.31801	q_A  = 2.92839	Pmu = 0.01712	1-Pb  = 0.34236	CLs  = 0.05000
AsymptoticLimits.cc[337] : (in function: getCLs) - At r = 1.112468:	q_mu = 4.31795	q_A  = 2.92837	Pmu = 0.01712	1-Pb  = 0.34237	CLs  = 0.05000
AsymptoticLimits.cc[337] : (in function: getCLs) - At r = 1.112472:	q_mu = 4.31795	q_A  = 2.92838	Pmu = 0.01712	1-Pb  = 0.34237	CLs  = 0.05000
