CascadeMinimizer.cc[188] : (in function: improveOnce) - Minimization configured with Type=Minuit2, Algo=Migrad, strategy=0, tolerance=0.1
CascadeMinimizer.cc[215] : (in function: improveOnce) - Minimization finished with status=0
CascadeMinimizer.cc[219] : (in function: improveOnce) - Minimization success! status=0
ToyMCSamplerOpt.cc[146] : (in function: generateAsimov) - Using internal logic for binned/unbinned Asimov dataset generation
ToyMCSamplerOpt.cc[214] : (in function: generateWithHisto) - Generating asimov with histogram for pdf pdf_binpass_LOW_obsOnly: in 3 x-bins
ToyMCSamplerOpt.cc[215] : (in function: generateWithHisto) -  , in 1 y-bins
ToyMCSamplerOpt.cc[146] : (in function: generateAsimov) - Using internal logic for binned/unbinned Asimov dataset generation
ToyMCSamplerOpt.cc[214] : (in function: generateWithHisto) - Generating asimov with histogram for pdf pdf_binpass_SIG_obsOnly: in 1 x-bins
ToyMCSamplerOpt.cc[215] : (in function: generateWithHisto) -  , in 1 y-bins
ToyMCSamplerOpt.cc[146] : (in function: generateAsimov) - Using internal logic for binned/unbinned Asimov dataset generation
ToyMCSamplerOpt.cc[214] : (in function: generateWithHisto) - Generating asimov with histogram for pdf pdf_binpass_HIGH_obsOnly: in 3 x-bins
ToyMCSamplerOpt.cc[215] : (in function: generateWithHisto) -  , in 1 y-bins
ToyMCSamplerOpt.cc[146] : (in function: generateAsimov) - Using internal logic for binned/unbinned Asimov dataset generation
ToyMCSamplerOpt.cc[214] : (in function: generateWithHisto) - Generating asimov with histogram for pdf pdf_binfail_LOW_obsOnly: in 3 x-bins
ToyMCSamplerOpt.cc[215] : (in function: generateWithHisto) -  , in 1 y-bins
ToyMCSamplerOpt.cc[146] : (in function: generateAsimov) - Using internal logic for binned/unbinned Asimov dataset generation
ToyMCSamplerOpt.cc[214] : (in function: generateWithHisto) - Generating asimov with histogram for pdf pdf_binfail_SIG_obsOnly: in 1 x-bins
ToyMCSamplerOpt.cc[215] : (in function: generateWithHisto) -  , in 1 y-bins
ToyMCSamplerOpt.cc[146] : (in function: generateAsimov) - Using internal logic for binned/unbinned Asimov dataset generation
ToyMCSamplerOpt.cc[214] : (in function: generateWithHisto) - Generating asimov with histogram for pdf pdf_binfail_HIGH_obsOnly: in 3 x-bins
ToyMCSamplerOpt.cc[215] : (in function: generateWithHisto) -  , in 1 y-bins
AsymptoticLimits.cc[428] : (in function: runLimitExpected) - Median for expected limits = 37, Sigma for expected limits = 18.8779
AsymptoticLimits.cc[191] : (in function: runLimit) - NLL at global minimum of data = -678.393 (r=1.76311e-06)
AsymptoticLimits.cc[211] : (in function: runLimit) - NLL at global minimum of asimov = -678.588 (r=6.97763e-07)
AsymptoticLimits.cc[337] : (in function: getCLs) - At r = 19.676230:	q_mu = 2.29964	q_A  = 2.37395	Pmu = 0.06470	1-Pb  = 0.50970	CLs  = 0.12694
AsymptoticLimits.cc[337] : (in function: getCLs) - At r = 39.352460:	q_mu = 3.93021	q_A  = 4.01486	Pmu = 0.02371	1-Pb  = 0.50847	CLs  = 0.04664
AsymptoticLimits.cc[337] : (in function: getCLs) - At r = 19.676231:	q_mu = 2.29965	q_A  = 2.37376	Pmu = 0.06470	1-Pb  = 0.50967	CLs  = 0.12695
AsymptoticLimits.cc[337] : (in function: getCLs) - At r = 34.322366:	q_mu = 3.55143	q_A  = 3.63478	Pmu = 0.02975	1-Pb  = 0.50877	CLs  = 0.05847
AsymptoticLimits.cc[337] : (in function: getCLs) - At r = 37.106893:	q_mu = 3.76372	q_A  = 3.84789	Pmu = 0.02619	1-Pb  = 0.50861	CLs  = 0.05149
AsymptoticLimits.cc[337] : (in function: getCLs) - At r = 38.088688:	q_mu = 3.83700	q_A  = 3.92134	Pmu = 0.02507	1-Pb  = 0.50854	CLs  = 0.04929
AsymptoticLimits.cc[337] : (in function: getCLs) - At r = 37.635346:	q_mu = 3.80325	q_A  = 3.88750	Pmu = 0.02558	1-Pb  = 0.50857	CLs  = 0.05029
AsymptoticLimits.cc[337] : (in function: getCLs) - At r = 37.830884:	q_mu = 3.81782	q_A  = 3.90211	Pmu = 0.02536	1-Pb  = 0.50856	CLs  = 0.04986
AsymptoticLimits.cc[337] : (in function: getCLs) - At r = 37.740073:	q_mu = 3.81106	q_A  = 3.89532	Pmu = 0.02546	1-Pb  = 0.50856	CLs  = 0.05006
AsymptoticLimits.cc[337] : (in function: getCLs) - At r = 37.779167:	q_mu = 3.81397	q_A  = 3.89824	Pmu = 0.02541	1-Pb  = 0.50856	CLs  = 0.04997
AsymptoticLimits.cc[337] : (in function: getCLs) - At r = 37.761027:	q_mu = 3.81262	q_A  = 3.89688	Pmu = 0.02543	1-Pb  = 0.50856	CLs  = 0.05001
AsymptoticLimits.cc[337] : (in function: getCLs) - At r = 37.768862:	q_mu = 3.81320	q_A  = 3.89746	Pmu = 0.02543	1-Pb  = 0.50856	CLs  = 0.04999
AsymptoticLimits.cc[337] : (in function: getCLs) - At r = 37.765245:	q_mu = 3.81293	q_A  = 3.89719	Pmu = 0.02543	1-Pb  = 0.50856	CLs  = 0.05000
AsymptoticLimits.cc[337] : (in function: getCLs) - At r = 37.766823:	q_mu = 3.81305	q_A  = 3.89730	Pmu = 0.02543	1-Pb  = 0.50856	CLs  = 0.05000
AsymptoticLimits.cc[337] : (in function: getCLs) - At r = 37.766109:	q_mu = 3.81300	q_A  = 3.89725	Pmu = 0.02543	1-Pb  = 0.50856	CLs  = 0.05000
AsymptoticLimits.cc[337] : (in function: getCLs) - At r = 37.766433:	q_mu = 3.81302	q_A  = 3.89727	Pmu = 0.02543	1-Pb  = 0.50856	CLs  = 0.05000
AsymptoticLimits.cc[337] : (in function: getCLs) - At r = 37.766299:	q_mu = 3.81301	q_A  = 3.89726	Pmu = 0.02543	1-Pb  = 0.50856	CLs  = 0.05000
