CascadeMinimizer.cc[188] : (in function: improveOnce) - Minimization configured with Type=Minuit2, Algo=Migrad, strategy=0, tolerance=0.1
CascadeMinimizer.cc[215] : (in function: improveOnce) - Minimization finished with status=0
CascadeMinimizer.cc[219] : (in function: improveOnce) - Minimization success! status=0
ToyMCSamplerOpt.cc[146] : (in function: generateAsimov) - Using internal logic for binned/unbinned Asimov dataset generation
ToyMCSamplerOpt.cc[214] : (in function: generateWithHisto) - Generating asimov with histogram for pdf pdf_binpass_LOW_obsOnly: in 3 x-bins
ToyMCSamplerOpt.cc[215] : (in function: generateWithHisto) -  , in 1 y-bins
ToyMCSamplerOpt.cc[146] : (in function: generateAsimov) - Using internal logic for binned/unbinned Asimov dataset generation
ToyMCSamplerOpt.cc[214] : (in function: generateWithHisto) - Generating asimov with histogram for pdf pdf_binpass_SIG_obsOnly: in 1 x-bins
ToyMCSamplerOpt.cc[215] : (in function: generateWithHisto) -  , in 1 y-bins
ToyMCSamplerOpt.cc[146] : (in function: generateAsimov) - Using internal logic for binned/unbinned Asimov dataset generation
ToyMCSamplerOpt.cc[214] : (in function: generateWithHisto) - Generating asimov with histogram for pdf pdf_binpass_HIGH_obsOnly: in 5 x-bins
ToyMCSamplerOpt.cc[215] : (in function: generateWithHisto) -  , in 1 y-bins
ToyMCSamplerOpt.cc[146] : (in function: generateAsimov) - Using internal logic for binned/unbinned Asimov dataset generation
ToyMCSamplerOpt.cc[214] : (in function: generateWithHisto) - Generating asimov with histogram for pdf pdf_binfail_LOW_obsOnly: in 3 x-bins
ToyMCSamplerOpt.cc[215] : (in function: generateWithHisto) -  , in 1 y-bins
ToyMCSamplerOpt.cc[146] : (in function: generateAsimov) - Using internal logic for binned/unbinned Asimov dataset generation
ToyMCSamplerOpt.cc[214] : (in function: generateWithHisto) - Generating asimov with histogram for pdf pdf_binfail_SIG_obsOnly: in 1 x-bins
ToyMCSamplerOpt.cc[215] : (in function: generateWithHisto) -  , in 1 y-bins
ToyMCSamplerOpt.cc[146] : (in function: generateAsimov) - Using internal logic for binned/unbinned Asimov dataset generation
ToyMCSamplerOpt.cc[214] : (in function: generateWithHisto) - Generating asimov with histogram for pdf pdf_binfail_HIGH_obsOnly: in 5 x-bins
ToyMCSamplerOpt.cc[215] : (in function: generateWithHisto) -  , in 1 y-bins
AsymptoticLimits.cc[428] : (in function: runLimitExpected) - Median for expected limits = 0.488281, Sigma for expected limits = 0.249128
AsymptoticLimits.cc[191] : (in function: runLimit) - NLL at global minimum of data = -50.9487 (r=1.56899e-07)
AsymptoticLimits.cc[211] : (in function: runLimit) - NLL at global minimum of asimov = -50.4718 (r=9.77499e-05)
AsymptoticLimits.cc[337] : (in function: getCLs) - At r = 1.200000:	q_mu = 11.41216	q_A  = 9.61554	Pmu = 0.00035	1-Pb  = 0.38603	CLs  = 0.00090
AsymptoticLimits.cc[337] : (in function: getCLs) - At r = 0.600000:	q_mu = 6.02033	q_A  = 4.77097	Pmu = 0.00675	1-Pb  = 0.38744	CLs  = 0.01742
AsymptoticLimits.cc[337] : (in function: getCLs) - At r = 0.300000:	q_mu = 3.10333	q_A  = 2.27674	Pmu = 0.03731	1-Pb  = 0.39208	CLs  = 0.09516
AsymptoticLimits.cc[337] : (in function: getCLs) - At r = 0.450976:	q_mu = 4.59191	q_A  = 3.53704	Pmu = 0.01534	1-Pb  = 0.38957	CLs  = 0.03938
AsymptoticLimits.cc[337] : (in function: getCLs) - At r = 0.388100:	q_mu = 3.97725	q_A  = 3.01379	Pmu = 0.02203	1-Pb  = 0.39070	CLs  = 0.05639
AsymptoticLimits.cc[337] : (in function: getCLs) - At r = 0.417521:	q_mu = 4.26575	q_A  = 3.25868	Pmu = 0.01857	1-Pb  = 0.39015	CLs  = 0.04761
AsymptoticLimits.cc[337] : (in function: getCLs) - At r = 0.404821:	q_mu = 4.14141	q_A  = 3.15292	Pmu = 0.01999	1-Pb  = 0.39037	CLs  = 0.05120
AsymptoticLimits.cc[337] : (in function: getCLs) - At r = 0.410680:	q_mu = 4.19881	q_A  = 3.20169	Pmu = 0.01932	1-Pb  = 0.39026	CLs  = 0.04951
AsymptoticLimits.cc[337] : (in function: getCLs) - At r = 0.408136:	q_mu = 4.17389	q_A  = 3.18049	Pmu = 0.01961	1-Pb  = 0.39031	CLs  = 0.05024
AsymptoticLimits.cc[337] : (in function: getCLs) - At r = 0.409307:	q_mu = 4.18536	q_A  = 3.19023	Pmu = 0.01948	1-Pb  = 0.39029	CLs  = 0.04990
AsymptoticLimits.cc[337] : (in function: getCLs) - At r = 0.408798:	q_mu = 4.18037	q_A  = 3.18599	Pmu = 0.01953	1-Pb  = 0.39030	CLs  = 0.05005
AsymptoticLimits.cc[337] : (in function: getCLs) - At r = 0.409033:	q_mu = 4.18267	q_A  = 3.18793	Pmu = 0.01951	1-Pb  = 0.39029	CLs  = 0.04998
AsymptoticLimits.cc[337] : (in function: getCLs) - At r = 0.408931:	q_mu = 4.18168	q_A  = 3.18708	Pmu = 0.01952	1-Pb  = 0.39029	CLs  = 0.05001
AsymptoticLimits.cc[337] : (in function: getCLs) - At r = 0.408978:	q_mu = 4.18214	q_A  = 3.18747	Pmu = 0.01951	1-Pb  = 0.39029	CLs  = 0.05000
AsymptoticLimits.cc[337] : (in function: getCLs) - At r = 0.408958:	q_mu = 4.18194	q_A  = 3.18730	Pmu = 0.01952	1-Pb  = 0.39029	CLs  = 0.05000
AsymptoticLimits.cc[337] : (in function: getCLs) - At r = 0.408968:	q_mu = 4.18203	q_A  = 3.18737	Pmu = 0.01951	1-Pb  = 0.39029	CLs  = 0.05000
AsymptoticLimits.cc[337] : (in function: getCLs) - At r = 0.408964:	q_mu = 4.18200	q_A  = 3.18733	Pmu = 0.01951	1-Pb  = 0.39029	CLs  = 0.05000
