CascadeMinimizer.cc[188] : (in function: improveOnce) - Minimization configured with Type=Minuit2, Algo=Migrad, strategy=0, tolerance=0.1
CascadeMinimizer.cc[215] : (in function: improveOnce) - Minimization finished with status=0
CascadeMinimizer.cc[219] : (in function: improveOnce) - Minimization success! status=0
ToyMCSamplerOpt.cc[146] : (in function: generateAsimov) - Using internal logic for binned/unbinned Asimov dataset generation
ToyMCSamplerOpt.cc[214] : (in function: generateWithHisto) - Generating asimov with histogram for pdf pdf_binpass_LOW_obsOnly: in 2 x-bins
ToyMCSamplerOpt.cc[215] : (in function: generateWithHisto) -  , in 1 y-bins
ToyMCSamplerOpt.cc[146] : (in function: generateAsimov) - Using internal logic for binned/unbinned Asimov dataset generation
ToyMCSamplerOpt.cc[214] : (in function: generateWithHisto) - Generating asimov with histogram for pdf pdf_binpass_SIG_obsOnly: in 1 x-bins
ToyMCSamplerOpt.cc[215] : (in function: generateWithHisto) -  , in 1 y-bins
ToyMCSamplerOpt.cc[146] : (in function: generateAsimov) - Using internal logic for binned/unbinned Asimov dataset generation
ToyMCSamplerOpt.cc[214] : (in function: generateWithHisto) - Generating asimov with histogram for pdf pdf_binpass_HIGH_obsOnly: in 9 x-bins
ToyMCSamplerOpt.cc[215] : (in function: generateWithHisto) -  , in 1 y-bins
ToyMCSamplerOpt.cc[146] : (in function: generateAsimov) - Using internal logic for binned/unbinned Asimov dataset generation
ToyMCSamplerOpt.cc[214] : (in function: generateWithHisto) - Generating asimov with histogram for pdf pdf_binfail_LOW_obsOnly: in 2 x-bins
ToyMCSamplerOpt.cc[215] : (in function: generateWithHisto) -  , in 1 y-bins
ToyMCSamplerOpt.cc[146] : (in function: generateAsimov) - Using internal logic for binned/unbinned Asimov dataset generation
ToyMCSamplerOpt.cc[214] : (in function: generateWithHisto) - Generating asimov with histogram for pdf pdf_binfail_SIG_obsOnly: in 1 x-bins
ToyMCSamplerOpt.cc[215] : (in function: generateWithHisto) -  , in 1 y-bins
ToyMCSamplerOpt.cc[146] : (in function: generateAsimov) - Using internal logic for binned/unbinned Asimov dataset generation
ToyMCSamplerOpt.cc[214] : (in function: generateWithHisto) - Generating asimov with histogram for pdf pdf_binfail_HIGH_obsOnly: in 9 x-bins
ToyMCSamplerOpt.cc[215] : (in function: generateWithHisto) -  , in 1 y-bins
AsymptoticLimits.cc[428] : (in function: runLimitExpected) - Median for expected limits = 8.20312, Sigma for expected limits = 4.18534
AsymptoticLimits.cc[191] : (in function: runLimit) - NLL at global minimum of data = -826.552 (r=7.73143)
AsymptoticLimits.cc[211] : (in function: runLimit) - NLL at global minimum of asimov = -822.437 (r=0.000884051)
AsymptoticLimits.cc[337] : (in function: getCLs) - At r = 12.183394:	q_mu = 6.45577	q_A  = 13.41114	Pmu = 0.00553	1-Pb  = 0.86892	CLs  = 0.00636
AsymptoticLimits.cc[337] : (in function: getCLs) - At r = 9.957411:	q_mu = 1.90591	q_A  = 7.25404	Pmu = 0.08371	1-Pb  = 0.90537	CLs  = 0.09246
AsymptoticLimits.cc[337] : (in function: getCLs) - At r = 11.070403:	q_mu = 3.93371	q_A  = 10.13576	Pmu = 0.02366	1-Pb  = 0.88499	CLs  = 0.02674
AsymptoticLimits.cc[337] : (in function: getCLs) - At r = 10.621198:	q_mu = 3.04829	q_A  = 8.91910	Pmu = 0.04041	1-Pb  = 0.89261	CLs  = 0.04527
AsymptoticLimits.cc[337] : (in function: getCLs) - At r = 10.414579:	q_mu = 2.67033	q_A  = 8.38288	Pmu = 0.05112	1-Pb  = 0.89638	CLs  = 0.05703
AsymptoticLimits.cc[337] : (in function: getCLs) - At r = 10.508746:	q_mu = 2.84025	q_A  = 8.62540	Pmu = 0.04597	1-Pb  = 0.89464	CLs  = 0.05138
AsymptoticLimits.cc[337] : (in function: getCLs) - At r = 10.550572:	q_mu = 2.91695	q_A  = 8.73409	Pmu = 0.04383	1-Pb  = 0.89388	CLs  = 0.04903
AsymptoticLimits.cc[337] : (in function: getCLs) - At r = 10.528192:	q_mu = 2.87578	q_A  = 8.67582	Pmu = 0.04496	1-Pb  = 0.89429	CLs  = 0.05028
AsymptoticLimits.cc[337] : (in function: getCLs) - At r = 10.536586:	q_mu = 2.89118	q_A  = 8.69765	Pmu = 0.04453	1-Pb  = 0.89414	CLs  = 0.04981
AsymptoticLimits.cc[337] : (in function: getCLs) - At r = 10.532118:	q_mu = 2.88297	q_A  = 8.68602	Pmu = 0.04476	1-Pb  = 0.89422	CLs  = 0.05006
AsymptoticLimits.cc[337] : (in function: getCLs) - At r = 10.533800:	q_mu = 2.88608	q_A  = 8.69040	Pmu = 0.04467	1-Pb  = 0.89419	CLs  = 0.04996
AsymptoticLimits.cc[337] : (in function: getCLs) - At r = 10.532903:	q_mu = 2.88442	q_A  = 8.68807	Pmu = 0.04472	1-Pb  = 0.89420	CLs  = 0.05001
AsymptoticLimits.cc[337] : (in function: getCLs) - At r = 10.533242:	q_mu = 2.88504	q_A  = 8.68895	Pmu = 0.04470	1-Pb  = 0.89420	CLs  = 0.04999
AsymptoticLimits.cc[337] : (in function: getCLs) - At r = 10.533064:	q_mu = 2.88473	q_A  = 8.68848	Pmu = 0.04471	1-Pb  = 0.89420	CLs  = 0.05000
AsymptoticLimits.cc[337] : (in function: getCLs) - At r = 10.533127:	q_mu = 2.88483	q_A  = 8.68865	Pmu = 0.04471	1-Pb  = 0.89420	CLs  = 0.05000
AsymptoticLimits.cc[337] : (in function: getCLs) - At r = 10.533093:	q_mu = 2.88477	q_A  = 8.68856	Pmu = 0.04471	1-Pb  = 0.89420	CLs  = 0.05000
