CascadeMinimizer.cc[188] : (in function: improveOnce) - Minimization configured with Type=Minuit2, Algo=Migrad, strategy=0, tolerance=0.1
CascadeMinimizer.cc[215] : (in function: improveOnce) - Minimization finished with status=0
CascadeMinimizer.cc[219] : (in function: improveOnce) - Minimization success! status=0
CascadeMinimizer.cc[188] : (in function: improveOnce) - Minimization configured with Type=Minuit2, Algo=Migrad, strategy=0, tolerance=0.1
CascadeMinimizer.cc[215] : (in function: improveOnce) - Minimization finished with status=0
CascadeMinimizer.cc[219] : (in function: improveOnce) - Minimization success! status=0
CascadeMinimizer.cc[188] : (in function: improveOnce) - Minimization configured with Type=Minuit2, Algo=Migrad, strategy=0, tolerance=0.1
CascadeMinimizer.cc[215] : (in function: improveOnce) - Minimization finished with status=0
CascadeMinimizer.cc[219] : (in function: improveOnce) - Minimization success! status=0
utils.cc[1040] : (in function: anyParameterAtBoundaries) - [WARNING] Found parameter CMS_AN23122_Background_rpf_2x0_par0 at boundary (within ~1sigma): 0.0750412+/-0.132187
utils.cc[1040] : (in function: anyParameterAtBoundaries) - [WARNING] Found parameter CMS_AN23122_Background_rpf_2x0_par1 at boundary (within ~1sigma): 0.552968+/-0.44428
utils.cc[1040] : (in function: anyParameterAtBoundaries) - [WARNING] Found parameter CMS_AN23122_Background_rpf_2x0_par2 at boundary (within ~1sigma): -0.0549284+/-0.36264
utils.cc[1040] : (in function: anyParameterAtBoundaries) - [WARNING] Found parameter CMS_AN23122_Background_rpf_2x0_par3 at boundary (within ~1sigma): 0.0158268+/-0.0277282
CascadeMinimizer.cc[483] : (in function: minimize) - [WARNING] After fit, some parameters are found at the boundary (within ~1sigma)
CascadeMinimizer.cc[188] : (in function: improveOnce) - Minimization configured with Type=Minuit2, Algo=Migrad, strategy=0, tolerance=0.1
CascadeMinimizer.cc[215] : (in function: improveOnce) - Minimization finished with status=0
CascadeMinimizer.cc[219] : (in function: improveOnce) - Minimization success! status=0
FitDiagnostics.cc[318] : (in function: runSpecific) -  Fit B-only, status = 0, numBadNLL = 0, covariance quality = -1
CascadeMinimizer.cc[188] : (in function: improveOnce) - Minimization configured with Type=Minuit2, Algo=Migrad, strategy=0, tolerance=0.1
CascadeMinimizer.cc[215] : (in function: improveOnce) - Minimization finished with status=0
CascadeMinimizer.cc[219] : (in function: improveOnce) - Minimization success! status=0
utils.cc[1040] : (in function: anyParameterAtBoundaries) - [WARNING] Found parameter CMS_AN23122_Background_rpf_2x0_par0 at boundary (within ~1sigma): 0.0985294+/-0.243137
utils.cc[1040] : (in function: anyParameterAtBoundaries) - [WARNING] Found parameter CMS_AN23122_Background_rpf_2x0_par1 at boundary (within ~1sigma): 0.575779+/-0.439602
utils.cc[1040] : (in function: anyParameterAtBoundaries) - [WARNING] Found parameter CMS_AN23122_Background_rpf_2x0_par2 at boundary (within ~1sigma): -0.00467939+/-0.407832
utils.cc[1040] : (in function: anyParameterAtBoundaries) - [WARNING] Found parameter CMS_AN23122_Background_rpf_2x0_par3 at boundary (within ~1sigma): 0.0120726+/-0.0336045
CascadeMinimizer.cc[483] : (in function: minimize) - [WARNING] After fit, some parameters are found at the boundary (within ~1sigma)
CascadeMinimizer.cc[188] : (in function: improveOnce) - Minimization configured with Type=Minuit2, Algo=Migrad, strategy=0, tolerance=0.1
CascadeMinimizer.cc[215] : (in function: improveOnce) - Minimization finished with status=0
CascadeMinimizer.cc[219] : (in function: improveOnce) - Minimization success! status=0
FitterAlgoBase.cc[344] : (in function: doFit) - Running Minos for POI r
FitDiagnostics.cc[443] : (in function: runSpecific) - Fit S+B, status = 0, numBadNLL = 0, covariance quality = -1
