CascadeMinimizer.cc[188] : (in function: improveOnce) - Minimization configured with Type=Minuit2, Algo=Migrad, strategy=0, tolerance=0.1
CascadeMinimizer.cc[215] : (in function: improveOnce) - Minimization finished with status=0
CascadeMinimizer.cc[219] : (in function: improveOnce) - Minimization success! status=0
ToyMCSamplerOpt.cc[146] : (in function: generateAsimov) - Using internal logic for binned/unbinned Asimov dataset generation
ToyMCSamplerOpt.cc[214] : (in function: generateWithHisto) - Generating asimov with histogram for pdf pdf_binpass_LOW_obsOnly: in 2 x-bins
ToyMCSamplerOpt.cc[215] : (in function: generateWithHisto) -  , in 1 y-bins
ToyMCSamplerOpt.cc[146] : (in function: generateAsimov) - Using internal logic for binned/unbinned Asimov dataset generation
ToyMCSamplerOpt.cc[214] : (in function: generateWithHisto) - Generating asimov with histogram for pdf pdf_binpass_SIG_obsOnly: in 1 x-bins
ToyMCSamplerOpt.cc[215] : (in function: generateWithHisto) -  , in 1 y-bins
ToyMCSamplerOpt.cc[146] : (in function: generateAsimov) - Using internal logic for binned/unbinned Asimov dataset generation
ToyMCSamplerOpt.cc[214] : (in function: generateWithHisto) - Generating asimov with histogram for pdf pdf_binpass_HIGH_obsOnly: in 9 x-bins
ToyMCSamplerOpt.cc[215] : (in function: generateWithHisto) -  , in 1 y-bins
ToyMCSamplerOpt.cc[146] : (in function: generateAsimov) - Using internal logic for binned/unbinned Asimov dataset generation
ToyMCSamplerOpt.cc[214] : (in function: generateWithHisto) - Generating asimov with histogram for pdf pdf_binfail_LOW_obsOnly: in 2 x-bins
ToyMCSamplerOpt.cc[215] : (in function: generateWithHisto) -  , in 1 y-bins
ToyMCSamplerOpt.cc[146] : (in function: generateAsimov) - Using internal logic for binned/unbinned Asimov dataset generation
ToyMCSamplerOpt.cc[214] : (in function: generateWithHisto) - Generating asimov with histogram for pdf pdf_binfail_SIG_obsOnly: in 1 x-bins
ToyMCSamplerOpt.cc[215] : (in function: generateWithHisto) -  , in 1 y-bins
ToyMCSamplerOpt.cc[146] : (in function: generateAsimov) - Using internal logic for binned/unbinned Asimov dataset generation
ToyMCSamplerOpt.cc[214] : (in function: generateWithHisto) - Generating asimov with histogram for pdf pdf_binfail_HIGH_obsOnly: in 9 x-bins
ToyMCSamplerOpt.cc[215] : (in function: generateWithHisto) -  , in 1 y-bins
AsymptoticLimits.cc[428] : (in function: runLimitExpected) - Median for expected limits = 0.319336, Sigma for expected limits = 0.16293
AsymptoticLimits.cc[191] : (in function: runLimit) - NLL at global minimum of data = -41.8592 (r=0.0392847)
AsymptoticLimits.cc[211] : (in function: runLimit) - NLL at global minimum of asimov = -43.5441 (r=0.00522643)
AsymptoticLimits.cc[337] : (in function: getCLs) - At r = 1.239285:	q_mu = 18.18455	q_A  = 22.86842	Pmu = 0.00001	1-Pb  = 0.69769	CLs  = 0.00001
AsymptoticLimits.cc[337] : (in function: getCLs) - At r = 0.639285:	q_mu = 6.74145	q_A  = 10.08897	Pmu = 0.00471	1-Pb  = 0.71900	CLs  = 0.00655
AsymptoticLimits.cc[337] : (in function: getCLs) - At r = 0.339285:	q_mu = 2.10197	q_A  = 4.18767	Pmu = 0.07355	1-Pb  = 0.72460	CLs  = 0.10151
AsymptoticLimits.cc[337] : (in function: getCLs) - At r = 0.489285:	q_mu = 4.23736	q_A  = 7.04196	Pmu = 0.01977	1-Pb  = 0.72414	CLs  = 0.02730
AsymptoticLimits.cc[337] : (in function: getCLs) - At r = 0.403998:	q_mu = 2.96255	q_A  = 5.38622	Pmu = 0.04261	1-Pb  = 0.72562	CLs  = 0.05872
AsymptoticLimits.cc[337] : (in function: getCLs) - At r = 0.435376:	q_mu = 3.41539	q_A  = 5.98681	Pmu = 0.03230	1-Pb  = 0.72532	CLs  = 0.04453
AsymptoticLimits.cc[337] : (in function: getCLs) - At r = 0.418580:	q_mu = 3.17044	q_A  = 5.66393	Pmu = 0.03749	1-Pb  = 0.72552	CLs  = 0.05167
AsymptoticLimits.cc[337] : (in function: getCLs) - At r = 0.424912:	q_mu = 3.26211	q_A  = 5.78530	Pmu = 0.03545	1-Pb  = 0.72546	CLs  = 0.04886
AsymptoticLimits.cc[337] : (in function: getCLs) - At r = 0.421564:	q_mu = 3.21353	q_A  = 5.72107	Pmu = 0.03652	1-Pb  = 0.72550	CLs  = 0.05033
AsymptoticLimits.cc[337] : (in function: getCLs) - At r = 0.422833:	q_mu = 3.23191	q_A  = 5.74540	Pmu = 0.03611	1-Pb  = 0.72548	CLs  = 0.04977
AsymptoticLimits.cc[337] : (in function: getCLs) - At r = 0.422164:	q_mu = 3.22221	q_A  = 5.73257	Pmu = 0.03632	1-Pb  = 0.72549	CLs  = 0.05007
AsymptoticLimits.cc[337] : (in function: getCLs) - At r = 0.422418:	q_mu = 3.22589	q_A  = 5.73744	Pmu = 0.03624	1-Pb  = 0.72549	CLs  = 0.04995
AsymptoticLimits.cc[337] : (in function: getCLs) - At r = 0.422285:	q_mu = 3.22395	q_A  = 5.73488	Pmu = 0.03628	1-Pb  = 0.72549	CLs  = 0.05001
AsymptoticLimits.cc[337] : (in function: getCLs) - At r = 0.422335:	q_mu = 3.22469	q_A  = 5.73585	Pmu = 0.03627	1-Pb  = 0.72549	CLs  = 0.04999
AsymptoticLimits.cc[337] : (in function: getCLs) - At r = 0.422309:	q_mu = 3.22430	q_A  = 5.73534	Pmu = 0.03628	1-Pb  = 0.72549	CLs  = 0.05000
AsymptoticLimits.cc[337] : (in function: getCLs) - At r = 0.422319:	q_mu = 3.22445	q_A  = 5.73553	Pmu = 0.03627	1-Pb  = 0.72549	CLs  = 0.05000
AsymptoticLimits.cc[337] : (in function: getCLs) - At r = 0.422314:	q_mu = 3.22437	q_A  = 5.73543	Pmu = 0.03627	1-Pb  = 0.72549	CLs  = 0.05000
AsymptoticLimits.cc[337] : (in function: getCLs) - At r = 0.422316:	q_mu = 3.22440	q_A  = 5.73547	Pmu = 0.03627	1-Pb  = 0.72549	CLs  = 0.05000
