 <<< Combine >>> 
 <<< v10.0.1 >>>
>>> Random number generator seed is 123456
>>> Method used is FitDiagnostics
Set Default Value of Parameter mask_pass_SIG To : 1
Set Default Value of Parameter mask_pass_HIGH To : 1
Set Default Value of Parameter r To : 1
>>> 2 out of 6 channels masked

>> Found 20 floating parameters
>> The following parameters are protected in the event of negative eigenvalues:
>> Parameter CMS_AN23122_Background_rpf_2x0_par2 does not have a valid stencil and will be dropped
>> Verifying eigenvalues are all positive (iteration 0)
Eigenvalue 18 : -7.55135e-05
 - 0.744671	CMS_AN23122_Background_rpf_2x0_par3
 - -0.65995	CMS_AN23122_Background_rpf_2x0_par0
 - -0.0996511	CMS_AN23122_Background_rpf_2x0_par1
 - 0.00028042	CMS_AN23122_Background_fail_LOW_bin_2-1
 - -0.000162518	CMS_AN23122_Background_fail_LOW_bin_1-1
>> Attempt 0 failed, remove the variable with largest eigenvector component...
>> Dropping CMS_AN23122_Background_rpf_2x0_par3 from the hessian
>> Verifying eigenvalues are all positive (iteration 1)
>> All eigenvalues are positive
>> Inverting Hessian...
>> Matrix inverted
>> Note: the following parameters were dropped as their ranges are either too narrow or the parameter has no effect on the NLL:
     - CMS_AN23122_Background_rpf_2x0_par2
>> Note: the following parameters were dropped to make the covariance matrix pos-def:
     - CMS_AN23122_Background_rpf_2x0_par3
 Fit B-only, status = 0, numBadNLL = 0, covariance quality = -1
Running Minos for POI r
>> Found 21 floating parameters
>> The following parameters are protected in the event of negative eigenvalues: r
>> Parameter CMS_AN23122_Background_rpf_2x0_par2 does not have a valid stencil and will be dropped
>> Verifying eigenvalues are all positive (iteration 0)
Eigenvalue 18 : -7.73774e-05
 - 0.72265	CMS_AN23122_Background_rpf_2x0_par3
 - -0.67496	CMS_AN23122_Background_rpf_2x0_par0
 - -0.0990146	r
 - 0.0873943	CMS_AN23122_Background_fail_HIGH_bin_2-1
 - -0.053355	CMS_AN23122_Background_rpf_2x0_par1
Eigenvalue 19 : -0.00246086
 - -0.678865	r
 - 0.592117	CMS_AN23122_Background_fail_HIGH_bin_2-1
 - 0.291772	CMS_AN23122_Background_fail_HIGH_bin_1-1
 - 0.281734	CMS_AN23122_Background_rpf_2x0_par1
 - -0.144305	CMS_AN23122_Background_rpf_2x0_par3
>> Attempt 0 failed, remove the variable with largest eigenvector component...
>> Dropping CMS_AN23122_Background_fail_HIGH_bin_2-1 from the hessian
>> Verifying eigenvalues are all positive (iteration 1)
Eigenvalue 18 : -0.000129168
 - 0.736803	CMS_AN23122_Background_rpf_2x0_par3
 - -0.669138	CMS_AN23122_Background_rpf_2x0_par0
 - -0.0967582	CMS_AN23122_Background_rpf_2x0_par1
 - 0.00332855	r
 - -0.00144702	CMS_AN23122_Background_fail_HIGH_bin_1-1
>> Attempt 1 failed, remove the variable with largest eigenvector component...
>> Dropping CMS_AN23122_Background_rpf_2x0_par3 from the hessian
>> Verifying eigenvalues are all positive (iteration 2)
>> All eigenvalues are positive
>> Inverting Hessian...
>> Matrix inverted
>> Note: the following parameters were dropped as their ranges are either too narrow or the parameter has no effect on the NLL:
     - CMS_AN23122_Background_rpf_2x0_par2
>> Note: the following parameters were dropped to make the covariance matrix pos-def:
     - CMS_AN23122_Background_fail_HIGH_bin_2-1
     - CMS_AN23122_Background_rpf_2x0_par3
Fit S+B, status = 0, numBadNLL = 0, covariance quality = -1

 --- FitDiagnostics ---
Best fit r: 0.540953  -0.540953/+49.459  (68% CL)
Done in 0.00 min (cpu), 0.00 min (real)
27 log messages saved to combine_logger.out
