CascadeMinimizer.cc[188] : (in function: improveOnce) - Minimization configured with Type=Minuit2, Algo=Migrad, strategy=0, tolerance=0.1
CascadeMinimizer.cc[215] : (in function: improveOnce) - Minimization finished with status=0
CascadeMinimizer.cc[219] : (in function: improveOnce) - Minimization success! status=0
ToyMCSamplerOpt.cc[146] : (in function: generateAsimov) - Using internal logic for binned/unbinned Asimov dataset generation
ToyMCSamplerOpt.cc[214] : (in function: generateWithHisto) - Generating asimov with histogram for pdf pdf_binpass_LOW_obsOnly: in 2 x-bins
ToyMCSamplerOpt.cc[215] : (in function: generateWithHisto) -  , in 1 y-bins
ToyMCSamplerOpt.cc[146] : (in function: generateAsimov) - Using internal logic for binned/unbinned Asimov dataset generation
ToyMCSamplerOpt.cc[214] : (in function: generateWithHisto) - Generating asimov with histogram for pdf pdf_binpass_SIG_obsOnly: in 1 x-bins
ToyMCSamplerOpt.cc[215] : (in function: generateWithHisto) -  , in 1 y-bins
ToyMCSamplerOpt.cc[146] : (in function: generateAsimov) - Using internal logic for binned/unbinned Asimov dataset generation
ToyMCSamplerOpt.cc[214] : (in function: generateWithHisto) - Generating asimov with histogram for pdf pdf_binpass_HIGH_obsOnly: in 9 x-bins
ToyMCSamplerOpt.cc[215] : (in function: generateWithHisto) -  , in 1 y-bins
ToyMCSamplerOpt.cc[146] : (in function: generateAsimov) - Using internal logic for binned/unbinned Asimov dataset generation
ToyMCSamplerOpt.cc[214] : (in function: generateWithHisto) - Generating asimov with histogram for pdf pdf_binfail_LOW_obsOnly: in 2 x-bins
ToyMCSamplerOpt.cc[215] : (in function: generateWithHisto) -  , in 1 y-bins
ToyMCSamplerOpt.cc[146] : (in function: generateAsimov) - Using internal logic for binned/unbinned Asimov dataset generation
ToyMCSamplerOpt.cc[214] : (in function: generateWithHisto) - Generating asimov with histogram for pdf pdf_binfail_SIG_obsOnly: in 1 x-bins
ToyMCSamplerOpt.cc[215] : (in function: generateWithHisto) -  , in 1 y-bins
ToyMCSamplerOpt.cc[146] : (in function: generateAsimov) - Using internal logic for binned/unbinned Asimov dataset generation
ToyMCSamplerOpt.cc[214] : (in function: generateWithHisto) - Generating asimov with histogram for pdf pdf_binfail_HIGH_obsOnly: in 9 x-bins
ToyMCSamplerOpt.cc[215] : (in function: generateWithHisto) -  , in 1 y-bins
AsymptoticLimits.cc[428] : (in function: runLimitExpected) - Median for expected limits = 1.44531, Sigma for expected limits = 0.737418
AsymptoticLimits.cc[191] : (in function: runLimit) - NLL at global minimum of data = -547.449 (r=1.52463e-08)
AsymptoticLimits.cc[211] : (in function: runLimit) - NLL at global minimum of asimov = -546.789 (r=4.64364e-07)
AsymptoticLimits.cc[337] : (in function: getCLs) - At r = 1.200000:	q_mu = 4.54008	q_A  = 3.11660	Pmu = 0.01506	1-Pb  = 0.34341	CLs  = 0.04385
AsymptoticLimits.cc[337] : (in function: getCLs) - At r = 0.600000:	q_mu = 2.35036	q_A  = 1.34853	Pmu = 0.05562	1-Pb  = 0.33310	CLs  = 0.16698
AsymptoticLimits.cc[337] : (in function: getCLs) - At r = 0.900000:	q_mu = 3.46247	q_A  = 2.22380	Pmu = 0.02829	1-Pb  = 0.33896	CLs  = 0.08346
AsymptoticLimits.cc[337] : (in function: getCLs) - At r = 1.091049:	q_mu = 4.15252	q_A  = 2.79152	Pmu = 0.01885	1-Pb  = 0.34190	CLs  = 0.05514
AsymptoticLimits.cc[337] : (in function: getCLs) - At r = 1.150051:	q_mu = 4.36295	q_A  = 2.96741	Pmu = 0.01668	1-Pb  = 0.34272	CLs  = 0.04868
AsymptoticLimits.cc[337] : (in function: getCLs) - At r = 1.128083:	q_mu = 4.28473	q_A  = 2.90187	Pmu = 0.01746	1-Pb  = 0.34241	CLs  = 0.05098
AsymptoticLimits.cc[337] : (in function: getCLs) - At r = 1.139849:	q_mu = 4.32669	q_A  = 2.93696	Pmu = 0.01704	1-Pb  = 0.34257	CLs  = 0.04973
AsymptoticLimits.cc[337] : (in function: getCLs) - At r = 1.135443:	q_mu = 4.31100	q_A  = 2.92381	Pmu = 0.01719	1-Pb  = 0.34251	CLs  = 0.05019
AsymptoticLimits.cc[337] : (in function: getCLs) - At r = 1.137794:	q_mu = 4.31936	q_A  = 2.93083	Pmu = 0.01711	1-Pb  = 0.34254	CLs  = 0.04995
AsymptoticLimits.cc[337] : (in function: getCLs) - At r = 1.136913:	q_mu = 4.31634	q_A  = 2.92820	Pmu = 0.01714	1-Pb  = 0.34252	CLs  = 0.05004
AsymptoticLimits.cc[337] : (in function: getCLs) - At r = 1.137372:	q_mu = 4.31796	q_A  = 2.92957	Pmu = 0.01712	1-Pb  = 0.34252	CLs  = 0.04999
AsymptoticLimits.cc[337] : (in function: getCLs) - At r = 1.137190:	q_mu = 4.31731	q_A  = 2.92910	Pmu = 0.01713	1-Pb  = 0.34253	CLs  = 0.05001
AsymptoticLimits.cc[337] : (in function: getCLs) - At r = 1.137279:	q_mu = 4.31778	q_A  = 2.92930	Pmu = 0.01712	1-Pb  = 0.34251	CLs  = 0.04999
AsymptoticLimits.cc[337] : (in function: getCLs) - At r = 1.137231:	q_mu = 4.31759	q_A  = 2.92915	Pmu = 0.01713	1-Pb  = 0.34251	CLs  = 0.05000
AsymptoticLimits.cc[337] : (in function: getCLs) - At r = 1.137244:	q_mu = 4.31769	q_A  = 2.92919	Pmu = 0.01712	1-Pb  = 0.34250	CLs  = 0.05000
AsymptoticLimits.cc[337] : (in function: getCLs) - At r = 1.137235:	q_mu = 4.31762	q_A  = 2.92916	Pmu = 0.01713	1-Pb  = 0.34251	CLs  = 0.05000
AsymptoticLimits.cc[337] : (in function: getCLs) - At r = 1.137233:	q_mu = 4.31760	q_A  = 2.92923	Pmu = 0.01713	1-Pb  = 0.34252	CLs  = 0.05000
