CascadeMinimizer.cc[188] : (in function: improveOnce) - Minimization configured with Type=Minuit2, Algo=Migrad, strategy=0, tolerance=0.1
CascadeMinimizer.cc[215] : (in function: improveOnce) - Minimization finished with status=0
CascadeMinimizer.cc[219] : (in function: improveOnce) - Minimization success! status=0
ToyMCSamplerOpt.cc[146] : (in function: generateAsimov) - Using internal logic for binned/unbinned Asimov dataset generation
ToyMCSamplerOpt.cc[214] : (in function: generateWithHisto) - Generating asimov with histogram for pdf pdf_binpass_LOW_obsOnly: in 3 x-bins
ToyMCSamplerOpt.cc[215] : (in function: generateWithHisto) -  , in 1 y-bins
ToyMCSamplerOpt.cc[146] : (in function: generateAsimov) - Using internal logic for binned/unbinned Asimov dataset generation
ToyMCSamplerOpt.cc[214] : (in function: generateWithHisto) - Generating asimov with histogram for pdf pdf_binpass_SIG_obsOnly: in 1 x-bins
ToyMCSamplerOpt.cc[215] : (in function: generateWithHisto) -  , in 1 y-bins
ToyMCSamplerOpt.cc[146] : (in function: generateAsimov) - Using internal logic for binned/unbinned Asimov dataset generation
ToyMCSamplerOpt.cc[214] : (in function: generateWithHisto) - Generating asimov with histogram for pdf pdf_binpass_HIGH_obsOnly: in 3 x-bins
ToyMCSamplerOpt.cc[215] : (in function: generateWithHisto) -  , in 1 y-bins
ToyMCSamplerOpt.cc[146] : (in function: generateAsimov) - Using internal logic for binned/unbinned Asimov dataset generation
ToyMCSamplerOpt.cc[214] : (in function: generateWithHisto) - Generating asimov with histogram for pdf pdf_binfail_LOW_obsOnly: in 3 x-bins
ToyMCSamplerOpt.cc[215] : (in function: generateWithHisto) -  , in 1 y-bins
ToyMCSamplerOpt.cc[146] : (in function: generateAsimov) - Using internal logic for binned/unbinned Asimov dataset generation
ToyMCSamplerOpt.cc[214] : (in function: generateWithHisto) - Generating asimov with histogram for pdf pdf_binfail_SIG_obsOnly: in 1 x-bins
ToyMCSamplerOpt.cc[215] : (in function: generateWithHisto) -  , in 1 y-bins
ToyMCSamplerOpt.cc[146] : (in function: generateAsimov) - Using internal logic for binned/unbinned Asimov dataset generation
ToyMCSamplerOpt.cc[214] : (in function: generateWithHisto) - Generating asimov with histogram for pdf pdf_binfail_HIGH_obsOnly: in 3 x-bins
ToyMCSamplerOpt.cc[215] : (in function: generateWithHisto) -  , in 1 y-bins
AsymptoticLimits.cc[428] : (in function: runLimitExpected) - Median for expected limits = 5.5, Sigma for expected limits = 2.80617
AsymptoticLimits.cc[191] : (in function: runLimit) - NLL at global minimum of data = -8387.23 (r=5.03176e-07)
AsymptoticLimits.cc[211] : (in function: runLimit) - NLL at global minimum of asimov = -8386.48 (r=3.53666e-08)
AsymptoticLimits.cc[337] : (in function: getCLs) - At r = 1.669670:	q_mu = 2.20967	q_A  = 1.20138	Pmu = 0.05985	1-Pb  = 0.32277	CLs  = 0.18543
AsymptoticLimits.cc[337] : (in function: getCLs) - At r = 3.339341:	q_mu = 3.75278	q_A  = 2.46449	Pmu = 0.02384	1-Pb  = 0.34079	CLs  = 0.06996
AsymptoticLimits.cc[337] : (in function: getCLs) - At r = 6.678681:	q_mu = 6.03658	q_A  = 4.48471	Pmu = 0.00649	1-Pb  = 0.35703	CLs  = 0.01819
AsymptoticLimits.cc[337] : (in function: getCLs) - At r = 3.339341:	q_mu = 3.75268	q_A  = 2.46456	Pmu = 0.02384	1-Pb  = 0.34081	CLs  = 0.06996
AsymptoticLimits.cc[337] : (in function: getCLs) - At r = 4.673339:	q_mu = 4.75759	q_A  = 3.33897	Pmu = 0.01336	1-Pb  = 0.34894	CLs  = 0.03830
AsymptoticLimits.cc[337] : (in function: getCLs) - At r = 3.934335:	q_mu = 4.21996	q_A  = 2.86758	Pmu = 0.01819	1-Pb  = 0.34483	CLs  = 0.05274
AsymptoticLimits.cc[337] : (in function: getCLs) - At r = 4.180835:	q_mu = 4.40415	q_A  = 3.02824	Pmu = 0.01636	1-Pb  = 0.34630	CLs  = 0.04724
AsymptoticLimits.cc[337] : (in function: getCLs) - At r = 4.079245:	q_mu = 4.32892	q_A  = 2.96248	Pmu = 0.01708	1-Pb  = 0.34570	CLs  = 0.04941
AsymptoticLimits.cc[337] : (in function: getCLs) - At r = 4.029247:	q_mu = 4.29150	q_A  = 2.92987	Pmu = 0.01745	1-Pb  = 0.34541	CLs  = 0.05053
AsymptoticLimits.cc[337] : (in function: getCLs) - At r = 4.058105:	q_mu = 4.31316	q_A  = 2.94869	Pmu = 0.01724	1-Pb  = 0.34557	CLs  = 0.04988
AsymptoticLimits.cc[337] : (in function: getCLs) - At r = 4.048065:	q_mu = 4.30559	q_A  = 2.94221	Pmu = 0.01731	1-Pb  = 0.34553	CLs  = 0.05011
AsymptoticLimits.cc[337] : (in function: getCLs) - At r = 4.053834:	q_mu = 4.30989	q_A  = 2.94592	Pmu = 0.01727	1-Pb  = 0.34556	CLs  = 0.04998
AsymptoticLimits.cc[337] : (in function: getCLs) - At r = 4.051858:	q_mu = 4.30841	q_A  = 2.94462	Pmu = 0.01728	1-Pb  = 0.34554	CLs  = 0.05002
AsymptoticLimits.cc[337] : (in function: getCLs) - At r = 4.053021:	q_mu = 4.30935	q_A  = 2.94537	Pmu = 0.01728	1-Pb  = 0.34554	CLs  = 0.04999
AsymptoticLimits.cc[337] : (in function: getCLs) - At r = 4.052589:	q_mu = 4.30897	q_A  = 2.94509	Pmu = 0.01728	1-Pb  = 0.34555	CLs  = 0.05000
AsymptoticLimits.cc[337] : (in function: getCLs) - At r = 4.052833:	q_mu = 4.30914	q_A  = 2.94532	Pmu = 0.01728	1-Pb  = 0.34556	CLs  = 0.05000
AsymptoticLimits.cc[337] : (in function: getCLs) - At r = 4.052752:	q_mu = 4.30908	q_A  = 2.94521	Pmu = 0.01728	1-Pb  = 0.34555	CLs  = 0.05000
AsymptoticLimits.cc[337] : (in function: getCLs) - At r = 4.052791:	q_mu = 4.30918	q_A  = 2.94523	Pmu = 0.01728	1-Pb  = 0.34554	CLs  = 0.05000
AsymptoticLimits.cc[337] : (in function: getCLs) - At r = 4.052772:	q_mu = 4.30911	q_A  = 2.94521	Pmu = 0.01728	1-Pb  = 0.34555	CLs  = 0.05000
