CascadeMinimizer.cc[188] : (in function: improveOnce) - Minimization configured with Type=Minuit2, Algo=Migrad, strategy=0, tolerance=0.1
CascadeMinimizer.cc[215] : (in function: improveOnce) - Minimization finished with status=0
CascadeMinimizer.cc[219] : (in function: improveOnce) - Minimization success! status=0
ToyMCSamplerOpt.cc[146] : (in function: generateAsimov) - Using internal logic for binned/unbinned Asimov dataset generation
ToyMCSamplerOpt.cc[214] : (in function: generateWithHisto) - Generating asimov with histogram for pdf pdf_binpass_LOW_obsOnly: in 3 x-bins
ToyMCSamplerOpt.cc[215] : (in function: generateWithHisto) -  , in 1 y-bins
ToyMCSamplerOpt.cc[146] : (in function: generateAsimov) - Using internal logic for binned/unbinned Asimov dataset generation
ToyMCSamplerOpt.cc[214] : (in function: generateWithHisto) - Generating asimov with histogram for pdf pdf_binpass_SIG_obsOnly: in 1 x-bins
ToyMCSamplerOpt.cc[215] : (in function: generateWithHisto) -  , in 1 y-bins
ToyMCSamplerOpt.cc[146] : (in function: generateAsimov) - Using internal logic for binned/unbinned Asimov dataset generation
ToyMCSamplerOpt.cc[214] : (in function: generateWithHisto) - Generating asimov with histogram for pdf pdf_binpass_HIGH_obsOnly: in 3 x-bins
ToyMCSamplerOpt.cc[215] : (in function: generateWithHisto) -  , in 1 y-bins
ToyMCSamplerOpt.cc[146] : (in function: generateAsimov) - Using internal logic for binned/unbinned Asimov dataset generation
ToyMCSamplerOpt.cc[214] : (in function: generateWithHisto) - Generating asimov with histogram for pdf pdf_binfail_LOW_obsOnly: in 3 x-bins
ToyMCSamplerOpt.cc[215] : (in function: generateWithHisto) -  , in 1 y-bins
ToyMCSamplerOpt.cc[146] : (in function: generateAsimov) - Using internal logic for binned/unbinned Asimov dataset generation
ToyMCSamplerOpt.cc[214] : (in function: generateWithHisto) - Generating asimov with histogram for pdf pdf_binfail_SIG_obsOnly: in 1 x-bins
ToyMCSamplerOpt.cc[215] : (in function: generateWithHisto) -  , in 1 y-bins
ToyMCSamplerOpt.cc[146] : (in function: generateAsimov) - Using internal logic for binned/unbinned Asimov dataset generation
ToyMCSamplerOpt.cc[214] : (in function: generateWithHisto) - Generating asimov with histogram for pdf pdf_binfail_HIGH_obsOnly: in 3 x-bins
ToyMCSamplerOpt.cc[215] : (in function: generateWithHisto) -  , in 1 y-bins
AsymptoticLimits.cc[428] : (in function: runLimitExpected) - Median for expected limits = 1.46094, Sigma for expected limits = 0.74539
AsymptoticLimits.cc[191] : (in function: runLimit) - NLL at global minimum of data = -8428.9 (r=3.61133e-09)
AsymptoticLimits.cc[211] : (in function: runLimit) - NLL at global minimum of asimov = -8429.13 (r=2.38277e-06)
AsymptoticLimits.cc[337] : (in function: getCLs) - At r = 1.200000:	q_mu = 6.15363	q_A  = 3.11528	Pmu = 0.00432	1-Pb  = 0.19470	CLs  = 0.02220
AsymptoticLimits.cc[337] : (in function: getCLs) - At r = 0.600000:	q_mu = 3.59623	q_A  = 1.35505	Pmu = 0.01672	1-Pb  = 0.16786	CLs  = 0.09962
AsymptoticLimits.cc[337] : (in function: getCLs) - At r = 0.940427:	q_mu = 5.12567	q_A  = 2.36819	Pmu = 0.00745	1-Pb  = 0.18515	CLs  = 0.04024
AsymptoticLimits.cc[337] : (in function: getCLs) - At r = 0.807076:	q_mu = 4.55472	q_A  = 1.97393	Pmu = 0.01008	1-Pb  = 0.17919	CLs  = 0.05624
AsymptoticLimits.cc[337] : (in function: getCLs) - At r = 0.871226:	q_mu = 4.83346	q_A  = 2.16430	Pmu = 0.00870	1-Pb  = 0.18216	CLs  = 0.04774
AsymptoticLimits.cc[337] : (in function: getCLs) - At r = 0.843902:	q_mu = 4.71568	q_A  = 2.08336	Pmu = 0.00926	1-Pb  = 0.18092	CLs  = 0.05116
AsymptoticLimits.cc[337] : (in function: getCLs) - At r = 0.856593:	q_mu = 4.77055	q_A  = 2.12099	Pmu = 0.00899	1-Pb  = 0.18150	CLs  = 0.04953
AsymptoticLimits.cc[337] : (in function: getCLs) - At r = 0.851101:	q_mu = 4.74684	q_A  = 2.10470	Pmu = 0.00910	1-Pb  = 0.18125	CLs  = 0.05023
AsymptoticLimits.cc[337] : (in function: getCLs) - At r = 0.853634:	q_mu = 4.75778	q_A  = 2.11222	Pmu = 0.00905	1-Pb  = 0.18137	CLs  = 0.04991
AsymptoticLimits.cc[337] : (in function: getCLs) - At r = 0.852534:	q_mu = 4.75303	q_A  = 2.10896	Pmu = 0.00907	1-Pb  = 0.18132	CLs  = 0.05005
AsymptoticLimits.cc[337] : (in function: getCLs) - At r = 0.853041:	q_mu = 4.75522	q_A  = 2.11046	Pmu = 0.00906	1-Pb  = 0.18134	CLs  = 0.04998
AsymptoticLimits.cc[337] : (in function: getCLs) - At r = 0.852821:	q_mu = 4.75427	q_A  = 2.10981	Pmu = 0.00907	1-Pb  = 0.18133	CLs  = 0.05001
AsymptoticLimits.cc[337] : (in function: getCLs) - At r = 0.852923:	q_mu = 4.75471	q_A  = 2.11011	Pmu = 0.00907	1-Pb  = 0.18134	CLs  = 0.05000
AsymptoticLimits.cc[337] : (in function: getCLs) - At r = 0.852878:	q_mu = 4.75452	q_A  = 2.10998	Pmu = 0.00907	1-Pb  = 0.18133	CLs  = 0.05000
AsymptoticLimits.cc[337] : (in function: getCLs) - At r = 0.852899:	q_mu = 4.75461	q_A  = 2.11004	Pmu = 0.00907	1-Pb  = 0.18134	CLs  = 0.05000
AsymptoticLimits.cc[337] : (in function: getCLs) - At r = 0.852890:	q_mu = 4.75457	q_A  = 2.11001	Pmu = 0.00907	1-Pb  = 0.18133	CLs  = 0.05000
AsymptoticLimits.cc[337] : (in function: getCLs) - At r = 0.852894:	q_mu = 4.75458	q_A  = 2.11002	Pmu = 0.00907	1-Pb  = 0.18133	CLs  = 0.05000
