 <<< Combine >>> 
 <<< v10.0.1 >>>
>>> Random number generator seed is 123456
>>> Method used is FitDiagnostics
Set Default Value of Parameter mask_pass_SIG To : 1
Set Default Value of Parameter mask_pass_HIGH To : 1
Set Default Value of Parameter r To : 1
>>> 2 out of 6 channels masked

>> Found 17 floating parameters
>> The following parameters are protected in the event of negative eigenvalues:
>> Verifying eigenvalues are all positive (iteration 0)
Eigenvalue 16 : -0.00485639
 - -0.564504	CMS_AN23122_Background_rpf_2x0_par2
 - -0.553525	CMS_AN23122_Background_rpf_2x0_par3
 - 0.517885	CMS_AN23122_Background_rpf_2x0_par1
 - 0.326709	CMS_AN23122_Background_rpf_2x0_par0
 - -0.00123197	CMS_AN23122_Background_fail_LOW_bin_2-1
>> Attempt 0 failed, remove the variable with largest eigenvector component...
>> Dropping CMS_AN23122_Background_rpf_2x0_par2 from the hessian
>> Verifying eigenvalues are all positive (iteration 1)
Eigenvalue 15 : -0.000427393
 - -0.752819	CMS_AN23122_Background_rpf_2x0_par3
 - 0.634745	CMS_AN23122_Background_rpf_2x0_par0
 - 0.174245	CMS_AN23122_Background_rpf_2x0_par1
 - -0.000408919	CMS_AN23122_Background_fail_LOW_bin_3-1
 - 0.000248671	CMS_AN23122_Background_fail_LOW_bin_1-1
>> Attempt 1 failed, remove the variable with largest eigenvector component...
>> Dropping CMS_AN23122_Background_rpf_2x0_par3 from the hessian
>> Verifying eigenvalues are all positive (iteration 2)
>> All eigenvalues are positive
>> Inverting Hessian...
>> Matrix inverted
>> Note: the following parameters were dropped to make the covariance matrix pos-def:
     - CMS_AN23122_Background_rpf_2x0_par2
     - CMS_AN23122_Background_rpf_2x0_par3
 Fit B-only, status = 0, numBadNLL = 0, covariance quality = -1
Running Minos for POI r
>> Found 18 floating parameters
>> The following parameters are protected in the event of negative eigenvalues: r
>> Verifying eigenvalues are all positive (iteration 0)
Eigenvalue 16 : -0.00369685
 - -0.704907	r
 - 0.689482	CMS_AN23122_Background_fail_HIGH_bin_5-1
 - 0.133571	CMS_AN23122_Background_fail_HIGH_bin_4-1
 - 0.0529146	CMS_AN23122_Background_rpf_2x0_par3
 - 0.0494243	CMS_AN23122_Background_rpf_2x0_par2
Eigenvalue 17 : -0.00527105
 - -0.579248	CMS_AN23122_Background_rpf_2x0_par2
 - -0.557986	CMS_AN23122_Background_rpf_2x0_par3
 - 0.498216	CMS_AN23122_Background_rpf_2x0_par1
 - 0.314111	CMS_AN23122_Background_rpf_2x0_par0
 - -0.056082	r
>> Attempt 0 failed, remove the variable with largest eigenvector component...
>> Dropping CMS_AN23122_Background_rpf_2x0_par2 from the hessian
>> Verifying eigenvalues are all positive (iteration 1)
Eigenvalue 15 : -0.000668146
 - 0.763291	CMS_AN23122_Background_rpf_2x0_par3
 - -0.624723	CMS_AN23122_Background_rpf_2x0_par0
 - -0.162844	CMS_AN23122_Background_rpf_2x0_par1
 - -0.017048	r
 - 0.0169378	CMS_AN23122_Background_fail_HIGH_bin_5-1
Eigenvalue 16 : -0.00371119
 - 0.706923	r
 - -0.691403	CMS_AN23122_Background_fail_HIGH_bin_5-1
 - -0.133943	CMS_AN23122_Background_fail_HIGH_bin_4-1
 - -0.0485136	CMS_AN23122_Background_fail_HIGH_bin_3-1
 - -0.0306601	CMS_AN23122_Background_rpf_2x0_par1
>> Attempt 1 failed, remove the variable with largest eigenvector component...
>> Dropping CMS_AN23122_Background_fail_HIGH_bin_5-1 from the hessian
>> Verifying eigenvalues are all positive (iteration 2)
Eigenvalue 15 : -0.000669988
 - -0.763523	CMS_AN23122_Background_rpf_2x0_par3
 - 0.624717	CMS_AN23122_Background_rpf_2x0_par0
 - 0.163584	CMS_AN23122_Background_rpf_2x0_par1
 - -0.000562783	r
 - -0.000411393	CMS_AN23122_Background_fail_LOW_bin_3-1
>> Attempt 2 failed, remove the variable with largest eigenvector component...
>> Dropping CMS_AN23122_Background_rpf_2x0_par3 from the hessian
>> Verifying eigenvalues are all positive (iteration 3)
>> All eigenvalues are positive
>> Inverting Hessian...
>> Matrix inverted
>> Note: the following parameters were dropped to make the covariance matrix pos-def:
     - CMS_AN23122_Background_rpf_2x0_par2
     - CMS_AN23122_Background_fail_HIGH_bin_5-1
     - CMS_AN23122_Background_rpf_2x0_par3
Fit S+B, status = 0, numBadNLL = 0, covariance quality = -1

 --- FitDiagnostics ---
Best fit r: 1.49818  -1.49818/+48.5018  (68% CL)
Done in 0.00 min (cpu), 0.00 min (real)
31 log messages saved to combine_logger.out
