CascadeMinimizer.cc[188] : (in function: improveOnce) - Minimization configured with Type=Minuit2, Algo=Migrad, strategy=0, tolerance=0.1
CascadeMinimizer.cc[215] : (in function: improveOnce) - Minimization finished with status=0
CascadeMinimizer.cc[219] : (in function: improveOnce) - Minimization success! status=0
ToyMCSamplerOpt.cc[146] : (in function: generateAsimov) - Using internal logic for binned/unbinned Asimov dataset generation
ToyMCSamplerOpt.cc[214] : (in function: generateWithHisto) - Generating asimov with histogram for pdf pdf_binpass_LOW_obsOnly: in 4 x-bins
ToyMCSamplerOpt.cc[215] : (in function: generateWithHisto) -  , in 1 y-bins
ToyMCSamplerOpt.cc[146] : (in function: generateAsimov) - Using internal logic for binned/unbinned Asimov dataset generation
ToyMCSamplerOpt.cc[214] : (in function: generateWithHisto) - Generating asimov with histogram for pdf pdf_binpass_SIG_obsOnly: in 1 x-bins
ToyMCSamplerOpt.cc[215] : (in function: generateWithHisto) -  , in 1 y-bins
ToyMCSamplerOpt.cc[146] : (in function: generateAsimov) - Using internal logic for binned/unbinned Asimov dataset generation
ToyMCSamplerOpt.cc[214] : (in function: generateWithHisto) - Generating asimov with histogram for pdf pdf_binpass_HIGH_obsOnly: in 10 x-bins
ToyMCSamplerOpt.cc[215] : (in function: generateWithHisto) -  , in 1 y-bins
ToyMCSamplerOpt.cc[146] : (in function: generateAsimov) - Using internal logic for binned/unbinned Asimov dataset generation
ToyMCSamplerOpt.cc[214] : (in function: generateWithHisto) - Generating asimov with histogram for pdf pdf_binfail_LOW_obsOnly: in 4 x-bins
ToyMCSamplerOpt.cc[215] : (in function: generateWithHisto) -  , in 1 y-bins
ToyMCSamplerOpt.cc[146] : (in function: generateAsimov) - Using internal logic for binned/unbinned Asimov dataset generation
ToyMCSamplerOpt.cc[214] : (in function: generateWithHisto) - Generating asimov with histogram for pdf pdf_binfail_SIG_obsOnly: in 1 x-bins
ToyMCSamplerOpt.cc[215] : (in function: generateWithHisto) -  , in 1 y-bins
ToyMCSamplerOpt.cc[146] : (in function: generateAsimov) - Using internal logic for binned/unbinned Asimov dataset generation
ToyMCSamplerOpt.cc[214] : (in function: generateWithHisto) - Generating asimov with histogram for pdf pdf_binfail_HIGH_obsOnly: in 10 x-bins
ToyMCSamplerOpt.cc[215] : (in function: generateWithHisto) -  , in 1 y-bins
AsymptoticLimits.cc[428] : (in function: runLimitExpected) - Median for expected limits = 0.814453, Sigma for expected limits = 0.415545
AsymptoticLimits.cc[191] : (in function: runLimit) - NLL at global minimum of data = -569.751 (r=0.0799978)
AsymptoticLimits.cc[211] : (in function: runLimit) - NLL at global minimum of asimov = -567.14 (r=0.000900123)
AsymptoticLimits.cc[337] : (in function: getCLs) - At r = 1.279998:	q_mu = 9.13597	q_A  = 9.90114	Pmu = 0.00125	1-Pb  = 0.54936	CLs  = 0.00228
AsymptoticLimits.cc[337] : (in function: getCLs) - At r = 0.679998:	q_mu = 2.08284	q_A  = 2.56404	Pmu = 0.07448	1-Pb  = 0.56279	CLs  = 0.13234
AsymptoticLimits.cc[337] : (in function: getCLs) - At r = 0.979998:	q_mu = 5.08895	q_A  = 5.74266	Pmu = 0.01204	1-Pb  = 0.55587	CLs  = 0.02166
AsymptoticLimits.cc[337] : (in function: getCLs) - At r = 0.809064:	q_mu = 3.23304	q_A  = 3.79700	Pmu = 0.03608	1-Pb  = 0.55982	CLs  = 0.06445
AsymptoticLimits.cc[337] : (in function: getCLs) - At r = 0.875092:	q_mu = 3.90637	q_A  = 4.50754	Pmu = 0.02405	1-Pb  = 0.55829	CLs  = 0.04308
AsymptoticLimits.cc[337] : (in function: getCLs) - At r = 0.842358:	q_mu = 3.56519	q_A  = 4.14833	Pmu = 0.02950	1-Pb  = 0.55905	CLs  = 0.05277
AsymptoticLimits.cc[337] : (in function: getCLs) - At r = 0.855866:	q_mu = 3.70416	q_A  = 4.29483	Pmu = 0.02714	1-Pb  = 0.55874	CLs  = 0.04857
AsymptoticLimits.cc[337] : (in function: getCLs) - At r = 0.849385:	q_mu = 3.63708	q_A  = 4.22424	Pmu = 0.02825	1-Pb  = 0.55890	CLs  = 0.05055
AsymptoticLimits.cc[337] : (in function: getCLs) - At r = 0.852103:	q_mu = 3.66507	q_A  = 4.25372	Pmu = 0.02778	1-Pb  = 0.55884	CLs  = 0.04971
AsymptoticLimits.cc[337] : (in function: getCLs) - At r = 0.850813:	q_mu = 3.65170	q_A  = 4.23963	Pmu = 0.02801	1-Pb  = 0.55887	CLs  = 0.05011
AsymptoticLimits.cc[337] : (in function: getCLs) - At r = 0.851362:	q_mu = 3.65731	q_A  = 4.24554	Pmu = 0.02791	1-Pb  = 0.55885	CLs  = 0.04994
AsymptoticLimits.cc[337] : (in function: getCLs) - At r = 0.851107:	q_mu = 3.65469	q_A  = 4.24273	Pmu = 0.02796	1-Pb  = 0.55885	CLs  = 0.05002
AsymptoticLimits.cc[337] : (in function: getCLs) - At r = 0.851218:	q_mu = 3.65577	q_A  = 4.24390	Pmu = 0.02794	1-Pb  = 0.55886	CLs  = 0.04999
AsymptoticLimits.cc[337] : (in function: getCLs) - At r = 0.851171:	q_mu = 3.65524	q_A  = 4.24335	Pmu = 0.02795	1-Pb  = 0.55886	CLs  = 0.05001
AsymptoticLimits.cc[337] : (in function: getCLs) - At r = 0.851197:	q_mu = 3.65547	q_A  = 4.24359	Pmu = 0.02794	1-Pb  = 0.55886	CLs  = 0.05000
AsymptoticLimits.cc[337] : (in function: getCLs) - At r = 0.851191:	q_mu = 3.65538	q_A  = 4.24350	Pmu = 0.02794	1-Pb  = 0.55886	CLs  = 0.05000
AsymptoticLimits.cc[337] : (in function: getCLs) - At r = 0.851195:	q_mu = 3.65540	q_A  = 4.24351	Pmu = 0.02794	1-Pb  = 0.55886	CLs  = 0.05000
