 <<< Combine >>> 
 <<< v10.0.1 >>>
>>> Random number generator seed is 123456
>>> Method used is FitDiagnostics
Set Default Value of Parameter mask_pass_SIG To : 1
Set Default Value of Parameter mask_pass_HIGH To : 1
Set Default Value of Parameter r To : 1
>>> 2 out of 6 channels masked

>> Found 16 floating parameters
>> The following parameters are protected in the event of negative eigenvalues:
>> Parameter CMS_AN23122_Background_rpf_2x0_par2 does not have a valid stencil and will be dropped
>> Verifying eigenvalues are all positive (iteration 0)
Eigenvalue 14 : -0.000180179
 - -0.746507	CMS_AN23122_Background_rpf_2x0_par3
 - 0.658603	CMS_AN23122_Background_rpf_2x0_par0
 - 0.09471	CMS_AN23122_Background_rpf_2x0_par1
 - -9.9714e-05	CMS_AN23122_Background_fail_LOW_bin_2-1
 - 6.18447e-05	CMS_AN23122_Background_fail_LOW_bin_1-1
>> Attempt 0 failed, remove the variable with largest eigenvector component...
>> Dropping CMS_AN23122_Background_rpf_2x0_par3 from the hessian
>> Verifying eigenvalues are all positive (iteration 1)
>> All eigenvalues are positive
>> Inverting Hessian...
>> Matrix inverted
>> Note: the following parameters were dropped as their ranges are either too narrow or the parameter has no effect on the NLL:
     - CMS_AN23122_Background_rpf_2x0_par2
>> Note: the following parameters were dropped to make the covariance matrix pos-def:
     - CMS_AN23122_Background_rpf_2x0_par3
 Fit B-only, status = 0, numBadNLL = 0, covariance quality = -1
Running Minos for POI r
>> Found 17 floating parameters
>> The following parameters are protected in the event of negative eigenvalues: r
>> Parameter CMS_AN23122_Background_rpf_2x0_par2 does not have a valid stencil and will be dropped
>> Verifying eigenvalues are all positive (iteration 0)
Eigenvalue 14 : -9.85496e-06
 - -0.732048	CMS_AN23122_Background_rpf_2x0_par3
 - 0.679422	CMS_AN23122_Background_rpf_2x0_par0
 - 0.0353983	CMS_AN23122_Background_rpf_2x0_par1
 - 0.0351631	r
 - -0.00120405	CMS_AN23122_Background_fail_SIG_bin_1-1
Eigenvalue 15 : -0.0113212
 - 0.789898	CMS_AN23122_Background_rpf_2x0_par1
 - -0.581322	r
 - -0.147432	CMS_AN23122_Background_rpf_2x0_par0
 - -0.126593	CMS_AN23122_Background_rpf_2x0_par3
 - 0.0188601	CMS_AN23122_Background_fail_SIG_bin_1-1
>> Attempt 0 failed, remove the variable with largest eigenvector component...
>> Dropping CMS_AN23122_Background_rpf_2x0_par1 from the hessian
>> Verifying eigenvalues are all positive (iteration 1)
Eigenvalue 14 : -3.30688e-05
 - 0.726012	CMS_AN23122_Background_rpf_2x0_par3
 - -0.684767	CMS_AN23122_Background_rpf_2x0_par0
 - -0.0632186	r
 - 0.00216447	CMS_AN23122_Background_fail_SIG_bin_1-1
 - 0.000245809	CMS_AN23122_Background_fail_LOW_bin_2-1
>> Attempt 1 failed, remove the variable with largest eigenvector component...
>> Dropping CMS_AN23122_Background_rpf_2x0_par3 from the hessian
>> Verifying eigenvalues are all positive (iteration 2)
>> All eigenvalues are positive
>> Inverting Hessian...
>> Matrix inverted
>> Note: the following parameters were dropped as their ranges are either too narrow or the parameter has no effect on the NLL:
     - CMS_AN23122_Background_rpf_2x0_par2
>> Note: the following parameters were dropped to make the covariance matrix pos-def:
     - CMS_AN23122_Background_rpf_2x0_par1
     - CMS_AN23122_Background_rpf_2x0_par3
Fit S+B, status = 0, numBadNLL = 0, covariance quality = -1

 --- FitDiagnostics ---
Best fit r: 0.0874759  -0.0874759/+49.9125  (68% CL)
Done in 0.00 min (cpu), 0.00 min (real)
30 log messages saved to combine_logger.out
