CascadeMinimizer.cc[188] : (in function: improveOnce) - Minimization configured with Type=Minuit2, Algo=Migrad, strategy=0, tolerance=0.1
CascadeMinimizer.cc[215] : (in function: improveOnce) - Minimization finished with status=0
CascadeMinimizer.cc[219] : (in function: improveOnce) - Minimization success! status=0
ToyMCSamplerOpt.cc[146] : (in function: generateAsimov) - Using internal logic for binned/unbinned Asimov dataset generation
ToyMCSamplerOpt.cc[214] : (in function: generateWithHisto) - Generating asimov with histogram for pdf pdf_binpass_LOW_obsOnly: in 3 x-bins
ToyMCSamplerOpt.cc[215] : (in function: generateWithHisto) -  , in 1 y-bins
ToyMCSamplerOpt.cc[146] : (in function: generateAsimov) - Using internal logic for binned/unbinned Asimov dataset generation
ToyMCSamplerOpt.cc[214] : (in function: generateWithHisto) - Generating asimov with histogram for pdf pdf_binpass_SIG_obsOnly: in 1 x-bins
ToyMCSamplerOpt.cc[215] : (in function: generateWithHisto) -  , in 1 y-bins
ToyMCSamplerOpt.cc[146] : (in function: generateAsimov) - Using internal logic for binned/unbinned Asimov dataset generation
ToyMCSamplerOpt.cc[214] : (in function: generateWithHisto) - Generating asimov with histogram for pdf pdf_binpass_HIGH_obsOnly: in 3 x-bins
ToyMCSamplerOpt.cc[215] : (in function: generateWithHisto) -  , in 1 y-bins
ToyMCSamplerOpt.cc[146] : (in function: generateAsimov) - Using internal logic for binned/unbinned Asimov dataset generation
ToyMCSamplerOpt.cc[214] : (in function: generateWithHisto) - Generating asimov with histogram for pdf pdf_binfail_LOW_obsOnly: in 3 x-bins
ToyMCSamplerOpt.cc[215] : (in function: generateWithHisto) -  , in 1 y-bins
ToyMCSamplerOpt.cc[146] : (in function: generateAsimov) - Using internal logic for binned/unbinned Asimov dataset generation
ToyMCSamplerOpt.cc[214] : (in function: generateWithHisto) - Generating asimov with histogram for pdf pdf_binfail_SIG_obsOnly: in 1 x-bins
ToyMCSamplerOpt.cc[215] : (in function: generateWithHisto) -  , in 1 y-bins
ToyMCSamplerOpt.cc[146] : (in function: generateAsimov) - Using internal logic for binned/unbinned Asimov dataset generation
ToyMCSamplerOpt.cc[214] : (in function: generateWithHisto) - Generating asimov with histogram for pdf pdf_binfail_HIGH_obsOnly: in 3 x-bins
ToyMCSamplerOpt.cc[215] : (in function: generateWithHisto) -  , in 1 y-bins
AsymptoticLimits.cc[428] : (in function: runLimitExpected) - Median for expected limits = 2.35156, Sigma for expected limits = 1.1998
AsymptoticLimits.cc[191] : (in function: runLimit) - NLL at global minimum of data = -8402.24 (r=2.26484)
AsymptoticLimits.cc[211] : (in function: runLimit) - NLL at global minimum of asimov = -8396.92 (r=0.0154747)
AsymptoticLimits.cc[337] : (in function: getCLs) - At r = 5.496297:	q_mu = 2.87657	q_A  = 10.63510	Pmu = 0.04494	1-Pb  = 0.94122	CLs  = 0.04774
AsymptoticLimits.cc[337] : (in function: getCLs) - At r = 3.880571:	q_mu = 0.99171	q_A  = 7.19994	Pmu = 0.15966	1-Pb  = 0.95424	CLs  = 0.16732
AsymptoticLimits.cc[337] : (in function: getCLs) - At r = 4.688434:	q_mu = 1.88006	q_A  = 8.91660	Pmu = 0.08516	1-Pb  = 0.94684	CLs  = 0.08995
AsymptoticLimits.cc[337] : (in function: getCLs) - At r = 5.287630:	q_mu = 2.61250	q_A  = 10.15071	Pmu = 0.05301	1-Pb  = 0.94176	CLs  = 0.05629
AsymptoticLimits.cc[337] : (in function: getCLs) - At r = 5.407777:	q_mu = 2.76408	q_A  = 10.39383	Pmu = 0.04820	1-Pb  = 0.94078	CLs  = 0.05123
AsymptoticLimits.cc[337] : (in function: getCLs) - At r = 5.449970:	q_mu = 2.81760	q_A  = 10.47874	Pmu = 0.04662	1-Pb  = 0.94044	CLs  = 0.04957
AsymptoticLimits.cc[337] : (in function: getCLs) - At r = 5.432704:	q_mu = 2.79568	q_A  = 10.44388	Pmu = 0.04726	1-Pb  = 0.94058	CLs  = 0.05024
AsymptoticLimits.cc[337] : (in function: getCLs) - At r = 5.441147:	q_mu = 2.80640	q_A  = 10.46087	Pmu = 0.04694	1-Pb  = 0.94051	CLs  = 0.04991
AsymptoticLimits.cc[337] : (in function: getCLs) - At r = 5.437694:	q_mu = 2.80201	q_A  = 10.45389	Pmu = 0.04707	1-Pb  = 0.94054	CLs  = 0.05005
AsymptoticLimits.cc[337] : (in function: getCLs) - At r = 5.439382:	q_mu = 2.80416	q_A  = 10.45728	Pmu = 0.04701	1-Pb  = 0.94053	CLs  = 0.04998
AsymptoticLimits.cc[337] : (in function: getCLs) - At r = 5.438692:	q_mu = 2.80328	q_A  = 10.45588	Pmu = 0.04704	1-Pb  = 0.94053	CLs  = 0.05001
AsymptoticLimits.cc[337] : (in function: getCLs) - At r = 5.439030:	q_mu = 2.80371	q_A  = 10.45655	Pmu = 0.04702	1-Pb  = 0.94053	CLs  = 0.05000
AsymptoticLimits.cc[337] : (in function: getCLs) - At r = 5.438892:	q_mu = 2.80354	q_A  = 10.45626	Pmu = 0.04703	1-Pb  = 0.94053	CLs  = 0.05000
AsymptoticLimits.cc[337] : (in function: getCLs) - At r = 5.438960:	q_mu = 2.80362	q_A  = 10.45640	Pmu = 0.04703	1-Pb  = 0.94053	CLs  = 0.05000
AsymptoticLimits.cc[337] : (in function: getCLs) - At r = 5.438932:	q_mu = 2.80359	q_A  = 10.45634	Pmu = 0.04703	1-Pb  = 0.94053	CLs  = 0.05000
AsymptoticLimits.cc[337] : (in function: getCLs) - At r = 5.438946:	q_mu = 2.80360	q_A  = 10.45636	Pmu = 0.04703	1-Pb  = 0.94053	CLs  = 0.05000
