CascadeMinimizer.cc[188] : (in function: improveOnce) - Minimization configured with Type=Minuit2, Algo=Migrad, strategy=0, tolerance=0.1
CascadeMinimizer.cc[215] : (in function: improveOnce) - Minimization finished with status=0
CascadeMinimizer.cc[219] : (in function: improveOnce) - Minimization success! status=0
ToyMCSamplerOpt.cc[146] : (in function: generateAsimov) - Using internal logic for binned/unbinned Asimov dataset generation
ToyMCSamplerOpt.cc[214] : (in function: generateWithHisto) - Generating asimov with histogram for pdf pdf_binpass_LOW_obsOnly: in 4 x-bins
ToyMCSamplerOpt.cc[215] : (in function: generateWithHisto) -  , in 1 y-bins
ToyMCSamplerOpt.cc[146] : (in function: generateAsimov) - Using internal logic for binned/unbinned Asimov dataset generation
ToyMCSamplerOpt.cc[214] : (in function: generateWithHisto) - Generating asimov with histogram for pdf pdf_binpass_SIG_obsOnly: in 3 x-bins
ToyMCSamplerOpt.cc[215] : (in function: generateWithHisto) -  , in 1 y-bins
ToyMCSamplerOpt.cc[146] : (in function: generateAsimov) - Using internal logic for binned/unbinned Asimov dataset generation
ToyMCSamplerOpt.cc[214] : (in function: generateWithHisto) - Generating asimov with histogram for pdf pdf_binpass_HIGH_obsOnly: in 7 x-bins
ToyMCSamplerOpt.cc[215] : (in function: generateWithHisto) -  , in 1 y-bins
ToyMCSamplerOpt.cc[146] : (in function: generateAsimov) - Using internal logic for binned/unbinned Asimov dataset generation
ToyMCSamplerOpt.cc[214] : (in function: generateWithHisto) - Generating asimov with histogram for pdf pdf_binfail_LOW_obsOnly: in 4 x-bins
ToyMCSamplerOpt.cc[215] : (in function: generateWithHisto) -  , in 1 y-bins
ToyMCSamplerOpt.cc[146] : (in function: generateAsimov) - Using internal logic for binned/unbinned Asimov dataset generation
ToyMCSamplerOpt.cc[214] : (in function: generateWithHisto) - Generating asimov with histogram for pdf pdf_binfail_SIG_obsOnly: in 3 x-bins
ToyMCSamplerOpt.cc[215] : (in function: generateWithHisto) -  , in 1 y-bins
ToyMCSamplerOpt.cc[146] : (in function: generateAsimov) - Using internal logic for binned/unbinned Asimov dataset generation
ToyMCSamplerOpt.cc[214] : (in function: generateWithHisto) - Generating asimov with histogram for pdf pdf_binfail_HIGH_obsOnly: in 7 x-bins
ToyMCSamplerOpt.cc[215] : (in function: generateWithHisto) -  , in 1 y-bins
AsymptoticLimits.cc[428] : (in function: runLimitExpected) - Median for expected limits = 4.26562, Sigma for expected limits = 2.17638
AsymptoticLimits.cc[191] : (in function: runLimit) - NLL at global minimum of data = -11131.3 (r=8.16764e-09)
AsymptoticLimits.cc[211] : (in function: runLimit) - NLL at global minimum of asimov = -11130.8 (r=2.03885e-06)
AsymptoticLimits.cc[337] : (in function: getCLs) - At r = 1.481385:	q_mu = 2.27964	q_A  = 1.44660	Pmu = 0.06068	1-Pb  = 0.36456	CLs  = 0.16646
AsymptoticLimits.cc[337] : (in function: getCLs) - At r = 2.962769:	q_mu = 3.88745	q_A  = 2.81952	Pmu = 0.02290	1-Pb  = 0.37524	CLs  = 0.06104
AsymptoticLimits.cc[337] : (in function: getCLs) - At r = 5.925539:	q_mu = 6.27937	q_A  = 4.97067	Pmu = 0.00582	1-Pb  = 0.38457	CLs  = 0.01513
AsymptoticLimits.cc[337] : (in function: getCLs) - At r = 2.962769:	q_mu = 3.88734	q_A  = 2.81959	Pmu = 0.02291	1-Pb  = 0.37526	CLs  = 0.06104
AsymptoticLimits.cc[337] : (in function: getCLs) - At r = 3.894364:	q_mu = 4.72736	q_A  = 3.56504	Pmu = 0.01405	1-Pb  = 0.37912	CLs  = 0.03706
AsymptoticLimits.cc[337] : (in function: getCLs) - At r = 3.447029:	q_mu = 4.33669	q_A  = 3.21665	Pmu = 0.01761	1-Pb  = 0.37743	CLs  = 0.04667
AsymptoticLimits.cc[337] : (in function: getCLs) - At r = 3.250630:	q_mu = 4.15805	q_A  = 3.05820	Pmu = 0.01955	1-Pb  = 0.37658	CLs  = 0.05190
AsymptoticLimits.cc[337] : (in function: getCLs) - At r = 3.345054:	q_mu = 4.24448	q_A  = 3.13479	Pmu = 0.01858	1-Pb  = 0.37700	CLs  = 0.04930
AsymptoticLimits.cc[337] : (in function: getCLs) - At r = 3.305351:	q_mu = 4.20832	q_A  = 3.10268	Pmu = 0.01898	1-Pb  = 0.37682	CLs  = 0.05037
AsymptoticLimits.cc[337] : (in function: getCLs) - At r = 3.324127:	q_mu = 4.22540	q_A  = 3.11791	Pmu = 0.01879	1-Pb  = 0.37691	CLs  = 0.04986
AsymptoticLimits.cc[337] : (in function: getCLs) - At r = 3.316182:	q_mu = 4.21813	q_A  = 3.11146	Pmu = 0.01887	1-Pb  = 0.37688	CLs  = 0.05007
AsymptoticLimits.cc[337] : (in function: getCLs) - At r = 3.319953:	q_mu = 4.22157	q_A  = 3.11451	Pmu = 0.01883	1-Pb  = 0.37689	CLs  = 0.04997
AsymptoticLimits.cc[337] : (in function: getCLs) - At r = 3.318372:	q_mu = 4.22021	q_A  = 3.11323	Pmu = 0.01885	1-Pb  = 0.37688	CLs  = 0.05001
AsymptoticLimits.cc[337] : (in function: getCLs) - At r = 3.319092:	q_mu = 4.22080	q_A  = 3.11381	Pmu = 0.01884	1-Pb  = 0.37689	CLs  = 0.05000
AsymptoticLimits.cc[337] : (in function: getCLs) - At r = 3.318789:	q_mu = 4.22051	q_A  = 3.11359	Pmu = 0.01885	1-Pb  = 0.37689	CLs  = 0.05000
AsymptoticLimits.cc[337] : (in function: getCLs) - At r = 3.318945:	q_mu = 4.22065	q_A  = 3.11370	Pmu = 0.01884	1-Pb  = 0.37689	CLs  = 0.05000
AsymptoticLimits.cc[337] : (in function: getCLs) - At r = 3.318892:	q_mu = 4.22059	q_A  = 3.11365	Pmu = 0.01884	1-Pb  = 0.37689	CLs  = 0.05000
AsymptoticLimits.cc[337] : (in function: getCLs) - At r = 3.318915:	q_mu = 4.22071	q_A  = 3.11367	Pmu = 0.01884	1-Pb  = 0.37688	CLs  = 0.05000
AsymptoticLimits.cc[337] : (in function: getCLs) - At r = 3.318903:	q_mu = 4.22063	q_A  = 3.11366	Pmu = 0.01884	1-Pb  = 0.37689	CLs  = 0.05000
