CascadeMinimizer.cc[188] : (in function: improveOnce) - Minimization configured with Type=Minuit2, Algo=Migrad, strategy=0, tolerance=0.1
CascadeMinimizer.cc[215] : (in function: improveOnce) - Minimization finished with status=0
CascadeMinimizer.cc[219] : (in function: improveOnce) - Minimization success! status=0
ToyMCSamplerOpt.cc[146] : (in function: generateAsimov) - Using internal logic for binned/unbinned Asimov dataset generation
ToyMCSamplerOpt.cc[214] : (in function: generateWithHisto) - Generating asimov with histogram for pdf pdf_binpass_LOW_obsOnly: in 3 x-bins
ToyMCSamplerOpt.cc[215] : (in function: generateWithHisto) -  , in 1 y-bins
ToyMCSamplerOpt.cc[146] : (in function: generateAsimov) - Using internal logic for binned/unbinned Asimov dataset generation
ToyMCSamplerOpt.cc[214] : (in function: generateWithHisto) - Generating asimov with histogram for pdf pdf_binpass_SIG_obsOnly: in 1 x-bins
ToyMCSamplerOpt.cc[215] : (in function: generateWithHisto) -  , in 1 y-bins
ToyMCSamplerOpt.cc[146] : (in function: generateAsimov) - Using internal logic for binned/unbinned Asimov dataset generation
ToyMCSamplerOpt.cc[214] : (in function: generateWithHisto) - Generating asimov with histogram for pdf pdf_binpass_HIGH_obsOnly: in 8 x-bins
ToyMCSamplerOpt.cc[215] : (in function: generateWithHisto) -  , in 1 y-bins
ToyMCSamplerOpt.cc[146] : (in function: generateAsimov) - Using internal logic for binned/unbinned Asimov dataset generation
ToyMCSamplerOpt.cc[214] : (in function: generateWithHisto) - Generating asimov with histogram for pdf pdf_binfail_LOW_obsOnly: in 3 x-bins
ToyMCSamplerOpt.cc[215] : (in function: generateWithHisto) -  , in 1 y-bins
ToyMCSamplerOpt.cc[146] : (in function: generateAsimov) - Using internal logic for binned/unbinned Asimov dataset generation
ToyMCSamplerOpt.cc[214] : (in function: generateWithHisto) - Generating asimov with histogram for pdf pdf_binfail_SIG_obsOnly: in 1 x-bins
ToyMCSamplerOpt.cc[215] : (in function: generateWithHisto) -  , in 1 y-bins
ToyMCSamplerOpt.cc[146] : (in function: generateAsimov) - Using internal logic for binned/unbinned Asimov dataset generation
ToyMCSamplerOpt.cc[214] : (in function: generateWithHisto) - Generating asimov with histogram for pdf pdf_binfail_HIGH_obsOnly: in 8 x-bins
ToyMCSamplerOpt.cc[215] : (in function: generateWithHisto) -  , in 1 y-bins
AsymptoticLimits.cc[428] : (in function: runLimitExpected) - Median for expected limits = 1.56641, Sigma for expected limits = 0.799202
AsymptoticLimits.cc[191] : (in function: runLimit) - NLL at global minimum of data = -661.58 (r=1.06307e-07)
AsymptoticLimits.cc[211] : (in function: runLimit) - NLL at global minimum of asimov = -637.978 (r=2.26712e-05)
AsymptoticLimits.cc[337] : (in function: getCLs) - At r = 1.200000:	q_mu = 14.18641	q_A  = 2.31479	Pmu = 0.00000	1-Pb  = 0.00005	CLs  = 0.00061
AsymptoticLimits.cc[337] : (in function: getCLs) - At r = 0.600000:	q_mu = 6.81016	q_A  = 0.60149	Pmu = 0.00000	1-Pb  = 0.00003	CLs  = 0.02824
AsymptoticLimits.cc[337] : (in function: getCLs) - At r = 0.300000:	q_mu = 3.32438	q_A  = 0.15298	Pmu = 0.00000	1-Pb  = 0.00003	CLs  = 0.17445
AsymptoticLimits.cc[337] : (in function: getCLs) - At r = 0.450000:	q_mu = 5.04846	q_A  = 0.34132	Pmu = 0.00000	1-Pb  = 0.00003	CLs  = 0.07080
AsymptoticLimits.cc[337] : (in function: getCLs) - At r = 0.525402:	q_mu = 5.92948	q_A  = 0.46325	Pmu = 0.00000	1-Pb  = 0.00003	CLs  = 0.04469
AsymptoticLimits.cc[337] : (in function: getCLs) - At r = 0.495611:	q_mu = 5.58042	q_A  = 0.41298	Pmu = 0.00000	1-Pb  = 0.00003	CLs  = 0.05363
AsymptoticLimits.cc[337] : (in function: getCLs) - At r = 0.510727:	q_mu = 5.75729	q_A  = 0.43815	Pmu = 0.00000	1-Pb  = 0.00003	CLs  = 0.04890
AsymptoticLimits.cc[337] : (in function: getCLs) - At r = 0.504779:	q_mu = 5.68761	q_A  = 0.42811	Pmu = 0.00000	1-Pb  = 0.00003	CLs  = 0.05071
AsymptoticLimits.cc[337] : (in function: getCLs) - At r = 0.507807:	q_mu = 5.72306	q_A  = 0.43319	Pmu = 0.00000	1-Pb  = 0.00003	CLs  = 0.04978
AsymptoticLimits.cc[337] : (in function: getCLs) - At r = 0.506618:	q_mu = 5.70914	q_A  = 0.43119	Pmu = 0.00000	1-Pb  = 0.00003	CLs  = 0.05014
AsymptoticLimits.cc[337] : (in function: getCLs) - At r = 0.507224:	q_mu = 5.71623	q_A  = 0.43221	Pmu = 0.00000	1-Pb  = 0.00003	CLs  = 0.04996
AsymptoticLimits.cc[337] : (in function: getCLs) - At r = 0.506987:	q_mu = 5.71345	q_A  = 0.43181	Pmu = 0.00000	1-Pb  = 0.00003	CLs  = 0.05003
AsymptoticLimits.cc[337] : (in function: getCLs) - At r = 0.507108:	q_mu = 5.71487	q_A  = 0.43201	Pmu = 0.00000	1-Pb  = 0.00003	CLs  = 0.04999
AsymptoticLimits.cc[337] : (in function: getCLs) - At r = 0.507061:	q_mu = 5.71432	q_A  = 0.43193	Pmu = 0.00000	1-Pb  = 0.00003	CLs  = 0.05001
AsymptoticLimits.cc[337] : (in function: getCLs) - At r = 0.507085:	q_mu = 5.71460	q_A  = 0.43197	Pmu = 0.00000	1-Pb  = 0.00003	CLs  = 0.05000
AsymptoticLimits.cc[337] : (in function: getCLs) - At r = 0.507075:	q_mu = 5.71449	q_A  = 0.43196	Pmu = 0.00000	1-Pb  = 0.00003	CLs  = 0.05000
AsymptoticLimits.cc[337] : (in function: getCLs) - At r = 0.507080:	q_mu = 5.71455	q_A  = 0.43197	Pmu = 0.00000	1-Pb  = 0.00003	CLs  = 0.05000
