CascadeMinimizer.cc[188] : (in function: improveOnce) - Minimization configured with Type=Minuit2, Algo=Migrad, strategy=0, tolerance=0.1
CascadeMinimizer.cc[215] : (in function: improveOnce) - Minimization finished with status=0
CascadeMinimizer.cc[219] : (in function: improveOnce) - Minimization success! status=0
ToyMCSamplerOpt.cc[146] : (in function: generateAsimov) - Using internal logic for binned/unbinned Asimov dataset generation
ToyMCSamplerOpt.cc[214] : (in function: generateWithHisto) - Generating asimov with histogram for pdf pdf_binpass_LOW_obsOnly: in 2 x-bins
ToyMCSamplerOpt.cc[215] : (in function: generateWithHisto) -  , in 1 y-bins
ToyMCSamplerOpt.cc[146] : (in function: generateAsimov) - Using internal logic for binned/unbinned Asimov dataset generation
ToyMCSamplerOpt.cc[214] : (in function: generateWithHisto) - Generating asimov with histogram for pdf pdf_binpass_SIG_obsOnly: in 1 x-bins
ToyMCSamplerOpt.cc[215] : (in function: generateWithHisto) -  , in 1 y-bins
ToyMCSamplerOpt.cc[146] : (in function: generateAsimov) - Using internal logic for binned/unbinned Asimov dataset generation
ToyMCSamplerOpt.cc[214] : (in function: generateWithHisto) - Generating asimov with histogram for pdf pdf_binpass_HIGH_obsOnly: in 9 x-bins
ToyMCSamplerOpt.cc[215] : (in function: generateWithHisto) -  , in 1 y-bins
ToyMCSamplerOpt.cc[146] : (in function: generateAsimov) - Using internal logic for binned/unbinned Asimov dataset generation
ToyMCSamplerOpt.cc[214] : (in function: generateWithHisto) - Generating asimov with histogram for pdf pdf_binfail_LOW_obsOnly: in 2 x-bins
ToyMCSamplerOpt.cc[215] : (in function: generateWithHisto) -  , in 1 y-bins
ToyMCSamplerOpt.cc[146] : (in function: generateAsimov) - Using internal logic for binned/unbinned Asimov dataset generation
ToyMCSamplerOpt.cc[214] : (in function: generateWithHisto) - Generating asimov with histogram for pdf pdf_binfail_SIG_obsOnly: in 1 x-bins
ToyMCSamplerOpt.cc[215] : (in function: generateWithHisto) -  , in 1 y-bins
ToyMCSamplerOpt.cc[146] : (in function: generateAsimov) - Using internal logic for binned/unbinned Asimov dataset generation
ToyMCSamplerOpt.cc[214] : (in function: generateWithHisto) - Generating asimov with histogram for pdf pdf_binfail_HIGH_obsOnly: in 9 x-bins
ToyMCSamplerOpt.cc[215] : (in function: generateWithHisto) -  , in 1 y-bins
AsymptoticLimits.cc[428] : (in function: runLimitExpected) - Median for expected limits = 2.25781, Sigma for expected limits = 1.15197
AsymptoticLimits.cc[191] : (in function: runLimit) - NLL at global minimum of data = -19.554 (r=0.339659)
AsymptoticLimits.cc[211] : (in function: runLimit) - NLL at global minimum of asimov = -19.4811 (r=0.234605)
AsymptoticLimits.cc[337] : (in function: getCLs) - At r = 1.894018:	q_mu = 2.75896	q_A  = 2.98423	Pmu = 0.04836	1-Pb  = 0.52650	CLs  = 0.09184
AsymptoticLimits.cc[337] : (in function: getCLs) - At r = 3.788035:	q_mu = 7.22140	q_A  = 7.38622	Pmu = 0.00360	1-Pb  = 0.51216	CLs  = 0.00703
AsymptoticLimits.cc[337] : (in function: getCLs) - At r = 2.063847:	q_mu = 3.16021	q_A  = 3.37834	Pmu = 0.03773	1-Pb  = 0.52405	CLs  = 0.07199
AsymptoticLimits.cc[337] : (in function: getCLs) - At r = 2.925941:	q_mu = 5.19732	q_A  = 5.39936	Pmu = 0.01131	1-Pb  = 0.51750	CLs  = 0.02186
AsymptoticLimits.cc[337] : (in function: getCLs) - At r = 2.447161:	q_mu = 4.06264	q_A  = 4.27502	Pmu = 0.02192	1-Pb  = 0.52074	CLs  = 0.04210
AsymptoticLimits.cc[337] : (in function: getCLs) - At r = 2.272159:	q_mu = 3.64903	q_A  = 3.86465	Pmu = 0.02805	1-Pb  = 0.52218	CLs  = 0.05372
AsymptoticLimits.cc[337] : (in function: getCLs) - At r = 2.348353:	q_mu = 3.82881	q_A  = 4.04317	Pmu = 0.02519	1-Pb  = 0.52154	CLs  = 0.04830
AsymptoticLimits.cc[337] : (in function: getCLs) - At r = 2.313266:	q_mu = 3.74585	q_A  = 3.96092	Pmu = 0.02647	1-Pb  = 0.52185	CLs  = 0.05072
AsymptoticLimits.cc[337] : (in function: getCLs) - At r = 2.328505:	q_mu = 3.78196	q_A  = 3.99650	Pmu = 0.02590	1-Pb  = 0.52169	CLs  = 0.04965
AsymptoticLimits.cc[337] : (in function: getCLs) - At r = 2.321480:	q_mu = 3.76525	q_A  = 3.98002	Pmu = 0.02616	1-Pb  = 0.52176	CLs  = 0.05015
AsymptoticLimits.cc[337] : (in function: getCLs) - At r = 2.324543:	q_mu = 3.77080	q_A  = 3.98719	Pmu = 0.02608	1-Pb  = 0.52191	CLs  = 0.04997
AsymptoticLimits.cc[337] : (in function: getCLs) - At r = 2.323460:	q_mu = 3.76821	q_A  = 3.98472	Pmu = 0.02612	1-Pb  = 0.52193	CLs  = 0.05004
AsymptoticLimits.cc[337] : (in function: getCLs) - At r = 2.323930:	q_mu = 3.76932	q_A  = 3.98570	Pmu = 0.02610	1-Pb  = 0.52191	CLs  = 0.05001
AsymptoticLimits.cc[337] : (in function: getCLs) - At r = 2.324157:	q_mu = 3.76986	q_A  = 3.98622	Pmu = 0.02609	1-Pb  = 0.52191	CLs  = 0.04999
AsymptoticLimits.cc[337] : (in function: getCLs) - At r = 2.324037:	q_mu = 3.76958	q_A  = 3.98594	Pmu = 0.02610	1-Pb  = 0.52191	CLs  = 0.05000
AsymptoticLimits.cc[337] : (in function: getCLs) - At r = 2.324083:	q_mu = 3.76969	q_A  = 3.98605	Pmu = 0.02609	1-Pb  = 0.52191	CLs  = 0.05000
AsymptoticLimits.cc[337] : (in function: getCLs) - At r = 2.324059:	q_mu = 3.76963	q_A  = 3.98599	Pmu = 0.02610	1-Pb  = 0.52191	CLs  = 0.05000
AsymptoticLimits.cc[337] : (in function: getCLs) - At r = 2.324069:	q_mu = 3.76965	q_A  = 3.98601	Pmu = 0.02610	1-Pb  = 0.52191	CLs  = 0.05000
AsymptoticLimits.cc[337] : (in function: getCLs) - At r = 2.324064:	q_mu = 3.76964	q_A  = 3.98600	Pmu = 0.02610	1-Pb  = 0.52191	CLs  = 0.05000
