 <<< Combine >>> 
 <<< v10.0.1 >>>
>>> Random number generator seed is 123456
>>> Method used is FitDiagnostics
Set Default Value of Parameter mask_pass_SIG To : 1
Set Default Value of Parameter mask_pass_HIGH To : 1
Set Default Value of Parameter r To : 1
>>> 2 out of 6 channels masked

>> Found 17 floating parameters
>> The following parameters are protected in the event of negative eigenvalues:
>> Verifying eigenvalues are all positive (iteration 0)
Eigenvalue 16 : -0.00311394
 - -0.603749	CMS_AN23122_Background_rpf_2x0_par3
 - -0.507635	CMS_AN23122_Background_rpf_2x0_par2
 - 0.49762	CMS_AN23122_Background_rpf_2x0_par1
 - 0.360786	CMS_AN23122_Background_rpf_2x0_par0
 - -0.000580311	CMS_AN23122_Background_fail_LOW_bin_2-1
>> Attempt 0 failed, remove the variable with largest eigenvector component...
>> Dropping CMS_AN23122_Background_rpf_2x0_par3 from the hessian
>> Verifying eigenvalues are all positive (iteration 1)
>> All eigenvalues are positive
>> Inverting Hessian...
>> Matrix inverted
>> Note: the following parameters were dropped to make the covariance matrix pos-def:
     - CMS_AN23122_Background_rpf_2x0_par3
 Fit B-only, status = 0, numBadNLL = 0, covariance quality = -1
Running Minos for POI r
>> Found 18 floating parameters
>> The following parameters are protected in the event of negative eigenvalues: r
>> Verifying eigenvalues are all positive (iteration 0)
Eigenvalue 16 : -0.00120152
 - -0.707811	CMS_AN23122_Background_fail_HIGH_bin_5-1
 - 0.701076	r
 - -0.0526864	CMS_AN23122_Background_rpf_2x0_par3
 - 0.0398903	CMS_AN23122_Background_rpf_2x0_par0
 - -0.0371635	CMS_AN23122_Background_fail_HIGH_bin_4-1
Eigenvalue 17 : -0.0031034
 - 0.602341	CMS_AN23122_Background_rpf_2x0_par3
 - 0.499956	CMS_AN23122_Background_rpf_2x0_par2
 - -0.499541	CMS_AN23122_Background_rpf_2x0_par1
 - -0.366428	CMS_AN23122_Background_rpf_2x0_par0
 - -0.0413054	CMS_AN23122_Background_fail_HIGH_bin_5-1
>> Attempt 0 failed, remove the variable with largest eigenvector component...
>> Dropping CMS_AN23122_Background_rpf_2x0_par3 from the hessian
>> Verifying eigenvalues are all positive (iteration 1)
Eigenvalue 16 : -0.00122035
 - 0.706821	CMS_AN23122_Background_fail_HIGH_bin_5-1
 - -0.700161	r
 - 0.076258	CMS_AN23122_Background_rpf_2x0_par1
 - -0.0460682	CMS_AN23122_Background_rpf_2x0_par2
 - 0.0371116	CMS_AN23122_Background_fail_HIGH_bin_4-1
>> Attempt 1 failed, remove the variable with largest eigenvector component...
>> Dropping CMS_AN23122_Background_fail_HIGH_bin_5-1 from the hessian
>> Verifying eigenvalues are all positive (iteration 2)
>> All eigenvalues are positive
>> Inverting Hessian...
>> Matrix inverted
>> Note: the following parameters were dropped to make the covariance matrix pos-def:
     - CMS_AN23122_Background_rpf_2x0_par3
     - CMS_AN23122_Background_fail_HIGH_bin_5-1
Fit S+B, status = 0, numBadNLL = 0, covariance quality = -1

 --- FitDiagnostics ---
Best fit r: 0.576042  -0.576042/+49.424  (68% CL)
Done in 0.00 min (cpu), 0.00 min (real)
27 log messages saved to combine_logger.out
