CascadeMinimizer.cc[188] : (in function: improveOnce) - Minimization configured with Type=Minuit2, Algo=Migrad, strategy=0, tolerance=0.1
CascadeMinimizer.cc[215] : (in function: improveOnce) - Minimization finished with status=0
CascadeMinimizer.cc[219] : (in function: improveOnce) - Minimization success! status=0
ToyMCSamplerOpt.cc[146] : (in function: generateAsimov) - Using internal logic for binned/unbinned Asimov dataset generation
ToyMCSamplerOpt.cc[214] : (in function: generateWithHisto) - Generating asimov with histogram for pdf pdf_binpass_LOW_obsOnly: in 4 x-bins
ToyMCSamplerOpt.cc[215] : (in function: generateWithHisto) -  , in 1 y-bins
ToyMCSamplerOpt.cc[146] : (in function: generateAsimov) - Using internal logic for binned/unbinned Asimov dataset generation
ToyMCSamplerOpt.cc[214] : (in function: generateWithHisto) - Generating asimov with histogram for pdf pdf_binpass_SIG_obsOnly: in 3 x-bins
ToyMCSamplerOpt.cc[215] : (in function: generateWithHisto) -  , in 1 y-bins
ToyMCSamplerOpt.cc[146] : (in function: generateAsimov) - Using internal logic for binned/unbinned Asimov dataset generation
ToyMCSamplerOpt.cc[214] : (in function: generateWithHisto) - Generating asimov with histogram for pdf pdf_binpass_HIGH_obsOnly: in 7 x-bins
ToyMCSamplerOpt.cc[215] : (in function: generateWithHisto) -  , in 1 y-bins
ToyMCSamplerOpt.cc[146] : (in function: generateAsimov) - Using internal logic for binned/unbinned Asimov dataset generation
ToyMCSamplerOpt.cc[214] : (in function: generateWithHisto) - Generating asimov with histogram for pdf pdf_binfail_LOW_obsOnly: in 4 x-bins
ToyMCSamplerOpt.cc[215] : (in function: generateWithHisto) -  , in 1 y-bins
ToyMCSamplerOpt.cc[146] : (in function: generateAsimov) - Using internal logic for binned/unbinned Asimov dataset generation
ToyMCSamplerOpt.cc[214] : (in function: generateWithHisto) - Generating asimov with histogram for pdf pdf_binfail_SIG_obsOnly: in 3 x-bins
ToyMCSamplerOpt.cc[215] : (in function: generateWithHisto) -  , in 1 y-bins
ToyMCSamplerOpt.cc[146] : (in function: generateAsimov) - Using internal logic for binned/unbinned Asimov dataset generation
ToyMCSamplerOpt.cc[214] : (in function: generateWithHisto) - Generating asimov with histogram for pdf pdf_binfail_HIGH_obsOnly: in 7 x-bins
ToyMCSamplerOpt.cc[215] : (in function: generateWithHisto) -  , in 1 y-bins
AsymptoticLimits.cc[428] : (in function: runLimitExpected) - Median for expected limits = 1.01562, Sigma for expected limits = 0.518186
AsymptoticLimits.cc[191] : (in function: runLimit) - NLL at global minimum of data = -11138.9 (r=1.75513e-06)
AsymptoticLimits.cc[211] : (in function: runLimit) - NLL at global minimum of asimov = -11138.1 (r=5.48115e-07)
AsymptoticLimits.cc[337] : (in function: getCLs) - At r = 1.200002:	q_mu = 8.32744	q_A  = 4.60779	Pmu = 0.00129	1-Pb  = 0.19313	CLs  = 0.00670
AsymptoticLimits.cc[337] : (in function: getCLs) - At r = 0.600002:	q_mu = 4.68633	q_A  = 2.04316	Pmu = 0.00929	1-Pb  = 0.17759	CLs  = 0.05229
AsymptoticLimits.cc[337] : (in function: getCLs) - At r = 0.900002:	q_mu = 6.59872	q_A  = 3.34058	Pmu = 0.00327	1-Pb  = 0.18638	CLs  = 0.01756
AsymptoticLimits.cc[337] : (in function: getCLs) - At r = 0.669871:	q_mu = 5.15096	q_A  = 2.34596	Pmu = 0.00720	1-Pb  = 0.17992	CLs  = 0.04000
AsymptoticLimits.cc[337] : (in function: getCLs) - At r = 0.623328:	q_mu = 4.84287	q_A  = 2.14410	Pmu = 0.00852	1-Pb  = 0.17838	CLs  = 0.04777
AsymptoticLimits.cc[337] : (in function: getCLs) - At r = 0.613910:	q_mu = 4.77996	q_A  = 2.10328	Pmu = 0.00882	1-Pb  = 0.17805	CLs  = 0.04954
AsymptoticLimits.cc[337] : (in function: getCLs) - At r = 0.609216:	q_mu = 4.74836	q_A  = 2.08292	Pmu = 0.00897	1-Pb  = 0.17789	CLs  = 0.05045
AsymptoticLimits.cc[337] : (in function: getCLs) - At r = 0.611996:	q_mu = 4.76701	q_A  = 2.09495	Pmu = 0.00888	1-Pb  = 0.17799	CLs  = 0.04991
AsymptoticLimits.cc[337] : (in function: getCLs) - At r = 0.611063:	q_mu = 4.76074	q_A  = 2.09090	Pmu = 0.00891	1-Pb  = 0.17796	CLs  = 0.05009
AsymptoticLimits.cc[337] : (in function: getCLs) - At r = 0.611620:	q_mu = 4.76461	q_A  = 2.09331	Pmu = 0.00889	1-Pb  = 0.17796	CLs  = 0.04998
AsymptoticLimits.cc[337] : (in function: getCLs) - At r = 0.611425:	q_mu = 4.76320	q_A  = 2.09250	Pmu = 0.00890	1-Pb  = 0.17797	CLs  = 0.05002
AsymptoticLimits.cc[337] : (in function: getCLs) - At r = 0.611538:	q_mu = 4.76393	q_A  = 2.09296	Pmu = 0.00890	1-Pb  = 0.17797	CLs  = 0.05000
AsymptoticLimits.cc[337] : (in function: getCLs) - At r = 0.611505:	q_mu = 4.76370	q_A  = 2.09281	Pmu = 0.00890	1-Pb  = 0.17797	CLs  = 0.05000
AsymptoticLimits.cc[337] : (in function: getCLs) - At r = 0.611522:	q_mu = 4.76381	q_A  = 2.09288	Pmu = 0.00890	1-Pb  = 0.17797	CLs  = 0.05000
AsymptoticLimits.cc[337] : (in function: getCLs) - At r = 0.611529:	q_mu = 4.76399	q_A  = 2.09291	Pmu = 0.00890	1-Pb  = 0.17796	CLs  = 0.05000
AsymptoticLimits.cc[337] : (in function: getCLs) - At r = 0.611525:	q_mu = 4.76387	q_A  = 2.09290	Pmu = 0.00890	1-Pb  = 0.17797	CLs  = 0.05000
