CascadeMinimizer.cc[188] : (in function: improveOnce) - Minimization configured with Type=Minuit2, Algo=Migrad, strategy=0, tolerance=0.1
CascadeMinimizer.cc[215] : (in function: improveOnce) - Minimization finished with status=0
CascadeMinimizer.cc[219] : (in function: improveOnce) - Minimization success! status=0
ToyMCSamplerOpt.cc[146] : (in function: generateAsimov) - Using internal logic for binned/unbinned Asimov dataset generation
ToyMCSamplerOpt.cc[214] : (in function: generateWithHisto) - Generating asimov with histogram for pdf pdf_binpass_LOW_obsOnly: in 3 x-bins
ToyMCSamplerOpt.cc[215] : (in function: generateWithHisto) -  , in 1 y-bins
ToyMCSamplerOpt.cc[146] : (in function: generateAsimov) - Using internal logic for binned/unbinned Asimov dataset generation
ToyMCSamplerOpt.cc[214] : (in function: generateWithHisto) - Generating asimov with histogram for pdf pdf_binpass_SIG_obsOnly: in 1 x-bins
ToyMCSamplerOpt.cc[215] : (in function: generateWithHisto) -  , in 1 y-bins
ToyMCSamplerOpt.cc[146] : (in function: generateAsimov) - Using internal logic for binned/unbinned Asimov dataset generation
ToyMCSamplerOpt.cc[214] : (in function: generateWithHisto) - Generating asimov with histogram for pdf pdf_binpass_HIGH_obsOnly: in 5 x-bins
ToyMCSamplerOpt.cc[215] : (in function: generateWithHisto) -  , in 1 y-bins
ToyMCSamplerOpt.cc[146] : (in function: generateAsimov) - Using internal logic for binned/unbinned Asimov dataset generation
ToyMCSamplerOpt.cc[214] : (in function: generateWithHisto) - Generating asimov with histogram for pdf pdf_binfail_LOW_obsOnly: in 3 x-bins
ToyMCSamplerOpt.cc[215] : (in function: generateWithHisto) -  , in 1 y-bins
ToyMCSamplerOpt.cc[146] : (in function: generateAsimov) - Using internal logic for binned/unbinned Asimov dataset generation
ToyMCSamplerOpt.cc[214] : (in function: generateWithHisto) - Generating asimov with histogram for pdf pdf_binfail_SIG_obsOnly: in 1 x-bins
ToyMCSamplerOpt.cc[215] : (in function: generateWithHisto) -  , in 1 y-bins
ToyMCSamplerOpt.cc[146] : (in function: generateAsimov) - Using internal logic for binned/unbinned Asimov dataset generation
ToyMCSamplerOpt.cc[214] : (in function: generateWithHisto) - Generating asimov with histogram for pdf pdf_binfail_HIGH_obsOnly: in 5 x-bins
ToyMCSamplerOpt.cc[215] : (in function: generateWithHisto) -  , in 1 y-bins
AsymptoticLimits.cc[415] : (in function: runLimitExpected) - [WARNING] Best fit of asimov dataset is at r = 0.036947 (0.001847 times rMax), while it should be at zero
AsymptoticLimits.cc[428] : (in function: runLimitExpected) - Median for expected limits = 12.5, Sigma for expected limits = 6.37767
AsymptoticLimits.cc[191] : (in function: runLimit) - NLL at global minimum of data = -17555.9 (r=0.000145222)
AsymptoticLimits.cc[211] : (in function: runLimit) - NLL at global minimum of asimov = -17552.3 (r=0.00583991)
AsymptoticLimits.cc[337] : (in function: getCLs) - At r = 76.632061:	q_mu = 95.43073	q_A  = 91.15730	Pmu = 0.00000	1-Pb  = 0.41146	CLs  = 0.00000
AsymptoticLimits.cc[337] : (in function: getCLs) - At r = 38.316103:	q_mu = 31.69260	q_A  = 29.81742	Pmu = 0.00000	1-Pb  = 0.43184	CLs  = 0.00000
AsymptoticLimits.cc[337] : (in function: getCLs) - At r = 19.158124:	q_mu = 9.35417	q_A  = 8.59031	Pmu = 0.00110	1-Pb  = 0.44816	CLs  = 0.00246
AsymptoticLimits.cc[337] : (in function: getCLs) - At r = 9.579135:	q_mu = 2.61499	q_A  = 2.29989	Pmu = 0.05257	1-Pb  = 0.45863	CLs  = 0.11462
AsymptoticLimits.cc[337] : (in function: getCLs) - At r = 14.368629:	q_mu = 5.52882	q_A  = 5.00271	Pmu = 0.00928	1-Pb  = 0.45319	CLs  = 0.02048
AsymptoticLimits.cc[337] : (in function: getCLs) - At r = 12.382583:	q_mu = 4.20324	q_A  = 3.76825	Pmu = 0.02002	1-Pb  = 0.45540	CLs  = 0.04397
AsymptoticLimits.cc[337] : (in function: getCLs) - At r = 11.521175:	q_mu = 3.67911	q_A  = 3.28209	Pmu = 0.02735	1-Pb  = 0.45637	CLs  = 0.05993
AsymptoticLimits.cc[337] : (in function: getCLs) - At r = 11.924405:	q_mu = 3.92065	q_A  = 3.50599	Pmu = 0.02367	1-Pb  = 0.45592	CLs  = 0.05193
AsymptoticLimits.cc[337] : (in function: getCLs) - At r = 12.099440:	q_mu = 4.02763	q_A  = 3.60524	Pmu = 0.02222	1-Pb  = 0.45572	CLs  = 0.04875
AsymptoticLimits.cc[337] : (in function: getCLs) - At r = 12.008341:	q_mu = 3.97173	q_A  = 3.55336	Pmu = 0.02297	1-Pb  = 0.45582	CLs  = 0.05039
AsymptoticLimits.cc[337] : (in function: getCLs) - At r = 12.043532:	q_mu = 3.99325	q_A  = 3.57332	Pmu = 0.02267	1-Pb  = 0.45578	CLs  = 0.04975
AsymptoticLimits.cc[337] : (in function: getCLs) - At r = 12.025365:	q_mu = 3.98211	q_A  = 3.56299	Pmu = 0.02283	1-Pb  = 0.45580	CLs  = 0.05008
AsymptoticLimits.cc[337] : (in function: getCLs) - At r = 12.032429:	q_mu = 3.98643	q_A  = 3.56699	Pmu = 0.02277	1-Pb  = 0.45579	CLs  = 0.04995
AsymptoticLimits.cc[337] : (in function: getCLs) - At r = 12.028807:	q_mu = 3.98420	q_A  = 3.56493	Pmu = 0.02280	1-Pb  = 0.45580	CLs  = 0.05002
AsymptoticLimits.cc[337] : (in function: getCLs) - At r = 12.030231:	q_mu = 3.98507	q_A  = 3.56573	Pmu = 0.02279	1-Pb  = 0.45579	CLs  = 0.04999
AsymptoticLimits.cc[337] : (in function: getCLs) - At r = 12.029514:	q_mu = 3.98462	q_A  = 3.56532	Pmu = 0.02279	1-Pb  = 0.45580	CLs  = 0.05000
AsymptoticLimits.cc[337] : (in function: getCLs) - At r = 12.029806:	q_mu = 3.98480	q_A  = 3.56548	Pmu = 0.02279	1-Pb  = 0.45579	CLs  = 0.05000
AsymptoticLimits.cc[337] : (in function: getCLs) - At r = 12.029668:	q_mu = 3.98471	q_A  = 3.56540	Pmu = 0.02279	1-Pb  = 0.45579	CLs  = 0.05000
AsymptoticLimits.cc[337] : (in function: getCLs) - At r = 12.029730:	q_mu = 3.98475	q_A  = 3.56543	Pmu = 0.02279	1-Pb  = 0.45579	CLs  = 0.05000
AsymptoticLimits.cc[337] : (in function: getCLs) - At r = 12.029706:	q_mu = 3.98473	q_A  = 3.56542	Pmu = 0.02279	1-Pb  = 0.45579	CLs  = 0.05000
