CascadeMinimizer.cc[188] : (in function: improveOnce) - Minimization configured with Type=Minuit2, Algo=Migrad, strategy=0, tolerance=0.1
CascadeMinimizer.cc[215] : (in function: improveOnce) - Minimization finished with status=0
CascadeMinimizer.cc[219] : (in function: improveOnce) - Minimization success! status=0
ToyMCSamplerOpt.cc[146] : (in function: generateAsimov) - Using internal logic for binned/unbinned Asimov dataset generation
ToyMCSamplerOpt.cc[214] : (in function: generateWithHisto) - Generating asimov with histogram for pdf pdf_binpass_LOW_obsOnly: in 3 x-bins
ToyMCSamplerOpt.cc[215] : (in function: generateWithHisto) -  , in 1 y-bins
ToyMCSamplerOpt.cc[146] : (in function: generateAsimov) - Using internal logic for binned/unbinned Asimov dataset generation
ToyMCSamplerOpt.cc[214] : (in function: generateWithHisto) - Generating asimov with histogram for pdf pdf_binpass_SIG_obsOnly: in 1 x-bins
ToyMCSamplerOpt.cc[215] : (in function: generateWithHisto) -  , in 1 y-bins
ToyMCSamplerOpt.cc[146] : (in function: generateAsimov) - Using internal logic for binned/unbinned Asimov dataset generation
ToyMCSamplerOpt.cc[214] : (in function: generateWithHisto) - Generating asimov with histogram for pdf pdf_binpass_HIGH_obsOnly: in 3 x-bins
ToyMCSamplerOpt.cc[215] : (in function: generateWithHisto) -  , in 1 y-bins
ToyMCSamplerOpt.cc[146] : (in function: generateAsimov) - Using internal logic for binned/unbinned Asimov dataset generation
ToyMCSamplerOpt.cc[214] : (in function: generateWithHisto) - Generating asimov with histogram for pdf pdf_binfail_LOW_obsOnly: in 3 x-bins
ToyMCSamplerOpt.cc[215] : (in function: generateWithHisto) -  , in 1 y-bins
ToyMCSamplerOpt.cc[146] : (in function: generateAsimov) - Using internal logic for binned/unbinned Asimov dataset generation
ToyMCSamplerOpt.cc[214] : (in function: generateWithHisto) - Generating asimov with histogram for pdf pdf_binfail_SIG_obsOnly: in 1 x-bins
ToyMCSamplerOpt.cc[215] : (in function: generateWithHisto) -  , in 1 y-bins
ToyMCSamplerOpt.cc[146] : (in function: generateAsimov) - Using internal logic for binned/unbinned Asimov dataset generation
ToyMCSamplerOpt.cc[214] : (in function: generateWithHisto) - Generating asimov with histogram for pdf pdf_binfail_HIGH_obsOnly: in 3 x-bins
ToyMCSamplerOpt.cc[215] : (in function: generateWithHisto) -  , in 1 y-bins
AsymptoticLimits.cc[428] : (in function: runLimitExpected) - Median for expected limits = 8.4375, Sigma for expected limits = 4.30493
AsymptoticLimits.cc[191] : (in function: runLimit) - NLL at global minimum of data = -8423.2 (r=3.97296e-08)
AsymptoticLimits.cc[211] : (in function: runLimit) - NLL at global minimum of asimov = -8423.61 (r=2.38956e-06)
AsymptoticLimits.cc[337] : (in function: getCLs) - At r = 1.778281:	q_mu = 2.22518	q_A  = 0.70607	Pmu = 0.04056	1-Pb  = 0.18302	CLs  = 0.22163
AsymptoticLimits.cc[337] : (in function: getCLs) - At r = 3.556562:	q_mu = 3.73803	q_A  = 1.65209	Pmu = 0.01801	1-Pb  = 0.20856	CLs  = 0.08634
AsymptoticLimits.cc[337] : (in function: getCLs) - At r = 7.113124:	q_mu = 5.94727	q_A  = 3.30457	Pmu = 0.00547	1-Pb  = 0.23365	CLs  = 0.02340
AsymptoticLimits.cc[337] : (in function: getCLs) - At r = 3.556562:	q_mu = 3.73804	q_A  = 1.65210	Pmu = 0.01801	1-Pb  = 0.20856	CLs  = 0.08634
AsymptoticLimits.cc[337] : (in function: getCLs) - At r = 5.458504:	q_mu = 5.01271	q_A  = 2.57882	Pmu = 0.00905	1-Pb  = 0.22428	CLs  = 0.04034
AsymptoticLimits.cc[337] : (in function: getCLs) - At r = 4.648797:	q_mu = 4.50167	q_A  = 2.19714	Pmu = 0.01192	1-Pb  = 0.21847	CLs  = 0.05457
AsymptoticLimits.cc[337] : (in function: getCLs) - At r = 4.998199:	q_mu = 4.72727	q_A  = 2.36413	Pmu = 0.01055	1-Pb  = 0.22110	CLs  = 0.04773
AsymptoticLimits.cc[337] : (in function: getCLs) - At r = 4.831446:	q_mu = 4.62059	q_A  = 2.28487	Pmu = 0.01118	1-Pb  = 0.21988	CLs  = 0.05085
AsymptoticLimits.cc[337] : (in function: getCLs) - At r = 4.900285:	q_mu = 4.66484	q_A  = 2.31770	Pmu = 0.01092	1-Pb  = 0.22039	CLs  = 0.04953
AsymptoticLimits.cc[337] : (in function: getCLs) - At r = 4.866737:	q_mu = 4.64331	q_A  = 2.30171	Pmu = 0.01104	1-Pb  = 0.22014	CLs  = 0.05017
AsymptoticLimits.cc[337] : (in function: getCLs) - At r = 4.880471:	q_mu = 4.65213	q_A  = 2.30826	Pmu = 0.01099	1-Pb  = 0.22024	CLs  = 0.04991
AsymptoticLimits.cc[337] : (in function: getCLs) - At r = 4.873752:	q_mu = 4.64782	q_A  = 2.30505	Pmu = 0.01102	1-Pb  = 0.22019	CLs  = 0.05003
AsymptoticLimits.cc[337] : (in function: getCLs) - At r = 4.876499:	q_mu = 4.64958	q_A  = 2.30637	Pmu = 0.01101	1-Pb  = 0.22021	CLs  = 0.04998
AsymptoticLimits.cc[337] : (in function: getCLs) - At r = 4.875154:	q_mu = 4.64872	q_A  = 2.30572	Pmu = 0.01101	1-Pb  = 0.22020	CLs  = 0.05001
AsymptoticLimits.cc[337] : (in function: getCLs) - At r = 4.875704:	q_mu = 4.64907	q_A  = 2.30599	Pmu = 0.01101	1-Pb  = 0.22021	CLs  = 0.05000
AsymptoticLimits.cc[337] : (in function: getCLs) - At r = 4.875435:	q_mu = 4.64890	q_A  = 2.30586	Pmu = 0.01101	1-Pb  = 0.22021	CLs  = 0.05000
AsymptoticLimits.cc[337] : (in function: getCLs) - At r = 4.875545:	q_mu = 4.64897	q_A  = 2.30591	Pmu = 0.01101	1-Pb  = 0.22021	CLs  = 0.05000
AsymptoticLimits.cc[337] : (in function: getCLs) - At r = 4.875491:	q_mu = 4.64894	q_A  = 2.30589	Pmu = 0.01101	1-Pb  = 0.22021	CLs  = 0.05000
AsymptoticLimits.cc[337] : (in function: getCLs) - At r = 4.875513:	q_mu = 4.64895	q_A  = 2.30590	Pmu = 0.01101	1-Pb  = 0.22021	CLs  = 0.05000
AsymptoticLimits.cc[337] : (in function: getCLs) - At r = 4.875502:	q_mu = 4.64894	q_A  = 2.30589	Pmu = 0.01101	1-Pb  = 0.22021	CLs  = 0.05000
