CascadeMinimizer.cc[188] : (in function: improveOnce) - Minimization configured with Type=Minuit2, Algo=Migrad, strategy=0, tolerance=0.1
CascadeMinimizer.cc[215] : (in function: improveOnce) - Minimization finished with status=0
CascadeMinimizer.cc[219] : (in function: improveOnce) - Minimization success! status=0
ToyMCSamplerOpt.cc[146] : (in function: generateAsimov) - Using internal logic for binned/unbinned Asimov dataset generation
ToyMCSamplerOpt.cc[214] : (in function: generateWithHisto) - Generating asimov with histogram for pdf pdf_binpass_LOW_obsOnly: in 3 x-bins
ToyMCSamplerOpt.cc[215] : (in function: generateWithHisto) -  , in 1 y-bins
ToyMCSamplerOpt.cc[146] : (in function: generateAsimov) - Using internal logic for binned/unbinned Asimov dataset generation
ToyMCSamplerOpt.cc[214] : (in function: generateWithHisto) - Generating asimov with histogram for pdf pdf_binpass_SIG_obsOnly: in 1 x-bins
ToyMCSamplerOpt.cc[215] : (in function: generateWithHisto) -  , in 1 y-bins
ToyMCSamplerOpt.cc[146] : (in function: generateAsimov) - Using internal logic for binned/unbinned Asimov dataset generation
ToyMCSamplerOpt.cc[214] : (in function: generateWithHisto) - Generating asimov with histogram for pdf pdf_binpass_HIGH_obsOnly: in 5 x-bins
ToyMCSamplerOpt.cc[215] : (in function: generateWithHisto) -  , in 1 y-bins
ToyMCSamplerOpt.cc[146] : (in function: generateAsimov) - Using internal logic for binned/unbinned Asimov dataset generation
ToyMCSamplerOpt.cc[214] : (in function: generateWithHisto) - Generating asimov with histogram for pdf pdf_binfail_LOW_obsOnly: in 3 x-bins
ToyMCSamplerOpt.cc[215] : (in function: generateWithHisto) -  , in 1 y-bins
ToyMCSamplerOpt.cc[146] : (in function: generateAsimov) - Using internal logic for binned/unbinned Asimov dataset generation
ToyMCSamplerOpt.cc[214] : (in function: generateWithHisto) - Generating asimov with histogram for pdf pdf_binfail_SIG_obsOnly: in 1 x-bins
ToyMCSamplerOpt.cc[215] : (in function: generateWithHisto) -  , in 1 y-bins
ToyMCSamplerOpt.cc[146] : (in function: generateAsimov) - Using internal logic for binned/unbinned Asimov dataset generation
ToyMCSamplerOpt.cc[214] : (in function: generateWithHisto) - Generating asimov with histogram for pdf pdf_binfail_HIGH_obsOnly: in 5 x-bins
ToyMCSamplerOpt.cc[215] : (in function: generateWithHisto) -  , in 1 y-bins
AsymptoticLimits.cc[428] : (in function: runLimitExpected) - Median for expected limits = 1.82812, Sigma for expected limits = 0.932734
AsymptoticLimits.cc[191] : (in function: runLimit) - NLL at global minimum of data = -777.681 (r=3.4775e-05)
AsymptoticLimits.cc[211] : (in function: runLimit) - NLL at global minimum of asimov = -776.868 (r=0.000612797)
AsymptoticLimits.cc[337] : (in function: getCLs) - At r = 2.151347:	q_mu = 7.72777	q_A  = 5.14223	Pmu = 0.00227	1-Pb  = 0.28431	CLs  = 0.00799
AsymptoticLimits.cc[337] : (in function: getCLs) - At r = 1.075691:	q_mu = 2.72634	q_A  = 1.49142	Pmu = 0.04210	1-Pb  = 0.30657	CLs  = 0.13732
AsymptoticLimits.cc[337] : (in function: getCLs) - At r = 1.613519:	q_mu = 5.03207	q_A  = 3.06792	Pmu = 0.01038	1-Pb  = 0.28750	CLs  = 0.03611
AsymptoticLimits.cc[337] : (in function: getCLs) - At r = 1.401134:	q_mu = 4.06107	q_A  = 2.37867	Pmu = 0.01841	1-Pb  = 0.29273	CLs  = 0.06290
AsymptoticLimits.cc[337] : (in function: getCLs) - At r = 1.513877:	q_mu = 4.56742	q_A  = 2.73644	Pmu = 0.01363	1-Pb  = 0.28998	CLs  = 0.04702
AsymptoticLimits.cc[337] : (in function: getCLs) - At r = 1.472265:	q_mu = 4.37835	q_A  = 2.60275	Pmu = 0.01525	1-Pb  = 0.29106	CLs  = 0.05239
AsymptoticLimits.cc[337] : (in function: getCLs) - At r = 1.494942:	q_mu = 4.48082	q_A  = 2.67510	Pmu = 0.01435	1-Pb  = 0.29047	CLs  = 0.04940
AsymptoticLimits.cc[337] : (in function: getCLs) - At r = 1.486686:	q_mu = 4.44328	q_A  = 2.64860	Pmu = 0.01467	1-Pb  = 0.29069	CLs  = 0.05047
AsymptoticLimits.cc[337] : (in function: getCLs) - At r = 1.491241:	q_mu = 4.46396	q_A  = 2.66319	Pmu = 0.01449	1-Pb  = 0.29057	CLs  = 0.04988
AsymptoticLimits.cc[337] : (in function: getCLs) - At r = 1.489594:	q_mu = 4.45647	q_A  = 2.65789	Pmu = 0.01456	1-Pb  = 0.29061	CLs  = 0.05009
AsymptoticLimits.cc[337] : (in function: getCLs) - At r = 1.490506:	q_mu = 4.46062	q_A  = 2.66081	Pmu = 0.01452	1-Pb  = 0.29058	CLs  = 0.04998
AsymptoticLimits.cc[337] : (in function: getCLs) - At r = 1.490177:	q_mu = 4.45912	q_A  = 2.65975	Pmu = 0.01454	1-Pb  = 0.29059	CLs  = 0.05002
AsymptoticLimits.cc[337] : (in function: getCLs) - At r = 1.490360:	q_mu = 4.45996	q_A  = 2.66033	Pmu = 0.01453	1-Pb  = 0.29059	CLs  = 0.05000
AsymptoticLimits.cc[337] : (in function: getCLs) - At r = 1.490295:	q_mu = 4.45966	q_A  = 2.66012	Pmu = 0.01453	1-Pb  = 0.29059	CLs  = 0.05000
AsymptoticLimits.cc[337] : (in function: getCLs) - At r = 1.490332:	q_mu = 4.45983	q_A  = 2.66023	Pmu = 0.01453	1-Pb  = 0.29058	CLs  = 0.05000
AsymptoticLimits.cc[337] : (in function: getCLs) - At r = 1.490320:	q_mu = 4.45977	q_A  = 2.66018	Pmu = 0.01453	1-Pb  = 0.29058	CLs  = 0.05000
AsymptoticLimits.cc[337] : (in function: getCLs) - At r = 1.490325:	q_mu = 4.45979	q_A  = 2.66020	Pmu = 0.01453	1-Pb  = 0.29058	CLs  = 0.05000
