CascadeMinimizer.cc[188] : (in function: improveOnce) - Minimization configured with Type=Minuit2, Algo=Migrad, strategy=0, tolerance=0.1
CascadeMinimizer.cc[215] : (in function: improveOnce) - Minimization finished with status=0
CascadeMinimizer.cc[219] : (in function: improveOnce) - Minimization success! status=0
ToyMCSamplerOpt.cc[146] : (in function: generateAsimov) - Using internal logic for binned/unbinned Asimov dataset generation
ToyMCSamplerOpt.cc[214] : (in function: generateWithHisto) - Generating asimov with histogram for pdf pdf_binpass_LOW_obsOnly: in 3 x-bins
ToyMCSamplerOpt.cc[215] : (in function: generateWithHisto) -  , in 1 y-bins
ToyMCSamplerOpt.cc[146] : (in function: generateAsimov) - Using internal logic for binned/unbinned Asimov dataset generation
ToyMCSamplerOpt.cc[214] : (in function: generateWithHisto) - Generating asimov with histogram for pdf pdf_binpass_SIG_obsOnly: in 1 x-bins
ToyMCSamplerOpt.cc[215] : (in function: generateWithHisto) -  , in 1 y-bins
ToyMCSamplerOpt.cc[146] : (in function: generateAsimov) - Using internal logic for binned/unbinned Asimov dataset generation
ToyMCSamplerOpt.cc[214] : (in function: generateWithHisto) - Generating asimov with histogram for pdf pdf_binpass_HIGH_obsOnly: in 4 x-bins
ToyMCSamplerOpt.cc[215] : (in function: generateWithHisto) -  , in 1 y-bins
ToyMCSamplerOpt.cc[146] : (in function: generateAsimov) - Using internal logic for binned/unbinned Asimov dataset generation
ToyMCSamplerOpt.cc[214] : (in function: generateWithHisto) - Generating asimov with histogram for pdf pdf_binfail_LOW_obsOnly: in 3 x-bins
ToyMCSamplerOpt.cc[215] : (in function: generateWithHisto) -  , in 1 y-bins
ToyMCSamplerOpt.cc[146] : (in function: generateAsimov) - Using internal logic for binned/unbinned Asimov dataset generation
ToyMCSamplerOpt.cc[214] : (in function: generateWithHisto) - Generating asimov with histogram for pdf pdf_binfail_SIG_obsOnly: in 1 x-bins
ToyMCSamplerOpt.cc[215] : (in function: generateWithHisto) -  , in 1 y-bins
ToyMCSamplerOpt.cc[146] : (in function: generateAsimov) - Using internal logic for binned/unbinned Asimov dataset generation
ToyMCSamplerOpt.cc[214] : (in function: generateWithHisto) - Generating asimov with histogram for pdf pdf_binfail_HIGH_obsOnly: in 4 x-bins
ToyMCSamplerOpt.cc[215] : (in function: generateWithHisto) -  , in 1 y-bins
AsymptoticLimits.cc[428] : (in function: runLimitExpected) - Median for expected limits = 0.507812, Sigma for expected limits = 0.259093
AsymptoticLimits.cc[191] : (in function: runLimit) - NLL at global minimum of data = -2194.02 (r=3.00538e-07)
AsymptoticLimits.cc[211] : (in function: runLimit) - NLL at global minimum of asimov = -2192.38 (r=8.17263e-05)
AsymptoticLimits.cc[337] : (in function: getCLs) - At r = 1.200000:	q_mu = 17.72645	q_A  = 13.30577	Pmu = 0.00001	1-Pb  = 0.27227	CLs  = 0.00004
AsymptoticLimits.cc[337] : (in function: getCLs) - At r = 0.600000:	q_mu = 7.83873	q_A  = 4.95538	Pmu = 0.00203	1-Pb  = 0.25861	CLs  = 0.00784
AsymptoticLimits.cc[337] : (in function: getCLs) - At r = 0.300000:	q_mu = 3.37471	q_A  = 1.64037	Pmu = 0.02512	1-Pb  = 0.24918	CLs  = 0.10083
AsymptoticLimits.cc[337] : (in function: getCLs) - At r = 0.450000:	q_mu = 5.52985	q_A  = 3.17664	Pmu = 0.00729	1-Pb  = 0.25458	CLs  = 0.02865
AsymptoticLimits.cc[337] : (in function: getCLs) - At r = 0.366892:	q_mu = 4.31375	q_A  = 2.29079	Pmu = 0.01456	1-Pb  = 0.25197	CLs  = 0.05779
AsymptoticLimits.cc[337] : (in function: getCLs) - At r = 0.397231:	q_mu = 4.75133	q_A  = 2.60418	Pmu = 0.01133	1-Pb  = 0.25294	CLs  = 0.04481
AsymptoticLimits.cc[337] : (in function: getCLs) - At r = 0.380700:	q_mu = 4.51194	q_A  = 2.43182	Pmu = 0.01299	1-Pb  = 0.25240	CLs  = 0.05148
AsymptoticLimits.cc[337] : (in function: getCLs) - At r = 0.386789:	q_mu = 4.59980	q_A  = 2.49481	Pmu = 0.01236	1-Pb  = 0.25260	CLs  = 0.04892
AsymptoticLimits.cc[337] : (in function: getCLs) - At r = 0.383489:	q_mu = 4.55207	q_A  = 2.46052	Pmu = 0.01270	1-Pb  = 0.25248	CLs  = 0.05030
AsymptoticLimits.cc[337] : (in function: getCLs) - At r = 0.384711:	q_mu = 4.56969	q_A  = 2.47312	Pmu = 0.01257	1-Pb  = 0.25252	CLs  = 0.04978
AsymptoticLimits.cc[337] : (in function: getCLs) - At r = 0.384053:	q_mu = 4.56021	q_A  = 2.46625	Pmu = 0.01264	1-Pb  = 0.25249	CLs  = 0.05006
AsymptoticLimits.cc[337] : (in function: getCLs) - At r = 0.384298:	q_mu = 4.56370	q_A  = 2.46875	Pmu = 0.01261	1-Pb  = 0.25250	CLs  = 0.04996
AsymptoticLimits.cc[337] : (in function: getCLs) - At r = 0.384169:	q_mu = 4.56179	q_A  = 2.46737	Pmu = 0.01263	1-Pb  = 0.25249	CLs  = 0.05001
AsymptoticLimits.cc[337] : (in function: getCLs) - At r = 0.384221:	q_mu = 4.56258	q_A  = 2.46787	Pmu = 0.01262	1-Pb  = 0.25248	CLs  = 0.04999
AsymptoticLimits.cc[337] : (in function: getCLs) - At r = 0.384195:	q_mu = 4.56215	q_A  = 2.46761	Pmu = 0.01263	1-Pb  = 0.25249	CLs  = 0.05000
AsymptoticLimits.cc[337] : (in function: getCLs) - At r = 0.384207:	q_mu = 4.56229	q_A  = 2.46766	Pmu = 0.01262	1-Pb  = 0.25248	CLs  = 0.05000
AsymptoticLimits.cc[337] : (in function: getCLs) - At r = 0.384210:	q_mu = 4.56231	q_A  = 2.46766	Pmu = 0.01262	1-Pb  = 0.25248	CLs  = 0.05000
AsymptoticLimits.cc[337] : (in function: getCLs) - At r = 0.384208:	q_mu = 4.56233	q_A  = 2.46762	Pmu = 0.01262	1-Pb  = 0.25247	CLs  = 0.05000
