CascadeMinimizer.cc[188] : (in function: improveOnce) - Minimization configured with Type=Minuit2, Algo=Migrad, strategy=0, tolerance=0.1
CascadeMinimizer.cc[215] : (in function: improveOnce) - Minimization finished with status=0
CascadeMinimizer.cc[219] : (in function: improveOnce) - Minimization success! status=0
ToyMCSamplerOpt.cc[146] : (in function: generateAsimov) - Using internal logic for binned/unbinned Asimov dataset generation
ToyMCSamplerOpt.cc[214] : (in function: generateWithHisto) - Generating asimov with histogram for pdf pdf_binpass_LOW_obsOnly: in 3 x-bins
ToyMCSamplerOpt.cc[215] : (in function: generateWithHisto) -  , in 1 y-bins
ToyMCSamplerOpt.cc[146] : (in function: generateAsimov) - Using internal logic for binned/unbinned Asimov dataset generation
ToyMCSamplerOpt.cc[214] : (in function: generateWithHisto) - Generating asimov with histogram for pdf pdf_binpass_SIG_obsOnly: in 1 x-bins
ToyMCSamplerOpt.cc[215] : (in function: generateWithHisto) -  , in 1 y-bins
ToyMCSamplerOpt.cc[146] : (in function: generateAsimov) - Using internal logic for binned/unbinned Asimov dataset generation
ToyMCSamplerOpt.cc[214] : (in function: generateWithHisto) - Generating asimov with histogram for pdf pdf_binpass_HIGH_obsOnly: in 3 x-bins
ToyMCSamplerOpt.cc[215] : (in function: generateWithHisto) -  , in 1 y-bins
ToyMCSamplerOpt.cc[146] : (in function: generateAsimov) - Using internal logic for binned/unbinned Asimov dataset generation
ToyMCSamplerOpt.cc[214] : (in function: generateWithHisto) - Generating asimov with histogram for pdf pdf_binfail_LOW_obsOnly: in 3 x-bins
ToyMCSamplerOpt.cc[215] : (in function: generateWithHisto) -  , in 1 y-bins
ToyMCSamplerOpt.cc[146] : (in function: generateAsimov) - Using internal logic for binned/unbinned Asimov dataset generation
ToyMCSamplerOpt.cc[214] : (in function: generateWithHisto) - Generating asimov with histogram for pdf pdf_binfail_SIG_obsOnly: in 1 x-bins
ToyMCSamplerOpt.cc[215] : (in function: generateWithHisto) -  , in 1 y-bins
ToyMCSamplerOpt.cc[146] : (in function: generateAsimov) - Using internal logic for binned/unbinned Asimov dataset generation
ToyMCSamplerOpt.cc[214] : (in function: generateWithHisto) - Generating asimov with histogram for pdf pdf_binfail_HIGH_obsOnly: in 3 x-bins
ToyMCSamplerOpt.cc[215] : (in function: generateWithHisto) -  , in 1 y-bins
AsymptoticLimits.cc[428] : (in function: runLimitExpected) - Median for expected limits = 2.01562, Sigma for expected limits = 1.0284
AsymptoticLimits.cc[191] : (in function: runLimit) - NLL at global minimum of data = -684.649 (r=1.86537e-06)
AsymptoticLimits.cc[211] : (in function: runLimit) - NLL at global minimum of asimov = -684.72 (r=6.97274e-07)
AsymptoticLimits.cc[337] : (in function: getCLs) - At r = 1.200002:	q_mu = 2.55592	q_A  = 2.56248	Pmu = 0.05494	1-Pb  = 0.50082	CLs  = 0.10970
AsymptoticLimits.cc[337] : (in function: getCLs) - At r = 2.400004:	q_mu = 4.35255	q_A  = 4.36378	Pmu = 0.01848	1-Pb  = 0.50107	CLs  = 0.03687
AsymptoticLimits.cc[337] : (in function: getCLs) - At r = 1.200003:	q_mu = 2.55594	q_A  = 2.56235	Pmu = 0.05494	1-Pb  = 0.50080	CLs  = 0.10971
AsymptoticLimits.cc[337] : (in function: getCLs) - At r = 1.891885:	q_mu = 3.64757	q_A  = 3.65696	Pmu = 0.02808	1-Pb  = 0.50098	CLs  = 0.05604
AsymptoticLimits.cc[337] : (in function: getCLs) - At r = 2.104284:	q_mu = 3.95063	q_A  = 3.96086	Pmu = 0.02343	1-Pb  = 0.50103	CLs  = 0.04676
AsymptoticLimits.cc[337] : (in function: getCLs) - At r = 1.998905:	q_mu = 3.80187	q_A  = 3.81170	Pmu = 0.02560	1-Pb  = 0.50101	CLs  = 0.05109
AsymptoticLimits.cc[337] : (in function: getCLs) - At r = 2.040537:	q_mu = 3.86101	q_A  = 3.87098	Pmu = 0.02471	1-Pb  = 0.50101	CLs  = 0.04932
AsymptoticLimits.cc[337] : (in function: getCLs) - At r = 2.019306:	q_mu = 3.83091	q_A  = 3.84080	Pmu = 0.02516	1-Pb  = 0.50101	CLs  = 0.05021
AsymptoticLimits.cc[337] : (in function: getCLs) - At r = 2.027600:	q_mu = 3.84270	q_A  = 3.85260	Pmu = 0.02498	1-Pb  = 0.50101	CLs  = 0.04986
AsymptoticLimits.cc[337] : (in function: getCLs) - At r = 2.023344:	q_mu = 3.83665	q_A  = 3.84655	Pmu = 0.02507	1-Pb  = 0.50101	CLs  = 0.05004
AsymptoticLimits.cc[337] : (in function: getCLs) - At r = 2.025004:	q_mu = 3.83900	q_A  = 3.84891	Pmu = 0.02504	1-Pb  = 0.50101	CLs  = 0.04997
AsymptoticLimits.cc[337] : (in function: getCLs) - At r = 2.024153:	q_mu = 3.83780	q_A  = 3.84770	Pmu = 0.02505	1-Pb  = 0.50101	CLs  = 0.05001
AsymptoticLimits.cc[337] : (in function: getCLs) - At r = 2.024485:	q_mu = 3.83827	q_A  = 3.84817	Pmu = 0.02505	1-Pb  = 0.50101	CLs  = 0.04999
AsymptoticLimits.cc[337] : (in function: getCLs) - At r = 2.024314:	q_mu = 3.83802	q_A  = 3.84793	Pmu = 0.02505	1-Pb  = 0.50101	CLs  = 0.05000
AsymptoticLimits.cc[337] : (in function: getCLs) - At r = 2.024381:	q_mu = 3.83812	q_A  = 3.84802	Pmu = 0.02505	1-Pb  = 0.50101	CLs  = 0.05000
AsymptoticLimits.cc[337] : (in function: getCLs) - At r = 2.024347:	q_mu = 3.83807	q_A  = 3.84798	Pmu = 0.02505	1-Pb  = 0.50101	CLs  = 0.05000
AsymptoticLimits.cc[337] : (in function: getCLs) - At r = 2.024360:	q_mu = 3.83809	q_A  = 3.84799	Pmu = 0.02505	1-Pb  = 0.50101	CLs  = 0.05000
AsymptoticLimits.cc[337] : (in function: getCLs) - At r = 2.024353:	q_mu = 3.83808	q_A  = 3.84798	Pmu = 0.02505	1-Pb  = 0.50101	CLs  = 0.05000
