CascadeMinimizer.cc[188] : (in function: improveOnce) - Minimization configured with Type=Minuit2, Algo=Migrad, strategy=0, tolerance=0.1
CascadeMinimizer.cc[215] : (in function: improveOnce) - Minimization finished with status=0
CascadeMinimizer.cc[219] : (in function: improveOnce) - Minimization success! status=0
ToyMCSamplerOpt.cc[146] : (in function: generateAsimov) - Using internal logic for binned/unbinned Asimov dataset generation
ToyMCSamplerOpt.cc[214] : (in function: generateWithHisto) - Generating asimov with histogram for pdf pdf_binpass_LOW_obsOnly: in 3 x-bins
ToyMCSamplerOpt.cc[215] : (in function: generateWithHisto) -  , in 1 y-bins
ToyMCSamplerOpt.cc[146] : (in function: generateAsimov) - Using internal logic for binned/unbinned Asimov dataset generation
ToyMCSamplerOpt.cc[214] : (in function: generateWithHisto) - Generating asimov with histogram for pdf pdf_binpass_SIG_obsOnly: in 1 x-bins
ToyMCSamplerOpt.cc[215] : (in function: generateWithHisto) -  , in 1 y-bins
ToyMCSamplerOpt.cc[146] : (in function: generateAsimov) - Using internal logic for binned/unbinned Asimov dataset generation
ToyMCSamplerOpt.cc[214] : (in function: generateWithHisto) - Generating asimov with histogram for pdf pdf_binpass_HIGH_obsOnly: in 5 x-bins
ToyMCSamplerOpt.cc[215] : (in function: generateWithHisto) -  , in 1 y-bins
ToyMCSamplerOpt.cc[146] : (in function: generateAsimov) - Using internal logic for binned/unbinned Asimov dataset generation
ToyMCSamplerOpt.cc[214] : (in function: generateWithHisto) - Generating asimov with histogram for pdf pdf_binfail_LOW_obsOnly: in 3 x-bins
ToyMCSamplerOpt.cc[215] : (in function: generateWithHisto) -  , in 1 y-bins
ToyMCSamplerOpt.cc[146] : (in function: generateAsimov) - Using internal logic for binned/unbinned Asimov dataset generation
ToyMCSamplerOpt.cc[214] : (in function: generateWithHisto) - Generating asimov with histogram for pdf pdf_binfail_SIG_obsOnly: in 1 x-bins
ToyMCSamplerOpt.cc[215] : (in function: generateWithHisto) -  , in 1 y-bins
ToyMCSamplerOpt.cc[146] : (in function: generateAsimov) - Using internal logic for binned/unbinned Asimov dataset generation
ToyMCSamplerOpt.cc[214] : (in function: generateWithHisto) - Generating asimov with histogram for pdf pdf_binfail_HIGH_obsOnly: in 5 x-bins
ToyMCSamplerOpt.cc[215] : (in function: generateWithHisto) -  , in 1 y-bins
AsymptoticLimits.cc[428] : (in function: runLimitExpected) - Median for expected limits = 0.196289, Sigma for expected limits = 0.100149
AsymptoticLimits.cc[191] : (in function: runLimit) - NLL at global minimum of data = -65.2814 (r=7.65958e-07)
AsymptoticLimits.cc[211] : (in function: runLimit) - NLL at global minimum of asimov = -64.7165 (r=1.15774e-08)
AsymptoticLimits.cc[337] : (in function: getCLs) - At r = 1.200001:	q_mu = 25.33486	q_A  = 23.17994	Pmu = 0.00000	1-Pb  = 0.41146	CLs  = 0.00000
AsymptoticLimits.cc[337] : (in function: getCLs) - At r = 0.600001:	q_mu = 13.59114	q_A  = 11.95312	Pmu = 0.00011	1-Pb  = 0.40637	CLs  = 0.00027
AsymptoticLimits.cc[337] : (in function: getCLs) - At r = 0.300001:	q_mu = 7.07955	q_A  = 5.96860	Pmu = 0.00379	1-Pb  = 0.41007	CLs  = 0.00924
AsymptoticLimits.cc[337] : (in function: getCLs) - At r = 0.150001:	q_mu = 3.62210	q_A  = 2.87802	Pmu = 0.02770	1-Pb  = 0.41321	CLs  = 0.06703
AsymptoticLimits.cc[337] : (in function: getCLs) - At r = 0.225001:	q_mu = 5.36846	q_A  = 4.43221	Pmu = 0.00997	1-Pb  = 0.41202	CLs  = 0.02419
AsymptoticLimits.cc[337] : (in function: getCLs) - At r = 0.182254:	q_mu = 4.37766	q_A  = 3.54742	Pmu = 0.01770	1-Pb  = 0.41278	CLs  = 0.04287
AsymptoticLimits.cc[337] : (in function: getCLs) - At r = 0.166920:	q_mu = 4.01918	q_A  = 3.22955	Pmu = 0.02186	1-Pb  = 0.41305	CLs  = 0.05292
AsymptoticLimits.cc[337] : (in function: getCLs) - At r = 0.173292:	q_mu = 4.16828	q_A  = 3.36168	Pmu = 0.02001	1-Pb  = 0.41295	CLs  = 0.04847
AsymptoticLimits.cc[337] : (in function: getCLs) - At r = 0.170212:	q_mu = 4.09621	q_A  = 3.29779	Pmu = 0.02088	1-Pb  = 0.41300	CLs  = 0.05057
AsymptoticLimits.cc[337] : (in function: getCLs) - At r = 0.171483:	q_mu = 4.12597	q_A  = 3.32415	Pmu = 0.02052	1-Pb  = 0.41298	CLs  = 0.04969
AsymptoticLimits.cc[337] : (in function: getCLs) - At r = 0.170867:	q_mu = 4.11154	q_A  = 3.31136	Pmu = 0.02070	1-Pb  = 0.41299	CLs  = 0.05011
AsymptoticLimits.cc[337] : (in function: getCLs) - At r = 0.171121:	q_mu = 4.11749	q_A  = 3.31663	Pmu = 0.02062	1-Pb  = 0.41298	CLs  = 0.04994
AsymptoticLimits.cc[337] : (in function: getCLs) - At r = 0.170998:	q_mu = 4.11461	q_A  = 3.31407	Pmu = 0.02066	1-Pb  = 0.41299	CLs  = 0.05002
AsymptoticLimits.cc[337] : (in function: getCLs) - At r = 0.171049:	q_mu = 4.11580	q_A  = 3.31513	Pmu = 0.02064	1-Pb  = 0.41298	CLs  = 0.04999
AsymptoticLimits.cc[337] : (in function: getCLs) - At r = 0.171025:	q_mu = 4.11522	q_A  = 3.31462	Pmu = 0.02065	1-Pb  = 0.41299	CLs  = 0.05000
AsymptoticLimits.cc[337] : (in function: getCLs) - At r = 0.171035:	q_mu = 4.11546	q_A  = 3.31483	Pmu = 0.02065	1-Pb  = 0.41298	CLs  = 0.05000
AsymptoticLimits.cc[337] : (in function: getCLs) - At r = 0.171030:	q_mu = 4.11534	q_A  = 3.31472	Pmu = 0.02065	1-Pb  = 0.41298	CLs  = 0.05000
AsymptoticLimits.cc[337] : (in function: getCLs) - At r = 0.171032:	q_mu = 4.11539	q_A  = 3.31477	Pmu = 0.02065	1-Pb  = 0.41298	CLs  = 0.05000
