CascadeMinimizer.cc[188] : (in function: improveOnce) - Minimization configured with Type=Minuit2, Algo=Migrad, strategy=0, tolerance=0.1
CascadeMinimizer.cc[215] : (in function: improveOnce) - Minimization finished with status=0
CascadeMinimizer.cc[219] : (in function: improveOnce) - Minimization success! status=0
ToyMCSamplerOpt.cc[146] : (in function: generateAsimov) - Using internal logic for binned/unbinned Asimov dataset generation
ToyMCSamplerOpt.cc[214] : (in function: generateWithHisto) - Generating asimov with histogram for pdf pdf_binpass_LOW_obsOnly: in 3 x-bins
ToyMCSamplerOpt.cc[215] : (in function: generateWithHisto) -  , in 1 y-bins
ToyMCSamplerOpt.cc[146] : (in function: generateAsimov) - Using internal logic for binned/unbinned Asimov dataset generation
ToyMCSamplerOpt.cc[214] : (in function: generateWithHisto) - Generating asimov with histogram for pdf pdf_binpass_SIG_obsOnly: in 1 x-bins
ToyMCSamplerOpt.cc[215] : (in function: generateWithHisto) -  , in 1 y-bins
ToyMCSamplerOpt.cc[146] : (in function: generateAsimov) - Using internal logic for binned/unbinned Asimov dataset generation
ToyMCSamplerOpt.cc[214] : (in function: generateWithHisto) - Generating asimov with histogram for pdf pdf_binpass_HIGH_obsOnly: in 3 x-bins
ToyMCSamplerOpt.cc[215] : (in function: generateWithHisto) -  , in 1 y-bins
ToyMCSamplerOpt.cc[146] : (in function: generateAsimov) - Using internal logic for binned/unbinned Asimov dataset generation
ToyMCSamplerOpt.cc[214] : (in function: generateWithHisto) - Generating asimov with histogram for pdf pdf_binfail_LOW_obsOnly: in 3 x-bins
ToyMCSamplerOpt.cc[215] : (in function: generateWithHisto) -  , in 1 y-bins
ToyMCSamplerOpt.cc[146] : (in function: generateAsimov) - Using internal logic for binned/unbinned Asimov dataset generation
ToyMCSamplerOpt.cc[214] : (in function: generateWithHisto) - Generating asimov with histogram for pdf pdf_binfail_SIG_obsOnly: in 1 x-bins
ToyMCSamplerOpt.cc[215] : (in function: generateWithHisto) -  , in 1 y-bins
ToyMCSamplerOpt.cc[146] : (in function: generateAsimov) - Using internal logic for binned/unbinned Asimov dataset generation
ToyMCSamplerOpt.cc[214] : (in function: generateWithHisto) - Generating asimov with histogram for pdf pdf_binfail_HIGH_obsOnly: in 3 x-bins
ToyMCSamplerOpt.cc[215] : (in function: generateWithHisto) -  , in 1 y-bins
AsymptoticLimits.cc[428] : (in function: runLimitExpected) - Median for expected limits = 1.3125, Sigma for expected limits = 0.669655
AsymptoticLimits.cc[191] : (in function: runLimit) - NLL at global minimum of data = -688.128 (r=2.72926e-07)
AsymptoticLimits.cc[211] : (in function: runLimit) - NLL at global minimum of asimov = -687.993 (r=1.11647e-05)
AsymptoticLimits.cc[337] : (in function: getCLs) - At r = 1.200000:	q_mu = 1.09897	q_A  = 3.36443	Pmu = 0.14725	1-Pb  = 0.78404	CLs  = 0.18780
AsymptoticLimits.cc[337] : (in function: getCLs) - At r = 2.400001:	q_mu = 4.93425	q_A  = 8.22537	Pmu = 0.01316	1-Pb  = 0.74108	CLs  = 0.01776
AsymptoticLimits.cc[337] : (in function: getCLs) - At r = 1.200000:	q_mu = 1.09883	q_A  = 3.36446	Pmu = 0.14726	1-Pb  = 0.78406	CLs  = 0.18782
AsymptoticLimits.cc[337] : (in function: getCLs) - At r = 1.800000:	q_mu = 2.94399	q_A  = 5.85104	Pmu = 0.04310	1-Pb  = 0.75900	CLs  = 0.05678
AsymptoticLimits.cc[337] : (in function: getCLs) - At r = 1.972553:	q_mu = 3.51328	q_A  = 6.54799	Pmu = 0.03044	1-Pb  = 0.75318	CLs  = 0.04041
AsymptoticLimits.cc[337] : (in function: getCLs) - At r = 1.886157:	q_mu = 3.22747	q_A  = 6.20031	Pmu = 0.03621	1-Pb  = 0.75601	CLs  = 0.04789
AsymptoticLimits.cc[337] : (in function: getCLs) - At r = 1.851487:	q_mu = 3.11323	q_A  = 6.06004	Pmu = 0.03883	1-Pb  = 0.75719	CLs  = 0.05128
AsymptoticLimits.cc[337] : (in function: getCLs) - At r = 1.868681:	q_mu = 3.16981	q_A  = 6.12964	Pmu = 0.03751	1-Pb  = 0.75660	CLs  = 0.04957
AsymptoticLimits.cc[337] : (in function: getCLs) - At r = 1.861747:	q_mu = 3.14695	q_A  = 6.10157	Pmu = 0.03803	1-Pb  = 0.75684	CLs  = 0.05025
AsymptoticLimits.cc[337] : (in function: getCLs) - At r = 1.865190:	q_mu = 3.15828	q_A  = 6.11550	Pmu = 0.03777	1-Pb  = 0.75672	CLs  = 0.04991
AsymptoticLimits.cc[337] : (in function: getCLs) - At r = 1.863806:	q_mu = 3.15372	q_A  = 6.10985	Pmu = 0.03788	1-Pb  = 0.75677	CLs  = 0.05005
AsymptoticLimits.cc[337] : (in function: getCLs) - At r = 1.864496:	q_mu = 3.15599	q_A  = 6.11262	Pmu = 0.03782	1-Pb  = 0.75674	CLs  = 0.04998
AsymptoticLimits.cc[337] : (in function: getCLs) - At r = 1.864222:	q_mu = 3.15508	q_A  = 6.11150	Pmu = 0.03785	1-Pb  = 0.75675	CLs  = 0.05001
AsymptoticLimits.cc[337] : (in function: getCLs) - At r = 1.864361:	q_mu = 3.15552	q_A  = 6.11222	Pmu = 0.03784	1-Pb  = 0.75676	CLs  = 0.05000
AsymptoticLimits.cc[337] : (in function: getCLs) - At r = 1.864305:	q_mu = 3.15533	q_A  = 6.11196	Pmu = 0.03784	1-Pb  = 0.75676	CLs  = 0.05000
AsymptoticLimits.cc[337] : (in function: getCLs) - At r = 1.864333:	q_mu = 3.15542	q_A  = 6.11206	Pmu = 0.03784	1-Pb  = 0.75676	CLs  = 0.05000
AsymptoticLimits.cc[337] : (in function: getCLs) - At r = 1.864324:	q_mu = 3.15539	q_A  = 6.11201	Pmu = 0.03784	1-Pb  = 0.75676	CLs  = 0.05000
AsymptoticLimits.cc[337] : (in function: getCLs) - At r = 1.864329:	q_mu = 3.15540	q_A  = 6.11202	Pmu = 0.03784	1-Pb  = 0.75676	CLs  = 0.05000
