CascadeMinimizer.cc[188] : (in function: improveOnce) - Minimization configured with Type=Minuit2, Algo=Migrad, strategy=0, tolerance=0.1
CascadeMinimizer.cc[215] : (in function: improveOnce) - Minimization finished with status=0
CascadeMinimizer.cc[219] : (in function: improveOnce) - Minimization success! status=0
ToyMCSamplerOpt.cc[146] : (in function: generateAsimov) - Using internal logic for binned/unbinned Asimov dataset generation
ToyMCSamplerOpt.cc[214] : (in function: generateWithHisto) - Generating asimov with histogram for pdf pdf_binpass_LOW_obsOnly: in 4 x-bins
ToyMCSamplerOpt.cc[215] : (in function: generateWithHisto) -  , in 1 y-bins
ToyMCSamplerOpt.cc[146] : (in function: generateAsimov) - Using internal logic for binned/unbinned Asimov dataset generation
ToyMCSamplerOpt.cc[214] : (in function: generateWithHisto) - Generating asimov with histogram for pdf pdf_binpass_SIG_obsOnly: in 3 x-bins
ToyMCSamplerOpt.cc[215] : (in function: generateWithHisto) -  , in 1 y-bins
ToyMCSamplerOpt.cc[146] : (in function: generateAsimov) - Using internal logic for binned/unbinned Asimov dataset generation
ToyMCSamplerOpt.cc[214] : (in function: generateWithHisto) - Generating asimov with histogram for pdf pdf_binpass_HIGH_obsOnly: in 7 x-bins
ToyMCSamplerOpt.cc[215] : (in function: generateWithHisto) -  , in 1 y-bins
ToyMCSamplerOpt.cc[146] : (in function: generateAsimov) - Using internal logic for binned/unbinned Asimov dataset generation
ToyMCSamplerOpt.cc[214] : (in function: generateWithHisto) - Generating asimov with histogram for pdf pdf_binfail_LOW_obsOnly: in 4 x-bins
ToyMCSamplerOpt.cc[215] : (in function: generateWithHisto) -  , in 1 y-bins
ToyMCSamplerOpt.cc[146] : (in function: generateAsimov) - Using internal logic for binned/unbinned Asimov dataset generation
ToyMCSamplerOpt.cc[214] : (in function: generateWithHisto) - Generating asimov with histogram for pdf pdf_binfail_SIG_obsOnly: in 3 x-bins
ToyMCSamplerOpt.cc[215] : (in function: generateWithHisto) -  , in 1 y-bins
ToyMCSamplerOpt.cc[146] : (in function: generateAsimov) - Using internal logic for binned/unbinned Asimov dataset generation
ToyMCSamplerOpt.cc[214] : (in function: generateWithHisto) - Generating asimov with histogram for pdf pdf_binfail_HIGH_obsOnly: in 7 x-bins
ToyMCSamplerOpt.cc[215] : (in function: generateWithHisto) -  , in 1 y-bins
AsymptoticLimits.cc[428] : (in function: runLimitExpected) - Median for expected limits = 1.02734, Sigma for expected limits = 0.524165
AsymptoticLimits.cc[191] : (in function: runLimit) - NLL at global minimum of data = -11143.1 (r=8.07439e-07)
AsymptoticLimits.cc[211] : (in function: runLimit) - NLL at global minimum of asimov = -11142.3 (r=8.60305e-07)
AsymptoticLimits.cc[337] : (in function: getCLs) - At r = 1.200001:	q_mu = 8.07815	q_A  = 4.60466	Pmu = 0.00156	1-Pb  = 0.20916	CLs  = 0.00747
AsymptoticLimits.cc[337] : (in function: getCLs) - At r = 0.600001:	q_mu = 4.41213	q_A  = 1.94554	Pmu = 0.01133	1-Pb  = 0.18830	CLs  = 0.06019
AsymptoticLimits.cc[337] : (in function: getCLs) - At r = 0.900001:	q_mu = 6.31211	q_A  = 3.26846	Pmu = 0.00403	1-Pb  = 0.19996	CLs  = 0.02015
AsymptoticLimits.cc[337] : (in function: getCLs) - At r = 0.700667:	q_mu = 5.06577	q_A  = 2.38334	Pmu = 0.00792	1-Pb  = 0.19249	CLs  = 0.04115
AsymptoticLimits.cc[337] : (in function: getCLs) - At r = 0.659399:	q_mu = 4.79989	q_A  = 2.20265	Pmu = 0.00916	1-Pb  = 0.19079	CLs  = 0.04801
AsymptoticLimits.cc[337] : (in function: getCLs) - At r = 0.638966:	q_mu = 4.66710	q_A  = 2.11368	Pmu = 0.00985	1-Pb  = 0.18993	CLs  = 0.05186
AsymptoticLimits.cc[337] : (in function: getCLs) - At r = 0.650788:	q_mu = 4.74396	q_A  = 2.16500	Pmu = 0.00944	1-Pb  = 0.19041	CLs  = 0.04959
AsymptoticLimits.cc[337] : (in function: getCLs) - At r = 0.646697:	q_mu = 4.71761	q_A  = 2.14726	Pmu = 0.00958	1-Pb  = 0.19023	CLs  = 0.05036
AsymptoticLimits.cc[337] : (in function: getCLs) - At r = 0.649047:	q_mu = 4.73273	q_A  = 2.15744	Pmu = 0.00950	1-Pb  = 0.19034	CLs  = 0.04992
AsymptoticLimits.cc[337] : (in function: getCLs) - At r = 0.648231:	q_mu = 4.72739	q_A  = 2.15388	Pmu = 0.00953	1-Pb  = 0.19031	CLs  = 0.05007
AsymptoticLimits.cc[337] : (in function: getCLs) - At r = 0.648706:	q_mu = 4.73045	q_A  = 2.15594	Pmu = 0.00951	1-Pb  = 0.19033	CLs  = 0.04998
AsymptoticLimits.cc[337] : (in function: getCLs) - At r = 0.648546:	q_mu = 4.72940	q_A  = 2.15524	Pmu = 0.00952	1-Pb  = 0.19032	CLs  = 0.05002
AsymptoticLimits.cc[337] : (in function: getCLs) - At r = 0.648610:	q_mu = 4.72982	q_A  = 2.15551	Pmu = 0.00952	1-Pb  = 0.19032	CLs  = 0.05000
AsymptoticLimits.cc[337] : (in function: getCLs) - At r = 0.648643:	q_mu = 4.73026	q_A  = 2.15565	Pmu = 0.00951	1-Pb  = 0.19030	CLs  = 0.04999
AsymptoticLimits.cc[337] : (in function: getCLs) - At r = 0.648624:	q_mu = 4.72998	q_A  = 2.15557	Pmu = 0.00952	1-Pb  = 0.19032	CLs  = 0.05000
AsymptoticLimits.cc[337] : (in function: getCLs) - At r = 0.648619:	q_mu = 4.72990	q_A  = 2.15555	Pmu = 0.00952	1-Pb  = 0.19032	CLs  = 0.05000
AsymptoticLimits.cc[337] : (in function: getCLs) - At r = 0.648621:	q_mu = 4.72990	q_A  = 2.15556	Pmu = 0.00952	1-Pb  = 0.19032	CLs  = 0.05000
