CascadeMinimizer.cc[188] : (in function: improveOnce) - Minimization configured with Type=Minuit2, Algo=Migrad, strategy=0, tolerance=0.1
CascadeMinimizer.cc[215] : (in function: improveOnce) - Minimization finished with status=0
CascadeMinimizer.cc[219] : (in function: improveOnce) - Minimization success! status=0
ToyMCSamplerOpt.cc[146] : (in function: generateAsimov) - Using internal logic for binned/unbinned Asimov dataset generation
ToyMCSamplerOpt.cc[214] : (in function: generateWithHisto) - Generating asimov with histogram for pdf pdf_binpass_LOW_obsOnly: in 3 x-bins
ToyMCSamplerOpt.cc[215] : (in function: generateWithHisto) -  , in 1 y-bins
ToyMCSamplerOpt.cc[146] : (in function: generateAsimov) - Using internal logic for binned/unbinned Asimov dataset generation
ToyMCSamplerOpt.cc[214] : (in function: generateWithHisto) - Generating asimov with histogram for pdf pdf_binpass_SIG_obsOnly: in 1 x-bins
ToyMCSamplerOpt.cc[215] : (in function: generateWithHisto) -  , in 1 y-bins
ToyMCSamplerOpt.cc[146] : (in function: generateAsimov) - Using internal logic for binned/unbinned Asimov dataset generation
ToyMCSamplerOpt.cc[214] : (in function: generateWithHisto) - Generating asimov with histogram for pdf pdf_binpass_HIGH_obsOnly: in 3 x-bins
ToyMCSamplerOpt.cc[215] : (in function: generateWithHisto) -  , in 1 y-bins
ToyMCSamplerOpt.cc[146] : (in function: generateAsimov) - Using internal logic for binned/unbinned Asimov dataset generation
ToyMCSamplerOpt.cc[214] : (in function: generateWithHisto) - Generating asimov with histogram for pdf pdf_binfail_LOW_obsOnly: in 3 x-bins
ToyMCSamplerOpt.cc[215] : (in function: generateWithHisto) -  , in 1 y-bins
ToyMCSamplerOpt.cc[146] : (in function: generateAsimov) - Using internal logic for binned/unbinned Asimov dataset generation
ToyMCSamplerOpt.cc[214] : (in function: generateWithHisto) - Generating asimov with histogram for pdf pdf_binfail_SIG_obsOnly: in 1 x-bins
ToyMCSamplerOpt.cc[215] : (in function: generateWithHisto) -  , in 1 y-bins
ToyMCSamplerOpt.cc[146] : (in function: generateAsimov) - Using internal logic for binned/unbinned Asimov dataset generation
ToyMCSamplerOpt.cc[214] : (in function: generateWithHisto) - Generating asimov with histogram for pdf pdf_binfail_HIGH_obsOnly: in 3 x-bins
ToyMCSamplerOpt.cc[215] : (in function: generateWithHisto) -  , in 1 y-bins
AsymptoticLimits.cc[428] : (in function: runLimitExpected) - Median for expected limits = 42, Sigma for expected limits = 21.429
AsymptoticLimits.cc[191] : (in function: runLimit) - NLL at global minimum of data = -678.504 (r=6.31509e-07)
AsymptoticLimits.cc[211] : (in function: runLimit) - NLL at global minimum of asimov = -678.695 (r=5.57709e-05)
AsymptoticLimits.cc[337] : (in function: getCLs) - At r = 21.214921:	q_mu = 2.23818	q_A  = 2.31436	Pmu = 0.06732	1-Pb  = 0.51007	CLs  = 0.13198
AsymptoticLimits.cc[337] : (in function: getCLs) - At r = 42.429841:	q_mu = 3.73941	q_A  = 3.86489	Pmu = 0.02657	1-Pb  = 0.51284	CLs  = 0.05181
AsymptoticLimits.cc[337] : (in function: getCLs) - At r = 84.859683:	q_mu = 5.92356	q_A  = 6.12729	Pmu = 0.00747	1-Pb  = 0.51655	CLs  = 0.01446
AsymptoticLimits.cc[337] : (in function: getCLs) - At r = 42.429842:	q_mu = 3.73918	q_A  = 3.86490	Pmu = 0.02658	1-Pb  = 0.51286	CLs  = 0.05182
AsymptoticLimits.cc[337] : (in function: getCLs) - At r = 63.644762:	q_mu = 4.92491	q_A  = 5.09329	Pmu = 0.01324	1-Pb  = 0.51500	CLs  = 0.02570
AsymptoticLimits.cc[337] : (in function: getCLs) - At r = 47.537178:	q_mu = 4.04644	q_A  = 4.18352	Pmu = 0.02213	1-Pb  = 0.51348	CLs  = 0.04310
AsymptoticLimits.cc[337] : (in function: getCLs) - At r = 44.243683:	q_mu = 3.84993	q_A  = 3.98002	Pmu = 0.02487	1-Pb  = 0.51311	CLs  = 0.04848
AsymptoticLimits.cc[337] : (in function: getCLs) - At r = 43.207343:	q_mu = 3.78670	q_A  = 3.91450	Pmu = 0.02583	1-Pb  = 0.51299	CLs  = 0.05035
AsymptoticLimits.cc[337] : (in function: getCLs) - At r = 43.568281:	q_mu = 3.80880	q_A  = 3.93739	Pmu = 0.02549	1-Pb  = 0.51303	CLs  = 0.04969
AsymptoticLimits.cc[337] : (in function: getCLs) - At r = 43.360408:	q_mu = 3.79608	q_A  = 3.92422	Pmu = 0.02569	1-Pb  = 0.51301	CLs  = 0.05007
AsymptoticLimits.cc[337] : (in function: getCLs) - At r = 43.432495:	q_mu = 3.80049	q_A  = 3.92878	Pmu = 0.02562	1-Pb  = 0.51302	CLs  = 0.04994
AsymptoticLimits.cc[337] : (in function: getCLs) - At r = 43.390900:	q_mu = 3.79795	q_A  = 3.92615	Pmu = 0.02566	1-Pb  = 0.51301	CLs  = 0.05001
AsymptoticLimits.cc[337] : (in function: getCLs) - At r = 43.405336:	q_mu = 3.79883	q_A  = 3.92706	Pmu = 0.02564	1-Pb  = 0.51301	CLs  = 0.04999
AsymptoticLimits.cc[337] : (in function: getCLs) - At r = 43.397019:	q_mu = 3.79832	q_A  = 3.92653	Pmu = 0.02565	1-Pb  = 0.51301	CLs  = 0.05000
AsymptoticLimits.cc[337] : (in function: getCLs) - At r = 43.399910:	q_mu = 3.79850	q_A  = 3.92672	Pmu = 0.02565	1-Pb  = 0.51301	CLs  = 0.05000
AsymptoticLimits.cc[337] : (in function: getCLs) - At r = 43.398248:	q_mu = 3.79840	q_A  = 3.92661	Pmu = 0.02565	1-Pb  = 0.51301	CLs  = 0.05000
AsymptoticLimits.cc[337] : (in function: getCLs) - At r = 43.398829:	q_mu = 3.79843	q_A  = 3.92665	Pmu = 0.02565	1-Pb  = 0.51301	CLs  = 0.05000
AsymptoticLimits.cc[337] : (in function: getCLs) - At r = 43.398498:	q_mu = 3.79841	q_A  = 3.92662	Pmu = 0.02565	1-Pb  = 0.51301	CLs  = 0.05000
AsymptoticLimits.cc[337] : (in function: getCLs) - At r = 43.398616:	q_mu = 3.79842	q_A  = 3.92663	Pmu = 0.02565	1-Pb  = 0.51301	CLs  = 0.05000
