 <<< Combine >>> 
 <<< v10.0.1 >>>
>>> Random number generator seed is 123456
>>> Method used is FitDiagnostics
Set Default Value of Parameter mask_pass_SIG To : 1
Set Default Value of Parameter mask_pass_HIGH To : 1
Set Default Value of Parameter r To : 1
>>> 2 out of 6 channels masked

>> Found 15 floating parameters
>> The following parameters are protected in the event of negative eigenvalues:
>> Verifying eigenvalues are all positive (iteration 0)
Eigenvalue 14 : -0.00468799
 - 0.608246	CMS_EXO26004_Background_rpf_2x0_par3
 - 0.558654	CMS_EXO26004_Background_rpf_2x0_par2
 - -0.496371	CMS_EXO26004_Background_rpf_2x0_par1
 - -0.267505	CMS_EXO26004_Background_rpf_2x0_par0
 - 0.000703685	CMS_EXO26004_Background_fail_LOW_bin_2-1
>> Attempt 0 failed, remove the variable with largest eigenvector component...
>> Dropping CMS_EXO26004_Background_rpf_2x0_par3 from the hessian
>> Verifying eigenvalues are all positive (iteration 1)
>> All eigenvalues are positive
>> Inverting Hessian...
>> Matrix inverted
>> Note: the following parameters were dropped to make the covariance matrix pos-def:
     - CMS_EXO26004_Background_rpf_2x0_par3
 Fit B-only, status = 0, numBadNLL = 0, covariance quality = -1
Running Minos for POI r
>> Found 16 floating parameters
>> The following parameters are protected in the event of negative eigenvalues: r
>> Verifying eigenvalues are all positive (iteration 0)
Eigenvalue 14 : -0.00107062
 - -0.917751	r
 - 0.25721	CMS_EXO26004_Background_rpf_2x0_par2
 - 0.220698	CMS_EXO26004_Background_rpf_2x0_par1
 - 0.122622	CMS_EXO26004_Background_fail_HIGH_bin_3-1
 - -0.117544	CMS_EXO26004_Background_rpf_2x0_par0
Eigenvalue 15 : -0.00456053
 - -0.598353	CMS_EXO26004_Background_rpf_2x0_par3
 - -0.552326	CMS_EXO26004_Background_rpf_2x0_par2
 - 0.508267	CMS_EXO26004_Background_rpf_2x0_par1
 - 0.266565	CMS_EXO26004_Background_rpf_2x0_par0
 - -0.0852837	r
>> Attempt 0 failed, remove the variable with largest eigenvector component...
>> Dropping CMS_EXO26004_Background_rpf_2x0_par3 from the hessian
>> Verifying eigenvalues are all positive (iteration 1)
Eigenvalue 14 : -0.00109138
 - -0.926363	r
 - 0.277531	CMS_EXO26004_Background_rpf_2x0_par1
 - 0.151725	CMS_EXO26004_Background_rpf_2x0_par2
 - 0.123757	CMS_EXO26004_Background_fail_HIGH_bin_3-1
 - -0.115357	CMS_EXO26004_Background_rpf_2x0_par0
>> Attempt 1 failed, remove the variable with largest eigenvector component...
>> Dropping CMS_EXO26004_Background_rpf_2x0_par1 from the hessian
>> Verifying eigenvalues are all positive (iteration 2)
Eigenvalue 13 : -0.000506899
 - -0.72386	r
 - 0.67718	CMS_EXO26004_Background_rpf_2x0_par2
 - 0.0970163	CMS_EXO26004_Background_fail_HIGH_bin_3-1
 - -0.0613646	RNN
 - 0.0486289	CMS_EXO26004_Background_fail_HIGH_bin_2-1
>> Attempt 2 failed, remove the variable with largest eigenvector component...
>> Dropping CMS_EXO26004_Background_rpf_2x0_par2 from the hessian
>> Verifying eigenvalues are all positive (iteration 3)
>> All eigenvalues are positive
>> Inverting Hessian...
>> Matrix inverted
>> Note: the following parameters were dropped to make the covariance matrix pos-def:
     - CMS_EXO26004_Background_rpf_2x0_par3
     - CMS_EXO26004_Background_rpf_2x0_par1
     - CMS_EXO26004_Background_rpf_2x0_par2
Fit S+B, status = 0, numBadNLL = 0, covariance quality = -1

 --- FitDiagnostics ---
Best fit r: 50  -50/+1.40619e-05  (68% CL)
Done in 0.01 min (cpu), 0.01 min (real)
27 log messages saved to combine_logger.out
