CascadeMinimizer.cc[188] : (in function: improveOnce) - Minimization configured with Type=Minuit2, Algo=Migrad, strategy=0, tolerance=0.1
CascadeMinimizer.cc[215] : (in function: improveOnce) - Minimization finished with status=0
CascadeMinimizer.cc[219] : (in function: improveOnce) - Minimization success! status=0
ToyMCSamplerOpt.cc[146] : (in function: generateAsimov) - Using internal logic for binned/unbinned Asimov dataset generation
ToyMCSamplerOpt.cc[214] : (in function: generateWithHisto) - Generating asimov with histogram for pdf pdf_binpass_LOW_obsOnly: in 2 x-bins
ToyMCSamplerOpt.cc[215] : (in function: generateWithHisto) -  , in 1 y-bins
ToyMCSamplerOpt.cc[146] : (in function: generateAsimov) - Using internal logic for binned/unbinned Asimov dataset generation
ToyMCSamplerOpt.cc[214] : (in function: generateWithHisto) - Generating asimov with histogram for pdf pdf_binpass_SIG_obsOnly: in 1 x-bins
ToyMCSamplerOpt.cc[215] : (in function: generateWithHisto) -  , in 1 y-bins
ToyMCSamplerOpt.cc[146] : (in function: generateAsimov) - Using internal logic for binned/unbinned Asimov dataset generation
ToyMCSamplerOpt.cc[214] : (in function: generateWithHisto) - Generating asimov with histogram for pdf pdf_binpass_HIGH_obsOnly: in 9 x-bins
ToyMCSamplerOpt.cc[215] : (in function: generateWithHisto) -  , in 1 y-bins
ToyMCSamplerOpt.cc[146] : (in function: generateAsimov) - Using internal logic for binned/unbinned Asimov dataset generation
ToyMCSamplerOpt.cc[214] : (in function: generateWithHisto) - Generating asimov with histogram for pdf pdf_binfail_LOW_obsOnly: in 2 x-bins
ToyMCSamplerOpt.cc[215] : (in function: generateWithHisto) -  , in 1 y-bins
ToyMCSamplerOpt.cc[146] : (in function: generateAsimov) - Using internal logic for binned/unbinned Asimov dataset generation
ToyMCSamplerOpt.cc[214] : (in function: generateWithHisto) - Generating asimov with histogram for pdf pdf_binfail_SIG_obsOnly: in 1 x-bins
ToyMCSamplerOpt.cc[215] : (in function: generateWithHisto) -  , in 1 y-bins
ToyMCSamplerOpt.cc[146] : (in function: generateAsimov) - Using internal logic for binned/unbinned Asimov dataset generation
ToyMCSamplerOpt.cc[214] : (in function: generateWithHisto) - Generating asimov with histogram for pdf pdf_binfail_HIGH_obsOnly: in 9 x-bins
ToyMCSamplerOpt.cc[215] : (in function: generateWithHisto) -  , in 1 y-bins
AsymptoticLimits.cc[428] : (in function: runLimitExpected) - Median for expected limits = 2.65625, Sigma for expected limits = 1.35525
AsymptoticLimits.cc[191] : (in function: runLimit) - NLL at global minimum of data = -19.0142 (r=0.40395)
AsymptoticLimits.cc[211] : (in function: runLimit) - NLL at global minimum of asimov = -18.9293 (r=0.278217)
AsymptoticLimits.cc[337] : (in function: getCLs) - At r = 2.501775:	q_mu = 3.31091	q_A  = 3.51516	Pmu = 0.03441	1-Pb  = 0.52204	CLs  = 0.06592
AsymptoticLimits.cc[337] : (in function: getCLs) - At r = 5.003551:	q_mu = 8.37440	q_A  = 8.48484	Pmu = 0.00190	1-Pb  = 0.50759	CLs  = 0.00375
AsymptoticLimits.cc[337] : (in function: getCLs) - At r = 2.703750:	q_mu = 3.72369	q_A  = 3.91943	Pmu = 0.02682	1-Pb  = 0.51997	CLs  = 0.05159
AsymptoticLimits.cc[337] : (in function: getCLs) - At r = 3.853650:	q_mu = 6.06715	q_A  = 6.22479	Pmu = 0.00689	1-Pb  = 0.51268	CLs  = 0.01343
AsymptoticLimits.cc[337] : (in function: getCLs) - At r = 3.278700:	q_mu = 4.89557	q_A  = 5.07537	Pmu = 0.01346	1-Pb  = 0.51606	CLs  = 0.02609
AsymptoticLimits.cc[337] : (in function: getCLs) - At r = 2.839804:	q_mu = 3.99994	q_A  = 4.19629	Pmu = 0.02275	1-Pb  = 0.51934	CLs  = 0.04381
AsymptoticLimits.cc[337] : (in function: getCLs) - At r = 2.751753:	q_mu = 3.82072	q_A  = 4.01564	Pmu = 0.02531	1-Pb  = 0.51964	CLs  = 0.04871
AsymptoticLimits.cc[337] : (in function: getCLs) - At r = 2.724649:	q_mu = 3.76361	q_A  = 3.96127	Pmu = 0.02619	1-Pb  = 0.52005	CLs  = 0.05036
AsymptoticLimits.cc[337] : (in function: getCLs) - At r = 2.734732:	q_mu = 3.78394	q_A  = 3.98148	Pmu = 0.02587	1-Pb  = 0.51999	CLs  = 0.04976
AsymptoticLimits.cc[337] : (in function: getCLs) - At r = 2.729452:	q_mu = 3.77325	q_A  = 3.97089	Pmu = 0.02604	1-Pb  = 0.52003	CLs  = 0.05007
AsymptoticLimits.cc[337] : (in function: getCLs) - At r = 2.731478:	q_mu = 3.77732	q_A  = 3.97495	Pmu = 0.02598	1-Pb  = 0.52002	CLs  = 0.04995
AsymptoticLimits.cc[337] : (in function: getCLs) - At r = 2.730427:	q_mu = 3.77518	q_A  = 3.97285	Pmu = 0.02601	1-Pb  = 0.52003	CLs  = 0.05002
AsymptoticLimits.cc[337] : (in function: getCLs) - At r = 2.730839:	q_mu = 3.77601	q_A  = 3.97367	Pmu = 0.02600	1-Pb  = 0.52002	CLs  = 0.04999
AsymptoticLimits.cc[337] : (in function: getCLs) - At r = 2.730630:	q_mu = 3.77559	q_A  = 3.97325	Pmu = 0.02600	1-Pb  = 0.52002	CLs  = 0.05000
AsymptoticLimits.cc[337] : (in function: getCLs) - At r = 2.730712:	q_mu = 3.77576	q_A  = 3.97345	Pmu = 0.02600	1-Pb  = 0.52003	CLs  = 0.05000
AsymptoticLimits.cc[337] : (in function: getCLs) - At r = 2.730668:	q_mu = 3.77567	q_A  = 3.97336	Pmu = 0.02600	1-Pb  = 0.52003	CLs  = 0.05000
AsymptoticLimits.cc[337] : (in function: getCLs) - At r = 2.730683:	q_mu = 3.77570	q_A  = 3.97339	Pmu = 0.02600	1-Pb  = 0.52003	CLs  = 0.05000
AsymptoticLimits.cc[337] : (in function: getCLs) - At r = 2.730674:	q_mu = 3.77568	q_A  = 3.97344	Pmu = 0.02600	1-Pb  = 0.52003	CLs  = 0.05000
