CascadeMinimizer.cc[188] : (in function: improveOnce) - Minimization configured with Type=Minuit2, Algo=Migrad, strategy=0, tolerance=0.1
CascadeMinimizer.cc[215] : (in function: improveOnce) - Minimization finished with status=0
CascadeMinimizer.cc[219] : (in function: improveOnce) - Minimization success! status=0
ToyMCSamplerOpt.cc[146] : (in function: generateAsimov) - Using internal logic for binned/unbinned Asimov dataset generation
ToyMCSamplerOpt.cc[214] : (in function: generateWithHisto) - Generating asimov with histogram for pdf pdf_binpass_LOW_obsOnly: in 2 x-bins
ToyMCSamplerOpt.cc[215] : (in function: generateWithHisto) -  , in 1 y-bins
ToyMCSamplerOpt.cc[146] : (in function: generateAsimov) - Using internal logic for binned/unbinned Asimov dataset generation
ToyMCSamplerOpt.cc[214] : (in function: generateWithHisto) - Generating asimov with histogram for pdf pdf_binpass_SIG_obsOnly: in 1 x-bins
ToyMCSamplerOpt.cc[215] : (in function: generateWithHisto) -  , in 1 y-bins
ToyMCSamplerOpt.cc[146] : (in function: generateAsimov) - Using internal logic for binned/unbinned Asimov dataset generation
ToyMCSamplerOpt.cc[214] : (in function: generateWithHisto) - Generating asimov with histogram for pdf pdf_binpass_HIGH_obsOnly: in 9 x-bins
ToyMCSamplerOpt.cc[215] : (in function: generateWithHisto) -  , in 1 y-bins
ToyMCSamplerOpt.cc[146] : (in function: generateAsimov) - Using internal logic for binned/unbinned Asimov dataset generation
ToyMCSamplerOpt.cc[214] : (in function: generateWithHisto) - Generating asimov with histogram for pdf pdf_binfail_LOW_obsOnly: in 2 x-bins
ToyMCSamplerOpt.cc[215] : (in function: generateWithHisto) -  , in 1 y-bins
ToyMCSamplerOpt.cc[146] : (in function: generateAsimov) - Using internal logic for binned/unbinned Asimov dataset generation
ToyMCSamplerOpt.cc[214] : (in function: generateWithHisto) - Generating asimov with histogram for pdf pdf_binfail_SIG_obsOnly: in 1 x-bins
ToyMCSamplerOpt.cc[215] : (in function: generateWithHisto) -  , in 1 y-bins
ToyMCSamplerOpt.cc[146] : (in function: generateAsimov) - Using internal logic for binned/unbinned Asimov dataset generation
ToyMCSamplerOpt.cc[214] : (in function: generateWithHisto) - Generating asimov with histogram for pdf pdf_binfail_HIGH_obsOnly: in 9 x-bins
ToyMCSamplerOpt.cc[215] : (in function: generateWithHisto) -  , in 1 y-bins
AsymptoticLimits.cc[428] : (in function: runLimitExpected) - Median for expected limits = 3.20312, Sigma for expected limits = 1.63428
AsymptoticLimits.cc[191] : (in function: runLimit) - NLL at global minimum of data = -545.191 (r=2.07055e-08)
AsymptoticLimits.cc[211] : (in function: runLimit) - NLL at global minimum of asimov = -544.632 (r=6.28139e-07)
AsymptoticLimits.cc[337] : (in function: getCLs) - At r = 1.646605:	q_mu = 2.86754	q_A  = 1.76846	Pmu = 0.04066	1-Pb  = 0.33972	CLs  = 0.11969
AsymptoticLimits.cc[337] : (in function: getCLs) - At r = 3.293210:	q_mu = 5.49004	q_A  = 3.95678	Pmu = 0.00878	1-Pb  = 0.34997	CLs  = 0.02510
AsymptoticLimits.cc[337] : (in function: getCLs) - At r = 1.646605:	q_mu = 2.86752	q_A  = 1.76846	Pmu = 0.04066	1-Pb  = 0.33972	CLs  = 0.11969
AsymptoticLimits.cc[337] : (in function: getCLs) - At r = 2.382744:	q_mu = 4.06635	q_A  = 2.74516	Pmu = 0.01991	1-Pb  = 0.34506	CLs  = 0.05771
AsymptoticLimits.cc[337] : (in function: getCLs) - At r = 2.690286:	q_mu = 4.55415	q_A  = 3.15531	Pmu = 0.01500	1-Pb  = 0.34688	CLs  = 0.04324
AsymptoticLimits.cc[337] : (in function: getCLs) - At r = 2.566515:	q_mu = 4.35868	q_A  = 2.99018	Pmu = 0.01680	1-Pb  = 0.34616	CLs  = 0.04852
AsymptoticLimits.cc[337] : (in function: getCLs) - At r = 2.504332:	q_mu = 4.26006	q_A  = 2.90723	Pmu = 0.01779	1-Pb  = 0.34579	CLs  = 0.05144
AsymptoticLimits.cc[337] : (in function: getCLs) - At r = 2.540944:	q_mu = 4.31815	q_A  = 2.95605	Pmu = 0.01720	1-Pb  = 0.34601	CLs  = 0.04970
AsymptoticLimits.cc[337] : (in function: getCLs) - At r = 2.528486:	q_mu = 4.29841	q_A  = 2.93943	Pmu = 0.01739	1-Pb  = 0.34593	CLs  = 0.05028
AsymptoticLimits.cc[337] : (in function: getCLs) - At r = 2.535801:	q_mu = 4.31001	q_A  = 2.94917	Pmu = 0.01728	1-Pb  = 0.34597	CLs  = 0.04994
AsymptoticLimits.cc[337] : (in function: getCLs) - At r = 2.533307:	q_mu = 4.30606	q_A  = 2.94584	Pmu = 0.01732	1-Pb  = 0.34596	CLs  = 0.05006
AsymptoticLimits.cc[337] : (in function: getCLs) - At r = 2.534772:	q_mu = 4.30838	q_A  = 2.94782	Pmu = 0.01729	1-Pb  = 0.34597	CLs  = 0.04999
AsymptoticLimits.cc[337] : (in function: getCLs) - At r = 2.534271:	q_mu = 4.30767	q_A  = 2.94707	Pmu = 0.01730	1-Pb  = 0.34595	CLs  = 0.05001
AsymptoticLimits.cc[337] : (in function: getCLs) - At r = 2.534553:	q_mu = 4.30811	q_A  = 2.94744	Pmu = 0.01730	1-Pb  = 0.34595	CLs  = 0.05000
AsymptoticLimits.cc[337] : (in function: getCLs) - At r = 2.534450:	q_mu = 4.30794	q_A  = 2.94729	Pmu = 0.01730	1-Pb  = 0.34595	CLs  = 0.05000
AsymptoticLimits.cc[337] : (in function: getCLs) - At r = 2.534509:	q_mu = 4.30818	q_A  = 2.94737	Pmu = 0.01730	1-Pb  = 0.34593	CLs  = 0.05000
AsymptoticLimits.cc[337] : (in function: getCLs) - At r = 2.534482:	q_mu = 4.30811	q_A  = 2.94732	Pmu = 0.01730	1-Pb  = 0.34593	CLs  = 0.05000
AsymptoticLimits.cc[337] : (in function: getCLs) - At r = 2.534465:	q_mu = 4.30814	q_A  = 2.94733	Pmu = 0.01730	1-Pb  = 0.34593	CLs  = 0.05000
AsymptoticLimits.cc[337] : (in function: getCLs) - At r = 2.534456:	q_mu = 4.30809	q_A  = 2.94726	Pmu = 0.01730	1-Pb  = 0.34593	CLs  = 0.05000
