CascadeMinimizer.cc[188] : (in function: improveOnce) - Minimization configured with Type=Minuit2, Algo=Migrad, strategy=0, tolerance=0.1
CascadeMinimizer.cc[215] : (in function: improveOnce) - Minimization finished with status=0
CascadeMinimizer.cc[219] : (in function: improveOnce) - Minimization success! status=0
ToyMCSamplerOpt.cc[146] : (in function: generateAsimov) - Using internal logic for binned/unbinned Asimov dataset generation
ToyMCSamplerOpt.cc[214] : (in function: generateWithHisto) - Generating asimov with histogram for pdf pdf_binpass_LOW_obsOnly: in 4 x-bins
ToyMCSamplerOpt.cc[215] : (in function: generateWithHisto) -  , in 1 y-bins
ToyMCSamplerOpt.cc[146] : (in function: generateAsimov) - Using internal logic for binned/unbinned Asimov dataset generation
ToyMCSamplerOpt.cc[214] : (in function: generateWithHisto) - Generating asimov with histogram for pdf pdf_binpass_SIG_obsOnly: in 3 x-bins
ToyMCSamplerOpt.cc[215] : (in function: generateWithHisto) -  , in 1 y-bins
ToyMCSamplerOpt.cc[146] : (in function: generateAsimov) - Using internal logic for binned/unbinned Asimov dataset generation
ToyMCSamplerOpt.cc[214] : (in function: generateWithHisto) - Generating asimov with histogram for pdf pdf_binpass_HIGH_obsOnly: in 7 x-bins
ToyMCSamplerOpt.cc[215] : (in function: generateWithHisto) -  , in 1 y-bins
ToyMCSamplerOpt.cc[146] : (in function: generateAsimov) - Using internal logic for binned/unbinned Asimov dataset generation
ToyMCSamplerOpt.cc[214] : (in function: generateWithHisto) - Generating asimov with histogram for pdf pdf_binfail_LOW_obsOnly: in 4 x-bins
ToyMCSamplerOpt.cc[215] : (in function: generateWithHisto) -  , in 1 y-bins
ToyMCSamplerOpt.cc[146] : (in function: generateAsimov) - Using internal logic for binned/unbinned Asimov dataset generation
ToyMCSamplerOpt.cc[214] : (in function: generateWithHisto) - Generating asimov with histogram for pdf pdf_binfail_SIG_obsOnly: in 3 x-bins
ToyMCSamplerOpt.cc[215] : (in function: generateWithHisto) -  , in 1 y-bins
ToyMCSamplerOpt.cc[146] : (in function: generateAsimov) - Using internal logic for binned/unbinned Asimov dataset generation
ToyMCSamplerOpt.cc[214] : (in function: generateWithHisto) - Generating asimov with histogram for pdf pdf_binfail_HIGH_obsOnly: in 7 x-bins
ToyMCSamplerOpt.cc[215] : (in function: generateWithHisto) -  , in 1 y-bins
AsymptoticLimits.cc[428] : (in function: runLimitExpected) - Median for expected limits = 1.00391, Sigma for expected limits = 0.512207
AsymptoticLimits.cc[191] : (in function: runLimit) - NLL at global minimum of data = -11138.1 (r=2.6848e-07)
AsymptoticLimits.cc[211] : (in function: runLimit) - NLL at global minimum of asimov = -11137.4 (r=2.01111e-07)
AsymptoticLimits.cc[337] : (in function: getCLs) - At r = 1.200000:	q_mu = 7.66991	q_A  = 4.64464	Pmu = 0.00214	1-Pb  = 0.24138	CLs  = 0.00886
AsymptoticLimits.cc[337] : (in function: getCLs) - At r = 0.600000:	q_mu = 4.33069	q_A  = 2.12483	Pmu = 0.01340	1-Pb  = 0.22464	CLs  = 0.05967
AsymptoticLimits.cc[337] : (in function: getCLs) - At r = 0.900000:	q_mu = 6.08624	q_A  = 3.40947	Pmu = 0.00507	1-Pb  = 0.23428	CLs  = 0.02162
AsymptoticLimits.cc[337] : (in function: getCLs) - At r = 0.701799:	q_mu = 4.94890	q_A  = 2.56438	Pmu = 0.00949	1-Pb  = 0.22828	CLs  = 0.04158
AsymptoticLimits.cc[337] : (in function: getCLs) - At r = 0.660207:	q_mu = 4.69939	q_A  = 2.38503	Pmu = 0.01091	1-Pb  = 0.22684	CLs  = 0.04807
AsymptoticLimits.cc[337] : (in function: getCLs) - At r = 0.639412:	q_mu = 4.57302	q_A  = 2.29517	Pmu = 0.01170	1-Pb  = 0.22609	CLs  = 0.05176
AsymptoticLimits.cc[337] : (in function: getCLs) - At r = 0.651363:	q_mu = 4.64572	q_A  = 2.34685	Pmu = 0.01124	1-Pb  = 0.22653	CLs  = 0.04960
AsymptoticLimits.cc[337] : (in function: getCLs) - At r = 0.647189:	q_mu = 4.62045	q_A  = 2.32877	Pmu = 0.01140	1-Pb  = 0.22637	CLs  = 0.05034
AsymptoticLimits.cc[337] : (in function: getCLs) - At r = 0.649572:	q_mu = 4.63486	q_A  = 2.33905	Pmu = 0.01131	1-Pb  = 0.22646	CLs  = 0.04992
AsymptoticLimits.cc[337] : (in function: getCLs) - At r = 0.648740:	q_mu = 4.62979	q_A  = 2.33551	Pmu = 0.01134	1-Pb  = 0.22644	CLs  = 0.05007
AsymptoticLimits.cc[337] : (in function: getCLs) - At r = 0.649217:	q_mu = 4.63268	q_A  = 2.33753	Pmu = 0.01132	1-Pb  = 0.22645	CLs  = 0.04998
AsymptoticLimits.cc[337] : (in function: getCLs) - At r = 0.649053:	q_mu = 4.63168	q_A  = 2.33681	Pmu = 0.01133	1-Pb  = 0.22644	CLs  = 0.05001
AsymptoticLimits.cc[337] : (in function: getCLs) - At r = 0.649149:	q_mu = 4.63236	q_A  = 2.33726	Pmu = 0.01132	1-Pb  = 0.22644	CLs  = 0.04999
AsymptoticLimits.cc[337] : (in function: getCLs) - At r = 0.649108:	q_mu = 4.63204	q_A  = 2.33705	Pmu = 0.01132	1-Pb  = 0.22644	CLs  = 0.05000
AsymptoticLimits.cc[337] : (in function: getCLs) - At r = 0.649130:	q_mu = 4.63215	q_A  = 2.33714	Pmu = 0.01132	1-Pb  = 0.22644	CLs  = 0.05000
AsymptoticLimits.cc[337] : (in function: getCLs) - At r = 0.649134:	q_mu = 4.63218	q_A  = 2.33722	Pmu = 0.01132	1-Pb  = 0.22645	CLs  = 0.05000
AsymptoticLimits.cc[337] : (in function: getCLs) - At r = 0.649132:	q_mu = 4.63216	q_A  = 2.33716	Pmu = 0.01132	1-Pb  = 0.22645	CLs  = 0.05000
