CascadeMinimizer.cc[188] : (in function: improveOnce) - Minimization configured with Type=Minuit2, Algo=Migrad, strategy=0, tolerance=0.1
CascadeMinimizer.cc[215] : (in function: improveOnce) - Minimization finished with status=0
CascadeMinimizer.cc[219] : (in function: improveOnce) - Minimization success! status=0
ToyMCSamplerOpt.cc[146] : (in function: generateAsimov) - Using internal logic for binned/unbinned Asimov dataset generation
ToyMCSamplerOpt.cc[214] : (in function: generateWithHisto) - Generating asimov with histogram for pdf pdf_binpass_LOW_obsOnly: in 3 x-bins
ToyMCSamplerOpt.cc[215] : (in function: generateWithHisto) -  , in 1 y-bins
ToyMCSamplerOpt.cc[146] : (in function: generateAsimov) - Using internal logic for binned/unbinned Asimov dataset generation
ToyMCSamplerOpt.cc[214] : (in function: generateWithHisto) - Generating asimov with histogram for pdf pdf_binpass_SIG_obsOnly: in 1 x-bins
ToyMCSamplerOpt.cc[215] : (in function: generateWithHisto) -  , in 1 y-bins
ToyMCSamplerOpt.cc[146] : (in function: generateAsimov) - Using internal logic for binned/unbinned Asimov dataset generation
ToyMCSamplerOpt.cc[214] : (in function: generateWithHisto) - Generating asimov with histogram for pdf pdf_binpass_HIGH_obsOnly: in 3 x-bins
ToyMCSamplerOpt.cc[215] : (in function: generateWithHisto) -  , in 1 y-bins
ToyMCSamplerOpt.cc[146] : (in function: generateAsimov) - Using internal logic for binned/unbinned Asimov dataset generation
ToyMCSamplerOpt.cc[214] : (in function: generateWithHisto) - Generating asimov with histogram for pdf pdf_binfail_LOW_obsOnly: in 3 x-bins
ToyMCSamplerOpt.cc[215] : (in function: generateWithHisto) -  , in 1 y-bins
ToyMCSamplerOpt.cc[146] : (in function: generateAsimov) - Using internal logic for binned/unbinned Asimov dataset generation
ToyMCSamplerOpt.cc[214] : (in function: generateWithHisto) - Generating asimov with histogram for pdf pdf_binfail_SIG_obsOnly: in 1 x-bins
ToyMCSamplerOpt.cc[215] : (in function: generateWithHisto) -  , in 1 y-bins
ToyMCSamplerOpt.cc[146] : (in function: generateAsimov) - Using internal logic for binned/unbinned Asimov dataset generation
ToyMCSamplerOpt.cc[214] : (in function: generateWithHisto) - Generating asimov with histogram for pdf pdf_binfail_HIGH_obsOnly: in 3 x-bins
ToyMCSamplerOpt.cc[215] : (in function: generateWithHisto) -  , in 1 y-bins
AsymptoticLimits.cc[428] : (in function: runLimitExpected) - Median for expected limits = 59.5, Sigma for expected limits = 30.3577
AsymptoticLimits.cc[191] : (in function: runLimit) - NLL at global minimum of data = -678.727 (r=2.3529e-06)
AsymptoticLimits.cc[211] : (in function: runLimit) - NLL at global minimum of asimov = -678.918 (r=7.0191e-06)
AsymptoticLimits.cc[337] : (in function: getCLs) - At r = 26.969741:	q_mu = 2.19054	q_A  = 2.19795	Pmu = 0.06943	1-Pb  = 0.50100	CLs  = 0.13858
AsymptoticLimits.cc[337] : (in function: getCLs) - At r = 53.939482:	q_mu = 3.59950	q_A  = 3.59842	Pmu = 0.02890	1-Pb  = 0.49989	CLs  = 0.05781
AsymptoticLimits.cc[337] : (in function: getCLs) - At r = 107.878963:	q_mu = 5.61148	q_A  = 5.58849	Pmu = 0.00892	1-Pb  = 0.49806	CLs  = 0.01791
AsymptoticLimits.cc[337] : (in function: getCLs) - At r = 53.939483:	q_mu = 3.59942	q_A  = 3.59848	Pmu = 0.02890	1-Pb  = 0.49990	CLs  = 0.05781
AsymptoticLimits.cc[337] : (in function: getCLs) - At r = 70.073380:	q_mu = 4.28244	q_A  = 4.27479	Pmu = 0.01925	1-Pb  = 0.49926	CLs  = 0.03856
AsymptoticLimits.cc[337] : (in function: getCLs) - At r = 61.794224:	q_mu = 3.94314	q_A  = 3.93894	Pmu = 0.02353	1-Pb  = 0.49958	CLs  = 0.04710
AsymptoticLimits.cc[337] : (in function: getCLs) - At r = 58.392115:	q_mu = 3.79707	q_A  = 3.79432	Pmu = 0.02567	1-Pb  = 0.49972	CLs  = 0.05137
AsymptoticLimits.cc[337] : (in function: getCLs) - At r = 59.921324:	q_mu = 3.86324	q_A  = 3.85983	Pmu = 0.02468	1-Pb  = 0.49965	CLs  = 0.04939
AsymptoticLimits.cc[337] : (in function: getCLs) - At r = 59.233310:	q_mu = 3.83356	q_A  = 3.83045	Pmu = 0.02512	1-Pb  = 0.49968	CLs  = 0.05027
AsymptoticLimits.cc[337] : (in function: getCLs) - At r = 59.537696:	q_mu = 3.84670	q_A  = 3.84347	Pmu = 0.02492	1-Pb  = 0.49967	CLs  = 0.04988
AsymptoticLimits.cc[337] : (in function: getCLs) - At r = 59.399845:	q_mu = 3.84076	q_A  = 3.83757	Pmu = 0.02501	1-Pb  = 0.49968	CLs  = 0.05005
AsymptoticLimits.cc[337] : (in function: getCLs) - At r = 59.460650:	q_mu = 3.84338	q_A  = 3.84017	Pmu = 0.02497	1-Pb  = 0.49967	CLs  = 0.04998
AsymptoticLimits.cc[337] : (in function: getCLs) - At r = 59.433082:	q_mu = 3.84219	q_A  = 3.83899	Pmu = 0.02499	1-Pb  = 0.49967	CLs  = 0.05001
AsymptoticLimits.cc[337] : (in function: getCLs) - At r = 59.445245:	q_mu = 3.84272	q_A  = 3.83951	Pmu = 0.02498	1-Pb  = 0.49967	CLs  = 0.05000
AsymptoticLimits.cc[337] : (in function: getCLs) - At r = 59.439733:	q_mu = 3.84248	q_A  = 3.83928	Pmu = 0.02498	1-Pb  = 0.49967	CLs  = 0.05000
AsymptoticLimits.cc[337] : (in function: getCLs) - At r = 59.442167:	q_mu = 3.84259	q_A  = 3.83938	Pmu = 0.02498	1-Pb  = 0.49967	CLs  = 0.05000
AsymptoticLimits.cc[337] : (in function: getCLs) - At r = 59.441067:	q_mu = 3.84254	q_A  = 3.83933	Pmu = 0.02498	1-Pb  = 0.49967	CLs  = 0.05000
AsymptoticLimits.cc[337] : (in function: getCLs) - At r = 59.441555:	q_mu = 3.84256	q_A  = 3.83935	Pmu = 0.02498	1-Pb  = 0.49967	CLs  = 0.05000
AsymptoticLimits.cc[337] : (in function: getCLs) - At r = 59.441336:	q_mu = 3.84255	q_A  = 3.83934	Pmu = 0.02498	1-Pb  = 0.49967	CLs  = 0.05000
