 <<< Combine >>> 
 <<< v10.0.1 >>>
>>> Random number generator seed is 123456
>>> Method used is FitDiagnostics
Set Default Value of Parameter mask_pass_SIG To : 1
Set Default Value of Parameter mask_pass_HIGH To : 1
Set Default Value of Parameter r To : 1
>>> 2 out of 6 channels masked

>> Found 15 floating parameters
>> The following parameters are protected in the event of negative eigenvalues:
>> Verifying eigenvalues are all positive (iteration 0)
Eigenvalue 14 : -0.00468799
 - 0.608246	CMS_EXO26004_Background_rpf_2x0_par3
 - 0.558654	CMS_EXO26004_Background_rpf_2x0_par2
 - -0.496371	CMS_EXO26004_Background_rpf_2x0_par1
 - -0.267505	CMS_EXO26004_Background_rpf_2x0_par0
 - 0.000703685	CMS_EXO26004_Background_fail_LOW_bin_2-1
>> Attempt 0 failed, remove the variable with largest eigenvector component...
>> Dropping CMS_EXO26004_Background_rpf_2x0_par3 from the hessian
>> Verifying eigenvalues are all positive (iteration 1)
>> All eigenvalues are positive
>> Inverting Hessian...
>> Matrix inverted
>> Note: the following parameters were dropped to make the covariance matrix pos-def:
     - CMS_EXO26004_Background_rpf_2x0_par3
 Fit B-only, status = 0, numBadNLL = 0, covariance quality = -1
Running Minos for POI r
>> Found 16 floating parameters
>> The following parameters are protected in the event of negative eigenvalues: r
>> Verifying eigenvalues are all positive (iteration 0)
Eigenvalue 14 : -0.00100338
 - 0.897607	r
 - -0.298333	CMS_EXO26004_Background_fail_HIGH_bin_3-1
 - -0.204141	CMS_EXO26004_Background_rpf_2x0_par2
 - -0.203599	CMS_EXO26004_Background_rpf_2x0_par1
 - -0.0917175	CMS_EXO26004_Background_fail_HIGH_bin_2-1
Eigenvalue 15 : -0.00475672
 - 0.600232	CMS_EXO26004_Background_rpf_2x0_par3
 - 0.560095	CMS_EXO26004_Background_rpf_2x0_par2
 - -0.497232	CMS_EXO26004_Background_rpf_2x0_par1
 - -0.279789	CMS_EXO26004_Background_rpf_2x0_par0
 - 0.0210329	r
>> Attempt 0 failed, remove the variable with largest eigenvector component...
>> Dropping CMS_EXO26004_Background_rpf_2x0_par3 from the hessian
>> Verifying eigenvalues are all positive (iteration 1)
Eigenvalue 14 : -0.0010074
 - 0.892372	r
 - -0.296613	CMS_EXO26004_Background_fail_HIGH_bin_3-1
 - -0.24914	CMS_EXO26004_Background_rpf_2x0_par2
 - -0.17826	CMS_EXO26004_Background_rpf_2x0_par1
 - -0.0911898	CMS_EXO26004_Background_fail_HIGH_bin_2-1
>> Attempt 1 failed, remove the variable with largest eigenvector component...
>> Dropping CMS_EXO26004_Background_fail_HIGH_bin_3-1 from the hessian
>> Verifying eigenvalues are all positive (iteration 2)
>> All eigenvalues are positive
>> Inverting Hessian...
>> Matrix inverted
>> Note: the following parameters were dropped to make the covariance matrix pos-def:
     - CMS_EXO26004_Background_rpf_2x0_par3
     - CMS_EXO26004_Background_fail_HIGH_bin_3-1
Fit S+B, status = 0, numBadNLL = 0, covariance quality = -1

 --- FitDiagnostics ---
Best fit r: 50  -50/+1.88404e-09  (68% CL)
Done in 0.00 min (cpu), 0.00 min (real)
27 log messages saved to combine_logger.out
