CascadeMinimizer.cc[188] : (in function: improveOnce) - Minimization configured with Type=Minuit2, Algo=Migrad, strategy=0, tolerance=0.1
CascadeMinimizer.cc[215] : (in function: improveOnce) - Minimization finished with status=0
CascadeMinimizer.cc[219] : (in function: improveOnce) - Minimization success! status=0
ToyMCSamplerOpt.cc[146] : (in function: generateAsimov) - Using internal logic for binned/unbinned Asimov dataset generation
ToyMCSamplerOpt.cc[214] : (in function: generateWithHisto) - Generating asimov with histogram for pdf pdf_binpass_LOW_obsOnly: in 3 x-bins
ToyMCSamplerOpt.cc[215] : (in function: generateWithHisto) -  , in 1 y-bins
ToyMCSamplerOpt.cc[146] : (in function: generateAsimov) - Using internal logic for binned/unbinned Asimov dataset generation
ToyMCSamplerOpt.cc[214] : (in function: generateWithHisto) - Generating asimov with histogram for pdf pdf_binpass_SIG_obsOnly: in 1 x-bins
ToyMCSamplerOpt.cc[215] : (in function: generateWithHisto) -  , in 1 y-bins
ToyMCSamplerOpt.cc[146] : (in function: generateAsimov) - Using internal logic for binned/unbinned Asimov dataset generation
ToyMCSamplerOpt.cc[214] : (in function: generateWithHisto) - Generating asimov with histogram for pdf pdf_binpass_HIGH_obsOnly: in 5 x-bins
ToyMCSamplerOpt.cc[215] : (in function: generateWithHisto) -  , in 1 y-bins
ToyMCSamplerOpt.cc[146] : (in function: generateAsimov) - Using internal logic for binned/unbinned Asimov dataset generation
ToyMCSamplerOpt.cc[214] : (in function: generateWithHisto) - Generating asimov with histogram for pdf pdf_binfail_LOW_obsOnly: in 3 x-bins
ToyMCSamplerOpt.cc[215] : (in function: generateWithHisto) -  , in 1 y-bins
ToyMCSamplerOpt.cc[146] : (in function: generateAsimov) - Using internal logic for binned/unbinned Asimov dataset generation
ToyMCSamplerOpt.cc[214] : (in function: generateWithHisto) - Generating asimov with histogram for pdf pdf_binfail_SIG_obsOnly: in 1 x-bins
ToyMCSamplerOpt.cc[215] : (in function: generateWithHisto) -  , in 1 y-bins
ToyMCSamplerOpt.cc[146] : (in function: generateAsimov) - Using internal logic for binned/unbinned Asimov dataset generation
ToyMCSamplerOpt.cc[214] : (in function: generateWithHisto) - Generating asimov with histogram for pdf pdf_binfail_HIGH_obsOnly: in 5 x-bins
ToyMCSamplerOpt.cc[215] : (in function: generateWithHisto) -  , in 1 y-bins
AsymptoticLimits.cc[428] : (in function: runLimitExpected) - Median for expected limits = 3.03125, Sigma for expected limits = 1.54658
AsymptoticLimits.cc[191] : (in function: runLimit) - NLL at global minimum of data = -752.089 (r=6.79725e-08)
AsymptoticLimits.cc[211] : (in function: runLimit) - NLL at global minimum of asimov = -751.361 (r=5.87785e-06)
AsymptoticLimits.cc[337] : (in function: getCLs) - At r = 2.040246:	q_mu = 2.68490	q_A  = 2.67508	Pmu = 0.05065	1-Pb  = 0.49880	CLs  = 0.10155
AsymptoticLimits.cc[337] : (in function: getCLs) - At r = 4.080493:	q_mu = 5.02996	q_A  = 5.00960	Pmu = 0.01246	1-Pb  = 0.49818	CLs  = 0.02500
AsymptoticLimits.cc[337] : (in function: getCLs) - At r = 2.040246:	q_mu = 2.68514	q_A  = 2.67499	Pmu = 0.05064	1-Pb  = 0.49876	CLs  = 0.10154
AsymptoticLimits.cc[337] : (in function: getCLs) - At r = 2.865305:	q_mu = 3.66730	q_A  = 3.65299	Pmu = 0.02774	1-Pb  = 0.49851	CLs  = 0.05566
AsymptoticLimits.cc[337] : (in function: getCLs) - At r = 3.238532:	q_mu = 4.09581	q_A  = 4.07954	Pmu = 0.02149	1-Pb  = 0.49839	CLs  = 0.04313
AsymptoticLimits.cc[337] : (in function: getCLs) - At r = 3.065419:	q_mu = 3.89796	q_A  = 3.88282	Pmu = 0.02417	1-Pb  = 0.49847	CLs  = 0.04849
AsymptoticLimits.cc[337] : (in function: getCLs) - At r = 2.989833:	q_mu = 3.81108	q_A  = 3.79630	Pmu = 0.02546	1-Pb  = 0.49849	CLs  = 0.05107
AsymptoticLimits.cc[337] : (in function: getCLs) - At r = 3.029660:	q_mu = 3.85693	q_A  = 3.84199	Pmu = 0.02477	1-Pb  = 0.49848	CLs  = 0.04969
AsymptoticLimits.cc[337] : (in function: getCLs) - At r = 3.014481:	q_mu = 3.83945	q_A  = 3.82455	Pmu = 0.02503	1-Pb  = 0.49848	CLs  = 0.05021
AsymptoticLimits.cc[337] : (in function: getCLs) - At r = 3.022449:	q_mu = 3.84862	q_A  = 3.83367	Pmu = 0.02489	1-Pb  = 0.49848	CLs  = 0.04994
AsymptoticLimits.cc[337] : (in function: getCLs) - At r = 3.019420:	q_mu = 3.84513	q_A  = 3.83020	Pmu = 0.02495	1-Pb  = 0.49848	CLs  = 0.05004
AsymptoticLimits.cc[337] : (in function: getCLs) - At r = 3.021016:	q_mu = 3.84696	q_A  = 3.83203	Pmu = 0.02492	1-Pb  = 0.49848	CLs  = 0.04999
AsymptoticLimits.cc[337] : (in function: getCLs) - At r = 3.020413:	q_mu = 3.84627	q_A  = 3.83134	Pmu = 0.02493	1-Pb  = 0.49848	CLs  = 0.05001
AsymptoticLimits.cc[337] : (in function: getCLs) - At r = 3.020733:	q_mu = 3.84663	q_A  = 3.83170	Pmu = 0.02492	1-Pb  = 0.49848	CLs  = 0.05000
AsymptoticLimits.cc[337] : (in function: getCLs) - At r = 3.020613:	q_mu = 3.84650	q_A  = 3.83156	Pmu = 0.02492	1-Pb  = 0.49848	CLs  = 0.05000
AsymptoticLimits.cc[337] : (in function: getCLs) - At r = 3.020678:	q_mu = 3.84657	q_A  = 3.83164	Pmu = 0.02492	1-Pb  = 0.49848	CLs  = 0.05000
AsymptoticLimits.cc[337] : (in function: getCLs) - At r = 3.020654:	q_mu = 3.84654	q_A  = 3.83161	Pmu = 0.02492	1-Pb  = 0.49848	CLs  = 0.05000
AsymptoticLimits.cc[337] : (in function: getCLs) - At r = 3.020667:	q_mu = 3.84656	q_A  = 3.83162	Pmu = 0.02492	1-Pb  = 0.49848	CLs  = 0.05000
