CascadeMinimizer.cc[188] : (in function: improveOnce) - Minimization configured with Type=Minuit2, Algo=Migrad, strategy=0, tolerance=0.1
CascadeMinimizer.cc[215] : (in function: improveOnce) - Minimization finished with status=0
CascadeMinimizer.cc[219] : (in function: improveOnce) - Minimization success! status=0
ToyMCSamplerOpt.cc[146] : (in function: generateAsimov) - Using internal logic for binned/unbinned Asimov dataset generation
ToyMCSamplerOpt.cc[214] : (in function: generateWithHisto) - Generating asimov with histogram for pdf pdf_binpass_LOW_obsOnly: in 2 x-bins
ToyMCSamplerOpt.cc[215] : (in function: generateWithHisto) -  , in 1 y-bins
ToyMCSamplerOpt.cc[146] : (in function: generateAsimov) - Using internal logic for binned/unbinned Asimov dataset generation
ToyMCSamplerOpt.cc[214] : (in function: generateWithHisto) - Generating asimov with histogram for pdf pdf_binpass_SIG_obsOnly: in 1 x-bins
ToyMCSamplerOpt.cc[215] : (in function: generateWithHisto) -  , in 1 y-bins
ToyMCSamplerOpt.cc[146] : (in function: generateAsimov) - Using internal logic for binned/unbinned Asimov dataset generation
ToyMCSamplerOpt.cc[214] : (in function: generateWithHisto) - Generating asimov with histogram for pdf pdf_binpass_HIGH_obsOnly: in 9 x-bins
ToyMCSamplerOpt.cc[215] : (in function: generateWithHisto) -  , in 1 y-bins
ToyMCSamplerOpt.cc[146] : (in function: generateAsimov) - Using internal logic for binned/unbinned Asimov dataset generation
ToyMCSamplerOpt.cc[214] : (in function: generateWithHisto) - Generating asimov with histogram for pdf pdf_binfail_LOW_obsOnly: in 2 x-bins
ToyMCSamplerOpt.cc[215] : (in function: generateWithHisto) -  , in 1 y-bins
ToyMCSamplerOpt.cc[146] : (in function: generateAsimov) - Using internal logic for binned/unbinned Asimov dataset generation
ToyMCSamplerOpt.cc[214] : (in function: generateWithHisto) - Generating asimov with histogram for pdf pdf_binfail_SIG_obsOnly: in 1 x-bins
ToyMCSamplerOpt.cc[215] : (in function: generateWithHisto) -  , in 1 y-bins
ToyMCSamplerOpt.cc[146] : (in function: generateAsimov) - Using internal logic for binned/unbinned Asimov dataset generation
ToyMCSamplerOpt.cc[214] : (in function: generateWithHisto) - Generating asimov with histogram for pdf pdf_binfail_HIGH_obsOnly: in 9 x-bins
ToyMCSamplerOpt.cc[215] : (in function: generateWithHisto) -  , in 1 y-bins
AsymptoticLimits.cc[428] : (in function: runLimitExpected) - Median for expected limits = 1.23438, Sigma for expected limits = 0.629795
AsymptoticLimits.cc[191] : (in function: runLimit) - NLL at global minimum of data = -841.012 (r=1.47729)
AsymptoticLimits.cc[211] : (in function: runLimit) - NLL at global minimum of asimov = -835.248 (r=0.646644)
AsymptoticLimits.cc[337] : (in function: getCLs) - At r = 2.987257:	q_mu = 5.48087	q_A  = 13.42414	Pmu = 0.00961	1-Pb  = 0.90704	CLs  = 0.01060
AsymptoticLimits.cc[337] : (in function: getCLs) - At r = 2.232274:	q_mu = 1.70575	q_A  = 7.58619	Pmu = 0.09577	1-Pb  = 0.92623	CLs  = 0.10340
AsymptoticLimits.cc[337] : (in function: getCLs) - At r = 2.609765:	q_mu = 3.42455	q_A  = 10.43322	Pmu = 0.03212	1-Pb  = 0.91613	CLs  = 0.03506
AsymptoticLimits.cc[337] : (in function: getCLs) - At r = 2.435135:	q_mu = 2.57957	q_A  = 9.09429	Pmu = 0.05413	1-Pb  = 0.92067	CLs  = 0.05879
AsymptoticLimits.cc[337] : (in function: getCLs) - At r = 2.513822:	q_mu = 2.95053	q_A  = 9.69342	Pmu = 0.04292	1-Pb  = 0.91860	CLs  = 0.04673
AsymptoticLimits.cc[337] : (in function: getCLs) - At r = 2.479531:	q_mu = 2.78667	q_A  = 9.43143	Pmu = 0.04753	1-Pb  = 0.91950	CLs  = 0.05169
AsymptoticLimits.cc[337] : (in function: getCLs) - At r = 2.495413:	q_mu = 2.86199	q_A  = 9.55263	Pmu = 0.04535	1-Pb  = 0.91909	CLs  = 0.04934
AsymptoticLimits.cc[337] : (in function: getCLs) - At r = 2.488601:	q_mu = 2.82946	q_A  = 9.50060	Pmu = 0.04627	1-Pb  = 0.91927	CLs  = 0.05034
AsymptoticLimits.cc[337] : (in function: getCLs) - At r = 2.491798:	q_mu = 2.84461	q_A  = 9.52500	Pmu = 0.04584	1-Pb  = 0.91919	CLs  = 0.04987
AsymptoticLimits.cc[337] : (in function: getCLs) - At r = 2.490448:	q_mu = 2.83812	q_A  = 9.51469	Pmu = 0.04603	1-Pb  = 0.91923	CLs  = 0.05007
AsymptoticLimits.cc[337] : (in function: getCLs) - At r = 2.491096:	q_mu = 2.84107	q_A  = 9.51964	Pmu = 0.04594	1-Pb  = 0.91922	CLs  = 0.04998
AsymptoticLimits.cc[337] : (in function: getCLs) - At r = 2.490846:	q_mu = 2.83295	q_A  = 9.51773	Pmu = 0.04617	1-Pb  = 0.91953	CLs  = 0.05021
AsymptoticLimits.cc[337] : (in function: getCLs) - At r = 2.491028:	q_mu = 2.83365	q_A  = 9.51912	Pmu = 0.04615	1-Pb  = 0.91954	CLs  = 0.05019
AsymptoticLimits.cc[337] : (in function: getCLs) - At r = 2.491077:	q_mu = 2.83381	q_A  = 9.51949	Pmu = 0.04615	1-Pb  = 0.91954	CLs  = 0.05019
AsymptoticLimits.cc[337] : (in function: getCLs) - At r = 2.491091:	q_mu = 2.83387	q_A  = 9.51960	Pmu = 0.04615	1-Pb  = 0.91954	CLs  = 0.05019
