CascadeMinimizer.cc[188] : (in function: improveOnce) - Minimization configured with Type=Minuit2, Algo=Migrad, strategy=0, tolerance=0.1
CascadeMinimizer.cc[215] : (in function: improveOnce) - Minimization finished with status=0
CascadeMinimizer.cc[219] : (in function: improveOnce) - Minimization success! status=0
ToyMCSamplerOpt.cc[146] : (in function: generateAsimov) - Using internal logic for binned/unbinned Asimov dataset generation
ToyMCSamplerOpt.cc[214] : (in function: generateWithHisto) - Generating asimov with histogram for pdf pdf_binpass_LOW_obsOnly: in 3 x-bins
ToyMCSamplerOpt.cc[215] : (in function: generateWithHisto) -  , in 1 y-bins
ToyMCSamplerOpt.cc[146] : (in function: generateAsimov) - Using internal logic for binned/unbinned Asimov dataset generation
ToyMCSamplerOpt.cc[214] : (in function: generateWithHisto) - Generating asimov with histogram for pdf pdf_binpass_SIG_obsOnly: in 1 x-bins
ToyMCSamplerOpt.cc[215] : (in function: generateWithHisto) -  , in 1 y-bins
ToyMCSamplerOpt.cc[146] : (in function: generateAsimov) - Using internal logic for binned/unbinned Asimov dataset generation
ToyMCSamplerOpt.cc[214] : (in function: generateWithHisto) - Generating asimov with histogram for pdf pdf_binpass_HIGH_obsOnly: in 4 x-bins
ToyMCSamplerOpt.cc[215] : (in function: generateWithHisto) -  , in 1 y-bins
ToyMCSamplerOpt.cc[146] : (in function: generateAsimov) - Using internal logic for binned/unbinned Asimov dataset generation
ToyMCSamplerOpt.cc[214] : (in function: generateWithHisto) - Generating asimov with histogram for pdf pdf_binfail_LOW_obsOnly: in 3 x-bins
ToyMCSamplerOpt.cc[215] : (in function: generateWithHisto) -  , in 1 y-bins
ToyMCSamplerOpt.cc[146] : (in function: generateAsimov) - Using internal logic for binned/unbinned Asimov dataset generation
ToyMCSamplerOpt.cc[214] : (in function: generateWithHisto) - Generating asimov with histogram for pdf pdf_binfail_SIG_obsOnly: in 1 x-bins
ToyMCSamplerOpt.cc[215] : (in function: generateWithHisto) -  , in 1 y-bins
ToyMCSamplerOpt.cc[146] : (in function: generateAsimov) - Using internal logic for binned/unbinned Asimov dataset generation
ToyMCSamplerOpt.cc[214] : (in function: generateWithHisto) - Generating asimov with histogram for pdf pdf_binfail_HIGH_obsOnly: in 4 x-bins
ToyMCSamplerOpt.cc[215] : (in function: generateWithHisto) -  , in 1 y-bins
AsymptoticLimits.cc[428] : (in function: runLimitExpected) - Median for expected limits = 0.390625, Sigma for expected limits = 0.199302
AsymptoticLimits.cc[191] : (in function: runLimit) - NLL at global minimum of data = -3622.46 (r=2.02226e-08)
AsymptoticLimits.cc[211] : (in function: runLimit) - NLL at global minimum of asimov = -3622.36 (r=1.4523e-05)
AsymptoticLimits.cc[337] : (in function: getCLs) - At r = 1.200000:	q_mu = 17.90514	q_A  = 17.00110	Pmu = 0.00001	1-Pb  = 0.45635	CLs  = 0.00003
AsymptoticLimits.cc[337] : (in function: getCLs) - At r = 0.600000:	q_mu = 8.21849	q_A  = 7.03688	Pmu = 0.00202	1-Pb  = 0.41188	CLs  = 0.00490
AsymptoticLimits.cc[337] : (in function: getCLs) - At r = 0.300000:	q_mu = 3.63012	q_A  = 2.58416	Pmu = 0.02663	1-Pb  = 0.37247	CLs  = 0.07149
AsymptoticLimits.cc[337] : (in function: getCLs) - At r = 0.450000:	q_mu = 5.87534	q_A  = 4.71363	Pmu = 0.00737	1-Pb  = 0.39453	CLs  = 0.01868
AsymptoticLimits.cc[337] : (in function: getCLs) - At r = 0.361971:	q_mu = 4.54104	q_A  = 3.43114	Pmu = 0.01570	1-Pb  = 0.38224	CLs  = 0.04108
AsymptoticLimits.cc[337] : (in function: getCLs) - At r = 0.331988:	q_mu = 4.09787	q_A  = 3.01516	Pmu = 0.02027	1-Pb  = 0.37761	CLs  = 0.05368
AsymptoticLimits.cc[337] : (in function: getCLs) - At r = 0.344353:	q_mu = 4.27960	q_A  = 3.18507	Pmu = 0.01825	1-Pb  = 0.37956	CLs  = 0.04808
AsymptoticLimits.cc[337] : (in function: getCLs) - At r = 0.338367:	q_mu = 4.19140	q_A  = 3.10249	Pmu = 0.01920	1-Pb  = 0.37862	CLs  = 0.05072
AsymptoticLimits.cc[337] : (in function: getCLs) - At r = 0.340844:	q_mu = 4.22781	q_A  = 3.13657	Pmu = 0.01880	1-Pb  = 0.37901	CLs  = 0.04961
AsymptoticLimits.cc[337] : (in function: getCLs) - At r = 0.339648:	q_mu = 4.21018	q_A  = 3.12008	Pmu = 0.01900	1-Pb  = 0.37882	CLs  = 0.05014
AsymptoticLimits.cc[337] : (in function: getCLs) - At r = 0.340145:	q_mu = 4.21747	q_A  = 3.12691	Pmu = 0.01892	1-Pb  = 0.37890	CLs  = 0.04992
AsymptoticLimits.cc[337] : (in function: getCLs) - At r = 0.339907:	q_mu = 4.21394	q_A  = 3.12362	Pmu = 0.01895	1-Pb  = 0.37887	CLs  = 0.05003
AsymptoticLimits.cc[337] : (in function: getCLs) - At r = 0.340008:	q_mu = 4.21539	q_A  = 3.12499	Pmu = 0.01894	1-Pb  = 0.37888	CLs  = 0.04999
AsymptoticLimits.cc[337] : (in function: getCLs) - At r = 0.339962:	q_mu = 4.21469	q_A  = 3.12434	Pmu = 0.01895	1-Pb  = 0.37888	CLs  = 0.05001
AsymptoticLimits.cc[337] : (in function: getCLs) - At r = 0.339983:	q_mu = 4.21498	q_A  = 3.12462	Pmu = 0.01894	1-Pb  = 0.37888	CLs  = 0.05000
AsymptoticLimits.cc[337] : (in function: getCLs) - At r = 0.339975:	q_mu = 4.21484	q_A  = 3.12450	Pmu = 0.01894	1-Pb  = 0.37888	CLs  = 0.05000
AsymptoticLimits.cc[337] : (in function: getCLs) - At r = 0.339979:	q_mu = 4.21487	q_A  = 3.12454	Pmu = 0.01894	1-Pb  = 0.37888	CLs  = 0.05000
