 <<< Combine >>> 
 <<< v10.0.1 >>>
>>> Random number generator seed is 123456
>>> Method used is FitDiagnostics
Set Default Value of Parameter mask_pass_SIG To : 1
Set Default Value of Parameter mask_pass_HIGH To : 1
Set Default Value of Parameter r To : 1
>>> 2 out of 6 channels masked

>> Found 16 floating parameters
>> The following parameters are protected in the event of negative eigenvalues:
>> Parameter CMS_EXO26004_Background_rpf_2x0_par1 does not have a valid stencil and will be dropped
>> Parameter CMS_EXO26004_Background_rpf_2x0_par2 does not have a valid stencil and will be dropped
>> Verifying eigenvalues are all positive (iteration 0)
Eigenvalue 13 : -2.60813e-05
 - 0.713012	CMS_EXO26004_Background_rpf_2x0_par0
 - -0.701152	CMS_EXO26004_Background_rpf_2x0_par3
 - 2.4473e-05	CMS_EXO26004_Background_fail_LOW_bin_2-1
 - -1.11879e-05	CMS_EXO26004_Background_fail_LOW_bin_1-1
 - -1.10167e-13	CMS_EXO26004_Background_fail_HIGH_bin_3-1
>> Attempt 0 failed, remove the variable with largest eigenvector component...
>> Dropping CMS_EXO26004_Background_rpf_2x0_par0 from the hessian
>> Verifying eigenvalues are all positive (iteration 1)
>> All eigenvalues are positive
>> Inverting Hessian...
>> Matrix inverted
>> Note: the following parameters were dropped as their ranges are either too narrow or the parameter has no effect on the NLL:
     - CMS_EXO26004_Background_rpf_2x0_par1
     - CMS_EXO26004_Background_rpf_2x0_par2
>> Note: the following parameters were dropped to make the covariance matrix pos-def:
     - CMS_EXO26004_Background_rpf_2x0_par0
 Fit B-only, status = 0, numBadNLL = 0, covariance quality = -1
Running Minos for POI r
>> Found 17 floating parameters
>> The following parameters are protected in the event of negative eigenvalues: r
>> Parameter CMS_EXO26004_Background_rpf_2x0_par2 does not have a valid stencil and will be dropped
>> Verifying eigenvalues are all positive (iteration 0)
Eigenvalue 14 : -0.000614676
 - -0.761355	r
 - 0.603163	CMS_EXO26004_Background_fail_HIGH_bin_5-1
 - 0.179308	CMS_EXO26004_Background_rpf_2x0_par3
 - -0.141067	CMS_EXO26004_Background_rpf_2x0_par0
 - -0.0603975	CMS_EXO26004_Background_rpf_2x0_par1
Eigenvalue 15 : -0.000982572
 - -0.686955	CMS_EXO26004_Background_rpf_2x0_par3
 - 0.590002	CMS_EXO26004_Background_rpf_2x0_par0
 - 0.353628	CMS_EXO26004_Background_rpf_2x0_par1
 - -0.183774	r
 - 0.145312	CMS_EXO26004_Background_fail_HIGH_bin_5-1
>> Attempt 0 failed, remove the variable with largest eigenvector component...
>> Dropping CMS_EXO26004_Background_rpf_2x0_par3 from the hessian
>> Verifying eigenvalues are all positive (iteration 1)
Eigenvalue 14 : -0.000638189
 - 0.783046	r
 - -0.620271	CMS_EXO26004_Background_fail_HIGH_bin_5-1
 - -0.0327341	CMS_EXO26004_Background_rpf_2x0_par1
 - -0.0264438	CMS_EXO26004_Background_fail_HIGH_bin_4-1
 - -0.0122756	CMS_EXO26004_Background_rpf_2x0_par0
>> Attempt 1 failed, remove the variable with largest eigenvector component...
>> Dropping CMS_EXO26004_Background_fail_HIGH_bin_5-1 from the hessian
>> Verifying eigenvalues are all positive (iteration 2)
>> All eigenvalues are positive
>> Inverting Hessian...
>> Matrix inverted
>> Note: the following parameters were dropped as their ranges are either too narrow or the parameter has no effect on the NLL:
     - CMS_EXO26004_Background_rpf_2x0_par2
>> Note: the following parameters were dropped to make the covariance matrix pos-def:
     - CMS_EXO26004_Background_rpf_2x0_par3
     - CMS_EXO26004_Background_fail_HIGH_bin_5-1
Fit S+B, status = 0, numBadNLL = 0, covariance quality = -1

 --- FitDiagnostics ---
Best fit r: 4.71957e-08  -4.71957e-08/+50  (68% CL)
Done in 0.01 min (cpu), 0.01 min (real)
28 log messages saved to combine_logger.out
