CascadeMinimizer.cc[188] : (in function: improveOnce) - Minimization configured with Type=Minuit2, Algo=Migrad, strategy=0, tolerance=0.1
CascadeMinimizer.cc[215] : (in function: improveOnce) - Minimization finished with status=0
CascadeMinimizer.cc[219] : (in function: improveOnce) - Minimization success! status=0
CascadeMinimizer.cc[188] : (in function: improveOnce) - Minimization configured with Type=Minuit2, Algo=Migrad, strategy=0, tolerance=0.1
CascadeMinimizer.cc[215] : (in function: improveOnce) - Minimization finished with status=0
CascadeMinimizer.cc[219] : (in function: improveOnce) - Minimization success! status=0
CascadeMinimizer.cc[188] : (in function: improveOnce) - Minimization configured with Type=Minuit2, Algo=Migrad, strategy=0, tolerance=0.1
CascadeMinimizer.cc[215] : (in function: improveOnce) - Minimization finished with status=-1
CascadeMinimizer.cc[220] : (in function: improveOnce) - Minimization ended with latest status != 0 or 1
utils.cc[1040] : (in function: anyParameterAtBoundaries) - [WARNING] Found parameter CMS_AN23122_Background_fail_LOW_bin_1-1 at boundary (within ~1sigma): 1e+06+/-1.60806
utils.cc[1040] : (in function: anyParameterAtBoundaries) - [WARNING] Found parameter CMS_AN23122_Background_rpf_2x0_par1 at boundary (within ~1sigma): 52.3065+/-46.6607
utils.cc[1040] : (in function: anyParameterAtBoundaries) - [WARNING] Found parameter CMS_AN23122_Background_rpf_2x0_par2 at boundary (within ~1sigma): -1.09211+/-44.3468
CascadeMinimizer.cc[483] : (in function: minimize) - [WARNING] After fit, some parameters are found at the boundary (within ~1sigma)
FitterAlgoBase.cc[260] : (in function: doFit) - Initial minimization failed. Aborting.
CascadeMinimizer.cc[188] : (in function: improveOnce) - Minimization configured with Type=Minuit2, Algo=Migrad, strategy=0, tolerance=0.1
CascadeMinimizer.cc[215] : (in function: improveOnce) - Minimization finished with status=-1
CascadeMinimizer.cc[220] : (in function: improveOnce) - Minimization ended with latest status != 0 or 1
utils.cc[1040] : (in function: anyParameterAtBoundaries) - [WARNING] Found parameter CMS_AN23122_Background_fail_LOW_bin_1-1 at boundary (within ~1sigma): 1e+06+/-1.69717
utils.cc[1040] : (in function: anyParameterAtBoundaries) - [WARNING] Found parameter CMS_AN23122_Background_rpf_2x0_par0 at boundary (within ~1sigma): 67.4546+/-79.3008
utils.cc[1040] : (in function: anyParameterAtBoundaries) - [WARNING] Found parameter CMS_AN23122_Background_rpf_2x0_par1 at boundary (within ~1sigma): 50.1631+/-49.6765
utils.cc[1040] : (in function: anyParameterAtBoundaries) - [WARNING] Found parameter CMS_AN23122_Background_rpf_2x0_par2 at boundary (within ~1sigma): -9.68066+/-29.6862
CascadeMinimizer.cc[483] : (in function: minimize) - [WARNING] After fit, some parameters are found at the boundary (within ~1sigma)
FitterAlgoBase.cc[260] : (in function: doFit) - Initial minimization failed. Aborting.
