 <<< Combine >>> 
 <<< v10.0.1 >>>
>>> Random number generator seed is 123456
>>> Method used is FitDiagnostics
Set Default Value of Parameter r To : 1
>>> 0 out of 6 channels masked

>> Found 15 floating parameters
>> The following parameters are protected in the event of negative eigenvalues:
>> Verifying eigenvalues are all positive (iteration 0)
Eigenvalue 14 : -0.00147007
 - 0.71637	CMS_EXO26004_Background_rpf_2x0_par3
 - -0.580966	CMS_EXO26004_Background_rpf_2x0_par1
 - -0.342917	CMS_EXO26004_Background_rpf_2x0_par0
 - 0.178048	CMS_EXO26004_Background_rpf_2x0_par2
 - -9.79632e-05	CMS_EXO26004_Background_fail_HIGH_bin_1-1
>> Attempt 0 failed, remove the variable with largest eigenvector component...
>> Dropping CMS_EXO26004_Background_rpf_2x0_par3 from the hessian
>> Verifying eigenvalues are all positive (iteration 1)
>> All eigenvalues are positive
>> Inverting Hessian...
>> Matrix inverted
>> Note: the following parameters were dropped to make the covariance matrix pos-def:
     - CMS_EXO26004_Background_rpf_2x0_par3
 Fit B-only, status = 0, numBadNLL = 0, covariance quality = -1
Running Minos for POI r
>> Found 16 floating parameters
>> The following parameters are protected in the event of negative eigenvalues: r
>> Verifying eigenvalues are all positive (iteration 0)
Eigenvalue 14 : -3.95499e-05
 - -0.784673	CMS_EXO26004_Background_rpf_2x0_par1
 - 0.616273	CMS_EXO26004_Background_rpf_2x0_par2
 - 0.066668	CMS_EXO26004_Background_rpf_2x0_par3
 - 0.00686373	r
 - -0.00145066	RNN
Eigenvalue 15 : -0.01928
 - 0.678291	CMS_EXO26004_Background_rpf_2x0_par2
 - 0.549379	CMS_EXO26004_Background_rpf_2x0_par1
 - -0.430638	CMS_EXO26004_Background_rpf_2x0_par0
 - 0.213959	CMS_EXO26004_Background_rpf_2x0_par3
 - -0.0748581	r
>> Attempt 0 failed, remove the variable with largest eigenvector component...
>> Dropping CMS_EXO26004_Background_rpf_2x0_par2 from the hessian
>> Verifying eigenvalues are all positive (iteration 1)
Eigenvalue 14 : -0.00896164
 - -0.932119	CMS_EXO26004_Background_rpf_2x0_par1
 - 0.329183	CMS_EXO26004_Background_rpf_2x0_par0
 - -0.135936	CMS_EXO26004_Background_rpf_2x0_par3
 - 0.0617539	r
 - -0.0207569	RNN
>> Attempt 1 failed, remove the variable with largest eigenvector component...
>> Dropping CMS_EXO26004_Background_rpf_2x0_par1 from the hessian
>> Verifying eigenvalues are all positive (iteration 2)
>> All eigenvalues are positive
>> Inverting Hessian...
>> Matrix inverted
>> Note: the following parameters were dropped to make the covariance matrix pos-def:
     - CMS_EXO26004_Background_rpf_2x0_par2
     - CMS_EXO26004_Background_rpf_2x0_par1
Fit S+B, status = 0, numBadNLL = 0, covariance quality = -1

 --- FitDiagnostics ---
Best fit r: 10.5687  -10.5687/+39.4313  (68% CL)
Done in 0.00 min (cpu), 0.00 min (real)
24 log messages saved to combine_logger.out
