CascadeMinimizer.cc[188] : (in function: improveOnce) - Minimization configured with Type=Minuit2, Algo=Migrad, strategy=0, tolerance=0.1
CascadeMinimizer.cc[215] : (in function: improveOnce) - Minimization finished with status=0
CascadeMinimizer.cc[219] : (in function: improveOnce) - Minimization success! status=0
ToyMCSamplerOpt.cc[146] : (in function: generateAsimov) - Using internal logic for binned/unbinned Asimov dataset generation
ToyMCSamplerOpt.cc[214] : (in function: generateWithHisto) - Generating asimov with histogram for pdf pdf_binpass_LOW_obsOnly: in 3 x-bins
ToyMCSamplerOpt.cc[215] : (in function: generateWithHisto) -  , in 1 y-bins
ToyMCSamplerOpt.cc[146] : (in function: generateAsimov) - Using internal logic for binned/unbinned Asimov dataset generation
ToyMCSamplerOpt.cc[214] : (in function: generateWithHisto) - Generating asimov with histogram for pdf pdf_binpass_SIG_obsOnly: in 1 x-bins
ToyMCSamplerOpt.cc[215] : (in function: generateWithHisto) -  , in 1 y-bins
ToyMCSamplerOpt.cc[146] : (in function: generateAsimov) - Using internal logic for binned/unbinned Asimov dataset generation
ToyMCSamplerOpt.cc[214] : (in function: generateWithHisto) - Generating asimov with histogram for pdf pdf_binpass_HIGH_obsOnly: in 3 x-bins
ToyMCSamplerOpt.cc[215] : (in function: generateWithHisto) -  , in 1 y-bins
ToyMCSamplerOpt.cc[146] : (in function: generateAsimov) - Using internal logic for binned/unbinned Asimov dataset generation
ToyMCSamplerOpt.cc[214] : (in function: generateWithHisto) - Generating asimov with histogram for pdf pdf_binfail_LOW_obsOnly: in 3 x-bins
ToyMCSamplerOpt.cc[215] : (in function: generateWithHisto) -  , in 1 y-bins
ToyMCSamplerOpt.cc[146] : (in function: generateAsimov) - Using internal logic for binned/unbinned Asimov dataset generation
ToyMCSamplerOpt.cc[214] : (in function: generateWithHisto) - Generating asimov with histogram for pdf pdf_binfail_SIG_obsOnly: in 1 x-bins
ToyMCSamplerOpt.cc[215] : (in function: generateWithHisto) -  , in 1 y-bins
ToyMCSamplerOpt.cc[146] : (in function: generateAsimov) - Using internal logic for binned/unbinned Asimov dataset generation
ToyMCSamplerOpt.cc[214] : (in function: generateWithHisto) - Generating asimov with histogram for pdf pdf_binfail_HIGH_obsOnly: in 3 x-bins
ToyMCSamplerOpt.cc[215] : (in function: generateWithHisto) -  , in 1 y-bins
AsymptoticLimits.cc[428] : (in function: runLimitExpected) - Median for expected limits = 45.75, Sigma for expected limits = 23.3423
AsymptoticLimits.cc[191] : (in function: runLimit) - NLL at global minimum of data = -678.613 (r=9.14011e-06)
AsymptoticLimits.cc[211] : (in function: runLimit) - NLL at global minimum of asimov = -678.809 (r=5.50945e-06)
AsymptoticLimits.cc[337] : (in function: getCLs) - At r = 23.058658:	q_mu = 2.28725	q_A  = 2.37149	Pmu = 0.06522	1-Pb  = 0.51101	CLs  = 0.12763
AsymptoticLimits.cc[337] : (in function: getCLs) - At r = 46.117316:	q_mu = 3.76005	q_A  = 3.85696	Pmu = 0.02625	1-Pb  = 0.50990	CLs  = 0.05147
AsymptoticLimits.cc[337] : (in function: getCLs) - At r = 92.234631:	q_mu = 5.87310	q_A  = 5.97444	Pmu = 0.00769	1-Pb  = 0.50830	CLs  = 0.01512
AsymptoticLimits.cc[337] : (in function: getCLs) - At r = 46.117320:	q_mu = 3.75816	q_A  = 3.85701	Pmu = 0.02628	1-Pb  = 0.51010	CLs  = 0.05151
AsymptoticLimits.cc[337] : (in function: getCLs) - At r = 56.236171:	q_mu = 4.29202	q_A  = 4.39475	Pmu = 0.01915	1-Pb  = 0.50983	CLs  = 0.03755
AsymptoticLimits.cc[337] : (in function: getCLs) - At r = 48.903029:	q_mu = 3.91027	q_A  = 4.01048	Pmu = 0.02400	1-Pb  = 0.51004	CLs  = 0.04705
AsymptoticLimits.cc[337] : (in function: getCLs) - At r = 47.405911:	q_mu = 3.82905	q_A  = 3.92855	Pmu = 0.02519	1-Pb  = 0.51008	CLs  = 0.04938
AsymptoticLimits.cc[337] : (in function: getCLs) - At r = 46.842317:	q_mu = 3.79815	q_A  = 3.89738	Pmu = 0.02565	1-Pb  = 0.51009	CLs  = 0.05029
AsymptoticLimits.cc[337] : (in function: getCLs) - At r = 47.098735:	q_mu = 3.81222	q_A  = 3.91157	Pmu = 0.02544	1-Pb  = 0.51008	CLs  = 0.04987
AsymptoticLimits.cc[337] : (in function: getCLs) - At r = 46.985826:	q_mu = 3.80603	q_A  = 3.90531	Pmu = 0.02553	1-Pb  = 0.51008	CLs  = 0.05006
AsymptoticLimits.cc[337] : (in function: getCLs) - At r = 47.037062:	q_mu = 3.80884	q_A  = 3.90815	Pmu = 0.02549	1-Pb  = 0.51008	CLs  = 0.04997
AsymptoticLimits.cc[337] : (in function: getCLs) - At r = 47.014487:	q_mu = 3.80760	q_A  = 3.90690	Pmu = 0.02551	1-Pb  = 0.51008	CLs  = 0.05001
AsymptoticLimits.cc[337] : (in function: getCLs) - At r = 47.024740:	q_mu = 3.80817	q_A  = 3.90747	Pmu = 0.02550	1-Pb  = 0.51008	CLs  = 0.04999
AsymptoticLimits.cc[337] : (in function: getCLs) - At r = 47.020231:	q_mu = 3.80792	q_A  = 3.90722	Pmu = 0.02551	1-Pb  = 0.51008	CLs  = 0.05000
AsymptoticLimits.cc[337] : (in function: getCLs) - At r = 47.022286:	q_mu = 3.80803	q_A  = 3.90733	Pmu = 0.02550	1-Pb  = 0.51008	CLs  = 0.05000
AsymptoticLimits.cc[337] : (in function: getCLs) - At r = 47.021389:	q_mu = 3.80798	q_A  = 3.90728	Pmu = 0.02550	1-Pb  = 0.51008	CLs  = 0.05000
AsymptoticLimits.cc[337] : (in function: getCLs) - At r = 47.021804:	q_mu = 3.80801	q_A  = 3.90730	Pmu = 0.02550	1-Pb  = 0.51008	CLs  = 0.05000
AsymptoticLimits.cc[337] : (in function: getCLs) - At r = 47.021628:	q_mu = 3.80800	q_A  = 3.90729	Pmu = 0.02550	1-Pb  = 0.51008	CLs  = 0.05000
