CascadeMinimizer.cc[188] : (in function: improveOnce) - Minimization configured with Type=Minuit2, Algo=Migrad, strategy=0, tolerance=0.1
CascadeMinimizer.cc[215] : (in function: improveOnce) - Minimization finished with status=0
CascadeMinimizer.cc[219] : (in function: improveOnce) - Minimization success! status=0
ToyMCSamplerOpt.cc[146] : (in function: generateAsimov) - Using internal logic for binned/unbinned Asimov dataset generation
ToyMCSamplerOpt.cc[214] : (in function: generateWithHisto) - Generating asimov with histogram for pdf pdf_binpass_LOW_obsOnly: in 3 x-bins
ToyMCSamplerOpt.cc[215] : (in function: generateWithHisto) -  , in 1 y-bins
ToyMCSamplerOpt.cc[146] : (in function: generateAsimov) - Using internal logic for binned/unbinned Asimov dataset generation
ToyMCSamplerOpt.cc[214] : (in function: generateWithHisto) - Generating asimov with histogram for pdf pdf_binpass_SIG_obsOnly: in 1 x-bins
ToyMCSamplerOpt.cc[215] : (in function: generateWithHisto) -  , in 1 y-bins
ToyMCSamplerOpt.cc[146] : (in function: generateAsimov) - Using internal logic for binned/unbinned Asimov dataset generation
ToyMCSamplerOpt.cc[214] : (in function: generateWithHisto) - Generating asimov with histogram for pdf pdf_binpass_HIGH_obsOnly: in 3 x-bins
ToyMCSamplerOpt.cc[215] : (in function: generateWithHisto) -  , in 1 y-bins
ToyMCSamplerOpt.cc[146] : (in function: generateAsimov) - Using internal logic for binned/unbinned Asimov dataset generation
ToyMCSamplerOpt.cc[214] : (in function: generateWithHisto) - Generating asimov with histogram for pdf pdf_binfail_LOW_obsOnly: in 3 x-bins
ToyMCSamplerOpt.cc[215] : (in function: generateWithHisto) -  , in 1 y-bins
ToyMCSamplerOpt.cc[146] : (in function: generateAsimov) - Using internal logic for binned/unbinned Asimov dataset generation
ToyMCSamplerOpt.cc[214] : (in function: generateWithHisto) - Generating asimov with histogram for pdf pdf_binfail_SIG_obsOnly: in 1 x-bins
ToyMCSamplerOpt.cc[215] : (in function: generateWithHisto) -  , in 1 y-bins
ToyMCSamplerOpt.cc[146] : (in function: generateAsimov) - Using internal logic for binned/unbinned Asimov dataset generation
ToyMCSamplerOpt.cc[214] : (in function: generateWithHisto) - Generating asimov with histogram for pdf pdf_binfail_HIGH_obsOnly: in 3 x-bins
ToyMCSamplerOpt.cc[215] : (in function: generateWithHisto) -  , in 1 y-bins
AsymptoticLimits.cc[428] : (in function: runLimitExpected) - Median for expected limits = 2.15625, Sigma for expected limits = 1.10015
AsymptoticLimits.cc[191] : (in function: runLimit) - NLL at global minimum of data = -8426.05 (r=4.00908e-08)
AsymptoticLimits.cc[211] : (in function: runLimit) - NLL at global minimum of asimov = -8426.37 (r=4.6762e-09)
AsymptoticLimits.cc[337] : (in function: getCLs) - At r = 1.220417:	q_mu = 4.48644	q_A  = 2.03271	Pmu = 0.01112	1-Pb  = 0.19475	CLs  = 0.05710
AsymptoticLimits.cc[337] : (in function: getCLs) - At r = 2.440835:	q_mu = 7.53582	q_A  = 4.35273	Pmu = 0.00219	1-Pb  = 0.22278	CLs  = 0.00984
AsymptoticLimits.cc[337] : (in function: getCLs) - At r = 1.220417:	q_mu = 4.48642	q_A  = 2.03272	Pmu = 0.01112	1-Pb  = 0.19476	CLs  = 0.05710
AsymptoticLimits.cc[337] : (in function: getCLs) - At r = 1.830626:	q_mu = 6.11693	q_A  = 3.23203	Pmu = 0.00466	1-Pb  = 0.21118	CLs  = 0.02206
AsymptoticLimits.cc[337] : (in function: getCLs) - At r = 1.410612:	q_mu = 5.02236	q_A  = 2.41393	Pmu = 0.00835	1-Pb  = 0.20061	CLs  = 0.04164
AsymptoticLimits.cc[337] : (in function: getCLs) - At r = 1.322419:	q_mu = 4.77735	q_A  = 2.23785	Pmu = 0.00952	1-Pb  = 0.19800	CLs  = 0.04808
AsymptoticLimits.cc[337] : (in function: getCLs) - At r = 1.283448:	q_mu = 4.66717	q_A  = 2.15964	Pmu = 0.01010	1-Pb  = 0.19679	CLs  = 0.05131
AsymptoticLimits.cc[337] : (in function: getCLs) - At r = 1.303649:	q_mu = 4.72443	q_A  = 2.20019	Pmu = 0.00979	1-Pb  = 0.19742	CLs  = 0.04961
AsymptoticLimits.cc[337] : (in function: getCLs) - At r = 1.295818:	q_mu = 4.70226	q_A  = 2.18447	Pmu = 0.00991	1-Pb  = 0.19717	CLs  = 0.05026
AsymptoticLimits.cc[337] : (in function: getCLs) - At r = 1.299851:	q_mu = 4.71369	q_A  = 2.19256	Pmu = 0.00985	1-Pb  = 0.19730	CLs  = 0.04992
AsymptoticLimits.cc[337] : (in function: getCLs) - At r = 1.298284:	q_mu = 4.70925	q_A  = 2.18941	Pmu = 0.00987	1-Pb  = 0.19725	CLs  = 0.05005
AsymptoticLimits.cc[337] : (in function: getCLs) - At r = 1.299090:	q_mu = 4.71153	q_A  = 2.19103	Pmu = 0.00986	1-Pb  = 0.19727	CLs  = 0.04998
AsymptoticLimits.cc[337] : (in function: getCLs) - At r = 1.298777:	q_mu = 4.71064	q_A  = 2.19040	Pmu = 0.00987	1-Pb  = 0.19726	CLs  = 0.05001
AsymptoticLimits.cc[337] : (in function: getCLs) - At r = 1.298938:	q_mu = 4.71110	q_A  = 2.19073	Pmu = 0.00986	1-Pb  = 0.19727	CLs  = 0.05000
AsymptoticLimits.cc[337] : (in function: getCLs) - At r = 1.298876:	q_mu = 4.71092	q_A  = 2.19060	Pmu = 0.00986	1-Pb  = 0.19727	CLs  = 0.05000
AsymptoticLimits.cc[337] : (in function: getCLs) - At r = 1.298908:	q_mu = 4.71101	q_A  = 2.19067	Pmu = 0.00986	1-Pb  = 0.19727	CLs  = 0.05000
AsymptoticLimits.cc[337] : (in function: getCLs) - At r = 1.298895:	q_mu = 4.71098	q_A  = 2.19064	Pmu = 0.00986	1-Pb  = 0.19727	CLs  = 0.05000
AsymptoticLimits.cc[337] : (in function: getCLs) - At r = 1.298902:	q_mu = 4.71100	q_A  = 2.19065	Pmu = 0.00986	1-Pb  = 0.19727	CLs  = 0.05000
