CascadeMinimizer.cc[188] : (in function: improveOnce) - Minimization configured with Type=Minuit2, Algo=Migrad, strategy=0, tolerance=0.1
CascadeMinimizer.cc[215] : (in function: improveOnce) - Minimization finished with status=0
CascadeMinimizer.cc[219] : (in function: improveOnce) - Minimization success! status=0
ToyMCSamplerOpt.cc[146] : (in function: generateAsimov) - Using internal logic for binned/unbinned Asimov dataset generation
ToyMCSamplerOpt.cc[214] : (in function: generateWithHisto) - Generating asimov with histogram for pdf pdf_binpass_LOW_obsOnly: in 3 x-bins
ToyMCSamplerOpt.cc[215] : (in function: generateWithHisto) -  , in 1 y-bins
ToyMCSamplerOpt.cc[146] : (in function: generateAsimov) - Using internal logic for binned/unbinned Asimov dataset generation
ToyMCSamplerOpt.cc[214] : (in function: generateWithHisto) - Generating asimov with histogram for pdf pdf_binpass_SIG_obsOnly: in 1 x-bins
ToyMCSamplerOpt.cc[215] : (in function: generateWithHisto) -  , in 1 y-bins
ToyMCSamplerOpt.cc[146] : (in function: generateAsimov) - Using internal logic for binned/unbinned Asimov dataset generation
ToyMCSamplerOpt.cc[214] : (in function: generateWithHisto) - Generating asimov with histogram for pdf pdf_binpass_HIGH_obsOnly: in 5 x-bins
ToyMCSamplerOpt.cc[215] : (in function: generateWithHisto) -  , in 1 y-bins
ToyMCSamplerOpt.cc[146] : (in function: generateAsimov) - Using internal logic for binned/unbinned Asimov dataset generation
ToyMCSamplerOpt.cc[214] : (in function: generateWithHisto) - Generating asimov with histogram for pdf pdf_binfail_LOW_obsOnly: in 3 x-bins
ToyMCSamplerOpt.cc[215] : (in function: generateWithHisto) -  , in 1 y-bins
ToyMCSamplerOpt.cc[146] : (in function: generateAsimov) - Using internal logic for binned/unbinned Asimov dataset generation
ToyMCSamplerOpt.cc[214] : (in function: generateWithHisto) - Generating asimov with histogram for pdf pdf_binfail_SIG_obsOnly: in 1 x-bins
ToyMCSamplerOpt.cc[215] : (in function: generateWithHisto) -  , in 1 y-bins
ToyMCSamplerOpt.cc[146] : (in function: generateAsimov) - Using internal logic for binned/unbinned Asimov dataset generation
ToyMCSamplerOpt.cc[214] : (in function: generateWithHisto) - Generating asimov with histogram for pdf pdf_binfail_HIGH_obsOnly: in 5 x-bins
ToyMCSamplerOpt.cc[215] : (in function: generateWithHisto) -  , in 1 y-bins
AsymptoticLimits.cc[428] : (in function: runLimitExpected) - Median for expected limits = 0.296875, Sigma for expected limits = 0.15147
AsymptoticLimits.cc[191] : (in function: runLimit) - NLL at global minimum of data = -65.771 (r=4.48211e-07)
AsymptoticLimits.cc[211] : (in function: runLimit) - NLL at global minimum of asimov = -65.4153 (r=1.85701e-06)
AsymptoticLimits.cc[337] : (in function: getCLs) - At r = 1.200000:	q_mu = 23.94034	q_A  = 21.71421	Pmu = 0.00000	1-Pb  = 0.40561	CLs  = 0.00000
AsymptoticLimits.cc[337] : (in function: getCLs) - At r = 0.600000:	q_mu = 12.52320	q_A  = 9.94811	Pmu = 0.00018	1-Pb  = 0.34156	CLs  = 0.00054
AsymptoticLimits.cc[337] : (in function: getCLs) - At r = 0.300000:	q_mu = 6.41545	q_A  = 3.97460	Pmu = 0.00458	1-Pb  = 0.27022	CLs  = 0.01696
AsymptoticLimits.cc[337] : (in function: getCLs) - At r = 0.150000:	q_mu = 3.25270	q_A  = 1.27408	Pmu = 0.02247	1-Pb  = 0.19039	CLs  = 0.11802
AsymptoticLimits.cc[337] : (in function: getCLs) - At r = 0.233125:	q_mu = 5.01424	q_A  = 2.71417	Pmu = 0.00950	1-Pb  = 0.24257	CLs  = 0.03916
AsymptoticLimits.cc[337] : (in function: getCLs) - At r = 0.201775:	q_mu = 4.35460	q_A  = 2.14870	Pmu = 0.01327	1-Pb  = 0.22589	CLs  = 0.05874
AsymptoticLimits.cc[337] : (in function: getCLs) - At r = 0.218009:	q_mu = 4.69594	q_A  = 2.43890	Pmu = 0.01118	1-Pb  = 0.23496	CLs  = 0.04757
AsymptoticLimits.cc[337] : (in function: getCLs) - At r = 0.211691:	q_mu = 4.56304	q_A  = 2.32541	Pmu = 0.01195	1-Pb  = 0.23157	CLs  = 0.05162
AsymptoticLimits.cc[337] : (in function: getCLs) - At r = 0.214926:	q_mu = 4.63108	q_A  = 2.38343	Pmu = 0.01155	1-Pb  = 0.23332	CLs  = 0.04950
AsymptoticLimits.cc[337] : (in function: getCLs) - At r = 0.213661:	q_mu = 4.60446	q_A  = 2.36065	Pmu = 0.01171	1-Pb  = 0.23263	CLs  = 0.05032
AsymptoticLimits.cc[337] : (in function: getCLs) - At r = 0.214308:	q_mu = 4.61807	q_A  = 2.37225	Pmu = 0.01163	1-Pb  = 0.23298	CLs  = 0.04990
AsymptoticLimits.cc[337] : (in function: getCLs) - At r = 0.214055:	q_mu = 4.61275	q_A  = 2.36787	Pmu = 0.01166	1-Pb  = 0.23287	CLs  = 0.05006
AsymptoticLimits.cc[337] : (in function: getCLs) - At r = 0.214183:	q_mu = 4.61544	q_A  = 2.37010	Pmu = 0.01164	1-Pb  = 0.23293	CLs  = 0.04998
AsymptoticLimits.cc[337] : (in function: getCLs) - At r = 0.214132:	q_mu = 4.61438	q_A  = 2.36916	Pmu = 0.01165	1-Pb  = 0.23290	CLs  = 0.05001
AsymptoticLimits.cc[337] : (in function: getCLs) - At r = 0.214158:	q_mu = 4.61493	q_A  = 2.36978	Pmu = 0.01165	1-Pb  = 0.23293	CLs  = 0.04999
AsymptoticLimits.cc[337] : (in function: getCLs) - At r = 0.214147:	q_mu = 4.61469	q_A  = 2.36951	Pmu = 0.01165	1-Pb  = 0.23292	CLs  = 0.05000
AsymptoticLimits.cc[337] : (in function: getCLs) - At r = 0.214152:	q_mu = 4.61479	q_A  = 2.36957	Pmu = 0.01165	1-Pb  = 0.23292	CLs  = 0.05000
AsymptoticLimits.cc[337] : (in function: getCLs) - At r = 0.214151:	q_mu = 4.61476	q_A  = 2.37009	Pmu = 0.01165	1-Pb  = 0.23299	CLs  = 0.04999
