 <<< Combine >>> 
 <<< v10.0.1 >>>
>>> Random number generator seed is 123456
>>> Method used is FitDiagnostics
Set Default Value of Parameter mask_pass_SIG To : 1
Set Default Value of Parameter mask_pass_HIGH To : 1
Set Default Value of Parameter r To : 1
>>> 2 out of 6 channels masked

>> Found 17 floating parameters
>> The following parameters are protected in the event of negative eigenvalues:
>> Verifying eigenvalues are all positive (iteration 0)
Eigenvalue 16 : -0.00311394
 - -0.603749	CMS_AN23122_Background_rpf_2x0_par3
 - -0.507635	CMS_AN23122_Background_rpf_2x0_par2
 - 0.49762	CMS_AN23122_Background_rpf_2x0_par1
 - 0.360786	CMS_AN23122_Background_rpf_2x0_par0
 - -0.000580311	CMS_AN23122_Background_fail_LOW_bin_2-1
>> Attempt 0 failed, remove the variable with largest eigenvector component...
>> Dropping CMS_AN23122_Background_rpf_2x0_par3 from the hessian
>> Verifying eigenvalues are all positive (iteration 1)
>> All eigenvalues are positive
>> Inverting Hessian...
>> Matrix inverted
>> Note: the following parameters were dropped to make the covariance matrix pos-def:
     - CMS_AN23122_Background_rpf_2x0_par3
 Fit B-only, status = 0, numBadNLL = 0, covariance quality = -1
Running Minos for POI r
>> Found 18 floating parameters
>> The following parameters are protected in the event of negative eigenvalues: r
>> Verifying eigenvalues are all positive (iteration 0)
Eigenvalue 16 : -0.00111323
 - 0.714126	r
 - -0.695961	CMS_AN23122_Background_fail_HIGH_bin_5-1
 - -0.0450303	CMS_AN23122_Background_rpf_2x0_par3
 - -0.0374854	CMS_AN23122_Background_fail_HIGH_bin_4-1
 - 0.0309683	CMS_AN23122_Background_rpf_2x0_par0
Eigenvalue 17 : -0.00323113
 - 0.606295	CMS_AN23122_Background_rpf_2x0_par3
 - 0.510657	CMS_AN23122_Background_rpf_2x0_par2
 - -0.492307	CMS_AN23122_Background_rpf_2x0_par1
 - -0.356281	CMS_AN23122_Background_rpf_2x0_par0
 - 0.034735	r
>> Attempt 0 failed, remove the variable with largest eigenvector component...
>> Dropping CMS_AN23122_Background_rpf_2x0_par3 from the hessian
>> Verifying eigenvalues are all positive (iteration 1)
Eigenvalue 16 : -0.00112919
 - 0.712911	r
 - -0.694723	CMS_AN23122_Background_fail_HIGH_bin_5-1
 - -0.065009	CMS_AN23122_Background_rpf_2x0_par1
 - 0.0511252	CMS_AN23122_Background_rpf_2x0_par2
 - -0.0374186	CMS_AN23122_Background_fail_HIGH_bin_4-1
>> Attempt 1 failed, remove the variable with largest eigenvector component...
>> Dropping CMS_AN23122_Background_fail_HIGH_bin_5-1 from the hessian
>> Verifying eigenvalues are all positive (iteration 2)
>> All eigenvalues are positive
>> Inverting Hessian...
>> Matrix inverted
>> Note: the following parameters were dropped to make the covariance matrix pos-def:
     - CMS_AN23122_Background_rpf_2x0_par3
     - CMS_AN23122_Background_fail_HIGH_bin_5-1
Fit S+B, status = 0, numBadNLL = 0, covariance quality = -1

 --- FitDiagnostics ---
Best fit r: 0.833385  -0.833385/+49.1666  (68% CL)
Done in 0.00 min (cpu), 0.00 min (real)
27 log messages saved to combine_logger.out
