CascadeMinimizer.cc[188] : (in function: improveOnce) - Minimization configured with Type=Minuit2, Algo=Migrad, strategy=0, tolerance=0.1
CascadeMinimizer.cc[215] : (in function: improveOnce) - Minimization finished with status=0
CascadeMinimizer.cc[219] : (in function: improveOnce) - Minimization success! status=0
ToyMCSamplerOpt.cc[146] : (in function: generateAsimov) - Using internal logic for binned/unbinned Asimov dataset generation
ToyMCSamplerOpt.cc[214] : (in function: generateWithHisto) - Generating asimov with histogram for pdf pdf_binpass_LOW_obsOnly: in 2 x-bins
ToyMCSamplerOpt.cc[215] : (in function: generateWithHisto) -  , in 1 y-bins
ToyMCSamplerOpt.cc[146] : (in function: generateAsimov) - Using internal logic for binned/unbinned Asimov dataset generation
ToyMCSamplerOpt.cc[214] : (in function: generateWithHisto) - Generating asimov with histogram for pdf pdf_binpass_SIG_obsOnly: in 1 x-bins
ToyMCSamplerOpt.cc[215] : (in function: generateWithHisto) -  , in 1 y-bins
ToyMCSamplerOpt.cc[146] : (in function: generateAsimov) - Using internal logic for binned/unbinned Asimov dataset generation
ToyMCSamplerOpt.cc[214] : (in function: generateWithHisto) - Generating asimov with histogram for pdf pdf_binpass_HIGH_obsOnly: in 9 x-bins
ToyMCSamplerOpt.cc[215] : (in function: generateWithHisto) -  , in 1 y-bins
ToyMCSamplerOpt.cc[146] : (in function: generateAsimov) - Using internal logic for binned/unbinned Asimov dataset generation
ToyMCSamplerOpt.cc[214] : (in function: generateWithHisto) - Generating asimov with histogram for pdf pdf_binfail_LOW_obsOnly: in 2 x-bins
ToyMCSamplerOpt.cc[215] : (in function: generateWithHisto) -  , in 1 y-bins
ToyMCSamplerOpt.cc[146] : (in function: generateAsimov) - Using internal logic for binned/unbinned Asimov dataset generation
ToyMCSamplerOpt.cc[214] : (in function: generateWithHisto) - Generating asimov with histogram for pdf pdf_binfail_SIG_obsOnly: in 1 x-bins
ToyMCSamplerOpt.cc[215] : (in function: generateWithHisto) -  , in 1 y-bins
ToyMCSamplerOpt.cc[146] : (in function: generateAsimov) - Using internal logic for binned/unbinned Asimov dataset generation
ToyMCSamplerOpt.cc[214] : (in function: generateWithHisto) - Generating asimov with histogram for pdf pdf_binfail_HIGH_obsOnly: in 9 x-bins
ToyMCSamplerOpt.cc[215] : (in function: generateWithHisto) -  , in 1 y-bins
AsymptoticLimits.cc[428] : (in function: runLimitExpected) - Median for expected limits = 0.349609, Sigma for expected limits = 0.178375
AsymptoticLimits.cc[191] : (in function: runLimit) - NLL at global minimum of data = -40.5299 (r=2.97841e-07)
AsymptoticLimits.cc[211] : (in function: runLimit) - NLL at global minimum of asimov = -39.8898 (r=0.00027167)
AsymptoticLimits.cc[337] : (in function: getCLs) - At r = 1.865093:	q_mu = 32.84734	q_A  = 31.34157	Pmu = 0.00000	1-Pb  = 0.44651	CLs  = 0.00000
AsymptoticLimits.cc[337] : (in function: getCLs) - At r = 0.932547:	q_mu = 15.30449	q_A  = 14.19905	Pmu = 0.00005	1-Pb  = 0.44169	CLs  = 0.00010
AsymptoticLimits.cc[337] : (in function: getCLs) - At r = 0.466273:	q_mu = 6.48184	q_A  = 5.79306	Pmu = 0.00539	1-Pb  = 0.44311	CLs  = 0.01216
AsymptoticLimits.cc[337] : (in function: getCLs) - At r = 0.233137:	q_mu = 2.52325	q_A  = 2.09036	Pmu = 0.05530	1-Pb  = 0.44050	CLs  = 0.12554
AsymptoticLimits.cc[337] : (in function: getCLs) - At r = 0.349705:	q_mu = 4.42017	q_A  = 3.83750	Pmu = 0.01753	1-Pb  = 0.44089	CLs  = 0.03976
AsymptoticLimits.cc[337] : (in function: getCLs) - At r = 0.307804:	q_mu = 3.71388	q_A  = 3.18002	Pmu = 0.02662	1-Pb  = 0.44051	CLs  = 0.06043
AsymptoticLimits.cc[337] : (in function: getCLs) - At r = 0.331358:	q_mu = 4.10805	q_A  = 3.54372	Pmu = 0.02106	1-Pb  = 0.44043	CLs  = 0.04781
AsymptoticLimits.cc[337] : (in function: getCLs) - At r = 0.323050:	q_mu = 3.96813	q_A  = 3.41449	Pmu = 0.02288	1-Pb  = 0.44046	CLs  = 0.05194
AsymptoticLimits.cc[337] : (in function: getCLs) - At r = 0.327768:	q_mu = 4.04746	q_A  = 3.48773	Pmu = 0.02183	1-Pb  = 0.44044	CLs  = 0.04956
AsymptoticLimits.cc[337] : (in function: getCLs) - At r = 0.326109:	q_mu = 4.01950	q_A  = 3.46192	Pmu = 0.02219	1-Pb  = 0.44045	CLs  = 0.05038
AsymptoticLimits.cc[337] : (in function: getCLs) - At r = 0.327054:	q_mu = 4.03539	q_A  = 3.47661	Pmu = 0.02198	1-Pb  = 0.44044	CLs  = 0.04991
AsymptoticLimits.cc[337] : (in function: getCLs) - At r = 0.326723:	q_mu = 4.02980	q_A  = 3.47146	Pmu = 0.02206	1-Pb  = 0.44045	CLs  = 0.05008
AsymptoticLimits.cc[337] : (in function: getCLs) - At r = 0.326912:	q_mu = 4.03297	q_A  = 3.47440	Pmu = 0.02201	1-Pb  = 0.44045	CLs  = 0.04998
AsymptoticLimits.cc[337] : (in function: getCLs) - At r = 0.326846:	q_mu = 4.03186	q_A  = 3.47338	Pmu = 0.02203	1-Pb  = 0.44045	CLs  = 0.05002
AsymptoticLimits.cc[337] : (in function: getCLs) - At r = 0.326885:	q_mu = 4.03248	q_A  = 3.47397	Pmu = 0.02202	1-Pb  = 0.44045	CLs  = 0.05000
AsymptoticLimits.cc[337] : (in function: getCLs) - At r = 0.326872:	q_mu = 4.03226	q_A  = 3.47378	Pmu = 0.02202	1-Pb  = 0.44045	CLs  = 0.05000
AsymptoticLimits.cc[337] : (in function: getCLs) - At r = 0.326878:	q_mu = 4.03234	q_A  = 3.47386	Pmu = 0.02202	1-Pb  = 0.44045	CLs  = 0.05000
AsymptoticLimits.cc[337] : (in function: getCLs) - At r = 0.326881:	q_mu = 4.03237	q_A  = 3.47391	Pmu = 0.02202	1-Pb  = 0.44046	CLs  = 0.05000
