CascadeMinimizer.cc[188] : (in function: improveOnce) - Minimization configured with Type=Minuit2, Algo=Migrad, strategy=0, tolerance=0.1
CascadeMinimizer.cc[215] : (in function: improveOnce) - Minimization finished with status=0
CascadeMinimizer.cc[219] : (in function: improveOnce) - Minimization success! status=0
ToyMCSamplerOpt.cc[146] : (in function: generateAsimov) - Using internal logic for binned/unbinned Asimov dataset generation
ToyMCSamplerOpt.cc[214] : (in function: generateWithHisto) - Generating asimov with histogram for pdf pdf_binpass_LOW_obsOnly: in 3 x-bins
ToyMCSamplerOpt.cc[215] : (in function: generateWithHisto) -  , in 1 y-bins
ToyMCSamplerOpt.cc[146] : (in function: generateAsimov) - Using internal logic for binned/unbinned Asimov dataset generation
ToyMCSamplerOpt.cc[214] : (in function: generateWithHisto) - Generating asimov with histogram for pdf pdf_binpass_SIG_obsOnly: in 1 x-bins
ToyMCSamplerOpt.cc[215] : (in function: generateWithHisto) -  , in 1 y-bins
ToyMCSamplerOpt.cc[146] : (in function: generateAsimov) - Using internal logic for binned/unbinned Asimov dataset generation
ToyMCSamplerOpt.cc[214] : (in function: generateWithHisto) - Generating asimov with histogram for pdf pdf_binpass_HIGH_obsOnly: in 3 x-bins
ToyMCSamplerOpt.cc[215] : (in function: generateWithHisto) -  , in 1 y-bins
ToyMCSamplerOpt.cc[146] : (in function: generateAsimov) - Using internal logic for binned/unbinned Asimov dataset generation
ToyMCSamplerOpt.cc[214] : (in function: generateWithHisto) - Generating asimov with histogram for pdf pdf_binfail_LOW_obsOnly: in 3 x-bins
ToyMCSamplerOpt.cc[215] : (in function: generateWithHisto) -  , in 1 y-bins
ToyMCSamplerOpt.cc[146] : (in function: generateAsimov) - Using internal logic for binned/unbinned Asimov dataset generation
ToyMCSamplerOpt.cc[214] : (in function: generateWithHisto) - Generating asimov with histogram for pdf pdf_binfail_SIG_obsOnly: in 1 x-bins
ToyMCSamplerOpt.cc[215] : (in function: generateWithHisto) -  , in 1 y-bins
ToyMCSamplerOpt.cc[146] : (in function: generateAsimov) - Using internal logic for binned/unbinned Asimov dataset generation
ToyMCSamplerOpt.cc[214] : (in function: generateWithHisto) - Generating asimov with histogram for pdf pdf_binfail_HIGH_obsOnly: in 3 x-bins
ToyMCSamplerOpt.cc[215] : (in function: generateWithHisto) -  , in 1 y-bins
AsymptoticLimits.cc[428] : (in function: runLimitExpected) - Median for expected limits = 6.1875, Sigma for expected limits = 3.15695
AsymptoticLimits.cc[191] : (in function: runLimit) - NLL at global minimum of data = -8423.13 (r=3.02061e-08)
AsymptoticLimits.cc[211] : (in function: runLimit) - NLL at global minimum of asimov = -8423.54 (r=1.84144e-06)
AsymptoticLimits.cc[337] : (in function: getCLs) - At r = 1.394323:	q_mu = 2.27760	q_A  = 0.71833	Pmu = 0.03858	1-Pb  = 0.17882	CLs  = 0.21574
AsymptoticLimits.cc[337] : (in function: getCLs) - At r = 2.788647:	q_mu = 3.87293	q_A  = 1.71271	Pmu = 0.01642	1-Pb  = 0.20459	CLs  = 0.08026
AsymptoticLimits.cc[337] : (in function: getCLs) - At r = 5.577293:	q_mu = 6.23655	q_A  = 3.48687	Pmu = 0.00461	1-Pb  = 0.23079	CLs  = 0.01999
AsymptoticLimits.cc[337] : (in function: getCLs) - At r = 2.788647:	q_mu = 3.87292	q_A  = 1.71272	Pmu = 0.01642	1-Pb  = 0.20460	CLs  = 0.08026
AsymptoticLimits.cc[337] : (in function: getCLs) - At r = 4.105798:	q_mu = 5.08674	q_A  = 2.59338	Pmu = 0.00855	1-Pb  = 0.21942	CLs  = 0.03897
AsymptoticLimits.cc[337] : (in function: getCLs) - At r = 3.478776:	q_mu = 4.53551	q_A  = 2.18397	Pmu = 0.01150	1-Pb  = 0.21313	CLs  = 0.05396
AsymptoticLimits.cc[337] : (in function: getCLs) - At r = 3.721579:	q_mu = 4.75415	q_A  = 2.34463	Pmu = 0.01022	1-Pb  = 0.21570	CLs  = 0.04740
AsymptoticLimits.cc[337] : (in function: getCLs) - At r = 3.592971:	q_mu = 4.63919	q_A  = 2.25987	Pmu = 0.01088	1-Pb  = 0.21436	CLs  = 0.05074
AsymptoticLimits.cc[337] : (in function: getCLs) - At r = 3.640843:	q_mu = 4.68219	q_A  = 2.29152	Pmu = 0.01063	1-Pb  = 0.21487	CLs  = 0.04946
AsymptoticLimits.cc[337] : (in function: getCLs) - At r = 3.614990:	q_mu = 4.65900	q_A  = 2.27443	Pmu = 0.01076	1-Pb  = 0.21460	CLs  = 0.05015
AsymptoticLimits.cc[337] : (in function: getCLs) - At r = 3.624542:	q_mu = 4.66758	q_A  = 2.28076	Pmu = 0.01071	1-Pb  = 0.21470	CLs  = 0.04989
AsymptoticLimits.cc[337] : (in function: getCLs) - At r = 3.619365:	q_mu = 4.66293	q_A  = 2.27733	Pmu = 0.01074	1-Pb  = 0.21464	CLs  = 0.05003
AsymptoticLimits.cc[337] : (in function: getCLs) - At r = 3.621276:	q_mu = 4.66464	q_A  = 2.27860	Pmu = 0.01073	1-Pb  = 0.21466	CLs  = 0.04998
AsymptoticLimits.cc[337] : (in function: getCLs) - At r = 3.620239:	q_mu = 4.66371	q_A  = 2.27791	Pmu = 0.01073	1-Pb  = 0.21465	CLs  = 0.05001
AsymptoticLimits.cc[337] : (in function: getCLs) - At r = 3.620622:	q_mu = 4.66406	q_A  = 2.27816	Pmu = 0.01073	1-Pb  = 0.21466	CLs  = 0.05000
AsymptoticLimits.cc[337] : (in function: getCLs) - At r = 3.620414:	q_mu = 4.66387	q_A  = 2.27802	Pmu = 0.01073	1-Pb  = 0.21465	CLs  = 0.05000
AsymptoticLimits.cc[337] : (in function: getCLs) - At r = 3.620491:	q_mu = 4.66394	q_A  = 2.27807	Pmu = 0.01073	1-Pb  = 0.21466	CLs  = 0.05000
AsymptoticLimits.cc[337] : (in function: getCLs) - At r = 3.620449:	q_mu = 4.66390	q_A  = 2.27805	Pmu = 0.01073	1-Pb  = 0.21465	CLs  = 0.05000
AsymptoticLimits.cc[337] : (in function: getCLs) - At r = 3.620464:	q_mu = 4.66391	q_A  = 2.27806	Pmu = 0.01073	1-Pb  = 0.21465	CLs  = 0.05000
AsymptoticLimits.cc[337] : (in function: getCLs) - At r = 3.620456:	q_mu = 4.66391	q_A  = 2.27805	Pmu = 0.01073	1-Pb  = 0.21465	CLs  = 0.05000
