CascadeMinimizer.cc[188] : (in function: improveOnce) - Minimization configured with Type=Minuit2, Algo=Migrad, strategy=0, tolerance=0.1
CascadeMinimizer.cc[215] : (in function: improveOnce) - Minimization finished with status=0
CascadeMinimizer.cc[219] : (in function: improveOnce) - Minimization success! status=0
ToyMCSamplerOpt.cc[146] : (in function: generateAsimov) - Using internal logic for binned/unbinned Asimov dataset generation
ToyMCSamplerOpt.cc[214] : (in function: generateWithHisto) - Generating asimov with histogram for pdf pdf_binpass_LOW_obsOnly: in 3 x-bins
ToyMCSamplerOpt.cc[215] : (in function: generateWithHisto) -  , in 1 y-bins
ToyMCSamplerOpt.cc[146] : (in function: generateAsimov) - Using internal logic for binned/unbinned Asimov dataset generation
ToyMCSamplerOpt.cc[214] : (in function: generateWithHisto) - Generating asimov with histogram for pdf pdf_binpass_SIG_obsOnly: in 1 x-bins
ToyMCSamplerOpt.cc[215] : (in function: generateWithHisto) -  , in 1 y-bins
ToyMCSamplerOpt.cc[146] : (in function: generateAsimov) - Using internal logic for binned/unbinned Asimov dataset generation
ToyMCSamplerOpt.cc[214] : (in function: generateWithHisto) - Generating asimov with histogram for pdf pdf_binpass_HIGH_obsOnly: in 3 x-bins
ToyMCSamplerOpt.cc[215] : (in function: generateWithHisto) -  , in 1 y-bins
ToyMCSamplerOpt.cc[146] : (in function: generateAsimov) - Using internal logic for binned/unbinned Asimov dataset generation
ToyMCSamplerOpt.cc[214] : (in function: generateWithHisto) - Generating asimov with histogram for pdf pdf_binfail_LOW_obsOnly: in 3 x-bins
ToyMCSamplerOpt.cc[215] : (in function: generateWithHisto) -  , in 1 y-bins
ToyMCSamplerOpt.cc[146] : (in function: generateAsimov) - Using internal logic for binned/unbinned Asimov dataset generation
ToyMCSamplerOpt.cc[214] : (in function: generateWithHisto) - Generating asimov with histogram for pdf pdf_binfail_SIG_obsOnly: in 1 x-bins
ToyMCSamplerOpt.cc[215] : (in function: generateWithHisto) -  , in 1 y-bins
ToyMCSamplerOpt.cc[146] : (in function: generateAsimov) - Using internal logic for binned/unbinned Asimov dataset generation
ToyMCSamplerOpt.cc[214] : (in function: generateWithHisto) - Generating asimov with histogram for pdf pdf_binfail_HIGH_obsOnly: in 3 x-bins
ToyMCSamplerOpt.cc[215] : (in function: generateWithHisto) -  , in 1 y-bins
AsymptoticLimits.cc[428] : (in function: runLimitExpected) - Median for expected limits = 10.375, Sigma for expected limits = 5.29346
AsymptoticLimits.cc[191] : (in function: runLimit) - NLL at global minimum of data = -8423.28 (r=2.04297e-06)
AsymptoticLimits.cc[211] : (in function: runLimit) - NLL at global minimum of asimov = -8423.69 (r=1.61226e-07)
AsymptoticLimits.cc[337] : (in function: getCLs) - At r = 2.044418:	q_mu = 2.16014	q_A  = 0.68446	Pmu = 0.04279	1-Pb  = 0.18624	CLs  = 0.22977
AsymptoticLimits.cc[337] : (in function: getCLs) - At r = 4.088836:	q_mu = 3.61160	q_A  = 1.58103	Pmu = 0.01947	1-Pb  = 0.20970	CLs  = 0.09284
AsymptoticLimits.cc[337] : (in function: getCLs) - At r = 8.177672:	q_mu = 5.71002	q_A  = 3.12653	Pmu = 0.00623	1-Pb  = 0.23253	CLs  = 0.02680
AsymptoticLimits.cc[337] : (in function: getCLs) - At r = 4.088837:	q_mu = 3.61156	q_A  = 1.58104	Pmu = 0.01947	1-Pb  = 0.20971	CLs  = 0.09284
AsymptoticLimits.cc[337] : (in function: getCLs) - At r = 6.535878:	q_mu = 4.95427	q_A  = 2.54658	Pmu = 0.00938	1-Pb  = 0.22531	CLs  = 0.04164
AsymptoticLimits.cc[337] : (in function: getCLs) - At r = 5.599814:	q_mu = 4.47714	q_A  = 2.19247	Pmu = 0.01216	1-Pb  = 0.22021	CLs  = 0.05520
AsymptoticLimits.cc[337] : (in function: getCLs) - At r = 6.049838:	q_mu = 4.71147	q_A  = 2.36497	Pmu = 0.01070	1-Pb  = 0.22276	CLs  = 0.04805
AsymptoticLimits.cc[337] : (in function: getCLs) - At r = 5.856415:	q_mu = 4.61205	q_A  = 2.29135	Pmu = 0.01130	1-Pb  = 0.22167	CLs  = 0.05096
AsymptoticLimits.cc[337] : (in function: getCLs) - At r = 5.944950:	q_mu = 4.65775	q_A  = 2.32515	Pmu = 0.01102	1-Pb  = 0.22218	CLs  = 0.04960
AsymptoticLimits.cc[337] : (in function: getCLs) - At r = 5.906014:	q_mu = 4.63769	q_A  = 2.31030	Pmu = 0.01114	1-Pb  = 0.22195	CLs  = 0.05019
AsymptoticLimits.cc[337] : (in function: getCLs) - At r = 5.923675:	q_mu = 4.64680	q_A  = 2.31704	Pmu = 0.01108	1-Pb  = 0.22206	CLs  = 0.04992
AsymptoticLimits.cc[337] : (in function: getCLs) - At r = 5.915878:	q_mu = 4.64278	q_A  = 2.31406	Pmu = 0.01111	1-Pb  = 0.22201	CLs  = 0.05004
AsymptoticLimits.cc[337] : (in function: getCLs) - At r = 5.919409:	q_mu = 4.64460	q_A  = 2.31541	Pmu = 0.01110	1-Pb  = 0.22203	CLs  = 0.04998
AsymptoticLimits.cc[337] : (in function: getCLs) - At r = 5.917849:	q_mu = 4.64380	q_A  = 2.31481	Pmu = 0.01110	1-Pb  = 0.22202	CLs  = 0.05001
AsymptoticLimits.cc[337] : (in function: getCLs) - At r = 5.918556:	q_mu = 4.64416	q_A  = 2.31509	Pmu = 0.01110	1-Pb  = 0.22203	CLs  = 0.05000
AsymptoticLimits.cc[337] : (in function: getCLs) - At r = 5.918243:	q_mu = 4.64400	q_A  = 2.31496	Pmu = 0.01110	1-Pb  = 0.22202	CLs  = 0.05000
AsymptoticLimits.cc[337] : (in function: getCLs) - At r = 5.918385:	q_mu = 4.64407	q_A  = 2.31502	Pmu = 0.01110	1-Pb  = 0.22203	CLs  = 0.05000
AsymptoticLimits.cc[337] : (in function: getCLs) - At r = 5.918322:	q_mu = 4.64404	q_A  = 2.31500	Pmu = 0.01110	1-Pb  = 0.22202	CLs  = 0.05000
AsymptoticLimits.cc[337] : (in function: getCLs) - At r = 5.918351:	q_mu = 4.64406	q_A  = 2.31501	Pmu = 0.01110	1-Pb  = 0.22203	CLs  = 0.05000
AsymptoticLimits.cc[337] : (in function: getCLs) - At r = 5.918338:	q_mu = 4.64405	q_A  = 2.31500	Pmu = 0.01110	1-Pb  = 0.22202	CLs  = 0.05000
