CascadeMinimizer.cc[188] : (in function: improveOnce) - Minimization configured with Type=Minuit2, Algo=Migrad, strategy=0, tolerance=0.1
CascadeMinimizer.cc[215] : (in function: improveOnce) - Minimization finished with status=0
CascadeMinimizer.cc[219] : (in function: improveOnce) - Minimization success! status=0
ToyMCSamplerOpt.cc[146] : (in function: generateAsimov) - Using internal logic for binned/unbinned Asimov dataset generation
ToyMCSamplerOpt.cc[214] : (in function: generateWithHisto) - Generating asimov with histogram for pdf pdf_binpass_LOW_obsOnly: in 3 x-bins
ToyMCSamplerOpt.cc[215] : (in function: generateWithHisto) -  , in 1 y-bins
ToyMCSamplerOpt.cc[146] : (in function: generateAsimov) - Using internal logic for binned/unbinned Asimov dataset generation
ToyMCSamplerOpt.cc[214] : (in function: generateWithHisto) - Generating asimov with histogram for pdf pdf_binpass_SIG_obsOnly: in 1 x-bins
ToyMCSamplerOpt.cc[215] : (in function: generateWithHisto) -  , in 1 y-bins
ToyMCSamplerOpt.cc[146] : (in function: generateAsimov) - Using internal logic for binned/unbinned Asimov dataset generation
ToyMCSamplerOpt.cc[214] : (in function: generateWithHisto) - Generating asimov with histogram for pdf pdf_binpass_HIGH_obsOnly: in 3 x-bins
ToyMCSamplerOpt.cc[215] : (in function: generateWithHisto) -  , in 1 y-bins
ToyMCSamplerOpt.cc[146] : (in function: generateAsimov) - Using internal logic for binned/unbinned Asimov dataset generation
ToyMCSamplerOpt.cc[214] : (in function: generateWithHisto) - Generating asimov with histogram for pdf pdf_binfail_LOW_obsOnly: in 3 x-bins
ToyMCSamplerOpt.cc[215] : (in function: generateWithHisto) -  , in 1 y-bins
ToyMCSamplerOpt.cc[146] : (in function: generateAsimov) - Using internal logic for binned/unbinned Asimov dataset generation
ToyMCSamplerOpt.cc[214] : (in function: generateWithHisto) - Generating asimov with histogram for pdf pdf_binfail_SIG_obsOnly: in 1 x-bins
ToyMCSamplerOpt.cc[215] : (in function: generateWithHisto) -  , in 1 y-bins
ToyMCSamplerOpt.cc[146] : (in function: generateAsimov) - Using internal logic for binned/unbinned Asimov dataset generation
ToyMCSamplerOpt.cc[214] : (in function: generateWithHisto) - Generating asimov with histogram for pdf pdf_binfail_HIGH_obsOnly: in 3 x-bins
ToyMCSamplerOpt.cc[215] : (in function: generateWithHisto) -  , in 1 y-bins
AsymptoticLimits.cc[428] : (in function: runLimitExpected) - Median for expected limits = 0.777344, Sigma for expected limits = 0.396611
AsymptoticLimits.cc[191] : (in function: runLimit) - NLL at global minimum of data = -8397.32 (r=2.46041e-07)
AsymptoticLimits.cc[211] : (in function: runLimit) - NLL at global minimum of asimov = -8396.34 (r=1.25807e-07)
AsymptoticLimits.cc[337] : (in function: getCLs) - At r = 1.200000:	q_mu = 9.79973	q_A  = 6.07169	Pmu = 0.00064	1-Pb  = 0.22468	CLs  = 0.00285
AsymptoticLimits.cc[337] : (in function: getCLs) - At r = 0.600000:	q_mu = 5.61284	q_A  = 2.85584	Pmu = 0.00611	1-Pb  = 0.20733	CLs  = 0.02948
AsymptoticLimits.cc[337] : (in function: getCLs) - At r = 0.300000:	q_mu = 3.06709	q_A  = 1.19110	Pmu = 0.02554	1-Pb  = 0.19504	CLs  = 0.13094
AsymptoticLimits.cc[337] : (in function: getCLs) - At r = 0.454950:	q_mu = 4.43188	q_A  = 2.04143	Pmu = 0.01175	1-Pb  = 0.20143	CLs  = 0.05832
AsymptoticLimits.cc[337] : (in function: getCLs) - At r = 0.510128:	q_mu = 4.89111	q_A  = 2.35125	Pmu = 0.00910	1-Pb  = 0.20378	CLs  = 0.04465
AsymptoticLimits.cc[337] : (in function: getCLs) - At r = 0.480385:	q_mu = 4.64524	q_A  = 2.18410	Pmu = 0.01043	1-Pb  = 0.20252	CLs  = 0.05150
AsymptoticLimits.cc[337] : (in function: getCLs) - At r = 0.491257:	q_mu = 4.73550	q_A  = 2.24524	Pmu = 0.00992	1-Pb  = 0.20300	CLs  = 0.04887
AsymptoticLimits.cc[337] : (in function: getCLs) - At r = 0.485279:	q_mu = 4.68588	q_A  = 2.21161	Pmu = 0.01020	1-Pb  = 0.20274	CLs  = 0.05029
AsymptoticLimits.cc[337] : (in function: getCLs) - At r = 0.487449:	q_mu = 4.70399	q_A  = 2.22378	Pmu = 0.01009	1-Pb  = 0.20282	CLs  = 0.04977
AsymptoticLimits.cc[337] : (in function: getCLs) - At r = 0.486250:	q_mu = 4.69397	q_A  = 2.21713	Pmu = 0.01015	1-Pb  = 0.20279	CLs  = 0.05006
AsymptoticLimits.cc[337] : (in function: getCLs) - At r = 0.486683:	q_mu = 4.69755	q_A  = 2.21950	Pmu = 0.01013	1-Pb  = 0.20280	CLs  = 0.04995
AsymptoticLimits.cc[337] : (in function: getCLs) - At r = 0.486446:	q_mu = 4.69557	q_A  = 2.21814	Pmu = 0.01014	1-Pb  = 0.20278	CLs  = 0.05001
AsymptoticLimits.cc[337] : (in function: getCLs) - At r = 0.486535:	q_mu = 4.69640	q_A  = 2.21864	Pmu = 0.01014	1-Pb  = 0.20278	CLs  = 0.04999
AsymptoticLimits.cc[337] : (in function: getCLs) - At r = 0.486484:	q_mu = 4.69591	q_A  = 2.21835	Pmu = 0.01014	1-Pb  = 0.20278	CLs  = 0.05000
AsymptoticLimits.cc[337] : (in function: getCLs) - At r = 0.486503:	q_mu = 4.69606	q_A  = 2.21854	Pmu = 0.01014	1-Pb  = 0.20280	CLs  = 0.05000
AsymptoticLimits.cc[337] : (in function: getCLs) - At r = 0.486493:	q_mu = 4.69596	q_A  = 2.21842	Pmu = 0.01014	1-Pb  = 0.20279	CLs  = 0.05000
AsymptoticLimits.cc[337] : (in function: getCLs) - At r = 0.486497:	q_mu = 4.69609	q_A  = 2.21843	Pmu = 0.01014	1-Pb  = 0.20278	CLs  = 0.05000
AsymptoticLimits.cc[337] : (in function: getCLs) - At r = 0.486495:	q_mu = 4.69600	q_A  = 2.21842	Pmu = 0.01014	1-Pb  = 0.20278	CLs  = 0.05000
