CascadeMinimizer.cc[188] : (in function: improveOnce) - Minimization configured with Type=Minuit2, Algo=Migrad, strategy=0, tolerance=0.1
CascadeMinimizer.cc[215] : (in function: improveOnce) - Minimization finished with status=0
CascadeMinimizer.cc[219] : (in function: improveOnce) - Minimization success! status=0
ToyMCSamplerOpt.cc[146] : (in function: generateAsimov) - Using internal logic for binned/unbinned Asimov dataset generation
ToyMCSamplerOpt.cc[214] : (in function: generateWithHisto) - Generating asimov with histogram for pdf pdf_binpass_LOW_obsOnly: in 3 x-bins
ToyMCSamplerOpt.cc[215] : (in function: generateWithHisto) -  , in 1 y-bins
ToyMCSamplerOpt.cc[146] : (in function: generateAsimov) - Using internal logic for binned/unbinned Asimov dataset generation
ToyMCSamplerOpt.cc[214] : (in function: generateWithHisto) - Generating asimov with histogram for pdf pdf_binpass_SIG_obsOnly: in 1 x-bins
ToyMCSamplerOpt.cc[215] : (in function: generateWithHisto) -  , in 1 y-bins
ToyMCSamplerOpt.cc[146] : (in function: generateAsimov) - Using internal logic for binned/unbinned Asimov dataset generation
ToyMCSamplerOpt.cc[214] : (in function: generateWithHisto) - Generating asimov with histogram for pdf pdf_binpass_HIGH_obsOnly: in 3 x-bins
ToyMCSamplerOpt.cc[215] : (in function: generateWithHisto) -  , in 1 y-bins
ToyMCSamplerOpt.cc[146] : (in function: generateAsimov) - Using internal logic for binned/unbinned Asimov dataset generation
ToyMCSamplerOpt.cc[214] : (in function: generateWithHisto) - Generating asimov with histogram for pdf pdf_binfail_LOW_obsOnly: in 3 x-bins
ToyMCSamplerOpt.cc[215] : (in function: generateWithHisto) -  , in 1 y-bins
ToyMCSamplerOpt.cc[146] : (in function: generateAsimov) - Using internal logic for binned/unbinned Asimov dataset generation
ToyMCSamplerOpt.cc[214] : (in function: generateWithHisto) - Generating asimov with histogram for pdf pdf_binfail_SIG_obsOnly: in 1 x-bins
ToyMCSamplerOpt.cc[215] : (in function: generateWithHisto) -  , in 1 y-bins
ToyMCSamplerOpt.cc[146] : (in function: generateAsimov) - Using internal logic for binned/unbinned Asimov dataset generation
ToyMCSamplerOpt.cc[214] : (in function: generateWithHisto) - Generating asimov with histogram for pdf pdf_binfail_HIGH_obsOnly: in 3 x-bins
ToyMCSamplerOpt.cc[215] : (in function: generateWithHisto) -  , in 1 y-bins
AsymptoticLimits.cc[428] : (in function: runLimitExpected) - Median for expected limits = 2.33594, Sigma for expected limits = 1.19183
AsymptoticLimits.cc[191] : (in function: runLimit) - NLL at global minimum of data = -8438.95 (r=2.33709)
AsymptoticLimits.cc[211] : (in function: runLimit) - NLL at global minimum of asimov = -8433.52 (r=0.0133945)
AsymptoticLimits.cc[337] : (in function: getCLs) - At r = 4.935946:	q_mu = 2.28533	q_A  = 9.62409	Pmu = 0.06530	1-Pb  = 0.94414	CLs  = 0.06916
AsymptoticLimits.cc[337] : (in function: getCLs) - At r = 9.871892:	q_mu = 9.05444	q_A  = 19.03345	Pmu = 0.00131	1-Pb  = 0.91208	CLs  = 0.00144
AsymptoticLimits.cc[337] : (in function: getCLs) - At r = 6.104489:	q_mu = 3.85152	q_A  = 12.05250	Pmu = 0.02485	1-Pb  = 0.93437	CLs  = 0.02660
AsymptoticLimits.cc[337] : (in function: getCLs) - At r = 4.220787:	q_mu = 1.40493	q_A  = 8.07389	Pmu = 0.11795	1-Pb  = 0.95116	CLs  = 0.12401
AsymptoticLimits.cc[337] : (in function: getCLs) - At r = 5.109859:	q_mu = 2.51102	q_A  = 9.99390	Pmu = 0.05653	1-Pb  = 0.94257	CLs  = 0.05997
AsymptoticLimits.cc[337] : (in function: getCLs) - At r = 5.486726:	q_mu = 3.01069	q_A  = 10.78537	Pmu = 0.04136	1-Pb  = 0.93931	CLs  = 0.04403
AsymptoticLimits.cc[337] : (in function: getCLs) - At r = 5.287294:	q_mu = 2.74480	q_A  = 10.36823	Pmu = 0.04879	1-Pb  = 0.94100	CLs  = 0.05184
AsymptoticLimits.cc[337] : (in function: getCLs) - At r = 5.362560:	q_mu = 2.84468	q_A  = 10.52606	Pmu = 0.04584	1-Pb  = 0.94036	CLs  = 0.04875
AsymptoticLimits.cc[337] : (in function: getCLs) - At r = 5.322685:	q_mu = 2.79162	q_A  = 10.44251	Pmu = 0.04738	1-Pb  = 0.94070	CLs  = 0.05037
AsymptoticLimits.cc[337] : (in function: getCLs) - At r = 5.337773:	q_mu = 2.81169	q_A  = 10.47412	Pmu = 0.04679	1-Pb  = 0.94057	CLs  = 0.04975
AsymptoticLimits.cc[337] : (in function: getCLs) - At r = 5.329797:	q_mu = 2.80108	q_A  = 10.45739	Pmu = 0.04710	1-Pb  = 0.94064	CLs  = 0.05007
AsymptoticLimits.cc[337] : (in function: getCLs) - At r = 5.332814:	q_mu = 2.80509	q_A  = 10.46372	Pmu = 0.04698	1-Pb  = 0.94061	CLs  = 0.04995
AsymptoticLimits.cc[337] : (in function: getCLs) - At r = 5.331218:	q_mu = 2.80297	q_A  = 10.46037	Pmu = 0.04704	1-Pb  = 0.94063	CLs  = 0.05001
AsymptoticLimits.cc[337] : (in function: getCLs) - At r = 5.331822:	q_mu = 2.80377	q_A  = 10.46163	Pmu = 0.04702	1-Pb  = 0.94062	CLs  = 0.04999
AsymptoticLimits.cc[337] : (in function: getCLs) - At r = 5.331503:	q_mu = 2.80335	q_A  = 10.46096	Pmu = 0.04703	1-Pb  = 0.94062	CLs  = 0.05000
AsymptoticLimits.cc[337] : (in function: getCLs) - At r = 5.331623:	q_mu = 2.80351	q_A  = 10.46122	Pmu = 0.04703	1-Pb  = 0.94062	CLs  = 0.05000
AsymptoticLimits.cc[337] : (in function: getCLs) - At r = 5.331559:	q_mu = 2.80342	q_A  = 10.46108	Pmu = 0.04703	1-Pb  = 0.94062	CLs  = 0.05000
AsymptoticLimits.cc[337] : (in function: getCLs) - At r = 5.331583:	q_mu = 2.80345	q_A  = 10.46113	Pmu = 0.04703	1-Pb  = 0.94062	CLs  = 0.05000
AsymptoticLimits.cc[337] : (in function: getCLs) - At r = 5.331571:	q_mu = 2.80344	q_A  = 10.46111	Pmu = 0.04703	1-Pb  = 0.94062	CLs  = 0.05000
