CascadeMinimizer.cc[188] : (in function: improveOnce) - Minimization configured with Type=Minuit2, Algo=Migrad, strategy=0, tolerance=0.1
CascadeMinimizer.cc[215] : (in function: improveOnce) - Minimization finished with status=0
CascadeMinimizer.cc[219] : (in function: improveOnce) - Minimization success! status=0
ToyMCSamplerOpt.cc[146] : (in function: generateAsimov) - Using internal logic for binned/unbinned Asimov dataset generation
ToyMCSamplerOpt.cc[214] : (in function: generateWithHisto) - Generating asimov with histogram for pdf pdf_binpass_LOW_obsOnly: in 5 x-bins
ToyMCSamplerOpt.cc[215] : (in function: generateWithHisto) -  , in 1 y-bins
ToyMCSamplerOpt.cc[146] : (in function: generateAsimov) - Using internal logic for binned/unbinned Asimov dataset generation
ToyMCSamplerOpt.cc[214] : (in function: generateWithHisto) - Generating asimov with histogram for pdf pdf_binpass_SIG_obsOnly: in 2 x-bins
ToyMCSamplerOpt.cc[215] : (in function: generateWithHisto) -  , in 1 y-bins
ToyMCSamplerOpt.cc[146] : (in function: generateAsimov) - Using internal logic for binned/unbinned Asimov dataset generation
ToyMCSamplerOpt.cc[214] : (in function: generateWithHisto) - Generating asimov with histogram for pdf pdf_binpass_HIGH_obsOnly: in 43 x-bins
ToyMCSamplerOpt.cc[215] : (in function: generateWithHisto) -  , in 1 y-bins
ToyMCSamplerOpt.cc[146] : (in function: generateAsimov) - Using internal logic for binned/unbinned Asimov dataset generation
ToyMCSamplerOpt.cc[214] : (in function: generateWithHisto) - Generating asimov with histogram for pdf pdf_binfail_LOW_obsOnly: in 5 x-bins
ToyMCSamplerOpt.cc[215] : (in function: generateWithHisto) -  , in 1 y-bins
ToyMCSamplerOpt.cc[146] : (in function: generateAsimov) - Using internal logic for binned/unbinned Asimov dataset generation
ToyMCSamplerOpt.cc[214] : (in function: generateWithHisto) - Generating asimov with histogram for pdf pdf_binfail_SIG_obsOnly: in 2 x-bins
ToyMCSamplerOpt.cc[215] : (in function: generateWithHisto) -  , in 1 y-bins
ToyMCSamplerOpt.cc[146] : (in function: generateAsimov) - Using internal logic for binned/unbinned Asimov dataset generation
ToyMCSamplerOpt.cc[214] : (in function: generateWithHisto) - Generating asimov with histogram for pdf pdf_binfail_HIGH_obsOnly: in 43 x-bins
ToyMCSamplerOpt.cc[215] : (in function: generateWithHisto) -  , in 1 y-bins
AsymptoticLimits.cc[428] : (in function: runLimitExpected) - Median for expected limits = 1.08008, Sigma for expected limits = 0.55107
AsymptoticLimits.cc[191] : (in function: runLimit) - NLL at global minimum of data = -474.91 (r=1.74603e-06)
AsymptoticLimits.cc[211] : (in function: runLimit) - NLL at global minimum of asimov = -468.068 (r=3.41249e-08)
AsymptoticLimits.cc[337] : (in function: getCLs) - At r = 1.200002:	q_mu = 7.81295	q_A  = 4.65628	Pmu = 0.00193	1-Pb  = 0.23225	CLs  = 0.00831
AsymptoticLimits.cc[337] : (in function: getCLs) - At r = 0.600002:	q_mu = 3.00818	q_A  = 1.27749	Pmu = 0.02899	1-Pb  = 0.22195	CLs  = 0.13061
AsymptoticLimits.cc[337] : (in function: getCLs) - At r = 0.900002:	q_mu = 5.21715	q_A  = 2.74218	Pmu = 0.00813	1-Pb  = 0.22744	CLs  = 0.03572
AsymptoticLimits.cc[337] : (in function: getCLs) - At r = 0.777758:	q_mu = 4.27326	q_A  = 2.09385	Pmu = 0.01390	1-Pb  = 0.22570	CLs  = 0.06159
AsymptoticLimits.cc[337] : (in function: getCLs) - At r = 0.839632:	q_mu = 4.74089	q_A  = 2.41028	Pmu = 0.01064	1-Pb  = 0.22645	CLs  = 0.04697
AsymptoticLimits.cc[337] : (in function: getCLs) - At r = 0.815840:	q_mu = 4.55840	q_A  = 2.28552	Pmu = 0.01180	1-Pb  = 0.22611	CLs  = 0.05220
AsymptoticLimits.cc[337] : (in function: getCLs) - At r = 0.828356:	q_mu = 4.65390	q_A  = 2.35057	Pmu = 0.01118	1-Pb  = 0.22627	CLs  = 0.04939
AsymptoticLimits.cc[337] : (in function: getCLs) - At r = 0.823634:	q_mu = 4.61769	q_A  = 2.32583	Pmu = 0.01141	1-Pb  = 0.22621	CLs  = 0.05044
AsymptoticLimits.cc[337] : (in function: getCLs) - At r = 0.826147:	q_mu = 4.63687	q_A  = 2.33892	Pmu = 0.01128	1-Pb  = 0.22624	CLs  = 0.04988
AsymptoticLimits.cc[337] : (in function: getCLs) - At r = 0.825211:	q_mu = 4.62964	q_A  = 2.33397	Pmu = 0.01133	1-Pb  = 0.22623	CLs  = 0.05009
AsymptoticLimits.cc[337] : (in function: getCLs) - At r = 0.825718:	q_mu = 4.63345	q_A  = 2.33655	Pmu = 0.01131	1-Pb  = 0.22623	CLs  = 0.04998
AsymptoticLimits.cc[337] : (in function: getCLs) - At r = 0.825541:	q_mu = 4.63203	q_A  = 2.33553	Pmu = 0.01132	1-Pb  = 0.22622	CLs  = 0.05002
AsymptoticLimits.cc[337] : (in function: getCLs) - At r = 0.825613:	q_mu = 4.63254	q_A  = 2.33583	Pmu = 0.01131	1-Pb  = 0.22621	CLs  = 0.05001
AsymptoticLimits.cc[337] : (in function: getCLs) - At r = 0.825656:	q_mu = 4.63283	q_A  = 2.33601	Pmu = 0.01131	1-Pb  = 0.22621	CLs  = 0.05000
AsymptoticLimits.cc[337] : (in function: getCLs) - At r = 0.825642:	q_mu = 4.63267	q_A  = 2.33588	Pmu = 0.01131	1-Pb  = 0.22621	CLs  = 0.05000
AsymptoticLimits.cc[337] : (in function: getCLs) - At r = 0.825650:	q_mu = 4.63268	q_A  = 2.33585	Pmu = 0.01131	1-Pb  = 0.22620	CLs  = 0.05000
AsymptoticLimits.cc[337] : (in function: getCLs) - At r = 0.825654:	q_mu = 4.63265	q_A  = 2.33580	Pmu = 0.01131	1-Pb  = 0.22620	CLs  = 0.05000
