CascadeMinimizer.cc[188] : (in function: improveOnce) - Minimization configured with Type=Minuit2, Algo=Migrad, strategy=0, tolerance=0.1
CascadeMinimizer.cc[215] : (in function: improveOnce) - Minimization finished with status=0
CascadeMinimizer.cc[219] : (in function: improveOnce) - Minimization success! status=0
ToyMCSamplerOpt.cc[146] : (in function: generateAsimov) - Using internal logic for binned/unbinned Asimov dataset generation
ToyMCSamplerOpt.cc[214] : (in function: generateWithHisto) - Generating asimov with histogram for pdf pdf_binpass_LOW_obsOnly: in 3 x-bins
ToyMCSamplerOpt.cc[215] : (in function: generateWithHisto) -  , in 1 y-bins
ToyMCSamplerOpt.cc[146] : (in function: generateAsimov) - Using internal logic for binned/unbinned Asimov dataset generation
ToyMCSamplerOpt.cc[214] : (in function: generateWithHisto) - Generating asimov with histogram for pdf pdf_binpass_SIG_obsOnly: in 1 x-bins
ToyMCSamplerOpt.cc[215] : (in function: generateWithHisto) -  , in 1 y-bins
ToyMCSamplerOpt.cc[146] : (in function: generateAsimov) - Using internal logic for binned/unbinned Asimov dataset generation
ToyMCSamplerOpt.cc[214] : (in function: generateWithHisto) - Generating asimov with histogram for pdf pdf_binpass_HIGH_obsOnly: in 5 x-bins
ToyMCSamplerOpt.cc[215] : (in function: generateWithHisto) -  , in 1 y-bins
ToyMCSamplerOpt.cc[146] : (in function: generateAsimov) - Using internal logic for binned/unbinned Asimov dataset generation
ToyMCSamplerOpt.cc[214] : (in function: generateWithHisto) - Generating asimov with histogram for pdf pdf_binfail_LOW_obsOnly: in 3 x-bins
ToyMCSamplerOpt.cc[215] : (in function: generateWithHisto) -  , in 1 y-bins
ToyMCSamplerOpt.cc[146] : (in function: generateAsimov) - Using internal logic for binned/unbinned Asimov dataset generation
ToyMCSamplerOpt.cc[214] : (in function: generateWithHisto) - Generating asimov with histogram for pdf pdf_binfail_SIG_obsOnly: in 1 x-bins
ToyMCSamplerOpt.cc[215] : (in function: generateWithHisto) -  , in 1 y-bins
ToyMCSamplerOpt.cc[146] : (in function: generateAsimov) - Using internal logic for binned/unbinned Asimov dataset generation
ToyMCSamplerOpt.cc[214] : (in function: generateWithHisto) - Generating asimov with histogram for pdf pdf_binfail_HIGH_obsOnly: in 5 x-bins
ToyMCSamplerOpt.cc[215] : (in function: generateWithHisto) -  , in 1 y-bins
AsymptoticLimits.cc[428] : (in function: runLimitExpected) - Median for expected limits = 0.552734, Sigma for expected limits = 0.282013
AsymptoticLimits.cc[191] : (in function: runLimit) - NLL at global minimum of data = -931.33 (r=0.954717)
AsymptoticLimits.cc[211] : (in function: runLimit) - NLL at global minimum of asimov = -927.663 (r=0.0022715)
AsymptoticLimits.cc[337] : (in function: getCLs) - At r = 2.154717:	q_mu = 7.11760	q_A  = 27.10942	Pmu = 0.00382	1-Pb  = 0.99444	CLs  = 0.00384
AsymptoticLimits.cc[337] : (in function: getCLs) - At r = 1.554717:	q_mu = 2.29067	q_A  = 17.92312	Pmu = 0.06508	1-Pb  = 0.99674	CLs  = 0.06529
AsymptoticLimits.cc[337] : (in function: getCLs) - At r = 1.854717:	q_mu = 4.49315	q_A  = 22.51232	Pmu = 0.01702	1-Pb  = 0.99567	CLs  = 0.01709
AsymptoticLimits.cc[337] : (in function: getCLs) - At r = 1.662492:	q_mu = 3.02109	q_A  = 19.56785	Pmu = 0.04109	1-Pb  = 0.99638	CLs  = 0.04124
AsymptoticLimits.cc[337] : (in function: getCLs) - At r = 1.604799:	q_mu = 2.62003	q_A  = 18.68674	Pmu = 0.05276	1-Pb  = 0.99658	CLs  = 0.05294
AsymptoticLimits.cc[337] : (in function: getCLs) - At r = 1.626907:	q_mu = 2.77093	q_A  = 19.02412	Pmu = 0.04800	1-Pb  = 0.99650	CLs  = 0.04816
AsymptoticLimits.cc[337] : (in function: getCLs) - At r = 1.615490:	q_mu = 2.69246	q_A  = 18.84985	Pmu = 0.05041	1-Pb  = 0.99654	CLs  = 0.05059
AsymptoticLimits.cc[337] : (in function: getCLs) - At r = 1.619945:	q_mu = 2.72289	q_A  = 18.91782	Pmu = 0.04946	1-Pb  = 0.99653	CLs  = 0.04963
AsymptoticLimits.cc[337] : (in function: getCLs) - At r = 1.617672:	q_mu = 2.70726	q_A  = 18.88312	Pmu = 0.04995	1-Pb  = 0.99653	CLs  = 0.05012
AsymptoticLimits.cc[337] : (in function: getCLs) - At r = 1.618572:	q_mu = 2.71335	q_A  = 18.89685	Pmu = 0.04976	1-Pb  = 0.99653	CLs  = 0.04993
AsymptoticLimits.cc[337] : (in function: getCLs) - At r = 1.618124:	q_mu = 2.71022	q_A  = 18.89000	Pmu = 0.04985	1-Pb  = 0.99653	CLs  = 0.05003
AsymptoticLimits.cc[337] : (in function: getCLs) - At r = 1.618312:	q_mu = 2.71145	q_A  = 18.89287	Pmu = 0.04982	1-Pb  = 0.99653	CLs  = 0.04999
AsymptoticLimits.cc[337] : (in function: getCLs) - At r = 1.618230:	q_mu = 2.71082	q_A  = 18.89161	Pmu = 0.04983	1-Pb  = 0.99653	CLs  = 0.05001
AsymptoticLimits.cc[337] : (in function: getCLs) - At r = 1.618274:	q_mu = 2.71106	q_A  = 18.89228	Pmu = 0.04983	1-Pb  = 0.99653	CLs  = 0.05000
AsymptoticLimits.cc[337] : (in function: getCLs) - At r = 1.618284:	q_mu = 2.71106	q_A  = 18.89243	Pmu = 0.04983	1-Pb  = 0.99653	CLs  = 0.05000
AsymptoticLimits.cc[337] : (in function: getCLs) - At r = 1.618291:	q_mu = 2.71104	q_A  = 18.89253	Pmu = 0.04983	1-Pb  = 0.99653	CLs  = 0.05000
AsymptoticLimits.cc[337] : (in function: getCLs) - At r = 1.618297:	q_mu = 2.71102	q_A  = 18.89262	Pmu = 0.04983	1-Pb  = 0.99653	CLs  = 0.05000
AsymptoticLimits.cc[337] : (in function: getCLs) - At r = 1.618302:	q_mu = 2.71099	q_A  = 18.89269	Pmu = 0.04983	1-Pb  = 0.99653	CLs  = 0.05000
