 <<< Combine >>> 
 <<< v10.0.1 >>>
>>> Random number generator seed is 123456
>>> Method used is FitDiagnostics
Set Default Value of Parameter mask_pass_SIG To : 1
Set Default Value of Parameter mask_pass_HIGH To : 1
Set Default Value of Parameter r To : 1
>>> 2 out of 6 channels masked

>> Found 20 floating parameters
>> The following parameters are protected in the event of negative eigenvalues:
>> Parameter CMS_AN23122_Background_rpf_2x0_par2 does not have a valid stencil and will be dropped
>> Verifying eigenvalues are all positive (iteration 0)
Eigenvalue 18 : -0.000224076
 - -0.733626	CMS_AN23122_Background_rpf_2x0_par3
 - 0.675245	CMS_AN23122_Background_rpf_2x0_par0
 - 0.0763999	CMS_AN23122_Background_rpf_2x0_par1
 - -8.39812e-05	CMS_AN23122_Background_fail_LOW_bin_2-1
 - 5.52483e-05	CMS_AN23122_Background_fail_LOW_bin_1-1
>> Attempt 0 failed, remove the variable with largest eigenvector component...
>> Dropping CMS_AN23122_Background_rpf_2x0_par3 from the hessian
>> Verifying eigenvalues are all positive (iteration 1)
>> All eigenvalues are positive
>> Inverting Hessian...
>> Matrix inverted
>> Note: the following parameters were dropped as their ranges are either too narrow or the parameter has no effect on the NLL:
     - CMS_AN23122_Background_rpf_2x0_par2
>> Note: the following parameters were dropped to make the covariance matrix pos-def:
     - CMS_AN23122_Background_rpf_2x0_par3
 Fit B-only, status = 0, numBadNLL = 0, covariance quality = -1
Running Minos for POI r
>> Found 21 floating parameters
>> The following parameters are protected in the event of negative eigenvalues: r
>> Parameter CMS_AN23122_Background_rpf_2x0_par2 does not have a valid stencil and will be dropped
>> Verifying eigenvalues are all positive (iteration 0)
Eigenvalue 18 : -0.000137979
 - -0.735619	CMS_AN23122_Background_rpf_2x0_par3
 - 0.673123	CMS_AN23122_Background_rpf_2x0_par0
 - 0.0759466	CMS_AN23122_Background_rpf_2x0_par1
 - -0.00118814	CMS_AN23122_Background_fail_HIGH_bin_9-1
 - 0.00113855	r
Eigenvalue 19 : -0.00995468
 - -0.692417	r
 - 0.684364	CMS_AN23122_Background_fail_HIGH_bin_9-1
 - -0.21255	pT
 - 0.068813	CMS_AN23122_Background_fail_HIGH_bin_7-1
 - 0.0333365	CMS_AN23122_Background_fail_HIGH_bin_6-1
>> Attempt 0 failed, remove the variable with largest eigenvector component...
>> Dropping CMS_AN23122_Background_fail_HIGH_bin_9-1 from the hessian
>> Verifying eigenvalues are all positive (iteration 1)
Eigenvalue 18 : -0.000138009
 - -0.735621	CMS_AN23122_Background_rpf_2x0_par3
 - 0.673117	CMS_AN23122_Background_rpf_2x0_par0
 - 0.0759885	CMS_AN23122_Background_rpf_2x0_par1
 - -0.000128451	r
 - -7.7203e-05	CMS_AN23122_Background_fail_LOW_bin_2-1
>> Attempt 1 failed, remove the variable with largest eigenvector component...
>> Dropping CMS_AN23122_Background_rpf_2x0_par3 from the hessian
>> Verifying eigenvalues are all positive (iteration 2)
>> All eigenvalues are positive
>> Inverting Hessian...
>> Matrix inverted
>> Note: the following parameters were dropped as their ranges are either too narrow or the parameter has no effect on the NLL:
     - CMS_AN23122_Background_rpf_2x0_par2
>> Note: the following parameters were dropped to make the covariance matrix pos-def:
     - CMS_AN23122_Background_fail_HIGH_bin_9-1
     - CMS_AN23122_Background_rpf_2x0_par3
Fit S+B, status = 0, numBadNLL = 0, covariance quality = -1

 --- FitDiagnostics ---
Best fit r: 7.48743  -7.48743/+42.5126  (68% CL)
Done in 0.00 min (cpu), 0.00 min (real)
31 log messages saved to combine_logger.out
