CascadeMinimizer.cc[188] : (in function: improveOnce) - Minimization configured with Type=Minuit2, Algo=Migrad, strategy=0, tolerance=0.1
CascadeMinimizer.cc[215] : (in function: improveOnce) - Minimization finished with status=0
CascadeMinimizer.cc[219] : (in function: improveOnce) - Minimization success! status=0
ToyMCSamplerOpt.cc[146] : (in function: generateAsimov) - Using internal logic for binned/unbinned Asimov dataset generation
ToyMCSamplerOpt.cc[214] : (in function: generateWithHisto) - Generating asimov with histogram for pdf pdf_binpass_LOW_obsOnly: in 3 x-bins
ToyMCSamplerOpt.cc[215] : (in function: generateWithHisto) -  , in 1 y-bins
ToyMCSamplerOpt.cc[146] : (in function: generateAsimov) - Using internal logic for binned/unbinned Asimov dataset generation
ToyMCSamplerOpt.cc[214] : (in function: generateWithHisto) - Generating asimov with histogram for pdf pdf_binpass_SIG_obsOnly: in 1 x-bins
ToyMCSamplerOpt.cc[215] : (in function: generateWithHisto) -  , in 1 y-bins
ToyMCSamplerOpt.cc[146] : (in function: generateAsimov) - Using internal logic for binned/unbinned Asimov dataset generation
ToyMCSamplerOpt.cc[214] : (in function: generateWithHisto) - Generating asimov with histogram for pdf pdf_binpass_HIGH_obsOnly: in 5 x-bins
ToyMCSamplerOpt.cc[215] : (in function: generateWithHisto) -  , in 1 y-bins
ToyMCSamplerOpt.cc[146] : (in function: generateAsimov) - Using internal logic for binned/unbinned Asimov dataset generation
ToyMCSamplerOpt.cc[214] : (in function: generateWithHisto) - Generating asimov with histogram for pdf pdf_binfail_LOW_obsOnly: in 3 x-bins
ToyMCSamplerOpt.cc[215] : (in function: generateWithHisto) -  , in 1 y-bins
ToyMCSamplerOpt.cc[146] : (in function: generateAsimov) - Using internal logic for binned/unbinned Asimov dataset generation
ToyMCSamplerOpt.cc[214] : (in function: generateWithHisto) - Generating asimov with histogram for pdf pdf_binfail_SIG_obsOnly: in 1 x-bins
ToyMCSamplerOpt.cc[215] : (in function: generateWithHisto) -  , in 1 y-bins
ToyMCSamplerOpt.cc[146] : (in function: generateAsimov) - Using internal logic for binned/unbinned Asimov dataset generation
ToyMCSamplerOpt.cc[214] : (in function: generateWithHisto) - Generating asimov with histogram for pdf pdf_binfail_HIGH_obsOnly: in 5 x-bins
ToyMCSamplerOpt.cc[215] : (in function: generateWithHisto) -  , in 1 y-bins
AsymptoticLimits.cc[428] : (in function: runLimitExpected) - Median for expected limits = 0.205078, Sigma for expected limits = 0.104634
AsymptoticLimits.cc[191] : (in function: runLimit) - NLL at global minimum of data = -771.053 (r=4.80761e-11)
AsymptoticLimits.cc[211] : (in function: runLimit) - NLL at global minimum of asimov = -770.284 (r=2.90976e-11)
AsymptoticLimits.cc[337] : (in function: getCLs) - At r = 1.200000:	q_mu = 20.30994	q_A  = 19.81247	Pmu = 0.00000	1-Pb  = 0.47772	CLs  = 0.00001
AsymptoticLimits.cc[337] : (in function: getCLs) - At r = 0.600000:	q_mu = 10.93567	q_A  = 10.64113	Pmu = 0.00047	1-Pb  = 0.48200	CLs  = 0.00098
AsymptoticLimits.cc[337] : (in function: getCLs) - At r = 0.300000:	q_mu = 5.71009	q_A  = 5.54738	Pmu = 0.00843	1-Pb  = 0.48622	CLs  = 0.01733
AsymptoticLimits.cc[337] : (in function: getCLs) - At r = 0.150000:	q_mu = 2.92666	q_A  = 2.84129	Pmu = 0.04355	1-Pb  = 0.48990	CLs  = 0.08889
AsymptoticLimits.cc[337] : (in function: getCLs) - At r = 0.222235:	q_mu = 4.28252	q_A  = 4.15875	Pmu = 0.01924	1-Pb  = 0.48789	CLs  = 0.03944
AsymptoticLimits.cc[337] : (in function: getCLs) - At r = 0.190917:	q_mu = 3.69819	q_A  = 3.59104	Pmu = 0.02722	1-Pb  = 0.48872	CLs  = 0.05570
AsymptoticLimits.cc[337] : (in function: getCLs) - At r = 0.205018:	q_mu = 3.96234	q_A  = 3.84724	Pmu = 0.02325	1-Pb  = 0.48830	CLs  = 0.04762
AsymptoticLimits.cc[337] : (in function: getCLs) - At r = 0.198688:	q_mu = 3.84376	q_A  = 3.73231	Pmu = 0.02495	1-Pb  = 0.48849	CLs  = 0.05108
AsymptoticLimits.cc[337] : (in function: getCLs) - At r = 0.201499:	q_mu = 3.89642	q_A  = 3.78331	Pmu = 0.02418	1-Pb  = 0.48840	CLs  = 0.04951
AsymptoticLimits.cc[337] : (in function: getCLs) - At r = 0.200232:	q_mu = 3.87268	q_A  = 3.76026	Pmu = 0.02453	1-Pb  = 0.48844	CLs  = 0.05021
AsymptoticLimits.cc[337] : (in function: getCLs) - At r = 0.200794:	q_mu = 3.88321	q_A  = 3.77043	Pmu = 0.02437	1-Pb  = 0.48842	CLs  = 0.04990
AsymptoticLimits.cc[337] : (in function: getCLs) - At r = 0.200541:	q_mu = 3.87847	q_A  = 3.76580	Pmu = 0.02444	1-Pb  = 0.48842	CLs  = 0.05004
AsymptoticLimits.cc[337] : (in function: getCLs) - At r = 0.200654:	q_mu = 3.88059	q_A  = 3.76782	Pmu = 0.02441	1-Pb  = 0.48841	CLs  = 0.04998
AsymptoticLimits.cc[337] : (in function: getCLs) - At r = 0.200604:	q_mu = 3.87965	q_A  = 3.76688	Pmu = 0.02443	1-Pb  = 0.48841	CLs  = 0.05001
AsymptoticLimits.cc[337] : (in function: getCLs) - At r = 0.200627:	q_mu = 3.88008	q_A  = 3.76727	Pmu = 0.02442	1-Pb  = 0.48841	CLs  = 0.05000
AsymptoticLimits.cc[337] : (in function: getCLs) - At r = 0.200618:	q_mu = 3.87991	q_A  = 3.76707	Pmu = 0.02442	1-Pb  = 0.48841	CLs  = 0.05000
AsymptoticLimits.cc[337] : (in function: getCLs) - At r = 0.200622:	q_mu = 3.88000	q_A  = 3.76714	Pmu = 0.02442	1-Pb  = 0.48840	CLs  = 0.05000
