CascadeMinimizer.cc[188] : (in function: improveOnce) - Minimization configured with Type=Minuit2, Algo=Migrad, strategy=0, tolerance=0.1
CascadeMinimizer.cc[215] : (in function: improveOnce) - Minimization finished with status=0
CascadeMinimizer.cc[219] : (in function: improveOnce) - Minimization success! status=0
ToyMCSamplerOpt.cc[146] : (in function: generateAsimov) - Using internal logic for binned/unbinned Asimov dataset generation
ToyMCSamplerOpt.cc[214] : (in function: generateWithHisto) - Generating asimov with histogram for pdf pdf_binpass_LOW_obsOnly: in 3 x-bins
ToyMCSamplerOpt.cc[215] : (in function: generateWithHisto) -  , in 1 y-bins
ToyMCSamplerOpt.cc[146] : (in function: generateAsimov) - Using internal logic for binned/unbinned Asimov dataset generation
ToyMCSamplerOpt.cc[214] : (in function: generateWithHisto) - Generating asimov with histogram for pdf pdf_binpass_SIG_obsOnly: in 1 x-bins
ToyMCSamplerOpt.cc[215] : (in function: generateWithHisto) -  , in 1 y-bins
ToyMCSamplerOpt.cc[146] : (in function: generateAsimov) - Using internal logic for binned/unbinned Asimov dataset generation
ToyMCSamplerOpt.cc[214] : (in function: generateWithHisto) - Generating asimov with histogram for pdf pdf_binpass_HIGH_obsOnly: in 5 x-bins
ToyMCSamplerOpt.cc[215] : (in function: generateWithHisto) -  , in 1 y-bins
ToyMCSamplerOpt.cc[146] : (in function: generateAsimov) - Using internal logic for binned/unbinned Asimov dataset generation
ToyMCSamplerOpt.cc[214] : (in function: generateWithHisto) - Generating asimov with histogram for pdf pdf_binfail_LOW_obsOnly: in 3 x-bins
ToyMCSamplerOpt.cc[215] : (in function: generateWithHisto) -  , in 1 y-bins
ToyMCSamplerOpt.cc[146] : (in function: generateAsimov) - Using internal logic for binned/unbinned Asimov dataset generation
ToyMCSamplerOpt.cc[214] : (in function: generateWithHisto) - Generating asimov with histogram for pdf pdf_binfail_SIG_obsOnly: in 1 x-bins
ToyMCSamplerOpt.cc[215] : (in function: generateWithHisto) -  , in 1 y-bins
ToyMCSamplerOpt.cc[146] : (in function: generateAsimov) - Using internal logic for binned/unbinned Asimov dataset generation
ToyMCSamplerOpt.cc[214] : (in function: generateWithHisto) - Generating asimov with histogram for pdf pdf_binfail_HIGH_obsOnly: in 5 x-bins
ToyMCSamplerOpt.cc[215] : (in function: generateWithHisto) -  , in 1 y-bins
AsymptoticLimits.cc[428] : (in function: runLimitExpected) - Median for expected limits = 1.71094, Sigma for expected limits = 0.872943
AsymptoticLimits.cc[191] : (in function: runLimit) - NLL at global minimum of data = -902.392 (r=8.907e-07)
AsymptoticLimits.cc[211] : (in function: runLimit) - NLL at global minimum of asimov = -901.788 (r=1.97138e-07)
AsymptoticLimits.cc[337] : (in function: getCLs) - At r = 1.349094:	q_mu = 3.11090	q_A  = 3.08935	Pmu = 0.03888	1-Pb  = 0.49755	CLs  = 0.07815
AsymptoticLimits.cc[337] : (in function: getCLs) - At r = 2.698188:	q_mu = 5.83077	q_A  = 5.79214	Pmu = 0.00787	1-Pb  = 0.49680	CLs  = 0.01585
AsymptoticLimits.cc[337] : (in function: getCLs) - At r = 1.349095:	q_mu = 3.11096	q_A  = 3.08935	Pmu = 0.03888	1-Pb  = 0.49755	CLs  = 0.07815
AsymptoticLimits.cc[337] : (in function: getCLs) - At r = 1.921008:	q_mu = 4.30357	q_A  = 4.27432	Pmu = 0.01902	1-Pb  = 0.49718	CLs  = 0.03825
AsymptoticLimits.cc[337] : (in function: getCLs) - At r = 1.635052:	q_mu = 3.71516	q_A  = 3.68968	Pmu = 0.02696	1-Pb  = 0.49735	CLs  = 0.05421
AsymptoticLimits.cc[337] : (in function: getCLs) - At r = 1.745227:	q_mu = 3.94365	q_A  = 3.91672	Pmu = 0.02352	1-Pb  = 0.49729	CLs  = 0.04730
AsymptoticLimits.cc[337] : (in function: getCLs) - At r = 1.687322:	q_mu = 3.82384	q_A  = 3.79767	Pmu = 0.02526	1-Pb  = 0.49732	CLs  = 0.05080
AsymptoticLimits.cc[337] : (in function: getCLs) - At r = 1.709207:	q_mu = 3.86920	q_A  = 3.84273	Pmu = 0.02459	1-Pb  = 0.49731	CLs  = 0.04944
AsymptoticLimits.cc[337] : (in function: getCLs) - At r = 1.697597:	q_mu = 3.84515	q_A  = 3.81884	Pmu = 0.02494	1-Pb  = 0.49731	CLs  = 0.05016
AsymptoticLimits.cc[337] : (in function: getCLs) - At r = 1.701968:	q_mu = 3.85420	q_A  = 3.82784	Pmu = 0.02481	1-Pb  = 0.49731	CLs  = 0.04989
AsymptoticLimits.cc[337] : (in function: getCLs) - At r = 1.699645:	q_mu = 3.84939	q_A  = 3.82305	Pmu = 0.02488	1-Pb  = 0.49731	CLs  = 0.05003
AsymptoticLimits.cc[337] : (in function: getCLs) - At r = 1.700519:	q_mu = 3.85120	q_A  = 3.82485	Pmu = 0.02485	1-Pb  = 0.49731	CLs  = 0.04998
AsymptoticLimits.cc[337] : (in function: getCLs) - At r = 1.700054:	q_mu = 3.85024	q_A  = 3.82390	Pmu = 0.02487	1-Pb  = 0.49731	CLs  = 0.05001
AsymptoticLimits.cc[337] : (in function: getCLs) - At r = 1.700229:	q_mu = 3.85060	q_A  = 3.82426	Pmu = 0.02486	1-Pb  = 0.49731	CLs  = 0.05000
AsymptoticLimits.cc[337] : (in function: getCLs) - At r = 1.700136:	q_mu = 3.85041	q_A  = 3.82407	Pmu = 0.02487	1-Pb  = 0.49731	CLs  = 0.05000
AsymptoticLimits.cc[337] : (in function: getCLs) - At r = 1.700171:	q_mu = 3.85048	q_A  = 3.82414	Pmu = 0.02487	1-Pb  = 0.49731	CLs  = 0.05000
AsymptoticLimits.cc[337] : (in function: getCLs) - At r = 1.700153:	q_mu = 3.85044	q_A  = 3.82410	Pmu = 0.02487	1-Pb  = 0.49731	CLs  = 0.05000
AsymptoticLimits.cc[337] : (in function: getCLs) - At r = 1.700160:	q_mu = 3.85046	q_A  = 3.82411	Pmu = 0.02487	1-Pb  = 0.49731	CLs  = 0.05000
AsymptoticLimits.cc[337] : (in function: getCLs) - At r = 1.700156:	q_mu = 3.85045	q_A  = 3.82411	Pmu = 0.02487	1-Pb  = 0.49731	CLs  = 0.05000
