CascadeMinimizer.cc[188] : (in function: improveOnce) - Minimization configured with Type=Minuit2, Algo=Migrad, strategy=0, tolerance=0.1
CascadeMinimizer.cc[215] : (in function: improveOnce) - Minimization finished with status=0
CascadeMinimizer.cc[219] : (in function: improveOnce) - Minimization success! status=0
ToyMCSamplerOpt.cc[146] : (in function: generateAsimov) - Using internal logic for binned/unbinned Asimov dataset generation
ToyMCSamplerOpt.cc[214] : (in function: generateWithHisto) - Generating asimov with histogram for pdf pdf_binpass_LOW_obsOnly: in 5 x-bins
ToyMCSamplerOpt.cc[215] : (in function: generateWithHisto) -  , in 1 y-bins
ToyMCSamplerOpt.cc[146] : (in function: generateAsimov) - Using internal logic for binned/unbinned Asimov dataset generation
ToyMCSamplerOpt.cc[214] : (in function: generateWithHisto) - Generating asimov with histogram for pdf pdf_binpass_SIG_obsOnly: in 1 x-bins
ToyMCSamplerOpt.cc[215] : (in function: generateWithHisto) -  , in 1 y-bins
ToyMCSamplerOpt.cc[146] : (in function: generateAsimov) - Using internal logic for binned/unbinned Asimov dataset generation
ToyMCSamplerOpt.cc[214] : (in function: generateWithHisto) - Generating asimov with histogram for pdf pdf_binpass_HIGH_obsOnly: in 1 x-bins
ToyMCSamplerOpt.cc[215] : (in function: generateWithHisto) -  , in 1 y-bins
ToyMCSamplerOpt.cc[146] : (in function: generateAsimov) - Using internal logic for binned/unbinned Asimov dataset generation
ToyMCSamplerOpt.cc[214] : (in function: generateWithHisto) - Generating asimov with histogram for pdf pdf_binfail_LOW_obsOnly: in 5 x-bins
ToyMCSamplerOpt.cc[215] : (in function: generateWithHisto) -  , in 1 y-bins
ToyMCSamplerOpt.cc[146] : (in function: generateAsimov) - Using internal logic for binned/unbinned Asimov dataset generation
ToyMCSamplerOpt.cc[214] : (in function: generateWithHisto) - Generating asimov with histogram for pdf pdf_binfail_SIG_obsOnly: in 1 x-bins
ToyMCSamplerOpt.cc[215] : (in function: generateWithHisto) -  , in 1 y-bins
ToyMCSamplerOpt.cc[146] : (in function: generateAsimov) - Using internal logic for binned/unbinned Asimov dataset generation
ToyMCSamplerOpt.cc[214] : (in function: generateWithHisto) - Generating asimov with histogram for pdf pdf_binfail_HIGH_obsOnly: in 1 x-bins
ToyMCSamplerOpt.cc[215] : (in function: generateWithHisto) -  , in 1 y-bins
AsymptoticLimits.cc[415] : (in function: runLimitExpected) - [WARNING] Best fit of asimov dataset is at r = 0.112804 (0.005640 times rMax), while it should be at zero
AsymptoticLimits.cc[428] : (in function: runLimitExpected) - Median for expected limits = 6524, Sigma for expected limits = 3328.63
AsymptoticLimits.cc[191] : (in function: runLimit) - NLL at global minimum of data = -38880.8 (r=3944.29)
AsymptoticLimits.cc[211] : (in function: runLimit) - NLL at global minimum of asimov = -38880.6 (r=373.83)
AsymptoticLimits.cc[337] : (in function: getCLs) - At r = 6525.743593:	q_mu = 2.71001	q_A  = 3.82887	Pmu = 0.04986	1-Pb  = 0.62192	CLs  = 0.08017
AsymptoticLimits.cc[337] : (in function: getCLs) - At r = 13051.487186:	q_mu = 16.38513	q_A  = 19.07204	Pmu = 0.00003	1-Pb  = 0.62525	CLs  = 0.00004
AsymptoticLimits.cc[337] : (in function: getCLs) - At r = 8497.886943:	q_mu = 7.43511	q_A  = 8.04733	Pmu = 0.00320	1-Pb  = 0.54381	CLs  = 0.00588
AsymptoticLimits.cc[337] : (in function: getCLs) - At r = 6221.086821:	q_mu = 2.18852	q_A  = 3.25323	Pmu = 0.06952	1-Pb  = 0.62715	CLs  = 0.11085
AsymptoticLimits.cc[337] : (in function: getCLs) - At r = 7359.486882:	q_mu = 4.27750	q_A  = 5.52954	Pmu = 0.01931	1-Pb  = 0.61152	CLs  = 0.03158
AsymptoticLimits.cc[337] : (in function: getCLs) - At r = 6798.501346:	q_mu = 3.20340	q_A  = 4.36790	Pmu = 0.03674	1-Pb  = 0.61797	CLs  = 0.05946
AsymptoticLimits.cc[337] : (in function: getCLs) - At r = 7033.553591:	q_mu = 3.64373	q_A  = 4.84618	Pmu = 0.02814	1-Pb  = 0.61507	CLs  = 0.04575
AsymptoticLimits.cc[337] : (in function: getCLs) - At r = 6922.821676:	q_mu = 3.43425	q_A  = 4.61906	Pmu = 0.03193	1-Pb  = 0.61640	CLs  = 0.05180
AsymptoticLimits.cc[337] : (in function: getCLs) - At r = 6970.194023:	q_mu = 3.52354	q_A  = 4.71584	Pmu = 0.03025	1-Pb  = 0.61581	CLs  = 0.04913
AsymptoticLimits.cc[337] : (in function: getCLs) - At r = 6948.097269:	q_mu = 3.48171	q_A  = 4.67055	Pmu = 0.03103	1-Pb  = 0.61608	CLs  = 0.05036
AsymptoticLimits.cc[337] : (in function: getCLs) - At r = 6957.612672:	q_mu = 3.49968	q_A  = 4.69003	Pmu = 0.03069	1-Pb  = 0.61597	CLs  = 0.04982
AsymptoticLimits.cc[337] : (in function: getCLs) - At r = 6953.202439:	q_mu = 3.49133	q_A  = 4.68098	Pmu = 0.03085	1-Pb  = 0.61602	CLs  = 0.05007
AsymptoticLimits.cc[337] : (in function: getCLs) - At r = 6955.111636:	q_mu = 3.49493	q_A  = 4.68488	Pmu = 0.03078	1-Pb  = 0.61600	CLs  = 0.04997
AsymptoticLimits.cc[337] : (in function: getCLs) - At r = 6954.233946:	q_mu = 3.49326	q_A  = 4.68308	Pmu = 0.03081	1-Pb  = 0.61601	CLs  = 0.05001
AsymptoticLimits.cc[337] : (in function: getCLs) - At r = 6954.618243:	q_mu = 3.49398	q_A  = 4.68386	Pmu = 0.03080	1-Pb  = 0.61600	CLs  = 0.04999
AsymptoticLimits.cc[337] : (in function: getCLs) - At r = 6954.445050:	q_mu = 3.49365	q_A  = 4.68351	Pmu = 0.03080	1-Pb  = 0.61601	CLs  = 0.05000
AsymptoticLimits.cc[337] : (in function: getCLs) - At r = 6954.524074:	q_mu = 3.49379	q_A  = 4.68366	Pmu = 0.03080	1-Pb  = 0.61601	CLs  = 0.05000
AsymptoticLimits.cc[337] : (in function: getCLs) - At r = 6954.491654:	q_mu = 3.49373	q_A  = 4.68359	Pmu = 0.03080	1-Pb  = 0.61601	CLs  = 0.05000
AsymptoticLimits.cc[337] : (in function: getCLs) - At r = 6954.509079:	q_mu = 3.49376	q_A  = 4.68362	Pmu = 0.03080	1-Pb  = 0.61601	CLs  = 0.05000
