CascadeMinimizer.cc[188] : (in function: improveOnce) - Minimization configured with Type=Minuit2, Algo=Migrad, strategy=0, tolerance=0.1
CascadeMinimizer.cc[215] : (in function: improveOnce) - Minimization finished with status=0
CascadeMinimizer.cc[219] : (in function: improveOnce) - Minimization success! status=0
ToyMCSamplerOpt.cc[146] : (in function: generateAsimov) - Using internal logic for binned/unbinned Asimov dataset generation
ToyMCSamplerOpt.cc[214] : (in function: generateWithHisto) - Generating asimov with histogram for pdf pdf_binpass_LOW_obsOnly: in 4 x-bins
ToyMCSamplerOpt.cc[215] : (in function: generateWithHisto) -  , in 1 y-bins
ToyMCSamplerOpt.cc[146] : (in function: generateAsimov) - Using internal logic for binned/unbinned Asimov dataset generation
ToyMCSamplerOpt.cc[214] : (in function: generateWithHisto) - Generating asimov with histogram for pdf pdf_binpass_SIG_obsOnly: in 3 x-bins
ToyMCSamplerOpt.cc[215] : (in function: generateWithHisto) -  , in 1 y-bins
ToyMCSamplerOpt.cc[146] : (in function: generateAsimov) - Using internal logic for binned/unbinned Asimov dataset generation
ToyMCSamplerOpt.cc[214] : (in function: generateWithHisto) - Generating asimov with histogram for pdf pdf_binpass_HIGH_obsOnly: in 7 x-bins
ToyMCSamplerOpt.cc[215] : (in function: generateWithHisto) -  , in 1 y-bins
ToyMCSamplerOpt.cc[146] : (in function: generateAsimov) - Using internal logic for binned/unbinned Asimov dataset generation
ToyMCSamplerOpt.cc[214] : (in function: generateWithHisto) - Generating asimov with histogram for pdf pdf_binfail_LOW_obsOnly: in 4 x-bins
ToyMCSamplerOpt.cc[215] : (in function: generateWithHisto) -  , in 1 y-bins
ToyMCSamplerOpt.cc[146] : (in function: generateAsimov) - Using internal logic for binned/unbinned Asimov dataset generation
ToyMCSamplerOpt.cc[214] : (in function: generateWithHisto) - Generating asimov with histogram for pdf pdf_binfail_SIG_obsOnly: in 3 x-bins
ToyMCSamplerOpt.cc[215] : (in function: generateWithHisto) -  , in 1 y-bins
ToyMCSamplerOpt.cc[146] : (in function: generateAsimov) - Using internal logic for binned/unbinned Asimov dataset generation
ToyMCSamplerOpt.cc[214] : (in function: generateWithHisto) - Generating asimov with histogram for pdf pdf_binfail_HIGH_obsOnly: in 7 x-bins
ToyMCSamplerOpt.cc[215] : (in function: generateWithHisto) -  , in 1 y-bins
AsymptoticLimits.cc[428] : (in function: runLimitExpected) - Median for expected limits = 2.59375, Sigma for expected limits = 1.32337
AsymptoticLimits.cc[191] : (in function: runLimit) - NLL at global minimum of data = -11132.3 (r=1.5031e-06)
AsymptoticLimits.cc[211] : (in function: runLimit) - NLL at global minimum of asimov = -11131.8 (r=3.55404e-07)
AsymptoticLimits.cc[337] : (in function: getCLs) - At r = 1.200002:	q_mu = 2.77201	q_A  = 1.87789	Pmu = 0.04489	1-Pb  = 0.37212	CLs  = 0.12062
AsymptoticLimits.cc[337] : (in function: getCLs) - At r = 2.400003:	q_mu = 4.72683	q_A  = 3.60231	Pmu = 0.01411	1-Pb  = 0.38352	CLs  = 0.03679
AsymptoticLimits.cc[337] : (in function: getCLs) - At r = 1.200002:	q_mu = 2.77201	q_A  = 1.87792	Pmu = 0.04489	1-Pb  = 0.37213	CLs  = 0.12062
AsymptoticLimits.cc[337] : (in function: getCLs) - At r = 1.911972:	q_mu = 3.99136	q_A  = 2.94262	Pmu = 0.02164	1-Pb  = 0.37992	CLs  = 0.05695
AsymptoticLimits.cc[337] : (in function: getCLs) - At r = 2.125835:	q_mu = 4.32210	q_A  = 3.23805	Pmu = 0.01783	1-Pb  = 0.38162	CLs  = 0.04673
AsymptoticLimits.cc[337] : (in function: getCLs) - At r = 2.024584:	q_mu = 4.16733	q_A  = 3.09944	Pmu = 0.01952	1-Pb  = 0.38084	CLs  = 0.05125
AsymptoticLimits.cc[337] : (in function: getCLs) - At r = 2.066518:	q_mu = 4.23176	q_A  = 3.15710	Pmu = 0.01880	1-Pb  = 0.38117	CLs  = 0.04932
AsymptoticLimits.cc[337] : (in function: getCLs) - At r = 2.046125:	q_mu = 4.20045	q_A  = 3.12910	Pmu = 0.01914	1-Pb  = 0.38101	CLs  = 0.05025
AsymptoticLimits.cc[337] : (in function: getCLs) - At r = 2.054493:	q_mu = 4.21339	q_A  = 3.14060	Pmu = 0.01900	1-Pb  = 0.38107	CLs  = 0.04986
AsymptoticLimits.cc[337] : (in function: getCLs) - At r = 2.050391:	q_mu = 4.20702	q_A  = 3.13496	Pmu = 0.01907	1-Pb  = 0.38104	CLs  = 0.05005
AsymptoticLimits.cc[337] : (in function: getCLs) - At r = 2.052072:	q_mu = 4.20958	q_A  = 3.13727	Pmu = 0.01904	1-Pb  = 0.38106	CLs  = 0.04997
AsymptoticLimits.cc[337] : (in function: getCLs) - At r = 2.051261:	q_mu = 4.20833	q_A  = 3.13616	Pmu = 0.01906	1-Pb  = 0.38105	CLs  = 0.05001
AsymptoticLimits.cc[337] : (in function: getCLs) - At r = 2.051600:	q_mu = 4.20885	q_A  = 3.13662	Pmu = 0.01905	1-Pb  = 0.38106	CLs  = 0.04999
AsymptoticLimits.cc[337] : (in function: getCLs) - At r = 2.051439:	q_mu = 4.20869	q_A  = 3.13642	Pmu = 0.01905	1-Pb  = 0.38105	CLs  = 0.05000
AsymptoticLimits.cc[337] : (in function: getCLs) - At r = 2.051473:	q_mu = 4.20868	q_A  = 3.13645	Pmu = 0.01905	1-Pb  = 0.38105	CLs  = 0.05000
AsymptoticLimits.cc[337] : (in function: getCLs) - At r = 2.051499:	q_mu = 4.20871	q_A  = 3.13648	Pmu = 0.01905	1-Pb  = 0.38105	CLs  = 0.05000
AsymptoticLimits.cc[337] : (in function: getCLs) - At r = 2.051479:	q_mu = 4.20867	q_A  = 3.13646	Pmu = 0.01905	1-Pb  = 0.38105	CLs  = 0.05000
AsymptoticLimits.cc[337] : (in function: getCLs) - At r = 2.051486:	q_mu = 4.20868	q_A  = 3.13649	Pmu = 0.01905	1-Pb  = 0.38106	CLs  = 0.05000
