CascadeMinimizer.cc[188] : (in function: improveOnce) - Minimization configured with Type=Minuit2, Algo=Migrad, strategy=0, tolerance=0.1
CascadeMinimizer.cc[215] : (in function: improveOnce) - Minimization finished with status=0
CascadeMinimizer.cc[219] : (in function: improveOnce) - Minimization success! status=0
ToyMCSamplerOpt.cc[146] : (in function: generateAsimov) - Using internal logic for binned/unbinned Asimov dataset generation
ToyMCSamplerOpt.cc[214] : (in function: generateWithHisto) - Generating asimov with histogram for pdf pdf_binpass_LOW_obsOnly: in 3 x-bins
ToyMCSamplerOpt.cc[215] : (in function: generateWithHisto) -  , in 1 y-bins
ToyMCSamplerOpt.cc[146] : (in function: generateAsimov) - Using internal logic for binned/unbinned Asimov dataset generation
ToyMCSamplerOpt.cc[214] : (in function: generateWithHisto) - Generating asimov with histogram for pdf pdf_binpass_SIG_obsOnly: in 1 x-bins
ToyMCSamplerOpt.cc[215] : (in function: generateWithHisto) -  , in 1 y-bins
ToyMCSamplerOpt.cc[146] : (in function: generateAsimov) - Using internal logic for binned/unbinned Asimov dataset generation
ToyMCSamplerOpt.cc[214] : (in function: generateWithHisto) - Generating asimov with histogram for pdf pdf_binpass_HIGH_obsOnly: in 3 x-bins
ToyMCSamplerOpt.cc[215] : (in function: generateWithHisto) -  , in 1 y-bins
ToyMCSamplerOpt.cc[146] : (in function: generateAsimov) - Using internal logic for binned/unbinned Asimov dataset generation
ToyMCSamplerOpt.cc[214] : (in function: generateWithHisto) - Generating asimov with histogram for pdf pdf_binfail_LOW_obsOnly: in 3 x-bins
ToyMCSamplerOpt.cc[215] : (in function: generateWithHisto) -  , in 1 y-bins
ToyMCSamplerOpt.cc[146] : (in function: generateAsimov) - Using internal logic for binned/unbinned Asimov dataset generation
ToyMCSamplerOpt.cc[214] : (in function: generateWithHisto) - Generating asimov with histogram for pdf pdf_binfail_SIG_obsOnly: in 1 x-bins
ToyMCSamplerOpt.cc[215] : (in function: generateWithHisto) -  , in 1 y-bins
ToyMCSamplerOpt.cc[146] : (in function: generateAsimov) - Using internal logic for binned/unbinned Asimov dataset generation
ToyMCSamplerOpt.cc[214] : (in function: generateWithHisto) - Generating asimov with histogram for pdf pdf_binfail_HIGH_obsOnly: in 3 x-bins
ToyMCSamplerOpt.cc[215] : (in function: generateWithHisto) -  , in 1 y-bins
AsymptoticLimits.cc[428] : (in function: runLimitExpected) - Median for expected limits = 96, Sigma for expected limits = 48.9805
AsymptoticLimits.cc[191] : (in function: runLimit) - NLL at global minimum of data = -678.88 (r=9.36486e-07)
AsymptoticLimits.cc[211] : (in function: runLimit) - NLL at global minimum of asimov = -679.083 (r=0.00018395)
AsymptoticLimits.cc[337] : (in function: getCLs) - At r = 41.700419:	q_mu = 2.09887	q_A  = 2.18556	Pmu = 0.07370	1-Pb  = 0.51181	CLs  = 0.14401
AsymptoticLimits.cc[337] : (in function: getCLs) - At r = 83.400839:	q_mu = 3.46762	q_A  = 3.50589	Pmu = 0.03129	1-Pb  = 0.50409	CLs  = 0.06207
AsymptoticLimits.cc[337] : (in function: getCLs) - At r = 166.801678:	q_mu = 5.45422	q_A  = 5.36873	Pmu = 0.00976	1-Pb  = 0.49264	CLs  = 0.01981
AsymptoticLimits.cc[337] : (in function: getCLs) - At r = 83.400839:	q_mu = 3.46852	q_A  = 3.50595	Pmu = 0.03127	1-Pb  = 0.50400	CLs  = 0.06205
AsymptoticLimits.cc[337] : (in function: getCLs) - At r = 112.698631:	q_mu = 4.24367	q_A  = 4.24533	Pmu = 0.01970	1-Pb  = 0.50016	CLs  = 0.03938
AsymptoticLimits.cc[337] : (in function: getCLs) - At r = 100.393659:	q_mu = 3.93070	q_A  = 3.94883	Pmu = 0.02371	1-Pb  = 0.50182	CLs  = 0.04724
AsymptoticLimits.cc[337] : (in function: getCLs) - At r = 94.164733:	q_mu = 3.76514	q_A  = 3.79145	Pmu = 0.02617	1-Pb  = 0.50270	CLs  = 0.05205
AsymptoticLimits.cc[337] : (in function: getCLs) - At r = 97.475780:	q_mu = 3.85356	q_A  = 3.87576	Pmu = 0.02482	1-Pb  = 0.50225	CLs  = 0.04942
AsymptoticLimits.cc[337] : (in function: getCLs) - At r = 96.215830:	q_mu = 3.82005	q_A  = 3.84386	Pmu = 0.02532	1-Pb  = 0.50243	CLs  = 0.05040
AsymptoticLimits.cc[337] : (in function: getCLs) - At r = 96.874799:	q_mu = 3.83758	q_A  = 3.86057	Pmu = 0.02506	1-Pb  = 0.50234	CLs  = 0.04988
AsymptoticLimits.cc[337] : (in function: getCLs) - At r = 96.622528:	q_mu = 3.83088	q_A  = 3.85417	Pmu = 0.02516	1-Pb  = 0.50237	CLs  = 0.05008
AsymptoticLimits.cc[337] : (in function: getCLs) - At r = 96.754191:	q_mu = 3.83437	q_A  = 3.85751	Pmu = 0.02511	1-Pb  = 0.50235	CLs  = 0.04998
AsymptoticLimits.cc[337] : (in function: getCLs) - At r = 96.703755:	q_mu = 3.83304	q_A  = 3.85623	Pmu = 0.02513	1-Pb  = 0.50236	CLs  = 0.05002
AsymptoticLimits.cc[337] : (in function: getCLs) - At r = 96.730087:	q_mu = 3.83373	q_A  = 3.85690	Pmu = 0.02512	1-Pb  = 0.50236	CLs  = 0.05000
AsymptoticLimits.cc[337] : (in function: getCLs) - At r = 96.720001:	q_mu = 3.83347	q_A  = 3.85664	Pmu = 0.02512	1-Pb  = 0.50236	CLs  = 0.05000
AsymptoticLimits.cc[337] : (in function: getCLs) - At r = 96.725268:	q_mu = 3.83361	q_A  = 3.85677	Pmu = 0.02512	1-Pb  = 0.50236	CLs  = 0.05000
AsymptoticLimits.cc[337] : (in function: getCLs) - At r = 96.723251:	q_mu = 3.83355	q_A  = 3.85672	Pmu = 0.02512	1-Pb  = 0.50236	CLs  = 0.05000
AsymptoticLimits.cc[337] : (in function: getCLs) - At r = 96.724305:	q_mu = 3.83358	q_A  = 3.85675	Pmu = 0.02512	1-Pb  = 0.50236	CLs  = 0.05000
AsymptoticLimits.cc[337] : (in function: getCLs) - At r = 96.723902:	q_mu = 3.83357	q_A  = 3.85674	Pmu = 0.02512	1-Pb  = 0.50236	CLs  = 0.05000
AsymptoticLimits.cc[337] : (in function: getCLs) - At r = 96.724113:	q_mu = 3.83358	q_A  = 3.85674	Pmu = 0.02512	1-Pb  = 0.50236	CLs  = 0.05000
