 <<< Combine >>> 
 <<< v10.0.1 >>>
>>> Random number generator seed is 123456
>>> Method used is FitDiagnostics
Set Default Value of Parameter mask_pass_SIG To : 1
Set Default Value of Parameter mask_pass_HIGH To : 1
Set Default Value of Parameter r To : 1
>>> 2 out of 6 channels masked

>> Found 15 floating parameters
>> The following parameters are protected in the event of negative eigenvalues:
>> Verifying eigenvalues are all positive (iteration 0)
Eigenvalue 14 : -0.00468799
 - 0.608246	CMS_EXO26004_Background_rpf_2x0_par3
 - 0.558654	CMS_EXO26004_Background_rpf_2x0_par2
 - -0.496371	CMS_EXO26004_Background_rpf_2x0_par1
 - -0.267505	CMS_EXO26004_Background_rpf_2x0_par0
 - 0.000703685	CMS_EXO26004_Background_fail_LOW_bin_2-1
>> Attempt 0 failed, remove the variable with largest eigenvector component...
>> Dropping CMS_EXO26004_Background_rpf_2x0_par3 from the hessian
>> Verifying eigenvalues are all positive (iteration 1)
>> All eigenvalues are positive
>> Inverting Hessian...
>> Matrix inverted
>> Note: the following parameters were dropped to make the covariance matrix pos-def:
     - CMS_EXO26004_Background_rpf_2x0_par3
 Fit B-only, status = 0, numBadNLL = 0, covariance quality = -1
Running Minos for POI r
>> Found 16 floating parameters
>> The following parameters are protected in the event of negative eigenvalues: r
>> Verifying eigenvalues are all positive (iteration 0)
Eigenvalue 14 : -0.000388835
 - 0.946082	r
 - -0.199089	CMS_EXO26004_Background_rpf_2x0_par2
 - -0.181205	CMS_EXO26004_Background_rpf_2x0_par1
 - 0.118222	CMS_EXO26004_Background_rpf_2x0_par3
 - -0.0931731	CMS_EXO26004_Background_fail_HIGH_bin_3-1
Eigenvalue 15 : -0.00472921
 - -0.609324	CMS_EXO26004_Background_rpf_2x0_par3
 - -0.570288	CMS_EXO26004_Background_rpf_2x0_par2
 - 0.47741	CMS_EXO26004_Background_rpf_2x0_par1
 - 0.269727	CMS_EXO26004_Background_rpf_2x0_par0
 - 0.0525745	r
>> Attempt 0 failed, remove the variable with largest eigenvector component...
>> Dropping CMS_EXO26004_Background_rpf_2x0_par3 from the hessian
>> Verifying eigenvalues are all positive (iteration 1)
Eigenvalue 14 : -0.00072124
 - 0.811949	r
 - -0.570423	CMS_EXO26004_Background_rpf_2x0_par2
 - -0.079825	CMS_EXO26004_Background_fail_HIGH_bin_3-1
 - 0.0661755	RNN
 - 0.0383667	CMS_EXO26004_Background_rpf_2x0_par1
>> Attempt 1 failed, remove the variable with largest eigenvector component...
>> Dropping CMS_EXO26004_Background_rpf_2x0_par2 from the hessian
>> Verifying eigenvalues are all positive (iteration 2)
Eigenvalue 13 : -8.63167e-05
 - -0.966335	r
 - 0.201682	CMS_EXO26004_Background_rpf_2x0_par1
 - 0.0953157	CMS_EXO26004_Background_fail_HIGH_bin_3-1
 - -0.0822135	CMS_EXO26004_Background_rpf_2x0_par0
 - -0.0777344	RNN
>> Attempt 2 failed, remove the variable with largest eigenvector component...
>> Dropping CMS_EXO26004_Background_rpf_2x0_par1 from the hessian
>> Verifying eigenvalues are all positive (iteration 3)
>> All eigenvalues are positive
>> Inverting Hessian...
>> Matrix inverted
>> Note: the following parameters were dropped to make the covariance matrix pos-def:
     - CMS_EXO26004_Background_rpf_2x0_par3
     - CMS_EXO26004_Background_rpf_2x0_par2
     - CMS_EXO26004_Background_rpf_2x0_par1
Fit S+B, status = 0, numBadNLL = 0, covariance quality = -1

 --- FitDiagnostics ---
Best fit r: 50  -50/+1.78989e-07  (68% CL)
Done in 0.00 min (cpu), 0.00 min (real)
27 log messages saved to combine_logger.out
