CascadeMinimizer.cc[188] : (in function: improveOnce) - Minimization configured with Type=Minuit2, Algo=Migrad, strategy=0, tolerance=0.1
CascadeMinimizer.cc[215] : (in function: improveOnce) - Minimization finished with status=0
CascadeMinimizer.cc[219] : (in function: improveOnce) - Minimization success! status=0
ToyMCSamplerOpt.cc[146] : (in function: generateAsimov) - Using internal logic for binned/unbinned Asimov dataset generation
ToyMCSamplerOpt.cc[214] : (in function: generateWithHisto) - Generating asimov with histogram for pdf pdf_binpass_LOW_obsOnly: in 2 x-bins
ToyMCSamplerOpt.cc[215] : (in function: generateWithHisto) -  , in 1 y-bins
ToyMCSamplerOpt.cc[146] : (in function: generateAsimov) - Using internal logic for binned/unbinned Asimov dataset generation
ToyMCSamplerOpt.cc[214] : (in function: generateWithHisto) - Generating asimov with histogram for pdf pdf_binpass_SIG_obsOnly: in 1 x-bins
ToyMCSamplerOpt.cc[215] : (in function: generateWithHisto) -  , in 1 y-bins
ToyMCSamplerOpt.cc[146] : (in function: generateAsimov) - Using internal logic for binned/unbinned Asimov dataset generation
ToyMCSamplerOpt.cc[214] : (in function: generateWithHisto) - Generating asimov with histogram for pdf pdf_binpass_HIGH_obsOnly: in 9 x-bins
ToyMCSamplerOpt.cc[215] : (in function: generateWithHisto) -  , in 1 y-bins
ToyMCSamplerOpt.cc[146] : (in function: generateAsimov) - Using internal logic for binned/unbinned Asimov dataset generation
ToyMCSamplerOpt.cc[214] : (in function: generateWithHisto) - Generating asimov with histogram for pdf pdf_binfail_LOW_obsOnly: in 2 x-bins
ToyMCSamplerOpt.cc[215] : (in function: generateWithHisto) -  , in 1 y-bins
ToyMCSamplerOpt.cc[146] : (in function: generateAsimov) - Using internal logic for binned/unbinned Asimov dataset generation
ToyMCSamplerOpt.cc[214] : (in function: generateWithHisto) - Generating asimov with histogram for pdf pdf_binfail_SIG_obsOnly: in 1 x-bins
ToyMCSamplerOpt.cc[215] : (in function: generateWithHisto) -  , in 1 y-bins
ToyMCSamplerOpt.cc[146] : (in function: generateAsimov) - Using internal logic for binned/unbinned Asimov dataset generation
ToyMCSamplerOpt.cc[214] : (in function: generateWithHisto) - Generating asimov with histogram for pdf pdf_binfail_HIGH_obsOnly: in 9 x-bins
ToyMCSamplerOpt.cc[215] : (in function: generateWithHisto) -  , in 1 y-bins
AsymptoticLimits.cc[428] : (in function: runLimitExpected) - Median for expected limits = 0.326172, Sigma for expected limits = 0.166417
AsymptoticLimits.cc[191] : (in function: runLimit) - NLL at global minimum of data = -836.67 (r=2.62756e-08)
AsymptoticLimits.cc[211] : (in function: runLimit) - NLL at global minimum of asimov = -834.694 (r=9.87764e-06)
AsymptoticLimits.cc[337] : (in function: getCLs) - At r = 1.200000:	q_mu = 24.82374	q_A  = 18.88058	Pmu = 0.00000	1-Pb  = 0.24703	CLs  = 0.00000
AsymptoticLimits.cc[337] : (in function: getCLs) - At r = 0.600000:	q_mu = 13.25504	q_A  = 8.52183	Pmu = 0.00010	1-Pb  = 0.20877	CLs  = 0.00046
AsymptoticLimits.cc[337] : (in function: getCLs) - At r = 0.300000:	q_mu = 6.87676	q_A  = 3.42768	Pmu = 0.00269	1-Pb  = 0.17580	CLs  = 0.01532
AsymptoticLimits.cc[337] : (in function: getCLs) - At r = 0.150000:	q_mu = 3.50897	q_A  = 1.22818	Pmu = 0.01629	1-Pb  = 0.15173	CLs  = 0.10735
AsymptoticLimits.cc[337] : (in function: getCLs) - At r = 0.227099:	q_mu = 5.25584	q_A  = 2.30093	Pmu = 0.00637	1-Pb  = 0.16503	CLs  = 0.03861
AsymptoticLimits.cc[337] : (in function: getCLs) - At r = 0.196083:	q_mu = 4.55745	q_A  = 1.85048	Pmu = 0.00925	1-Pb  = 0.15988	CLs  = 0.05788
AsymptoticLimits.cc[337] : (in function: getCLs) - At r = 0.211256:	q_mu = 4.89979	q_A  = 2.06809	Pmu = 0.00770	1-Pb  = 0.16243	CLs  = 0.04743
AsymptoticLimits.cc[337] : (in function: getCLs) - At r = 0.205009:	q_mu = 4.75898	q_A  = 1.97786	Pmu = 0.00831	1-Pb  = 0.16139	CLs  = 0.05147
AsymptoticLimits.cc[337] : (in function: getCLs) - At r = 0.208034:	q_mu = 4.82718	q_A  = 2.02139	Pmu = 0.00801	1-Pb  = 0.16189	CLs  = 0.04947
AsymptoticLimits.cc[337] : (in function: getCLs) - At r = 0.206784:	q_mu = 4.79899	q_A  = 2.00329	Pmu = 0.00813	1-Pb  = 0.16167	CLs  = 0.05029
AsymptoticLimits.cc[337] : (in function: getCLs) - At r = 0.207390:	q_mu = 4.81264	q_A  = 2.01199	Pmu = 0.00807	1-Pb  = 0.16177	CLs  = 0.04990
AsymptoticLimits.cc[337] : (in function: getCLs) - At r = 0.207140:	q_mu = 4.80702	q_A  = 2.00843	Pmu = 0.00810	1-Pb  = 0.16173	CLs  = 0.05006
AsymptoticLimits.cc[337] : (in function: getCLs) - At r = 0.207261:	q_mu = 4.80974	q_A  = 2.01010	Pmu = 0.00808	1-Pb  = 0.16174	CLs  = 0.04998
AsymptoticLimits.cc[337] : (in function: getCLs) - At r = 0.207212:	q_mu = 4.80863	q_A  = 2.00933	Pmu = 0.00809	1-Pb  = 0.16172	CLs  = 0.05001
AsymptoticLimits.cc[337] : (in function: getCLs) - At r = 0.207237:	q_mu = 4.80919	q_A  = 2.00966	Pmu = 0.00809	1-Pb  = 0.16172	CLs  = 0.05000
AsymptoticLimits.cc[337] : (in function: getCLs) - At r = 0.207228:	q_mu = 4.80899	q_A  = 2.00949	Pmu = 0.00809	1-Pb  = 0.16172	CLs  = 0.05000
AsymptoticLimits.cc[337] : (in function: getCLs) - At r = 0.207232:	q_mu = 4.80907	q_A  = 2.00951	Pmu = 0.00809	1-Pb  = 0.16171	CLs  = 0.05000
