CascadeMinimizer.cc[188] : (in function: improveOnce) - Minimization configured with Type=Minuit2, Algo=Migrad, strategy=0, tolerance=0.1
CascadeMinimizer.cc[215] : (in function: improveOnce) - Minimization finished with status=0
CascadeMinimizer.cc[219] : (in function: improveOnce) - Minimization success! status=0
ToyMCSamplerOpt.cc[146] : (in function: generateAsimov) - Using internal logic for binned/unbinned Asimov dataset generation
ToyMCSamplerOpt.cc[214] : (in function: generateWithHisto) - Generating asimov with histogram for pdf pdf_binpass_LOW_obsOnly: in 3 x-bins
ToyMCSamplerOpt.cc[215] : (in function: generateWithHisto) -  , in 1 y-bins
ToyMCSamplerOpt.cc[146] : (in function: generateAsimov) - Using internal logic for binned/unbinned Asimov dataset generation
ToyMCSamplerOpt.cc[214] : (in function: generateWithHisto) - Generating asimov with histogram for pdf pdf_binpass_SIG_obsOnly: in 1 x-bins
ToyMCSamplerOpt.cc[215] : (in function: generateWithHisto) -  , in 1 y-bins
ToyMCSamplerOpt.cc[146] : (in function: generateAsimov) - Using internal logic for binned/unbinned Asimov dataset generation
ToyMCSamplerOpt.cc[214] : (in function: generateWithHisto) - Generating asimov with histogram for pdf pdf_binpass_HIGH_obsOnly: in 3 x-bins
ToyMCSamplerOpt.cc[215] : (in function: generateWithHisto) -  , in 1 y-bins
ToyMCSamplerOpt.cc[146] : (in function: generateAsimov) - Using internal logic for binned/unbinned Asimov dataset generation
ToyMCSamplerOpt.cc[214] : (in function: generateWithHisto) - Generating asimov with histogram for pdf pdf_binfail_LOW_obsOnly: in 3 x-bins
ToyMCSamplerOpt.cc[215] : (in function: generateWithHisto) -  , in 1 y-bins
ToyMCSamplerOpt.cc[146] : (in function: generateAsimov) - Using internal logic for binned/unbinned Asimov dataset generation
ToyMCSamplerOpt.cc[214] : (in function: generateWithHisto) - Generating asimov with histogram for pdf pdf_binfail_SIG_obsOnly: in 1 x-bins
ToyMCSamplerOpt.cc[215] : (in function: generateWithHisto) -  , in 1 y-bins
ToyMCSamplerOpt.cc[146] : (in function: generateAsimov) - Using internal logic for binned/unbinned Asimov dataset generation
ToyMCSamplerOpt.cc[214] : (in function: generateWithHisto) - Generating asimov with histogram for pdf pdf_binfail_HIGH_obsOnly: in 3 x-bins
ToyMCSamplerOpt.cc[215] : (in function: generateWithHisto) -  , in 1 y-bins
AsymptoticLimits.cc[428] : (in function: runLimitExpected) - Median for expected limits = 1.23047, Sigma for expected limits = 0.627802
AsymptoticLimits.cc[191] : (in function: runLimit) - NLL at global minimum of data = -8432.5 (r=5.64375e-08)
AsymptoticLimits.cc[211] : (in function: runLimit) - NLL at global minimum of asimov = -8432.81 (r=1.87139e-06)
AsymptoticLimits.cc[337] : (in function: getCLs) - At r = 1.200000:	q_mu = 0.00000	q_A  = 3.71812	Pmu = 0.50000	1-Pb  = 0.97309	CLs  = 0.51383
AsymptoticLimits.cc[337] : (in function: getCLs) - At r = 2.400000:	q_mu = 1.80642	q_A  = 8.31034	Pmu = 0.08947	1-Pb  = 0.93807	CLs  = 0.09538
AsymptoticLimits.cc[337] : (in function: getCLs) - At r = 4.800000:	q_mu = 9.15496	q_A  = 16.23562	Pmu = 0.00124	1-Pb  = 0.84222	CLs  = 0.00147
AsymptoticLimits.cc[337] : (in function: getCLs) - At r = 2.400000:	q_mu = 1.80632	q_A  = 8.31020	Pmu = 0.08947	1-Pb  = 0.93807	CLs  = 0.09538
AsymptoticLimits.cc[337] : (in function: getCLs) - At r = 3.600000:	q_mu = 5.63067	q_A  = 12.48570	Pmu = 0.00882	1-Pb  = 0.87710	CLs  = 0.01006
AsymptoticLimits.cc[337] : (in function: getCLs) - At r = 3.000000:	q_mu = 3.75141	q_A  = 10.45493	Pmu = 0.02638	1-Pb  = 0.90261	CLs  = 0.02923
AsymptoticLimits.cc[337] : (in function: getCLs) - At r = 2.662113:	q_mu = 2.66240	q_A  = 9.26145	Pmu = 0.05137	1-Pb  = 0.92096	CLs  = 0.05578
AsymptoticLimits.cc[337] : (in function: getCLs) - At r = 2.775453:	q_mu = 3.02996	q_A  = 9.66585	Pmu = 0.04087	1-Pb  = 0.91439	CLs  = 0.04470
AsymptoticLimits.cc[337] : (in function: getCLs) - At r = 2.729562:	q_mu = 2.88133	q_A  = 9.50260	Pmu = 0.04481	1-Pb  = 0.91700	CLs  = 0.04886
AsymptoticLimits.cc[337] : (in function: getCLs) - At r = 2.706689:	q_mu = 2.80717	q_A  = 9.42095	Pmu = 0.04692	1-Pb  = 0.91833	CLs  = 0.05110
AsymptoticLimits.cc[337] : (in function: getCLs) - At r = 2.720133:	q_mu = 2.85076	q_A  = 9.46898	Pmu = 0.04567	1-Pb  = 0.91755	CLs  = 0.04977
AsymptoticLimits.cc[337] : (in function: getCLs) - At r = 2.715550:	q_mu = 2.83589	q_A  = 9.45259	Pmu = 0.04609	1-Pb  = 0.91781	CLs  = 0.05022
AsymptoticLimits.cc[337] : (in function: getCLs) - At r = 2.718239:	q_mu = 2.84461	q_A  = 9.46221	Pmu = 0.04584	1-Pb  = 0.91766	CLs  = 0.04995
AsymptoticLimits.cc[337] : (in function: getCLs) - At r = 2.717322:	q_mu = 2.84164	q_A  = 9.45892	Pmu = 0.04593	1-Pb  = 0.91771	CLs  = 0.05004
AsymptoticLimits.cc[337] : (in function: getCLs) - At r = 2.717860:	q_mu = 2.84339	q_A  = 9.46085	Pmu = 0.04588	1-Pb  = 0.91768	CLs  = 0.04999
AsymptoticLimits.cc[337] : (in function: getCLs) - At r = 2.717677:	q_mu = 2.84279	q_A  = 9.46018	Pmu = 0.04589	1-Pb  = 0.91769	CLs  = 0.05001
AsymptoticLimits.cc[337] : (in function: getCLs) - At r = 2.717784:	q_mu = 2.84314	q_A  = 9.46058	Pmu = 0.04588	1-Pb  = 0.91768	CLs  = 0.05000
AsymptoticLimits.cc[337] : (in function: getCLs) - At r = 2.717747:	q_mu = 2.84302	q_A  = 9.46044	Pmu = 0.04589	1-Pb  = 0.91768	CLs  = 0.05000
AsymptoticLimits.cc[337] : (in function: getCLs) - At r = 2.717769:	q_mu = 2.84309	q_A  = 9.46052	Pmu = 0.04588	1-Pb  = 0.91768	CLs  = 0.05000
AsymptoticLimits.cc[337] : (in function: getCLs) - At r = 2.717762:	q_mu = 2.84307	q_A  = 9.46049	Pmu = 0.04588	1-Pb  = 0.91768	CLs  = 0.05000
