CascadeMinimizer.cc[188] : (in function: improveOnce) - Minimization configured with Type=Minuit2, Algo=Migrad, strategy=0, tolerance=0.1
CascadeMinimizer.cc[215] : (in function: improveOnce) - Minimization finished with status=0
CascadeMinimizer.cc[219] : (in function: improveOnce) - Minimization success! status=0
ToyMCSamplerOpt.cc[146] : (in function: generateAsimov) - Using internal logic for binned/unbinned Asimov dataset generation
ToyMCSamplerOpt.cc[214] : (in function: generateWithHisto) - Generating asimov with histogram for pdf pdf_binpass_LOW_obsOnly: in 2 x-bins
ToyMCSamplerOpt.cc[215] : (in function: generateWithHisto) -  , in 1 y-bins
ToyMCSamplerOpt.cc[146] : (in function: generateAsimov) - Using internal logic for binned/unbinned Asimov dataset generation
ToyMCSamplerOpt.cc[214] : (in function: generateWithHisto) - Generating asimov with histogram for pdf pdf_binpass_SIG_obsOnly: in 1 x-bins
ToyMCSamplerOpt.cc[215] : (in function: generateWithHisto) -  , in 1 y-bins
ToyMCSamplerOpt.cc[146] : (in function: generateAsimov) - Using internal logic for binned/unbinned Asimov dataset generation
ToyMCSamplerOpt.cc[214] : (in function: generateWithHisto) - Generating asimov with histogram for pdf pdf_binpass_HIGH_obsOnly: in 9 x-bins
ToyMCSamplerOpt.cc[215] : (in function: generateWithHisto) -  , in 1 y-bins
ToyMCSamplerOpt.cc[146] : (in function: generateAsimov) - Using internal logic for binned/unbinned Asimov dataset generation
ToyMCSamplerOpt.cc[214] : (in function: generateWithHisto) - Generating asimov with histogram for pdf pdf_binfail_LOW_obsOnly: in 2 x-bins
ToyMCSamplerOpt.cc[215] : (in function: generateWithHisto) -  , in 1 y-bins
ToyMCSamplerOpt.cc[146] : (in function: generateAsimov) - Using internal logic for binned/unbinned Asimov dataset generation
ToyMCSamplerOpt.cc[214] : (in function: generateWithHisto) - Generating asimov with histogram for pdf pdf_binfail_SIG_obsOnly: in 1 x-bins
ToyMCSamplerOpt.cc[215] : (in function: generateWithHisto) -  , in 1 y-bins
ToyMCSamplerOpt.cc[146] : (in function: generateAsimov) - Using internal logic for binned/unbinned Asimov dataset generation
ToyMCSamplerOpt.cc[214] : (in function: generateWithHisto) - Generating asimov with histogram for pdf pdf_binfail_HIGH_obsOnly: in 9 x-bins
ToyMCSamplerOpt.cc[215] : (in function: generateWithHisto) -  , in 1 y-bins
AsymptoticLimits.cc[428] : (in function: runLimitExpected) - Median for expected limits = 0.953125, Sigma for expected limits = 0.486297
AsymptoticLimits.cc[191] : (in function: runLimit) - NLL at global minimum of data = -24.489 (r=7.85539e-07)
AsymptoticLimits.cc[211] : (in function: runLimit) - NLL at global minimum of asimov = -23.8567 (r=1.89053e-07)
AsymptoticLimits.cc[337] : (in function: getCLs) - At r = 1.200001:	q_mu = 5.83082	q_A  = 4.87300	Pmu = 0.00767	1-Pb  = 0.41413	CLs  = 0.01851
AsymptoticLimits.cc[337] : (in function: getCLs) - At r = 0.600001:	q_mu = 3.02974	q_A  = 2.32500	Pmu = 0.03955	1-Pb  = 0.40862	CLs  = 0.09680
AsymptoticLimits.cc[337] : (in function: getCLs) - At r = 0.911686:	q_mu = 4.50965	q_A  = 3.65719	Pmu = 0.01637	1-Pb  = 0.41181	CLs  = 0.03975
AsymptoticLimits.cc[337] : (in function: getCLs) - At r = 0.785080:	q_mu = 3.91537	q_A  = 3.11804	Pmu = 0.02321	1-Pb  = 0.41069	CLs  = 0.05651
AsymptoticLimits.cc[337] : (in function: getCLs) - At r = 0.845650:	q_mu = 4.20106	q_A  = 3.37662	Pmu = 0.01961	1-Pb  = 0.41125	CLs  = 0.04768
AsymptoticLimits.cc[337] : (in function: getCLs) - At r = 0.819999:	q_mu = 4.08065	q_A  = 3.26756	Pmu = 0.02105	1-Pb  = 0.41103	CLs  = 0.05121
AsymptoticLimits.cc[337] : (in function: getCLs) - At r = 0.832009:	q_mu = 4.13746	q_A  = 3.31909	Pmu = 0.02036	1-Pb  = 0.41115	CLs  = 0.04951
AsymptoticLimits.cc[337] : (in function: getCLs) - At r = 0.826815:	q_mu = 4.11331	q_A  = 3.29728	Pmu = 0.02065	1-Pb  = 0.41111	CLs  = 0.05023
AsymptoticLimits.cc[337] : (in function: getCLs) - At r = 0.829163:	q_mu = 4.12467	q_A  = 3.30763	Pmu = 0.02051	1-Pb  = 0.41114	CLs  = 0.04989
AsymptoticLimits.cc[337] : (in function: getCLs) - At r = 0.828070:	q_mu = 4.11983	q_A  = 3.30331	Pmu = 0.02057	1-Pb  = 0.41113	CLs  = 0.05003
AsymptoticLimits.cc[337] : (in function: getCLs) - At r = 0.828477:	q_mu = 4.12206	q_A  = 3.30539	Pmu = 0.02054	1-Pb  = 0.41115	CLs  = 0.04996
AsymptoticLimits.cc[337] : (in function: getCLs) - At r = 0.828302:	q_mu = 4.12154	q_A  = 3.30498	Pmu = 0.02055	1-Pb  = 0.41115	CLs  = 0.04998
AsymptoticLimits.cc[337] : (in function: getCLs) - At r = 0.828180:	q_mu = 4.12127	q_A  = 3.30480	Pmu = 0.02055	1-Pb  = 0.41116	CLs  = 0.04999
AsymptoticLimits.cc[337] : (in function: getCLs) - At r = 0.828131:	q_mu = 4.12133	q_A  = 3.30493	Pmu = 0.02055	1-Pb  = 0.41117	CLs  = 0.04998
AsymptoticLimits.cc[337] : (in function: getCLs) - At r = 0.828102:	q_mu = 4.12148	q_A  = 3.30513	Pmu = 0.02055	1-Pb  = 0.41118	CLs  = 0.04998
AsymptoticLimits.cc[337] : (in function: getCLs) - At r = 0.828085:	q_mu = 4.12168	q_A  = 3.30538	Pmu = 0.02055	1-Pb  = 0.41119	CLs  = 0.04997
AsymptoticLimits.cc[337] : (in function: getCLs) - At r = 0.828076:	q_mu = 4.12190	q_A  = 3.30566	Pmu = 0.02055	1-Pb  = 0.41120	CLs  = 0.04996
AsymptoticLimits.cc[337] : (in function: getCLs) - At r = 0.828074:	q_mu = 4.12214	q_A  = 3.30595	Pmu = 0.02054	1-Pb  = 0.41120	CLs  = 0.04996
