CascadeMinimizer.cc[188] : (in function: improveOnce) - Minimization configured with Type=Minuit2, Algo=Migrad, strategy=0, tolerance=0.1
CascadeMinimizer.cc[215] : (in function: improveOnce) - Minimization finished with status=0
CascadeMinimizer.cc[219] : (in function: improveOnce) - Minimization success! status=0
ToyMCSamplerOpt.cc[146] : (in function: generateAsimov) - Using internal logic for binned/unbinned Asimov dataset generation
ToyMCSamplerOpt.cc[214] : (in function: generateWithHisto) - Generating asimov with histogram for pdf pdf_binpass_LOW_obsOnly: in 3 x-bins
ToyMCSamplerOpt.cc[215] : (in function: generateWithHisto) -  , in 1 y-bins
ToyMCSamplerOpt.cc[146] : (in function: generateAsimov) - Using internal logic for binned/unbinned Asimov dataset generation
ToyMCSamplerOpt.cc[214] : (in function: generateWithHisto) - Generating asimov with histogram for pdf pdf_binpass_SIG_obsOnly: in 1 x-bins
ToyMCSamplerOpt.cc[215] : (in function: generateWithHisto) -  , in 1 y-bins
ToyMCSamplerOpt.cc[146] : (in function: generateAsimov) - Using internal logic for binned/unbinned Asimov dataset generation
ToyMCSamplerOpt.cc[214] : (in function: generateWithHisto) - Generating asimov with histogram for pdf pdf_binpass_HIGH_obsOnly: in 3 x-bins
ToyMCSamplerOpt.cc[215] : (in function: generateWithHisto) -  , in 1 y-bins
ToyMCSamplerOpt.cc[146] : (in function: generateAsimov) - Using internal logic for binned/unbinned Asimov dataset generation
ToyMCSamplerOpt.cc[214] : (in function: generateWithHisto) - Generating asimov with histogram for pdf pdf_binfail_LOW_obsOnly: in 3 x-bins
ToyMCSamplerOpt.cc[215] : (in function: generateWithHisto) -  , in 1 y-bins
ToyMCSamplerOpt.cc[146] : (in function: generateAsimov) - Using internal logic for binned/unbinned Asimov dataset generation
ToyMCSamplerOpt.cc[214] : (in function: generateWithHisto) - Generating asimov with histogram for pdf pdf_binfail_SIG_obsOnly: in 1 x-bins
ToyMCSamplerOpt.cc[215] : (in function: generateWithHisto) -  , in 1 y-bins
ToyMCSamplerOpt.cc[146] : (in function: generateAsimov) - Using internal logic for binned/unbinned Asimov dataset generation
ToyMCSamplerOpt.cc[214] : (in function: generateWithHisto) - Generating asimov with histogram for pdf pdf_binfail_HIGH_obsOnly: in 3 x-bins
ToyMCSamplerOpt.cc[215] : (in function: generateWithHisto) -  , in 1 y-bins
AsymptoticLimits.cc[428] : (in function: runLimitExpected) - Median for expected limits = 2.42188, Sigma for expected limits = 1.23567
AsymptoticLimits.cc[191] : (in function: runLimit) - NLL at global minimum of data = -8388.92 (r=2.46798e-08)
AsymptoticLimits.cc[211] : (in function: runLimit) - NLL at global minimum of asimov = -8388.14 (r=1.68135e-07)
AsymptoticLimits.cc[337] : (in function: getCLs) - At r = 1.200000:	q_mu = 3.16926	q_A  = 1.90180	Pmu = 0.03299	1-Pb  = 0.32292	CLs  = 0.10215
AsymptoticLimits.cc[337] : (in function: getCLs) - At r = 2.400000:	q_mu = 5.40130	q_A  = 3.80350	Pmu = 0.00914	1-Pb  = 0.34104	CLs  = 0.02680
AsymptoticLimits.cc[337] : (in function: getCLs) - At r = 1.200000:	q_mu = 3.16930	q_A  = 1.90185	Pmu = 0.03299	1-Pb  = 0.32293	CLs  = 0.10215
AsymptoticLimits.cc[337] : (in function: getCLs) - At r = 1.712582:	q_mu = 4.19427	q_A  = 2.75564	Pmu = 0.01816	1-Pb  = 0.33239	CLs  = 0.05463
AsymptoticLimits.cc[337] : (in function: getCLs) - At r = 1.918500:	q_mu = 4.57336	q_A  = 3.08076	Pmu = 0.01461	1-Pb  = 0.33535	CLs  = 0.04358
AsymptoticLimits.cc[337] : (in function: getCLs) - At r = 1.818341:	q_mu = 4.39109	q_A  = 2.92386	Pmu = 0.01622	1-Pb  = 0.33395	CLs  = 0.04857
AsymptoticLimits.cc[337] : (in function: getCLs) - At r = 1.776301:	q_mu = 4.31336	q_A  = 2.85731	Pmu = 0.01696	1-Pb  = 0.33335	CLs  = 0.05087
AsymptoticLimits.cc[337] : (in function: getCLs) - At r = 1.797277:	q_mu = 4.35219	q_A  = 2.89063	Pmu = 0.01659	1-Pb  = 0.33366	CLs  = 0.04971
AsymptoticLimits.cc[337] : (in function: getCLs) - At r = 1.788835:	q_mu = 4.33665	q_A  = 2.87720	Pmu = 0.01673	1-Pb  = 0.33352	CLs  = 0.05017
AsymptoticLimits.cc[337] : (in function: getCLs) - At r = 1.793015:	q_mu = 4.34433	q_A  = 2.88381	Pmu = 0.01666	1-Pb  = 0.33359	CLs  = 0.04994
AsymptoticLimits.cc[337] : (in function: getCLs) - At r = 1.791336:	q_mu = 4.34121	q_A  = 2.88115	Pmu = 0.01669	1-Pb  = 0.33357	CLs  = 0.05004
AsymptoticLimits.cc[337] : (in function: getCLs) - At r = 1.792178:	q_mu = 4.34276	q_A  = 2.88255	Pmu = 0.01668	1-Pb  = 0.33359	CLs  = 0.04999
AsymptoticLimits.cc[337] : (in function: getCLs) - At r = 1.791837:	q_mu = 4.34220	q_A  = 2.88196	Pmu = 0.01668	1-Pb  = 0.33357	CLs  = 0.05001
AsymptoticLimits.cc[337] : (in function: getCLs) - At r = 1.791995:	q_mu = 4.34244	q_A  = 2.88219	Pmu = 0.01668	1-Pb  = 0.33357	CLs  = 0.05000
AsymptoticLimits.cc[337] : (in function: getCLs) - At r = 1.791937:	q_mu = 4.34232	q_A  = 2.88210	Pmu = 0.01668	1-Pb  = 0.33357	CLs  = 0.05000
AsymptoticLimits.cc[337] : (in function: getCLs) - At r = 1.791962:	q_mu = 4.34236	q_A  = 2.88214	Pmu = 0.01668	1-Pb  = 0.33357	CLs  = 0.05000
AsymptoticLimits.cc[337] : (in function: getCLs) - At r = 1.791976:	q_mu = 4.34246	q_A  = 2.88219	Pmu = 0.01668	1-Pb  = 0.33357	CLs  = 0.05000
AsymptoticLimits.cc[337] : (in function: getCLs) - At r = 1.791967:	q_mu = 4.34239	q_A  = 2.88215	Pmu = 0.01668	1-Pb  = 0.33357	CLs  = 0.05000
