CascadeMinimizer.cc[188] : (in function: improveOnce) - Minimization configured with Type=Minuit2, Algo=Migrad, strategy=0, tolerance=0.1
CascadeMinimizer.cc[215] : (in function: improveOnce) - Minimization finished with status=0
CascadeMinimizer.cc[219] : (in function: improveOnce) - Minimization success! status=0
ToyMCSamplerOpt.cc[146] : (in function: generateAsimov) - Using internal logic for binned/unbinned Asimov dataset generation
ToyMCSamplerOpt.cc[214] : (in function: generateWithHisto) - Generating asimov with histogram for pdf pdf_binpass_LOW_obsOnly: in 3 x-bins
ToyMCSamplerOpt.cc[215] : (in function: generateWithHisto) -  , in 1 y-bins
ToyMCSamplerOpt.cc[146] : (in function: generateAsimov) - Using internal logic for binned/unbinned Asimov dataset generation
ToyMCSamplerOpt.cc[214] : (in function: generateWithHisto) - Generating asimov with histogram for pdf pdf_binpass_SIG_obsOnly: in 1 x-bins
ToyMCSamplerOpt.cc[215] : (in function: generateWithHisto) -  , in 1 y-bins
ToyMCSamplerOpt.cc[146] : (in function: generateAsimov) - Using internal logic for binned/unbinned Asimov dataset generation
ToyMCSamplerOpt.cc[214] : (in function: generateWithHisto) - Generating asimov with histogram for pdf pdf_binpass_HIGH_obsOnly: in 3 x-bins
ToyMCSamplerOpt.cc[215] : (in function: generateWithHisto) -  , in 1 y-bins
ToyMCSamplerOpt.cc[146] : (in function: generateAsimov) - Using internal logic for binned/unbinned Asimov dataset generation
ToyMCSamplerOpt.cc[214] : (in function: generateWithHisto) - Generating asimov with histogram for pdf pdf_binfail_LOW_obsOnly: in 3 x-bins
ToyMCSamplerOpt.cc[215] : (in function: generateWithHisto) -  , in 1 y-bins
ToyMCSamplerOpt.cc[146] : (in function: generateAsimov) - Using internal logic for binned/unbinned Asimov dataset generation
ToyMCSamplerOpt.cc[214] : (in function: generateWithHisto) - Generating asimov with histogram for pdf pdf_binfail_SIG_obsOnly: in 1 x-bins
ToyMCSamplerOpt.cc[215] : (in function: generateWithHisto) -  , in 1 y-bins
ToyMCSamplerOpt.cc[146] : (in function: generateAsimov) - Using internal logic for binned/unbinned Asimov dataset generation
ToyMCSamplerOpt.cc[214] : (in function: generateWithHisto) - Generating asimov with histogram for pdf pdf_binfail_HIGH_obsOnly: in 3 x-bins
ToyMCSamplerOpt.cc[215] : (in function: generateWithHisto) -  , in 1 y-bins
AsymptoticLimits.cc[428] : (in function: runLimitExpected) - Median for expected limits = 0.275391, Sigma for expected limits = 0.140508
AsymptoticLimits.cc[191] : (in function: runLimit) - NLL at global minimum of data = -701.689 (r=1.73029e-08)
AsymptoticLimits.cc[211] : (in function: runLimit) - NLL at global minimum of asimov = -701.728 (r=5.26266e-06)
AsymptoticLimits.cc[337] : (in function: getCLs) - At r = 1.200000:	q_mu = 15.01139	q_A  = 12.40964	Pmu = 0.00005	1-Pb  = 0.35596	CLs  = 0.00014
AsymptoticLimits.cc[337] : (in function: getCLs) - At r = 0.600000:	q_mu = 8.89077	q_A  = 7.09858	Pmu = 0.00135	1-Pb  = 0.36831	CLs  = 0.00366
AsymptoticLimits.cc[337] : (in function: getCLs) - At r = 0.300000:	q_mu = 5.03685	q_A  = 4.11225	Pmu = 0.01204	1-Pb  = 0.40983	CLs  = 0.02938
AsymptoticLimits.cc[337] : (in function: getCLs) - At r = 0.150000:	q_mu = 2.76892	q_A  = 2.36409	Pmu = 0.04754	1-Pb  = 0.44763	CLs  = 0.10620
AsymptoticLimits.cc[337] : (in function: getCLs) - At r = 0.220344:	q_mu = 3.86953	q_A  = 3.22120	Pmu = 0.02411	1-Pb  = 0.42833	CLs  = 0.05629
AsymptoticLimits.cc[337] : (in function: getCLs) - At r = 0.247891:	q_mu = 4.28192	q_A  = 3.53722	Pmu = 0.01882	1-Pb  = 0.42153	CLs  = 0.04465
AsymptoticLimits.cc[337] : (in function: getCLs) - At r = 0.231618:	q_mu = 4.03947	q_A  = 3.35208	Pmu = 0.02176	1-Pb  = 0.42555	CLs  = 0.05115
AsymptoticLimits.cc[337] : (in function: getCLs) - At r = 0.237044:	q_mu = 4.12067	q_A  = 3.41394	Pmu = 0.02073	1-Pb  = 0.42417	CLs  = 0.04887
AsymptoticLimits.cc[337] : (in function: getCLs) - At r = 0.234862:	q_mu = 4.08807	q_A  = 3.38903	Pmu = 0.02114	1-Pb  = 0.42471	CLs  = 0.04977
AsymptoticLimits.cc[337] : (in function: getCLs) - At r = 0.233775:	q_mu = 4.07180	q_A  = 3.37660	Pmu = 0.02135	1-Pb  = 0.42498	CLs  = 0.05023
AsymptoticLimits.cc[337] : (in function: getCLs) - At r = 0.234424:	q_mu = 4.08151	q_A  = 3.38399	Pmu = 0.02122	1-Pb  = 0.42482	CLs  = 0.04995
AsymptoticLimits.cc[337] : (in function: getCLs) - At r = 0.234207:	q_mu = 4.07827	q_A  = 3.38150	Pmu = 0.02126	1-Pb  = 0.42487	CLs  = 0.05005
AsymptoticLimits.cc[337] : (in function: getCLs) - At r = 0.234337:	q_mu = 4.08022	q_A  = 3.38297	Pmu = 0.02124	1-Pb  = 0.42483	CLs  = 0.04999
AsymptoticLimits.cc[337] : (in function: getCLs) - At r = 0.234294:	q_mu = 4.07957	q_A  = 3.38247	Pmu = 0.02125	1-Pb  = 0.42484	CLs  = 0.05001
AsymptoticLimits.cc[337] : (in function: getCLs) - At r = 0.234312:	q_mu = 4.07984	q_A  = 3.38266	Pmu = 0.02124	1-Pb  = 0.42484	CLs  = 0.05000
AsymptoticLimits.cc[337] : (in function: getCLs) - At r = 0.234321:	q_mu = 4.07997	q_A  = 3.38275	Pmu = 0.02124	1-Pb  = 0.42483	CLs  = 0.05000
AsymptoticLimits.cc[337] : (in function: getCLs) - At r = 0.234316:	q_mu = 4.07989	q_A  = 3.38268	Pmu = 0.02124	1-Pb  = 0.42483	CLs  = 0.05000
