CascadeMinimizer.cc[188] : (in function: improveOnce) - Minimization configured with Type=Minuit2, Algo=Migrad, strategy=0, tolerance=0.1
CascadeMinimizer.cc[215] : (in function: improveOnce) - Minimization finished with status=0
CascadeMinimizer.cc[219] : (in function: improveOnce) - Minimization success! status=0
ToyMCSamplerOpt.cc[146] : (in function: generateAsimov) - Using internal logic for binned/unbinned Asimov dataset generation
ToyMCSamplerOpt.cc[214] : (in function: generateWithHisto) - Generating asimov with histogram for pdf pdf_binpass_LOW_obsOnly: in 3 x-bins
ToyMCSamplerOpt.cc[215] : (in function: generateWithHisto) -  , in 1 y-bins
ToyMCSamplerOpt.cc[146] : (in function: generateAsimov) - Using internal logic for binned/unbinned Asimov dataset generation
ToyMCSamplerOpt.cc[214] : (in function: generateWithHisto) - Generating asimov with histogram for pdf pdf_binpass_SIG_obsOnly: in 1 x-bins
ToyMCSamplerOpt.cc[215] : (in function: generateWithHisto) -  , in 1 y-bins
ToyMCSamplerOpt.cc[146] : (in function: generateAsimov) - Using internal logic for binned/unbinned Asimov dataset generation
ToyMCSamplerOpt.cc[214] : (in function: generateWithHisto) - Generating asimov with histogram for pdf pdf_binpass_HIGH_obsOnly: in 5 x-bins
ToyMCSamplerOpt.cc[215] : (in function: generateWithHisto) -  , in 1 y-bins
ToyMCSamplerOpt.cc[146] : (in function: generateAsimov) - Using internal logic for binned/unbinned Asimov dataset generation
ToyMCSamplerOpt.cc[214] : (in function: generateWithHisto) - Generating asimov with histogram for pdf pdf_binfail_LOW_obsOnly: in 3 x-bins
ToyMCSamplerOpt.cc[215] : (in function: generateWithHisto) -  , in 1 y-bins
ToyMCSamplerOpt.cc[146] : (in function: generateAsimov) - Using internal logic for binned/unbinned Asimov dataset generation
ToyMCSamplerOpt.cc[214] : (in function: generateWithHisto) - Generating asimov with histogram for pdf pdf_binfail_SIG_obsOnly: in 1 x-bins
ToyMCSamplerOpt.cc[215] : (in function: generateWithHisto) -  , in 1 y-bins
ToyMCSamplerOpt.cc[146] : (in function: generateAsimov) - Using internal logic for binned/unbinned Asimov dataset generation
ToyMCSamplerOpt.cc[214] : (in function: generateWithHisto) - Generating asimov with histogram for pdf pdf_binfail_HIGH_obsOnly: in 5 x-bins
ToyMCSamplerOpt.cc[215] : (in function: generateWithHisto) -  , in 1 y-bins
AsymptoticLimits.cc[428] : (in function: runLimitExpected) - Median for expected limits = 1.35156, Sigma for expected limits = 0.689585
AsymptoticLimits.cc[191] : (in function: runLimit) - NLL at global minimum of data = -60.8956 (r=1.04969e-05)
AsymptoticLimits.cc[211] : (in function: runLimit) - NLL at global minimum of asimov = -59.9297 (r=3.91932e-06)
AsymptoticLimits.cc[337] : (in function: getCLs) - At r = 1.200010:	q_mu = 6.43272	q_A  = 3.07476	Pmu = 0.00335	1-Pb  = 0.16916	CLs  = 0.01983
AsymptoticLimits.cc[337] : (in function: getCLs) - At r = 0.600010:	q_mu = 2.53971	q_A  = 0.82665	Pmu = 0.03207	1-Pb  = 0.17308	CLs  = 0.18526
AsymptoticLimits.cc[337] : (in function: getCLs) - At r = 0.900010:	q_mu = 4.35842	q_A  = 1.78331	Pmu = 0.01074	1-Pb  = 0.16748	CLs  = 0.06410
AsymptoticLimits.cc[337] : (in function: getCLs) - At r = 1.010833:	q_mu = 5.09726	q_A  = 2.23018	Pmu = 0.00708	1-Pb  = 0.16854	CLs  = 0.04199
AsymptoticLimits.cc[337] : (in function: getCLs) - At r = 0.952085:	q_mu = 4.70769	q_A  = 1.98648	Pmu = 0.00878	1-Pb  = 0.16718	CLs  = 0.05251
AsymptoticLimits.cc[337] : (in function: getCLs) - At r = 0.974148:	q_mu = 4.84852	q_A  = 2.07742	Pmu = 0.00814	1-Pb  = 0.16820	CLs  = 0.04839
AsymptoticLimits.cc[337] : (in function: getCLs) - At r = 0.962668:	q_mu = 4.77153	q_A  = 2.02952	Pmu = 0.00849	1-Pb  = 0.16793	CLs  = 0.05058
AsymptoticLimits.cc[337] : (in function: getCLs) - At r = 0.967349:	q_mu = 4.80290	q_A  = 2.04890	Pmu = 0.00835	1-Pb  = 0.16803	CLs  = 0.04967
AsymptoticLimits.cc[337] : (in function: getCLs) - At r = 0.965056:	q_mu = 4.78752	q_A  = 2.03938	Pmu = 0.00842	1-Pb  = 0.16798	CLs  = 0.05012
AsymptoticLimits.cc[337] : (in function: getCLs) - At r = 0.965994:	q_mu = 4.79381	q_A  = 2.04327	Pmu = 0.00839	1-Pb  = 0.16800	CLs  = 0.04993
AsymptoticLimits.cc[337] : (in function: getCLs) - At r = 0.965536:	q_mu = 4.79073	q_A  = 2.04137	Pmu = 0.00840	1-Pb  = 0.16799	CLs  = 0.05002
AsymptoticLimits.cc[337] : (in function: getCLs) - At r = 0.965724:	q_mu = 4.79199	q_A  = 2.04215	Pmu = 0.00840	1-Pb  = 0.16799	CLs  = 0.04999
AsymptoticLimits.cc[337] : (in function: getCLs) - At r = 0.965632:	q_mu = 4.79138	q_A  = 2.04177	Pmu = 0.00840	1-Pb  = 0.16799	CLs  = 0.05000
AsymptoticLimits.cc[337] : (in function: getCLs) - At r = 0.965670:	q_mu = 4.79163	q_A  = 2.04192	Pmu = 0.00840	1-Pb  = 0.16799	CLs  = 0.05000
AsymptoticLimits.cc[337] : (in function: getCLs) - At r = 0.965652:	q_mu = 4.79151	q_A  = 2.04185	Pmu = 0.00840	1-Pb  = 0.16799	CLs  = 0.05000
AsymptoticLimits.cc[337] : (in function: getCLs) - At r = 0.965659:	q_mu = 4.79156	q_A  = 2.04188	Pmu = 0.00840	1-Pb  = 0.16799	CLs  = 0.05000
AsymptoticLimits.cc[337] : (in function: getCLs) - At r = 0.965655:	q_mu = 4.79153	q_A  = 2.04186	Pmu = 0.00840	1-Pb  = 0.16799	CLs  = 0.05000
