CascadeMinimizer.cc[188] : (in function: improveOnce) - Minimization configured with Type=Minuit2, Algo=Migrad, strategy=0, tolerance=0.1
CascadeMinimizer.cc[215] : (in function: improveOnce) - Minimization finished with status=0
CascadeMinimizer.cc[219] : (in function: improveOnce) - Minimization success! status=0
ToyMCSamplerOpt.cc[146] : (in function: generateAsimov) - Using internal logic for binned/unbinned Asimov dataset generation
ToyMCSamplerOpt.cc[214] : (in function: generateWithHisto) - Generating asimov with histogram for pdf pdf_binpass_LOW_obsOnly: in 2 x-bins
ToyMCSamplerOpt.cc[215] : (in function: generateWithHisto) -  , in 1 y-bins
ToyMCSamplerOpt.cc[146] : (in function: generateAsimov) - Using internal logic for binned/unbinned Asimov dataset generation
ToyMCSamplerOpt.cc[214] : (in function: generateWithHisto) - Generating asimov with histogram for pdf pdf_binpass_SIG_obsOnly: in 1 x-bins
ToyMCSamplerOpt.cc[215] : (in function: generateWithHisto) -  , in 1 y-bins
ToyMCSamplerOpt.cc[146] : (in function: generateAsimov) - Using internal logic for binned/unbinned Asimov dataset generation
ToyMCSamplerOpt.cc[214] : (in function: generateWithHisto) - Generating asimov with histogram for pdf pdf_binpass_HIGH_obsOnly: in 9 x-bins
ToyMCSamplerOpt.cc[215] : (in function: generateWithHisto) -  , in 1 y-bins
ToyMCSamplerOpt.cc[146] : (in function: generateAsimov) - Using internal logic for binned/unbinned Asimov dataset generation
ToyMCSamplerOpt.cc[214] : (in function: generateWithHisto) - Generating asimov with histogram for pdf pdf_binfail_LOW_obsOnly: in 2 x-bins
ToyMCSamplerOpt.cc[215] : (in function: generateWithHisto) -  , in 1 y-bins
ToyMCSamplerOpt.cc[146] : (in function: generateAsimov) - Using internal logic for binned/unbinned Asimov dataset generation
ToyMCSamplerOpt.cc[214] : (in function: generateWithHisto) - Generating asimov with histogram for pdf pdf_binfail_SIG_obsOnly: in 1 x-bins
ToyMCSamplerOpt.cc[215] : (in function: generateWithHisto) -  , in 1 y-bins
ToyMCSamplerOpt.cc[146] : (in function: generateAsimov) - Using internal logic for binned/unbinned Asimov dataset generation
ToyMCSamplerOpt.cc[214] : (in function: generateWithHisto) - Generating asimov with histogram for pdf pdf_binfail_HIGH_obsOnly: in 9 x-bins
ToyMCSamplerOpt.cc[215] : (in function: generateWithHisto) -  , in 1 y-bins
AsymptoticLimits.cc[428] : (in function: runLimitExpected) - Median for expected limits = 0.691406, Sigma for expected limits = 0.352765
AsymptoticLimits.cc[191] : (in function: runLimit) - NLL at global minimum of data = -553.246 (r=4.97614e-08)
AsymptoticLimits.cc[211] : (in function: runLimit) - NLL at global minimum of asimov = -552.168 (r=6.27011e-06)
AsymptoticLimits.cc[337] : (in function: getCLs) - At r = 1.200000:	q_mu = 10.15045	q_A  = 7.17307	Pmu = 0.00061	1-Pb  = 0.28916	CLs  = 0.00211
AsymptoticLimits.cc[337] : (in function: getCLs) - At r = 0.600000:	q_mu = 5.38993	q_A  = 3.24274	Pmu = 0.00827	1-Pb  = 0.27552	CLs  = 0.03000
AsymptoticLimits.cc[337] : (in function: getCLs) - At r = 0.300000:	q_mu = 2.79050	q_A  = 1.34371	Pmu = 0.03727	1-Pb  = 0.26630	CLs  = 0.13997
AsymptoticLimits.cc[337] : (in function: getCLs) - At r = 0.460408:	q_mu = 4.20067	q_A  = 2.33943	Pmu = 0.01626	1-Pb  = 0.27145	CLs  = 0.05990
AsymptoticLimits.cc[337] : (in function: getCLs) - At r = 0.517506:	q_mu = 4.69119	q_A  = 2.70579	Pmu = 0.01227	1-Pb  = 0.27309	CLs  = 0.04495
AsymptoticLimits.cc[337] : (in function: getCLs) - At r = 0.489143:	q_mu = 4.44819	q_A  = 2.52313	Pmu = 0.01410	1-Pb  = 0.27227	CLs  = 0.05180
AsymptoticLimits.cc[337] : (in function: getCLs) - At r = 0.500470:	q_mu = 4.54541	q_A  = 2.59569	Pmu = 0.01334	1-Pb  = 0.27256	CLs  = 0.04894
AsymptoticLimits.cc[337] : (in function: getCLs) - At r = 0.494783:	q_mu = 4.49663	q_A  = 2.55869	Pmu = 0.01371	1-Pb  = 0.27234	CLs  = 0.05036
AsymptoticLimits.cc[337] : (in function: getCLs) - At r = 0.497059:	q_mu = 4.51616	q_A  = 2.57326	Pmu = 0.01356	1-Pb  = 0.27239	CLs  = 0.04979
AsymptoticLimits.cc[337] : (in function: getCLs) - At r = 0.495927:	q_mu = 4.50644	q_A  = 2.56595	Pmu = 0.01364	1-Pb  = 0.27236	CLs  = 0.05007
AsymptoticLimits.cc[337] : (in function: getCLs) - At r = 0.496383:	q_mu = 4.51036	q_A  = 2.56853	Pmu = 0.01361	1-Pb  = 0.27232	CLs  = 0.04996
AsymptoticLimits.cc[337] : (in function: getCLs) - At r = 0.496165:	q_mu = 4.50857	q_A  = 2.56710	Pmu = 0.01362	1-Pb  = 0.27230	CLs  = 0.05002
AsymptoticLimits.cc[337] : (in function: getCLs) - At r = 0.496258:	q_mu = 4.50935	q_A  = 2.56768	Pmu = 0.01361	1-Pb  = 0.27230	CLs  = 0.04999
AsymptoticLimits.cc[337] : (in function: getCLs) - At r = 0.496214:	q_mu = 4.50897	q_A  = 2.56732	Pmu = 0.01362	1-Pb  = 0.27229	CLs  = 0.05000
AsymptoticLimits.cc[337] : (in function: getCLs) - At r = 0.496235:	q_mu = 4.50927	q_A  = 2.56742	Pmu = 0.01361	1-Pb  = 0.27227	CLs  = 0.05000
AsymptoticLimits.cc[337] : (in function: getCLs) - At r = 0.496223:	q_mu = 4.50916	q_A  = 2.56732	Pmu = 0.01361	1-Pb  = 0.27227	CLs  = 0.05000
AsymptoticLimits.cc[337] : (in function: getCLs) - At r = 0.496226:	q_mu = 4.50934	q_A  = 2.56733	Pmu = 0.01361	1-Pb  = 0.27225	CLs  = 0.05000
AsymptoticLimits.cc[337] : (in function: getCLs) - At r = 0.496224:	q_mu = 4.50931	q_A  = 2.56730	Pmu = 0.01361	1-Pb  = 0.27225	CLs  = 0.05000
