 <<< Combine >>> 
 <<< v10.0.1 >>>
>>> Random number generator seed is 123456
>>> Method used is FitDiagnostics
Set Default Value of Parameter mask_pass_SIG To : 1
Set Default Value of Parameter mask_pass_HIGH To : 1
Set Default Value of Parameter r To : 1
>>> 2 out of 6 channels masked

>> Found 17 floating parameters
>> The following parameters are protected in the event of negative eigenvalues:
>> Verifying eigenvalues are all positive (iteration 0)
Eigenvalue 16 : -0.00417432
 - -0.606677	CMS_EXO26004_Background_rpf_2x0_par2
 - -0.561151	CMS_EXO26004_Background_rpf_2x0_par3
 - 0.442379	CMS_EXO26004_Background_rpf_2x0_par1
 - 0.348357	CMS_EXO26004_Background_rpf_2x0_par0
 - -0.000509771	CMS_EXO26004_Background_fail_LOW_bin_2-1
>> Attempt 0 failed, remove the variable with largest eigenvector component...
>> Dropping CMS_EXO26004_Background_rpf_2x0_par2 from the hessian
>> Verifying eigenvalues are all positive (iteration 1)
Eigenvalue 15 : -0.000494978
 - -0.765367	CMS_EXO26004_Background_rpf_2x0_par3
 - 0.602338	CMS_EXO26004_Background_rpf_2x0_par0
 - 0.22672	CMS_EXO26004_Background_rpf_2x0_par1
 - -0.000196584	CMS_EXO26004_Background_fail_LOW_bin_3-1
 - 0.000114717	CMS_EXO26004_Background_fail_LOW_bin_1-1
>> Attempt 1 failed, remove the variable with largest eigenvector component...
>> Dropping CMS_EXO26004_Background_rpf_2x0_par3 from the hessian
>> Verifying eigenvalues are all positive (iteration 2)
>> All eigenvalues are positive
>> Inverting Hessian...
>> Matrix inverted
>> Note: the following parameters were dropped to make the covariance matrix pos-def:
     - CMS_EXO26004_Background_rpf_2x0_par2
     - CMS_EXO26004_Background_rpf_2x0_par3
 Fit B-only, status = 0, numBadNLL = 0, covariance quality = -1
Running Minos for POI r
>> Found 18 floating parameters
>> The following parameters are protected in the event of negative eigenvalues: r
>> Verifying eigenvalues are all positive (iteration 0)
Eigenvalue 16 : -0.00131773
 - 0.717008	r
 - -0.69426	CMS_EXO26004_Background_fail_HIGH_bin_5-1
 - -0.0369085	CMS_EXO26004_Background_fail_HIGH_bin_4-1
 - -0.0269288	CMS_EXO26004_Background_rpf_2x0_par3
 - -0.0220778	CMS_EXO26004_Background_rpf_2x0_par2
Eigenvalue 17 : -0.00428341
 - 0.598639	CMS_EXO26004_Background_rpf_2x0_par2
 - 0.563389	CMS_EXO26004_Background_rpf_2x0_par3
 - -0.444928	CMS_EXO26004_Background_rpf_2x0_par1
 - -0.354176	CMS_EXO26004_Background_rpf_2x0_par0
 - 0.020726	r
>> Attempt 0 failed, remove the variable with largest eigenvector component...
>> Dropping CMS_EXO26004_Background_rpf_2x0_par2 from the hessian
>> Verifying eigenvalues are all positive (iteration 1)
Eigenvalue 15 : -0.000624217
 - -0.757602	CMS_EXO26004_Background_rpf_2x0_par3
 - 0.603736	CMS_EXO26004_Background_rpf_2x0_par0
 - 0.220103	CMS_EXO26004_Background_rpf_2x0_par1
 - 0.0820011	r
 - -0.0796619	CMS_EXO26004_Background_fail_HIGH_bin_5-1
Eigenvalue 16 : -0.00133126
 - -0.712575	r
 - 0.689923	CMS_EXO26004_Background_fail_HIGH_bin_5-1
 - -0.0822852	CMS_EXO26004_Background_rpf_2x0_par3
 - 0.0640676	CMS_EXO26004_Background_rpf_2x0_par0
 - 0.0573099	CMS_EXO26004_Background_rpf_2x0_par1
>> Attempt 1 failed, remove the variable with largest eigenvector component...
>> Dropping CMS_EXO26004_Background_fail_HIGH_bin_5-1 from the hessian
>> Verifying eigenvalues are all positive (iteration 2)
Eigenvalue 15 : -0.000633537
 - -0.762043	CMS_EXO26004_Background_rpf_2x0_par3
 - 0.607079	CMS_EXO26004_Background_rpf_2x0_par0
 - 0.225267	CMS_EXO26004_Background_rpf_2x0_par1
 - -0.000569983	r
 - -0.000187726	CMS_EXO26004_Background_fail_LOW_bin_3-1
>> Attempt 2 failed, remove the variable with largest eigenvector component...
>> Dropping CMS_EXO26004_Background_rpf_2x0_par3 from the hessian
>> Verifying eigenvalues are all positive (iteration 3)
>> All eigenvalues are positive
>> Inverting Hessian...
>> Matrix inverted
>> Note: the following parameters were dropped to make the covariance matrix pos-def:
     - CMS_EXO26004_Background_rpf_2x0_par2
     - CMS_EXO26004_Background_fail_HIGH_bin_5-1
     - CMS_EXO26004_Background_rpf_2x0_par3
Fit S+B, status = 0, numBadNLL = 0, covariance quality = -1

 --- FitDiagnostics ---
Best fit r: 0.107161  -0.107161/+49.8928  (68% CL)
Done in 0.01 min (cpu), 0.01 min (real)
27 log messages saved to combine_logger.out
