CascadeMinimizer.cc[188] : (in function: improveOnce) - Minimization configured with Type=Minuit2, Algo=Migrad, strategy=0, tolerance=0.1
CascadeMinimizer.cc[215] : (in function: improveOnce) - Minimization finished with status=0
CascadeMinimizer.cc[219] : (in function: improveOnce) - Minimization success! status=0
ToyMCSamplerOpt.cc[146] : (in function: generateAsimov) - Using internal logic for binned/unbinned Asimov dataset generation
ToyMCSamplerOpt.cc[214] : (in function: generateWithHisto) - Generating asimov with histogram for pdf pdf_binpass_LOW_obsOnly: in 3 x-bins
ToyMCSamplerOpt.cc[215] : (in function: generateWithHisto) -  , in 1 y-bins
ToyMCSamplerOpt.cc[146] : (in function: generateAsimov) - Using internal logic for binned/unbinned Asimov dataset generation
ToyMCSamplerOpt.cc[214] : (in function: generateWithHisto) - Generating asimov with histogram for pdf pdf_binpass_SIG_obsOnly: in 1 x-bins
ToyMCSamplerOpt.cc[215] : (in function: generateWithHisto) -  , in 1 y-bins
ToyMCSamplerOpt.cc[146] : (in function: generateAsimov) - Using internal logic for binned/unbinned Asimov dataset generation
ToyMCSamplerOpt.cc[214] : (in function: generateWithHisto) - Generating asimov with histogram for pdf pdf_binpass_HIGH_obsOnly: in 3 x-bins
ToyMCSamplerOpt.cc[215] : (in function: generateWithHisto) -  , in 1 y-bins
ToyMCSamplerOpt.cc[146] : (in function: generateAsimov) - Using internal logic for binned/unbinned Asimov dataset generation
ToyMCSamplerOpt.cc[214] : (in function: generateWithHisto) - Generating asimov with histogram for pdf pdf_binfail_LOW_obsOnly: in 3 x-bins
ToyMCSamplerOpt.cc[215] : (in function: generateWithHisto) -  , in 1 y-bins
ToyMCSamplerOpt.cc[146] : (in function: generateAsimov) - Using internal logic for binned/unbinned Asimov dataset generation
ToyMCSamplerOpt.cc[214] : (in function: generateWithHisto) - Generating asimov with histogram for pdf pdf_binfail_SIG_obsOnly: in 1 x-bins
ToyMCSamplerOpt.cc[215] : (in function: generateWithHisto) -  , in 1 y-bins
ToyMCSamplerOpt.cc[146] : (in function: generateAsimov) - Using internal logic for binned/unbinned Asimov dataset generation
ToyMCSamplerOpt.cc[214] : (in function: generateWithHisto) - Generating asimov with histogram for pdf pdf_binfail_HIGH_obsOnly: in 3 x-bins
ToyMCSamplerOpt.cc[215] : (in function: generateWithHisto) -  , in 1 y-bins
AsymptoticLimits.cc[428] : (in function: runLimitExpected) - Median for expected limits = 3.21875, Sigma for expected limits = 1.64225
AsymptoticLimits.cc[191] : (in function: runLimit) - NLL at global minimum of data = -8388.26 (r=7.30115e-07)
AsymptoticLimits.cc[211] : (in function: runLimit) - NLL at global minimum of asimov = -8387.5 (r=4.42647e-09)
AsymptoticLimits.cc[337] : (in function: getCLs) - At r = 1.215920:	q_mu = 2.60045	q_A  = 1.46377	Pmu = 0.04652	1-Pb  = 0.31926	CLs  = 0.14570
AsymptoticLimits.cc[337] : (in function: getCLs) - At r = 2.431840:	q_mu = 4.43413	q_A  = 2.98464	Pmu = 0.01589	1-Pb  = 0.33742	CLs  = 0.04710
AsymptoticLimits.cc[337] : (in function: getCLs) - At r = 1.215920:	q_mu = 2.60047	q_A  = 1.46381	Pmu = 0.04652	1-Pb  = 0.31927	CLs  = 0.14569
AsymptoticLimits.cc[337] : (in function: getCLs) - At r = 2.137153:	q_mu = 4.03064	q_A  = 2.63864	Pmu = 0.02004	1-Pb  = 0.33415	CLs  = 0.05998
AsymptoticLimits.cc[337] : (in function: getCLs) - At r = 2.314609:	q_mu = 4.27614	q_A  = 2.84865	Pmu = 0.01740	1-Pb  = 0.33619	CLs  = 0.05176
AsymptoticLimits.cc[337] : (in function: getCLs) - At r = 2.372385:	q_mu = 4.35441	q_A  = 2.91592	Pmu = 0.01664	1-Pb  = 0.33680	CLs  = 0.04939
AsymptoticLimits.cc[337] : (in function: getCLs) - At r = 2.348720:	q_mu = 4.32242	q_A  = 2.88841	Pmu = 0.01694	1-Pb  = 0.33656	CLs  = 0.05034
AsymptoticLimits.cc[337] : (in function: getCLs) - At r = 2.360242:	q_mu = 4.33797	q_A  = 2.90188	Pmu = 0.01679	1-Pb  = 0.33669	CLs  = 0.04988
AsymptoticLimits.cc[337] : (in function: getCLs) - At r = 2.355501:	q_mu = 4.33157	q_A  = 2.89631	Pmu = 0.01685	1-Pb  = 0.33663	CLs  = 0.05007
AsymptoticLimits.cc[337] : (in function: getCLs) - At r = 2.357810:	q_mu = 4.33476	q_A  = 2.89898	Pmu = 0.01682	1-Pb  = 0.33665	CLs  = 0.04997
AsymptoticLimits.cc[337] : (in function: getCLs) - At r = 2.356847:	q_mu = 4.33340	q_A  = 2.89786	Pmu = 0.01684	1-Pb  = 0.33664	CLs  = 0.05001
AsymptoticLimits.cc[337] : (in function: getCLs) - At r = 2.357317:	q_mu = 4.33402	q_A  = 2.89847	Pmu = 0.01683	1-Pb  = 0.33666	CLs  = 0.04999
AsymptoticLimits.cc[337] : (in function: getCLs) - At r = 2.357125:	q_mu = 4.33376	q_A  = 2.89820	Pmu = 0.01683	1-Pb  = 0.33665	CLs  = 0.05000
AsymptoticLimits.cc[337] : (in function: getCLs) - At r = 2.357224:	q_mu = 4.33397	q_A  = 2.89830	Pmu = 0.01683	1-Pb  = 0.33664	CLs  = 0.05000
AsymptoticLimits.cc[337] : (in function: getCLs) - At r = 2.357175:	q_mu = 4.33384	q_A  = 2.89824	Pmu = 0.01683	1-Pb  = 0.33665	CLs  = 0.05000
AsymptoticLimits.cc[337] : (in function: getCLs) - At r = 2.357199:	q_mu = 4.33387	q_A  = 2.89827	Pmu = 0.01683	1-Pb  = 0.33665	CLs  = 0.05000
AsymptoticLimits.cc[337] : (in function: getCLs) - At r = 2.357208:	q_mu = 4.33387	q_A  = 2.89835	Pmu = 0.01683	1-Pb  = 0.33666	CLs  = 0.05000
AsymptoticLimits.cc[337] : (in function: getCLs) - At r = 2.357204:	q_mu = 4.33393	q_A  = 2.89829	Pmu = 0.01683	1-Pb  = 0.33664	CLs  = 0.05000
