CascadeMinimizer.cc[188] : (in function: improveOnce) - Minimization configured with Type=Minuit2, Algo=Migrad, strategy=0, tolerance=0.1
CascadeMinimizer.cc[215] : (in function: improveOnce) - Minimization finished with status=0
CascadeMinimizer.cc[219] : (in function: improveOnce) - Minimization success! status=0
ToyMCSamplerOpt.cc[146] : (in function: generateAsimov) - Using internal logic for binned/unbinned Asimov dataset generation
ToyMCSamplerOpt.cc[214] : (in function: generateWithHisto) - Generating asimov with histogram for pdf pdf_binpass_LOW_obsOnly: in 3 x-bins
ToyMCSamplerOpt.cc[215] : (in function: generateWithHisto) -  , in 1 y-bins
ToyMCSamplerOpt.cc[146] : (in function: generateAsimov) - Using internal logic for binned/unbinned Asimov dataset generation
ToyMCSamplerOpt.cc[214] : (in function: generateWithHisto) - Generating asimov with histogram for pdf pdf_binpass_SIG_obsOnly: in 1 x-bins
ToyMCSamplerOpt.cc[215] : (in function: generateWithHisto) -  , in 1 y-bins
ToyMCSamplerOpt.cc[146] : (in function: generateAsimov) - Using internal logic for binned/unbinned Asimov dataset generation
ToyMCSamplerOpt.cc[214] : (in function: generateWithHisto) - Generating asimov with histogram for pdf pdf_binpass_HIGH_obsOnly: in 5 x-bins
ToyMCSamplerOpt.cc[215] : (in function: generateWithHisto) -  , in 1 y-bins
ToyMCSamplerOpt.cc[146] : (in function: generateAsimov) - Using internal logic for binned/unbinned Asimov dataset generation
ToyMCSamplerOpt.cc[214] : (in function: generateWithHisto) - Generating asimov with histogram for pdf pdf_binfail_LOW_obsOnly: in 3 x-bins
ToyMCSamplerOpt.cc[215] : (in function: generateWithHisto) -  , in 1 y-bins
ToyMCSamplerOpt.cc[146] : (in function: generateAsimov) - Using internal logic for binned/unbinned Asimov dataset generation
ToyMCSamplerOpt.cc[214] : (in function: generateWithHisto) - Generating asimov with histogram for pdf pdf_binfail_SIG_obsOnly: in 1 x-bins
ToyMCSamplerOpt.cc[215] : (in function: generateWithHisto) -  , in 1 y-bins
ToyMCSamplerOpt.cc[146] : (in function: generateAsimov) - Using internal logic for binned/unbinned Asimov dataset generation
ToyMCSamplerOpt.cc[214] : (in function: generateWithHisto) - Generating asimov with histogram for pdf pdf_binfail_HIGH_obsOnly: in 5 x-bins
ToyMCSamplerOpt.cc[215] : (in function: generateWithHisto) -  , in 1 y-bins
AsymptoticLimits.cc[428] : (in function: runLimitExpected) - Median for expected limits = 0.914062, Sigma for expected limits = 0.466367
AsymptoticLimits.cc[191] : (in function: runLimit) - NLL at global minimum of data = -44.6728 (r=1.58027e-06)
AsymptoticLimits.cc[211] : (in function: runLimit) - NLL at global minimum of asimov = -44.6662 (r=1.74827e-07)
AsymptoticLimits.cc[337] : (in function: getCLs) - At r = 1.200002:	q_mu = 4.93922	q_A  = 4.92415	Pmu = 0.01313	1-Pb  = 0.49864	CLs  = 0.02633
AsymptoticLimits.cc[337] : (in function: getCLs) - At r = 0.600002:	q_mu = 2.59601	q_A  = 2.58674	Pmu = 0.05357	1-Pb  = 0.49885	CLs  = 0.10738
AsymptoticLimits.cc[337] : (in function: getCLs) - At r = 0.860972:	q_mu = 3.64120	q_A  = 3.62892	Pmu = 0.02818	1-Pb  = 0.49871	CLs  = 0.05651
AsymptoticLimits.cc[337] : (in function: getCLs) - At r = 0.972241:	q_mu = 4.07439	q_A  = 4.06092	Pmu = 0.02177	1-Pb  = 0.49867	CLs  = 0.04365
AsymptoticLimits.cc[337] : (in function: getCLs) - At r = 0.925438:	q_mu = 3.89260	q_A  = 3.87996	Pmu = 0.02425	1-Pb  = 0.49872	CLs  = 0.04862
AsymptoticLimits.cc[337] : (in function: getCLs) - At r = 0.902968:	q_mu = 3.80505	q_A  = 3.79263	Pmu = 0.02555	1-Pb  = 0.49873	CLs  = 0.05123
AsymptoticLimits.cc[337] : (in function: getCLs) - At r = 0.915822:	q_mu = 3.85513	q_A  = 3.84258	Pmu = 0.02480	1-Pb  = 0.49872	CLs  = 0.04972
AsymptoticLimits.cc[337] : (in function: getCLs) - At r = 0.911323:	q_mu = 3.83759	q_A  = 3.82507	Pmu = 0.02506	1-Pb  = 0.49872	CLs  = 0.05024
AsymptoticLimits.cc[337] : (in function: getCLs) - At r = 0.913895:	q_mu = 3.84758	q_A  = 3.83505	Pmu = 0.02491	1-Pb  = 0.49872	CLs  = 0.04994
AsymptoticLimits.cc[337] : (in function: getCLs) - At r = 0.913001:	q_mu = 3.84408	q_A  = 3.83155	Pmu = 0.02496	1-Pb  = 0.49872	CLs  = 0.05005
AsymptoticLimits.cc[337] : (in function: getCLs) - At r = 0.913518:	q_mu = 3.84607	q_A  = 3.83354	Pmu = 0.02493	1-Pb  = 0.49872	CLs  = 0.04999
AsymptoticLimits.cc[337] : (in function: getCLs) - At r = 0.913344:	q_mu = 3.84538	q_A  = 3.83285	Pmu = 0.02494	1-Pb  = 0.49872	CLs  = 0.05001
AsymptoticLimits.cc[337] : (in function: getCLs) - At r = 0.913415:	q_mu = 3.84563	q_A  = 3.83311	Pmu = 0.02494	1-Pb  = 0.49872	CLs  = 0.05000
AsymptoticLimits.cc[337] : (in function: getCLs) - At r = 0.913454:	q_mu = 3.84577	q_A  = 3.83325	Pmu = 0.02494	1-Pb  = 0.49873	CLs  = 0.05000
AsymptoticLimits.cc[337] : (in function: getCLs) - At r = 0.913438:	q_mu = 3.84568	q_A  = 3.83318	Pmu = 0.02494	1-Pb  = 0.49873	CLs  = 0.05000
AsymptoticLimits.cc[337] : (in function: getCLs) - At r = 0.913445:	q_mu = 3.84569	q_A  = 3.83319	Pmu = 0.02494	1-Pb  = 0.49873	CLs  = 0.05000
AsymptoticLimits.cc[337] : (in function: getCLs) - At r = 0.913450:	q_mu = 3.84569	q_A  = 3.83320	Pmu = 0.02494	1-Pb  = 0.49873	CLs  = 0.05000
