 <<< Combine >>> 
 <<< v10.0.1 >>>
>>> Random number generator seed is 123456
>>> Method used is FitDiagnostics
Set Default Value of Parameter mask_pass_SIG To : 1
Set Default Value of Parameter mask_pass_HIGH To : 1
Set Default Value of Parameter r To : 1
>>> 2 out of 6 channels masked

>> Found 15 floating parameters
>> The following parameters are protected in the event of negative eigenvalues:
>> Verifying eigenvalues are all positive (iteration 0)
Eigenvalue 14 : -0.00468799
 - 0.608246	CMS_EXO26004_Background_rpf_2x0_par3
 - 0.558654	CMS_EXO26004_Background_rpf_2x0_par2
 - -0.496371	CMS_EXO26004_Background_rpf_2x0_par1
 - -0.267505	CMS_EXO26004_Background_rpf_2x0_par0
 - 0.000703685	CMS_EXO26004_Background_fail_LOW_bin_2-1
>> Attempt 0 failed, remove the variable with largest eigenvector component...
>> Dropping CMS_EXO26004_Background_rpf_2x0_par3 from the hessian
>> Verifying eigenvalues are all positive (iteration 1)
>> All eigenvalues are positive
>> Inverting Hessian...
>> Matrix inverted
>> Note: the following parameters were dropped to make the covariance matrix pos-def:
     - CMS_EXO26004_Background_rpf_2x0_par3
 Fit B-only, status = 0, numBadNLL = 0, covariance quality = -1
Running Minos for POI r
>> Found 16 floating parameters
>> The following parameters are protected in the event of negative eigenvalues: r
>> Verifying eigenvalues are all positive (iteration 0)
Eigenvalue 14 : -0.000839992
 - 0.932945	r
 - -0.223698	CMS_EXO26004_Background_rpf_2x0_par1
 - -0.220406	CMS_EXO26004_Background_rpf_2x0_par2
 - -0.120733	CMS_EXO26004_Background_fail_HIGH_bin_3-1
 - 0.0690275	RNN
Eigenvalue 15 : -0.00470264
 - -0.600041	CMS_EXO26004_Background_rpf_2x0_par3
 - -0.567225	CMS_EXO26004_Background_rpf_2x0_par2
 - 0.484572	CMS_EXO26004_Background_rpf_2x0_par1
 - 0.288676	CMS_EXO26004_Background_rpf_2x0_par0
 - 0.00770789	r
>> Attempt 0 failed, remove the variable with largest eigenvector component...
>> Dropping CMS_EXO26004_Background_rpf_2x0_par3 from the hessian
>> Verifying eigenvalues are all positive (iteration 1)
Eigenvalue 14 : -0.000917147
 - 0.891387	r
 - -0.409433	CMS_EXO26004_Background_rpf_2x0_par2
 - -0.115319	CMS_EXO26004_Background_fail_HIGH_bin_3-1
 - -0.111901	CMS_EXO26004_Background_rpf_2x0_par1
 - 0.0662041	RNN
>> Attempt 1 failed, remove the variable with largest eigenvector component...
>> Dropping CMS_EXO26004_Background_rpf_2x0_par2 from the hessian
>> Verifying eigenvalues are all positive (iteration 2)
Eigenvalue 13 : -0.00060296
 - -0.938913	r
 - 0.280051	CMS_EXO26004_Background_rpf_2x0_par1
 - 0.121633	CMS_EXO26004_Background_fail_HIGH_bin_3-1
 - -0.119152	CMS_EXO26004_Background_rpf_2x0_par0
 - -0.0688647	RNN
>> Attempt 2 failed, remove the variable with largest eigenvector component...
>> Dropping CMS_EXO26004_Background_rpf_2x0_par1 from the hessian
>> Verifying eigenvalues are all positive (iteration 3)
>> All eigenvalues are positive
>> Inverting Hessian...
>> Matrix inverted
>> Note: the following parameters were dropped to make the covariance matrix pos-def:
     - CMS_EXO26004_Background_rpf_2x0_par3
     - CMS_EXO26004_Background_rpf_2x0_par2
     - CMS_EXO26004_Background_rpf_2x0_par1
Fit S+B, status = 0, numBadNLL = 0, covariance quality = -1

 --- FitDiagnostics ---
Best fit r: 49.9999  -49.9999/+0.000105601  (68% CL)
Done in 0.01 min (cpu), 0.01 min (real)
27 log messages saved to combine_logger.out
