CascadeMinimizer.cc[188] : (in function: improveOnce) - Minimization configured with Type=Minuit2, Algo=Migrad, strategy=0, tolerance=0.1
CascadeMinimizer.cc[215] : (in function: improveOnce) - Minimization finished with status=0
CascadeMinimizer.cc[219] : (in function: improveOnce) - Minimization success! status=0
ToyMCSamplerOpt.cc[146] : (in function: generateAsimov) - Using internal logic for binned/unbinned Asimov dataset generation
ToyMCSamplerOpt.cc[214] : (in function: generateWithHisto) - Generating asimov with histogram for pdf pdf_binpass_LOW_obsOnly: in 4 x-bins
ToyMCSamplerOpt.cc[215] : (in function: generateWithHisto) -  , in 1 y-bins
ToyMCSamplerOpt.cc[146] : (in function: generateAsimov) - Using internal logic for binned/unbinned Asimov dataset generation
ToyMCSamplerOpt.cc[214] : (in function: generateWithHisto) - Generating asimov with histogram for pdf pdf_binpass_SIG_obsOnly: in 3 x-bins
ToyMCSamplerOpt.cc[215] : (in function: generateWithHisto) -  , in 1 y-bins
ToyMCSamplerOpt.cc[146] : (in function: generateAsimov) - Using internal logic for binned/unbinned Asimov dataset generation
ToyMCSamplerOpt.cc[214] : (in function: generateWithHisto) - Generating asimov with histogram for pdf pdf_binpass_HIGH_obsOnly: in 7 x-bins
ToyMCSamplerOpt.cc[215] : (in function: generateWithHisto) -  , in 1 y-bins
ToyMCSamplerOpt.cc[146] : (in function: generateAsimov) - Using internal logic for binned/unbinned Asimov dataset generation
ToyMCSamplerOpt.cc[214] : (in function: generateWithHisto) - Generating asimov with histogram for pdf pdf_binfail_LOW_obsOnly: in 4 x-bins
ToyMCSamplerOpt.cc[215] : (in function: generateWithHisto) -  , in 1 y-bins
ToyMCSamplerOpt.cc[146] : (in function: generateAsimov) - Using internal logic for binned/unbinned Asimov dataset generation
ToyMCSamplerOpt.cc[214] : (in function: generateWithHisto) - Generating asimov with histogram for pdf pdf_binfail_SIG_obsOnly: in 3 x-bins
ToyMCSamplerOpt.cc[215] : (in function: generateWithHisto) -  , in 1 y-bins
ToyMCSamplerOpt.cc[146] : (in function: generateAsimov) - Using internal logic for binned/unbinned Asimov dataset generation
ToyMCSamplerOpt.cc[214] : (in function: generateWithHisto) - Generating asimov with histogram for pdf pdf_binfail_HIGH_obsOnly: in 7 x-bins
ToyMCSamplerOpt.cc[215] : (in function: generateWithHisto) -  , in 1 y-bins
AsymptoticLimits.cc[428] : (in function: runLimitExpected) - Median for expected limits = 0.439453, Sigma for expected limits = 0.224215
AsymptoticLimits.cc[191] : (in function: runLimit) - NLL at global minimum of data = -11152.6 (r=5.525e-08)
AsymptoticLimits.cc[211] : (in function: runLimit) - NLL at global minimum of asimov = -11151.5 (r=1.72725e-06)
AsymptoticLimits.cc[337] : (in function: getCLs) - At r = 1.200000:	q_mu = 16.34815	q_A  = 10.77300	Pmu = 0.00002	1-Pb  = 0.19786	CLs  = 0.00009
AsymptoticLimits.cc[337] : (in function: getCLs) - At r = 0.600000:	q_mu = 9.76833	q_A  = 5.42372	Pmu = 0.00055	1-Pb  = 0.17547	CLs  = 0.00316
AsymptoticLimits.cc[337] : (in function: getCLs) - At r = 0.300000:	q_mu = 5.54502	q_A  = 2.42182	Pmu = 0.00524	1-Pb  = 0.15782	CLs  = 0.03319
AsymptoticLimits.cc[337] : (in function: getCLs) - At r = 0.150000:	q_mu = 3.00851	q_A  = 0.95778	Pmu = 0.02136	1-Pb  = 0.14738	CLs  = 0.14495
AsymptoticLimits.cc[337] : (in function: getCLs) - At r = 0.236647:	q_mu = 4.51899	q_A  = 1.78608	Pmu = 0.00916	1-Pb  = 0.15328	CLs  = 0.05979
AsymptoticLimits.cc[337] : (in function: getCLs) - At r = 0.264716:	q_mu = 4.98094	q_A  = 2.06591	Pmu = 0.00712	1-Pb  = 0.15528	CLs  = 0.04582
AsymptoticLimits.cc[337] : (in function: getCLs) - At r = 0.251741:	q_mu = 4.76888	q_A  = 1.93600	Pmu = 0.00799	1-Pb  = 0.15434	CLs  = 0.05177
AsymptoticLimits.cc[337] : (in function: getCLs) - At r = 0.257290:	q_mu = 4.85987	q_A  = 1.99145	Pmu = 0.00760	1-Pb  = 0.15474	CLs  = 0.04913
AsymptoticLimits.cc[337] : (in function: getCLs) - At r = 0.254683:	q_mu = 4.81718	q_A  = 1.96538	Pmu = 0.00778	1-Pb  = 0.15455	CLs  = 0.05035
AsymptoticLimits.cc[337] : (in function: getCLs) - At r = 0.255791:	q_mu = 4.83532	q_A  = 1.97645	Pmu = 0.00770	1-Pb  = 0.15463	CLs  = 0.04982
AsymptoticLimits.cc[337] : (in function: getCLs) - At r = 0.255269:	q_mu = 4.82678	q_A  = 1.97123	Pmu = 0.00774	1-Pb  = 0.15459	CLs  = 0.05007
AsymptoticLimits.cc[337] : (in function: getCLs) - At r = 0.255490:	q_mu = 4.83056	q_A  = 1.97344	Pmu = 0.00772	1-Pb  = 0.15460	CLs  = 0.04996
AsymptoticLimits.cc[337] : (in function: getCLs) - At r = 0.255382:	q_mu = 4.82868	q_A  = 1.97236	Pmu = 0.00773	1-Pb  = 0.15460	CLs  = 0.05001
AsymptoticLimits.cc[337] : (in function: getCLs) - At r = 0.255428:	q_mu = 4.82939	q_A  = 1.97282	Pmu = 0.00773	1-Pb  = 0.15460	CLs  = 0.04999
AsymptoticLimits.cc[337] : (in function: getCLs) - At r = 0.255408:	q_mu = 4.82906	q_A  = 1.97262	Pmu = 0.00773	1-Pb  = 0.15460	CLs  = 0.05000
AsymptoticLimits.cc[337] : (in function: getCLs) - At r = 0.255417:	q_mu = 4.82921	q_A  = 1.97271	Pmu = 0.00773	1-Pb  = 0.15460	CLs  = 0.05000
AsymptoticLimits.cc[337] : (in function: getCLs) - At r = 0.255414:	q_mu = 4.82930	q_A  = 1.97268	Pmu = 0.00773	1-Pb  = 0.15459	CLs  = 0.05000
