CascadeMinimizer.cc[188] : (in function: improveOnce) - Minimization configured with Type=Minuit2, Algo=Migrad, strategy=0, tolerance=0.1
CascadeMinimizer.cc[215] : (in function: improveOnce) - Minimization finished with status=0
CascadeMinimizer.cc[219] : (in function: improveOnce) - Minimization success! status=0
ToyMCSamplerOpt.cc[146] : (in function: generateAsimov) - Using internal logic for binned/unbinned Asimov dataset generation
ToyMCSamplerOpt.cc[214] : (in function: generateWithHisto) - Generating asimov with histogram for pdf pdf_binpass_LOW_obsOnly: in 3 x-bins
ToyMCSamplerOpt.cc[215] : (in function: generateWithHisto) -  , in 1 y-bins
ToyMCSamplerOpt.cc[146] : (in function: generateAsimov) - Using internal logic for binned/unbinned Asimov dataset generation
ToyMCSamplerOpt.cc[214] : (in function: generateWithHisto) - Generating asimov with histogram for pdf pdf_binpass_SIG_obsOnly: in 1 x-bins
ToyMCSamplerOpt.cc[215] : (in function: generateWithHisto) -  , in 1 y-bins
ToyMCSamplerOpt.cc[146] : (in function: generateAsimov) - Using internal logic for binned/unbinned Asimov dataset generation
ToyMCSamplerOpt.cc[214] : (in function: generateWithHisto) - Generating asimov with histogram for pdf pdf_binpass_HIGH_obsOnly: in 10 x-bins
ToyMCSamplerOpt.cc[215] : (in function: generateWithHisto) -  , in 1 y-bins
ToyMCSamplerOpt.cc[146] : (in function: generateAsimov) - Using internal logic for binned/unbinned Asimov dataset generation
ToyMCSamplerOpt.cc[214] : (in function: generateWithHisto) - Generating asimov with histogram for pdf pdf_binfail_LOW_obsOnly: in 3 x-bins
ToyMCSamplerOpt.cc[215] : (in function: generateWithHisto) -  , in 1 y-bins
ToyMCSamplerOpt.cc[146] : (in function: generateAsimov) - Using internal logic for binned/unbinned Asimov dataset generation
ToyMCSamplerOpt.cc[214] : (in function: generateWithHisto) - Generating asimov with histogram for pdf pdf_binfail_SIG_obsOnly: in 1 x-bins
ToyMCSamplerOpt.cc[215] : (in function: generateWithHisto) -  , in 1 y-bins
ToyMCSamplerOpt.cc[146] : (in function: generateAsimov) - Using internal logic for binned/unbinned Asimov dataset generation
ToyMCSamplerOpt.cc[214] : (in function: generateWithHisto) - Generating asimov with histogram for pdf pdf_binfail_HIGH_obsOnly: in 10 x-bins
ToyMCSamplerOpt.cc[215] : (in function: generateWithHisto) -  , in 1 y-bins
AsymptoticLimits.cc[415] : (in function: runLimitExpected) - [WARNING] Best fit of asimov dataset is at r = 0.083059 (0.004153 times rMax), while it should be at zero
AsymptoticLimits.cc[428] : (in function: runLimitExpected) - Median for expected limits = 13.9375, Sigma for expected limits = 7.1111
AsymptoticLimits.cc[191] : (in function: runLimit) - NLL at global minimum of data = -1318.06 (r=10.9442)
AsymptoticLimits.cc[211] : (in function: runLimit) - NLL at global minimum of asimov = -1339.38 (r=0.0367143)
AsymptoticLimits.cc[337] : (in function: getCLs) - At r = 31.147039:	q_mu = 7.45967	q_A  = 18.10982	Pmu = 0.00315	1-Pb  = 0.93629	CLs  = 0.00337
AsymptoticLimits.cc[337] : (in function: getCLs) - At r = 21.045618:	q_mu = 1.92766	q_A  = 8.55197	Pmu = 0.08251	1-Pb  = 0.93773	CLs  = 0.08799
AsymptoticLimits.cc[337] : (in function: getCLs) - At r = 26.096328:	q_mu = 4.26581	q_A  = 12.92978	Pmu = 0.01944	1-Pb  = 0.93704	CLs  = 0.02075
AsymptoticLimits.cc[337] : (in function: getCLs) - At r = 23.636469:	q_mu = 3.01743	q_A  = 10.69462	Pmu = 0.04119	1-Pb  = 0.93739	CLs  = 0.04394
AsymptoticLimits.cc[337] : (in function: getCLs) - At r = 22.732541:	q_mu = 2.61065	q_A  = 9.92226	Pmu = 0.05307	1-Pb  = 0.93751	CLs  = 0.05661
AsymptoticLimits.cc[337] : (in function: getCLs) - At r = 23.267698:	q_mu = 2.84813	q_A  = 10.37623	Pmu = 0.04574	1-Pb  = 0.93743	CLs  = 0.04879
AsymptoticLimits.cc[337] : (in function: getCLs) - At r = 23.090282:	q_mu = 2.76826	q_A  = 10.22466	Pmu = 0.04808	1-Pb  = 0.93746	CLs  = 0.05128
AsymptoticLimits.cc[337] : (in function: getCLs) - At r = 23.162519:	q_mu = 2.80062	q_A  = 10.28624	Pmu = 0.04711	1-Pb  = 0.93745	CLs  = 0.05026
AsymptoticLimits.cc[337] : (in function: getCLs) - At r = 23.198180:	q_mu = 2.81665	q_A  = 10.31671	Pmu = 0.04665	1-Pb  = 0.93745	CLs  = 0.04976
AsymptoticLimits.cc[337] : (in function: getCLs) - At r = 23.177196:	q_mu = 2.80720	q_A  = 10.29877	Pmu = 0.04692	1-Pb  = 0.93745	CLs  = 0.05005
AsymptoticLimits.cc[337] : (in function: getCLs) - At r = 23.184347:	q_mu = 2.81042	q_A  = 10.30488	Pmu = 0.04683	1-Pb  = 0.93745	CLs  = 0.04995
AsymptoticLimits.cc[337] : (in function: getCLs) - At r = 23.180154:	q_mu = 2.80853	q_A  = 10.30130	Pmu = 0.04688	1-Pb  = 0.93745	CLs  = 0.05001
AsymptoticLimits.cc[337] : (in function: getCLs) - At r = 23.181587:	q_mu = 2.80917	q_A  = 10.30252	Pmu = 0.04686	1-Pb  = 0.93745	CLs  = 0.04999
AsymptoticLimits.cc[337] : (in function: getCLs) - At r = 23.180749:	q_mu = 2.80880	q_A  = 10.30180	Pmu = 0.04687	1-Pb  = 0.93745	CLs  = 0.05000
AsymptoticLimits.cc[337] : (in function: getCLs) - At r = 23.181036:	q_mu = 2.80892	q_A  = 10.30205	Pmu = 0.04687	1-Pb  = 0.93745	CLs  = 0.05000
AsymptoticLimits.cc[337] : (in function: getCLs) - At r = 23.180868:	q_mu = 2.80885	q_A  = 10.30191	Pmu = 0.04687	1-Pb  = 0.93745	CLs  = 0.05000
AsymptoticLimits.cc[337] : (in function: getCLs) - At r = 23.180926:	q_mu = 2.80888	q_A  = 10.30196	Pmu = 0.04687	1-Pb  = 0.93745	CLs  = 0.05000
