CascadeMinimizer.cc[188] : (in function: improveOnce) - Minimization configured with Type=Minuit2, Algo=Migrad, strategy=0, tolerance=0.1
CascadeMinimizer.cc[215] : (in function: improveOnce) - Minimization finished with status=0
CascadeMinimizer.cc[219] : (in function: improveOnce) - Minimization success! status=0
ToyMCSamplerOpt.cc[146] : (in function: generateAsimov) - Using internal logic for binned/unbinned Asimov dataset generation
ToyMCSamplerOpt.cc[214] : (in function: generateWithHisto) - Generating asimov with histogram for pdf pdf_binpass_LOW_obsOnly: in 4 x-bins
ToyMCSamplerOpt.cc[215] : (in function: generateWithHisto) -  , in 1 y-bins
ToyMCSamplerOpt.cc[146] : (in function: generateAsimov) - Using internal logic for binned/unbinned Asimov dataset generation
ToyMCSamplerOpt.cc[214] : (in function: generateWithHisto) - Generating asimov with histogram for pdf pdf_binpass_SIG_obsOnly: in 3 x-bins
ToyMCSamplerOpt.cc[215] : (in function: generateWithHisto) -  , in 1 y-bins
ToyMCSamplerOpt.cc[146] : (in function: generateAsimov) - Using internal logic for binned/unbinned Asimov dataset generation
ToyMCSamplerOpt.cc[214] : (in function: generateWithHisto) - Generating asimov with histogram for pdf pdf_binpass_HIGH_obsOnly: in 7 x-bins
ToyMCSamplerOpt.cc[215] : (in function: generateWithHisto) -  , in 1 y-bins
ToyMCSamplerOpt.cc[146] : (in function: generateAsimov) - Using internal logic for binned/unbinned Asimov dataset generation
ToyMCSamplerOpt.cc[214] : (in function: generateWithHisto) - Generating asimov with histogram for pdf pdf_binfail_LOW_obsOnly: in 4 x-bins
ToyMCSamplerOpt.cc[215] : (in function: generateWithHisto) -  , in 1 y-bins
ToyMCSamplerOpt.cc[146] : (in function: generateAsimov) - Using internal logic for binned/unbinned Asimov dataset generation
ToyMCSamplerOpt.cc[214] : (in function: generateWithHisto) - Generating asimov with histogram for pdf pdf_binfail_SIG_obsOnly: in 3 x-bins
ToyMCSamplerOpt.cc[215] : (in function: generateWithHisto) -  , in 1 y-bins
ToyMCSamplerOpt.cc[146] : (in function: generateAsimov) - Using internal logic for binned/unbinned Asimov dataset generation
ToyMCSamplerOpt.cc[214] : (in function: generateWithHisto) - Generating asimov with histogram for pdf pdf_binfail_HIGH_obsOnly: in 7 x-bins
ToyMCSamplerOpt.cc[215] : (in function: generateWithHisto) -  , in 1 y-bins
AsymptoticLimits.cc[428] : (in function: runLimitExpected) - Median for expected limits = 1.05469, Sigma for expected limits = 0.538116
AsymptoticLimits.cc[191] : (in function: runLimit) - NLL at global minimum of data = -11136.3 (r=1.95702e-08)
AsymptoticLimits.cc[211] : (in function: runLimit) - NLL at global minimum of asimov = -11135.7 (r=2.71605e-06)
AsymptoticLimits.cc[337] : (in function: getCLs) - At r = 1.200000:	q_mu = 5.92858	q_A  = 4.33893	Pmu = 0.00686	1-Pb  = 0.35139	CLs  = 0.01952
AsymptoticLimits.cc[337] : (in function: getCLs) - At r = 0.600000:	q_mu = 3.38006	q_A  = 2.15079	Pmu = 0.02967	1-Pb  = 0.33757	CLs  = 0.08789
AsymptoticLimits.cc[337] : (in function: getCLs) - At r = 0.899943:	q_mu = 4.72403	q_A  = 3.28443	Pmu = 0.01357	1-Pb  = 0.34562	CLs  = 0.03927
AsymptoticLimits.cc[337] : (in function: getCLs) - At r = 0.767984:	q_mu = 4.15256	q_A  = 2.79560	Pmu = 0.01886	1-Pb  = 0.34245	CLs  = 0.05509
AsymptoticLimits.cc[337] : (in function: getCLs) - At r = 0.824583:	q_mu = 4.40125	q_A  = 3.00719	Pmu = 0.01634	1-Pb  = 0.34386	CLs  = 0.04751
AsymptoticLimits.cc[337] : (in function: getCLs) - At r = 0.797629:	q_mu = 4.28347	q_A  = 2.90676	Pmu = 0.01749	1-Pb  = 0.34320	CLs  = 0.05095
AsymptoticLimits.cc[337] : (in function: getCLs) - At r = 0.808833:	q_mu = 4.33254	q_A  = 2.94861	Pmu = 0.01700	1-Pb  = 0.34348	CLs  = 0.04949
AsymptoticLimits.cc[337] : (in function: getCLs) - At r = 0.803421:	q_mu = 4.30893	q_A  = 2.92840	Pmu = 0.01723	1-Pb  = 0.34334	CLs  = 0.05019
AsymptoticLimits.cc[337] : (in function: getCLs) - At r = 0.805651:	q_mu = 4.31863	q_A  = 2.93671	Pmu = 0.01713	1-Pb  = 0.34340	CLs  = 0.04990
AsymptoticLimits.cc[337] : (in function: getCLs) - At r = 0.804571:	q_mu = 4.31389	q_A  = 2.93268	Pmu = 0.01718	1-Pb  = 0.34337	CLs  = 0.05004
AsymptoticLimits.cc[337] : (in function: getCLs) - At r = 0.805021:	q_mu = 4.31586	q_A  = 2.93436	Pmu = 0.01716	1-Pb  = 0.34339	CLs  = 0.04998
AsymptoticLimits.cc[337] : (in function: getCLs) - At r = 0.804806:	q_mu = 4.31491	q_A  = 2.93355	Pmu = 0.01717	1-Pb  = 0.34338	CLs  = 0.05001
AsymptoticLimits.cc[337] : (in function: getCLs) - At r = 0.804897:	q_mu = 4.31539	q_A  = 2.93391	Pmu = 0.01717	1-Pb  = 0.34338	CLs  = 0.04999
AsymptoticLimits.cc[337] : (in function: getCLs) - At r = 0.804847:	q_mu = 4.31511	q_A  = 2.93371	Pmu = 0.01717	1-Pb  = 0.34338	CLs  = 0.05000
AsymptoticLimits.cc[337] : (in function: getCLs) - At r = 0.804867:	q_mu = 4.31519	q_A  = 2.93378	Pmu = 0.01717	1-Pb  = 0.34338	CLs  = 0.05000
AsymptoticLimits.cc[337] : (in function: getCLs) - At r = 0.804861:	q_mu = 4.31515	q_A  = 2.93376	Pmu = 0.01717	1-Pb  = 0.34338	CLs  = 0.05000
AsymptoticLimits.cc[337] : (in function: getCLs) - At r = 0.804864:	q_mu = 4.31517	q_A  = 2.93380	Pmu = 0.01717	1-Pb  = 0.34339	CLs  = 0.05000
