CascadeMinimizer.cc[188] : (in function: improveOnce) - Minimization configured with Type=Minuit2, Algo=Migrad, strategy=0, tolerance=0.1
CascadeMinimizer.cc[215] : (in function: improveOnce) - Minimization finished with status=0
CascadeMinimizer.cc[219] : (in function: improveOnce) - Minimization success! status=0
ToyMCSamplerOpt.cc[146] : (in function: generateAsimov) - Using internal logic for binned/unbinned Asimov dataset generation
ToyMCSamplerOpt.cc[214] : (in function: generateWithHisto) - Generating asimov with histogram for pdf pdf_binpass_LOW_obsOnly: in 3 x-bins
ToyMCSamplerOpt.cc[215] : (in function: generateWithHisto) -  , in 1 y-bins
ToyMCSamplerOpt.cc[146] : (in function: generateAsimov) - Using internal logic for binned/unbinned Asimov dataset generation
ToyMCSamplerOpt.cc[214] : (in function: generateWithHisto) - Generating asimov with histogram for pdf pdf_binpass_SIG_obsOnly: in 1 x-bins
ToyMCSamplerOpt.cc[215] : (in function: generateWithHisto) -  , in 1 y-bins
ToyMCSamplerOpt.cc[146] : (in function: generateAsimov) - Using internal logic for binned/unbinned Asimov dataset generation
ToyMCSamplerOpt.cc[214] : (in function: generateWithHisto) - Generating asimov with histogram for pdf pdf_binpass_HIGH_obsOnly: in 3 x-bins
ToyMCSamplerOpt.cc[215] : (in function: generateWithHisto) -  , in 1 y-bins
ToyMCSamplerOpt.cc[146] : (in function: generateAsimov) - Using internal logic for binned/unbinned Asimov dataset generation
ToyMCSamplerOpt.cc[214] : (in function: generateWithHisto) - Generating asimov with histogram for pdf pdf_binfail_LOW_obsOnly: in 3 x-bins
ToyMCSamplerOpt.cc[215] : (in function: generateWithHisto) -  , in 1 y-bins
ToyMCSamplerOpt.cc[146] : (in function: generateAsimov) - Using internal logic for binned/unbinned Asimov dataset generation
ToyMCSamplerOpt.cc[214] : (in function: generateWithHisto) - Generating asimov with histogram for pdf pdf_binfail_SIG_obsOnly: in 1 x-bins
ToyMCSamplerOpt.cc[215] : (in function: generateWithHisto) -  , in 1 y-bins
ToyMCSamplerOpt.cc[146] : (in function: generateAsimov) - Using internal logic for binned/unbinned Asimov dataset generation
ToyMCSamplerOpt.cc[214] : (in function: generateWithHisto) - Generating asimov with histogram for pdf pdf_binfail_HIGH_obsOnly: in 3 x-bins
ToyMCSamplerOpt.cc[215] : (in function: generateWithHisto) -  , in 1 y-bins
AsymptoticLimits.cc[428] : (in function: runLimitExpected) - Median for expected limits = 1.8125, Sigma for expected limits = 0.924762
AsymptoticLimits.cc[191] : (in function: runLimit) - NLL at global minimum of data = -8440.86 (r=2.51258)
AsymptoticLimits.cc[211] : (in function: runLimit) - NLL at global minimum of asimov = -8434.71 (r=0.00645156)
AsymptoticLimits.cc[337] : (in function: getCLs) - At r = 4.915535:	q_mu = 2.23978	q_A  = 11.61251	Pmu = 0.06725	1-Pb  = 0.97201	CLs  = 0.06919
AsymptoticLimits.cc[337] : (in function: getCLs) - At r = 9.831070:	q_mu = 10.04364	q_A  = 21.87973	Pmu = 0.00076	1-Pb  = 0.93427	CLs  = 0.00082
AsymptoticLimits.cc[337] : (in function: getCLs) - At r = 6.171825:	q_mu = 4.13612	q_A  = 14.41128	Pmu = 0.02099	1-Pb  = 0.96101	CLs  = 0.02184
AsymptoticLimits.cc[337] : (in function: getCLs) - At r = 4.342202:	q_mu = 1.46469	q_A  = 10.29688	Pmu = 0.11309	1-Pb  = 0.97718	CLs  = 0.11573
AsymptoticLimits.cc[337] : (in function: getCLs) - At r = 5.078884:	q_mu = 2.47376	q_A  = 11.98312	Pmu = 0.05788	1-Pb  = 0.97054	CLs  = 0.05964
AsymptoticLimits.cc[337] : (in function: getCLs) - At r = 5.450886:	q_mu = 3.02329	q_A  = 12.81981	Pmu = 0.04104	1-Pb  = 0.96724	CLs  = 0.04243
AsymptoticLimits.cc[337] : (in function: getCLs) - At r = 5.232948:	q_mu = 2.69881	q_A  = 12.33088	Pmu = 0.05021	1-Pb  = 0.96917	CLs  = 0.05181
AsymptoticLimits.cc[337] : (in function: getCLs) - At r = 5.307555:	q_mu = 2.80909	q_A  = 12.49867	Pmu = 0.04687	1-Pb  = 0.96851	CLs  = 0.04839
AsymptoticLimits.cc[337] : (in function: getCLs) - At r = 5.264014:	q_mu = 2.74460	q_A  = 12.40080	Pmu = 0.04879	1-Pb  = 0.96889	CLs  = 0.05036
AsymptoticLimits.cc[337] : (in function: getCLs) - At r = 5.278956:	q_mu = 2.76670	q_A  = 12.43439	Pmu = 0.04812	1-Pb  = 0.96876	CLs  = 0.04967
AsymptoticLimits.cc[337] : (in function: getCLs) - At r = 5.270250:	q_mu = 2.75382	q_A  = 12.41482	Pmu = 0.04851	1-Pb  = 0.96884	CLs  = 0.05007
AsymptoticLimits.cc[337] : (in function: getCLs) - At r = 5.273239:	q_mu = 2.75824	q_A  = 12.42154	Pmu = 0.04838	1-Pb  = 0.96881	CLs  = 0.04993
AsymptoticLimits.cc[337] : (in function: getCLs) - At r = 5.271498:	q_mu = 2.75566	q_A  = 12.41763	Pmu = 0.04846	1-Pb  = 0.96883	CLs  = 0.05001
AsymptoticLimits.cc[337] : (in function: getCLs) - At r = 5.272096:	q_mu = 2.75655	q_A  = 12.41897	Pmu = 0.04843	1-Pb  = 0.96882	CLs  = 0.04999
AsymptoticLimits.cc[337] : (in function: getCLs) - At r = 5.271747:	q_mu = 2.75603	q_A  = 12.41819	Pmu = 0.04844	1-Pb  = 0.96883	CLs  = 0.05000
AsymptoticLimits.cc[337] : (in function: getCLs) - At r = 5.271867:	q_mu = 2.75621	q_A  = 12.41846	Pmu = 0.04844	1-Pb  = 0.96883	CLs  = 0.05000
AsymptoticLimits.cc[337] : (in function: getCLs) - At r = 5.271797:	q_mu = 2.75611	q_A  = 12.41830	Pmu = 0.04844	1-Pb  = 0.96883	CLs  = 0.05000
AsymptoticLimits.cc[337] : (in function: getCLs) - At r = 5.271821:	q_mu = 2.75614	q_A  = 12.41835	Pmu = 0.04844	1-Pb  = 0.96883	CLs  = 0.05000
AsymptoticLimits.cc[337] : (in function: getCLs) - At r = 5.271807:	q_mu = 2.75612	q_A  = 12.41832	Pmu = 0.04844	1-Pb  = 0.96883	CLs  = 0.05000
