CascadeMinimizer.cc[188] : (in function: improveOnce) - Minimization configured with Type=Minuit2, Algo=Migrad, strategy=0, tolerance=0.1
CascadeMinimizer.cc[215] : (in function: improveOnce) - Minimization finished with status=0
CascadeMinimizer.cc[219] : (in function: improveOnce) - Minimization success! status=0
ToyMCSamplerOpt.cc[146] : (in function: generateAsimov) - Using internal logic for binned/unbinned Asimov dataset generation
ToyMCSamplerOpt.cc[214] : (in function: generateWithHisto) - Generating asimov with histogram for pdf pdf_binpass_LOW_obsOnly: in 2 x-bins
ToyMCSamplerOpt.cc[215] : (in function: generateWithHisto) -  , in 1 y-bins
ToyMCSamplerOpt.cc[146] : (in function: generateAsimov) - Using internal logic for binned/unbinned Asimov dataset generation
ToyMCSamplerOpt.cc[214] : (in function: generateWithHisto) - Generating asimov with histogram for pdf pdf_binpass_SIG_obsOnly: in 1 x-bins
ToyMCSamplerOpt.cc[215] : (in function: generateWithHisto) -  , in 1 y-bins
ToyMCSamplerOpt.cc[146] : (in function: generateAsimov) - Using internal logic for binned/unbinned Asimov dataset generation
ToyMCSamplerOpt.cc[214] : (in function: generateWithHisto) - Generating asimov with histogram for pdf pdf_binpass_HIGH_obsOnly: in 9 x-bins
ToyMCSamplerOpt.cc[215] : (in function: generateWithHisto) -  , in 1 y-bins
ToyMCSamplerOpt.cc[146] : (in function: generateAsimov) - Using internal logic for binned/unbinned Asimov dataset generation
ToyMCSamplerOpt.cc[214] : (in function: generateWithHisto) - Generating asimov with histogram for pdf pdf_binfail_LOW_obsOnly: in 2 x-bins
ToyMCSamplerOpt.cc[215] : (in function: generateWithHisto) -  , in 1 y-bins
ToyMCSamplerOpt.cc[146] : (in function: generateAsimov) - Using internal logic for binned/unbinned Asimov dataset generation
ToyMCSamplerOpt.cc[214] : (in function: generateWithHisto) - Generating asimov with histogram for pdf pdf_binfail_SIG_obsOnly: in 1 x-bins
ToyMCSamplerOpt.cc[215] : (in function: generateWithHisto) -  , in 1 y-bins
ToyMCSamplerOpt.cc[146] : (in function: generateAsimov) - Using internal logic for binned/unbinned Asimov dataset generation
ToyMCSamplerOpt.cc[214] : (in function: generateWithHisto) - Generating asimov with histogram for pdf pdf_binfail_HIGH_obsOnly: in 9 x-bins
ToyMCSamplerOpt.cc[215] : (in function: generateWithHisto) -  , in 1 y-bins
AsymptoticLimits.cc[428] : (in function: runLimitExpected) - Median for expected limits = 2.96875, Sigma for expected limits = 1.5147
AsymptoticLimits.cc[191] : (in function: runLimit) - NLL at global minimum of data = -812.236 (r=1.82077e-08)
AsymptoticLimits.cc[211] : (in function: runLimit) - NLL at global minimum of asimov = -811.697 (r=6.91755e-06)
AsymptoticLimits.cc[337] : (in function: getCLs) - At r = 2.075631:	q_mu = 2.79738	q_A  = 2.76353	Pmu = 0.04721	1-Pb  = 0.49594	CLs  = 0.09519
AsymptoticLimits.cc[337] : (in function: getCLs) - At r = 4.151261:	q_mu = 5.24272	q_A  = 5.18908	Pmu = 0.01102	1-Pb  = 0.49530	CLs  = 0.02225
AsymptoticLimits.cc[337] : (in function: getCLs) - At r = 2.075631:	q_mu = 2.79695	q_A  = 2.76346	Pmu = 0.04722	1-Pb  = 0.49598	CLs  = 0.09520
AsymptoticLimits.cc[337] : (in function: getCLs) - At r = 3.226283:	q_mu = 4.18815	q_A  = 4.14237	Pmu = 0.02035	1-Pb  = 0.49551	CLs  = 0.04107
AsymptoticLimits.cc[337] : (in function: getCLs) - At r = 2.780797:	q_mu = 3.66061	q_A  = 3.61927	Pmu = 0.02785	1-Pb  = 0.49567	CLs  = 0.05620
AsymptoticLimits.cc[337] : (in function: getCLs) - At r = 3.002706:	q_mu = 3.92489	q_A  = 3.88098	Pmu = 0.02379	1-Pb  = 0.49555	CLs  = 0.04800
AsymptoticLimits.cc[337] : (in function: getCLs) - At r = 2.912349:	q_mu = 3.81757	q_A  = 3.77454	Pmu = 0.02536	1-Pb  = 0.49558	CLs  = 0.05117
AsymptoticLimits.cc[337] : (in function: getCLs) - At r = 2.956506:	q_mu = 3.86989	q_A  = 3.82657	Pmu = 0.02458	1-Pb  = 0.49558	CLs  = 0.04959
AsymptoticLimits.cc[337] : (in function: getCLs) - At r = 2.938451:	q_mu = 3.84825	q_A  = 3.80530	Pmu = 0.02490	1-Pb  = 0.49561	CLs  = 0.05024
AsymptoticLimits.cc[337] : (in function: getCLs) - At r = 2.947346:	q_mu = 3.85560	q_A  = 3.81577	Pmu = 0.02479	1-Pb  = 0.49593	CLs  = 0.04998
AsymptoticLimits.cc[337] : (in function: getCLs) - At r = 2.945105:	q_mu = 3.85293	q_A  = 3.81312	Pmu = 0.02483	1-Pb  = 0.49593	CLs  = 0.05006
AsymptoticLimits.cc[337] : (in function: getCLs) - At r = 2.946530:	q_mu = 3.85462	q_A  = 3.81480	Pmu = 0.02480	1-Pb  = 0.49593	CLs  = 0.05001
AsymptoticLimits.cc[337] : (in function: getCLs) - At r = 2.946982:	q_mu = 3.85515	q_A  = 3.81532	Pmu = 0.02480	1-Pb  = 0.49593	CLs  = 0.05000
AsymptoticLimits.cc[337] : (in function: getCLs) - At r = 2.946824:	q_mu = 3.85497	q_A  = 3.81513	Pmu = 0.02480	1-Pb  = 0.49593	CLs  = 0.05000
AsymptoticLimits.cc[337] : (in function: getCLs) - At r = 2.946915:	q_mu = 3.85507	q_A  = 3.81523	Pmu = 0.02480	1-Pb  = 0.49593	CLs  = 0.05000
AsymptoticLimits.cc[337] : (in function: getCLs) - At r = 2.946885:	q_mu = 3.85504	q_A  = 3.81520	Pmu = 0.02480	1-Pb  = 0.49593	CLs  = 0.05000
AsymptoticLimits.cc[337] : (in function: getCLs) - At r = 2.946898:	q_mu = 3.85505	q_A  = 3.81521	Pmu = 0.02480	1-Pb  = 0.49593	CLs  = 0.05000
AsymptoticLimits.cc[337] : (in function: getCLs) - At r = 2.946905:	q_mu = 3.85506	q_A  = 3.81521	Pmu = 0.02480	1-Pb  = 0.49593	CLs  = 0.05000
