CascadeMinimizer.cc[188] : (in function: improveOnce) - Minimization configured with Type=Minuit2, Algo=Migrad, strategy=0, tolerance=0.1
CascadeMinimizer.cc[215] : (in function: improveOnce) - Minimization finished with status=0
CascadeMinimizer.cc[219] : (in function: improveOnce) - Minimization success! status=0
ToyMCSamplerOpt.cc[146] : (in function: generateAsimov) - Using internal logic for binned/unbinned Asimov dataset generation
ToyMCSamplerOpt.cc[214] : (in function: generateWithHisto) - Generating asimov with histogram for pdf pdf_binpass_LOW_obsOnly: in 3 x-bins
ToyMCSamplerOpt.cc[215] : (in function: generateWithHisto) -  , in 1 y-bins
ToyMCSamplerOpt.cc[146] : (in function: generateAsimov) - Using internal logic for binned/unbinned Asimov dataset generation
ToyMCSamplerOpt.cc[214] : (in function: generateWithHisto) - Generating asimov with histogram for pdf pdf_binpass_SIG_obsOnly: in 1 x-bins
ToyMCSamplerOpt.cc[215] : (in function: generateWithHisto) -  , in 1 y-bins
ToyMCSamplerOpt.cc[146] : (in function: generateAsimov) - Using internal logic for binned/unbinned Asimov dataset generation
ToyMCSamplerOpt.cc[214] : (in function: generateWithHisto) - Generating asimov with histogram for pdf pdf_binpass_HIGH_obsOnly: in 3 x-bins
ToyMCSamplerOpt.cc[215] : (in function: generateWithHisto) -  , in 1 y-bins
ToyMCSamplerOpt.cc[146] : (in function: generateAsimov) - Using internal logic for binned/unbinned Asimov dataset generation
ToyMCSamplerOpt.cc[214] : (in function: generateWithHisto) - Generating asimov with histogram for pdf pdf_binfail_LOW_obsOnly: in 3 x-bins
ToyMCSamplerOpt.cc[215] : (in function: generateWithHisto) -  , in 1 y-bins
ToyMCSamplerOpt.cc[146] : (in function: generateAsimov) - Using internal logic for binned/unbinned Asimov dataset generation
ToyMCSamplerOpt.cc[214] : (in function: generateWithHisto) - Generating asimov with histogram for pdf pdf_binfail_SIG_obsOnly: in 1 x-bins
ToyMCSamplerOpt.cc[215] : (in function: generateWithHisto) -  , in 1 y-bins
ToyMCSamplerOpt.cc[146] : (in function: generateAsimov) - Using internal logic for binned/unbinned Asimov dataset generation
ToyMCSamplerOpt.cc[214] : (in function: generateWithHisto) - Generating asimov with histogram for pdf pdf_binfail_HIGH_obsOnly: in 3 x-bins
ToyMCSamplerOpt.cc[215] : (in function: generateWithHisto) -  , in 1 y-bins
AsymptoticLimits.cc[428] : (in function: runLimitExpected) - Median for expected limits = 42.5, Sigma for expected limits = 21.6841
AsymptoticLimits.cc[191] : (in function: runLimit) - NLL at global minimum of data = -678.554 (r=3.48875e-09)
AsymptoticLimits.cc[211] : (in function: runLimit) - NLL at global minimum of asimov = -678.75 (r=0.000393399)
AsymptoticLimits.cc[337] : (in function: getCLs) - At r = 20.430460:	q_mu = 2.17210	q_A  = 2.26536	Pmu = 0.07027	1-Pb  = 0.51249	CLs  = 0.13711
AsymptoticLimits.cc[337] : (in function: getCLs) - At r = 40.860920:	q_mu = 3.61319	q_A  = 3.74700	Pmu = 0.02866	1-Pb  = 0.51391	CLs  = 0.05577
AsymptoticLimits.cc[337] : (in function: getCLs) - At r = 81.721839:	q_mu = 5.68786	q_A  = 5.87162	Pmu = 0.00854	1-Pb  = 0.51524	CLs  = 0.01658
AsymptoticLimits.cc[337] : (in function: getCLs) - At r = 40.860920:	q_mu = 3.61308	q_A  = 3.74663	Pmu = 0.02866	1-Pb  = 0.51389	CLs  = 0.05578
AsymptoticLimits.cc[337] : (in function: getCLs) - At r = 51.979245:	q_mu = 4.25498	q_A  = 4.40539	Pmu = 0.01957	1-Pb  = 0.51441	CLs  = 0.03804
AsymptoticLimits.cc[337] : (in function: getCLs) - At r = 45.625707:	q_mu = 3.89735	q_A  = 4.03846	Pmu = 0.02418	1-Pb  = 0.51413	CLs  = 0.04703
AsymptoticLimits.cc[337] : (in function: getCLs) - At r = 43.305471:	q_mu = 3.76065	q_A  = 3.89822	Pmu = 0.02624	1-Pb  = 0.51402	CLs  = 0.05104
AsymptoticLimits.cc[337] : (in function: getCLs) - At r = 44.237219:	q_mu = 3.81593	q_A  = 3.95495	Pmu = 0.02538	1-Pb  = 0.51407	CLs  = 0.04938
AsymptoticLimits.cc[337] : (in function: getCLs) - At r = 43.769224:	q_mu = 3.78823	q_A  = 3.92652	Pmu = 0.02581	1-Pb  = 0.51404	CLs  = 0.05020
AsymptoticLimits.cc[337] : (in function: getCLs) - At r = 43.954806:	q_mu = 3.79923	q_A  = 3.93779	Pmu = 0.02564	1-Pb  = 0.51405	CLs  = 0.04987
AsymptoticLimits.cc[337] : (in function: getCLs) - At r = 43.861124:	q_mu = 3.79368	q_A  = 3.93209	Pmu = 0.02572	1-Pb  = 0.51404	CLs  = 0.05004
AsymptoticLimits.cc[337] : (in function: getCLs) - At r = 43.898260:	q_mu = 3.79588	q_A  = 3.93434	Pmu = 0.02569	1-Pb  = 0.51405	CLs  = 0.04998
AsymptoticLimits.cc[337] : (in function: getCLs) - At r = 43.879548:	q_mu = 3.79477	q_A  = 3.93320	Pmu = 0.02571	1-Pb  = 0.51404	CLs  = 0.05001
AsymptoticLimits.cc[337] : (in function: getCLs) - At r = 43.887006:	q_mu = 3.79521	q_A  = 3.93365	Pmu = 0.02570	1-Pb  = 0.51404	CLs  = 0.05000
AsymptoticLimits.cc[337] : (in function: getCLs) - At r = 43.883283:	q_mu = 3.79499	q_A  = 3.93341	Pmu = 0.02570	1-Pb  = 0.51404	CLs  = 0.05000
AsymptoticLimits.cc[337] : (in function: getCLs) - At r = 43.884797:	q_mu = 3.79508	q_A  = 3.93350	Pmu = 0.02570	1-Pb  = 0.51404	CLs  = 0.05000
AsymptoticLimits.cc[337] : (in function: getCLs) - At r = 43.884069:	q_mu = 3.79504	q_A  = 3.93345	Pmu = 0.02570	1-Pb  = 0.51404	CLs  = 0.05000
AsymptoticLimits.cc[337] : (in function: getCLs) - At r = 43.884389:	q_mu = 3.79506	q_A  = 3.93347	Pmu = 0.02570	1-Pb  = 0.51404	CLs  = 0.05000
AsymptoticLimits.cc[337] : (in function: getCLs) - At r = 43.884258:	q_mu = 3.79505	q_A  = 3.93346	Pmu = 0.02570	1-Pb  = 0.51404	CLs  = 0.05000
