CascadeMinimizer.cc[188] : (in function: improveOnce) - Minimization configured with Type=Minuit2, Algo=Migrad, strategy=0, tolerance=0.1
CascadeMinimizer.cc[215] : (in function: improveOnce) - Minimization finished with status=0
CascadeMinimizer.cc[219] : (in function: improveOnce) - Minimization success! status=0
ToyMCSamplerOpt.cc[146] : (in function: generateAsimov) - Using internal logic for binned/unbinned Asimov dataset generation
ToyMCSamplerOpt.cc[214] : (in function: generateWithHisto) - Generating asimov with histogram for pdf pdf_binpass_LOW_obsOnly: in 3 x-bins
ToyMCSamplerOpt.cc[215] : (in function: generateWithHisto) -  , in 1 y-bins
ToyMCSamplerOpt.cc[146] : (in function: generateAsimov) - Using internal logic for binned/unbinned Asimov dataset generation
ToyMCSamplerOpt.cc[214] : (in function: generateWithHisto) - Generating asimov with histogram for pdf pdf_binpass_SIG_obsOnly: in 1 x-bins
ToyMCSamplerOpt.cc[215] : (in function: generateWithHisto) -  , in 1 y-bins
ToyMCSamplerOpt.cc[146] : (in function: generateAsimov) - Using internal logic for binned/unbinned Asimov dataset generation
ToyMCSamplerOpt.cc[214] : (in function: generateWithHisto) - Generating asimov with histogram for pdf pdf_binpass_HIGH_obsOnly: in 3 x-bins
ToyMCSamplerOpt.cc[215] : (in function: generateWithHisto) -  , in 1 y-bins
ToyMCSamplerOpt.cc[146] : (in function: generateAsimov) - Using internal logic for binned/unbinned Asimov dataset generation
ToyMCSamplerOpt.cc[214] : (in function: generateWithHisto) - Generating asimov with histogram for pdf pdf_binfail_LOW_obsOnly: in 3 x-bins
ToyMCSamplerOpt.cc[215] : (in function: generateWithHisto) -  , in 1 y-bins
ToyMCSamplerOpt.cc[146] : (in function: generateAsimov) - Using internal logic for binned/unbinned Asimov dataset generation
ToyMCSamplerOpt.cc[214] : (in function: generateWithHisto) - Generating asimov with histogram for pdf pdf_binfail_SIG_obsOnly: in 1 x-bins
ToyMCSamplerOpt.cc[215] : (in function: generateWithHisto) -  , in 1 y-bins
ToyMCSamplerOpt.cc[146] : (in function: generateAsimov) - Using internal logic for binned/unbinned Asimov dataset generation
ToyMCSamplerOpt.cc[214] : (in function: generateWithHisto) - Generating asimov with histogram for pdf pdf_binfail_HIGH_obsOnly: in 3 x-bins
ToyMCSamplerOpt.cc[215] : (in function: generateWithHisto) -  , in 1 y-bins
AsymptoticLimits.cc[428] : (in function: runLimitExpected) - Median for expected limits = 0.726562, Sigma for expected limits = 0.370702
AsymptoticLimits.cc[191] : (in function: runLimit) - NLL at global minimum of data = -688.959 (r=1.83144e-08)
AsymptoticLimits.cc[211] : (in function: runLimit) - NLL at global minimum of asimov = -689.03 (r=2.87419e-08)
AsymptoticLimits.cc[337] : (in function: getCLs) - At r = 1.200000:	q_mu = 5.66201	q_A  = 5.66726	Pmu = 0.00867	1-Pb  = 0.50044	CLs  = 0.01732
AsymptoticLimits.cc[337] : (in function: getCLs) - At r = 0.600000:	q_mu = 3.29170	q_A  = 3.29383	Pmu = 0.03482	1-Pb  = 0.50023	CLs  = 0.06960
AsymptoticLimits.cc[337] : (in function: getCLs) - At r = 0.834137:	q_mu = 4.28765	q_A  = 4.29099	Pmu = 0.01920	1-Pb  = 0.50032	CLs  = 0.03837
AsymptoticLimits.cc[337] : (in function: getCLs) - At r = 0.704010:	q_mu = 3.74753	q_A  = 3.75026	Pmu = 0.02644	1-Pb  = 0.50028	CLs  = 0.05286
AsymptoticLimits.cc[337] : (in function: getCLs) - At r = 0.748082:	q_mu = 3.93398	q_A  = 3.93690	Pmu = 0.02366	1-Pb  = 0.50029	CLs  = 0.04729
AsymptoticLimits.cc[337] : (in function: getCLs) - At r = 0.730432:	q_mu = 3.85976	q_A  = 3.86258	Pmu = 0.02473	1-Pb  = 0.50029	CLs  = 0.04943
AsymptoticLimits.cc[337] : (in function: getCLs) - At r = 0.721527:	q_mu = 3.82209	q_A  = 3.82485	Pmu = 0.02529	1-Pb  = 0.50028	CLs  = 0.05055
AsymptoticLimits.cc[337] : (in function: getCLs) - At r = 0.726792:	q_mu = 3.84438	q_A  = 3.84717	Pmu = 0.02496	1-Pb  = 0.50028	CLs  = 0.04988
AsymptoticLimits.cc[337] : (in function: getCLs) - At r = 0.725007:	q_mu = 3.83684	q_A  = 3.83961	Pmu = 0.02507	1-Pb  = 0.50028	CLs  = 0.05011
AsymptoticLimits.cc[337] : (in function: getCLs) - At r = 0.726059:	q_mu = 3.84128	q_A  = 3.84407	Pmu = 0.02500	1-Pb  = 0.50028	CLs  = 0.04998
AsymptoticLimits.cc[337] : (in function: getCLs) - At r = 0.725703:	q_mu = 3.83977	q_A  = 3.84256	Pmu = 0.02503	1-Pb  = 0.50028	CLs  = 0.05002
AsymptoticLimits.cc[337] : (in function: getCLs) - At r = 0.725913:	q_mu = 3.84066	q_A  = 3.84345	Pmu = 0.02501	1-Pb  = 0.50028	CLs  = 0.05000
AsymptoticLimits.cc[337] : (in function: getCLs) - At r = 0.725842:	q_mu = 3.84036	q_A  = 3.84315	Pmu = 0.02502	1-Pb  = 0.50028	CLs  = 0.05000
AsymptoticLimits.cc[337] : (in function: getCLs) - At r = 0.725884:	q_mu = 3.84054	q_A  = 3.84332	Pmu = 0.02501	1-Pb  = 0.50028	CLs  = 0.05000
AsymptoticLimits.cc[337] : (in function: getCLs) - At r = 0.725870:	q_mu = 3.84048	q_A  = 3.84326	Pmu = 0.02501	1-Pb  = 0.50028	CLs  = 0.05000
AsymptoticLimits.cc[337] : (in function: getCLs) - At r = 0.725878:	q_mu = 3.84051	q_A  = 3.84330	Pmu = 0.02501	1-Pb  = 0.50028	CLs  = 0.05000
AsymptoticLimits.cc[337] : (in function: getCLs) - At r = 0.725876:	q_mu = 3.84050	q_A  = 3.84329	Pmu = 0.02501	1-Pb  = 0.50028	CLs  = 0.05000
