CascadeMinimizer.cc[188] : (in function: improveOnce) - Minimization configured with Type=Minuit2, Algo=Migrad, strategy=0, tolerance=0.1
CascadeMinimizer.cc[215] : (in function: improveOnce) - Minimization finished with status=0
CascadeMinimizer.cc[219] : (in function: improveOnce) - Minimization success! status=0
ToyMCSamplerOpt.cc[146] : (in function: generateAsimov) - Using internal logic for binned/unbinned Asimov dataset generation
ToyMCSamplerOpt.cc[214] : (in function: generateWithHisto) - Generating asimov with histogram for pdf pdf_binpass_LOW_obsOnly: in 2 x-bins
ToyMCSamplerOpt.cc[215] : (in function: generateWithHisto) -  , in 1 y-bins
ToyMCSamplerOpt.cc[146] : (in function: generateAsimov) - Using internal logic for binned/unbinned Asimov dataset generation
ToyMCSamplerOpt.cc[214] : (in function: generateWithHisto) - Generating asimov with histogram for pdf pdf_binpass_SIG_obsOnly: in 1 x-bins
ToyMCSamplerOpt.cc[215] : (in function: generateWithHisto) -  , in 1 y-bins
ToyMCSamplerOpt.cc[146] : (in function: generateAsimov) - Using internal logic for binned/unbinned Asimov dataset generation
ToyMCSamplerOpt.cc[214] : (in function: generateWithHisto) - Generating asimov with histogram for pdf pdf_binpass_HIGH_obsOnly: in 9 x-bins
ToyMCSamplerOpt.cc[215] : (in function: generateWithHisto) -  , in 1 y-bins
ToyMCSamplerOpt.cc[146] : (in function: generateAsimov) - Using internal logic for binned/unbinned Asimov dataset generation
ToyMCSamplerOpt.cc[214] : (in function: generateWithHisto) - Generating asimov with histogram for pdf pdf_binfail_LOW_obsOnly: in 2 x-bins
ToyMCSamplerOpt.cc[215] : (in function: generateWithHisto) -  , in 1 y-bins
ToyMCSamplerOpt.cc[146] : (in function: generateAsimov) - Using internal logic for binned/unbinned Asimov dataset generation
ToyMCSamplerOpt.cc[214] : (in function: generateWithHisto) - Generating asimov with histogram for pdf pdf_binfail_SIG_obsOnly: in 1 x-bins
ToyMCSamplerOpt.cc[215] : (in function: generateWithHisto) -  , in 1 y-bins
ToyMCSamplerOpt.cc[146] : (in function: generateAsimov) - Using internal logic for binned/unbinned Asimov dataset generation
ToyMCSamplerOpt.cc[214] : (in function: generateWithHisto) - Generating asimov with histogram for pdf pdf_binfail_HIGH_obsOnly: in 9 x-bins
ToyMCSamplerOpt.cc[215] : (in function: generateWithHisto) -  , in 1 y-bins
AsymptoticLimits.cc[428] : (in function: runLimitExpected) - Median for expected limits = 0.59375, Sigma for expected limits = 0.302939
AsymptoticLimits.cc[191] : (in function: runLimit) - NLL at global minimum of data = -824.506 (r=2.72156e-09)
AsymptoticLimits.cc[211] : (in function: runLimit) - NLL at global minimum of asimov = -823.128 (r=1.02514e-05)
AsymptoticLimits.cc[337] : (in function: getCLs) - At r = 1.200000:	q_mu = 13.30004	q_A  = 9.04408	Pmu = 0.00010	1-Pb  = 0.23960	CLs  = 0.00042
AsymptoticLimits.cc[337] : (in function: getCLs) - At r = 0.600000:	q_mu = 7.04738	q_A  = 3.89746	Pmu = 0.00279	1-Pb  = 0.21250	CLs  = 0.01311
AsymptoticLimits.cc[337] : (in function: getCLs) - At r = 0.300000:	q_mu = 3.64212	q_A  = 1.50329	Pmu = 0.01794	1-Pb  = 0.19154	CLs  = 0.09365
AsymptoticLimits.cc[337] : (in function: getCLs) - At r = 0.450000:	q_mu = 5.37052	q_A  = 2.65867	Pmu = 0.00691	1-Pb  = 0.20282	CLs  = 0.03405
AsymptoticLimits.cc[337] : (in function: getCLs) - At r = 0.374431:	q_mu = 4.50608	q_A  = 2.06237	Pmu = 0.01110	1-Pb  = 0.19744	CLs  = 0.05622
AsymptoticLimits.cc[337] : (in function: getCLs) - At r = 0.403685:	q_mu = 4.84002	q_A  = 2.29029	Pmu = 0.00924	1-Pb  = 0.19978	CLs  = 0.04626
AsymptoticLimits.cc[337] : (in function: getCLs) - At r = 0.388508:	q_mu = 4.66567	q_A  = 2.17149	Pmu = 0.01017	1-Pb  = 0.19870	CLs  = 0.05120
AsymptoticLimits.cc[337] : (in function: getCLs) - At r = 0.394385:	q_mu = 4.73307	q_A  = 2.21730	Pmu = 0.00980	1-Pb  = 0.19913	CLs  = 0.04923
AsymptoticLimits.cc[337] : (in function: getCLs) - At r = 0.391350:	q_mu = 4.69818	q_A  = 2.19359	Pmu = 0.00999	1-Pb  = 0.19891	CLs  = 0.05024
AsymptoticLimits.cc[337] : (in function: getCLs) - At r = 0.392529:	q_mu = 4.71171	q_A  = 2.20278	Pmu = 0.00992	1-Pb  = 0.19899	CLs  = 0.04985
AsymptoticLimits.cc[337] : (in function: getCLs) - At r = 0.391923:	q_mu = 4.70474	q_A  = 2.19801	Pmu = 0.00996	1-Pb  = 0.19894	CLs  = 0.05005
AsymptoticLimits.cc[337] : (in function: getCLs) - At r = 0.392160:	q_mu = 4.70745	q_A  = 2.19982	Pmu = 0.00994	1-Pb  = 0.19896	CLs  = 0.04997
AsymptoticLimits.cc[337] : (in function: getCLs) - At r = 0.392040:	q_mu = 4.70606	q_A  = 2.19888	Pmu = 0.00995	1-Pb  = 0.19895	CLs  = 0.05001
AsymptoticLimits.cc[337] : (in function: getCLs) - At r = 0.392089:	q_mu = 4.70661	q_A  = 2.19925	Pmu = 0.00995	1-Pb  = 0.19895	CLs  = 0.04999
AsymptoticLimits.cc[337] : (in function: getCLs) - At r = 0.392066:	q_mu = 4.70634	q_A  = 2.19906	Pmu = 0.00995	1-Pb  = 0.19895	CLs  = 0.05000
AsymptoticLimits.cc[337] : (in function: getCLs) - At r = 0.392076:	q_mu = 4.70645	q_A  = 2.19913	Pmu = 0.00995	1-Pb  = 0.19895	CLs  = 0.05000
AsymptoticLimits.cc[337] : (in function: getCLs) - At r = 0.392072:	q_mu = 4.70640	q_A  = 2.19909	Pmu = 0.00995	1-Pb  = 0.19895	CLs  = 0.05000
AsymptoticLimits.cc[337] : (in function: getCLs) - At r = 0.392074:	q_mu = 4.70641	q_A  = 2.19909	Pmu = 0.00995	1-Pb  = 0.19895	CLs  = 0.05000
