CascadeMinimizer.cc[188] : (in function: improveOnce) - Minimization configured with Type=Minuit2, Algo=Migrad, strategy=0, tolerance=0.1
CascadeMinimizer.cc[215] : (in function: improveOnce) - Minimization finished with status=0
CascadeMinimizer.cc[219] : (in function: improveOnce) - Minimization success! status=0
ToyMCSamplerOpt.cc[146] : (in function: generateAsimov) - Using internal logic for binned/unbinned Asimov dataset generation
ToyMCSamplerOpt.cc[214] : (in function: generateWithHisto) - Generating asimov with histogram for pdf pdf_binpass_LOW_obsOnly: in 3 x-bins
ToyMCSamplerOpt.cc[215] : (in function: generateWithHisto) -  , in 1 y-bins
ToyMCSamplerOpt.cc[146] : (in function: generateAsimov) - Using internal logic for binned/unbinned Asimov dataset generation
ToyMCSamplerOpt.cc[214] : (in function: generateWithHisto) - Generating asimov with histogram for pdf pdf_binpass_SIG_obsOnly: in 1 x-bins
ToyMCSamplerOpt.cc[215] : (in function: generateWithHisto) -  , in 1 y-bins
ToyMCSamplerOpt.cc[146] : (in function: generateAsimov) - Using internal logic for binned/unbinned Asimov dataset generation
ToyMCSamplerOpt.cc[214] : (in function: generateWithHisto) - Generating asimov with histogram for pdf pdf_binpass_HIGH_obsOnly: in 5 x-bins
ToyMCSamplerOpt.cc[215] : (in function: generateWithHisto) -  , in 1 y-bins
ToyMCSamplerOpt.cc[146] : (in function: generateAsimov) - Using internal logic for binned/unbinned Asimov dataset generation
ToyMCSamplerOpt.cc[214] : (in function: generateWithHisto) - Generating asimov with histogram for pdf pdf_binfail_LOW_obsOnly: in 3 x-bins
ToyMCSamplerOpt.cc[215] : (in function: generateWithHisto) -  , in 1 y-bins
ToyMCSamplerOpt.cc[146] : (in function: generateAsimov) - Using internal logic for binned/unbinned Asimov dataset generation
ToyMCSamplerOpt.cc[214] : (in function: generateWithHisto) - Generating asimov with histogram for pdf pdf_binfail_SIG_obsOnly: in 1 x-bins
ToyMCSamplerOpt.cc[215] : (in function: generateWithHisto) -  , in 1 y-bins
ToyMCSamplerOpt.cc[146] : (in function: generateAsimov) - Using internal logic for binned/unbinned Asimov dataset generation
ToyMCSamplerOpt.cc[214] : (in function: generateWithHisto) - Generating asimov with histogram for pdf pdf_binfail_HIGH_obsOnly: in 5 x-bins
ToyMCSamplerOpt.cc[215] : (in function: generateWithHisto) -  , in 1 y-bins
AsymptoticLimits.cc[428] : (in function: runLimitExpected) - Median for expected limits = 0.898438, Sigma for expected limits = 0.458395
AsymptoticLimits.cc[191] : (in function: runLimit) - NLL at global minimum of data = -765.045 (r=1.91638e-09)
AsymptoticLimits.cc[211] : (in function: runLimit) - NLL at global minimum of asimov = -763.66 (r=7.1936e-06)
AsymptoticLimits.cc[337] : (in function: getCLs) - At r = 1.200000:	q_mu = 13.99885	q_A  = 6.10535	Pmu = 0.00002	1-Pb  = 0.05510	CLs  = 0.00043
AsymptoticLimits.cc[337] : (in function: getCLs) - At r = 0.600000:	q_mu = 6.09155	q_A  = 1.84960	Pmu = 0.00175	1-Pb  = 0.05943	CLs  = 0.02949
AsymptoticLimits.cc[337] : (in function: getCLs) - At r = 0.300000:	q_mu = 3.04646	q_A  = 0.38763	Pmu = 0.00291	1-Pb  = 0.01637	CLs  = 0.17771
AsymptoticLimits.cc[337] : (in function: getCLs) - At r = 0.450000:	q_mu = 4.57276	q_A  = 1.03672	Pmu = 0.00294	1-Pb  = 0.04124	CLs  = 0.07123
AsymptoticLimits.cc[337] : (in function: getCLs) - At r = 0.528162:	q_mu = 5.36627	q_A  = 1.44557	Pmu = 0.00231	1-Pb  = 0.05150	CLs  = 0.04480
AsymptoticLimits.cc[337] : (in function: getCLs) - At r = 0.497720:	q_mu = 5.05723	q_A  = 1.28179	Pmu = 0.00256	1-Pb  = 0.04772	CLs  = 0.05362
AsymptoticLimits.cc[337] : (in function: getCLs) - At r = 0.513282:	q_mu = 5.21510	q_A  = 1.36471	Pmu = 0.00243	1-Pb  = 0.04968	CLs  = 0.04891
AsymptoticLimits.cc[337] : (in function: getCLs) - At r = 0.507189:	q_mu = 5.15321	q_A  = 1.33204	Pmu = 0.00248	1-Pb  = 0.04892	CLs  = 0.05070
AsymptoticLimits.cc[337] : (in function: getCLs) - At r = 0.510302:	q_mu = 5.18477	q_A  = 1.34869	Pmu = 0.00245	1-Pb  = 0.04931	CLs  = 0.04978
AsymptoticLimits.cc[337] : (in function: getCLs) - At r = 0.509086:	q_mu = 5.17241	q_A  = 1.34217	Pmu = 0.00246	1-Pb  = 0.04916	CLs  = 0.05014
AsymptoticLimits.cc[337] : (in function: getCLs) - At r = 0.509710:	q_mu = 5.17872	q_A  = 1.34551	Pmu = 0.00246	1-Pb  = 0.04924	CLs  = 0.04996
AsymptoticLimits.cc[337] : (in function: getCLs) - At r = 0.509469:	q_mu = 5.17625	q_A  = 1.34421	Pmu = 0.00246	1-Pb  = 0.04921	CLs  = 0.05003
AsymptoticLimits.cc[337] : (in function: getCLs) - At r = 0.509595:	q_mu = 5.17750	q_A  = 1.34489	Pmu = 0.00246	1-Pb  = 0.04922	CLs  = 0.04999
AsymptoticLimits.cc[337] : (in function: getCLs) - At r = 0.509549:	q_mu = 5.17701	q_A  = 1.34464	Pmu = 0.00246	1-Pb  = 0.04922	CLs  = 0.05001
AsymptoticLimits.cc[337] : (in function: getCLs) - At r = 0.509575:	q_mu = 5.17726	q_A  = 1.34478	Pmu = 0.00246	1-Pb  = 0.04922	CLs  = 0.05000
AsymptoticLimits.cc[337] : (in function: getCLs) - At r = 0.509567:	q_mu = 5.17717	q_A  = 1.34473	Pmu = 0.00246	1-Pb  = 0.04922	CLs  = 0.05000
AsymptoticLimits.cc[337] : (in function: getCLs) - At r = 0.509571:	q_mu = 5.17719	q_A  = 1.34475	Pmu = 0.00246	1-Pb  = 0.04922	CLs  = 0.05000
