CascadeMinimizer.cc[188] : (in function: improveOnce) - Minimization configured with Type=Minuit2, Algo=Migrad, strategy=0, tolerance=0.1
CascadeMinimizer.cc[215] : (in function: improveOnce) - Minimization finished with status=0
CascadeMinimizer.cc[219] : (in function: improveOnce) - Minimization success! status=0
ToyMCSamplerOpt.cc[146] : (in function: generateAsimov) - Using internal logic for binned/unbinned Asimov dataset generation
ToyMCSamplerOpt.cc[214] : (in function: generateWithHisto) - Generating asimov with histogram for pdf pdf_binpass_LOW_obsOnly: in 3 x-bins
ToyMCSamplerOpt.cc[215] : (in function: generateWithHisto) -  , in 1 y-bins
ToyMCSamplerOpt.cc[146] : (in function: generateAsimov) - Using internal logic for binned/unbinned Asimov dataset generation
ToyMCSamplerOpt.cc[214] : (in function: generateWithHisto) - Generating asimov with histogram for pdf pdf_binpass_SIG_obsOnly: in 1 x-bins
ToyMCSamplerOpt.cc[215] : (in function: generateWithHisto) -  , in 1 y-bins
ToyMCSamplerOpt.cc[146] : (in function: generateAsimov) - Using internal logic for binned/unbinned Asimov dataset generation
ToyMCSamplerOpt.cc[214] : (in function: generateWithHisto) - Generating asimov with histogram for pdf pdf_binpass_HIGH_obsOnly: in 3 x-bins
ToyMCSamplerOpt.cc[215] : (in function: generateWithHisto) -  , in 1 y-bins
ToyMCSamplerOpt.cc[146] : (in function: generateAsimov) - Using internal logic for binned/unbinned Asimov dataset generation
ToyMCSamplerOpt.cc[214] : (in function: generateWithHisto) - Generating asimov with histogram for pdf pdf_binfail_LOW_obsOnly: in 3 x-bins
ToyMCSamplerOpt.cc[215] : (in function: generateWithHisto) -  , in 1 y-bins
ToyMCSamplerOpt.cc[146] : (in function: generateAsimov) - Using internal logic for binned/unbinned Asimov dataset generation
ToyMCSamplerOpt.cc[214] : (in function: generateWithHisto) - Generating asimov with histogram for pdf pdf_binfail_SIG_obsOnly: in 1 x-bins
ToyMCSamplerOpt.cc[215] : (in function: generateWithHisto) -  , in 1 y-bins
ToyMCSamplerOpt.cc[146] : (in function: generateAsimov) - Using internal logic for binned/unbinned Asimov dataset generation
ToyMCSamplerOpt.cc[214] : (in function: generateWithHisto) - Generating asimov with histogram for pdf pdf_binfail_HIGH_obsOnly: in 3 x-bins
ToyMCSamplerOpt.cc[215] : (in function: generateWithHisto) -  , in 1 y-bins
AsymptoticLimits.cc[428] : (in function: runLimitExpected) - Median for expected limits = 3.03125, Sigma for expected limits = 1.54658
AsymptoticLimits.cc[191] : (in function: runLimit) - NLL at global minimum of data = -8424.81 (r=1.48266e-08)
AsymptoticLimits.cc[211] : (in function: runLimit) - NLL at global minimum of asimov = -8425.16 (r=8.6451e-07)
AsymptoticLimits.cc[337] : (in function: getCLs) - At r = 1.200000:	q_mu = 3.40792	q_A  = 1.34594	Pmu = 0.02024	1-Pb  = 0.18709	CLs  = 0.10818
AsymptoticLimits.cc[337] : (in function: getCLs) - At r = 2.400000:	q_mu = 5.77572	q_A  = 3.02515	Pmu = 0.00570	1-Pb  = 0.21456	CLs  = 0.02658
AsymptoticLimits.cc[337] : (in function: getCLs) - At r = 1.200000:	q_mu = 3.40788	q_A  = 1.34597	Pmu = 0.02024	1-Pb  = 0.18710	CLs  = 0.10818
AsymptoticLimits.cc[337] : (in function: getCLs) - At r = 1.727861:	q_mu = 4.52814	q_A  = 2.10304	Pmu = 0.01112	1-Pb  = 0.20154	CLs  = 0.05516
AsymptoticLimits.cc[337] : (in function: getCLs) - At r = 1.934674:	q_mu = 4.93045	q_A  = 2.39275	Pmu = 0.00896	1-Pb  = 0.20603	CLs  = 0.04351
AsymptoticLimits.cc[337] : (in function: getCLs) - At r = 1.837714:	q_mu = 4.74410	q_A  = 2.25752	Pmu = 0.00990	1-Pb  = 0.20398	CLs  = 0.04855
AsymptoticLimits.cc[337] : (in function: getCLs) - At r = 1.795502:	q_mu = 4.66172	q_A  = 2.19830	Pmu = 0.01035	1-Pb  = 0.20306	CLs  = 0.05097
AsymptoticLimits.cc[337] : (in function: getCLs) - At r = 1.817294:	q_mu = 4.70434	q_A  = 2.22890	Pmu = 0.01012	1-Pb  = 0.20354	CLs  = 0.04970
AsymptoticLimits.cc[337] : (in function: getCLs) - At r = 1.808817:	q_mu = 4.68778	q_A  = 2.21700	Pmu = 0.01021	1-Pb  = 0.20335	CLs  = 0.05019
AsymptoticLimits.cc[337] : (in function: getCLs) - At r = 1.813169:	q_mu = 4.69629	q_A  = 2.22311	Pmu = 0.01016	1-Pb  = 0.20345	CLs  = 0.04994
AsymptoticLimits.cc[337] : (in function: getCLs) - At r = 1.811472:	q_mu = 4.69297	q_A  = 2.22073	Pmu = 0.01018	1-Pb  = 0.20341	CLs  = 0.05004
AsymptoticLimits.cc[337] : (in function: getCLs) - At r = 1.812342:	q_mu = 4.69467	q_A  = 2.22195	Pmu = 0.01017	1-Pb  = 0.20343	CLs  = 0.04999
AsymptoticLimits.cc[337] : (in function: getCLs) - At r = 1.812003:	q_mu = 4.69401	q_A  = 2.22147	Pmu = 0.01017	1-Pb  = 0.20342	CLs  = 0.05001
AsymptoticLimits.cc[337] : (in function: getCLs) - At r = 1.812177:	q_mu = 4.69435	q_A  = 2.22172	Pmu = 0.01017	1-Pb  = 0.20343	CLs  = 0.05000
AsymptoticLimits.cc[337] : (in function: getCLs) - At r = 1.812109:	q_mu = 4.69422	q_A  = 2.22162	Pmu = 0.01017	1-Pb  = 0.20343	CLs  = 0.05000
AsymptoticLimits.cc[337] : (in function: getCLs) - At r = 1.812144:	q_mu = 4.69429	q_A  = 2.22167	Pmu = 0.01017	1-Pb  = 0.20343	CLs  = 0.05000
AsymptoticLimits.cc[337] : (in function: getCLs) - At r = 1.812130:	q_mu = 4.69426	q_A  = 2.22165	Pmu = 0.01017	1-Pb  = 0.20343	CLs  = 0.05000
AsymptoticLimits.cc[337] : (in function: getCLs) - At r = 1.812137:	q_mu = 4.69427	q_A  = 2.22166	Pmu = 0.01017	1-Pb  = 0.20343	CLs  = 0.05000
