CascadeMinimizer.cc[188] : (in function: improveOnce) - Minimization configured with Type=Minuit2, Algo=Migrad, strategy=0, tolerance=0.1
CascadeMinimizer.cc[215] : (in function: improveOnce) - Minimization finished with status=0
CascadeMinimizer.cc[219] : (in function: improveOnce) - Minimization success! status=0
ToyMCSamplerOpt.cc[146] : (in function: generateAsimov) - Using internal logic for binned/unbinned Asimov dataset generation
ToyMCSamplerOpt.cc[214] : (in function: generateWithHisto) - Generating asimov with histogram for pdf pdf_binpass_LOW_obsOnly: in 2 x-bins
ToyMCSamplerOpt.cc[215] : (in function: generateWithHisto) -  , in 1 y-bins
ToyMCSamplerOpt.cc[146] : (in function: generateAsimov) - Using internal logic for binned/unbinned Asimov dataset generation
ToyMCSamplerOpt.cc[214] : (in function: generateWithHisto) - Generating asimov with histogram for pdf pdf_binpass_SIG_obsOnly: in 1 x-bins
ToyMCSamplerOpt.cc[215] : (in function: generateWithHisto) -  , in 1 y-bins
ToyMCSamplerOpt.cc[146] : (in function: generateAsimov) - Using internal logic for binned/unbinned Asimov dataset generation
ToyMCSamplerOpt.cc[214] : (in function: generateWithHisto) - Generating asimov with histogram for pdf pdf_binpass_HIGH_obsOnly: in 9 x-bins
ToyMCSamplerOpt.cc[215] : (in function: generateWithHisto) -  , in 1 y-bins
ToyMCSamplerOpt.cc[146] : (in function: generateAsimov) - Using internal logic for binned/unbinned Asimov dataset generation
ToyMCSamplerOpt.cc[214] : (in function: generateWithHisto) - Generating asimov with histogram for pdf pdf_binfail_LOW_obsOnly: in 2 x-bins
ToyMCSamplerOpt.cc[215] : (in function: generateWithHisto) -  , in 1 y-bins
ToyMCSamplerOpt.cc[146] : (in function: generateAsimov) - Using internal logic for binned/unbinned Asimov dataset generation
ToyMCSamplerOpt.cc[214] : (in function: generateWithHisto) - Generating asimov with histogram for pdf pdf_binfail_SIG_obsOnly: in 1 x-bins
ToyMCSamplerOpt.cc[215] : (in function: generateWithHisto) -  , in 1 y-bins
ToyMCSamplerOpt.cc[146] : (in function: generateAsimov) - Using internal logic for binned/unbinned Asimov dataset generation
ToyMCSamplerOpt.cc[214] : (in function: generateWithHisto) - Generating asimov with histogram for pdf pdf_binfail_HIGH_obsOnly: in 9 x-bins
ToyMCSamplerOpt.cc[215] : (in function: generateWithHisto) -  , in 1 y-bins
AsymptoticLimits.cc[428] : (in function: runLimitExpected) - Median for expected limits = 1.71875, Sigma for expected limits = 0.876929
AsymptoticLimits.cc[191] : (in function: runLimit) - NLL at global minimum of data = -569.946 (r=0.774851)
AsymptoticLimits.cc[211] : (in function: runLimit) - NLL at global minimum of asimov = -569.4 (r=0.0106724)
AsymptoticLimits.cc[337] : (in function: getCLs) - At r = 3.206352:	q_mu = 7.60346	q_A  = 11.74869	Pmu = 0.00291	1-Pb  = 0.74863	CLs  = 0.00389
AsymptoticLimits.cc[337] : (in function: getCLs) - At r = 1.990601:	q_mu = 2.14663	q_A  = 5.05708	Pmu = 0.07144	1-Pb  = 0.78338	CLs  = 0.09120
AsymptoticLimits.cc[337] : (in function: getCLs) - At r = 2.598477:	q_mu = 4.56178	q_A  = 8.17502	Pmu = 0.01635	1-Pb  = 0.76527	CLs  = 0.02136
AsymptoticLimits.cc[337] : (in function: getCLs) - At r = 2.313532:	q_mu = 3.34439	q_A  = 6.64813	Pmu = 0.03372	1-Pb  = 0.77326	CLs  = 0.04360
AsymptoticLimits.cc[337] : (in function: getCLs) - At r = 2.201023:	q_mu = 2.90942	q_A  = 6.07627	Pmu = 0.04403	1-Pb  = 0.77617	CLs  = 0.05673
AsymptoticLimits.cc[337] : (in function: getCLs) - At r = 2.266716:	q_mu = 3.15989	q_A  = 6.40782	Pmu = 0.03773	1-Pb  = 0.77450	CLs  = 0.04872
AsymptoticLimits.cc[337] : (in function: getCLs) - At r = 2.244627:	q_mu = 3.07455	q_A  = 6.29559	Pmu = 0.03976	1-Pb  = 0.77507	CLs  = 0.05130
AsymptoticLimits.cc[337] : (in function: getCLs) - At r = 2.257846:	q_mu = 3.12543	q_A  = 6.36264	Pmu = 0.03854	1-Pb  = 0.77474	CLs  = 0.04975
AsymptoticLimits.cc[337] : (in function: getCLs) - At r = 2.253452:	q_mu = 3.10842	q_A  = 6.34030	Pmu = 0.03894	1-Pb  = 0.77485	CLs  = 0.05026
AsymptoticLimits.cc[337] : (in function: getCLs) - At r = 2.255224:	q_mu = 3.11522	q_A  = 6.34931	Pmu = 0.03878	1-Pb  = 0.77481	CLs  = 0.05005
AsymptoticLimits.cc[337] : (in function: getCLs) - At r = 2.256112:	q_mu = 3.11202	q_A  = 6.35381	Pmu = 0.03886	1-Pb  = 0.77535	CLs  = 0.05012
AsymptoticLimits.cc[337] : (in function: getCLs) - At r = 2.256894:	q_mu = 3.11507	q_A  = 6.35779	Pmu = 0.03879	1-Pb  = 0.77533	CLs  = 0.05002
AsymptoticLimits.cc[337] : (in function: getCLs) - At r = 2.257152:	q_mu = 3.11609	q_A  = 6.35910	Pmu = 0.03876	1-Pb  = 0.77532	CLs  = 0.04999
AsymptoticLimits.cc[337] : (in function: getCLs) - At r = 2.257061:	q_mu = 3.11572	q_A  = 6.35863	Pmu = 0.03877	1-Pb  = 0.77532	CLs  = 0.05001
AsymptoticLimits.cc[337] : (in function: getCLs) - At r = 2.257113:	q_mu = 3.11592	q_A  = 6.35890	Pmu = 0.03877	1-Pb  = 0.77532	CLs  = 0.05000
AsymptoticLimits.cc[337] : (in function: getCLs) - At r = 2.257095:	q_mu = 3.11585	q_A  = 6.35881	Pmu = 0.03877	1-Pb  = 0.77532	CLs  = 0.05000
AsymptoticLimits.cc[337] : (in function: getCLs) - At r = 2.257106:	q_mu = 3.11589	q_A  = 6.35886	Pmu = 0.03877	1-Pb  = 0.77532	CLs  = 0.05000
