CascadeMinimizer.cc[188] : (in function: improveOnce) - Minimization configured with Type=Minuit2, Algo=Migrad, strategy=0, tolerance=0.1
CascadeMinimizer.cc[215] : (in function: improveOnce) - Minimization finished with status=0
CascadeMinimizer.cc[219] : (in function: improveOnce) - Minimization success! status=0
ToyMCSamplerOpt.cc[146] : (in function: generateAsimov) - Using internal logic for binned/unbinned Asimov dataset generation
ToyMCSamplerOpt.cc[214] : (in function: generateWithHisto) - Generating asimov with histogram for pdf pdf_binpass_LOW_obsOnly: in 2 x-bins
ToyMCSamplerOpt.cc[215] : (in function: generateWithHisto) -  , in 1 y-bins
ToyMCSamplerOpt.cc[146] : (in function: generateAsimov) - Using internal logic for binned/unbinned Asimov dataset generation
ToyMCSamplerOpt.cc[214] : (in function: generateWithHisto) - Generating asimov with histogram for pdf pdf_binpass_SIG_obsOnly: in 1 x-bins
ToyMCSamplerOpt.cc[215] : (in function: generateWithHisto) -  , in 1 y-bins
ToyMCSamplerOpt.cc[146] : (in function: generateAsimov) - Using internal logic for binned/unbinned Asimov dataset generation
ToyMCSamplerOpt.cc[214] : (in function: generateWithHisto) - Generating asimov with histogram for pdf pdf_binpass_HIGH_obsOnly: in 9 x-bins
ToyMCSamplerOpt.cc[215] : (in function: generateWithHisto) -  , in 1 y-bins
ToyMCSamplerOpt.cc[146] : (in function: generateAsimov) - Using internal logic for binned/unbinned Asimov dataset generation
ToyMCSamplerOpt.cc[214] : (in function: generateWithHisto) - Generating asimov with histogram for pdf pdf_binfail_LOW_obsOnly: in 2 x-bins
ToyMCSamplerOpt.cc[215] : (in function: generateWithHisto) -  , in 1 y-bins
ToyMCSamplerOpt.cc[146] : (in function: generateAsimov) - Using internal logic for binned/unbinned Asimov dataset generation
ToyMCSamplerOpt.cc[214] : (in function: generateWithHisto) - Generating asimov with histogram for pdf pdf_binfail_SIG_obsOnly: in 1 x-bins
ToyMCSamplerOpt.cc[215] : (in function: generateWithHisto) -  , in 1 y-bins
ToyMCSamplerOpt.cc[146] : (in function: generateAsimov) - Using internal logic for binned/unbinned Asimov dataset generation
ToyMCSamplerOpt.cc[214] : (in function: generateWithHisto) - Generating asimov with histogram for pdf pdf_binfail_HIGH_obsOnly: in 9 x-bins
ToyMCSamplerOpt.cc[215] : (in function: generateWithHisto) -  , in 1 y-bins
AsymptoticLimits.cc[428] : (in function: runLimitExpected) - Median for expected limits = 2.67188, Sigma for expected limits = 1.36323
AsymptoticLimits.cc[191] : (in function: runLimit) - NLL at global minimum of data = -21.0268 (r=1.59703e-05)
AsymptoticLimits.cc[211] : (in function: runLimit) - NLL at global minimum of asimov = -20.5964 (r=4.61139e-06)
AsymptoticLimits.cc[337] : (in function: getCLs) - At r = 1.479409:	q_mu = 2.66311	q_A  = 2.04036	Pmu = 0.04984	1-Pb  = 0.41372	CLs  = 0.12047
AsymptoticLimits.cc[337] : (in function: getCLs) - At r = 2.958818:	q_mu = 5.12081	q_A  = 4.27216	Pmu = 0.01154	1-Pb  = 0.41867	CLs  = 0.02756
AsymptoticLimits.cc[337] : (in function: getCLs) - At r = 1.479417:	q_mu = 2.66294	q_A  = 2.03652	Pmu = 0.04983	1-Pb  = 0.41314	CLs  = 0.12060
AsymptoticLimits.cc[337] : (in function: getCLs) - At r = 2.185284:	q_mu = 3.85788	q_A  = 3.10973	Pmu = 0.02410	1-Pb  = 0.41600	CLs  = 0.05794
AsymptoticLimits.cc[337] : (in function: getCLs) - At r = 2.462668:	q_mu = 4.31607	q_A  = 3.52689	Pmu = 0.01839	1-Pb  = 0.41679	CLs  = 0.04413
AsymptoticLimits.cc[337] : (in function: getCLs) - At r = 2.305403:	q_mu = 4.05699	q_A  = 3.28956	Pmu = 0.02142	1-Pb  = 0.41622	CLs  = 0.05146
AsymptoticLimits.cc[337] : (in function: getCLs) - At r = 2.360444:	q_mu = 4.14788	q_A  = 3.37208	Pmu = 0.02030	1-Pb  = 0.41635	CLs  = 0.04876
AsymptoticLimits.cc[337] : (in function: getCLs) - At r = 2.328933:	q_mu = 4.09590	q_A  = 3.32441	Pmu = 0.02093	1-Pb  = 0.41622	CLs  = 0.05029
AsymptoticLimits.cc[337] : (in function: getCLs) - At r = 2.339973:	q_mu = 4.11409	q_A  = 3.34093	Pmu = 0.02071	1-Pb  = 0.41625	CLs  = 0.04975
AsymptoticLimits.cc[337] : (in function: getCLs) - At r = 2.333688:	q_mu = 4.10372	q_A  = 3.33144	Pmu = 0.02084	1-Pb  = 0.41623	CLs  = 0.05006
AsymptoticLimits.cc[337] : (in function: getCLs) - At r = 2.335912:	q_mu = 4.10739	q_A  = 3.33482	Pmu = 0.02079	1-Pb  = 0.41624	CLs  = 0.04995
AsymptoticLimits.cc[337] : (in function: getCLs) - At r = 2.334653:	q_mu = 4.10531	q_A  = 3.33299	Pmu = 0.02082	1-Pb  = 0.41624	CLs  = 0.05001
AsymptoticLimits.cc[337] : (in function: getCLs) - At r = 2.335088:	q_mu = 4.10606	q_A  = 3.33372	Pmu = 0.02081	1-Pb  = 0.41625	CLs  = 0.04999
AsymptoticLimits.cc[337] : (in function: getCLs) - At r = 2.334909:	q_mu = 4.10572	q_A  = 3.33355	Pmu = 0.02081	1-Pb  = 0.41626	CLs  = 0.05000
AsymptoticLimits.cc[337] : (in function: getCLs) - At r = 2.334813:	q_mu = 4.10556	q_A  = 3.33350	Pmu = 0.02081	1-Pb  = 0.41628	CLs  = 0.05000
AsymptoticLimits.cc[337] : (in function: getCLs) - At r = 2.334843:	q_mu = 4.10561	q_A  = 3.33365	Pmu = 0.02081	1-Pb  = 0.41629	CLs  = 0.05000
AsymptoticLimits.cc[337] : (in function: getCLs) - At r = 2.334824:	q_mu = 4.10558	q_A  = 3.33372	Pmu = 0.02081	1-Pb  = 0.41630	CLs  = 0.05000
AsymptoticLimits.cc[337] : (in function: getCLs) - At r = 2.334817:	q_mu = 4.10556	q_A  = 3.33381	Pmu = 0.02081	1-Pb  = 0.41631	CLs  = 0.05000
