CascadeMinimizer.cc[188] : (in function: improveOnce) - Minimization configured with Type=Minuit2, Algo=Migrad, strategy=0, tolerance=0.1
CascadeMinimizer.cc[215] : (in function: improveOnce) - Minimization finished with status=0
CascadeMinimizer.cc[219] : (in function: improveOnce) - Minimization success! status=0
ToyMCSamplerOpt.cc[146] : (in function: generateAsimov) - Using internal logic for binned/unbinned Asimov dataset generation
ToyMCSamplerOpt.cc[214] : (in function: generateWithHisto) - Generating asimov with histogram for pdf pdf_binpass_LOW_obsOnly: in 4 x-bins
ToyMCSamplerOpt.cc[215] : (in function: generateWithHisto) -  , in 1 y-bins
ToyMCSamplerOpt.cc[146] : (in function: generateAsimov) - Using internal logic for binned/unbinned Asimov dataset generation
ToyMCSamplerOpt.cc[214] : (in function: generateWithHisto) - Generating asimov with histogram for pdf pdf_binpass_SIG_obsOnly: in 3 x-bins
ToyMCSamplerOpt.cc[215] : (in function: generateWithHisto) -  , in 1 y-bins
ToyMCSamplerOpt.cc[146] : (in function: generateAsimov) - Using internal logic for binned/unbinned Asimov dataset generation
ToyMCSamplerOpt.cc[214] : (in function: generateWithHisto) - Generating asimov with histogram for pdf pdf_binpass_HIGH_obsOnly: in 7 x-bins
ToyMCSamplerOpt.cc[215] : (in function: generateWithHisto) -  , in 1 y-bins
ToyMCSamplerOpt.cc[146] : (in function: generateAsimov) - Using internal logic for binned/unbinned Asimov dataset generation
ToyMCSamplerOpt.cc[214] : (in function: generateWithHisto) - Generating asimov with histogram for pdf pdf_binfail_LOW_obsOnly: in 4 x-bins
ToyMCSamplerOpt.cc[215] : (in function: generateWithHisto) -  , in 1 y-bins
ToyMCSamplerOpt.cc[146] : (in function: generateAsimov) - Using internal logic for binned/unbinned Asimov dataset generation
ToyMCSamplerOpt.cc[214] : (in function: generateWithHisto) - Generating asimov with histogram for pdf pdf_binfail_SIG_obsOnly: in 3 x-bins
ToyMCSamplerOpt.cc[215] : (in function: generateWithHisto) -  , in 1 y-bins
ToyMCSamplerOpt.cc[146] : (in function: generateAsimov) - Using internal logic for binned/unbinned Asimov dataset generation
ToyMCSamplerOpt.cc[214] : (in function: generateWithHisto) - Generating asimov with histogram for pdf pdf_binfail_HIGH_obsOnly: in 7 x-bins
ToyMCSamplerOpt.cc[215] : (in function: generateWithHisto) -  , in 1 y-bins
AsymptoticLimits.cc[428] : (in function: runLimitExpected) - Median for expected limits = 0.494141, Sigma for expected limits = 0.252117
AsymptoticLimits.cc[191] : (in function: runLimit) - NLL at global minimum of data = -11153.5 (r=1.11055e-08)
AsymptoticLimits.cc[211] : (in function: runLimit) - NLL at global minimum of asimov = -11152.4 (r=1.59902e-06)
AsymptoticLimits.cc[337] : (in function: getCLs) - At r = 1.200000:	q_mu = 14.72764	q_A  = 9.72043	Pmu = 0.00004	1-Pb  = 0.21098	CLs  = 0.00021
AsymptoticLimits.cc[337] : (in function: getCLs) - At r = 0.600000:	q_mu = 8.72034	q_A  = 4.78912	Pmu = 0.00101	1-Pb  = 0.18454	CLs  = 0.00549
AsymptoticLimits.cc[337] : (in function: getCLs) - At r = 0.300000:	q_mu = 4.95062	q_A  = 2.08962	Pmu = 0.00744	1-Pb  = 0.16119	CLs  = 0.04618
AsymptoticLimits.cc[337] : (in function: getCLs) - At r = 0.150000:	q_mu = 2.72534	q_A  = 0.81967	Pmu = 0.02513	1-Pb  = 0.14630	CLs  = 0.17175
AsymptoticLimits.cc[337] : (in function: getCLs) - At r = 0.225000:	q_mu = 3.87597	q_A  = 1.43534	Pmu = 0.01332	1-Pb  = 0.15420	CLs  = 0.08641
AsymptoticLimits.cc[337] : (in function: getCLs) - At r = 0.277382:	q_mu = 4.63354	q_A  = 1.88894	Pmu = 0.00883	1-Pb  = 0.15902	CLs  = 0.05550
AsymptoticLimits.cc[337] : (in function: getCLs) - At r = 0.287647:	q_mu = 4.77808	q_A  = 1.97972	Pmu = 0.00817	1-Pb  = 0.16001	CLs  = 0.05103
AsymptoticLimits.cc[337] : (in function: getCLs) - At r = 0.292133:	q_mu = 4.84086	q_A  = 2.01955	Pmu = 0.00789	1-Pb  = 0.16044	CLs  = 0.04921
AsymptoticLimits.cc[337] : (in function: getCLs) - At r = 0.289656:	q_mu = 4.80637	q_A  = 1.99752	Pmu = 0.00804	1-Pb  = 0.16019	CLs  = 0.05020
AsymptoticLimits.cc[337] : (in function: getCLs) - At r = 0.290547:	q_mu = 4.81872	q_A  = 2.00544	Pmu = 0.00799	1-Pb  = 0.16028	CLs  = 0.04984
AsymptoticLimits.cc[337] : (in function: getCLs) - At r = 0.290053:	q_mu = 4.81178	q_A  = 2.00105	Pmu = 0.00802	1-Pb  = 0.16024	CLs  = 0.05004
AsymptoticLimits.cc[337] : (in function: getCLs) - At r = 0.290235:	q_mu = 4.81431	q_A  = 2.00266	Pmu = 0.00801	1-Pb  = 0.16026	CLs  = 0.04997
AsymptoticLimits.cc[337] : (in function: getCLs) - At r = 0.290137:	q_mu = 4.81292	q_A  = 2.00179	Pmu = 0.00801	1-Pb  = 0.16025	CLs  = 0.05001
AsymptoticLimits.cc[337] : (in function: getCLs) - At r = 0.290174:	q_mu = 4.81344	q_A  = 2.00211	Pmu = 0.00801	1-Pb  = 0.16025	CLs  = 0.04999
AsymptoticLimits.cc[337] : (in function: getCLs) - At r = 0.290154:	q_mu = 4.81338	q_A  = 2.00194	Pmu = 0.00801	1-Pb  = 0.16023	CLs  = 0.05000
AsymptoticLimits.cc[337] : (in function: getCLs) - At r = 0.290147:	q_mu = 4.81313	q_A  = 2.00188	Pmu = 0.00801	1-Pb  = 0.16024	CLs  = 0.05000
AsymptoticLimits.cc[337] : (in function: getCLs) - At r = 0.290150:	q_mu = 4.81314	q_A  = 2.00190	Pmu = 0.00801	1-Pb  = 0.16025	CLs  = 0.05000
