CascadeMinimizer.cc[188] : (in function: improveOnce) - Minimization configured with Type=Minuit2, Algo=Migrad, strategy=0, tolerance=0.1
CascadeMinimizer.cc[215] : (in function: improveOnce) - Minimization finished with status=0
CascadeMinimizer.cc[219] : (in function: improveOnce) - Minimization success! status=0
ToyMCSamplerOpt.cc[146] : (in function: generateAsimov) - Using internal logic for binned/unbinned Asimov dataset generation
ToyMCSamplerOpt.cc[214] : (in function: generateWithHisto) - Generating asimov with histogram for pdf pdf_binpass_LOW_obsOnly: in 4 x-bins
ToyMCSamplerOpt.cc[215] : (in function: generateWithHisto) -  , in 1 y-bins
ToyMCSamplerOpt.cc[146] : (in function: generateAsimov) - Using internal logic for binned/unbinned Asimov dataset generation
ToyMCSamplerOpt.cc[214] : (in function: generateWithHisto) - Generating asimov with histogram for pdf pdf_binpass_SIG_obsOnly: in 3 x-bins
ToyMCSamplerOpt.cc[215] : (in function: generateWithHisto) -  , in 1 y-bins
ToyMCSamplerOpt.cc[146] : (in function: generateAsimov) - Using internal logic for binned/unbinned Asimov dataset generation
ToyMCSamplerOpt.cc[214] : (in function: generateWithHisto) - Generating asimov with histogram for pdf pdf_binpass_HIGH_obsOnly: in 7 x-bins
ToyMCSamplerOpt.cc[215] : (in function: generateWithHisto) -  , in 1 y-bins
ToyMCSamplerOpt.cc[146] : (in function: generateAsimov) - Using internal logic for binned/unbinned Asimov dataset generation
ToyMCSamplerOpt.cc[214] : (in function: generateWithHisto) - Generating asimov with histogram for pdf pdf_binfail_LOW_obsOnly: in 4 x-bins
ToyMCSamplerOpt.cc[215] : (in function: generateWithHisto) -  , in 1 y-bins
ToyMCSamplerOpt.cc[146] : (in function: generateAsimov) - Using internal logic for binned/unbinned Asimov dataset generation
ToyMCSamplerOpt.cc[214] : (in function: generateWithHisto) - Generating asimov with histogram for pdf pdf_binfail_SIG_obsOnly: in 3 x-bins
ToyMCSamplerOpt.cc[215] : (in function: generateWithHisto) -  , in 1 y-bins
ToyMCSamplerOpt.cc[146] : (in function: generateAsimov) - Using internal logic for binned/unbinned Asimov dataset generation
ToyMCSamplerOpt.cc[214] : (in function: generateWithHisto) - Generating asimov with histogram for pdf pdf_binfail_HIGH_obsOnly: in 7 x-bins
ToyMCSamplerOpt.cc[215] : (in function: generateWithHisto) -  , in 1 y-bins
AsymptoticLimits.cc[428] : (in function: runLimitExpected) - Median for expected limits = 1.04688, Sigma for expected limits = 0.53413
AsymptoticLimits.cc[191] : (in function: runLimit) - NLL at global minimum of data = -11139.3 (r=1.03155e-07)
AsymptoticLimits.cc[211] : (in function: runLimit) - NLL at global minimum of asimov = -11138.5 (r=2.76282e-09)
AsymptoticLimits.cc[337] : (in function: getCLs) - At r = 1.200000:	q_mu = 8.45026	q_A  = 4.46774	Pmu = 0.00112	1-Pb  = 0.17308	CLs  = 0.00648
AsymptoticLimits.cc[337] : (in function: getCLs) - At r = 0.600000:	q_mu = 4.78577	q_A  = 1.95196	Pmu = 0.00795	1-Pb  = 0.15525	CLs  = 0.05120
AsymptoticLimits.cc[337] : (in function: getCLs) - At r = 0.900000:	q_mu = 6.71370	q_A  = 3.21803	Pmu = 0.00282	1-Pb  = 0.16495	CLs  = 0.01709
AsymptoticLimits.cc[337] : (in function: getCLs) - At r = 0.665166:	q_mu = 5.22394	q_A  = 2.22605	Pmu = 0.00627	1-Pb  = 0.15753	CLs  = 0.03979
AsymptoticLimits.cc[337] : (in function: getCLs) - At r = 0.617921:	q_mu = 4.90745	q_A  = 2.02717	Pmu = 0.00744	1-Pb  = 0.15589	CLs  = 0.04773
AsymptoticLimits.cc[337] : (in function: getCLs) - At r = 0.608412:	q_mu = 4.84298	q_A  = 1.98726	Pmu = 0.00771	1-Pb  = 0.15556	CLs  = 0.04953
AsymptoticLimits.cc[337] : (in function: getCLs) - At r = 0.604817:	q_mu = 4.81870	q_A  = 1.97216	Pmu = 0.00781	1-Pb  = 0.15542	CLs  = 0.05023
AsymptoticLimits.cc[337] : (in function: getCLs) - At r = 0.606489:	q_mu = 4.82995	q_A  = 1.97914	Pmu = 0.00776	1-Pb  = 0.15548	CLs  = 0.04991
AsymptoticLimits.cc[337] : (in function: getCLs) - At r = 0.605773:	q_mu = 4.82506	q_A  = 1.97620	Pmu = 0.00778	1-Pb  = 0.15547	CLs  = 0.05005
AsymptoticLimits.cc[337] : (in function: getCLs) - At r = 0.606111:	q_mu = 4.82734	q_A  = 1.97757	Pmu = 0.00777	1-Pb  = 0.15547	CLs  = 0.04998
AsymptoticLimits.cc[337] : (in function: getCLs) - At r = 0.605970:	q_mu = 4.82638	q_A  = 1.97696	Pmu = 0.00777	1-Pb  = 0.15547	CLs  = 0.05001
AsymptoticLimits.cc[337] : (in function: getCLs) - At r = 0.606039:	q_mu = 4.82701	q_A  = 1.97725	Pmu = 0.00777	1-Pb  = 0.15545	CLs  = 0.04999
AsymptoticLimits.cc[337] : (in function: getCLs) - At r = 0.606003:	q_mu = 4.82664	q_A  = 1.97709	Pmu = 0.00777	1-Pb  = 0.15546	CLs  = 0.05000
AsymptoticLimits.cc[337] : (in function: getCLs) - At r = 0.606018:	q_mu = 4.82672	q_A  = 1.97716	Pmu = 0.00777	1-Pb  = 0.15546	CLs  = 0.05000
AsymptoticLimits.cc[337] : (in function: getCLs) - At r = 0.606023:	q_mu = 4.82675	q_A  = 1.97718	Pmu = 0.00777	1-Pb  = 0.15547	CLs  = 0.05000
AsymptoticLimits.cc[337] : (in function: getCLs) - At r = 0.606021:	q_mu = 4.82673	q_A  = 1.97717	Pmu = 0.00777	1-Pb  = 0.15547	CLs  = 0.05000
