CascadeMinimizer.cc[188] : (in function: improveOnce) - Minimization configured with Type=Minuit2, Algo=Migrad, strategy=0, tolerance=0.1
CascadeMinimizer.cc[215] : (in function: improveOnce) - Minimization finished with status=0
CascadeMinimizer.cc[219] : (in function: improveOnce) - Minimization success! status=0
ToyMCSamplerOpt.cc[146] : (in function: generateAsimov) - Using internal logic for binned/unbinned Asimov dataset generation
ToyMCSamplerOpt.cc[214] : (in function: generateWithHisto) - Generating asimov with histogram for pdf pdf_binpass_LOW_obsOnly: in 3 x-bins
ToyMCSamplerOpt.cc[215] : (in function: generateWithHisto) -  , in 1 y-bins
ToyMCSamplerOpt.cc[146] : (in function: generateAsimov) - Using internal logic for binned/unbinned Asimov dataset generation
ToyMCSamplerOpt.cc[214] : (in function: generateWithHisto) - Generating asimov with histogram for pdf pdf_binpass_SIG_obsOnly: in 1 x-bins
ToyMCSamplerOpt.cc[215] : (in function: generateWithHisto) -  , in 1 y-bins
ToyMCSamplerOpt.cc[146] : (in function: generateAsimov) - Using internal logic for binned/unbinned Asimov dataset generation
ToyMCSamplerOpt.cc[214] : (in function: generateWithHisto) - Generating asimov with histogram for pdf pdf_binpass_HIGH_obsOnly: in 3 x-bins
ToyMCSamplerOpt.cc[215] : (in function: generateWithHisto) -  , in 1 y-bins
ToyMCSamplerOpt.cc[146] : (in function: generateAsimov) - Using internal logic for binned/unbinned Asimov dataset generation
ToyMCSamplerOpt.cc[214] : (in function: generateWithHisto) - Generating asimov with histogram for pdf pdf_binfail_LOW_obsOnly: in 3 x-bins
ToyMCSamplerOpt.cc[215] : (in function: generateWithHisto) -  , in 1 y-bins
ToyMCSamplerOpt.cc[146] : (in function: generateAsimov) - Using internal logic for binned/unbinned Asimov dataset generation
ToyMCSamplerOpt.cc[214] : (in function: generateWithHisto) - Generating asimov with histogram for pdf pdf_binfail_SIG_obsOnly: in 1 x-bins
ToyMCSamplerOpt.cc[215] : (in function: generateWithHisto) -  , in 1 y-bins
ToyMCSamplerOpt.cc[146] : (in function: generateAsimov) - Using internal logic for binned/unbinned Asimov dataset generation
ToyMCSamplerOpt.cc[214] : (in function: generateWithHisto) - Generating asimov with histogram for pdf pdf_binfail_HIGH_obsOnly: in 3 x-bins
ToyMCSamplerOpt.cc[215] : (in function: generateWithHisto) -  , in 1 y-bins
AsymptoticLimits.cc[428] : (in function: runLimitExpected) - Median for expected limits = 5.0625, Sigma for expected limits = 2.58296
AsymptoticLimits.cc[191] : (in function: runLimit) - NLL at global minimum of data = -8423.38 (r=1.63559e-06)
AsymptoticLimits.cc[211] : (in function: runLimit) - NLL at global minimum of asimov = -8423.78 (r=8.47645e-08)
AsymptoticLimits.cc[337] : (in function: getCLs) - At r = 1.255070:	q_mu = 2.37591	q_A  = 0.75078	Pmu = 0.03560	1-Pb  = 0.17418	CLs  = 0.20436
AsymptoticLimits.cc[337] : (in function: getCLs) - At r = 2.510141:	q_mu = 4.10524	q_A  = 1.83111	Pmu = 0.01414	1-Pb  = 0.20037	CLs  = 0.07055
AsymptoticLimits.cc[337] : (in function: getCLs) - At r = 5.020282:	q_mu = 6.72088	q_A  = 3.81178	Pmu = 0.00349	1-Pb  = 0.22813	CLs  = 0.01532
AsymptoticLimits.cc[337] : (in function: getCLs) - At r = 2.510142:	q_mu = 4.10523	q_A  = 1.83110	Pmu = 0.01414	1-Pb  = 0.20037	CLs  = 0.07055
AsymptoticLimits.cc[337] : (in function: getCLs) - At r = 3.464868:	q_mu = 5.19838	q_A  = 2.62383	Pmu = 0.00788	1-Pb  = 0.21339	CLs  = 0.03692
AsymptoticLimits.cc[337] : (in function: getCLs) - At r = 2.916197:	q_mu = 4.58852	q_A  = 2.17390	Pmu = 0.01092	1-Pb  = 0.20644	CLs  = 0.05288
AsymptoticLimits.cc[337] : (in function: getCLs) - At r = 3.094353:	q_mu = 4.79163	q_A  = 2.32177	Pmu = 0.00979	1-Pb  = 0.20884	CLs  = 0.04689
AsymptoticLimits.cc[337] : (in function: getCLs) - At r = 3.018249:	q_mu = 4.70548	q_A  = 2.25878	Pmu = 0.01025	1-Pb  = 0.20783	CLs  = 0.04934
AsymptoticLimits.cc[337] : (in function: getCLs) - At r = 2.982208:	q_mu = 4.66437	q_A  = 2.22888	Pmu = 0.01048	1-Pb  = 0.20734	CLs  = 0.05056
AsymptoticLimits.cc[337] : (in function: getCLs) - At r = 3.002529:	q_mu = 4.68757	q_A  = 2.24574	Pmu = 0.01035	1-Pb  = 0.20762	CLs  = 0.04987
AsymptoticLimits.cc[337] : (in function: getCLs) - At r = 2.995306:	q_mu = 4.67933	q_A  = 2.23975	Pmu = 0.01040	1-Pb  = 0.20752	CLs  = 0.05011
AsymptoticLimits.cc[337] : (in function: getCLs) - At r = 2.999367:	q_mu = 4.68397	q_A  = 2.24312	Pmu = 0.01037	1-Pb  = 0.20757	CLs  = 0.04997
AsymptoticLimits.cc[337] : (in function: getCLs) - At r = 2.997922:	q_mu = 4.68232	q_A  = 2.24192	Pmu = 0.01038	1-Pb  = 0.20756	CLs  = 0.05002
AsymptoticLimits.cc[337] : (in function: getCLs) - At r = 2.998734:	q_mu = 4.68324	q_A  = 2.24259	Pmu = 0.01038	1-Pb  = 0.20757	CLs  = 0.04999
AsymptoticLimits.cc[337] : (in function: getCLs) - At r = 2.998445:	q_mu = 4.68291	q_A  = 2.24235	Pmu = 0.01038	1-Pb  = 0.20756	CLs  = 0.05000
AsymptoticLimits.cc[337] : (in function: getCLs) - At r = 2.998607:	q_mu = 4.68310	q_A  = 2.24248	Pmu = 0.01038	1-Pb  = 0.20756	CLs  = 0.05000
AsymptoticLimits.cc[337] : (in function: getCLs) - At r = 2.998549:	q_mu = 4.68303	q_A  = 2.24244	Pmu = 0.01038	1-Pb  = 0.20756	CLs  = 0.05000
AsymptoticLimits.cc[337] : (in function: getCLs) - At r = 2.998582:	q_mu = 4.68307	q_A  = 2.24246	Pmu = 0.01038	1-Pb  = 0.20756	CLs  = 0.05000
AsymptoticLimits.cc[337] : (in function: getCLs) - At r = 2.998570:	q_mu = 4.68306	q_A  = 2.24245	Pmu = 0.01038	1-Pb  = 0.20756	CLs  = 0.05000
AsymptoticLimits.cc[337] : (in function: getCLs) - At r = 2.998577:	q_mu = 4.68306	q_A  = 2.24246	Pmu = 0.01038	1-Pb  = 0.20756	CLs  = 0.05000
