CascadeMinimizer.cc[188] : (in function: improveOnce) - Minimization configured with Type=Minuit2, Algo=Migrad, strategy=0, tolerance=0.1
CascadeMinimizer.cc[215] : (in function: improveOnce) - Minimization finished with status=0
CascadeMinimizer.cc[219] : (in function: improveOnce) - Minimization success! status=0
ToyMCSamplerOpt.cc[146] : (in function: generateAsimov) - Using internal logic for binned/unbinned Asimov dataset generation
ToyMCSamplerOpt.cc[214] : (in function: generateWithHisto) - Generating asimov with histogram for pdf pdf_binpass_LOW_obsOnly: in 4 x-bins
ToyMCSamplerOpt.cc[215] : (in function: generateWithHisto) -  , in 1 y-bins
ToyMCSamplerOpt.cc[146] : (in function: generateAsimov) - Using internal logic for binned/unbinned Asimov dataset generation
ToyMCSamplerOpt.cc[214] : (in function: generateWithHisto) - Generating asimov with histogram for pdf pdf_binpass_SIG_obsOnly: in 1 x-bins
ToyMCSamplerOpt.cc[215] : (in function: generateWithHisto) -  , in 1 y-bins
ToyMCSamplerOpt.cc[146] : (in function: generateAsimov) - Using internal logic for binned/unbinned Asimov dataset generation
ToyMCSamplerOpt.cc[214] : (in function: generateWithHisto) - Generating asimov with histogram for pdf pdf_binpass_HIGH_obsOnly: in 10 x-bins
ToyMCSamplerOpt.cc[215] : (in function: generateWithHisto) -  , in 1 y-bins
ToyMCSamplerOpt.cc[146] : (in function: generateAsimov) - Using internal logic for binned/unbinned Asimov dataset generation
ToyMCSamplerOpt.cc[214] : (in function: generateWithHisto) - Generating asimov with histogram for pdf pdf_binfail_LOW_obsOnly: in 4 x-bins
ToyMCSamplerOpt.cc[215] : (in function: generateWithHisto) -  , in 1 y-bins
ToyMCSamplerOpt.cc[146] : (in function: generateAsimov) - Using internal logic for binned/unbinned Asimov dataset generation
ToyMCSamplerOpt.cc[214] : (in function: generateWithHisto) - Generating asimov with histogram for pdf pdf_binfail_SIG_obsOnly: in 1 x-bins
ToyMCSamplerOpt.cc[215] : (in function: generateWithHisto) -  , in 1 y-bins
ToyMCSamplerOpt.cc[146] : (in function: generateAsimov) - Using internal logic for binned/unbinned Asimov dataset generation
ToyMCSamplerOpt.cc[214] : (in function: generateWithHisto) - Generating asimov with histogram for pdf pdf_binfail_HIGH_obsOnly: in 10 x-bins
ToyMCSamplerOpt.cc[215] : (in function: generateWithHisto) -  , in 1 y-bins
AsymptoticLimits.cc[428] : (in function: runLimitExpected) - Median for expected limits = 0.923828, Sigma for expected limits = 0.47135
AsymptoticLimits.cc[191] : (in function: runLimit) - NLL at global minimum of data = -568.551 (r=8.11039e-10)
AsymptoticLimits.cc[211] : (in function: runLimit) - NLL at global minimum of asimov = -564.277 (r=2.87428e-06)
AsymptoticLimits.cc[337] : (in function: getCLs) - At r = 1.200000:	q_mu = 12.84579	q_A  = 6.30631	Pmu = 0.00007	1-Pb  = 0.09645	CLs  = 0.00071
AsymptoticLimits.cc[337] : (in function: getCLs) - At r = 0.600000:	q_mu = 5.17492	q_A  = 1.69171	Pmu = 0.00415	1-Pb  = 0.09028	CLs  = 0.04596
AsymptoticLimits.cc[337] : (in function: getCLs) - At r = 0.300000:	q_mu = 2.22767	q_A  = 0.44107	Pmu = 0.02226	1-Pb  = 0.08930	CLs  = 0.24925
AsymptoticLimits.cc[337] : (in function: getCLs) - At r = 0.450000:	q_mu = 3.61803	q_A  = 0.97165	Pmu = 0.00995	1-Pb  = 0.08974	CLs  = 0.11092
AsymptoticLimits.cc[337] : (in function: getCLs) - At r = 0.558521:	q_mu = 4.72846	q_A  = 1.47460	Pmu = 0.00532	1-Pb  = 0.09016	CLs  = 0.05904
AsymptoticLimits.cc[337] : (in function: getCLs) - At r = 0.580539:	q_mu = 4.96398	q_A  = 1.58829	Pmu = 0.00467	1-Pb  = 0.09024	CLs  = 0.05172
AsymptoticLimits.cc[337] : (in function: getCLs) - At r = 0.588892:	q_mu = 5.05422	q_A  = 1.63234	Pmu = 0.00444	1-Pb  = 0.09026	CLs  = 0.04917
AsymptoticLimits.cc[337] : (in function: getCLs) - At r = 0.585011:	q_mu = 5.01221	q_A  = 1.61167	Pmu = 0.00454	1-Pb  = 0.09024	CLs  = 0.05034
AsymptoticLimits.cc[337] : (in function: getCLs) - At r = 0.586688:	q_mu = 5.03034	q_A  = 1.62053	Pmu = 0.00450	1-Pb  = 0.09024	CLs  = 0.04983
AsymptoticLimits.cc[337] : (in function: getCLs) - At r = 0.585914:	q_mu = 5.02197	q_A  = 1.61640	Pmu = 0.00452	1-Pb  = 0.09023	CLs  = 0.05007
AsymptoticLimits.cc[337] : (in function: getCLs) - At r = 0.586250:	q_mu = 5.02560	q_A  = 1.61817	Pmu = 0.00451	1-Pb  = 0.09023	CLs  = 0.04997
AsymptoticLimits.cc[337] : (in function: getCLs) - At r = 0.586096:	q_mu = 5.02393	q_A  = 1.61733	Pmu = 0.00451	1-Pb  = 0.09023	CLs  = 0.05001
AsymptoticLimits.cc[337] : (in function: getCLs) - At r = 0.586164:	q_mu = 5.02467	q_A  = 1.61768	Pmu = 0.00451	1-Pb  = 0.09023	CLs  = 0.04999
AsymptoticLimits.cc[337] : (in function: getCLs) - At r = 0.586134:	q_mu = 5.02434	q_A  = 1.61751	Pmu = 0.00451	1-Pb  = 0.09023	CLs  = 0.05000
AsymptoticLimits.cc[337] : (in function: getCLs) - At r = 0.586148:	q_mu = 5.02449	q_A  = 1.61757	Pmu = 0.00451	1-Pb  = 0.09023	CLs  = 0.05000
AsymptoticLimits.cc[337] : (in function: getCLs) - At r = 0.586142:	q_mu = 5.02443	q_A  = 1.61753	Pmu = 0.00451	1-Pb  = 0.09022	CLs  = 0.05000
AsymptoticLimits.cc[337] : (in function: getCLs) - At r = 0.586145:	q_mu = 5.02446	q_A  = 1.61754	Pmu = 0.00451	1-Pb  = 0.09022	CLs  = 0.05000
