CascadeMinimizer.cc[188] : (in function: improveOnce) - Minimization configured with Type=Minuit2, Algo=Migrad, strategy=0, tolerance=0.1
CascadeMinimizer.cc[215] : (in function: improveOnce) - Minimization finished with status=0
CascadeMinimizer.cc[219] : (in function: improveOnce) - Minimization success! status=0
ToyMCSamplerOpt.cc[146] : (in function: generateAsimov) - Using internal logic for binned/unbinned Asimov dataset generation
ToyMCSamplerOpt.cc[214] : (in function: generateWithHisto) - Generating asimov with histogram for pdf pdf_binpass_LOW_obsOnly: in 3 x-bins
ToyMCSamplerOpt.cc[215] : (in function: generateWithHisto) -  , in 1 y-bins
ToyMCSamplerOpt.cc[146] : (in function: generateAsimov) - Using internal logic for binned/unbinned Asimov dataset generation
ToyMCSamplerOpt.cc[214] : (in function: generateWithHisto) - Generating asimov with histogram for pdf pdf_binpass_SIG_obsOnly: in 1 x-bins
ToyMCSamplerOpt.cc[215] : (in function: generateWithHisto) -  , in 1 y-bins
ToyMCSamplerOpt.cc[146] : (in function: generateAsimov) - Using internal logic for binned/unbinned Asimov dataset generation
ToyMCSamplerOpt.cc[214] : (in function: generateWithHisto) - Generating asimov with histogram for pdf pdf_binpass_HIGH_obsOnly: in 3 x-bins
ToyMCSamplerOpt.cc[215] : (in function: generateWithHisto) -  , in 1 y-bins
ToyMCSamplerOpt.cc[146] : (in function: generateAsimov) - Using internal logic for binned/unbinned Asimov dataset generation
ToyMCSamplerOpt.cc[214] : (in function: generateWithHisto) - Generating asimov with histogram for pdf pdf_binfail_LOW_obsOnly: in 3 x-bins
ToyMCSamplerOpt.cc[215] : (in function: generateWithHisto) -  , in 1 y-bins
ToyMCSamplerOpt.cc[146] : (in function: generateAsimov) - Using internal logic for binned/unbinned Asimov dataset generation
ToyMCSamplerOpt.cc[214] : (in function: generateWithHisto) - Generating asimov with histogram for pdf pdf_binfail_SIG_obsOnly: in 1 x-bins
ToyMCSamplerOpt.cc[215] : (in function: generateWithHisto) -  , in 1 y-bins
ToyMCSamplerOpt.cc[146] : (in function: generateAsimov) - Using internal logic for binned/unbinned Asimov dataset generation
ToyMCSamplerOpt.cc[214] : (in function: generateWithHisto) - Generating asimov with histogram for pdf pdf_binfail_HIGH_obsOnly: in 3 x-bins
ToyMCSamplerOpt.cc[215] : (in function: generateWithHisto) -  , in 1 y-bins
AsymptoticLimits.cc[428] : (in function: runLimitExpected) - Median for expected limits = 68, Sigma for expected limits = 34.6945
AsymptoticLimits.cc[191] : (in function: runLimit) - NLL at global minimum of data = -678.746 (r=4.16958e-07)
AsymptoticLimits.cc[211] : (in function: runLimit) - NLL at global minimum of asimov = -678.936 (r=3.31613e-05)
AsymptoticLimits.cc[337] : (in function: getCLs) - At r = 31.874792:	q_mu = 2.25843	q_A  = 2.23713	Pmu = 0.06644	1-Pb  = 0.49716	CLs  = 0.13364
AsymptoticLimits.cc[337] : (in function: getCLs) - At r = 63.749585:	q_mu = 3.74087	q_A  = 3.67733	Pmu = 0.02654	1-Pb  = 0.49339	CLs  = 0.05380
AsymptoticLimits.cc[337] : (in function: getCLs) - At r = 127.499170:	q_mu = 5.87505	q_A  = 5.73361	Pmu = 0.00767	1-Pb  = 0.48822	CLs  = 0.01572
AsymptoticLimits.cc[337] : (in function: getCLs) - At r = 63.749585:	q_mu = 3.74051	q_A  = 3.67735	Pmu = 0.02655	1-Pb  = 0.49343	CLs  = 0.05381
AsymptoticLimits.cc[337] : (in function: getCLs) - At r = 79.540501:	q_mu = 4.34580	q_A  = 4.26153	Pmu = 0.01855	1-Pb  = 0.49186	CLs  = 0.03771
AsymptoticLimits.cc[337] : (in function: getCLs) - At r = 69.514311:	q_mu = 3.96916	q_A  = 3.89813	Pmu = 0.02317	1-Pb  = 0.49282	CLs  = 0.04701
AsymptoticLimits.cc[337] : (in function: getCLs) - At r = 66.254043:	q_mu = 3.84083	q_A  = 3.77439	Pmu = 0.02500	1-Pb  = 0.49318	CLs  = 0.05070
AsymptoticLimits.cc[337] : (in function: getCLs) - At r = 67.386395:	q_mu = 3.88567	q_A  = 3.81770	Pmu = 0.02435	1-Pb  = 0.49306	CLs  = 0.04938
AsymptoticLimits.cc[337] : (in function: getCLs) - At r = 66.730627:	q_mu = 3.85973	q_A  = 3.79266	Pmu = 0.02472	1-Pb  = 0.49313	CLs  = 0.05014
AsymptoticLimits.cc[337] : (in function: getCLs) - At r = 66.956439:	q_mu = 3.86867	q_A  = 3.80128	Pmu = 0.02459	1-Pb  = 0.49311	CLs  = 0.04987
AsymptoticLimits.cc[337] : (in function: getCLs) - At r = 66.825213:	q_mu = 3.86347	q_A  = 3.79626	Pmu = 0.02467	1-Pb  = 0.49312	CLs  = 0.05003
AsymptoticLimits.cc[337] : (in function: getCLs) - At r = 66.870469:	q_mu = 3.86526	q_A  = 3.79799	Pmu = 0.02464	1-Pb  = 0.49312	CLs  = 0.04998
AsymptoticLimits.cc[337] : (in function: getCLs) - At r = 66.844277:	q_mu = 3.86422	q_A  = 3.79699	Pmu = 0.02466	1-Pb  = 0.49312	CLs  = 0.05001
AsymptoticLimits.cc[337] : (in function: getCLs) - At r = 66.853395:	q_mu = 3.86457	q_A  = 3.79733	Pmu = 0.02465	1-Pb  = 0.49312	CLs  = 0.05000
AsymptoticLimits.cc[337] : (in function: getCLs) - At r = 66.848199:	q_mu = 3.86437	q_A  = 3.79713	Pmu = 0.02466	1-Pb  = 0.49312	CLs  = 0.05000
AsymptoticLimits.cc[337] : (in function: getCLs) - At r = 66.850067:	q_mu = 3.86444	q_A  = 3.79720	Pmu = 0.02466	1-Pb  = 0.49312	CLs  = 0.05000
AsymptoticLimits.cc[337] : (in function: getCLs) - At r = 66.849071:	q_mu = 3.86440	q_A  = 3.79716	Pmu = 0.02466	1-Pb  = 0.49312	CLs  = 0.05000
AsymptoticLimits.cc[337] : (in function: getCLs) - At r = 66.849481:	q_mu = 3.86441	q_A  = 3.79718	Pmu = 0.02466	1-Pb  = 0.49312	CLs  = 0.05000
AsymptoticLimits.cc[337] : (in function: getCLs) - At r = 66.849340:	q_mu = 3.86440	q_A  = 3.79717	Pmu = 0.02466	1-Pb  = 0.49312	CLs  = 0.05000
