CascadeMinimizer.cc[188] : (in function: improveOnce) - Minimization configured with Type=Minuit2, Algo=Migrad, strategy=0, tolerance=0.1
CascadeMinimizer.cc[215] : (in function: improveOnce) - Minimization finished with status=0
CascadeMinimizer.cc[219] : (in function: improveOnce) - Minimization success! status=0
ToyMCSamplerOpt.cc[146] : (in function: generateAsimov) - Using internal logic for binned/unbinned Asimov dataset generation
ToyMCSamplerOpt.cc[214] : (in function: generateWithHisto) - Generating asimov with histogram for pdf pdf_binpass_LOW_obsOnly: in 3 x-bins
ToyMCSamplerOpt.cc[215] : (in function: generateWithHisto) -  , in 1 y-bins
ToyMCSamplerOpt.cc[146] : (in function: generateAsimov) - Using internal logic for binned/unbinned Asimov dataset generation
ToyMCSamplerOpt.cc[214] : (in function: generateWithHisto) - Generating asimov with histogram for pdf pdf_binpass_SIG_obsOnly: in 1 x-bins
ToyMCSamplerOpt.cc[215] : (in function: generateWithHisto) -  , in 1 y-bins
ToyMCSamplerOpt.cc[146] : (in function: generateAsimov) - Using internal logic for binned/unbinned Asimov dataset generation
ToyMCSamplerOpt.cc[214] : (in function: generateWithHisto) - Generating asimov with histogram for pdf pdf_binpass_HIGH_obsOnly: in 5 x-bins
ToyMCSamplerOpt.cc[215] : (in function: generateWithHisto) -  , in 1 y-bins
ToyMCSamplerOpt.cc[146] : (in function: generateAsimov) - Using internal logic for binned/unbinned Asimov dataset generation
ToyMCSamplerOpt.cc[214] : (in function: generateWithHisto) - Generating asimov with histogram for pdf pdf_binfail_LOW_obsOnly: in 3 x-bins
ToyMCSamplerOpt.cc[215] : (in function: generateWithHisto) -  , in 1 y-bins
ToyMCSamplerOpt.cc[146] : (in function: generateAsimov) - Using internal logic for binned/unbinned Asimov dataset generation
ToyMCSamplerOpt.cc[214] : (in function: generateWithHisto) - Generating asimov with histogram for pdf pdf_binfail_SIG_obsOnly: in 1 x-bins
ToyMCSamplerOpt.cc[215] : (in function: generateWithHisto) -  , in 1 y-bins
ToyMCSamplerOpt.cc[146] : (in function: generateAsimov) - Using internal logic for binned/unbinned Asimov dataset generation
ToyMCSamplerOpt.cc[214] : (in function: generateWithHisto) - Generating asimov with histogram for pdf pdf_binfail_HIGH_obsOnly: in 5 x-bins
ToyMCSamplerOpt.cc[215] : (in function: generateWithHisto) -  , in 1 y-bins
AsymptoticLimits.cc[428] : (in function: runLimitExpected) - Median for expected limits = 0.344727, Sigma for expected limits = 0.175884
AsymptoticLimits.cc[191] : (in function: runLimit) - NLL at global minimum of data = -60.0893 (r=1.27612e-08)
AsymptoticLimits.cc[211] : (in function: runLimit) - NLL at global minimum of asimov = -61.043 (r=5.02568e-07)
AsymptoticLimits.cc[337] : (in function: getCLs) - At r = 1.200000:	q_mu = 14.20960	q_A  = 15.39014	Pmu = 0.00008	1-Pb  = 0.56098	CLs  = 0.00015
AsymptoticLimits.cc[337] : (in function: getCLs) - At r = 0.600000:	q_mu = 7.26152	q_A  = 7.28517	Pmu = 0.00352	1-Pb  = 0.50175	CLs  = 0.00702
AsymptoticLimits.cc[337] : (in function: getCLs) - At r = 0.300000:	q_mu = 3.66553	q_A  = 3.26175	Pmu = 0.02757	1-Pb  = 0.45550	CLs  = 0.06052
AsymptoticLimits.cc[337] : (in function: getCLs) - At r = 0.450000:	q_mu = 5.53057	q_A  = 5.24290	Pmu = 0.00932	1-Pb  = 0.47496	CLs  = 0.01963
AsymptoticLimits.cc[337] : (in function: getCLs) - At r = 0.350351:	q_mu = 4.28041	q_A  = 3.91578	Pmu = 0.01918	1-Pb  = 0.46330	CLs  = 0.04140
AsymptoticLimits.cc[337] : (in function: getCLs) - At r = 0.320260:	q_mu = 3.91152	q_A  = 3.52442	Pmu = 0.02383	1-Pb  = 0.45894	CLs  = 0.05192
AsymptoticLimits.cc[337] : (in function: getCLs) - At r = 0.330280:	q_mu = 4.03389	q_A  = 3.65390	Pmu = 0.02217	1-Pb  = 0.46041	CLs  = 0.04815
AsymptoticLimits.cc[337] : (in function: getCLs) - At r = 0.326264:	q_mu = 3.98479	q_A  = 3.60026	Pmu = 0.02282	1-Pb  = 0.45964	CLs  = 0.04964
AsymptoticLimits.cc[337] : (in function: getCLs) - At r = 0.324290:	q_mu = 3.96068	q_A  = 3.57466	Pmu = 0.02314	1-Pb  = 0.45934	CLs  = 0.05038
AsymptoticLimits.cc[337] : (in function: getCLs) - At r = 0.325102:	q_mu = 3.97061	q_A  = 3.58519	Pmu = 0.02301	1-Pb  = 0.45947	CLs  = 0.05008
AsymptoticLimits.cc[337] : (in function: getCLs) - At r = 0.325497:	q_mu = 3.97543	q_A  = 3.59031	Pmu = 0.02294	1-Pb  = 0.45953	CLs  = 0.04993
AsymptoticLimits.cc[337] : (in function: getCLs) - At r = 0.325265:	q_mu = 3.97259	q_A  = 3.58730	Pmu = 0.02298	1-Pb  = 0.45949	CLs  = 0.05002
AsymptoticLimits.cc[337] : (in function: getCLs) - At r = 0.325344:	q_mu = 3.97356	q_A  = 3.58833	Pmu = 0.02297	1-Pb  = 0.45950	CLs  = 0.04999
AsymptoticLimits.cc[337] : (in function: getCLs) - At r = 0.325297:	q_mu = 3.97299	q_A  = 3.58772	Pmu = 0.02298	1-Pb  = 0.45950	CLs  = 0.05000
AsymptoticLimits.cc[337] : (in function: getCLs) - At r = 0.325313:	q_mu = 3.97318	q_A  = 3.58793	Pmu = 0.02297	1-Pb  = 0.45950	CLs  = 0.05000
AsymptoticLimits.cc[337] : (in function: getCLs) - At r = 0.325304:	q_mu = 3.97307	q_A  = 3.58781	Pmu = 0.02298	1-Pb  = 0.45950	CLs  = 0.05000
AsymptoticLimits.cc[337] : (in function: getCLs) - At r = 0.325307:	q_mu = 3.97311	q_A  = 3.58785	Pmu = 0.02297	1-Pb  = 0.45950	CLs  = 0.05000
