CascadeMinimizer.cc[188] : (in function: improveOnce) - Minimization configured with Type=Minuit2, Algo=Migrad, strategy=0, tolerance=0.1
CascadeMinimizer.cc[215] : (in function: improveOnce) - Minimization finished with status=0
CascadeMinimizer.cc[219] : (in function: improveOnce) - Minimization success! status=0
ToyMCSamplerOpt.cc[146] : (in function: generateAsimov) - Using internal logic for binned/unbinned Asimov dataset generation
ToyMCSamplerOpt.cc[214] : (in function: generateWithHisto) - Generating asimov with histogram for pdf pdf_binpass_LOW_obsOnly: in 4 x-bins
ToyMCSamplerOpt.cc[215] : (in function: generateWithHisto) -  , in 1 y-bins
ToyMCSamplerOpt.cc[146] : (in function: generateAsimov) - Using internal logic for binned/unbinned Asimov dataset generation
ToyMCSamplerOpt.cc[214] : (in function: generateWithHisto) - Generating asimov with histogram for pdf pdf_binpass_SIG_obsOnly: in 3 x-bins
ToyMCSamplerOpt.cc[215] : (in function: generateWithHisto) -  , in 1 y-bins
ToyMCSamplerOpt.cc[146] : (in function: generateAsimov) - Using internal logic for binned/unbinned Asimov dataset generation
ToyMCSamplerOpt.cc[214] : (in function: generateWithHisto) - Generating asimov with histogram for pdf pdf_binpass_HIGH_obsOnly: in 7 x-bins
ToyMCSamplerOpt.cc[215] : (in function: generateWithHisto) -  , in 1 y-bins
ToyMCSamplerOpt.cc[146] : (in function: generateAsimov) - Using internal logic for binned/unbinned Asimov dataset generation
ToyMCSamplerOpt.cc[214] : (in function: generateWithHisto) - Generating asimov with histogram for pdf pdf_binfail_LOW_obsOnly: in 4 x-bins
ToyMCSamplerOpt.cc[215] : (in function: generateWithHisto) -  , in 1 y-bins
ToyMCSamplerOpt.cc[146] : (in function: generateAsimov) - Using internal logic for binned/unbinned Asimov dataset generation
ToyMCSamplerOpt.cc[214] : (in function: generateWithHisto) - Generating asimov with histogram for pdf pdf_binfail_SIG_obsOnly: in 3 x-bins
ToyMCSamplerOpt.cc[215] : (in function: generateWithHisto) -  , in 1 y-bins
ToyMCSamplerOpt.cc[146] : (in function: generateAsimov) - Using internal logic for binned/unbinned Asimov dataset generation
ToyMCSamplerOpt.cc[214] : (in function: generateWithHisto) - Generating asimov with histogram for pdf pdf_binfail_HIGH_obsOnly: in 7 x-bins
ToyMCSamplerOpt.cc[215] : (in function: generateWithHisto) -  , in 1 y-bins
AsymptoticLimits.cc[428] : (in function: runLimitExpected) - Median for expected limits = 1, Sigma for expected limits = 0.510213
AsymptoticLimits.cc[191] : (in function: runLimit) - NLL at global minimum of data = -11138.1 (r=8.58177e-07)
AsymptoticLimits.cc[211] : (in function: runLimit) - NLL at global minimum of asimov = -11137.4 (r=3.01476e-07)
AsymptoticLimits.cc[337] : (in function: getCLs) - At r = 1.200001:	q_mu = 7.66680	q_A  = 4.66461	Pmu = 0.00215	1-Pb  = 0.24352	CLs  = 0.00884
AsymptoticLimits.cc[337] : (in function: getCLs) - At r = 0.600001:	q_mu = 4.33013	q_A  = 2.13956	Pmu = 0.01350	1-Pb  = 0.22699	CLs  = 0.05947
AsymptoticLimits.cc[337] : (in function: getCLs) - At r = 0.900001:	q_mu = 6.08477	q_A  = 3.42735	Pmu = 0.00510	1-Pb  = 0.23647	CLs  = 0.02156
AsymptoticLimits.cc[337] : (in function: getCLs) - At r = 0.701048:	q_mu = 4.94361	q_A  = 2.57711	Pmu = 0.00958	1-Pb  = 0.23054	CLs  = 0.04155
AsymptoticLimits.cc[337] : (in function: getCLs) - At r = 0.659330:	q_mu = 4.69333	q_A  = 2.39673	Pmu = 0.01101	1-Pb  = 0.22913	CLs  = 0.04807
AsymptoticLimits.cc[337] : (in function: getCLs) - At r = 0.638695:	q_mu = 4.56808	q_A  = 2.30730	Pmu = 0.01181	1-Pb  = 0.22838	CLs  = 0.05172
AsymptoticLimits.cc[337] : (in function: getCLs) - At r = 0.650464:	q_mu = 4.63963	q_A  = 2.35828	Pmu = 0.01135	1-Pb  = 0.22881	CLs  = 0.04960
AsymptoticLimits.cc[337] : (in function: getCLs) - At r = 0.646322:	q_mu = 4.61445	q_A  = 2.34033	Pmu = 0.01151	1-Pb  = 0.22866	CLs  = 0.05034
AsymptoticLimits.cc[337] : (in function: getCLs) - At r = 0.648675:	q_mu = 4.62874	q_A  = 2.35052	Pmu = 0.01142	1-Pb  = 0.22874	CLs  = 0.04992
AsymptoticLimits.cc[337] : (in function: getCLs) - At r = 0.647847:	q_mu = 4.62381	q_A  = 2.34694	Pmu = 0.01145	1-Pb  = 0.22870	CLs  = 0.05007
AsymptoticLimits.cc[337] : (in function: getCLs) - At r = 0.648312:	q_mu = 4.62656	q_A  = 2.34895	Pmu = 0.01143	1-Pb  = 0.22873	CLs  = 0.04998
AsymptoticLimits.cc[337] : (in function: getCLs) - At r = 0.648149:	q_mu = 4.62555	q_A  = 2.34830	Pmu = 0.01144	1-Pb  = 0.22873	CLs  = 0.05001
AsymptoticLimits.cc[337] : (in function: getCLs) - At r = 0.648242:	q_mu = 4.62611	q_A  = 2.34866	Pmu = 0.01144	1-Pb  = 0.22873	CLs  = 0.05000
AsymptoticLimits.cc[337] : (in function: getCLs) - At r = 0.648211:	q_mu = 4.62592	q_A  = 2.34852	Pmu = 0.01144	1-Pb  = 0.22873	CLs  = 0.05000
AsymptoticLimits.cc[337] : (in function: getCLs) - At r = 0.648225:	q_mu = 4.62610	q_A  = 2.34862	Pmu = 0.01144	1-Pb  = 0.22873	CLs  = 0.05000
AsymptoticLimits.cc[337] : (in function: getCLs) - At r = 0.648218:	q_mu = 4.62598	q_A  = 2.34855	Pmu = 0.01144	1-Pb  = 0.22873	CLs  = 0.05000
AsymptoticLimits.cc[337] : (in function: getCLs) - At r = 0.648221:	q_mu = 4.62599	q_A  = 2.34856	Pmu = 0.01144	1-Pb  = 0.22873	CLs  = 0.05000
