CascadeMinimizer.cc[188] : (in function: improveOnce) - Minimization configured with Type=Minuit2, Algo=Migrad, strategy=0, tolerance=0.1
CascadeMinimizer.cc[215] : (in function: improveOnce) - Minimization finished with status=0
CascadeMinimizer.cc[219] : (in function: improveOnce) - Minimization success! status=0
ToyMCSamplerOpt.cc[146] : (in function: generateAsimov) - Using internal logic for binned/unbinned Asimov dataset generation
ToyMCSamplerOpt.cc[214] : (in function: generateWithHisto) - Generating asimov with histogram for pdf pdf_binpass_LOW_obsOnly: in 3 x-bins
ToyMCSamplerOpt.cc[215] : (in function: generateWithHisto) -  , in 1 y-bins
ToyMCSamplerOpt.cc[146] : (in function: generateAsimov) - Using internal logic for binned/unbinned Asimov dataset generation
ToyMCSamplerOpt.cc[214] : (in function: generateWithHisto) - Generating asimov with histogram for pdf pdf_binpass_SIG_obsOnly: in 1 x-bins
ToyMCSamplerOpt.cc[215] : (in function: generateWithHisto) -  , in 1 y-bins
ToyMCSamplerOpt.cc[146] : (in function: generateAsimov) - Using internal logic for binned/unbinned Asimov dataset generation
ToyMCSamplerOpt.cc[214] : (in function: generateWithHisto) - Generating asimov with histogram for pdf pdf_binpass_HIGH_obsOnly: in 4 x-bins
ToyMCSamplerOpt.cc[215] : (in function: generateWithHisto) -  , in 1 y-bins
ToyMCSamplerOpt.cc[146] : (in function: generateAsimov) - Using internal logic for binned/unbinned Asimov dataset generation
ToyMCSamplerOpt.cc[214] : (in function: generateWithHisto) - Generating asimov with histogram for pdf pdf_binfail_LOW_obsOnly: in 3 x-bins
ToyMCSamplerOpt.cc[215] : (in function: generateWithHisto) -  , in 1 y-bins
ToyMCSamplerOpt.cc[146] : (in function: generateAsimov) - Using internal logic for binned/unbinned Asimov dataset generation
ToyMCSamplerOpt.cc[214] : (in function: generateWithHisto) - Generating asimov with histogram for pdf pdf_binfail_SIG_obsOnly: in 1 x-bins
ToyMCSamplerOpt.cc[215] : (in function: generateWithHisto) -  , in 1 y-bins
ToyMCSamplerOpt.cc[146] : (in function: generateAsimov) - Using internal logic for binned/unbinned Asimov dataset generation
ToyMCSamplerOpt.cc[214] : (in function: generateWithHisto) - Generating asimov with histogram for pdf pdf_binfail_HIGH_obsOnly: in 4 x-bins
ToyMCSamplerOpt.cc[215] : (in function: generateWithHisto) -  , in 1 y-bins
AsymptoticLimits.cc[428] : (in function: runLimitExpected) - Median for expected limits = 0.423828, Sigma for expected limits = 0.216243
AsymptoticLimits.cc[191] : (in function: runLimit) - NLL at global minimum of data = -16248.1 (r=1.16048e-05)
AsymptoticLimits.cc[211] : (in function: runLimit) - NLL at global minimum of asimov = -16247 (r=2.42473e-07)
AsymptoticLimits.cc[337] : (in function: getCLs) - At r = 1.200012:	q_mu = 17.17560	q_A  = 16.39819	Pmu = 0.00002	1-Pb  = 0.46177	CLs  = 0.00004
AsymptoticLimits.cc[337] : (in function: getCLs) - At r = 0.600012:	q_mu = 7.17810	q_A  = 6.44572	Pmu = 0.00365	1-Pb  = 0.44266	CLs  = 0.00824
AsymptoticLimits.cc[337] : (in function: getCLs) - At r = 0.300012:	q_mu = 2.81866	q_A  = 2.23780	Pmu = 0.04551	1-Pb  = 0.42303	CLs  = 0.10757
AsymptoticLimits.cc[337] : (in function: getCLs) - At r = 0.450012:	q_mu = 4.89394	q_A  = 4.21368	Pmu = 0.01326	1-Pb  = 0.43420	CLs  = 0.03055
AsymptoticLimits.cc[337] : (in function: getCLs) - At r = 0.373040:	q_mu = 3.80026	q_A  = 3.15848	Pmu = 0.02513	1-Pb  = 0.42836	CLs  = 0.05866
AsymptoticLimits.cc[337] : (in function: getCLs) - At r = 0.403511:	q_mu = 4.22445	q_A  = 3.56791	Pmu = 0.01957	1-Pb  = 0.43101	CLs  = 0.04541
AsymptoticLimits.cc[337] : (in function: getCLs) - At r = 0.388247:	q_mu = 4.01032	q_A  = 3.36103	Pmu = 0.02219	1-Pb  = 0.42972	CLs  = 0.05165
AsymptoticLimits.cc[337] : (in function: getCLs) - At r = 0.394377:	q_mu = 4.09590	q_A  = 3.44368	Pmu = 0.02110	1-Pb  = 0.43025	CLs  = 0.04905
AsymptoticLimits.cc[337] : (in function: getCLs) - At r = 0.391332:	q_mu = 4.05325	q_A  = 3.40253	Pmu = 0.02164	1-Pb  = 0.43000	CLs  = 0.05033
AsymptoticLimits.cc[337] : (in function: getCLs) - At r = 0.392562:	q_mu = 4.07038	q_A  = 3.41912	Pmu = 0.02142	1-Pb  = 0.43011	CLs  = 0.04981
AsymptoticLimits.cc[337] : (in function: getCLs) - At r = 0.391955:	q_mu = 4.06198	q_A  = 3.41092	Pmu = 0.02153	1-Pb  = 0.43004	CLs  = 0.05006
AsymptoticLimits.cc[337] : (in function: getCLs) - At r = 0.392199:	q_mu = 4.06528	q_A  = 3.41421	Pmu = 0.02149	1-Pb  = 0.43008	CLs  = 0.04996
AsymptoticLimits.cc[337] : (in function: getCLs) - At r = 0.392080:	q_mu = 4.06356	q_A  = 3.41259	Pmu = 0.02151	1-Pb  = 0.43007	CLs  = 0.05002
AsymptoticLimits.cc[337] : (in function: getCLs) - At r = 0.392132:	q_mu = 4.06424	q_A  = 3.41329	Pmu = 0.02150	1-Pb  = 0.43008	CLs  = 0.04999
AsymptoticLimits.cc[337] : (in function: getCLs) - At r = 0.392111:	q_mu = 4.06388	q_A  = 3.41299	Pmu = 0.02151	1-Pb  = 0.43008	CLs  = 0.05000
AsymptoticLimits.cc[337] : (in function: getCLs) - At r = 0.392123:	q_mu = 4.06400	q_A  = 3.41315	Pmu = 0.02150	1-Pb  = 0.43009	CLs  = 0.05000
AsymptoticLimits.cc[337] : (in function: getCLs) - At r = 0.392125:	q_mu = 4.06399	q_A  = 3.41318	Pmu = 0.02150	1-Pb  = 0.43009	CLs  = 0.05000
