CascadeMinimizer.cc[188] : (in function: improveOnce) - Minimization configured with Type=Minuit2, Algo=Migrad, strategy=0, tolerance=0.1
CascadeMinimizer.cc[215] : (in function: improveOnce) - Minimization finished with status=0
CascadeMinimizer.cc[219] : (in function: improveOnce) - Minimization success! status=0
ToyMCSamplerOpt.cc[146] : (in function: generateAsimov) - Using internal logic for binned/unbinned Asimov dataset generation
ToyMCSamplerOpt.cc[214] : (in function: generateWithHisto) - Generating asimov with histogram for pdf pdf_binpass_LOW_obsOnly: in 3 x-bins
ToyMCSamplerOpt.cc[215] : (in function: generateWithHisto) -  , in 1 y-bins
ToyMCSamplerOpt.cc[146] : (in function: generateAsimov) - Using internal logic for binned/unbinned Asimov dataset generation
ToyMCSamplerOpt.cc[214] : (in function: generateWithHisto) - Generating asimov with histogram for pdf pdf_binpass_SIG_obsOnly: in 1 x-bins
ToyMCSamplerOpt.cc[215] : (in function: generateWithHisto) -  , in 1 y-bins
ToyMCSamplerOpt.cc[146] : (in function: generateAsimov) - Using internal logic for binned/unbinned Asimov dataset generation
ToyMCSamplerOpt.cc[214] : (in function: generateWithHisto) - Generating asimov with histogram for pdf pdf_binpass_HIGH_obsOnly: in 3 x-bins
ToyMCSamplerOpt.cc[215] : (in function: generateWithHisto) -  , in 1 y-bins
ToyMCSamplerOpt.cc[146] : (in function: generateAsimov) - Using internal logic for binned/unbinned Asimov dataset generation
ToyMCSamplerOpt.cc[214] : (in function: generateWithHisto) - Generating asimov with histogram for pdf pdf_binfail_LOW_obsOnly: in 3 x-bins
ToyMCSamplerOpt.cc[215] : (in function: generateWithHisto) -  , in 1 y-bins
ToyMCSamplerOpt.cc[146] : (in function: generateAsimov) - Using internal logic for binned/unbinned Asimov dataset generation
ToyMCSamplerOpt.cc[214] : (in function: generateWithHisto) - Generating asimov with histogram for pdf pdf_binfail_SIG_obsOnly: in 1 x-bins
ToyMCSamplerOpt.cc[215] : (in function: generateWithHisto) -  , in 1 y-bins
ToyMCSamplerOpt.cc[146] : (in function: generateAsimov) - Using internal logic for binned/unbinned Asimov dataset generation
ToyMCSamplerOpt.cc[214] : (in function: generateWithHisto) - Generating asimov with histogram for pdf pdf_binfail_HIGH_obsOnly: in 3 x-bins
ToyMCSamplerOpt.cc[215] : (in function: generateWithHisto) -  , in 1 y-bins
AsymptoticLimits.cc[428] : (in function: runLimitExpected) - Median for expected limits = 1.15625, Sigma for expected limits = 0.589934
AsymptoticLimits.cc[191] : (in function: runLimit) - NLL at global minimum of data = -8422.99 (r=1.21015)
AsymptoticLimits.cc[211] : (in function: runLimit) - NLL at global minimum of asimov = -8417.07 (r=0.00420313)
AsymptoticLimits.cc[337] : (in function: getCLs) - At r = 2.595564:	q_mu = 3.03873	q_A  = 9.72309	Pmu = 0.04065	1-Pb  = 0.91543	CLs  = 0.04440
AsymptoticLimits.cc[337] : (in function: getCLs) - At r = 1.902856:	q_mu = 0.99942	q_A  = 6.79450	Pmu = 0.15873	1-Pb  = 0.94596	CLs  = 0.16779
AsymptoticLimits.cc[337] : (in function: getCLs) - At r = 2.249210:	q_mu = 1.95317	q_A  = 8.24943	Pmu = 0.08112	1-Pb  = 0.92984	CLs  = 0.08724
AsymptoticLimits.cc[337] : (in function: getCLs) - At r = 2.477604:	q_mu = 2.65804	q_A  = 9.22035	Pmu = 0.05151	1-Pb  = 0.92016	CLs  = 0.05598
AsymptoticLimits.cc[337] : (in function: getCLs) - At r = 2.547231:	q_mu = 2.88155	q_A  = 9.51708	Pmu = 0.04480	1-Pb  = 0.91735	CLs  = 0.04884
AsymptoticLimits.cc[337] : (in function: getCLs) - At r = 2.523702:	q_mu = 2.80561	q_A  = 9.41679	Pmu = 0.04697	1-Pb  = 0.91829	CLs  = 0.05115
AsymptoticLimits.cc[337] : (in function: getCLs) - At r = 2.537641:	q_mu = 2.85053	q_A  = 9.47617	Pmu = 0.04567	1-Pb  = 0.91773	CLs  = 0.04977
AsymptoticLimits.cc[337] : (in function: getCLs) - At r = 2.532941:	q_mu = 2.83537	q_A  = 9.45613	Pmu = 0.04610	1-Pb  = 0.91792	CLs  = 0.05023
AsymptoticLimits.cc[337] : (in function: getCLs) - At r = 2.535729:	q_mu = 2.84436	q_A  = 9.46801	Pmu = 0.04585	1-Pb  = 0.91781	CLs  = 0.04995
AsymptoticLimits.cc[337] : (in function: getCLs) - At r = 2.534789:	q_mu = 2.84133	q_A  = 9.46401	Pmu = 0.04593	1-Pb  = 0.91785	CLs  = 0.05005
AsymptoticLimits.cc[337] : (in function: getCLs) - At r = 2.535347:	q_mu = 2.84313	q_A  = 9.46638	Pmu = 0.04588	1-Pb  = 0.91783	CLs  = 0.04999
AsymptoticLimits.cc[337] : (in function: getCLs) - At r = 2.535159:	q_mu = 2.84252	q_A  = 9.46558	Pmu = 0.04590	1-Pb  = 0.91783	CLs  = 0.05001
AsymptoticLimits.cc[337] : (in function: getCLs) - At r = 2.535271:	q_mu = 2.84288	q_A  = 9.46606	Pmu = 0.04589	1-Pb  = 0.91783	CLs  = 0.05000
AsymptoticLimits.cc[337] : (in function: getCLs) - At r = 2.535233:	q_mu = 2.84276	q_A  = 9.46590	Pmu = 0.04589	1-Pb  = 0.91783	CLs  = 0.05000
AsymptoticLimits.cc[337] : (in function: getCLs) - At r = 2.535255:	q_mu = 2.84283	q_A  = 9.46599	Pmu = 0.04589	1-Pb  = 0.91783	CLs  = 0.05000
AsymptoticLimits.cc[337] : (in function: getCLs) - At r = 2.535248:	q_mu = 2.84281	q_A  = 9.46596	Pmu = 0.04589	1-Pb  = 0.91783	CLs  = 0.05000
