CascadeMinimizer.cc[188] : (in function: improveOnce) - Minimization configured with Type=Minuit2, Algo=Migrad, strategy=0, tolerance=0.1
CascadeMinimizer.cc[215] : (in function: improveOnce) - Minimization finished with status=0
CascadeMinimizer.cc[219] : (in function: improveOnce) - Minimization success! status=0
ToyMCSamplerOpt.cc[146] : (in function: generateAsimov) - Using internal logic for binned/unbinned Asimov dataset generation
ToyMCSamplerOpt.cc[214] : (in function: generateWithHisto) - Generating asimov with histogram for pdf pdf_binpass_LOW_obsOnly: in 2 x-bins
ToyMCSamplerOpt.cc[215] : (in function: generateWithHisto) -  , in 1 y-bins
ToyMCSamplerOpt.cc[146] : (in function: generateAsimov) - Using internal logic for binned/unbinned Asimov dataset generation
ToyMCSamplerOpt.cc[214] : (in function: generateWithHisto) - Generating asimov with histogram for pdf pdf_binpass_SIG_obsOnly: in 1 x-bins
ToyMCSamplerOpt.cc[215] : (in function: generateWithHisto) -  , in 1 y-bins
ToyMCSamplerOpt.cc[146] : (in function: generateAsimov) - Using internal logic for binned/unbinned Asimov dataset generation
ToyMCSamplerOpt.cc[214] : (in function: generateWithHisto) - Generating asimov with histogram for pdf pdf_binpass_HIGH_obsOnly: in 9 x-bins
ToyMCSamplerOpt.cc[215] : (in function: generateWithHisto) -  , in 1 y-bins
ToyMCSamplerOpt.cc[146] : (in function: generateAsimov) - Using internal logic for binned/unbinned Asimov dataset generation
ToyMCSamplerOpt.cc[214] : (in function: generateWithHisto) - Generating asimov with histogram for pdf pdf_binfail_LOW_obsOnly: in 2 x-bins
ToyMCSamplerOpt.cc[215] : (in function: generateWithHisto) -  , in 1 y-bins
ToyMCSamplerOpt.cc[146] : (in function: generateAsimov) - Using internal logic for binned/unbinned Asimov dataset generation
ToyMCSamplerOpt.cc[214] : (in function: generateWithHisto) - Generating asimov with histogram for pdf pdf_binfail_SIG_obsOnly: in 1 x-bins
ToyMCSamplerOpt.cc[215] : (in function: generateWithHisto) -  , in 1 y-bins
ToyMCSamplerOpt.cc[146] : (in function: generateAsimov) - Using internal logic for binned/unbinned Asimov dataset generation
ToyMCSamplerOpt.cc[214] : (in function: generateWithHisto) - Generating asimov with histogram for pdf pdf_binfail_HIGH_obsOnly: in 9 x-bins
ToyMCSamplerOpt.cc[215] : (in function: generateWithHisto) -  , in 1 y-bins
AsymptoticLimits.cc[428] : (in function: runLimitExpected) - Median for expected limits = 0.5, Sigma for expected limits = 0.255107
AsymptoticLimits.cc[191] : (in function: runLimit) - NLL at global minimum of data = -819.22 (r=2.39812e-09)
AsymptoticLimits.cc[211] : (in function: runLimit) - NLL at global minimum of asimov = -818.674 (r=3.35285e-06)
AsymptoticLimits.cc[337] : (in function: getCLs) - At r = 1.200000:	q_mu = 8.62646	q_A  = 8.52701	Pmu = 0.00166	1-Pb  = 0.49321	CLs  = 0.00336
AsymptoticLimits.cc[337] : (in function: getCLs) - At r = 0.600000:	q_mu = 4.60350	q_A  = 4.54431	Pmu = 0.01595	1-Pb  = 0.49446	CLs  = 0.03226
AsymptoticLimits.cc[337] : (in function: getCLs) - At r = 0.300000:	q_mu = 2.39137	q_A  = 2.35909	Pmu = 0.06100	1-Pb  = 0.49581	CLs  = 0.12303
AsymptoticLimits.cc[337] : (in function: getCLs) - At r = 0.461437:	q_mu = 3.60011	q_A  = 3.55286	Pmu = 0.02889	1-Pb  = 0.49500	CLs  = 0.05835
AsymptoticLimits.cc[337] : (in function: getCLs) - At r = 0.518046:	q_mu = 4.01358	q_A  = 3.96152	Pmu = 0.02257	1-Pb  = 0.49478	CLs  = 0.04561
AsymptoticLimits.cc[337] : (in function: getCLs) - At r = 0.489825:	q_mu = 3.80791	q_A  = 3.75841	Pmu = 0.02550	1-Pb  = 0.49491	CLs  = 0.05153
AsymptoticLimits.cc[337] : (in function: getCLs) - At r = 0.501044:	q_mu = 3.88963	q_A  = 3.83929	Pmu = 0.02429	1-Pb  = 0.49488	CLs  = 0.04908
AsymptoticLimits.cc[337] : (in function: getCLs) - At r = 0.495388:	q_mu = 3.84821	q_A  = 3.79851	Pmu = 0.02490	1-Pb  = 0.49491	CLs  = 0.05031
AsymptoticLimits.cc[337] : (in function: getCLs) - At r = 0.497641:	q_mu = 3.86445	q_A  = 3.81474	Pmu = 0.02466	1-Pb  = 0.49492	CLs  = 0.04982
AsymptoticLimits.cc[337] : (in function: getCLs) - At r = 0.496522:	q_mu = 3.85226	q_A  = 3.80666	Pmu = 0.02484	1-Pb  = 0.49534	CLs  = 0.05014
AsymptoticLimits.cc[337] : (in function: getCLs) - At r = 0.497141:	q_mu = 3.85677	q_A  = 3.81112	Pmu = 0.02477	1-Pb  = 0.49534	CLs  = 0.05001
AsymptoticLimits.cc[337] : (in function: getCLs) - At r = 0.497259:	q_mu = 3.85762	q_A  = 3.81196	Pmu = 0.02476	1-Pb  = 0.49533	CLs  = 0.04998
AsymptoticLimits.cc[337] : (in function: getCLs) - At r = 0.497195:	q_mu = 3.85716	q_A  = 3.81149	Pmu = 0.02477	1-Pb  = 0.49533	CLs  = 0.05000
AsymptoticLimits.cc[337] : (in function: getCLs) - At r = 0.497172:	q_mu = 3.85699	q_A  = 3.81131	Pmu = 0.02477	1-Pb  = 0.49533	CLs  = 0.05000
AsymptoticLimits.cc[337] : (in function: getCLs) - At r = 0.497183:	q_mu = 3.85707	q_A  = 3.81138	Pmu = 0.02477	1-Pb  = 0.49533	CLs  = 0.05000
AsymptoticLimits.cc[337] : (in function: getCLs) - At r = 0.497179:	q_mu = 3.85704	q_A  = 3.81134	Pmu = 0.02477	1-Pb  = 0.49533	CLs  = 0.05000
AsymptoticLimits.cc[337] : (in function: getCLs) - At r = 0.497181:	q_mu = 3.85706	q_A  = 3.81135	Pmu = 0.02477	1-Pb  = 0.49533	CLs  = 0.05000
