CascadeMinimizer.cc[188] : (in function: improveOnce) - Minimization configured with Type=Minuit2, Algo=Migrad, strategy=0, tolerance=0.1
CascadeMinimizer.cc[215] : (in function: improveOnce) - Minimization finished with status=0
CascadeMinimizer.cc[219] : (in function: improveOnce) - Minimization success! status=0
ToyMCSamplerOpt.cc[146] : (in function: generateAsimov) - Using internal logic for binned/unbinned Asimov dataset generation
ToyMCSamplerOpt.cc[214] : (in function: generateWithHisto) - Generating asimov with histogram for pdf pdf_binpass_LOW_obsOnly: in 2 x-bins
ToyMCSamplerOpt.cc[215] : (in function: generateWithHisto) -  , in 1 y-bins
ToyMCSamplerOpt.cc[146] : (in function: generateAsimov) - Using internal logic for binned/unbinned Asimov dataset generation
ToyMCSamplerOpt.cc[214] : (in function: generateWithHisto) - Generating asimov with histogram for pdf pdf_binpass_SIG_obsOnly: in 1 x-bins
ToyMCSamplerOpt.cc[215] : (in function: generateWithHisto) -  , in 1 y-bins
ToyMCSamplerOpt.cc[146] : (in function: generateAsimov) - Using internal logic for binned/unbinned Asimov dataset generation
ToyMCSamplerOpt.cc[214] : (in function: generateWithHisto) - Generating asimov with histogram for pdf pdf_binpass_HIGH_obsOnly: in 9 x-bins
ToyMCSamplerOpt.cc[215] : (in function: generateWithHisto) -  , in 1 y-bins
ToyMCSamplerOpt.cc[146] : (in function: generateAsimov) - Using internal logic for binned/unbinned Asimov dataset generation
ToyMCSamplerOpt.cc[214] : (in function: generateWithHisto) - Generating asimov with histogram for pdf pdf_binfail_LOW_obsOnly: in 2 x-bins
ToyMCSamplerOpt.cc[215] : (in function: generateWithHisto) -  , in 1 y-bins
ToyMCSamplerOpt.cc[146] : (in function: generateAsimov) - Using internal logic for binned/unbinned Asimov dataset generation
ToyMCSamplerOpt.cc[214] : (in function: generateWithHisto) - Generating asimov with histogram for pdf pdf_binfail_SIG_obsOnly: in 1 x-bins
ToyMCSamplerOpt.cc[215] : (in function: generateWithHisto) -  , in 1 y-bins
ToyMCSamplerOpt.cc[146] : (in function: generateAsimov) - Using internal logic for binned/unbinned Asimov dataset generation
ToyMCSamplerOpt.cc[214] : (in function: generateWithHisto) - Generating asimov with histogram for pdf pdf_binfail_HIGH_obsOnly: in 9 x-bins
ToyMCSamplerOpt.cc[215] : (in function: generateWithHisto) -  , in 1 y-bins
AsymptoticLimits.cc[428] : (in function: runLimitExpected) - Median for expected limits = 0.419922, Sigma for expected limits = 0.21425
AsymptoticLimits.cc[191] : (in function: runLimit) - NLL at global minimum of data = -26.8498 (r=1.56592e-06)
AsymptoticLimits.cc[211] : (in function: runLimit) - NLL at global minimum of asimov = -26.1027 (r=4.79703e-07)
AsymptoticLimits.cc[337] : (in function: getCLs) - At r = 1.200002:	q_mu = 16.98949	q_A  = 15.37019	Pmu = 0.00002	1-Pb  = 0.41819	CLs  = 0.00004
AsymptoticLimits.cc[337] : (in function: getCLs) - At r = 0.600002:	q_mu = 7.64228	q_A  = 6.38311	Pmu = 0.00275	1-Pb  = 0.40161	CLs  = 0.00686
AsymptoticLimits.cc[337] : (in function: getCLs) - At r = 0.300002:	q_mu = 3.17547	q_A  = 2.27799	Pmu = 0.03541	1-Pb  = 0.38311	CLs  = 0.09243
AsymptoticLimits.cc[337] : (in function: getCLs) - At r = 0.450002:	q_mu = 5.35251	q_A  = 4.24632	Pmu = 0.00993	1-Pb  = 0.39419	CLs  = 0.02519
AsymptoticLimits.cc[337] : (in function: getCLs) - At r = 0.386709:	q_mu = 4.41406	q_A  = 3.38728	Pmu = 0.01703	1-Pb  = 0.39014	CLs  = 0.04365
AsymptoticLimits.cc[337] : (in function: getCLs) - At r = 0.356803:	q_mu = 3.97969	q_A  = 2.99444	Pmu = 0.02195	1-Pb  = 0.38794	CLs  = 0.05657
AsymptoticLimits.cc[337] : (in function: getCLs) - At r = 0.374172:	q_mu = 4.23110	q_A  = 3.22127	Pmu = 0.01894	1-Pb  = 0.38923	CLs  = 0.04866
AsymptoticLimits.cc[337] : (in function: getCLs) - At r = 0.368199:	q_mu = 4.14428	q_A  = 3.14273	Pmu = 0.01993	1-Pb  = 0.38879	CLs  = 0.05125
AsymptoticLimits.cc[337] : (in function: getCLs) - At r = 0.371677:	q_mu = 4.19470	q_A  = 3.18827	Pmu = 0.01935	1-Pb  = 0.38904	CLs  = 0.04973
AsymptoticLimits.cc[337] : (in function: getCLs) - At r = 0.370489:	q_mu = 4.17741	q_A  = 3.17267	Pmu = 0.01955	1-Pb  = 0.38896	CLs  = 0.05025
AsymptoticLimits.cc[337] : (in function: getCLs) - At r = 0.371186:	q_mu = 4.18754	q_A  = 3.18182	Pmu = 0.01943	1-Pb  = 0.38901	CLs  = 0.04995
AsymptoticLimits.cc[337] : (in function: getCLs) - At r = 0.370948:	q_mu = 4.18403	q_A  = 3.17870	Pmu = 0.01947	1-Pb  = 0.38900	CLs  = 0.05005
AsymptoticLimits.cc[337] : (in function: getCLs) - At r = 0.371089:	q_mu = 4.18604	q_A  = 3.18054	Pmu = 0.01945	1-Pb  = 0.38901	CLs  = 0.04999
AsymptoticLimits.cc[337] : (in function: getCLs) - At r = 0.371043:	q_mu = 4.18538	q_A  = 3.17994	Pmu = 0.01945	1-Pb  = 0.38901	CLs  = 0.05001
AsymptoticLimits.cc[337] : (in function: getCLs) - At r = 0.371062:	q_mu = 4.18565	q_A  = 3.18020	Pmu = 0.01945	1-Pb  = 0.38901	CLs  = 0.05000
AsymptoticLimits.cc[337] : (in function: getCLs) - At r = 0.371071:	q_mu = 4.18580	q_A  = 3.18031	Pmu = 0.01945	1-Pb  = 0.38901	CLs  = 0.05000
AsymptoticLimits.cc[337] : (in function: getCLs) - At r = 0.371066:	q_mu = 4.18571	q_A  = 3.18024	Pmu = 0.01945	1-Pb  = 0.38901	CLs  = 0.05000
