CascadeMinimizer.cc[188] : (in function: improveOnce) - Minimization configured with Type=Minuit2, Algo=Migrad, strategy=0, tolerance=0.1
CascadeMinimizer.cc[215] : (in function: improveOnce) - Minimization finished with status=0
CascadeMinimizer.cc[219] : (in function: improveOnce) - Minimization success! status=0
ToyMCSamplerOpt.cc[146] : (in function: generateAsimov) - Using internal logic for binned/unbinned Asimov dataset generation
ToyMCSamplerOpt.cc[214] : (in function: generateWithHisto) - Generating asimov with histogram for pdf pdf_binpass_LOW_obsOnly: in 2 x-bins
ToyMCSamplerOpt.cc[215] : (in function: generateWithHisto) -  , in 1 y-bins
ToyMCSamplerOpt.cc[146] : (in function: generateAsimov) - Using internal logic for binned/unbinned Asimov dataset generation
ToyMCSamplerOpt.cc[214] : (in function: generateWithHisto) - Generating asimov with histogram for pdf pdf_binpass_SIG_obsOnly: in 1 x-bins
ToyMCSamplerOpt.cc[215] : (in function: generateWithHisto) -  , in 1 y-bins
ToyMCSamplerOpt.cc[146] : (in function: generateAsimov) - Using internal logic for binned/unbinned Asimov dataset generation
ToyMCSamplerOpt.cc[214] : (in function: generateWithHisto) - Generating asimov with histogram for pdf pdf_binpass_HIGH_obsOnly: in 9 x-bins
ToyMCSamplerOpt.cc[215] : (in function: generateWithHisto) -  , in 1 y-bins
ToyMCSamplerOpt.cc[146] : (in function: generateAsimov) - Using internal logic for binned/unbinned Asimov dataset generation
ToyMCSamplerOpt.cc[214] : (in function: generateWithHisto) - Generating asimov with histogram for pdf pdf_binfail_LOW_obsOnly: in 2 x-bins
ToyMCSamplerOpt.cc[215] : (in function: generateWithHisto) -  , in 1 y-bins
ToyMCSamplerOpt.cc[146] : (in function: generateAsimov) - Using internal logic for binned/unbinned Asimov dataset generation
ToyMCSamplerOpt.cc[214] : (in function: generateWithHisto) - Generating asimov with histogram for pdf pdf_binfail_SIG_obsOnly: in 1 x-bins
ToyMCSamplerOpt.cc[215] : (in function: generateWithHisto) -  , in 1 y-bins
ToyMCSamplerOpt.cc[146] : (in function: generateAsimov) - Using internal logic for binned/unbinned Asimov dataset generation
ToyMCSamplerOpt.cc[214] : (in function: generateWithHisto) - Generating asimov with histogram for pdf pdf_binfail_HIGH_obsOnly: in 9 x-bins
ToyMCSamplerOpt.cc[215] : (in function: generateWithHisto) -  , in 1 y-bins
AsymptoticLimits.cc[428] : (in function: runLimitExpected) - Median for expected limits = 0.816406, Sigma for expected limits = 0.416541
AsymptoticLimits.cc[191] : (in function: runLimit) - NLL at global minimum of data = -821.981 (r=4.87296e-07)
AsymptoticLimits.cc[211] : (in function: runLimit) - NLL at global minimum of asimov = -820.908 (r=1.00605e-08)
AsymptoticLimits.cc[337] : (in function: getCLs) - At r = 1.200000:	q_mu = 8.63617	q_A  = 6.36379	Pmu = 0.00147	1-Pb  = 0.32621	CLs  = 0.00452
AsymptoticLimits.cc[337] : (in function: getCLs) - At r = 0.600000:	q_mu = 4.38071	q_A  = 2.49859	Pmu = 0.01478	1-Pb  = 0.27581	CLs  = 0.05357
AsymptoticLimits.cc[337] : (in function: getCLs) - At r = 0.900000:	q_mu = 6.52598	q_A  = 4.38775	Pmu = 0.00459	1-Pb  = 0.30489	CLs  = 0.01506
AsymptoticLimits.cc[337] : (in function: getCLs) - At r = 0.673061:	q_mu = 4.90593	q_A  = 2.94296	Pmu = 0.01108	1-Pb  = 0.28362	CLs  = 0.03906
AsymptoticLimits.cc[337] : (in function: getCLs) - At r = 0.627390:	q_mu = 4.57802	q_A  = 2.66366	Pmu = 0.01326	1-Pb  = 0.27878	CLs  = 0.04756
AsymptoticLimits.cc[337] : (in function: getCLs) - At r = 0.612706:	q_mu = 4.47253	q_A  = 2.57493	Pmu = 0.01405	1-Pb  = 0.27717	CLs  = 0.05068
AsymptoticLimits.cc[337] : (in function: getCLs) - At r = 0.618154:	q_mu = 4.51165	q_A  = 2.60777	Pmu = 0.01375	1-Pb  = 0.27777	CLs  = 0.04950
AsymptoticLimits.cc[337] : (in function: getCLs) - At r = 0.615217:	q_mu = 4.49049	q_A  = 2.59004	Pmu = 0.01391	1-Pb  = 0.27745	CLs  = 0.05014
AsymptoticLimits.cc[337] : (in function: getCLs) - At r = 0.616310:	q_mu = 4.49832	q_A  = 2.59664	Pmu = 0.01385	1-Pb  = 0.27757	CLs  = 0.04990
AsymptoticLimits.cc[337] : (in function: getCLs) - At r = 0.615725:	q_mu = 4.49410	q_A  = 2.59311	Pmu = 0.01388	1-Pb  = 0.27751	CLs  = 0.05003
AsymptoticLimits.cc[337] : (in function: getCLs) - At r = 0.615945:	q_mu = 4.49567	q_A  = 2.59444	Pmu = 0.01387	1-Pb  = 0.27754	CLs  = 0.04998
AsymptoticLimits.cc[337] : (in function: getCLs) - At r = 0.615829:	q_mu = 4.49482	q_A  = 2.59377	Pmu = 0.01388	1-Pb  = 0.27753	CLs  = 0.05001
AsymptoticLimits.cc[337] : (in function: getCLs) - At r = 0.615874:	q_mu = 4.49513	q_A  = 2.59401	Pmu = 0.01388	1-Pb  = 0.27753	CLs  = 0.05000
AsymptoticLimits.cc[337] : (in function: getCLs) - At r = 0.615851:	q_mu = 4.49496	q_A  = 2.59391	Pmu = 0.01388	1-Pb  = 0.27753	CLs  = 0.05000
AsymptoticLimits.cc[337] : (in function: getCLs) - At r = 0.615861:	q_mu = 4.49502	q_A  = 2.59394	Pmu = 0.01388	1-Pb  = 0.27753	CLs  = 0.05000
AsymptoticLimits.cc[337] : (in function: getCLs) - At r = 0.615858:	q_mu = 4.49499	q_A  = 2.59396	Pmu = 0.01388	1-Pb  = 0.27754	CLs  = 0.05000
