CascadeMinimizer.cc[188] : (in function: improveOnce) - Minimization configured with Type=Minuit2, Algo=Migrad, strategy=0, tolerance=0.1
CascadeMinimizer.cc[215] : (in function: improveOnce) - Minimization finished with status=0
CascadeMinimizer.cc[219] : (in function: improveOnce) - Minimization success! status=0
ToyMCSamplerOpt.cc[146] : (in function: generateAsimov) - Using internal logic for binned/unbinned Asimov dataset generation
ToyMCSamplerOpt.cc[214] : (in function: generateWithHisto) - Generating asimov with histogram for pdf pdf_binpass_LOW_obsOnly: in 3 x-bins
ToyMCSamplerOpt.cc[215] : (in function: generateWithHisto) -  , in 1 y-bins
ToyMCSamplerOpt.cc[146] : (in function: generateAsimov) - Using internal logic for binned/unbinned Asimov dataset generation
ToyMCSamplerOpt.cc[214] : (in function: generateWithHisto) - Generating asimov with histogram for pdf pdf_binpass_SIG_obsOnly: in 1 x-bins
ToyMCSamplerOpt.cc[215] : (in function: generateWithHisto) -  , in 1 y-bins
ToyMCSamplerOpt.cc[146] : (in function: generateAsimov) - Using internal logic for binned/unbinned Asimov dataset generation
ToyMCSamplerOpt.cc[214] : (in function: generateWithHisto) - Generating asimov with histogram for pdf pdf_binpass_HIGH_obsOnly: in 3 x-bins
ToyMCSamplerOpt.cc[215] : (in function: generateWithHisto) -  , in 1 y-bins
ToyMCSamplerOpt.cc[146] : (in function: generateAsimov) - Using internal logic for binned/unbinned Asimov dataset generation
ToyMCSamplerOpt.cc[214] : (in function: generateWithHisto) - Generating asimov with histogram for pdf pdf_binfail_LOW_obsOnly: in 3 x-bins
ToyMCSamplerOpt.cc[215] : (in function: generateWithHisto) -  , in 1 y-bins
ToyMCSamplerOpt.cc[146] : (in function: generateAsimov) - Using internal logic for binned/unbinned Asimov dataset generation
ToyMCSamplerOpt.cc[214] : (in function: generateWithHisto) - Generating asimov with histogram for pdf pdf_binfail_SIG_obsOnly: in 1 x-bins
ToyMCSamplerOpt.cc[215] : (in function: generateWithHisto) -  , in 1 y-bins
ToyMCSamplerOpt.cc[146] : (in function: generateAsimov) - Using internal logic for binned/unbinned Asimov dataset generation
ToyMCSamplerOpt.cc[214] : (in function: generateWithHisto) - Generating asimov with histogram for pdf pdf_binfail_HIGH_obsOnly: in 3 x-bins
ToyMCSamplerOpt.cc[215] : (in function: generateWithHisto) -  , in 1 y-bins
AsymptoticLimits.cc[428] : (in function: runLimitExpected) - Median for expected limits = 63.5, Sigma for expected limits = 32.3986
AsymptoticLimits.cc[191] : (in function: runLimit) - NLL at global minimum of data = -678.655 (r=4.12003e-05)
AsymptoticLimits.cc[211] : (in function: runLimit) - NLL at global minimum of asimov = -678.854 (r=2.97836e-05)
AsymptoticLimits.cc[337] : (in function: getCLs) - At r = 31.122231:	q_mu = 2.15392	q_A  = 2.26639	Pmu = 0.07110	1-Pb  = 0.51509	CLs  = 0.13804
AsymptoticLimits.cc[337] : (in function: getCLs) - At r = 62.244462:	q_mu = 3.68934	q_A  = 3.78959	Pmu = 0.02738	1-Pb  = 0.51034	CLs  = 0.05365
AsymptoticLimits.cc[337] : (in function: getCLs) - At r = 124.488924:	q_mu = 5.98598	q_A  = 6.07759	Pmu = 0.00721	1-Pb  = 0.50744	CLs  = 0.01421
AsymptoticLimits.cc[337] : (in function: getCLs) - At r = 62.244483:	q_mu = 3.68878	q_A  = 3.78970	Pmu = 0.02739	1-Pb  = 0.51041	CLs  = 0.05366
AsymptoticLimits.cc[337] : (in function: getCLs) - At r = 93.366704:	q_mu = 4.92749	q_A  = 5.02790	Pmu = 0.01322	1-Pb  = 0.50898	CLs  = 0.02597
AsymptoticLimits.cc[337] : (in function: getCLs) - At r = 70.893542:	q_mu = 4.11971	q_A  = 4.15786	Pmu = 0.02119	1-Pb  = 0.50374	CLs  = 0.04207
AsymptoticLimits.cc[337] : (in function: getCLs) - At r = 65.984336:	q_mu = 3.85000	q_A  = 3.95153	Pmu = 0.02487	1-Pb  = 0.51025	CLs  = 0.04875
AsymptoticLimits.cc[337] : (in function: getCLs) - At r = 64.445716:	q_mu = 3.78411	q_A  = 3.88542	Pmu = 0.02587	1-Pb  = 0.51032	CLs  = 0.05070
AsymptoticLimits.cc[337] : (in function: getCLs) - At r = 65.187002:	q_mu = 3.81594	q_A  = 3.91734	Pmu = 0.02538	1-Pb  = 0.51029	CLs  = 0.04974
AsymptoticLimits.cc[337] : (in function: getCLs) - At r = 64.877976:	q_mu = 3.80270	q_A  = 3.90404	Pmu = 0.02558	1-Pb  = 0.51030	CLs  = 0.05014
AsymptoticLimits.cc[337] : (in function: getCLs) - At r = 65.025889:	q_mu = 3.80904	q_A  = 3.91040	Pmu = 0.02549	1-Pb  = 0.51029	CLs  = 0.04995
AsymptoticLimits.cc[337] : (in function: getCLs) - At r = 64.964121:	q_mu = 3.80639	q_A  = 3.90773	Pmu = 0.02553	1-Pb  = 0.51029	CLs  = 0.05003
AsymptoticLimits.cc[337] : (in function: getCLs) - At r = 64.993726:	q_mu = 3.80766	q_A  = 3.90900	Pmu = 0.02551	1-Pb  = 0.51029	CLs  = 0.04999
AsymptoticLimits.cc[337] : (in function: getCLs) - At r = 64.981397:	q_mu = 3.80713	q_A  = 3.90847	Pmu = 0.02552	1-Pb  = 0.51029	CLs  = 0.05001
AsymptoticLimits.cc[337] : (in function: getCLs) - At r = 64.987338:	q_mu = 3.80739	q_A  = 3.90872	Pmu = 0.02551	1-Pb  = 0.51029	CLs  = 0.05000
AsymptoticLimits.cc[337] : (in function: getCLs) - At r = 64.984894:	q_mu = 3.80728	q_A  = 3.90862	Pmu = 0.02552	1-Pb  = 0.51029	CLs  = 0.05000
AsymptoticLimits.cc[337] : (in function: getCLs) - At r = 64.986099:	q_mu = 3.80733	q_A  = 3.90866	Pmu = 0.02551	1-Pb  = 0.51029	CLs  = 0.05000
AsymptoticLimits.cc[337] : (in function: getCLs) - At r = 64.985629:	q_mu = 3.80731	q_A  = 3.90864	Pmu = 0.02551	1-Pb  = 0.51029	CLs  = 0.05000
AsymptoticLimits.cc[337] : (in function: getCLs) - At r = 64.985882:	q_mu = 3.80732	q_A  = 3.90865	Pmu = 0.02551	1-Pb  = 0.51029	CLs  = 0.05000
