 <<< Combine >>> 
 <<< v10.0.1 >>>
>>> Random number generator seed is 123456
>>> Method used is FitDiagnostics
Set Default Value of Parameter mask_pass_SIG To : 1
Set Default Value of Parameter mask_pass_HIGH To : 1
Set Default Value of Parameter r To : 1
>>> 2 out of 6 channels masked

>> Found 16 floating parameters
>> The following parameters are protected in the event of negative eigenvalues:
>> Parameter CMS_AN23122_Background_rpf_2x0_par2 does not have a valid stencil and will be dropped
>> Verifying eigenvalues are all positive (iteration 0)
Eigenvalue 14 : -0.000167699
 - 0.734839	CMS_AN23122_Background_rpf_2x0_par3
 - -0.665864	CMS_AN23122_Background_rpf_2x0_par0
 - -0.128983	CMS_AN23122_Background_rpf_2x0_par1
 - 0.000383121	CMS_AN23122_Background_fail_LOW_bin_3-1
 - -0.000174586	CMS_AN23122_Background_fail_LOW_bin_1-1
>> Attempt 0 failed, remove the variable with largest eigenvector component...
>> Dropping CMS_AN23122_Background_rpf_2x0_par3 from the hessian
>> Verifying eigenvalues are all positive (iteration 1)
>> All eigenvalues are positive
>> Inverting Hessian...
>> Matrix inverted
>> Note: the following parameters were dropped as their ranges are either too narrow or the parameter has no effect on the NLL:
     - CMS_AN23122_Background_rpf_2x0_par2
>> Note: the following parameters were dropped to make the covariance matrix pos-def:
     - CMS_AN23122_Background_rpf_2x0_par3
 Fit B-only, status = 0, numBadNLL = 0, covariance quality = -1
Running Minos for POI r
>> Found 17 floating parameters
>> The following parameters are protected in the event of negative eigenvalues: r
>> Parameter CMS_AN23122_Background_rpf_2x0_par2 does not have a valid stencil and will be dropped
>> Verifying eigenvalues are all positive (iteration 0)
Eigenvalue 14 : -0.000103877
 - 0.694094	CMS_AN23122_Background_rpf_2x0_par3
 - -0.664879	CMS_AN23122_Background_rpf_2x0_par0
 - -0.213575	r
 - 0.133977	CMS_AN23122_Background_fail_HIGH_bin_3-1
 - 0.102889	CMS_AN23122_Background_fail_HIGH_bin_4-1
Eigenvalue 15 : -0.00280548
 - 0.655348	r
 - -0.467646	CMS_AN23122_Background_rpf_2x0_par1
 - -0.405581	CMS_AN23122_Background_fail_HIGH_bin_3-1
 - -0.311468	CMS_AN23122_Background_fail_HIGH_bin_4-1
 - 0.271919	CMS_AN23122_Background_rpf_2x0_par3
>> Attempt 0 failed, remove the variable with largest eigenvector component...
>> Dropping CMS_AN23122_Background_rpf_2x0_par1 from the hessian
>> Verifying eigenvalues are all positive (iteration 1)
Eigenvalue 14 : -0.000117347
 - 0.711282	CMS_AN23122_Background_rpf_2x0_par3
 - -0.671038	CMS_AN23122_Background_rpf_2x0_par0
 - -0.162997	r
 - 0.102242	CMS_AN23122_Background_fail_HIGH_bin_3-1
 - 0.0785177	CMS_AN23122_Background_fail_HIGH_bin_4-1
>> Attempt 1 failed, remove the variable with largest eigenvector component...
>> Dropping CMS_AN23122_Background_rpf_2x0_par3 from the hessian
>> Verifying eigenvalues are all positive (iteration 2)
>> All eigenvalues are positive
>> Inverting Hessian...
>> Matrix inverted
>> Note: the following parameters were dropped as their ranges are either too narrow or the parameter has no effect on the NLL:
     - CMS_AN23122_Background_rpf_2x0_par2
>> Note: the following parameters were dropped to make the covariance matrix pos-def:
     - CMS_AN23122_Background_rpf_2x0_par1
     - CMS_AN23122_Background_rpf_2x0_par3
Fit S+B, status = 0, numBadNLL = 0, covariance quality = -1

 --- FitDiagnostics ---
Best fit r: 9.4211e-06  -9.4211e-06/+50  (68% CL)
Done in 0.00 min (cpu), 0.00 min (real)
30 log messages saved to combine_logger.out
