CascadeMinimizer.cc[188] : (in function: improveOnce) - Minimization configured with Type=Minuit2, Algo=Migrad, strategy=0, tolerance=0.1
CascadeMinimizer.cc[215] : (in function: improveOnce) - Minimization finished with status=0
CascadeMinimizer.cc[219] : (in function: improveOnce) - Minimization success! status=0
ToyMCSamplerOpt.cc[146] : (in function: generateAsimov) - Using internal logic for binned/unbinned Asimov dataset generation
ToyMCSamplerOpt.cc[214] : (in function: generateWithHisto) - Generating asimov with histogram for pdf pdf_binpass_LOW_obsOnly: in 3 x-bins
ToyMCSamplerOpt.cc[215] : (in function: generateWithHisto) -  , in 1 y-bins
ToyMCSamplerOpt.cc[146] : (in function: generateAsimov) - Using internal logic for binned/unbinned Asimov dataset generation
ToyMCSamplerOpt.cc[214] : (in function: generateWithHisto) - Generating asimov with histogram for pdf pdf_binpass_SIG_obsOnly: in 1 x-bins
ToyMCSamplerOpt.cc[215] : (in function: generateWithHisto) -  , in 1 y-bins
ToyMCSamplerOpt.cc[146] : (in function: generateAsimov) - Using internal logic for binned/unbinned Asimov dataset generation
ToyMCSamplerOpt.cc[214] : (in function: generateWithHisto) - Generating asimov with histogram for pdf pdf_binpass_HIGH_obsOnly: in 3 x-bins
ToyMCSamplerOpt.cc[215] : (in function: generateWithHisto) -  , in 1 y-bins
ToyMCSamplerOpt.cc[146] : (in function: generateAsimov) - Using internal logic for binned/unbinned Asimov dataset generation
ToyMCSamplerOpt.cc[214] : (in function: generateWithHisto) - Generating asimov with histogram for pdf pdf_binfail_LOW_obsOnly: in 3 x-bins
ToyMCSamplerOpt.cc[215] : (in function: generateWithHisto) -  , in 1 y-bins
ToyMCSamplerOpt.cc[146] : (in function: generateAsimov) - Using internal logic for binned/unbinned Asimov dataset generation
ToyMCSamplerOpt.cc[214] : (in function: generateWithHisto) - Generating asimov with histogram for pdf pdf_binfail_SIG_obsOnly: in 1 x-bins
ToyMCSamplerOpt.cc[215] : (in function: generateWithHisto) -  , in 1 y-bins
ToyMCSamplerOpt.cc[146] : (in function: generateAsimov) - Using internal logic for binned/unbinned Asimov dataset generation
ToyMCSamplerOpt.cc[214] : (in function: generateWithHisto) - Generating asimov with histogram for pdf pdf_binfail_HIGH_obsOnly: in 3 x-bins
ToyMCSamplerOpt.cc[215] : (in function: generateWithHisto) -  , in 1 y-bins
AsymptoticLimits.cc[428] : (in function: runLimitExpected) - Median for expected limits = 39.75, Sigma for expected limits = 20.281
AsymptoticLimits.cc[191] : (in function: runLimit) - NLL at global minimum of data = -678.552 (r=2.63624e-08)
AsymptoticLimits.cc[211] : (in function: runLimit) - NLL at global minimum of asimov = -678.735 (r=8.57649e-06)
AsymptoticLimits.cc[337] : (in function: getCLs) - At r = 17.891021:	q_mu = 2.22044	q_A  = 2.14811	Pmu = 0.06807	1-Pb  = 0.49016	CLs  = 0.13887
AsymptoticLimits.cc[337] : (in function: getCLs) - At r = 35.782043:	q_mu = 3.69864	q_A  = 3.57270	Pmu = 0.02721	1-Pb  = 0.48671	CLs  = 0.05591
AsymptoticLimits.cc[337] : (in function: getCLs) - At r = 71.564085:	q_mu = 5.83548	q_A  = 5.64176	Pmu = 0.00785	1-Pb  = 0.48374	CLs  = 0.01622
AsymptoticLimits.cc[337] : (in function: getCLs) - At r = 35.782043:	q_mu = 3.69810	q_A  = 3.57272	Pmu = 0.02722	1-Pb  = 0.48677	CLs  = 0.05592
AsymptoticLimits.cc[337] : (in function: getCLs) - At r = 45.525665:	q_mu = 4.35501	q_A  = 4.21246	Pmu = 0.01844	1-Pb  = 0.48615	CLs  = 0.03792
AsymptoticLimits.cc[337] : (in function: getCLs) - At r = 39.976496:	q_mu = 3.98821	q_A  = 3.85720	Pmu = 0.02289	1-Pb  = 0.48670	CLs  = 0.04704
AsymptoticLimits.cc[337] : (in function: getCLs) - At r = 37.953500:	q_mu = 3.84844	q_A  = 3.72184	Pmu = 0.02488	1-Pb  = 0.48691	CLs  = 0.05110
AsymptoticLimits.cc[337] : (in function: getCLs) - At r = 38.782999:	q_mu = 3.90615	q_A  = 3.77775	Pmu = 0.02404	1-Pb  = 0.48683	CLs  = 0.04938
AsymptoticLimits.cc[337] : (in function: getCLs) - At r = 38.374832:	q_mu = 3.87782	q_A  = 3.75031	Pmu = 0.02445	1-Pb  = 0.48687	CLs  = 0.05022
AsymptoticLimits.cc[337] : (in function: getCLs) - At r = 38.540060:	q_mu = 3.88930	q_A  = 3.76142	Pmu = 0.02428	1-Pb  = 0.48685	CLs  = 0.04987
AsymptoticLimits.cc[337] : (in function: getCLs) - At r = 38.458326:	q_mu = 3.88363	q_A  = 3.75592	Pmu = 0.02436	1-Pb  = 0.48686	CLs  = 0.05004
AsymptoticLimits.cc[337] : (in function: getCLs) - At r = 38.491351:	q_mu = 3.88592	q_A  = 3.75814	Pmu = 0.02433	1-Pb  = 0.48685	CLs  = 0.04997
AsymptoticLimits.cc[337] : (in function: getCLs) - At r = 38.475006:	q_mu = 3.88478	q_A  = 3.75704	Pmu = 0.02435	1-Pb  = 0.48686	CLs  = 0.05001
AsymptoticLimits.cc[337] : (in function: getCLs) - At r = 38.481614:	q_mu = 3.88524	q_A  = 3.75749	Pmu = 0.02434	1-Pb  = 0.48686	CLs  = 0.05000
AsymptoticLimits.cc[337] : (in function: getCLs) - At r = 38.478347:	q_mu = 3.88502	q_A  = 3.75727	Pmu = 0.02434	1-Pb  = 0.48686	CLs  = 0.05000
AsymptoticLimits.cc[337] : (in function: getCLs) - At r = 38.479669:	q_mu = 3.88511	q_A  = 3.75736	Pmu = 0.02434	1-Pb  = 0.48686	CLs  = 0.05000
AsymptoticLimits.cc[337] : (in function: getCLs) - At r = 38.479017:	q_mu = 3.88506	q_A  = 3.75731	Pmu = 0.02434	1-Pb  = 0.48686	CLs  = 0.05000
AsymptoticLimits.cc[337] : (in function: getCLs) - At r = 38.479282:	q_mu = 3.88508	q_A  = 3.75733	Pmu = 0.02434	1-Pb  = 0.48686	CLs  = 0.05000
AsymptoticLimits.cc[337] : (in function: getCLs) - At r = 38.479153:	q_mu = 3.88507	q_A  = 3.75732	Pmu = 0.02434	1-Pb  = 0.48686	CLs  = 0.05000
