 <<< Combine >>> 
 <<< v10.0.1 >>>
>>> Random number generator seed is 123456
>>> Method used is FitDiagnostics
Set Default Value of Parameter mask_pass_SIG To : 1
Set Default Value of Parameter mask_pass_HIGH To : 1
Set Default Value of Parameter r To : 1
>>> 2 out of 6 channels masked

>> Found 17 floating parameters
>> The following parameters are protected in the event of negative eigenvalues:
>> Verifying eigenvalues are all positive (iteration 0)
Eigenvalue 16 : -0.00485639
 - -0.564504	CMS_AN23122_Background_rpf_2x0_par2
 - -0.553525	CMS_AN23122_Background_rpf_2x0_par3
 - 0.517885	CMS_AN23122_Background_rpf_2x0_par1
 - 0.326709	CMS_AN23122_Background_rpf_2x0_par0
 - -0.00123197	CMS_AN23122_Background_fail_LOW_bin_2-1
>> Attempt 0 failed, remove the variable with largest eigenvector component...
>> Dropping CMS_AN23122_Background_rpf_2x0_par2 from the hessian
>> Verifying eigenvalues are all positive (iteration 1)
Eigenvalue 15 : -0.000427393
 - -0.752819	CMS_AN23122_Background_rpf_2x0_par3
 - 0.634745	CMS_AN23122_Background_rpf_2x0_par0
 - 0.174245	CMS_AN23122_Background_rpf_2x0_par1
 - -0.000408919	CMS_AN23122_Background_fail_LOW_bin_3-1
 - 0.000248671	CMS_AN23122_Background_fail_LOW_bin_1-1
>> Attempt 1 failed, remove the variable with largest eigenvector component...
>> Dropping CMS_AN23122_Background_rpf_2x0_par3 from the hessian
>> Verifying eigenvalues are all positive (iteration 2)
>> All eigenvalues are positive
>> Inverting Hessian...
>> Matrix inverted
>> Note: the following parameters were dropped to make the covariance matrix pos-def:
     - CMS_AN23122_Background_rpf_2x0_par2
     - CMS_AN23122_Background_rpf_2x0_par3
 Fit B-only, status = 0, numBadNLL = 0, covariance quality = -1
Running Minos for POI r
>> Found 18 floating parameters
>> The following parameters are protected in the event of negative eigenvalues: r
>> Verifying eigenvalues are all positive (iteration 0)
Eigenvalue 16 : -0.00384658
 - -0.709157	r
 - 0.699275	CMS_AN23122_Background_fail_HIGH_bin_5-1
 - 0.055133	CMS_AN23122_Background_rpf_2x0_par3
 - 0.0458579	CMS_AN23122_Background_rpf_2x0_par2
 - -0.0322051	CMS_AN23122_Background_rpf_2x0_par0
Eigenvalue 17 : -0.00517611
 - -0.564059	CMS_AN23122_Background_rpf_2x0_par2
 - -0.561481	CMS_AN23122_Background_rpf_2x0_par3
 - 0.508102	CMS_AN23122_Background_rpf_2x0_par1
 - 0.319335	CMS_AN23122_Background_rpf_2x0_par0
 - -0.0572461	r
>> Attempt 0 failed, remove the variable with largest eigenvector component...
>> Dropping CMS_AN23122_Background_rpf_2x0_par2 from the hessian
>> Verifying eigenvalues are all positive (iteration 1)
Eigenvalue 15 : -0.000683966
 - 0.763018	CMS_AN23122_Background_rpf_2x0_par3
 - -0.622898	CMS_AN23122_Background_rpf_2x0_par0
 - -0.171891	CMS_AN23122_Background_rpf_2x0_par1
 - 0.0112957	CMS_AN23122_Background_fail_HIGH_bin_5-1
 - -0.0112787	r
Eigenvalue 16 : -0.00385721
 - 0.711394	r
 - -0.701444	CMS_AN23122_Background_fail_HIGH_bin_5-1
 - -0.0284599	CMS_AN23122_Background_fail_HIGH_bin_4-1
 - -0.0207918	CMS_AN23122_Background_rpf_2x0_par1
 - -0.0191235	CMS_AN23122_Background_fail_HIGH_bin_3-1
>> Attempt 1 failed, remove the variable with largest eigenvector component...
>> Dropping CMS_AN23122_Background_fail_HIGH_bin_5-1 from the hessian
>> Verifying eigenvalues are all positive (iteration 2)
Eigenvalue 15 : -0.000684795
 - -0.763069	CMS_AN23122_Background_rpf_2x0_par3
 - 0.622949	CMS_AN23122_Background_rpf_2x0_par0
 - 0.17222	CMS_AN23122_Background_rpf_2x0_par1
 - -0.000435217	CMS_AN23122_Background_fail_LOW_bin_3-1
 - -0.000362967	r
>> Attempt 2 failed, remove the variable with largest eigenvector component...
>> Dropping CMS_AN23122_Background_rpf_2x0_par3 from the hessian
>> Verifying eigenvalues are all positive (iteration 3)
>> All eigenvalues are positive
>> Inverting Hessian...
>> Matrix inverted
>> Note: the following parameters were dropped to make the covariance matrix pos-def:
     - CMS_AN23122_Background_rpf_2x0_par2
     - CMS_AN23122_Background_fail_HIGH_bin_5-1
     - CMS_AN23122_Background_rpf_2x0_par3
Fit S+B, status = 0, numBadNLL = 0, covariance quality = -1

 --- FitDiagnostics ---
Best fit r: 0.20251  -0.20251/+49.7975  (68% CL)
Done in 0.00 min (cpu), 0.00 min (real)
31 log messages saved to combine_logger.out
