CascadeMinimizer.cc[188] : (in function: improveOnce) - Minimization configured with Type=Minuit2, Algo=Migrad, strategy=0, tolerance=0.1
CascadeMinimizer.cc[215] : (in function: improveOnce) - Minimization finished with status=0
CascadeMinimizer.cc[219] : (in function: improveOnce) - Minimization success! status=0
ToyMCSamplerOpt.cc[146] : (in function: generateAsimov) - Using internal logic for binned/unbinned Asimov dataset generation
ToyMCSamplerOpt.cc[214] : (in function: generateWithHisto) - Generating asimov with histogram for pdf pdf_binpass_LOW_obsOnly: in 3 x-bins
ToyMCSamplerOpt.cc[215] : (in function: generateWithHisto) -  , in 1 y-bins
ToyMCSamplerOpt.cc[146] : (in function: generateAsimov) - Using internal logic for binned/unbinned Asimov dataset generation
ToyMCSamplerOpt.cc[214] : (in function: generateWithHisto) - Generating asimov with histogram for pdf pdf_binpass_SIG_obsOnly: in 1 x-bins
ToyMCSamplerOpt.cc[215] : (in function: generateWithHisto) -  , in 1 y-bins
ToyMCSamplerOpt.cc[146] : (in function: generateAsimov) - Using internal logic for binned/unbinned Asimov dataset generation
ToyMCSamplerOpt.cc[214] : (in function: generateWithHisto) - Generating asimov with histogram for pdf pdf_binpass_HIGH_obsOnly: in 4 x-bins
ToyMCSamplerOpt.cc[215] : (in function: generateWithHisto) -  , in 1 y-bins
ToyMCSamplerOpt.cc[146] : (in function: generateAsimov) - Using internal logic for binned/unbinned Asimov dataset generation
ToyMCSamplerOpt.cc[214] : (in function: generateWithHisto) - Generating asimov with histogram for pdf pdf_binfail_LOW_obsOnly: in 3 x-bins
ToyMCSamplerOpt.cc[215] : (in function: generateWithHisto) -  , in 1 y-bins
ToyMCSamplerOpt.cc[146] : (in function: generateAsimov) - Using internal logic for binned/unbinned Asimov dataset generation
ToyMCSamplerOpt.cc[214] : (in function: generateWithHisto) - Generating asimov with histogram for pdf pdf_binfail_SIG_obsOnly: in 1 x-bins
ToyMCSamplerOpt.cc[215] : (in function: generateWithHisto) -  , in 1 y-bins
ToyMCSamplerOpt.cc[146] : (in function: generateAsimov) - Using internal logic for binned/unbinned Asimov dataset generation
ToyMCSamplerOpt.cc[214] : (in function: generateWithHisto) - Generating asimov with histogram for pdf pdf_binfail_HIGH_obsOnly: in 4 x-bins
ToyMCSamplerOpt.cc[215] : (in function: generateWithHisto) -  , in 1 y-bins
AsymptoticLimits.cc[428] : (in function: runLimitExpected) - Median for expected limits = 0.492188, Sigma for expected limits = 0.251121
AsymptoticLimits.cc[191] : (in function: runLimit) - NLL at global minimum of data = -2189.65 (r=2.87816e-07)
AsymptoticLimits.cc[211] : (in function: runLimit) - NLL at global minimum of asimov = -2188.11 (r=1.38834e-06)
AsymptoticLimits.cc[337] : (in function: getCLs) - At r = 1.200000:	q_mu = 15.97156	q_A  = 13.00374	Pmu = 0.00003	1-Pb  = 0.34035	CLs  = 0.00009
AsymptoticLimits.cc[337] : (in function: getCLs) - At r = 0.600000:	q_mu = 7.08724	q_A  = 5.12632	Pmu = 0.00350	1-Pb  = 0.33249	CLs  = 0.01052
AsymptoticLimits.cc[337] : (in function: getCLs) - At r = 0.300000:	q_mu = 3.00465	q_A  = 1.80776	Pmu = 0.03676	1-Pb  = 0.32813	CLs  = 0.11202
AsymptoticLimits.cc[337] : (in function: getCLs) - At r = 0.450000:	q_mu = 4.98238	q_A  = 3.37109	Pmu = 0.01146	1-Pb  = 0.33041	CLs  = 0.03468
AsymptoticLimits.cc[337] : (in function: getCLs) - At r = 0.382552:	q_mu = 4.07257	q_A  = 2.63957	Pmu = 0.01943	1-Pb  = 0.32960	CLs  = 0.05895
AsymptoticLimits.cc[337] : (in function: getCLs) - At r = 0.412783:	q_mu = 4.47663	q_A  = 2.96213	Pmu = 0.01534	1-Pb  = 0.32997	CLs  = 0.04650
AsymptoticLimits.cc[337] : (in function: getCLs) - At r = 0.399343:	q_mu = 4.29608	q_A  = 2.81759	Pmu = 0.01705	1-Pb  = 0.32982	CLs  = 0.05168
AsymptoticLimits.cc[337] : (in function: getCLs) - At r = 0.405403:	q_mu = 4.37723	q_A  = 2.88252	Pmu = 0.01626	1-Pb  = 0.32990	CLs  = 0.04928
AsymptoticLimits.cc[337] : (in function: getCLs) - At r = 0.402720:	q_mu = 4.34122	q_A  = 2.85371	Pmu = 0.01660	1-Pb  = 0.32987	CLs  = 0.05033
AsymptoticLimits.cc[337] : (in function: getCLs) - At r = 0.403934:	q_mu = 4.35746	q_A  = 2.86673	Pmu = 0.01645	1-Pb  = 0.32989	CLs  = 0.04986
AsymptoticLimits.cc[337] : (in function: getCLs) - At r = 0.403400:	q_mu = 4.35026	q_A  = 2.86098	Pmu = 0.01652	1-Pb  = 0.32988	CLs  = 0.05007
AsymptoticLimits.cc[337] : (in function: getCLs) - At r = 0.403644:	q_mu = 4.35345	q_A  = 2.86360	Pmu = 0.01649	1-Pb  = 0.32989	CLs  = 0.04997
AsymptoticLimits.cc[337] : (in function: getCLs) - At r = 0.403541:	q_mu = 4.35202	q_A  = 2.86249	Pmu = 0.01650	1-Pb  = 0.32990	CLs  = 0.05002
AsymptoticLimits.cc[337] : (in function: getCLs) - At r = 0.403592:	q_mu = 4.35268	q_A  = 2.86302	Pmu = 0.01649	1-Pb  = 0.32990	CLs  = 0.05000
AsymptoticLimits.cc[337] : (in function: getCLs) - At r = 0.403573:	q_mu = 4.35240	q_A  = 2.86283	Pmu = 0.01650	1-Pb  = 0.32990	CLs  = 0.05000
AsymptoticLimits.cc[337] : (in function: getCLs) - At r = 0.403584:	q_mu = 4.35253	q_A  = 2.86293	Pmu = 0.01650	1-Pb  = 0.32990	CLs  = 0.05000
AsymptoticLimits.cc[337] : (in function: getCLs) - At r = 0.403585:	q_mu = 4.35250	q_A  = 2.86295	Pmu = 0.01650	1-Pb  = 0.32991	CLs  = 0.05000
