 <<< Combine >>> 
 <<< v10.0.1 >>>
>>> Random number generator seed is 123456
>>> Method used is FitDiagnostics
Set Default Value of Parameter mask_pass_SIG To : 1
Set Default Value of Parameter mask_pass_HIGH To : 1
Set Default Value of Parameter r To : 1
>>> 2 out of 6 channels masked

>> Found 16 floating parameters
>> The following parameters are protected in the event of negative eigenvalues:
>> Verifying eigenvalues are all positive (iteration 0)
Eigenvalue 15 : -0.000476512
 - -0.657899	CMS_AN23122_Background_rpf_2x0_par3
 - 0.586089	CMS_AN23122_Background_rpf_2x0_par1
 - -0.362097	CMS_AN23122_Background_rpf_2x0_par2
 - 0.304197	CMS_AN23122_Background_rpf_2x0_par0
 - -0.00342383	CMS_AN23122_Background_fail_LOW_bin_2-1
>> Attempt 0 failed, remove the variable with largest eigenvector component...
>> Dropping CMS_AN23122_Background_rpf_2x0_par3 from the hessian
>> Verifying eigenvalues are all positive (iteration 1)
>> All eigenvalues are positive
>> Inverting Hessian...
>> Matrix inverted
>> Note: the following parameters were dropped to make the covariance matrix pos-def:
     - CMS_AN23122_Background_rpf_2x0_par3
 Fit B-only, status = 0, numBadNLL = 0, covariance quality = -1
Running Minos for POI r
>> Found 17 floating parameters
>> The following parameters are protected in the event of negative eigenvalues: r
>> Verifying eigenvalues are all positive (iteration 0)
Eigenvalue 15 : -0.000506072
 - -0.694033	CMS_AN23122_Background_rpf_2x0_par3
 - 0.554023	CMS_AN23122_Background_rpf_2x0_par1
 - 0.34624	CMS_AN23122_Background_rpf_2x0_par0
 - -0.29183	CMS_AN23122_Background_rpf_2x0_par2
 - -0.0674885	r
Eigenvalue 16 : -0.00175524
 - -0.681117	r
 - 0.556126	CMS_AN23122_Background_rpf_2x0_par2
 - 0.359334	CMS_AN23122_Background_fail_HIGH_bin_4-1
 - 0.211097	CMS_AN23122_Background_fail_HIGH_bin_3-1
 - 0.168665	CMS_AN23122_Background_rpf_2x0_par0
>> Attempt 0 failed, remove the variable with largest eigenvector component...
>> Dropping CMS_AN23122_Background_rpf_2x0_par2 from the hessian
>> Verifying eigenvalues are all positive (iteration 1)
Eigenvalue 15 : -0.000835238
 - 0.567221	CMS_AN23122_Background_rpf_2x0_par3
 - 0.506653	r
 - -0.496184	CMS_AN23122_Background_rpf_2x0_par1
 - -0.27658	CMS_AN23122_Background_rpf_2x0_par0
 - -0.268528	CMS_AN23122_Background_fail_HIGH_bin_4-1
>> Attempt 1 failed, remove the variable with largest eigenvector component...
>> Dropping CMS_AN23122_Background_rpf_2x0_par3 from the hessian
>> Verifying eigenvalues are all positive (iteration 2)
Eigenvalue 14 : -0.000191708
 - 0.736768	r
 - -0.45462	CMS_AN23122_Background_rpf_2x0_par1
 - -0.391756	CMS_AN23122_Background_fail_HIGH_bin_4-1
 - -0.230144	CMS_AN23122_Background_fail_HIGH_bin_3-1
 - 0.200136	CMS_AN23122_Background_rpf_2x0_par0
>> Attempt 2 failed, remove the variable with largest eigenvector component...
>> Dropping CMS_AN23122_Background_rpf_2x0_par1 from the hessian
>> Verifying eigenvalues are all positive (iteration 3)
>> All eigenvalues are positive
>> Inverting Hessian...
>> Matrix inverted
>> Note: the following parameters were dropped to make the covariance matrix pos-def:
     - CMS_AN23122_Background_rpf_2x0_par2
     - CMS_AN23122_Background_rpf_2x0_par3
     - CMS_AN23122_Background_rpf_2x0_par1
Fit S+B, status = 0, numBadNLL = 0, covariance quality = -1

 --- FitDiagnostics ---
Best fit r: 7.52469e-11  -7.52469e-11/+50  (68% CL)
Done in 0.00 min (cpu), 0.00 min (real)
27 log messages saved to combine_logger.out
