CascadeMinimizer.cc[188] : (in function: improveOnce) - Minimization configured with Type=Minuit2, Algo=Migrad, strategy=0, tolerance=0.1
CascadeMinimizer.cc[215] : (in function: improveOnce) - Minimization finished with status=0
CascadeMinimizer.cc[219] : (in function: improveOnce) - Minimization success! status=0
ToyMCSamplerOpt.cc[146] : (in function: generateAsimov) - Using internal logic for binned/unbinned Asimov dataset generation
ToyMCSamplerOpt.cc[214] : (in function: generateWithHisto) - Generating asimov with histogram for pdf pdf_binpass_LOW_obsOnly: in 3 x-bins
ToyMCSamplerOpt.cc[215] : (in function: generateWithHisto) -  , in 1 y-bins
ToyMCSamplerOpt.cc[146] : (in function: generateAsimov) - Using internal logic for binned/unbinned Asimov dataset generation
ToyMCSamplerOpt.cc[214] : (in function: generateWithHisto) - Generating asimov with histogram for pdf pdf_binpass_SIG_obsOnly: in 1 x-bins
ToyMCSamplerOpt.cc[215] : (in function: generateWithHisto) -  , in 1 y-bins
ToyMCSamplerOpt.cc[146] : (in function: generateAsimov) - Using internal logic for binned/unbinned Asimov dataset generation
ToyMCSamplerOpt.cc[214] : (in function: generateWithHisto) - Generating asimov with histogram for pdf pdf_binpass_HIGH_obsOnly: in 5 x-bins
ToyMCSamplerOpt.cc[215] : (in function: generateWithHisto) -  , in 1 y-bins
ToyMCSamplerOpt.cc[146] : (in function: generateAsimov) - Using internal logic for binned/unbinned Asimov dataset generation
ToyMCSamplerOpt.cc[214] : (in function: generateWithHisto) - Generating asimov with histogram for pdf pdf_binfail_LOW_obsOnly: in 3 x-bins
ToyMCSamplerOpt.cc[215] : (in function: generateWithHisto) -  , in 1 y-bins
ToyMCSamplerOpt.cc[146] : (in function: generateAsimov) - Using internal logic for binned/unbinned Asimov dataset generation
ToyMCSamplerOpt.cc[214] : (in function: generateWithHisto) - Generating asimov with histogram for pdf pdf_binfail_SIG_obsOnly: in 1 x-bins
ToyMCSamplerOpt.cc[215] : (in function: generateWithHisto) -  , in 1 y-bins
ToyMCSamplerOpt.cc[146] : (in function: generateAsimov) - Using internal logic for binned/unbinned Asimov dataset generation
ToyMCSamplerOpt.cc[214] : (in function: generateWithHisto) - Generating asimov with histogram for pdf pdf_binfail_HIGH_obsOnly: in 5 x-bins
ToyMCSamplerOpt.cc[215] : (in function: generateWithHisto) -  , in 1 y-bins
AsymptoticLimits.cc[428] : (in function: runLimitExpected) - Median for expected limits = 0.607422, Sigma for expected limits = 0.309915
AsymptoticLimits.cc[191] : (in function: runLimit) - NLL at global minimum of data = -907.025 (r=6.30698e-08)
AsymptoticLimits.cc[211] : (in function: runLimit) - NLL at global minimum of asimov = -906.418 (r=1.71756e-08)
AsymptoticLimits.cc[337] : (in function: getCLs) - At r = 1.200000:	q_mu = 7.12714	q_A  = 7.06664	Pmu = 0.00380	1-Pb  = 0.49546	CLs  = 0.00766
AsymptoticLimits.cc[337] : (in function: getCLs) - At r = 0.600000:	q_mu = 3.83975	q_A  = 3.79911	Pmu = 0.02502	1-Pb  = 0.49584	CLs  = 0.05047
AsymptoticLimits.cc[337] : (in function: getCLs) - At r = 0.900000:	q_mu = 5.53854	q_A  = 5.48608	Pmu = 0.00930	1-Pb  = 0.49553	CLs  = 0.01877
AsymptoticLimits.cc[337] : (in function: getCLs) - At r = 0.662258:	q_mu = 4.20249	q_A  = 4.15902	Pmu = 0.02018	1-Pb  = 0.49575	CLs  = 0.04071
AsymptoticLimits.cc[337] : (in function: getCLs) - At r = 0.614609:	q_mu = 3.92537	q_A  = 3.88407	Pmu = 0.02378	1-Pb  = 0.49582	CLs  = 0.04796
AsymptoticLimits.cc[337] : (in function: getCLs) - At r = 0.605056:	q_mu = 3.86942	q_A  = 3.82856	Pmu = 0.02459	1-Pb  = 0.49583	CLs  = 0.04958
AsymptoticLimits.cc[337] : (in function: getCLs) - At r = 0.602130:	q_mu = 3.85226	q_A  = 3.81152	Pmu = 0.02484	1-Pb  = 0.49584	CLs  = 0.05009
AsymptoticLimits.cc[337] : (in function: getCLs) - At r = 0.603140:	q_mu = 3.85818	q_A  = 3.81739	Pmu = 0.02475	1-Pb  = 0.49584	CLs  = 0.04992
AsymptoticLimits.cc[337] : (in function: getCLs) - At r = 0.602555:	q_mu = 3.85475	q_A  = 3.81398	Pmu = 0.02480	1-Pb  = 0.49584	CLs  = 0.05002
AsymptoticLimits.cc[337] : (in function: getCLs) - At r = 0.602757:	q_mu = 3.85593	q_A  = 3.81516	Pmu = 0.02478	1-Pb  = 0.49584	CLs  = 0.04998
AsymptoticLimits.cc[337] : (in function: getCLs) - At r = 0.602640:	q_mu = 3.85525	q_A  = 3.81448	Pmu = 0.02479	1-Pb  = 0.49584	CLs  = 0.05000
AsymptoticLimits.cc[337] : (in function: getCLs) - At r = 0.602681:	q_mu = 3.85549	q_A  = 3.81472	Pmu = 0.02479	1-Pb  = 0.49584	CLs  = 0.05000
AsymptoticLimits.cc[337] : (in function: getCLs) - At r = 0.602658:	q_mu = 3.85535	q_A  = 3.81458	Pmu = 0.02479	1-Pb  = 0.49584	CLs  = 0.05000
AsymptoticLimits.cc[337] : (in function: getCLs) - At r = 0.602666:	q_mu = 3.85540	q_A  = 3.81463	Pmu = 0.02479	1-Pb  = 0.49584	CLs  = 0.05000
AsymptoticLimits.cc[337] : (in function: getCLs) - At r = 0.602661:	q_mu = 3.85537	q_A  = 3.81460	Pmu = 0.02479	1-Pb  = 0.49584	CLs  = 0.05000
