 <<< Combine >>> 
 <<< v10.0.1 >>>
>>> Random number generator seed is 123456
>>> Method used is FitDiagnostics
Set Default Value of Parameter mask_pass_SIG To : 1
Set Default Value of Parameter mask_pass_HIGH To : 1
Set Default Value of Parameter r To : 1
>>> 2 out of 6 channels masked

>> Found 16 floating parameters
>> The following parameters are protected in the event of negative eigenvalues:
>> Parameter CMS_AN23122_Background_rpf_2x0_par2 does not have a valid stencil and will be dropped
>> Verifying eigenvalues are all positive (iteration 0)
Eigenvalue 14 : -0.000668454
 - 0.765401	CMS_AN23122_Background_rpf_2x0_par3
 - -0.61031	CMS_AN23122_Background_rpf_2x0_par0
 - -0.204165	CMS_AN23122_Background_rpf_2x0_par1
 - 0.000529796	CMS_AN23122_Background_fail_LOW_bin_3-1
 - 0.000312924	CMS_AN23122_Background_fail_LOW_bin_2-1
>> Attempt 0 failed, remove the variable with largest eigenvector component...
>> Dropping CMS_AN23122_Background_rpf_2x0_par3 from the hessian
>> Verifying eigenvalues are all positive (iteration 1)
>> All eigenvalues are positive
>> Inverting Hessian...
>> Matrix inverted
>> Note: the following parameters were dropped as their ranges are either too narrow or the parameter has no effect on the NLL:
     - CMS_AN23122_Background_rpf_2x0_par2
>> Note: the following parameters were dropped to make the covariance matrix pos-def:
     - CMS_AN23122_Background_rpf_2x0_par3
 Fit B-only, status = 0, numBadNLL = 0, covariance quality = -1
Running Minos for POI r
>> Found 17 floating parameters
>> The following parameters are protected in the event of negative eigenvalues: r
>> Parameter CMS_AN23122_Background_rpf_2x0_par2 does not have a valid stencil and will be dropped
>> Verifying eigenvalues are all positive (iteration 0)
Eigenvalue 14 : -0.000105721
 - -0.702378	CMS_AN23122_Background_rpf_2x0_par3
 - 0.625244	CMS_AN23122_Background_rpf_2x0_par0
 - 0.271792	r
 - -0.153916	CMS_AN23122_Background_fail_HIGH_bin_3-1
 - -0.1218	CMS_AN23122_Background_fail_HIGH_bin_4-1
Eigenvalue 15 : -0.00330087
 - -0.697983	r
 - 0.400425	CMS_AN23122_Background_rpf_2x0_par1
 - 0.389021	CMS_AN23122_Background_fail_HIGH_bin_3-1
 - 0.307843	CMS_AN23122_Background_fail_HIGH_bin_4-1
 - -0.301454	CMS_AN23122_Background_rpf_2x0_par3
>> Attempt 0 failed, remove the variable with largest eigenvector component...
>> Dropping CMS_AN23122_Background_rpf_2x0_par1 from the hessian
>> Verifying eigenvalues are all positive (iteration 1)
Eigenvalue 14 : -0.000170204
 - 0.645706	CMS_AN23122_Background_rpf_2x0_par3
 - -0.587525	CMS_AN23122_Background_rpf_2x0_par0
 - -0.393622	r
 - 0.222836	CMS_AN23122_Background_fail_HIGH_bin_3-1
 - 0.17634	CMS_AN23122_Background_fail_HIGH_bin_4-1
>> Attempt 1 failed, remove the variable with largest eigenvector component...
>> Dropping CMS_AN23122_Background_rpf_2x0_par3 from the hessian
>> Verifying eigenvalues are all positive (iteration 2)
>> All eigenvalues are positive
>> Inverting Hessian...
>> Matrix inverted
>> Note: the following parameters were dropped as their ranges are either too narrow or the parameter has no effect on the NLL:
     - CMS_AN23122_Background_rpf_2x0_par2
>> Note: the following parameters were dropped to make the covariance matrix pos-def:
     - CMS_AN23122_Background_rpf_2x0_par1
     - CMS_AN23122_Background_rpf_2x0_par3
Fit S+B, status = 0, numBadNLL = 0, covariance quality = -1

 --- FitDiagnostics ---
Best fit r: 0.00117055  -0.00117055/+49.9988  (68% CL)
Done in 0.00 min (cpu), 0.00 min (real)
29 log messages saved to combine_logger.out
