CascadeMinimizer.cc[188] : (in function: improveOnce) - Minimization configured with Type=Minuit2, Algo=Migrad, strategy=0, tolerance=0.1
CascadeMinimizer.cc[215] : (in function: improveOnce) - Minimization finished with status=0
CascadeMinimizer.cc[219] : (in function: improveOnce) - Minimization success! status=0
ToyMCSamplerOpt.cc[146] : (in function: generateAsimov) - Using internal logic for binned/unbinned Asimov dataset generation
ToyMCSamplerOpt.cc[214] : (in function: generateWithHisto) - Generating asimov with histogram for pdf pdf_binpass_LOW_obsOnly: in 5 x-bins
ToyMCSamplerOpt.cc[215] : (in function: generateWithHisto) -  , in 1 y-bins
ToyMCSamplerOpt.cc[146] : (in function: generateAsimov) - Using internal logic for binned/unbinned Asimov dataset generation
ToyMCSamplerOpt.cc[214] : (in function: generateWithHisto) - Generating asimov with histogram for pdf pdf_binpass_SIG_obsOnly: in 1 x-bins
ToyMCSamplerOpt.cc[215] : (in function: generateWithHisto) -  , in 1 y-bins
ToyMCSamplerOpt.cc[146] : (in function: generateAsimov) - Using internal logic for binned/unbinned Asimov dataset generation
ToyMCSamplerOpt.cc[214] : (in function: generateWithHisto) - Generating asimov with histogram for pdf pdf_binpass_HIGH_obsOnly: in 1 x-bins
ToyMCSamplerOpt.cc[215] : (in function: generateWithHisto) -  , in 1 y-bins
ToyMCSamplerOpt.cc[146] : (in function: generateAsimov) - Using internal logic for binned/unbinned Asimov dataset generation
ToyMCSamplerOpt.cc[214] : (in function: generateWithHisto) - Generating asimov with histogram for pdf pdf_binfail_LOW_obsOnly: in 5 x-bins
ToyMCSamplerOpt.cc[215] : (in function: generateWithHisto) -  , in 1 y-bins
ToyMCSamplerOpt.cc[146] : (in function: generateAsimov) - Using internal logic for binned/unbinned Asimov dataset generation
ToyMCSamplerOpt.cc[214] : (in function: generateWithHisto) - Generating asimov with histogram for pdf pdf_binfail_SIG_obsOnly: in 1 x-bins
ToyMCSamplerOpt.cc[215] : (in function: generateWithHisto) -  , in 1 y-bins
ToyMCSamplerOpt.cc[146] : (in function: generateAsimov) - Using internal logic for binned/unbinned Asimov dataset generation
ToyMCSamplerOpt.cc[214] : (in function: generateWithHisto) - Generating asimov with histogram for pdf pdf_binfail_HIGH_obsOnly: in 1 x-bins
ToyMCSamplerOpt.cc[215] : (in function: generateWithHisto) -  , in 1 y-bins
AsymptoticLimits.cc[415] : (in function: runLimitExpected) - [WARNING] Best fit of asimov dataset is at r = 0.022099 (0.001105 times rMax), while it should be at zero
AsymptoticLimits.cc[428] : (in function: runLimitExpected) - Median for expected limits = 21345, Sigma for expected limits = 10890.5
AsymptoticLimits.cc[191] : (in function: runLimit) - NLL at global minimum of data = -38839.5 (r=42809.1)
AsymptoticLimits.cc[211] : (in function: runLimit) - NLL at global minimum of asimov = -38836.8 (r=43358.4)
AsymptoticLimits.cc[337] : (in function: getCLs) - At r = 58344.970137:	q_mu = 6.55100	q_A  = 6.10022	Pmu = 0.00522	1-Pb  = 0.46364	CLs  = 0.01125
AsymptoticLimits.cc[337] : (in function: getCLs) - At r = 50577.030576:	q_mu = 1.78599	q_A  = 1.60279	Pmu = 0.09039	1-Pb  = 0.47116	CLs  = 0.19184
AsymptoticLimits.cc[337] : (in function: getCLs) - At r = 54461.000357:	q_mu = 3.81759	q_A  = 3.49477	Pmu = 0.02525	1-Pb  = 0.46560	CLs  = 0.05422
AsymptoticLimits.cc[337] : (in function: getCLs) - At r = 56402.985247:	q_mu = 5.10666	q_A  = 4.71568	Pmu = 0.01186	1-Pb  = 0.46413	CLs  = 0.02556
AsymptoticLimits.cc[337] : (in function: getCLs) - At r = 55016.852478:	q_mu = 4.16860	q_A  = 3.82803	Pmu = 0.02050	1-Pb  = 0.46532	CLs  = 0.04405
AsymptoticLimits.cc[337] : (in function: getCLs) - At r = 54745.721179:	q_mu = 3.99559	q_A  = 3.66480	Pmu = 0.02271	1-Pb  = 0.46558	CLs  = 0.04878
AsymptoticLimits.cc[337] : (in function: getCLs) - At r = 54635.453911:	q_mu = 3.92621	q_A  = 3.59739	Pmu = 0.02366	1-Pb  = 0.46546	CLs  = 0.05084
AsymptoticLimits.cc[337] : (in function: getCLs) - At r = 54692.938661:	q_mu = 3.96230	q_A  = 3.63154	Pmu = 0.02316	1-Pb  = 0.46542	CLs  = 0.04976
AsymptoticLimits.cc[337] : (in function: getCLs) - At r = 54671.251159:	q_mu = 3.94865	q_A  = 3.61862	Pmu = 0.02335	1-Pb  = 0.46544	CLs  = 0.05017
AsymptoticLimits.cc[337] : (in function: getCLs) - At r = 54682.771792:	q_mu = 3.95589	q_A  = 3.62547	Pmu = 0.02325	1-Pb  = 0.46543	CLs  = 0.04995
AsymptoticLimits.cc[337] : (in function: getCLs) - At r = 54678.448692:	q_mu = 3.95317	q_A  = 3.62290	Pmu = 0.02329	1-Pb  = 0.46543	CLs  = 0.05003
AsymptoticLimits.cc[337] : (in function: getCLs) - At r = 54680.754305:	q_mu = 3.95462	q_A  = 3.62427	Pmu = 0.02327	1-Pb  = 0.46543	CLs  = 0.04999
AsymptoticLimits.cc[337] : (in function: getCLs) - At r = 54679.890821:	q_mu = 3.95408	q_A  = 3.62375	Pmu = 0.02327	1-Pb  = 0.46543	CLs  = 0.05001
AsymptoticLimits.cc[337] : (in function: getCLs) - At r = 54680.352211:	q_mu = 3.95437	q_A  = 3.62403	Pmu = 0.02327	1-Pb  = 0.46543	CLs  = 0.05000
AsymptoticLimits.cc[337] : (in function: getCLs) - At r = 54680.179837:	q_mu = 3.95426	q_A  = 3.62393	Pmu = 0.02327	1-Pb  = 0.46543	CLs  = 0.05000
