CascadeMinimizer.cc[188] : (in function: improveOnce) - Minimization configured with Type=Minuit2, Algo=Migrad, strategy=0, tolerance=0.1
CascadeMinimizer.cc[215] : (in function: improveOnce) - Minimization finished with status=0
CascadeMinimizer.cc[219] : (in function: improveOnce) - Minimization success! status=0
ToyMCSamplerOpt.cc[146] : (in function: generateAsimov) - Using internal logic for binned/unbinned Asimov dataset generation
ToyMCSamplerOpt.cc[214] : (in function: generateWithHisto) - Generating asimov with histogram for pdf pdf_binpass_LOW_obsOnly: in 3 x-bins
ToyMCSamplerOpt.cc[215] : (in function: generateWithHisto) -  , in 1 y-bins
ToyMCSamplerOpt.cc[146] : (in function: generateAsimov) - Using internal logic for binned/unbinned Asimov dataset generation
ToyMCSamplerOpt.cc[214] : (in function: generateWithHisto) - Generating asimov with histogram for pdf pdf_binpass_SIG_obsOnly: in 1 x-bins
ToyMCSamplerOpt.cc[215] : (in function: generateWithHisto) -  , in 1 y-bins
ToyMCSamplerOpt.cc[146] : (in function: generateAsimov) - Using internal logic for binned/unbinned Asimov dataset generation
ToyMCSamplerOpt.cc[214] : (in function: generateWithHisto) - Generating asimov with histogram for pdf pdf_binpass_HIGH_obsOnly: in 5 x-bins
ToyMCSamplerOpt.cc[215] : (in function: generateWithHisto) -  , in 1 y-bins
ToyMCSamplerOpt.cc[146] : (in function: generateAsimov) - Using internal logic for binned/unbinned Asimov dataset generation
ToyMCSamplerOpt.cc[214] : (in function: generateWithHisto) - Generating asimov with histogram for pdf pdf_binfail_LOW_obsOnly: in 3 x-bins
ToyMCSamplerOpt.cc[215] : (in function: generateWithHisto) -  , in 1 y-bins
ToyMCSamplerOpt.cc[146] : (in function: generateAsimov) - Using internal logic for binned/unbinned Asimov dataset generation
ToyMCSamplerOpt.cc[214] : (in function: generateWithHisto) - Generating asimov with histogram for pdf pdf_binfail_SIG_obsOnly: in 1 x-bins
ToyMCSamplerOpt.cc[215] : (in function: generateWithHisto) -  , in 1 y-bins
ToyMCSamplerOpt.cc[146] : (in function: generateAsimov) - Using internal logic for binned/unbinned Asimov dataset generation
ToyMCSamplerOpt.cc[214] : (in function: generateWithHisto) - Generating asimov with histogram for pdf pdf_binfail_HIGH_obsOnly: in 5 x-bins
ToyMCSamplerOpt.cc[215] : (in function: generateWithHisto) -  , in 1 y-bins
AsymptoticLimits.cc[428] : (in function: runLimitExpected) - Median for expected limits = 2.29688, Sigma for expected limits = 1.1719
AsymptoticLimits.cc[191] : (in function: runLimit) - NLL at global minimum of data = -752.555 (r=7.0338e-07)
AsymptoticLimits.cc[211] : (in function: runLimit) - NLL at global minimum of asimov = -751.825 (r=3.98261e-07)
AsymptoticLimits.cc[337] : (in function: getCLs) - At r = 1.534272:	q_mu = 2.68773	q_A  = 2.65717	Pmu = 0.05056	1-Pb  = 0.49626	CLs  = 0.10188
AsymptoticLimits.cc[337] : (in function: getCLs) - At r = 3.068544:	q_mu = 5.04201	q_A  = 4.98876	Pmu = 0.01237	1-Pb  = 0.49524	CLs  = 0.02498
AsymptoticLimits.cc[337] : (in function: getCLs) - At r = 1.534272:	q_mu = 2.68756	q_A  = 2.65721	Pmu = 0.05056	1-Pb  = 0.49629	CLs  = 0.10189
AsymptoticLimits.cc[337] : (in function: getCLs) - At r = 2.155705:	q_mu = 3.67446	q_A  = 3.63412	Pmu = 0.02762	1-Pb  = 0.49578	CLs  = 0.05572
AsymptoticLimits.cc[337] : (in function: getCLs) - At r = 2.436830:	q_mu = 4.10994	q_A  = 4.06084	Pmu = 0.02131	1-Pb  = 0.49514	CLs  = 0.04305
AsymptoticLimits.cc[337] : (in function: getCLs) - At r = 2.306318:	q_mu = 3.90625	q_A  = 3.86383	Pmu = 0.02405	1-Pb  = 0.49570	CLs  = 0.04852
AsymptoticLimits.cc[337] : (in function: getCLs) - At r = 2.250045:	q_mu = 3.81991	q_A  = 3.77829	Pmu = 0.02532	1-Pb  = 0.49573	CLs  = 0.05108
AsymptoticLimits.cc[337] : (in function: getCLs) - At r = 2.280018:	q_mu = 3.86596	q_A  = 3.82393	Pmu = 0.02464	1-Pb  = 0.49571	CLs  = 0.04970
AsymptoticLimits.cc[337] : (in function: getCLs) - At r = 2.268721:	q_mu = 3.84858	q_A  = 3.80671	Pmu = 0.02489	1-Pb  = 0.49572	CLs  = 0.05021
AsymptoticLimits.cc[337] : (in function: getCLs) - At r = 2.274720:	q_mu = 3.85780	q_A  = 3.81583	Pmu = 0.02476	1-Pb  = 0.49572	CLs  = 0.04994
AsymptoticLimits.cc[337] : (in function: getCLs) - At r = 2.272467:	q_mu = 3.85434	q_A  = 3.81241	Pmu = 0.02481	1-Pb  = 0.49572	CLs  = 0.05004
AsymptoticLimits.cc[337] : (in function: getCLs) - At r = 2.273668:	q_mu = 3.85618	q_A  = 3.81423	Pmu = 0.02478	1-Pb  = 0.49572	CLs  = 0.04999
AsymptoticLimits.cc[337] : (in function: getCLs) - At r = 2.273217:	q_mu = 3.85549	q_A  = 3.81354	Pmu = 0.02479	1-Pb  = 0.49572	CLs  = 0.05001
AsymptoticLimits.cc[337] : (in function: getCLs) - At r = 2.273457:	q_mu = 3.85586	q_A  = 3.81391	Pmu = 0.02478	1-Pb  = 0.49572	CLs  = 0.05000
AsymptoticLimits.cc[337] : (in function: getCLs) - At r = 2.273367:	q_mu = 3.85572	q_A  = 3.81377	Pmu = 0.02479	1-Pb  = 0.49572	CLs  = 0.05000
AsymptoticLimits.cc[337] : (in function: getCLs) - At r = 2.273416:	q_mu = 3.85579	q_A  = 3.81385	Pmu = 0.02479	1-Pb  = 0.49572	CLs  = 0.05000
AsymptoticLimits.cc[337] : (in function: getCLs) - At r = 2.273398:	q_mu = 3.85576	q_A  = 3.81382	Pmu = 0.02479	1-Pb  = 0.49572	CLs  = 0.05000
AsymptoticLimits.cc[337] : (in function: getCLs) - At r = 2.273407:	q_mu = 3.85578	q_A  = 3.81383	Pmu = 0.02479	1-Pb  = 0.49572	CLs  = 0.05000
