CascadeMinimizer.cc[188] : (in function: improveOnce) - Minimization configured with Type=Minuit2, Algo=Migrad, strategy=0, tolerance=0.1
CascadeMinimizer.cc[215] : (in function: improveOnce) - Minimization finished with status=0
CascadeMinimizer.cc[219] : (in function: improveOnce) - Minimization success! status=0
ToyMCSamplerOpt.cc[146] : (in function: generateAsimov) - Using internal logic for binned/unbinned Asimov dataset generation
ToyMCSamplerOpt.cc[214] : (in function: generateWithHisto) - Generating asimov with histogram for pdf pdf_binpass_LOW_obsOnly: in 2 x-bins
ToyMCSamplerOpt.cc[215] : (in function: generateWithHisto) -  , in 1 y-bins
ToyMCSamplerOpt.cc[146] : (in function: generateAsimov) - Using internal logic for binned/unbinned Asimov dataset generation
ToyMCSamplerOpt.cc[214] : (in function: generateWithHisto) - Generating asimov with histogram for pdf pdf_binpass_SIG_obsOnly: in 1 x-bins
ToyMCSamplerOpt.cc[215] : (in function: generateWithHisto) -  , in 1 y-bins
ToyMCSamplerOpt.cc[146] : (in function: generateAsimov) - Using internal logic for binned/unbinned Asimov dataset generation
ToyMCSamplerOpt.cc[214] : (in function: generateWithHisto) - Generating asimov with histogram for pdf pdf_binpass_HIGH_obsOnly: in 9 x-bins
ToyMCSamplerOpt.cc[215] : (in function: generateWithHisto) -  , in 1 y-bins
ToyMCSamplerOpt.cc[146] : (in function: generateAsimov) - Using internal logic for binned/unbinned Asimov dataset generation
ToyMCSamplerOpt.cc[214] : (in function: generateWithHisto) - Generating asimov with histogram for pdf pdf_binfail_LOW_obsOnly: in 2 x-bins
ToyMCSamplerOpt.cc[215] : (in function: generateWithHisto) -  , in 1 y-bins
ToyMCSamplerOpt.cc[146] : (in function: generateAsimov) - Using internal logic for binned/unbinned Asimov dataset generation
ToyMCSamplerOpt.cc[214] : (in function: generateWithHisto) - Generating asimov with histogram for pdf pdf_binfail_SIG_obsOnly: in 1 x-bins
ToyMCSamplerOpt.cc[215] : (in function: generateWithHisto) -  , in 1 y-bins
ToyMCSamplerOpt.cc[146] : (in function: generateAsimov) - Using internal logic for binned/unbinned Asimov dataset generation
ToyMCSamplerOpt.cc[214] : (in function: generateWithHisto) - Generating asimov with histogram for pdf pdf_binfail_HIGH_obsOnly: in 9 x-bins
ToyMCSamplerOpt.cc[215] : (in function: generateWithHisto) -  , in 1 y-bins
AsymptoticLimits.cc[428] : (in function: runLimitExpected) - Median for expected limits = 0.810547, Sigma for expected limits = 0.413552
AsymptoticLimits.cc[191] : (in function: runLimit) - NLL at global minimum of data = -553.385 (r=6.54467e-09)
AsymptoticLimits.cc[211] : (in function: runLimit) - NLL at global minimum of asimov = -551.781 (r=7.24354e-07)
AsymptoticLimits.cc[337] : (in function: getCLs) - At r = 1.200000:	q_mu = 10.71311	q_A  = 6.30022	Pmu = 0.00035	1-Pb  = 0.18969	CLs  = 0.00185
AsymptoticLimits.cc[337] : (in function: getCLs) - At r = 0.600000:	q_mu = 5.60311	q_A  = 2.56604	Pmu = 0.00539	1-Pb  = 0.17157	CLs  = 0.03141
AsymptoticLimits.cc[337] : (in function: getCLs) - At r = 0.300000:	q_mu = 2.87398	q_A  = 0.93345	Pmu = 0.02440	1-Pb  = 0.15763	CLs  = 0.15477
AsymptoticLimits.cc[337] : (in function: getCLs) - At r = 0.450000:	q_mu = 4.25446	q_A  = 1.71398	Pmu = 0.01132	1-Pb  = 0.16596	CLs  = 0.06821
AsymptoticLimits.cc[337] : (in function: getCLs) - At r = 0.528053:	q_mu = 4.95985	q_A  = 2.14868	Pmu = 0.00766	1-Pb  = 0.16881	CLs  = 0.04538
AsymptoticLimits.cc[337] : (in function: getCLs) - At r = 0.497579:	q_mu = 4.68535	q_A  = 1.97574	Pmu = 0.00891	1-Pb  = 0.16756	CLs  = 0.05316
AsymptoticLimits.cc[337] : (in function: getCLs) - At r = 0.513105:	q_mu = 4.82539	q_A  = 2.06351	Pmu = 0.00825	1-Pb  = 0.16819	CLs  = 0.04903
AsymptoticLimits.cc[337] : (in function: getCLs) - At r = 0.506988:	q_mu = 4.77022	q_A  = 2.02883	Pmu = 0.00850	1-Pb  = 0.16794	CLs  = 0.05061
AsymptoticLimits.cc[337] : (in function: getCLs) - At r = 0.510091:	q_mu = 4.79826	q_A  = 2.04640	Pmu = 0.00837	1-Pb  = 0.16807	CLs  = 0.04980
AsymptoticLimits.cc[337] : (in function: getCLs) - At r = 0.508864:	q_mu = 4.78719	q_A  = 2.03945	Pmu = 0.00842	1-Pb  = 0.16802	CLs  = 0.05012
AsymptoticLimits.cc[337] : (in function: getCLs) - At r = 0.509484:	q_mu = 4.79277	q_A  = 2.04296	Pmu = 0.00840	1-Pb  = 0.16804	CLs  = 0.04996
AsymptoticLimits.cc[337] : (in function: getCLs) - At r = 0.509240:	q_mu = 4.79056	q_A  = 2.04157	Pmu = 0.00841	1-Pb  = 0.16803	CLs  = 0.05002
AsymptoticLimits.cc[337] : (in function: getCLs) - At r = 0.509364:	q_mu = 4.79190	q_A  = 2.04227	Pmu = 0.00840	1-Pb  = 0.16802	CLs  = 0.04999
AsymptoticLimits.cc[337] : (in function: getCLs) - At r = 0.509305:	q_mu = 4.79132	q_A  = 2.04194	Pmu = 0.00840	1-Pb  = 0.16802	CLs  = 0.05000
AsymptoticLimits.cc[337] : (in function: getCLs) - At r = 0.509328:	q_mu = 4.79152	q_A  = 2.04207	Pmu = 0.00840	1-Pb  = 0.16802	CLs  = 0.05000
AsymptoticLimits.cc[337] : (in function: getCLs) - At r = 0.509318:	q_mu = 4.79141	q_A  = 2.04201	Pmu = 0.00840	1-Pb  = 0.16802	CLs  = 0.05000
AsymptoticLimits.cc[337] : (in function: getCLs) - At r = 0.509323:	q_mu = 4.79145	q_A  = 2.04204	Pmu = 0.00840	1-Pb  = 0.16802	CLs  = 0.05000
AsymptoticLimits.cc[337] : (in function: getCLs) - At r = 0.509321:	q_mu = 4.79173	q_A  = 2.04203	Pmu = 0.00840	1-Pb  = 0.16800	CLs  = 0.04999
