CascadeMinimizer.cc[188] : (in function: improveOnce) - Minimization configured with Type=Minuit2, Algo=Migrad, strategy=0, tolerance=0.1
CascadeMinimizer.cc[215] : (in function: improveOnce) - Minimization finished with status=0
CascadeMinimizer.cc[219] : (in function: improveOnce) - Minimization success! status=0
ToyMCSamplerOpt.cc[146] : (in function: generateAsimov) - Using internal logic for binned/unbinned Asimov dataset generation
ToyMCSamplerOpt.cc[214] : (in function: generateWithHisto) - Generating asimov with histogram for pdf pdf_binpass_LOW_obsOnly: in 2 x-bins
ToyMCSamplerOpt.cc[215] : (in function: generateWithHisto) -  , in 1 y-bins
ToyMCSamplerOpt.cc[146] : (in function: generateAsimov) - Using internal logic for binned/unbinned Asimov dataset generation
ToyMCSamplerOpt.cc[214] : (in function: generateWithHisto) - Generating asimov with histogram for pdf pdf_binpass_SIG_obsOnly: in 1 x-bins
ToyMCSamplerOpt.cc[215] : (in function: generateWithHisto) -  , in 1 y-bins
ToyMCSamplerOpt.cc[146] : (in function: generateAsimov) - Using internal logic for binned/unbinned Asimov dataset generation
ToyMCSamplerOpt.cc[214] : (in function: generateWithHisto) - Generating asimov with histogram for pdf pdf_binpass_HIGH_obsOnly: in 9 x-bins
ToyMCSamplerOpt.cc[215] : (in function: generateWithHisto) -  , in 1 y-bins
ToyMCSamplerOpt.cc[146] : (in function: generateAsimov) - Using internal logic for binned/unbinned Asimov dataset generation
ToyMCSamplerOpt.cc[214] : (in function: generateWithHisto) - Generating asimov with histogram for pdf pdf_binfail_LOW_obsOnly: in 2 x-bins
ToyMCSamplerOpt.cc[215] : (in function: generateWithHisto) -  , in 1 y-bins
ToyMCSamplerOpt.cc[146] : (in function: generateAsimov) - Using internal logic for binned/unbinned Asimov dataset generation
ToyMCSamplerOpt.cc[214] : (in function: generateWithHisto) - Generating asimov with histogram for pdf pdf_binfail_SIG_obsOnly: in 1 x-bins
ToyMCSamplerOpt.cc[215] : (in function: generateWithHisto) -  , in 1 y-bins
ToyMCSamplerOpt.cc[146] : (in function: generateAsimov) - Using internal logic for binned/unbinned Asimov dataset generation
ToyMCSamplerOpt.cc[214] : (in function: generateWithHisto) - Generating asimov with histogram for pdf pdf_binfail_HIGH_obsOnly: in 9 x-bins
ToyMCSamplerOpt.cc[215] : (in function: generateWithHisto) -  , in 1 y-bins
AsymptoticLimits.cc[428] : (in function: runLimitExpected) - Median for expected limits = 0.283203, Sigma for expected limits = 0.144494
AsymptoticLimits.cc[191] : (in function: runLimit) - NLL at global minimum of data = -42.1462 (r=1.35849e-08)
AsymptoticLimits.cc[211] : (in function: runLimit) - NLL at global minimum of asimov = -39.7203 (r=8.52195e-05)
AsymptoticLimits.cc[337] : (in function: getCLs) - At r = 1.200000:	q_mu = 24.26934	q_A  = 19.86533	Pmu = 0.00000	1-Pb  = 0.31064	CLs  = 0.00000
AsymptoticLimits.cc[337] : (in function: getCLs) - At r = 0.600000:	q_mu = 12.80808	q_A  = 9.41490	Pmu = 0.00015	1-Pb  = 0.29016	CLs  = 0.00051
AsymptoticLimits.cc[337] : (in function: getCLs) - At r = 0.300000:	q_mu = 6.60145	q_A  = 4.12910	Pmu = 0.00414	1-Pb  = 0.27148	CLs  = 0.01525
AsymptoticLimits.cc[337] : (in function: getCLs) - At r = 0.150000:	q_mu = 3.35616	q_A  = 1.68246	Pmu = 0.02605	1-Pb  = 0.25941	CLs  = 0.10043
AsymptoticLimits.cc[337] : (in function: getCLs) - At r = 0.224406:	q_mu = 4.97893	q_A  = 2.85923	Pmu = 0.01023	1-Pb  = 0.26540	CLs  = 0.03855
AsymptoticLimits.cc[337] : (in function: getCLs) - At r = 0.193363:	q_mu = 4.30508	q_A  = 2.35633	Pmu = 0.01501	1-Pb  = 0.26279	CLs  = 0.05712
AsymptoticLimits.cc[337] : (in function: getCLs) - At r = 0.207985:	q_mu = 4.62298	q_A  = 2.59142	Pmu = 0.01252	1-Pb  = 0.26402	CLs  = 0.04742
AsymptoticLimits.cc[337] : (in function: getCLs) - At r = 0.201732:	q_mu = 4.48715	q_A  = 2.49041	Pmu = 0.01353	1-Pb  = 0.26348	CLs  = 0.05134
AsymptoticLimits.cc[337] : (in function: getCLs) - At r = 0.204647:	q_mu = 4.55047	q_A  = 2.53736	Pmu = 0.01305	1-Pb  = 0.26373	CLs  = 0.04947
AsymptoticLimits.cc[337] : (in function: getCLs) - At r = 0.203395:	q_mu = 4.52328	q_A  = 2.51711	Pmu = 0.01325	1-Pb  = 0.26361	CLs  = 0.05027
AsymptoticLimits.cc[337] : (in function: getCLs) - At r = 0.203979:	q_mu = 4.53595	q_A  = 2.52647	Pmu = 0.01316	1-Pb  = 0.26366	CLs  = 0.04989
AsymptoticLimits.cc[337] : (in function: getCLs) - At r = 0.203729:	q_mu = 4.53053	q_A  = 2.52239	Pmu = 0.01320	1-Pb  = 0.26363	CLs  = 0.05005
AsymptoticLimits.cc[337] : (in function: getCLs) - At r = 0.203846:	q_mu = 4.53305	q_A  = 2.52423	Pmu = 0.01318	1-Pb  = 0.26363	CLs  = 0.04998
AsymptoticLimits.cc[337] : (in function: getCLs) - At r = 0.203798:	q_mu = 4.53199	q_A  = 2.52340	Pmu = 0.01318	1-Pb  = 0.26362	CLs  = 0.05001
AsymptoticLimits.cc[337] : (in function: getCLs) - At r = 0.203822:	q_mu = 4.53252	q_A  = 2.52376	Pmu = 0.01318	1-Pb  = 0.26362	CLs  = 0.05000
AsymptoticLimits.cc[337] : (in function: getCLs) - At r = 0.203813:	q_mu = 4.53233	q_A  = 2.52359	Pmu = 0.01318	1-Pb  = 0.26361	CLs  = 0.05000
AsymptoticLimits.cc[337] : (in function: getCLs) - At r = 0.203819:	q_mu = 4.53242	q_A  = 2.52364	Pmu = 0.01318	1-Pb  = 0.26361	CLs  = 0.05000
