 <<< Combine >>> 
 <<< v10.0.1 >>>
>>> Random number generator seed is 123456
>>> Method used is FitDiagnostics
Set Default Value of Parameter mask_pass_SIG To : 1
Set Default Value of Parameter mask_pass_HIGH To : 1
Set Default Value of Parameter r To : 1
>>> 2 out of 6 channels masked

>> Found 58 floating parameters
>> The following parameters are protected in the event of negative eigenvalues:
>> Verifying eigenvalues are all positive (iteration 0)
Eigenvalue 57 : -0.000854887
 - -0.64469	Background_rpf_2x0_par3
 - 0.467742	Background_rpf_2x0_par1
 - 0.43274	Background_rpf_2x0_par0
 - -0.422137	Background_rpf_2x0_par2
 - -0.00614346	Background_fail_LOW_bin_3-1
>> Attempt 0 failed, remove the variable with largest eigenvector component...
>> Dropping Background_rpf_2x0_par3 from the hessian
>> Verifying eigenvalues are all positive (iteration 1)
>> All eigenvalues are positive
>> Inverting Hessian...
>> Matrix inverted
>> Note: the following parameters were dropped to make the covariance matrix pos-def:
     - Background_rpf_2x0_par3
 Fit B-only, status = 0, numBadNLL = 0, covariance quality = -1
Running Minos for POI r
>> Found 59 floating parameters
>> The following parameters are protected in the event of negative eigenvalues: r
>> Verifying eigenvalues are all positive (iteration 0)
Eigenvalue 57 : -0.000104371
 - -0.713191	r
 - 0.459289	Background_rpf_2x0_par3
 - -0.387445	Background_rpf_2x0_par0
 - 0.255235	Background_rpf_2x0_par1
 - 0.246831	Background_rpf_2x0_par2
Eigenvalue 58 : -0.00106207
 - 0.634948	Background_rpf_2x0_par1
 - -0.512289	Background_rpf_2x0_par3
 - -0.375754	r
 - 0.31442	Background_rpf_2x0_par0
 - -0.304868	Background_rpf_2x0_par2
>> Attempt 0 failed, remove the variable with largest eigenvector component...
>> Dropping Background_rpf_2x0_par1 from the hessian
>> Verifying eigenvalues are all positive (iteration 1)
Eigenvalue 57 : -0.000248877
 - 0.647471	Background_rpf_2x0_par3
 - -0.514313	Background_rpf_2x0_par0
 - -0.476209	r
 - 0.296029	Background_rpf_2x0_par2
 - 0.0232252	Background_fail_HIGH_bin_9-1
>> Attempt 1 failed, remove the variable with largest eigenvector component...
>> Dropping Background_rpf_2x0_par3 from the hessian
>> Verifying eigenvalues are all positive (iteration 2)
>> All eigenvalues are positive
>> Inverting Hessian...
>> Matrix inverted
>> Note: the following parameters were dropped to make the covariance matrix pos-def:
     - Background_rpf_2x0_par1
     - Background_rpf_2x0_par3
Fit S+B, status = 0, numBadNLL = 0, covariance quality = -1

 --- FitDiagnostics ---
Best fit r: 2.23239e-06  -2.23239e-06/+50  (68% CL)
Done in 0.01 min (cpu), 0.01 min (real)
27 log messages saved to combine_logger.out
