CascadeMinimizer.cc[188] : (in function: improveOnce) - Minimization configured with Type=Minuit2, Algo=Migrad, strategy=0, tolerance=0.1
CascadeMinimizer.cc[215] : (in function: improveOnce) - Minimization finished with status=0
CascadeMinimizer.cc[219] : (in function: improveOnce) - Minimization success! status=0
ToyMCSamplerOpt.cc[146] : (in function: generateAsimov) - Using internal logic for binned/unbinned Asimov dataset generation
ToyMCSamplerOpt.cc[214] : (in function: generateWithHisto) - Generating asimov with histogram for pdf pdf_binpass_LOW_obsOnly: in 4 x-bins
ToyMCSamplerOpt.cc[215] : (in function: generateWithHisto) -  , in 1 y-bins
ToyMCSamplerOpt.cc[146] : (in function: generateAsimov) - Using internal logic for binned/unbinned Asimov dataset generation
ToyMCSamplerOpt.cc[214] : (in function: generateWithHisto) - Generating asimov with histogram for pdf pdf_binpass_SIG_obsOnly: in 3 x-bins
ToyMCSamplerOpt.cc[215] : (in function: generateWithHisto) -  , in 1 y-bins
ToyMCSamplerOpt.cc[146] : (in function: generateAsimov) - Using internal logic for binned/unbinned Asimov dataset generation
ToyMCSamplerOpt.cc[214] : (in function: generateWithHisto) - Generating asimov with histogram for pdf pdf_binpass_HIGH_obsOnly: in 7 x-bins
ToyMCSamplerOpt.cc[215] : (in function: generateWithHisto) -  , in 1 y-bins
ToyMCSamplerOpt.cc[146] : (in function: generateAsimov) - Using internal logic for binned/unbinned Asimov dataset generation
ToyMCSamplerOpt.cc[214] : (in function: generateWithHisto) - Generating asimov with histogram for pdf pdf_binfail_LOW_obsOnly: in 4 x-bins
ToyMCSamplerOpt.cc[215] : (in function: generateWithHisto) -  , in 1 y-bins
ToyMCSamplerOpt.cc[146] : (in function: generateAsimov) - Using internal logic for binned/unbinned Asimov dataset generation
ToyMCSamplerOpt.cc[214] : (in function: generateWithHisto) - Generating asimov with histogram for pdf pdf_binfail_SIG_obsOnly: in 3 x-bins
ToyMCSamplerOpt.cc[215] : (in function: generateWithHisto) -  , in 1 y-bins
ToyMCSamplerOpt.cc[146] : (in function: generateAsimov) - Using internal logic for binned/unbinned Asimov dataset generation
ToyMCSamplerOpt.cc[214] : (in function: generateWithHisto) - Generating asimov with histogram for pdf pdf_binfail_HIGH_obsOnly: in 7 x-bins
ToyMCSamplerOpt.cc[215] : (in function: generateWithHisto) -  , in 1 y-bins
AsymptoticLimits.cc[428] : (in function: runLimitExpected) - Median for expected limits = 0.988281, Sigma for expected limits = 0.504234
AsymptoticLimits.cc[191] : (in function: runLimit) - NLL at global minimum of data = -11139.1 (r=1.45591e-09)
AsymptoticLimits.cc[211] : (in function: runLimit) - NLL at global minimum of asimov = -11138.3 (r=1.25981e-05)
AsymptoticLimits.cc[337] : (in function: getCLs) - At r = 1.200000:	q_mu = 8.50545	q_A  = 4.74971	Pmu = 0.00118	1-Pb  = 0.19444	CLs  = 0.00606
AsymptoticLimits.cc[337] : (in function: getCLs) - At r = 0.600000:	q_mu = 4.79491	q_A  = 2.11358	Pmu = 0.00875	1-Pb  = 0.17822	CLs  = 0.04910
AsymptoticLimits.cc[337] : (in function: getCLs) - At r = 0.300000:	q_mu = 2.58794	q_A  = 0.82724	Pmu = 0.03023	1-Pb  = 0.16654	CLs  = 0.18151
AsymptoticLimits.cc[337] : (in function: getCLs) - At r = 0.450000:	q_mu = 3.72928	q_A  = 1.45355	Pmu = 0.01580	1-Pb  = 0.17264	CLs  = 0.09152
AsymptoticLimits.cc[337] : (in function: getCLs) - At r = 0.566510:	q_mu = 4.56291	q_A  = 1.96454	Pmu = 0.00994	1-Pb  = 0.17698	CLs  = 0.05617
AsymptoticLimits.cc[337] : (in function: getCLs) - At r = 0.589695:	q_mu = 4.72396	q_A  = 2.06764	Pmu = 0.00910	1-Pb  = 0.17783	CLs  = 0.05116
AsymptoticLimits.cc[337] : (in function: getCLs) - At r = 0.594307:	q_mu = 4.75571	q_A  = 2.08811	Pmu = 0.00894	1-Pb  = 0.17800	CLs  = 0.05023
AsymptoticLimits.cc[337] : (in function: getCLs) - At r = 0.596369:	q_mu = 4.76991	q_A  = 2.09726	Pmu = 0.00887	1-Pb  = 0.17807	CLs  = 0.04982
AsymptoticLimits.cc[337] : (in function: getCLs) - At r = 0.595232:	q_mu = 4.76206	q_A  = 2.09218	Pmu = 0.00891	1-Pb  = 0.17803	CLs  = 0.05005
AsymptoticLimits.cc[337] : (in function: getCLs) - At r = 0.595647:	q_mu = 4.76492	q_A  = 2.09402	Pmu = 0.00890	1-Pb  = 0.17804	CLs  = 0.04996
AsymptoticLimits.cc[337] : (in function: getCLs) - At r = 0.595420:	q_mu = 4.76348	q_A  = 2.09300	Pmu = 0.00890	1-Pb  = 0.17802	CLs  = 0.05001
AsymptoticLimits.cc[337] : (in function: getCLs) - At r = 0.595494:	q_mu = 4.76390	q_A  = 2.09333	Pmu = 0.00890	1-Pb  = 0.17803	CLs  = 0.04999
AsymptoticLimits.cc[337] : (in function: getCLs) - At r = 0.595451:	q_mu = 4.76358	q_A  = 2.09314	Pmu = 0.00890	1-Pb  = 0.17803	CLs  = 0.05000
AsymptoticLimits.cc[337] : (in function: getCLs) - At r = 0.595471:	q_mu = 4.76371	q_A  = 2.09323	Pmu = 0.00890	1-Pb  = 0.17803	CLs  = 0.05000
AsymptoticLimits.cc[337] : (in function: getCLs) - At r = 0.595464:	q_mu = 4.76366	q_A  = 2.09320	Pmu = 0.00890	1-Pb  = 0.17803	CLs  = 0.05000
AsymptoticLimits.cc[337] : (in function: getCLs) - At r = 0.595468:	q_mu = 4.76382	q_A  = 2.09322	Pmu = 0.00890	1-Pb  = 0.17802	CLs  = 0.05000
