CascadeMinimizer.cc[188] : (in function: improveOnce) - Minimization configured with Type=Minuit2, Algo=Migrad, strategy=0, tolerance=0.1
CascadeMinimizer.cc[215] : (in function: improveOnce) - Minimization finished with status=0
CascadeMinimizer.cc[219] : (in function: improveOnce) - Minimization success! status=0
ToyMCSamplerOpt.cc[146] : (in function: generateAsimov) - Using internal logic for binned/unbinned Asimov dataset generation
ToyMCSamplerOpt.cc[214] : (in function: generateWithHisto) - Generating asimov with histogram for pdf pdf_binpass_LOW_obsOnly: in 3 x-bins
ToyMCSamplerOpt.cc[215] : (in function: generateWithHisto) -  , in 1 y-bins
ToyMCSamplerOpt.cc[146] : (in function: generateAsimov) - Using internal logic for binned/unbinned Asimov dataset generation
ToyMCSamplerOpt.cc[214] : (in function: generateWithHisto) - Generating asimov with histogram for pdf pdf_binpass_SIG_obsOnly: in 1 x-bins
ToyMCSamplerOpt.cc[215] : (in function: generateWithHisto) -  , in 1 y-bins
ToyMCSamplerOpt.cc[146] : (in function: generateAsimov) - Using internal logic for binned/unbinned Asimov dataset generation
ToyMCSamplerOpt.cc[214] : (in function: generateWithHisto) - Generating asimov with histogram for pdf pdf_binpass_HIGH_obsOnly: in 5 x-bins
ToyMCSamplerOpt.cc[215] : (in function: generateWithHisto) -  , in 1 y-bins
ToyMCSamplerOpt.cc[146] : (in function: generateAsimov) - Using internal logic for binned/unbinned Asimov dataset generation
ToyMCSamplerOpt.cc[214] : (in function: generateWithHisto) - Generating asimov with histogram for pdf pdf_binfail_LOW_obsOnly: in 3 x-bins
ToyMCSamplerOpt.cc[215] : (in function: generateWithHisto) -  , in 1 y-bins
ToyMCSamplerOpt.cc[146] : (in function: generateAsimov) - Using internal logic for binned/unbinned Asimov dataset generation
ToyMCSamplerOpt.cc[214] : (in function: generateWithHisto) - Generating asimov with histogram for pdf pdf_binfail_SIG_obsOnly: in 1 x-bins
ToyMCSamplerOpt.cc[215] : (in function: generateWithHisto) -  , in 1 y-bins
ToyMCSamplerOpt.cc[146] : (in function: generateAsimov) - Using internal logic for binned/unbinned Asimov dataset generation
ToyMCSamplerOpt.cc[214] : (in function: generateWithHisto) - Generating asimov with histogram for pdf pdf_binfail_HIGH_obsOnly: in 5 x-bins
ToyMCSamplerOpt.cc[215] : (in function: generateWithHisto) -  , in 1 y-bins
AsymptoticLimits.cc[428] : (in function: runLimitExpected) - Median for expected limits = 1.54688, Sigma for expected limits = 0.789236
AsymptoticLimits.cc[191] : (in function: runLimit) - NLL at global minimum of data = -753.451 (r=1.07946e-06)
AsymptoticLimits.cc[211] : (in function: runLimit) - NLL at global minimum of asimov = -752.723 (r=5.68723e-07)
AsymptoticLimits.cc[337] : (in function: getCLs) - At r = 1.200001:	q_mu = 3.05975	q_A  = 3.03871	Pmu = 0.04013	1-Pb  = 0.49759	CLs  = 0.08064
AsymptoticLimits.cc[337] : (in function: getCLs) - At r = 2.400002:	q_mu = 5.73615	q_A  = 5.69452	Pmu = 0.00831	1-Pb  = 0.49652	CLs  = 0.01673
AsymptoticLimits.cc[337] : (in function: getCLs) - At r = 1.200002:	q_mu = 3.05847	q_A  = 3.03877	Pmu = 0.04016	1-Pb  = 0.49775	CLs  = 0.08068
AsymptoticLimits.cc[337] : (in function: getCLs) - At r = 1.732009:	q_mu = 4.28487	q_A  = 4.25521	Pmu = 0.01923	1-Pb  = 0.49713	CLs  = 0.03867
AsymptoticLimits.cc[337] : (in function: getCLs) - At r = 1.476935:	q_mu = 3.71313	q_A  = 3.68038	Pmu = 0.02699	1-Pb  = 0.49660	CLs  = 0.05435
AsymptoticLimits.cc[337] : (in function: getCLs) - At r = 1.578008:	q_mu = 3.93964	q_A  = 3.90995	Pmu = 0.02358	1-Pb  = 0.49700	CLs  = 0.04744
AsymptoticLimits.cc[337] : (in function: getCLs) - At r = 1.526584:	q_mu = 3.82439	q_A  = 3.79344	Pmu = 0.02525	1-Pb  = 0.49683	CLs  = 0.05083
AsymptoticLimits.cc[337] : (in function: getCLs) - At r = 1.546711:	q_mu = 3.86950	q_A  = 3.83911	Pmu = 0.02458	1-Pb  = 0.49691	CLs  = 0.04948
AsymptoticLimits.cc[337] : (in function: getCLs) - At r = 1.536409:	q_mu = 3.84641	q_A  = 3.81575	Pmu = 0.02493	1-Pb  = 0.49687	CLs  = 0.05016
AsymptoticLimits.cc[337] : (in function: getCLs) - At r = 1.540431:	q_mu = 3.85542	q_A  = 3.82487	Pmu = 0.02479	1-Pb  = 0.49688	CLs  = 0.04989
AsymptoticLimits.cc[337] : (in function: getCLs) - At r = 1.538370:	q_mu = 3.85080	q_A  = 3.82019	Pmu = 0.02486	1-Pb  = 0.49688	CLs  = 0.05003
AsymptoticLimits.cc[337] : (in function: getCLs) - At r = 1.539174:	q_mu = 3.85261	q_A  = 3.82202	Pmu = 0.02483	1-Pb  = 0.49688	CLs  = 0.04998
AsymptoticLimits.cc[337] : (in function: getCLs) - At r = 1.538762:	q_mu = 3.85168	q_A  = 3.82108	Pmu = 0.02485	1-Pb  = 0.49688	CLs  = 0.05001
AsymptoticLimits.cc[337] : (in function: getCLs) - At r = 1.538923:	q_mu = 3.85204	q_A  = 3.82145	Pmu = 0.02484	1-Pb  = 0.49688	CLs  = 0.05000
AsymptoticLimits.cc[337] : (in function: getCLs) - At r = 1.538840:	q_mu = 3.85186	q_A  = 3.82126	Pmu = 0.02484	1-Pb  = 0.49688	CLs  = 0.05000
AsymptoticLimits.cc[337] : (in function: getCLs) - At r = 1.538873:	q_mu = 3.85193	q_A  = 3.82133	Pmu = 0.02484	1-Pb  = 0.49688	CLs  = 0.05000
AsymptoticLimits.cc[337] : (in function: getCLs) - At r = 1.538856:	q_mu = 3.85189	q_A  = 3.82130	Pmu = 0.02484	1-Pb  = 0.49688	CLs  = 0.05000
AsymptoticLimits.cc[337] : (in function: getCLs) - At r = 1.538862:	q_mu = 3.85191	q_A  = 3.82131	Pmu = 0.02484	1-Pb  = 0.49688	CLs  = 0.05000
AsymptoticLimits.cc[337] : (in function: getCLs) - At r = 1.538859:	q_mu = 3.85190	q_A  = 3.82130	Pmu = 0.02484	1-Pb  = 0.49688	CLs  = 0.05000
