CascadeMinimizer.cc[188] : (in function: improveOnce) - Minimization configured with Type=Minuit2, Algo=Migrad, strategy=0, tolerance=0.1
CascadeMinimizer.cc[215] : (in function: improveOnce) - Minimization finished with status=0
CascadeMinimizer.cc[219] : (in function: improveOnce) - Minimization success! status=0
ToyMCSamplerOpt.cc[146] : (in function: generateAsimov) - Using internal logic for binned/unbinned Asimov dataset generation
ToyMCSamplerOpt.cc[214] : (in function: generateWithHisto) - Generating asimov with histogram for pdf pdf_binpass_LOW_obsOnly: in 3 x-bins
ToyMCSamplerOpt.cc[215] : (in function: generateWithHisto) -  , in 1 y-bins
ToyMCSamplerOpt.cc[146] : (in function: generateAsimov) - Using internal logic for binned/unbinned Asimov dataset generation
ToyMCSamplerOpt.cc[214] : (in function: generateWithHisto) - Generating asimov with histogram for pdf pdf_binpass_SIG_obsOnly: in 1 x-bins
ToyMCSamplerOpt.cc[215] : (in function: generateWithHisto) -  , in 1 y-bins
ToyMCSamplerOpt.cc[146] : (in function: generateAsimov) - Using internal logic for binned/unbinned Asimov dataset generation
ToyMCSamplerOpt.cc[214] : (in function: generateWithHisto) - Generating asimov with histogram for pdf pdf_binpass_HIGH_obsOnly: in 5 x-bins
ToyMCSamplerOpt.cc[215] : (in function: generateWithHisto) -  , in 1 y-bins
ToyMCSamplerOpt.cc[146] : (in function: generateAsimov) - Using internal logic for binned/unbinned Asimov dataset generation
ToyMCSamplerOpt.cc[214] : (in function: generateWithHisto) - Generating asimov with histogram for pdf pdf_binfail_LOW_obsOnly: in 3 x-bins
ToyMCSamplerOpt.cc[215] : (in function: generateWithHisto) -  , in 1 y-bins
ToyMCSamplerOpt.cc[146] : (in function: generateAsimov) - Using internal logic for binned/unbinned Asimov dataset generation
ToyMCSamplerOpt.cc[214] : (in function: generateWithHisto) - Generating asimov with histogram for pdf pdf_binfail_SIG_obsOnly: in 1 x-bins
ToyMCSamplerOpt.cc[215] : (in function: generateWithHisto) -  , in 1 y-bins
ToyMCSamplerOpt.cc[146] : (in function: generateAsimov) - Using internal logic for binned/unbinned Asimov dataset generation
ToyMCSamplerOpt.cc[214] : (in function: generateWithHisto) - Generating asimov with histogram for pdf pdf_binfail_HIGH_obsOnly: in 5 x-bins
ToyMCSamplerOpt.cc[215] : (in function: generateWithHisto) -  , in 1 y-bins
AsymptoticLimits.cc[428] : (in function: runLimitExpected) - Median for expected limits = 2.51562, Sigma for expected limits = 1.28351
AsymptoticLimits.cc[191] : (in function: runLimit) - NLL at global minimum of data = -901.565 (r=1.79383e-05)
AsymptoticLimits.cc[211] : (in function: runLimit) - NLL at global minimum of asimov = -900.976 (r=7.18644e-07)
AsymptoticLimits.cc[337] : (in function: getCLs) - At r = 2.090383:	q_mu = 3.23279	q_A  = 3.23777	Pmu = 0.03609	1-Pb  = 0.50055	CLs  = 0.07210
AsymptoticLimits.cc[337] : (in function: getCLs) - At r = 4.180766:	q_mu = 6.05756	q_A  = 6.03546	Pmu = 0.00692	1-Pb  = 0.49821	CLs  = 0.01390
AsymptoticLimits.cc[337] : (in function: getCLs) - At r = 2.090392:	q_mu = 3.23282	q_A  = 3.23780	Pmu = 0.03609	1-Pb  = 0.50055	CLs  = 0.07210
AsymptoticLimits.cc[337] : (in function: getCLs) - At r = 3.135579:	q_mu = 4.68969	q_A  = 4.68098	Pmu = 0.01517	1-Pb  = 0.49920	CLs  = 0.03039
AsymptoticLimits.cc[337] : (in function: getCLs) - At r = 2.653699:	q_mu = 4.03003	q_A  = 4.02762	Pmu = 0.02235	1-Pb  = 0.49976	CLs  = 0.04472
AsymptoticLimits.cc[337] : (in function: getCLs) - At r = 2.435707:	q_mu = 3.72498	q_A  = 3.72543	Pmu = 0.02680	1-Pb  = 0.50005	CLs  = 0.05360
AsymptoticLimits.cc[337] : (in function: getCLs) - At r = 2.546226:	q_mu = 3.88016	q_A  = 3.87917	Pmu = 0.02443	1-Pb  = 0.49990	CLs  = 0.04887
AsymptoticLimits.cc[337] : (in function: getCLs) - At r = 2.502236:	q_mu = 3.81853	q_A  = 3.81810	Pmu = 0.02534	1-Pb  = 0.49996	CLs  = 0.05069
AsymptoticLimits.cc[337] : (in function: getCLs) - At r = 2.524258:	q_mu = 3.84941	q_A  = 3.84868	Pmu = 0.02488	1-Pb  = 0.49993	CLs  = 0.04977
AsymptoticLimits.cc[337] : (in function: getCLs) - At r = 2.515447:	q_mu = 3.83706	q_A  = 3.83644	Pmu = 0.02507	1-Pb  = 0.49994	CLs  = 0.05014
AsymptoticLimits.cc[337] : (in function: getCLs) - At r = 2.519850:	q_mu = 3.84323	q_A  = 3.84255	Pmu = 0.02497	1-Pb  = 0.49993	CLs  = 0.04995
AsymptoticLimits.cc[337] : (in function: getCLs) - At r = 2.518088:	q_mu = 3.84076	q_A  = 3.84011	Pmu = 0.02501	1-Pb  = 0.49993	CLs  = 0.05003
AsymptoticLimits.cc[337] : (in function: getCLs) - At r = 2.518969:	q_mu = 3.84199	q_A  = 3.84133	Pmu = 0.02499	1-Pb  = 0.49993	CLs  = 0.04999
AsymptoticLimits.cc[337] : (in function: getCLs) - At r = 2.518617:	q_mu = 3.84150	q_A  = 3.84084	Pmu = 0.02500	1-Pb  = 0.49993	CLs  = 0.05001
AsymptoticLimits.cc[337] : (in function: getCLs) - At r = 2.518793:	q_mu = 3.84175	q_A  = 3.84108	Pmu = 0.02500	1-Pb  = 0.49993	CLs  = 0.05000
AsymptoticLimits.cc[337] : (in function: getCLs) - At r = 2.518723:	q_mu = 3.84165	q_A  = 3.84099	Pmu = 0.02500	1-Pb  = 0.49993	CLs  = 0.05000
AsymptoticLimits.cc[337] : (in function: getCLs) - At r = 2.518758:	q_mu = 3.84170	q_A  = 3.84103	Pmu = 0.02500	1-Pb  = 0.49993	CLs  = 0.05000
AsymptoticLimits.cc[337] : (in function: getCLs) - At r = 2.518744:	q_mu = 3.84168	q_A  = 3.84102	Pmu = 0.02500	1-Pb  = 0.49993	CLs  = 0.05000
AsymptoticLimits.cc[337] : (in function: getCLs) - At r = 2.518751:	q_mu = 3.84169	q_A  = 3.84102	Pmu = 0.02500	1-Pb  = 0.49993	CLs  = 0.05000
