CascadeMinimizer.cc[188] : (in function: improveOnce) - Minimization configured with Type=Minuit2, Algo=Migrad, strategy=0, tolerance=0.1
CascadeMinimizer.cc[215] : (in function: improveOnce) - Minimization finished with status=0
CascadeMinimizer.cc[219] : (in function: improveOnce) - Minimization success! status=0
ToyMCSamplerOpt.cc[146] : (in function: generateAsimov) - Using internal logic for binned/unbinned Asimov dataset generation
ToyMCSamplerOpt.cc[214] : (in function: generateWithHisto) - Generating asimov with histogram for pdf pdf_binpass_LOW_obsOnly: in 2 x-bins
ToyMCSamplerOpt.cc[215] : (in function: generateWithHisto) -  , in 1 y-bins
ToyMCSamplerOpt.cc[146] : (in function: generateAsimov) - Using internal logic for binned/unbinned Asimov dataset generation
ToyMCSamplerOpt.cc[214] : (in function: generateWithHisto) - Generating asimov with histogram for pdf pdf_binpass_SIG_obsOnly: in 1 x-bins
ToyMCSamplerOpt.cc[215] : (in function: generateWithHisto) -  , in 1 y-bins
ToyMCSamplerOpt.cc[146] : (in function: generateAsimov) - Using internal logic for binned/unbinned Asimov dataset generation
ToyMCSamplerOpt.cc[214] : (in function: generateWithHisto) - Generating asimov with histogram for pdf pdf_binpass_HIGH_obsOnly: in 9 x-bins
ToyMCSamplerOpt.cc[215] : (in function: generateWithHisto) -  , in 1 y-bins
ToyMCSamplerOpt.cc[146] : (in function: generateAsimov) - Using internal logic for binned/unbinned Asimov dataset generation
ToyMCSamplerOpt.cc[214] : (in function: generateWithHisto) - Generating asimov with histogram for pdf pdf_binfail_LOW_obsOnly: in 2 x-bins
ToyMCSamplerOpt.cc[215] : (in function: generateWithHisto) -  , in 1 y-bins
ToyMCSamplerOpt.cc[146] : (in function: generateAsimov) - Using internal logic for binned/unbinned Asimov dataset generation
ToyMCSamplerOpt.cc[214] : (in function: generateWithHisto) - Generating asimov with histogram for pdf pdf_binfail_SIG_obsOnly: in 1 x-bins
ToyMCSamplerOpt.cc[215] : (in function: generateWithHisto) -  , in 1 y-bins
ToyMCSamplerOpt.cc[146] : (in function: generateAsimov) - Using internal logic for binned/unbinned Asimov dataset generation
ToyMCSamplerOpt.cc[214] : (in function: generateWithHisto) - Generating asimov with histogram for pdf pdf_binfail_HIGH_obsOnly: in 9 x-bins
ToyMCSamplerOpt.cc[215] : (in function: generateWithHisto) -  , in 1 y-bins
AsymptoticLimits.cc[428] : (in function: runLimitExpected) - Median for expected limits = 0.472656, Sigma for expected limits = 0.241156
AsymptoticLimits.cc[191] : (in function: runLimit) - NLL at global minimum of data = -823.002 (r=3.78625e-07)
AsymptoticLimits.cc[211] : (in function: runLimit) - NLL at global minimum of asimov = -822.07 (r=2.24035e-07)
AsymptoticLimits.cc[337] : (in function: getCLs) - At r = 1.200000:	q_mu = 12.28019	q_A  = 10.18786	Pmu = 0.00022	1-Pb  = 0.37155	CLs  = 0.00058
AsymptoticLimits.cc[337] : (in function: getCLs) - At r = 0.600000:	q_mu = 6.56103	q_A  = 4.98259	Pmu = 0.00486	1-Pb  = 0.36183	CLs  = 0.01343
AsymptoticLimits.cc[337] : (in function: getCLs) - At r = 0.300000:	q_mu = 3.40894	q_A  = 2.30605	Pmu = 0.02994	1-Pb  = 0.35825	CLs  = 0.08357
AsymptoticLimits.cc[337] : (in function: getCLs) - At r = 0.450000:	q_mu = 5.01292	q_A  = 3.64000	Pmu = 0.01167	1-Pb  = 0.35950	CLs  = 0.03247
AsymptoticLimits.cc[337] : (in function: getCLs) - At r = 0.365209:	q_mu = 4.11316	q_A  = 2.88305	Pmu = 0.01969	1-Pb  = 0.35859	CLs  = 0.05491
AsymptoticLimits.cc[337] : (in function: getCLs) - At r = 0.394265:	q_mu = 4.42342	q_A  = 3.14185	Pmu = 0.01642	1-Pb  = 0.35886	CLs  = 0.04576
AsymptoticLimits.cc[337] : (in function: getCLs) - At r = 0.377149:	q_mu = 4.24077	q_A  = 2.98932	Pmu = 0.01827	1-Pb  = 0.35871	CLs  = 0.05093
AsymptoticLimits.cc[337] : (in function: getCLs) - At r = 0.382931:	q_mu = 4.29862	q_A  = 3.04080	Pmu = 0.01767	1-Pb  = 0.35918	CLs  = 0.04920
AsymptoticLimits.cc[337] : (in function: getCLs) - At r = 0.379611:	q_mu = 4.26315	q_A  = 3.01120	Pmu = 0.01804	1-Pb  = 0.35915	CLs  = 0.05023
AsymptoticLimits.cc[337] : (in function: getCLs) - At r = 0.380862:	q_mu = 4.27652	q_A  = 3.02234	Pmu = 0.01790	1-Pb  = 0.35916	CLs  = 0.04984
AsymptoticLimits.cc[337] : (in function: getCLs) - At r = 0.380198:	q_mu = 4.26943	q_A  = 3.01641	Pmu = 0.01797	1-Pb  = 0.35915	CLs  = 0.05005
AsymptoticLimits.cc[337] : (in function: getCLs) - At r = 0.380449:	q_mu = 4.27211	q_A  = 3.01867	Pmu = 0.01795	1-Pb  = 0.35916	CLs  = 0.04997
AsymptoticLimits.cc[337] : (in function: getCLs) - At r = 0.380315:	q_mu = 4.27068	q_A  = 3.01746	Pmu = 0.01796	1-Pb  = 0.35915	CLs  = 0.05001
AsymptoticLimits.cc[337] : (in function: getCLs) - At r = 0.380366:	q_mu = 4.27122	q_A  = 3.01788	Pmu = 0.01796	1-Pb  = 0.35915	CLs  = 0.04999
AsymptoticLimits.cc[337] : (in function: getCLs) - At r = 0.380340:	q_mu = 4.27094	q_A  = 3.01763	Pmu = 0.01796	1-Pb  = 0.35915	CLs  = 0.05000
AsymptoticLimits.cc[337] : (in function: getCLs) - At r = 0.380350:	q_mu = 4.27106	q_A  = 3.01771	Pmu = 0.01796	1-Pb  = 0.35914	CLs  = 0.05000
AsymptoticLimits.cc[337] : (in function: getCLs) - At r = 0.380346:	q_mu = 4.27101	q_A  = 3.01831	Pmu = 0.01796	1-Pb  = 0.35923	CLs  = 0.04999
AsymptoticLimits.cc[337] : (in function: getCLs) - At r = 0.380342:	q_mu = 4.27097	q_A  = 3.01821	Pmu = 0.01796	1-Pb  = 0.35922	CLs  = 0.05000
