CascadeMinimizer.cc[188] : (in function: improveOnce) - Minimization configured with Type=Minuit2, Algo=Migrad, strategy=0, tolerance=0.1
CascadeMinimizer.cc[215] : (in function: improveOnce) - Minimization finished with status=0
CascadeMinimizer.cc[219] : (in function: improveOnce) - Minimization success! status=0
ToyMCSamplerOpt.cc[146] : (in function: generateAsimov) - Using internal logic for binned/unbinned Asimov dataset generation
ToyMCSamplerOpt.cc[214] : (in function: generateWithHisto) - Generating asimov with histogram for pdf pdf_binpass_LOW_obsOnly: in 4 x-bins
ToyMCSamplerOpt.cc[215] : (in function: generateWithHisto) -  , in 1 y-bins
ToyMCSamplerOpt.cc[146] : (in function: generateAsimov) - Using internal logic for binned/unbinned Asimov dataset generation
ToyMCSamplerOpt.cc[214] : (in function: generateWithHisto) - Generating asimov with histogram for pdf pdf_binpass_SIG_obsOnly: in 3 x-bins
ToyMCSamplerOpt.cc[215] : (in function: generateWithHisto) -  , in 1 y-bins
ToyMCSamplerOpt.cc[146] : (in function: generateAsimov) - Using internal logic for binned/unbinned Asimov dataset generation
ToyMCSamplerOpt.cc[214] : (in function: generateWithHisto) - Generating asimov with histogram for pdf pdf_binpass_HIGH_obsOnly: in 7 x-bins
ToyMCSamplerOpt.cc[215] : (in function: generateWithHisto) -  , in 1 y-bins
ToyMCSamplerOpt.cc[146] : (in function: generateAsimov) - Using internal logic for binned/unbinned Asimov dataset generation
ToyMCSamplerOpt.cc[214] : (in function: generateWithHisto) - Generating asimov with histogram for pdf pdf_binfail_LOW_obsOnly: in 4 x-bins
ToyMCSamplerOpt.cc[215] : (in function: generateWithHisto) -  , in 1 y-bins
ToyMCSamplerOpt.cc[146] : (in function: generateAsimov) - Using internal logic for binned/unbinned Asimov dataset generation
ToyMCSamplerOpt.cc[214] : (in function: generateWithHisto) - Generating asimov with histogram for pdf pdf_binfail_SIG_obsOnly: in 3 x-bins
ToyMCSamplerOpt.cc[215] : (in function: generateWithHisto) -  , in 1 y-bins
ToyMCSamplerOpt.cc[146] : (in function: generateAsimov) - Using internal logic for binned/unbinned Asimov dataset generation
ToyMCSamplerOpt.cc[214] : (in function: generateWithHisto) - Generating asimov with histogram for pdf pdf_binfail_HIGH_obsOnly: in 7 x-bins
ToyMCSamplerOpt.cc[215] : (in function: generateWithHisto) -  , in 1 y-bins
AsymptoticLimits.cc[428] : (in function: runLimitExpected) - Median for expected limits = 6.125, Sigma for expected limits = 3.12506
AsymptoticLimits.cc[191] : (in function: runLimit) - NLL at global minimum of data = -11130.7 (r=5.23876e-07)
AsymptoticLimits.cc[211] : (in function: runLimit) - NLL at global minimum of asimov = -11130.2 (r=3.82801e-07)
AsymptoticLimits.cc[337] : (in function: getCLs) - At r = 2.152210:	q_mu = 2.26750	q_A  = 1.46402	Pmu = 0.06154	1-Pb  = 0.36993	CLs  = 0.16635
AsymptoticLimits.cc[337] : (in function: getCLs) - At r = 4.304421:	q_mu = 3.88548	q_A  = 2.84759	Pmu = 0.02302	1-Pb  = 0.37922	CLs  = 0.06071
AsymptoticLimits.cc[337] : (in function: getCLs) - At r = 8.608842:	q_mu = 6.30623	q_A  = 5.01810	Pmu = 0.00574	1-Pb  = 0.38686	CLs  = 0.01484
AsymptoticLimits.cc[337] : (in function: getCLs) - At r = 4.304421:	q_mu = 3.88538	q_A  = 2.84755	Pmu = 0.02302	1-Pb  = 0.37923	CLs  = 0.06071
AsymptoticLimits.cc[337] : (in function: getCLs) - At r = 6.456631:	q_mu = 5.19210	q_A  = 4.00988	Pmu = 0.01079	1-Pb  = 0.38392	CLs  = 0.02811
AsymptoticLimits.cc[337] : (in function: getCLs) - At r = 5.168754:	q_mu = 4.43873	q_A  = 3.33647	Pmu = 0.01666	1-Pb  = 0.38143	CLs  = 0.04366
AsymptoticLimits.cc[337] : (in function: getCLs) - At r = 4.711618:	q_mu = 4.15151	q_A  = 3.08197	Pmu = 0.01969	1-Pb  = 0.38033	CLs  = 0.05177
AsymptoticLimits.cc[337] : (in function: getCLs) - At r = 4.877896:	q_mu = 4.25740	q_A  = 3.17557	Pmu = 0.01851	1-Pb  = 0.38074	CLs  = 0.04861
AsymptoticLimits.cc[337] : (in function: getCLs) - At r = 4.785277:	q_mu = 4.19859	q_A  = 3.12357	Pmu = 0.01916	1-Pb  = 0.38051	CLs  = 0.05034
AsymptoticLimits.cc[337] : (in function: getCLs) - At r = 4.818314:	q_mu = 4.21959	q_A  = 3.14218	Pmu = 0.01892	1-Pb  = 0.38060	CLs  = 0.04972
AsymptoticLimits.cc[337] : (in function: getCLs) - At r = 4.799755:	q_mu = 4.20778	q_A  = 3.13172	Pmu = 0.01905	1-Pb  = 0.38055	CLs  = 0.05007
AsymptoticLimits.cc[337] : (in function: getCLs) - At r = 4.806366:	q_mu = 4.21199	q_A  = 3.13543	Pmu = 0.01901	1-Pb  = 0.38057	CLs  = 0.04994
AsymptoticLimits.cc[337] : (in function: getCLs) - At r = 4.802659:	q_mu = 4.20963	q_A  = 3.13334	Pmu = 0.01903	1-Pb  = 0.38056	CLs  = 0.05001
AsymptoticLimits.cc[337] : (in function: getCLs) - At r = 4.803986:	q_mu = 4.21056	q_A  = 3.13409	Pmu = 0.01902	1-Pb  = 0.38055	CLs  = 0.04999
AsymptoticLimits.cc[337] : (in function: getCLs) - At r = 4.803206:	q_mu = 4.21000	q_A  = 3.13367	Pmu = 0.01903	1-Pb  = 0.38056	CLs  = 0.05000
AsymptoticLimits.cc[337] : (in function: getCLs) - At r = 4.803472:	q_mu = 4.21015	q_A  = 3.13380	Pmu = 0.01903	1-Pb  = 0.38056	CLs  = 0.05000
AsymptoticLimits.cc[337] : (in function: getCLs) - At r = 4.803337:	q_mu = 4.21006	q_A  = 3.13372	Pmu = 0.01903	1-Pb  = 0.38056	CLs  = 0.05000
AsymptoticLimits.cc[337] : (in function: getCLs) - At r = 4.803403:	q_mu = 4.21010	q_A  = 3.13376	Pmu = 0.01903	1-Pb  = 0.38056	CLs  = 0.05000
AsymptoticLimits.cc[337] : (in function: getCLs) - At r = 4.803380:	q_mu = 4.21018	q_A  = 3.13376	Pmu = 0.01903	1-Pb  = 0.38055	CLs  = 0.05000
AsymptoticLimits.cc[337] : (in function: getCLs) - At r = 4.803358:	q_mu = 4.21010	q_A  = 3.13374	Pmu = 0.01903	1-Pb  = 0.38056	CLs  = 0.05000
