CascadeMinimizer.cc[188] : (in function: improveOnce) - Minimization configured with Type=Minuit2, Algo=Migrad, strategy=0, tolerance=0.1
CascadeMinimizer.cc[215] : (in function: improveOnce) - Minimization finished with status=0
CascadeMinimizer.cc[219] : (in function: improveOnce) - Minimization success! status=0
ToyMCSamplerOpt.cc[146] : (in function: generateAsimov) - Using internal logic for binned/unbinned Asimov dataset generation
ToyMCSamplerOpt.cc[214] : (in function: generateWithHisto) - Generating asimov with histogram for pdf pdf_binpass_LOW_obsOnly: in 3 x-bins
ToyMCSamplerOpt.cc[215] : (in function: generateWithHisto) -  , in 1 y-bins
ToyMCSamplerOpt.cc[146] : (in function: generateAsimov) - Using internal logic for binned/unbinned Asimov dataset generation
ToyMCSamplerOpt.cc[214] : (in function: generateWithHisto) - Generating asimov with histogram for pdf pdf_binpass_SIG_obsOnly: in 1 x-bins
ToyMCSamplerOpt.cc[215] : (in function: generateWithHisto) -  , in 1 y-bins
ToyMCSamplerOpt.cc[146] : (in function: generateAsimov) - Using internal logic for binned/unbinned Asimov dataset generation
ToyMCSamplerOpt.cc[214] : (in function: generateWithHisto) - Generating asimov with histogram for pdf pdf_binpass_HIGH_obsOnly: in 5 x-bins
ToyMCSamplerOpt.cc[215] : (in function: generateWithHisto) -  , in 1 y-bins
ToyMCSamplerOpt.cc[146] : (in function: generateAsimov) - Using internal logic for binned/unbinned Asimov dataset generation
ToyMCSamplerOpt.cc[214] : (in function: generateWithHisto) - Generating asimov with histogram for pdf pdf_binfail_LOW_obsOnly: in 3 x-bins
ToyMCSamplerOpt.cc[215] : (in function: generateWithHisto) -  , in 1 y-bins
ToyMCSamplerOpt.cc[146] : (in function: generateAsimov) - Using internal logic for binned/unbinned Asimov dataset generation
ToyMCSamplerOpt.cc[214] : (in function: generateWithHisto) - Generating asimov with histogram for pdf pdf_binfail_SIG_obsOnly: in 1 x-bins
ToyMCSamplerOpt.cc[215] : (in function: generateWithHisto) -  , in 1 y-bins
ToyMCSamplerOpt.cc[146] : (in function: generateAsimov) - Using internal logic for binned/unbinned Asimov dataset generation
ToyMCSamplerOpt.cc[214] : (in function: generateWithHisto) - Generating asimov with histogram for pdf pdf_binfail_HIGH_obsOnly: in 5 x-bins
ToyMCSamplerOpt.cc[215] : (in function: generateWithHisto) -  , in 1 y-bins
AsymptoticLimits.cc[415] : (in function: runLimitExpected) - [WARNING] Best fit of asimov dataset is at r = 0.136867 (0.006843 times rMax), while it should be at zero
AsymptoticLimits.cc[428] : (in function: runLimitExpected) - Median for expected limits = 0.919922, Sigma for expected limits = 0.469357
AsymptoticLimits.cc[191] : (in function: runLimit) - NLL at global minimum of data = -48.1637 (r=0.000261857)
AsymptoticLimits.cc[211] : (in function: runLimit) - NLL at global minimum of asimov = -49.6539 (r=6.69701e-05)
AsymptoticLimits.cc[337] : (in function: getCLs) - At r = 3.649096:	q_mu = 24.23418	q_A  = 22.55894	Pmu = 0.00000	1-Pb  = 0.43001	CLs  = 0.00000
AsymptoticLimits.cc[337] : (in function: getCLs) - At r = 1.824679:	q_mu = 5.89786	q_A  = 10.23036	Pmu = 0.00758	1-Pb  = 0.77933	CLs  = 0.00973
AsymptoticLimits.cc[337] : (in function: getCLs) - At r = 0.912470:	q_mu = 1.91552	q_A  = 3.92416	Pmu = 0.08318	1-Pb  = 0.72472	CLs  = 0.11477
AsymptoticLimits.cc[337] : (in function: getCLs) - At r = 1.368575:	q_mu = 3.77765	q_A  = 7.03599	Pmu = 0.02597	1-Pb  = 0.76081	CLs  = 0.03414
AsymptoticLimits.cc[337] : (in function: getCLs) - At r = 1.162499:	q_mu = 2.88553	q_A  = 5.61028	Pmu = 0.04469	1-Pb  = 0.74854	CLs  = 0.05970
AsymptoticLimits.cc[337] : (in function: getCLs) - At r = 1.256011:	q_mu = 3.27856	q_A  = 6.25431	Pmu = 0.03510	1-Pb  = 0.75496	CLs  = 0.04649
AsymptoticLimits.cc[337] : (in function: getCLs) - At r = 1.215522:	q_mu = 3.10683	q_A  = 5.97475	Pmu = 0.03898	1-Pb  = 0.75229	CLs  = 0.05182
AsymptoticLimits.cc[337] : (in function: getCLs) - At r = 1.234275:	q_mu = 3.18602	q_A  = 6.10426	Pmu = 0.03714	1-Pb  = 0.75356	CLs  = 0.04928
AsymptoticLimits.cc[337] : (in function: getCLs) - At r = 1.226190:	q_mu = 3.15180	q_A  = 6.04840	Pmu = 0.03792	1-Pb  = 0.75302	CLs  = 0.05036
AsymptoticLimits.cc[337] : (in function: getCLs) - At r = 1.229945:	q_mu = 3.16767	q_A  = 6.07454	Pmu = 0.03755	1-Pb  = 0.75329	CLs  = 0.04985
AsymptoticLimits.cc[337] : (in function: getCLs) - At r = 1.228327:	q_mu = 3.16081	q_A  = 6.06326	Pmu = 0.03771	1-Pb  = 0.75317	CLs  = 0.05007
AsymptoticLimits.cc[337] : (in function: getCLs) - At r = 1.229079:	q_mu = 3.16399	q_A  = 6.06868	Pmu = 0.03764	1-Pb  = 0.75324	CLs  = 0.04997
AsymptoticLimits.cc[337] : (in function: getCLs) - At r = 1.228753:	q_mu = 3.16260	q_A  = 6.06633	Pmu = 0.03767	1-Pb  = 0.75321	CLs  = 0.05001
AsymptoticLimits.cc[337] : (in function: getCLs) - At r = 1.228905:	q_mu = 3.16324	q_A  = 6.06734	Pmu = 0.03766	1-Pb  = 0.75322	CLs  = 0.04999
AsymptoticLimits.cc[337] : (in function: getCLs) - At r = 1.228842:	q_mu = 3.16297	q_A  = 6.06688	Pmu = 0.03766	1-Pb  = 0.75321	CLs  = 0.05000
AsymptoticLimits.cc[337] : (in function: getCLs) - At r = 1.228874:	q_mu = 3.16310	q_A  = 6.06707	Pmu = 0.03766	1-Pb  = 0.75321	CLs  = 0.05000
AsymptoticLimits.cc[337] : (in function: getCLs) - At r = 1.228863:	q_mu = 3.16304	q_A  = 6.06697	Pmu = 0.03766	1-Pb  = 0.75321	CLs  = 0.05000
AsymptoticLimits.cc[337] : (in function: getCLs) - At r = 1.228868:	q_mu = 3.16306	q_A  = 6.06699	Pmu = 0.03766	1-Pb  = 0.75321	CLs  = 0.05000
