CascadeMinimizer.cc[188] : (in function: improveOnce) - Minimization configured with Type=Minuit2, Algo=Migrad, strategy=0, tolerance=0.1
CascadeMinimizer.cc[215] : (in function: improveOnce) - Minimization finished with status=0
CascadeMinimizer.cc[219] : (in function: improveOnce) - Minimization success! status=0
ToyMCSamplerOpt.cc[146] : (in function: generateAsimov) - Using internal logic for binned/unbinned Asimov dataset generation
ToyMCSamplerOpt.cc[214] : (in function: generateWithHisto) - Generating asimov with histogram for pdf pdf_binpass_LOW_obsOnly: in 3 x-bins
ToyMCSamplerOpt.cc[215] : (in function: generateWithHisto) -  , in 1 y-bins
ToyMCSamplerOpt.cc[146] : (in function: generateAsimov) - Using internal logic for binned/unbinned Asimov dataset generation
ToyMCSamplerOpt.cc[214] : (in function: generateWithHisto) - Generating asimov with histogram for pdf pdf_binpass_SIG_obsOnly: in 1 x-bins
ToyMCSamplerOpt.cc[215] : (in function: generateWithHisto) -  , in 1 y-bins
ToyMCSamplerOpt.cc[146] : (in function: generateAsimov) - Using internal logic for binned/unbinned Asimov dataset generation
ToyMCSamplerOpt.cc[214] : (in function: generateWithHisto) - Generating asimov with histogram for pdf pdf_binpass_HIGH_obsOnly: in 5 x-bins
ToyMCSamplerOpt.cc[215] : (in function: generateWithHisto) -  , in 1 y-bins
ToyMCSamplerOpt.cc[146] : (in function: generateAsimov) - Using internal logic for binned/unbinned Asimov dataset generation
ToyMCSamplerOpt.cc[214] : (in function: generateWithHisto) - Generating asimov with histogram for pdf pdf_binfail_LOW_obsOnly: in 3 x-bins
ToyMCSamplerOpt.cc[215] : (in function: generateWithHisto) -  , in 1 y-bins
ToyMCSamplerOpt.cc[146] : (in function: generateAsimov) - Using internal logic for binned/unbinned Asimov dataset generation
ToyMCSamplerOpt.cc[214] : (in function: generateWithHisto) - Generating asimov with histogram for pdf pdf_binfail_SIG_obsOnly: in 1 x-bins
ToyMCSamplerOpt.cc[215] : (in function: generateWithHisto) -  , in 1 y-bins
ToyMCSamplerOpt.cc[146] : (in function: generateAsimov) - Using internal logic for binned/unbinned Asimov dataset generation
ToyMCSamplerOpt.cc[214] : (in function: generateWithHisto) - Generating asimov with histogram for pdf pdf_binfail_HIGH_obsOnly: in 5 x-bins
ToyMCSamplerOpt.cc[215] : (in function: generateWithHisto) -  , in 1 y-bins
AsymptoticLimits.cc[428] : (in function: runLimitExpected) - Median for expected limits = 0.283203, Sigma for expected limits = 0.144494
AsymptoticLimits.cc[191] : (in function: runLimit) - NLL at global minimum of data = -924.666 (r=2.33914e-09)
AsymptoticLimits.cc[211] : (in function: runLimit) - NLL at global minimum of asimov = -923.522 (r=1.34099e-08)
AsymptoticLimits.cc[337] : (in function: getCLs) - At r = 1.200000:	q_mu = 24.24033	q_A  = 20.04671	Pmu = 0.00000	1-Pb  = 0.31978	CLs  = 0.00000
AsymptoticLimits.cc[337] : (in function: getCLs) - At r = 0.600000:	q_mu = 12.91747	q_A  = 9.58546	Pmu = 0.00014	1-Pb  = 0.29525	CLs  = 0.00047
AsymptoticLimits.cc[337] : (in function: getCLs) - At r = 0.300000:	q_mu = 6.69869	q_A  = 4.14910	Pmu = 0.00387	1-Pb  = 0.26571	CLs  = 0.01458
AsymptoticLimits.cc[337] : (in function: getCLs) - At r = 0.150000:	q_mu = 3.41905	q_A  = 1.58702	Pmu = 0.02347	1-Pb  = 0.23357	CLs  = 0.10047
AsymptoticLimits.cc[337] : (in function: getCLs) - At r = 0.225000:	q_mu = 5.07393	q_A  = 2.83078	Pmu = 0.00941	1-Pb  = 0.25251	CLs  = 0.03726
AsymptoticLimits.cc[337] : (in function: getCLs) - At r = 0.192214:	q_mu = 4.35433	q_A  = 2.27358	Pmu = 0.01398	1-Pb  = 0.24510	CLs  = 0.05704
AsymptoticLimits.cc[337] : (in function: getCLs) - At r = 0.206887:	q_mu = 4.67706	q_A  = 2.52161	Pmu = 0.01171	1-Pb  = 0.24867	CLs  = 0.04707
AsymptoticLimits.cc[337] : (in function: getCLs) - At r = 0.200267:	q_mu = 4.53152	q_A  = 2.40911	Pmu = 0.01268	1-Pb  = 0.24708	CLs  = 0.05132
AsymptoticLimits.cc[337] : (in function: getCLs) - At r = 0.203193:	q_mu = 4.59580	q_A  = 2.45832	Pmu = 0.01224	1-Pb  = 0.24773	CLs  = 0.04940
AsymptoticLimits.cc[337] : (in function: getCLs) - At r = 0.201872:	q_mu = 4.56673	q_A  = 2.43595	Pmu = 0.01244	1-Pb  = 0.24743	CLs  = 0.05026
AsymptoticLimits.cc[337] : (in function: getCLs) - At r = 0.202459:	q_mu = 4.57963	q_A  = 2.44587	Pmu = 0.01235	1-Pb  = 0.24756	CLs  = 0.04988
AsymptoticLimits.cc[337] : (in function: getCLs) - At r = 0.202194:	q_mu = 4.57380	q_A  = 2.44141	Pmu = 0.01239	1-Pb  = 0.24750	CLs  = 0.05005
AsymptoticLimits.cc[337] : (in function: getCLs) - At r = 0.202312:	q_mu = 4.57638	q_A  = 2.44340	Pmu = 0.01237	1-Pb  = 0.24753	CLs  = 0.04998
AsymptoticLimits.cc[337] : (in function: getCLs) - At r = 0.202260:	q_mu = 4.57521	q_A  = 2.44251	Pmu = 0.01238	1-Pb  = 0.24752	CLs  = 0.05001
AsymptoticLimits.cc[337] : (in function: getCLs) - At r = 0.202284:	q_mu = 4.57573	q_A  = 2.44292	Pmu = 0.01238	1-Pb  = 0.24753	CLs  = 0.05000
AsymptoticLimits.cc[337] : (in function: getCLs) - At r = 0.202274:	q_mu = 4.57550	q_A  = 2.44274	Pmu = 0.01238	1-Pb  = 0.24753	CLs  = 0.05000
AsymptoticLimits.cc[337] : (in function: getCLs) - At r = 0.202279:	q_mu = 4.57560	q_A  = 2.44283	Pmu = 0.01238	1-Pb  = 0.24753	CLs  = 0.05000
AsymptoticLimits.cc[337] : (in function: getCLs) - At r = 0.202277:	q_mu = 4.57555	q_A  = 2.44280	Pmu = 0.01238	1-Pb  = 0.24753	CLs  = 0.05000
