CascadeMinimizer.cc[188] : (in function: improveOnce) - Minimization configured with Type=Minuit2, Algo=Migrad, strategy=0, tolerance=0.1
CascadeMinimizer.cc[215] : (in function: improveOnce) - Minimization finished with status=0
CascadeMinimizer.cc[219] : (in function: improveOnce) - Minimization success! status=0
ToyMCSamplerOpt.cc[146] : (in function: generateAsimov) - Using internal logic for binned/unbinned Asimov dataset generation
ToyMCSamplerOpt.cc[214] : (in function: generateWithHisto) - Generating asimov with histogram for pdf pdf_binpass_LOW_obsOnly: in 2 x-bins
ToyMCSamplerOpt.cc[215] : (in function: generateWithHisto) -  , in 1 y-bins
ToyMCSamplerOpt.cc[146] : (in function: generateAsimov) - Using internal logic for binned/unbinned Asimov dataset generation
ToyMCSamplerOpt.cc[214] : (in function: generateWithHisto) - Generating asimov with histogram for pdf pdf_binpass_SIG_obsOnly: in 1 x-bins
ToyMCSamplerOpt.cc[215] : (in function: generateWithHisto) -  , in 1 y-bins
ToyMCSamplerOpt.cc[146] : (in function: generateAsimov) - Using internal logic for binned/unbinned Asimov dataset generation
ToyMCSamplerOpt.cc[214] : (in function: generateWithHisto) - Generating asimov with histogram for pdf pdf_binpass_HIGH_obsOnly: in 9 x-bins
ToyMCSamplerOpt.cc[215] : (in function: generateWithHisto) -  , in 1 y-bins
ToyMCSamplerOpt.cc[146] : (in function: generateAsimov) - Using internal logic for binned/unbinned Asimov dataset generation
ToyMCSamplerOpt.cc[214] : (in function: generateWithHisto) - Generating asimov with histogram for pdf pdf_binfail_LOW_obsOnly: in 2 x-bins
ToyMCSamplerOpt.cc[215] : (in function: generateWithHisto) -  , in 1 y-bins
ToyMCSamplerOpt.cc[146] : (in function: generateAsimov) - Using internal logic for binned/unbinned Asimov dataset generation
ToyMCSamplerOpt.cc[214] : (in function: generateWithHisto) - Generating asimov with histogram for pdf pdf_binfail_SIG_obsOnly: in 1 x-bins
ToyMCSamplerOpt.cc[215] : (in function: generateWithHisto) -  , in 1 y-bins
ToyMCSamplerOpt.cc[146] : (in function: generateAsimov) - Using internal logic for binned/unbinned Asimov dataset generation
ToyMCSamplerOpt.cc[214] : (in function: generateWithHisto) - Generating asimov with histogram for pdf pdf_binfail_HIGH_obsOnly: in 9 x-bins
ToyMCSamplerOpt.cc[215] : (in function: generateWithHisto) -  , in 1 y-bins
AsymptoticLimits.cc[428] : (in function: runLimitExpected) - Median for expected limits = 0.490234, Sigma for expected limits = 0.250124
AsymptoticLimits.cc[191] : (in function: runLimit) - NLL at global minimum of data = -833.63 (r=9.29854e-09)
AsymptoticLimits.cc[211] : (in function: runLimit) - NLL at global minimum of asimov = -832.896 (r=9.1336e-06)
AsymptoticLimits.cc[337] : (in function: getCLs) - At r = 1.200000:	q_mu = 11.59861	q_A  = 11.68942	Pmu = 0.00033	1-Pb  = 0.50531	CLs  = 0.00065
AsymptoticLimits.cc[337] : (in function: getCLs) - At r = 0.600000:	q_mu = 5.73198	q_A  = 5.00873	Pmu = 0.00821	1-Pb  = 0.43582	CLs  = 0.01883
AsymptoticLimits.cc[337] : (in function: getCLs) - At r = 0.300000:	q_mu = 2.83050	q_A  = 1.94935	Pmu = 0.04347	1-Pb  = 0.37617	CLs  = 0.11556
AsymptoticLimits.cc[337] : (in function: getCLs) - At r = 0.470822:	q_mu = 4.47653	q_A  = 3.63861	Pmu = 0.01670	1-Pb  = 0.41308	CLs  = 0.04044
AsymptoticLimits.cc[337] : (in function: getCLs) - At r = 0.409033:	q_mu = 3.87910	q_A  = 3.00899	Pmu = 0.02355	1-Pb  = 0.40098	CLs  = 0.05872
AsymptoticLimits.cc[337] : (in function: getCLs) - At r = 0.442699:	q_mu = 4.20525	q_A  = 3.34910	Pmu = 0.01951	1-Pb  = 0.40753	CLs  = 0.04788
AsymptoticLimits.cc[337] : (in function: getCLs) - At r = 0.430240:	q_mu = 4.08424	q_A  = 3.22237	Pmu = 0.02092	1-Pb  = 0.40514	CLs  = 0.05163
AsymptoticLimits.cc[337] : (in function: getCLs) - At r = 0.436966:	q_mu = 4.14950	q_A  = 3.29066	Pmu = 0.02015	1-Pb  = 0.40644	CLs  = 0.04957
AsymptoticLimits.cc[337] : (in function: getCLs) - At r = 0.434475:	q_mu = 4.12529	q_A  = 3.26531	Pmu = 0.02043	1-Pb  = 0.40596	CLs  = 0.05032
AsymptoticLimits.cc[337] : (in function: getCLs) - At r = 0.435821:	q_mu = 4.13834	q_A  = 3.27898	Pmu = 0.02028	1-Pb  = 0.40622	CLs  = 0.04991
AsymptoticLimits.cc[337] : (in function: getCLs) - At r = 0.435324:	q_mu = 4.13350	q_A  = 3.27397	Pmu = 0.02033	1-Pb  = 0.40613	CLs  = 0.05006
AsymptoticLimits.cc[337] : (in function: getCLs) - At r = 0.435594:	q_mu = 4.13628	q_A  = 3.27667	Pmu = 0.02030	1-Pb  = 0.40616	CLs  = 0.04998
AsymptoticLimits.cc[337] : (in function: getCLs) - At r = 0.435488:	q_mu = 4.13503	q_A  = 3.27557	Pmu = 0.02031	1-Pb  = 0.40616	CLs  = 0.05002
AsymptoticLimits.cc[337] : (in function: getCLs) - At r = 0.435548:	q_mu = 4.13559	q_A  = 3.27614	Pmu = 0.02031	1-Pb  = 0.40617	CLs  = 0.05000
AsymptoticLimits.cc[337] : (in function: getCLs) - At r = 0.435534:	q_mu = 4.13544	q_A  = 3.27599	Pmu = 0.02031	1-Pb  = 0.40616	CLs  = 0.05000
AsymptoticLimits.cc[337] : (in function: getCLs) - At r = 0.435543:	q_mu = 4.13552	q_A  = 3.27607	Pmu = 0.02031	1-Pb  = 0.40617	CLs  = 0.05000
AsymptoticLimits.cc[337] : (in function: getCLs) - At r = 0.435546:	q_mu = 4.13552	q_A  = 3.27608	Pmu = 0.02031	1-Pb  = 0.40617	CLs  = 0.05000
