CascadeMinimizer.cc[188] : (in function: improveOnce) - Minimization configured with Type=Minuit2, Algo=Migrad, strategy=0, tolerance=0.1
CascadeMinimizer.cc[215] : (in function: improveOnce) - Minimization finished with status=0
CascadeMinimizer.cc[219] : (in function: improveOnce) - Minimization success! status=0
ToyMCSamplerOpt.cc[146] : (in function: generateAsimov) - Using internal logic for binned/unbinned Asimov dataset generation
ToyMCSamplerOpt.cc[214] : (in function: generateWithHisto) - Generating asimov with histogram for pdf pdf_binpass_LOW_obsOnly: in 3 x-bins
ToyMCSamplerOpt.cc[215] : (in function: generateWithHisto) -  , in 1 y-bins
ToyMCSamplerOpt.cc[146] : (in function: generateAsimov) - Using internal logic for binned/unbinned Asimov dataset generation
ToyMCSamplerOpt.cc[214] : (in function: generateWithHisto) - Generating asimov with histogram for pdf pdf_binpass_SIG_obsOnly: in 1 x-bins
ToyMCSamplerOpt.cc[215] : (in function: generateWithHisto) -  , in 1 y-bins
ToyMCSamplerOpt.cc[146] : (in function: generateAsimov) - Using internal logic for binned/unbinned Asimov dataset generation
ToyMCSamplerOpt.cc[214] : (in function: generateWithHisto) - Generating asimov with histogram for pdf pdf_binpass_HIGH_obsOnly: in 3 x-bins
ToyMCSamplerOpt.cc[215] : (in function: generateWithHisto) -  , in 1 y-bins
ToyMCSamplerOpt.cc[146] : (in function: generateAsimov) - Using internal logic for binned/unbinned Asimov dataset generation
ToyMCSamplerOpt.cc[214] : (in function: generateWithHisto) - Generating asimov with histogram for pdf pdf_binfail_LOW_obsOnly: in 3 x-bins
ToyMCSamplerOpt.cc[215] : (in function: generateWithHisto) -  , in 1 y-bins
ToyMCSamplerOpt.cc[146] : (in function: generateAsimov) - Using internal logic for binned/unbinned Asimov dataset generation
ToyMCSamplerOpt.cc[214] : (in function: generateWithHisto) - Generating asimov with histogram for pdf pdf_binfail_SIG_obsOnly: in 1 x-bins
ToyMCSamplerOpt.cc[215] : (in function: generateWithHisto) -  , in 1 y-bins
ToyMCSamplerOpt.cc[146] : (in function: generateAsimov) - Using internal logic for binned/unbinned Asimov dataset generation
ToyMCSamplerOpt.cc[214] : (in function: generateWithHisto) - Generating asimov with histogram for pdf pdf_binfail_HIGH_obsOnly: in 3 x-bins
ToyMCSamplerOpt.cc[215] : (in function: generateWithHisto) -  , in 1 y-bins
AsymptoticLimits.cc[428] : (in function: runLimitExpected) - Median for expected limits = 1.30469, Sigma for expected limits = 0.665669
AsymptoticLimits.cc[191] : (in function: runLimit) - NLL at global minimum of data = -692.876 (r=1.86926e-09)
AsymptoticLimits.cc[211] : (in function: runLimit) - NLL at global minimum of asimov = -692.628 (r=3.64899e-06)
AsymptoticLimits.cc[337] : (in function: getCLs) - At r = 1.200000:	q_mu = 1.10799	q_A  = 3.40719	Pmu = 0.14626	1-Pb  = 0.78618	CLs  = 0.18604
AsymptoticLimits.cc[337] : (in function: getCLs) - At r = 2.400000:	q_mu = 4.94908	q_A  = 8.27995	Pmu = 0.01305	1-Pb  = 0.74307	CLs  = 0.01757
AsymptoticLimits.cc[337] : (in function: getCLs) - At r = 1.200000:	q_mu = 1.10796	q_A  = 3.40729	Pmu = 0.14626	1-Pb  = 0.78619	CLs  = 0.18604
AsymptoticLimits.cc[337] : (in function: getCLs) - At r = 1.800000:	q_mu = 2.95640	q_A  = 5.90133	Pmu = 0.04277	1-Pb  = 0.76110	CLs  = 0.05619
AsymptoticLimits.cc[337] : (in function: getCLs) - At r = 1.968204:	q_mu = 3.51201	q_A  = 6.58232	Pmu = 0.03046	1-Pb  = 0.75540	CLs  = 0.04033
AsymptoticLimits.cc[337] : (in function: getCLs) - At r = 1.881004:	q_mu = 3.22324	q_A  = 6.23055	Pmu = 0.03630	1-Pb  = 0.75828	CLs  = 0.04787
AsymptoticLimits.cc[337] : (in function: getCLs) - At r = 1.847215:	q_mu = 3.11179	q_A  = 6.09349	Pmu = 0.03886	1-Pb  = 0.75943	CLs  = 0.05117
AsymptoticLimits.cc[337] : (in function: getCLs) - At r = 1.863381:	q_mu = 3.16504	q_A  = 6.15910	Pmu = 0.03762	1-Pb  = 0.75888	CLs  = 0.04957
AsymptoticLimits.cc[337] : (in function: getCLs) - At r = 1.856624:	q_mu = 3.14274	q_A  = 6.13168	Pmu = 0.03813	1-Pb  = 0.75911	CLs  = 0.05023
AsymptoticLimits.cc[337] : (in function: getCLs) - At r = 1.859861:	q_mu = 3.15340	q_A  = 6.14481	Pmu = 0.03788	1-Pb  = 0.75900	CLs  = 0.04991
AsymptoticLimits.cc[337] : (in function: getCLs) - At r = 1.858512:	q_mu = 3.14895	q_A  = 6.13934	Pmu = 0.03799	1-Pb  = 0.75905	CLs  = 0.05005
AsymptoticLimits.cc[337] : (in function: getCLs) - At r = 1.859160:	q_mu = 3.15108	q_A  = 6.14199	Pmu = 0.03794	1-Pb  = 0.75903	CLs  = 0.04998
AsymptoticLimits.cc[337] : (in function: getCLs) - At r = 1.858891:	q_mu = 3.15019	q_A  = 6.14087	Pmu = 0.03796	1-Pb  = 0.75903	CLs  = 0.05001
AsymptoticLimits.cc[337] : (in function: getCLs) - At r = 1.859021:	q_mu = 3.15061	q_A  = 6.14140	Pmu = 0.03795	1-Pb  = 0.75903	CLs  = 0.05000
AsymptoticLimits.cc[337] : (in function: getCLs) - At r = 1.858971:	q_mu = 3.15043	q_A  = 6.14139	Pmu = 0.03795	1-Pb  = 0.75905	CLs  = 0.05000
AsymptoticLimits.cc[337] : (in function: getCLs) - At r = 1.858995:	q_mu = 3.15051	q_A  = 6.14144	Pmu = 0.03795	1-Pb  = 0.75904	CLs  = 0.05000
AsymptoticLimits.cc[337] : (in function: getCLs) - At r = 1.858984:	q_mu = 3.15047	q_A  = 6.14138	Pmu = 0.03795	1-Pb  = 0.75904	CLs  = 0.05000
AsymptoticLimits.cc[337] : (in function: getCLs) - At r = 1.858990:	q_mu = 3.15049	q_A  = 6.14139	Pmu = 0.03795	1-Pb  = 0.75904	CLs  = 0.05000
