CascadeMinimizer.cc[188] : (in function: improveOnce) - Minimization configured with Type=Minuit2, Algo=Migrad, strategy=0, tolerance=0.1
CascadeMinimizer.cc[215] : (in function: improveOnce) - Minimization finished with status=0
CascadeMinimizer.cc[219] : (in function: improveOnce) - Minimization success! status=0
ToyMCSamplerOpt.cc[146] : (in function: generateAsimov) - Using internal logic for binned/unbinned Asimov dataset generation
ToyMCSamplerOpt.cc[214] : (in function: generateWithHisto) - Generating asimov with histogram for pdf pdf_binpass_LOW_obsOnly: in 3 x-bins
ToyMCSamplerOpt.cc[215] : (in function: generateWithHisto) -  , in 1 y-bins
ToyMCSamplerOpt.cc[146] : (in function: generateAsimov) - Using internal logic for binned/unbinned Asimov dataset generation
ToyMCSamplerOpt.cc[214] : (in function: generateWithHisto) - Generating asimov with histogram for pdf pdf_binpass_SIG_obsOnly: in 1 x-bins
ToyMCSamplerOpt.cc[215] : (in function: generateWithHisto) -  , in 1 y-bins
ToyMCSamplerOpt.cc[146] : (in function: generateAsimov) - Using internal logic for binned/unbinned Asimov dataset generation
ToyMCSamplerOpt.cc[214] : (in function: generateWithHisto) - Generating asimov with histogram for pdf pdf_binpass_HIGH_obsOnly: in 5 x-bins
ToyMCSamplerOpt.cc[215] : (in function: generateWithHisto) -  , in 1 y-bins
ToyMCSamplerOpt.cc[146] : (in function: generateAsimov) - Using internal logic for binned/unbinned Asimov dataset generation
ToyMCSamplerOpt.cc[214] : (in function: generateWithHisto) - Generating asimov with histogram for pdf pdf_binfail_LOW_obsOnly: in 3 x-bins
ToyMCSamplerOpt.cc[215] : (in function: generateWithHisto) -  , in 1 y-bins
ToyMCSamplerOpt.cc[146] : (in function: generateAsimov) - Using internal logic for binned/unbinned Asimov dataset generation
ToyMCSamplerOpt.cc[214] : (in function: generateWithHisto) - Generating asimov with histogram for pdf pdf_binfail_SIG_obsOnly: in 1 x-bins
ToyMCSamplerOpt.cc[215] : (in function: generateWithHisto) -  , in 1 y-bins
ToyMCSamplerOpt.cc[146] : (in function: generateAsimov) - Using internal logic for binned/unbinned Asimov dataset generation
ToyMCSamplerOpt.cc[214] : (in function: generateWithHisto) - Generating asimov with histogram for pdf pdf_binfail_HIGH_obsOnly: in 5 x-bins
ToyMCSamplerOpt.cc[215] : (in function: generateWithHisto) -  , in 1 y-bins
AsymptoticLimits.cc[428] : (in function: runLimitExpected) - Median for expected limits = 0.498047, Sigma for expected limits = 0.25411
AsymptoticLimits.cc[191] : (in function: runLimit) - NLL at global minimum of data = -926.733 (r=1.64958e-08)
AsymptoticLimits.cc[211] : (in function: runLimit) - NLL at global minimum of asimov = -925.478 (r=4.0919e-05)
AsymptoticLimits.cc[337] : (in function: getCLs) - At r = 1.200000:	q_mu = 20.31071	q_A  = 21.03068	Pmu = 0.00000	1-Pb  = 0.53156	CLs  = 0.00001
AsymptoticLimits.cc[337] : (in function: getCLs) - At r = 0.600000:	q_mu = 9.82245	q_A  = 5.31370	Pmu = 0.00051	1-Pb  = 0.16404	CLs  = 0.00313
AsymptoticLimits.cc[337] : (in function: getCLs) - At r = 0.300000:	q_mu = 4.55027	q_A  = 1.49139	Pmu = 0.00669	1-Pb  = 0.10522	CLs  = 0.06356
AsymptoticLimits.cc[337] : (in function: getCLs) - At r = 0.450000:	q_mu = 7.16368	q_A  = 3.20277	Pmu = 0.00189	1-Pb  = 0.13423	CLs  = 0.01407
AsymptoticLimits.cc[337] : (in function: getCLs) - At r = 0.375000:	q_mu = 5.84769	q_A  = 2.27594	Pmu = 0.00355	1-Pb  = 0.11825	CLs  = 0.03000
AsymptoticLimits.cc[337] : (in function: getCLs) - At r = 0.334176:	q_mu = 5.13811	q_A  = 1.82705	Pmu = 0.00499	1-Pb  = 0.11033	CLs  = 0.04524
AsymptoticLimits.cc[337] : (in function: getCLs) - At r = 0.319291:	q_mu = 4.88126	q_A  = 1.67577	Pmu = 0.00566	1-Pb  = 0.10784	CLs  = 0.05249
AsymptoticLimits.cc[337] : (in function: getCLs) - At r = 0.326161:	q_mu = 4.99956	q_A  = 1.74465	Pmu = 0.00534	1-Pb  = 0.10895	CLs  = 0.04902
AsymptoticLimits.cc[337] : (in function: getCLs) - At r = 0.323192:	q_mu = 4.94834	q_A  = 1.71465	Pmu = 0.00548	1-Pb  = 0.10846	CLs  = 0.05049
AsymptoticLimits.cc[337] : (in function: getCLs) - At r = 0.324569:	q_mu = 4.97208	q_A  = 1.72850	Pmu = 0.00541	1-Pb  = 0.10868	CLs  = 0.04980
AsymptoticLimits.cc[337] : (in function: getCLs) - At r = 0.323977:	q_mu = 4.96185	q_A  = 1.72250	Pmu = 0.00544	1-Pb  = 0.10858	CLs  = 0.05010
AsymptoticLimits.cc[337] : (in function: getCLs) - At r = 0.324253:	q_mu = 4.96661	q_A  = 1.72526	Pmu = 0.00543	1-Pb  = 0.10863	CLs  = 0.04996
AsymptoticLimits.cc[337] : (in function: getCLs) - At r = 0.324135:	q_mu = 4.96458	q_A  = 1.72406	Pmu = 0.00543	1-Pb  = 0.10860	CLs  = 0.05002
AsymptoticLimits.cc[337] : (in function: getCLs) - At r = 0.324191:	q_mu = 4.96554	q_A  = 1.72460	Pmu = 0.00543	1-Pb  = 0.10861	CLs  = 0.04999
AsymptoticLimits.cc[337] : (in function: getCLs) - At r = 0.324167:	q_mu = 4.96514	q_A  = 1.72435	Pmu = 0.00543	1-Pb  = 0.10861	CLs  = 0.05000
AsymptoticLimits.cc[337] : (in function: getCLs) - At r = 0.324179:	q_mu = 4.96533	q_A  = 1.72445	Pmu = 0.00543	1-Pb  = 0.10861	CLs  = 0.05000
AsymptoticLimits.cc[337] : (in function: getCLs) - At r = 0.324175:	q_mu = 4.96526	q_A  = 1.72440	Pmu = 0.00543	1-Pb  = 0.10860	CLs  = 0.05000
AsymptoticLimits.cc[337] : (in function: getCLs) - At r = 0.324177:	q_mu = 4.96530	q_A  = 1.72441	Pmu = 0.00543	1-Pb  = 0.10860	CLs  = 0.05000
