CascadeMinimizer.cc[188] : (in function: improveOnce) - Minimization configured with Type=Minuit2, Algo=Migrad, strategy=0, tolerance=0.1
CascadeMinimizer.cc[215] : (in function: improveOnce) - Minimization finished with status=0
CascadeMinimizer.cc[219] : (in function: improveOnce) - Minimization success! status=0
ToyMCSamplerOpt.cc[146] : (in function: generateAsimov) - Using internal logic for binned/unbinned Asimov dataset generation
ToyMCSamplerOpt.cc[214] : (in function: generateWithHisto) - Generating asimov with histogram for pdf pdf_binpass_LOW_obsOnly: in 3 x-bins
ToyMCSamplerOpt.cc[215] : (in function: generateWithHisto) -  , in 1 y-bins
ToyMCSamplerOpt.cc[146] : (in function: generateAsimov) - Using internal logic for binned/unbinned Asimov dataset generation
ToyMCSamplerOpt.cc[214] : (in function: generateWithHisto) - Generating asimov with histogram for pdf pdf_binpass_SIG_obsOnly: in 1 x-bins
ToyMCSamplerOpt.cc[215] : (in function: generateWithHisto) -  , in 1 y-bins
ToyMCSamplerOpt.cc[146] : (in function: generateAsimov) - Using internal logic for binned/unbinned Asimov dataset generation
ToyMCSamplerOpt.cc[214] : (in function: generateWithHisto) - Generating asimov with histogram for pdf pdf_binpass_HIGH_obsOnly: in 10 x-bins
ToyMCSamplerOpt.cc[215] : (in function: generateWithHisto) -  , in 1 y-bins
ToyMCSamplerOpt.cc[146] : (in function: generateAsimov) - Using internal logic for binned/unbinned Asimov dataset generation
ToyMCSamplerOpt.cc[214] : (in function: generateWithHisto) - Generating asimov with histogram for pdf pdf_binfail_LOW_obsOnly: in 3 x-bins
ToyMCSamplerOpt.cc[215] : (in function: generateWithHisto) -  , in 1 y-bins
ToyMCSamplerOpt.cc[146] : (in function: generateAsimov) - Using internal logic for binned/unbinned Asimov dataset generation
ToyMCSamplerOpt.cc[214] : (in function: generateWithHisto) - Generating asimov with histogram for pdf pdf_binfail_SIG_obsOnly: in 1 x-bins
ToyMCSamplerOpt.cc[215] : (in function: generateWithHisto) -  , in 1 y-bins
ToyMCSamplerOpt.cc[146] : (in function: generateAsimov) - Using internal logic for binned/unbinned Asimov dataset generation
ToyMCSamplerOpt.cc[214] : (in function: generateWithHisto) - Generating asimov with histogram for pdf pdf_binfail_HIGH_obsOnly: in 10 x-bins
ToyMCSamplerOpt.cc[215] : (in function: generateWithHisto) -  , in 1 y-bins
AsymptoticLimits.cc[428] : (in function: runLimitExpected) - Median for expected limits = 4.4375, Sigma for expected limits = 2.26407
AsymptoticLimits.cc[191] : (in function: runLimit) - NLL at global minimum of data = -172.595 (r=1.2847e-05)
AsymptoticLimits.cc[211] : (in function: runLimit) - NLL at global minimum of asimov = -174.138 (r=1.44352e-06)
AsymptoticLimits.cc[337] : (in function: getCLs) - At r = 5.857850:	q_mu = 8.79774	q_A  = 6.37850	Pmu = 0.00133	1-Pb  = 0.31599	CLs  = 0.00421
AsymptoticLimits.cc[337] : (in function: getCLs) - At r = 2.928932:	q_mu = 3.06974	q_A  = 1.75708	Pmu = 0.03433	1-Pb  = 0.31025	CLs  = 0.11064
AsymptoticLimits.cc[337] : (in function: getCLs) - At r = 4.393391:	q_mu = 5.65359	q_A  = 3.76447	Pmu = 0.00761	1-Pb  = 0.31319	CLs  = 0.02430
AsymptoticLimits.cc[337] : (in function: getCLs) - At r = 3.542851:	q_mu = 4.07870	q_A  = 2.51831	Pmu = 0.01883	1-Pb  = 0.31149	CLs  = 0.06045
AsymptoticLimits.cc[337] : (in function: getCLs) - At r = 3.854661:	q_mu = 4.63311	q_A  = 2.95034	Pmu = 0.01364	1-Pb  = 0.31212	CLs  = 0.04370
AsymptoticLimits.cc[337] : (in function: getCLs) - At r = 3.688751:	q_mu = 4.33463	q_A  = 2.71670	Pmu = 0.01622	1-Pb  = 0.31178	CLs  = 0.05201
AsymptoticLimits.cc[337] : (in function: getCLs) - At r = 3.751987:	q_mu = 4.44746	q_A  = 2.80474	Pmu = 0.01519	1-Pb  = 0.31191	CLs  = 0.04869
AsymptoticLimits.cc[337] : (in function: getCLs) - At r = 3.718985:	q_mu = 4.38843	q_A  = 2.75863	Pmu = 0.01572	1-Pb  = 0.31184	CLs  = 0.05040
AsymptoticLimits.cc[337] : (in function: getCLs) - At r = 3.731669:	q_mu = 4.41107	q_A  = 2.77630	Pmu = 0.01551	1-Pb  = 0.31187	CLs  = 0.04974
AsymptoticLimits.cc[337] : (in function: getCLs) - At r = 3.725080:	q_mu = 4.39930	q_A  = 2.76711	Pmu = 0.01562	1-Pb  = 0.31186	CLs  = 0.05008
AsymptoticLimits.cc[337] : (in function: getCLs) - At r = 3.727619:	q_mu = 4.40383	q_A  = 2.77065	Pmu = 0.01558	1-Pb  = 0.31186	CLs  = 0.04995
AsymptoticLimits.cc[337] : (in function: getCLs) - At r = 3.726302:	q_mu = 4.40148	q_A  = 2.76881	Pmu = 0.01560	1-Pb  = 0.31186	CLs  = 0.05002
AsymptoticLimits.cc[337] : (in function: getCLs) - At r = 3.726810:	q_mu = 4.40239	q_A  = 2.76952	Pmu = 0.01559	1-Pb  = 0.31186	CLs  = 0.04999
AsymptoticLimits.cc[337] : (in function: getCLs) - At r = 3.726547:	q_mu = 4.40192	q_A  = 2.76915	Pmu = 0.01559	1-Pb  = 0.31186	CLs  = 0.05000
AsymptoticLimits.cc[337] : (in function: getCLs) - At r = 3.726648:	q_mu = 4.40210	q_A  = 2.76930	Pmu = 0.01559	1-Pb  = 0.31186	CLs  = 0.05000
AsymptoticLimits.cc[337] : (in function: getCLs) - At r = 3.726596:	q_mu = 4.40200	q_A  = 2.76922	Pmu = 0.01559	1-Pb  = 0.31186	CLs  = 0.05000
AsymptoticLimits.cc[337] : (in function: getCLs) - At r = 3.726616:	q_mu = 4.40204	q_A  = 2.76925	Pmu = 0.01559	1-Pb  = 0.31186	CLs  = 0.05000
AsymptoticLimits.cc[337] : (in function: getCLs) - At r = 3.726605:	q_mu = 4.40202	q_A  = 2.76924	Pmu = 0.01559	1-Pb  = 0.31186	CLs  = 0.05000
