CascadeMinimizer.cc[188] : (in function: improveOnce) - Minimization configured with Type=Minuit2, Algo=Migrad, strategy=0, tolerance=0.1
CascadeMinimizer.cc[215] : (in function: improveOnce) - Minimization finished with status=0
CascadeMinimizer.cc[219] : (in function: improveOnce) - Minimization success! status=0
ToyMCSamplerOpt.cc[146] : (in function: generateAsimov) - Using internal logic for binned/unbinned Asimov dataset generation
ToyMCSamplerOpt.cc[214] : (in function: generateWithHisto) - Generating asimov with histogram for pdf pdf_binpass_LOW_obsOnly: in 3 x-bins
ToyMCSamplerOpt.cc[215] : (in function: generateWithHisto) -  , in 1 y-bins
ToyMCSamplerOpt.cc[146] : (in function: generateAsimov) - Using internal logic for binned/unbinned Asimov dataset generation
ToyMCSamplerOpt.cc[214] : (in function: generateWithHisto) - Generating asimov with histogram for pdf pdf_binpass_SIG_obsOnly: in 1 x-bins
ToyMCSamplerOpt.cc[215] : (in function: generateWithHisto) -  , in 1 y-bins
ToyMCSamplerOpt.cc[146] : (in function: generateAsimov) - Using internal logic for binned/unbinned Asimov dataset generation
ToyMCSamplerOpt.cc[214] : (in function: generateWithHisto) - Generating asimov with histogram for pdf pdf_binpass_HIGH_obsOnly: in 3 x-bins
ToyMCSamplerOpt.cc[215] : (in function: generateWithHisto) -  , in 1 y-bins
ToyMCSamplerOpt.cc[146] : (in function: generateAsimov) - Using internal logic for binned/unbinned Asimov dataset generation
ToyMCSamplerOpt.cc[214] : (in function: generateWithHisto) - Generating asimov with histogram for pdf pdf_binfail_LOW_obsOnly: in 3 x-bins
ToyMCSamplerOpt.cc[215] : (in function: generateWithHisto) -  , in 1 y-bins
ToyMCSamplerOpt.cc[146] : (in function: generateAsimov) - Using internal logic for binned/unbinned Asimov dataset generation
ToyMCSamplerOpt.cc[214] : (in function: generateWithHisto) - Generating asimov with histogram for pdf pdf_binfail_SIG_obsOnly: in 1 x-bins
ToyMCSamplerOpt.cc[215] : (in function: generateWithHisto) -  , in 1 y-bins
ToyMCSamplerOpt.cc[146] : (in function: generateAsimov) - Using internal logic for binned/unbinned Asimov dataset generation
ToyMCSamplerOpt.cc[214] : (in function: generateWithHisto) - Generating asimov with histogram for pdf pdf_binfail_HIGH_obsOnly: in 3 x-bins
ToyMCSamplerOpt.cc[215] : (in function: generateWithHisto) -  , in 1 y-bins
AsymptoticLimits.cc[428] : (in function: runLimitExpected) - Median for expected limits = 0.84375, Sigma for expected limits = 0.430493
AsymptoticLimits.cc[191] : (in function: runLimit) - NLL at global minimum of data = -8439.17 (r=5.26358e-07)
AsymptoticLimits.cc[211] : (in function: runLimit) - NLL at global minimum of asimov = -8439.18 (r=1.66464e-08)
AsymptoticLimits.cc[337] : (in function: getCLs) - At r = 1.200001:	q_mu = 11.74969	q_A  = 5.76504	Pmu = 0.00013	1-Pb  = 0.10633	CLs  = 0.00125
AsymptoticLimits.cc[337] : (in function: getCLs) - At r = 0.600001:	q_mu = 6.85463	q_A  = 2.48203	Pmu = 0.00152	1-Pb  = 0.08261	CLs  = 0.01843
AsymptoticLimits.cc[337] : (in function: getCLs) - At r = 0.300001:	q_mu = 3.80343	q_A  = 0.90813	Pmu = 0.00672	1-Pb  = 0.06437	CLs  = 0.10435
AsymptoticLimits.cc[337] : (in function: getCLs) - At r = 0.461841:	q_mu = 5.51783	q_A  = 1.72718	Pmu = 0.00292	1-Pb  = 0.07463	CLs  = 0.03916
AsymptoticLimits.cc[337] : (in function: getCLs) - At r = 0.397183:	q_mu = 4.85422	q_A  = 1.38734	Pmu = 0.00403	1-Pb  = 0.07055	CLs  = 0.05712
AsymptoticLimits.cc[337] : (in function: getCLs) - At r = 0.428354:	q_mu = 5.17740	q_A  = 1.54949	Pmu = 0.00345	1-Pb  = 0.07252	CLs  = 0.04751
AsymptoticLimits.cc[337] : (in function: getCLs) - At r = 0.415212:	q_mu = 5.04192	q_A  = 1.48065	Pmu = 0.00368	1-Pb  = 0.07169	CLs  = 0.05132
AsymptoticLimits.cc[337] : (in function: getCLs) - At r = 0.421403:	q_mu = 5.10588	q_A  = 1.51302	Pmu = 0.00357	1-Pb  = 0.07208	CLs  = 0.04949
AsymptoticLimits.cc[337] : (in function: getCLs) - At r = 0.418766:	q_mu = 5.07866	q_A  = 1.49919	Pmu = 0.00361	1-Pb  = 0.07191	CLs  = 0.05026
AsymptoticLimits.cc[337] : (in function: getCLs) - At r = 0.420003:	q_mu = 5.09143	q_A  = 1.50568	Pmu = 0.00359	1-Pb  = 0.07199	CLs  = 0.04990
AsymptoticLimits.cc[337] : (in function: getCLs) - At r = 0.419475:	q_mu = 5.08598	q_A  = 1.50289	Pmu = 0.00360	1-Pb  = 0.07196	CLs  = 0.05005
AsymptoticLimits.cc[337] : (in function: getCLs) - At r = 0.419723:	q_mu = 5.08854	q_A  = 1.50420	Pmu = 0.00360	1-Pb  = 0.07197	CLs  = 0.04998
AsymptoticLimits.cc[337] : (in function: getCLs) - At r = 0.419617:	q_mu = 5.08745	q_A  = 1.50364	Pmu = 0.00360	1-Pb  = 0.07196	CLs  = 0.05001
AsymptoticLimits.cc[337] : (in function: getCLs) - At r = 0.419667:	q_mu = 5.08796	q_A  = 1.50390	Pmu = 0.00360	1-Pb  = 0.07197	CLs  = 0.05000
AsymptoticLimits.cc[337] : (in function: getCLs) - At r = 0.419646:	q_mu = 5.08774	q_A  = 1.50379	Pmu = 0.00360	1-Pb  = 0.07197	CLs  = 0.05000
AsymptoticLimits.cc[337] : (in function: getCLs) - At r = 0.419656:	q_mu = 5.08785	q_A  = 1.50384	Pmu = 0.00360	1-Pb  = 0.07197	CLs  = 0.05000
AsymptoticLimits.cc[337] : (in function: getCLs) - At r = 0.419651:	q_mu = 5.08780	q_A  = 1.50382	Pmu = 0.00360	1-Pb  = 0.07197	CLs  = 0.05000
AsymptoticLimits.cc[337] : (in function: getCLs) - At r = 0.419653:	q_mu = 5.08782	q_A  = 1.50383	Pmu = 0.00360	1-Pb  = 0.07197	CLs  = 0.05000
