CascadeMinimizer.cc[188] : (in function: improveOnce) - Minimization configured with Type=Minuit2, Algo=Migrad, strategy=0, tolerance=0.1
CascadeMinimizer.cc[215] : (in function: improveOnce) - Minimization finished with status=0
CascadeMinimizer.cc[219] : (in function: improveOnce) - Minimization success! status=0
ToyMCSamplerOpt.cc[146] : (in function: generateAsimov) - Using internal logic for binned/unbinned Asimov dataset generation
ToyMCSamplerOpt.cc[214] : (in function: generateWithHisto) - Generating asimov with histogram for pdf pdf_binpass_LOW_obsOnly: in 2 x-bins
ToyMCSamplerOpt.cc[215] : (in function: generateWithHisto) -  , in 1 y-bins
ToyMCSamplerOpt.cc[146] : (in function: generateAsimov) - Using internal logic for binned/unbinned Asimov dataset generation
ToyMCSamplerOpt.cc[214] : (in function: generateWithHisto) - Generating asimov with histogram for pdf pdf_binpass_SIG_obsOnly: in 1 x-bins
ToyMCSamplerOpt.cc[215] : (in function: generateWithHisto) -  , in 1 y-bins
ToyMCSamplerOpt.cc[146] : (in function: generateAsimov) - Using internal logic for binned/unbinned Asimov dataset generation
ToyMCSamplerOpt.cc[214] : (in function: generateWithHisto) - Generating asimov with histogram for pdf pdf_binpass_HIGH_obsOnly: in 9 x-bins
ToyMCSamplerOpt.cc[215] : (in function: generateWithHisto) -  , in 1 y-bins
ToyMCSamplerOpt.cc[146] : (in function: generateAsimov) - Using internal logic for binned/unbinned Asimov dataset generation
ToyMCSamplerOpt.cc[214] : (in function: generateWithHisto) - Generating asimov with histogram for pdf pdf_binfail_LOW_obsOnly: in 2 x-bins
ToyMCSamplerOpt.cc[215] : (in function: generateWithHisto) -  , in 1 y-bins
ToyMCSamplerOpt.cc[146] : (in function: generateAsimov) - Using internal logic for binned/unbinned Asimov dataset generation
ToyMCSamplerOpt.cc[214] : (in function: generateWithHisto) - Generating asimov with histogram for pdf pdf_binfail_SIG_obsOnly: in 1 x-bins
ToyMCSamplerOpt.cc[215] : (in function: generateWithHisto) -  , in 1 y-bins
ToyMCSamplerOpt.cc[146] : (in function: generateAsimov) - Using internal logic for binned/unbinned Asimov dataset generation
ToyMCSamplerOpt.cc[214] : (in function: generateWithHisto) - Generating asimov with histogram for pdf pdf_binfail_HIGH_obsOnly: in 9 x-bins
ToyMCSamplerOpt.cc[215] : (in function: generateWithHisto) -  , in 1 y-bins
AsymptoticLimits.cc[428] : (in function: runLimitExpected) - Median for expected limits = 0.972656, Sigma for expected limits = 0.496262
AsymptoticLimits.cc[191] : (in function: runLimit) - NLL at global minimum of data = -829.272 (r=1.44222)
AsymptoticLimits.cc[211] : (in function: runLimit) - NLL at global minimum of asimov = -825.592 (r=0.0021647)
AsymptoticLimits.cc[337] : (in function: getCLs) - At r = 3.176143:	q_mu = 4.78899	q_A  = 19.33228	Pmu = 0.01432	1-Pb  = 0.98639	CLs  = 0.01452
AsymptoticLimits.cc[337] : (in function: getCLs) - At r = 2.309183:	q_mu = 1.45968	q_A  = 13.07111	Pmu = 0.11349	1-Pb  = 0.99196	CLs  = 0.11441
AsymptoticLimits.cc[337] : (in function: getCLs) - At r = 2.742663:	q_mu = 2.98615	q_A  = 16.21574	Pmu = 0.04199	1-Pb  = 0.98924	CLs  = 0.04245
AsymptoticLimits.cc[337] : (in function: getCLs) - At r = 2.598685:	q_mu = 2.44207	q_A  = 15.16982	Pmu = 0.05906	1-Pb  = 0.99015	CLs  = 0.05965
AsymptoticLimits.cc[337] : (in function: getCLs) - At r = 2.658416:	q_mu = 2.66384	q_A  = 15.60363	Pmu = 0.05133	1-Pb  = 0.98978	CLs  = 0.05186
AsymptoticLimits.cc[337] : (in function: getCLs) - At r = 2.687537:	q_mu = 2.77401	q_A  = 15.81517	Pmu = 0.04790	1-Pb  = 0.98959	CLs  = 0.04841
AsymptoticLimits.cc[337] : (in function: getCLs) - At r = 2.670754:	q_mu = 2.71035	q_A  = 15.69321	Pmu = 0.04985	1-Pb  = 0.98970	CLs  = 0.05037
AsymptoticLimits.cc[337] : (in function: getCLs) - At r = 2.676592:	q_mu = 2.73243	q_A  = 15.73558	Pmu = 0.04916	1-Pb  = 0.98966	CLs  = 0.04968
AsymptoticLimits.cc[337] : (in function: getCLs) - At r = 2.673239:	q_mu = 2.71973	q_A  = 15.71120	Pmu = 0.04956	1-Pb  = 0.98968	CLs  = 0.05007
AsymptoticLimits.cc[337] : (in function: getCLs) - At r = 2.674410:	q_mu = 2.72416	q_A  = 15.71956	Pmu = 0.04942	1-Pb  = 0.98967	CLs  = 0.04994
AsymptoticLimits.cc[337] : (in function: getCLs) - At r = 2.673740:	q_mu = 2.72162	q_A  = 15.70976	Pmu = 0.04950	1-Pb  = 0.98966	CLs  = 0.05002
AsymptoticLimits.cc[337] : (in function: getCLs) - At r = 2.673980:	q_mu = 2.72252	q_A  = 15.71138	Pmu = 0.04947	1-Pb  = 0.98966	CLs  = 0.04999
AsymptoticLimits.cc[337] : (in function: getCLs) - At r = 2.673849:	q_mu = 2.72202	q_A  = 15.71042	Pmu = 0.04949	1-Pb  = 0.98966	CLs  = 0.05000
AsymptoticLimits.cc[337] : (in function: getCLs) - At r = 2.673898:	q_mu = 2.72219	q_A  = 15.71077	Pmu = 0.04948	1-Pb  = 0.98966	CLs  = 0.05000
AsymptoticLimits.cc[337] : (in function: getCLs) - At r = 2.673874:	q_mu = 2.72209	q_A  = 15.71059	Pmu = 0.04948	1-Pb  = 0.98966	CLs  = 0.05000
AsymptoticLimits.cc[337] : (in function: getCLs) - At r = 2.673886:	q_mu = 2.72213	q_A  = 15.71068	Pmu = 0.04948	1-Pb  = 0.98966	CLs  = 0.05000
