CascadeMinimizer.cc[188] : (in function: improveOnce) - Minimization configured with Type=Minuit2, Algo=Migrad, strategy=0, tolerance=0.1
CascadeMinimizer.cc[215] : (in function: improveOnce) - Minimization finished with status=0
CascadeMinimizer.cc[219] : (in function: improveOnce) - Minimization success! status=0
ToyMCSamplerOpt.cc[146] : (in function: generateAsimov) - Using internal logic for binned/unbinned Asimov dataset generation
ToyMCSamplerOpt.cc[214] : (in function: generateWithHisto) - Generating asimov with histogram for pdf pdf_binpass_LOW_obsOnly: in 2 x-bins
ToyMCSamplerOpt.cc[215] : (in function: generateWithHisto) -  , in 1 y-bins
ToyMCSamplerOpt.cc[146] : (in function: generateAsimov) - Using internal logic for binned/unbinned Asimov dataset generation
ToyMCSamplerOpt.cc[214] : (in function: generateWithHisto) - Generating asimov with histogram for pdf pdf_binpass_SIG_obsOnly: in 1 x-bins
ToyMCSamplerOpt.cc[215] : (in function: generateWithHisto) -  , in 1 y-bins
ToyMCSamplerOpt.cc[146] : (in function: generateAsimov) - Using internal logic for binned/unbinned Asimov dataset generation
ToyMCSamplerOpt.cc[214] : (in function: generateWithHisto) - Generating asimov with histogram for pdf pdf_binpass_HIGH_obsOnly: in 9 x-bins
ToyMCSamplerOpt.cc[215] : (in function: generateWithHisto) -  , in 1 y-bins
ToyMCSamplerOpt.cc[146] : (in function: generateAsimov) - Using internal logic for binned/unbinned Asimov dataset generation
ToyMCSamplerOpt.cc[214] : (in function: generateWithHisto) - Generating asimov with histogram for pdf pdf_binfail_LOW_obsOnly: in 2 x-bins
ToyMCSamplerOpt.cc[215] : (in function: generateWithHisto) -  , in 1 y-bins
ToyMCSamplerOpt.cc[146] : (in function: generateAsimov) - Using internal logic for binned/unbinned Asimov dataset generation
ToyMCSamplerOpt.cc[214] : (in function: generateWithHisto) - Generating asimov with histogram for pdf pdf_binfail_SIG_obsOnly: in 1 x-bins
ToyMCSamplerOpt.cc[215] : (in function: generateWithHisto) -  , in 1 y-bins
ToyMCSamplerOpt.cc[146] : (in function: generateAsimov) - Using internal logic for binned/unbinned Asimov dataset generation
ToyMCSamplerOpt.cc[214] : (in function: generateWithHisto) - Generating asimov with histogram for pdf pdf_binfail_HIGH_obsOnly: in 9 x-bins
ToyMCSamplerOpt.cc[215] : (in function: generateWithHisto) -  , in 1 y-bins
AsymptoticLimits.cc[428] : (in function: runLimitExpected) - Median for expected limits = 0.358398, Sigma for expected limits = 0.18286
AsymptoticLimits.cc[191] : (in function: runLimit) - NLL at global minimum of data = -41.5462 (r=2.90644e-07)
AsymptoticLimits.cc[211] : (in function: runLimit) - NLL at global minimum of asimov = -40.6158 (r=0.000323124)
AsymptoticLimits.cc[337] : (in function: getCLs) - At r = 1.200000:	q_mu = 21.32587	q_A  = 19.53698	Pmu = 0.00000	1-Pb  = 0.41982	CLs  = 0.00000
AsymptoticLimits.cc[337] : (in function: getCLs) - At r = 0.600000:	q_mu = 9.57597	q_A  = 8.07902	Pmu = 0.00095	1-Pb  = 0.39615	CLs  = 0.00240
AsymptoticLimits.cc[337] : (in function: getCLs) - At r = 0.300000:	q_mu = 4.02218	q_A  = 2.93642	Pmu = 0.02116	1-Pb  = 0.37569	CLs  = 0.05632
AsymptoticLimits.cc[337] : (in function: getCLs) - At r = 0.450000:	q_mu = 6.71975	q_A  = 5.38608	Pmu = 0.00455	1-Pb  = 0.38693	CLs  = 0.01176
AsymptoticLimits.cc[337] : (in function: getCLs) - At r = 0.375000:	q_mu = 5.34238	q_A  = 4.11925	Pmu = 0.00988	1-Pb  = 0.38158	CLs  = 0.02589
AsymptoticLimits.cc[337] : (in function: getCLs) - At r = 0.324184:	q_mu = 4.43995	q_A  = 3.30641	Pmu = 0.01658	1-Pb  = 0.37764	CLs  = 0.04391
AsymptoticLimits.cc[337] : (in function: getCLs) - At r = 0.314090:	q_mu = 4.26415	q_A  = 3.15033	Pmu = 0.01837	1-Pb  = 0.37685	CLs  = 0.04874
AsymptoticLimits.cc[337] : (in function: getCLs) - At r = 0.309283:	q_mu = 4.16215	q_A  = 3.07671	Pmu = 0.01953	1-Pb  = 0.37850	CLs  = 0.05161
AsymptoticLimits.cc[337] : (in function: getCLs) - At r = 0.311413:	q_mu = 4.19927	q_A  = 3.10924	Pmu = 0.01911	1-Pb  = 0.37863	CLs  = 0.05048
AsymptoticLimits.cc[337] : (in function: getCLs) - At r = 0.312536:	q_mu = 4.21884	q_A  = 3.12638	Pmu = 0.01890	1-Pb  = 0.37869	CLs  = 0.04990
AsymptoticLimits.cc[337] : (in function: getCLs) - At r = 0.312158:	q_mu = 4.21224	q_A  = 3.12054	Pmu = 0.01897	1-Pb  = 0.37866	CLs  = 0.05010
AsymptoticLimits.cc[337] : (in function: getCLs) - At r = 0.312383:	q_mu = 4.21617	q_A  = 3.12396	Pmu = 0.01893	1-Pb  = 0.37867	CLs  = 0.04998
AsymptoticLimits.cc[337] : (in function: getCLs) - At r = 0.312308:	q_mu = 4.21487	q_A  = 3.12274	Pmu = 0.01894	1-Pb  = 0.37866	CLs  = 0.05002
AsymptoticLimits.cc[337] : (in function: getCLs) - At r = 0.312339:	q_mu = 4.21540	q_A  = 3.12312	Pmu = 0.01893	1-Pb  = 0.37865	CLs  = 0.05001
AsymptoticLimits.cc[337] : (in function: getCLs) - At r = 0.312356:	q_mu = 4.21569	q_A  = 3.12334	Pmu = 0.01893	1-Pb  = 0.37864	CLs  = 0.05000
AsymptoticLimits.cc[337] : (in function: getCLs) - At r = 0.312348:	q_mu = 4.21556	q_A  = 3.12319	Pmu = 0.01893	1-Pb  = 0.37864	CLs  = 0.05000
AsymptoticLimits.cc[337] : (in function: getCLs) - At r = 0.312352:	q_mu = 4.21562	q_A  = 3.12322	Pmu = 0.01893	1-Pb  = 0.37864	CLs  = 0.05000
