CascadeMinimizer.cc[188] : (in function: improveOnce) - Minimization configured with Type=Minuit2, Algo=Migrad, strategy=0, tolerance=0.1
CascadeMinimizer.cc[215] : (in function: improveOnce) - Minimization finished with status=0
CascadeMinimizer.cc[219] : (in function: improveOnce) - Minimization success! status=0
ToyMCSamplerOpt.cc[146] : (in function: generateAsimov) - Using internal logic for binned/unbinned Asimov dataset generation
ToyMCSamplerOpt.cc[214] : (in function: generateWithHisto) - Generating asimov with histogram for pdf pdf_binpass_LOW_obsOnly: in 3 x-bins
ToyMCSamplerOpt.cc[215] : (in function: generateWithHisto) -  , in 1 y-bins
ToyMCSamplerOpt.cc[146] : (in function: generateAsimov) - Using internal logic for binned/unbinned Asimov dataset generation
ToyMCSamplerOpt.cc[214] : (in function: generateWithHisto) - Generating asimov with histogram for pdf pdf_binpass_SIG_obsOnly: in 1 x-bins
ToyMCSamplerOpt.cc[215] : (in function: generateWithHisto) -  , in 1 y-bins
ToyMCSamplerOpt.cc[146] : (in function: generateAsimov) - Using internal logic for binned/unbinned Asimov dataset generation
ToyMCSamplerOpt.cc[214] : (in function: generateWithHisto) - Generating asimov with histogram for pdf pdf_binpass_HIGH_obsOnly: in 5 x-bins
ToyMCSamplerOpt.cc[215] : (in function: generateWithHisto) -  , in 1 y-bins
ToyMCSamplerOpt.cc[146] : (in function: generateAsimov) - Using internal logic for binned/unbinned Asimov dataset generation
ToyMCSamplerOpt.cc[214] : (in function: generateWithHisto) - Generating asimov with histogram for pdf pdf_binfail_LOW_obsOnly: in 3 x-bins
ToyMCSamplerOpt.cc[215] : (in function: generateWithHisto) -  , in 1 y-bins
ToyMCSamplerOpt.cc[146] : (in function: generateAsimov) - Using internal logic for binned/unbinned Asimov dataset generation
ToyMCSamplerOpt.cc[214] : (in function: generateWithHisto) - Generating asimov with histogram for pdf pdf_binfail_SIG_obsOnly: in 1 x-bins
ToyMCSamplerOpt.cc[215] : (in function: generateWithHisto) -  , in 1 y-bins
ToyMCSamplerOpt.cc[146] : (in function: generateAsimov) - Using internal logic for binned/unbinned Asimov dataset generation
ToyMCSamplerOpt.cc[214] : (in function: generateWithHisto) - Generating asimov with histogram for pdf pdf_binfail_HIGH_obsOnly: in 5 x-bins
ToyMCSamplerOpt.cc[215] : (in function: generateWithHisto) -  , in 1 y-bins
AsymptoticLimits.cc[428] : (in function: runLimitExpected) - Median for expected limits = 0.373047, Sigma for expected limits = 0.190334
AsymptoticLimits.cc[191] : (in function: runLimit) - NLL at global minimum of data = -51.8148 (r=2.69875e-07)
AsymptoticLimits.cc[211] : (in function: runLimit) - NLL at global minimum of asimov = -51.7587 (r=4.01305e-08)
AsymptoticLimits.cc[337] : (in function: getCLs) - At r = 1.200000:	q_mu = 11.98269	q_A  = 11.62174	Pmu = 0.00027	1-Pb  = 0.47889	CLs  = 0.00056
AsymptoticLimits.cc[337] : (in function: getCLs) - At r = 0.600000:	q_mu = 6.40847	q_A  = 6.10869	Pmu = 0.00567	1-Pb  = 0.47582	CLs  = 0.01191
AsymptoticLimits.cc[337] : (in function: getCLs) - At r = 0.300000:	q_mu = 3.33219	q_A  = 3.09809	Pmu = 0.03388	1-Pb  = 0.47349	CLs  = 0.07155
AsymptoticLimits.cc[337] : (in function: getCLs) - At r = 0.450000:	q_mu = 4.89813	q_A  = 4.62537	Pmu = 0.01341	1-Pb  = 0.47472	CLs  = 0.02825
AsymptoticLimits.cc[337] : (in function: getCLs) - At r = 0.376277:	q_mu = 4.13554	q_A  = 3.87981	Pmu = 0.02094	1-Pb  = 0.47412	CLs  = 0.04417
AsymptoticLimits.cc[337] : (in function: getCLs) - At r = 0.345344:	q_mu = 3.81152	q_A  = 3.56399	Pmu = 0.02539	1-Pb  = 0.47386	CLs  = 0.05357
AsymptoticLimits.cc[337] : (in function: getCLs) - At r = 0.360381:	q_mu = 3.96928	q_A  = 3.71769	Pmu = 0.02311	1-Pb  = 0.47399	CLs  = 0.04876
AsymptoticLimits.cc[337] : (in function: getCLs) - At r = 0.354157:	q_mu = 3.90402	q_A  = 3.65407	Pmu = 0.02402	1-Pb  = 0.47394	CLs  = 0.05069
AsymptoticLimits.cc[337] : (in function: getCLs) - At r = 0.357158:	q_mu = 3.93548	q_A  = 3.68473	Pmu = 0.02358	1-Pb  = 0.47396	CLs  = 0.04975
AsymptoticLimits.cc[337] : (in function: getCLs) - At r = 0.355912:	q_mu = 3.92242	q_A  = 3.67198	Pmu = 0.02376	1-Pb  = 0.47395	CLs  = 0.05014
AsymptoticLimits.cc[337] : (in function: getCLs) - At r = 0.356513:	q_mu = 3.92871	q_A  = 3.67808	Pmu = 0.02367	1-Pb  = 0.47395	CLs  = 0.04995
AsymptoticLimits.cc[337] : (in function: getCLs) - At r = 0.356266:	q_mu = 3.92610	q_A  = 3.67555	Pmu = 0.02371	1-Pb  = 0.47395	CLs  = 0.05003
AsymptoticLimits.cc[337] : (in function: getCLs) - At r = 0.356386:	q_mu = 3.92736	q_A  = 3.67678	Pmu = 0.02369	1-Pb  = 0.47395	CLs  = 0.04999
AsymptoticLimits.cc[337] : (in function: getCLs) - At r = 0.356337:	q_mu = 3.92684	q_A  = 3.67628	Pmu = 0.02370	1-Pb  = 0.47395	CLs  = 0.05001
AsymptoticLimits.cc[337] : (in function: getCLs) - At r = 0.356362:	q_mu = 3.92708	q_A  = 3.67653	Pmu = 0.02370	1-Pb  = 0.47395	CLs  = 0.05000
AsymptoticLimits.cc[337] : (in function: getCLs) - At r = 0.356353:	q_mu = 3.92698	q_A  = 3.67644	Pmu = 0.02370	1-Pb  = 0.47395	CLs  = 0.05000
AsymptoticLimits.cc[337] : (in function: getCLs) - At r = 0.356358:	q_mu = 3.92702	q_A  = 3.67649	Pmu = 0.02370	1-Pb  = 0.47396	CLs  = 0.05000
