CascadeMinimizer.cc[188] : (in function: improveOnce) - Minimization configured with Type=Minuit2, Algo=Migrad, strategy=0, tolerance=0.1
CascadeMinimizer.cc[215] : (in function: improveOnce) - Minimization finished with status=0
CascadeMinimizer.cc[219] : (in function: improveOnce) - Minimization success! status=0
ToyMCSamplerOpt.cc[146] : (in function: generateAsimov) - Using internal logic for binned/unbinned Asimov dataset generation
ToyMCSamplerOpt.cc[214] : (in function: generateWithHisto) - Generating asimov with histogram for pdf pdf_binpass_LOW_obsOnly: in 3 x-bins
ToyMCSamplerOpt.cc[215] : (in function: generateWithHisto) -  , in 1 y-bins
ToyMCSamplerOpt.cc[146] : (in function: generateAsimov) - Using internal logic for binned/unbinned Asimov dataset generation
ToyMCSamplerOpt.cc[214] : (in function: generateWithHisto) - Generating asimov with histogram for pdf pdf_binpass_SIG_obsOnly: in 1 x-bins
ToyMCSamplerOpt.cc[215] : (in function: generateWithHisto) -  , in 1 y-bins
ToyMCSamplerOpt.cc[146] : (in function: generateAsimov) - Using internal logic for binned/unbinned Asimov dataset generation
ToyMCSamplerOpt.cc[214] : (in function: generateWithHisto) - Generating asimov with histogram for pdf pdf_binpass_HIGH_obsOnly: in 5 x-bins
ToyMCSamplerOpt.cc[215] : (in function: generateWithHisto) -  , in 1 y-bins
ToyMCSamplerOpt.cc[146] : (in function: generateAsimov) - Using internal logic for binned/unbinned Asimov dataset generation
ToyMCSamplerOpt.cc[214] : (in function: generateWithHisto) - Generating asimov with histogram for pdf pdf_binfail_LOW_obsOnly: in 3 x-bins
ToyMCSamplerOpt.cc[215] : (in function: generateWithHisto) -  , in 1 y-bins
ToyMCSamplerOpt.cc[146] : (in function: generateAsimov) - Using internal logic for binned/unbinned Asimov dataset generation
ToyMCSamplerOpt.cc[214] : (in function: generateWithHisto) - Generating asimov with histogram for pdf pdf_binfail_SIG_obsOnly: in 1 x-bins
ToyMCSamplerOpt.cc[215] : (in function: generateWithHisto) -  , in 1 y-bins
ToyMCSamplerOpt.cc[146] : (in function: generateAsimov) - Using internal logic for binned/unbinned Asimov dataset generation
ToyMCSamplerOpt.cc[214] : (in function: generateWithHisto) - Generating asimov with histogram for pdf pdf_binfail_HIGH_obsOnly: in 5 x-bins
ToyMCSamplerOpt.cc[215] : (in function: generateWithHisto) -  , in 1 y-bins
AsymptoticLimits.cc[428] : (in function: runLimitExpected) - Median for expected limits = 1.20703, Sigma for expected limits = 0.615844
AsymptoticLimits.cc[191] : (in function: runLimit) - NLL at global minimum of data = -911.155 (r=6.36837e-07)
AsymptoticLimits.cc[211] : (in function: runLimit) - NLL at global minimum of asimov = -910.111 (r=5.81731e-08)
AsymptoticLimits.cc[337] : (in function: getCLs) - At r = 9.092427:	q_mu = 55.24492	q_A  = 46.14811	Pmu = 0.00000	1-Pb  = 0.25157	CLs  = 0.00000
AsymptoticLimits.cc[337] : (in function: getCLs) - At r = 4.546214:	q_mu = 31.81188	q_A  = 23.77996	Pmu = 0.00000	1-Pb  = 0.20510	CLs  = 0.00000
AsymptoticLimits.cc[337] : (in function: getCLs) - At r = 2.273107:	q_mu = 17.10841	q_A  = 10.35467	Pmu = 0.00001	1-Pb  = 0.14699	CLs  = 0.00007
AsymptoticLimits.cc[337] : (in function: getCLs) - At r = 1.136554:	q_mu = 8.65640	q_A  = 3.44740	Pmu = 0.00056	1-Pb  = 0.08035	CLs  = 0.00695
AsymptoticLimits.cc[337] : (in function: getCLs) - At r = 0.568277:	q_mu = 4.20101	q_A  = 0.76865	Pmu = 0.00230	1-Pb  = 0.02514	CLs  = 0.09135
AsymptoticLimits.cc[337] : (in function: getCLs) - At r = 0.852416:	q_mu = 6.43582	q_A  = 1.94096	Pmu = 0.00132	1-Pb  = 0.05336	CLs  = 0.02478
AsymptoticLimits.cc[337] : (in function: getCLs) - At r = 0.730101:	q_mu = 5.47291	q_A  = 1.37872	Pmu = 0.00176	1-Pb  = 0.04063	CLs  = 0.04341
AsymptoticLimits.cc[337] : (in function: getCLs) - At r = 0.673134:	q_mu = 5.02452	q_A  = 1.14330	Pmu = 0.00196	1-Pb  = 0.03477	CLs  = 0.05644
AsymptoticLimits.cc[337] : (in function: getCLs) - At r = 0.705553:	q_mu = 5.28052	q_A  = 1.27483	Pmu = 0.00185	1-Pb  = 0.03804	CLs  = 0.04859
AsymptoticLimits.cc[337] : (in function: getCLs) - At r = 0.694101:	q_mu = 5.18991	q_A  = 1.22758	Pmu = 0.00189	1-Pb  = 0.03688	CLs  = 0.05123
AsymptoticLimits.cc[337] : (in function: getCLs) - At r = 0.700592:	q_mu = 5.24125	q_A  = 1.25421	Pmu = 0.00187	1-Pb  = 0.03753	CLs  = 0.04971
AsymptoticLimits.cc[337] : (in function: getCLs) - At r = 0.698305:	q_mu = 5.22315	q_A  = 1.24475	Pmu = 0.00187	1-Pb  = 0.03730	CLs  = 0.05024
AsymptoticLimits.cc[337] : (in function: getCLs) - At r = 0.699604:	q_mu = 5.23343	q_A  = 1.25008	Pmu = 0.00187	1-Pb  = 0.03743	CLs  = 0.04994
AsymptoticLimits.cc[337] : (in function: getCLs) - At r = 0.699149:	q_mu = 5.22983	q_A  = 1.24817	Pmu = 0.00187	1-Pb  = 0.03738	CLs  = 0.05005
AsymptoticLimits.cc[337] : (in function: getCLs) - At r = 0.699410:	q_mu = 5.23189	q_A  = 1.24922	Pmu = 0.00187	1-Pb  = 0.03740	CLs  = 0.04999
AsymptoticLimits.cc[337] : (in function: getCLs) - At r = 0.699320:	q_mu = 5.23118	q_A  = 1.24883	Pmu = 0.00187	1-Pb  = 0.03739	CLs  = 0.05001
AsymptoticLimits.cc[337] : (in function: getCLs) - At r = 0.699373:	q_mu = 5.23160	q_A  = 1.24903	Pmu = 0.00187	1-Pb  = 0.03739	CLs  = 0.05000
AsymptoticLimits.cc[337] : (in function: getCLs) - At r = 0.699356:	q_mu = 5.23147	q_A  = 1.24894	Pmu = 0.00187	1-Pb  = 0.03739	CLs  = 0.05000
AsymptoticLimits.cc[337] : (in function: getCLs) - At r = 0.699364:	q_mu = 5.23153	q_A  = 1.24896	Pmu = 0.00187	1-Pb  = 0.03739	CLs  = 0.05000
AsymptoticLimits.cc[337] : (in function: getCLs) - At r = 0.699368:	q_mu = 5.23156	q_A  = 1.24896	Pmu = 0.00187	1-Pb  = 0.03739	CLs  = 0.05000
