CascadeMinimizer.cc[188] : (in function: improveOnce) - Minimization configured with Type=Minuit2, Algo=Migrad, strategy=0, tolerance=0.1
CascadeMinimizer.cc[215] : (in function: improveOnce) - Minimization finished with status=0
CascadeMinimizer.cc[219] : (in function: improveOnce) - Minimization success! status=0
ToyMCSamplerOpt.cc[146] : (in function: generateAsimov) - Using internal logic for binned/unbinned Asimov dataset generation
ToyMCSamplerOpt.cc[214] : (in function: generateWithHisto) - Generating asimov with histogram for pdf pdf_binpass_LOW_obsOnly: in 2 x-bins
ToyMCSamplerOpt.cc[215] : (in function: generateWithHisto) -  , in 1 y-bins
ToyMCSamplerOpt.cc[146] : (in function: generateAsimov) - Using internal logic for binned/unbinned Asimov dataset generation
ToyMCSamplerOpt.cc[214] : (in function: generateWithHisto) - Generating asimov with histogram for pdf pdf_binpass_SIG_obsOnly: in 1 x-bins
ToyMCSamplerOpt.cc[215] : (in function: generateWithHisto) -  , in 1 y-bins
ToyMCSamplerOpt.cc[146] : (in function: generateAsimov) - Using internal logic for binned/unbinned Asimov dataset generation
ToyMCSamplerOpt.cc[214] : (in function: generateWithHisto) - Generating asimov with histogram for pdf pdf_binpass_HIGH_obsOnly: in 9 x-bins
ToyMCSamplerOpt.cc[215] : (in function: generateWithHisto) -  , in 1 y-bins
ToyMCSamplerOpt.cc[146] : (in function: generateAsimov) - Using internal logic for binned/unbinned Asimov dataset generation
ToyMCSamplerOpt.cc[214] : (in function: generateWithHisto) - Generating asimov with histogram for pdf pdf_binfail_LOW_obsOnly: in 2 x-bins
ToyMCSamplerOpt.cc[215] : (in function: generateWithHisto) -  , in 1 y-bins
ToyMCSamplerOpt.cc[146] : (in function: generateAsimov) - Using internal logic for binned/unbinned Asimov dataset generation
ToyMCSamplerOpt.cc[214] : (in function: generateWithHisto) - Generating asimov with histogram for pdf pdf_binfail_SIG_obsOnly: in 1 x-bins
ToyMCSamplerOpt.cc[215] : (in function: generateWithHisto) -  , in 1 y-bins
ToyMCSamplerOpt.cc[146] : (in function: generateAsimov) - Using internal logic for binned/unbinned Asimov dataset generation
ToyMCSamplerOpt.cc[214] : (in function: generateWithHisto) - Generating asimov with histogram for pdf pdf_binfail_HIGH_obsOnly: in 9 x-bins
ToyMCSamplerOpt.cc[215] : (in function: generateWithHisto) -  , in 1 y-bins
AsymptoticLimits.cc[428] : (in function: runLimitExpected) - Median for expected limits = 0.621094, Sigma for expected limits = 0.31689
AsymptoticLimits.cc[191] : (in function: runLimit) - NLL at global minimum of data = -817.572 (r=9.35876e-08)
AsymptoticLimits.cc[211] : (in function: runLimit) - NLL at global minimum of asimov = -817.029 (r=1.34854e-06)
AsymptoticLimits.cc[337] : (in function: getCLs) - At r = 1.200000:	q_mu = 7.10712	q_A  = 7.03587	Pmu = 0.00384	1-Pb  = 0.49464	CLs  = 0.00776
AsymptoticLimits.cc[337] : (in function: getCLs) - At r = 0.600000:	q_mu = 3.75633	q_A  = 3.71659	Pmu = 0.02630	1-Pb  = 0.49589	CLs  = 0.05304
AsymptoticLimits.cc[337] : (in function: getCLs) - At r = 0.900000:	q_mu = 5.47456	q_A  = 5.41831	Pmu = 0.00965	1-Pb  = 0.49518	CLs  = 0.01948
AsymptoticLimits.cc[337] : (in function: getCLs) - At r = 0.674146:	q_mu = 4.18948	q_A  = 4.14565	Pmu = 0.02034	1-Pb  = 0.49571	CLs  = 0.04103
AsymptoticLimits.cc[337] : (in function: getCLs) - At r = 0.628462:	q_mu = 3.92301	q_A  = 3.88193	Pmu = 0.02381	1-Pb  = 0.49584	CLs  = 0.04803
AsymptoticLimits.cc[337] : (in function: getCLs) - At r = 0.613535:	q_mu = 3.83533	q_A  = 3.79529	Pmu = 0.02509	1-Pb  = 0.49590	CLs  = 0.05059
AsymptoticLimits.cc[337] : (in function: getCLs) - At r = 0.619230:	q_mu = 3.86856	q_A  = 3.82836	Pmu = 0.02460	1-Pb  = 0.49590	CLs  = 0.04960
AsymptoticLimits.cc[337] : (in function: getCLs) - At r = 0.616254:	q_mu = 3.84724	q_A  = 3.81107	Pmu = 0.02491	1-Pb  = 0.49630	CLs  = 0.05020
AsymptoticLimits.cc[337] : (in function: getCLs) - At r = 0.617633:	q_mu = 3.85531	q_A  = 3.81907	Pmu = 0.02479	1-Pb  = 0.49630	CLs  = 0.04996
AsymptoticLimits.cc[337] : (in function: getCLs) - At r = 0.617154:	q_mu = 3.85250	q_A  = 3.81628	Pmu = 0.02483	1-Pb  = 0.49630	CLs  = 0.05004
AsymptoticLimits.cc[337] : (in function: getCLs) - At r = 0.617430:	q_mu = 3.85412	q_A  = 3.81788	Pmu = 0.02481	1-Pb  = 0.49630	CLs  = 0.04999
AsymptoticLimits.cc[337] : (in function: getCLs) - At r = 0.617335:	q_mu = 3.85356	q_A  = 3.81732	Pmu = 0.02482	1-Pb  = 0.49630	CLs  = 0.05001
AsymptoticLimits.cc[337] : (in function: getCLs) - At r = 0.617390:	q_mu = 3.85389	q_A  = 3.81764	Pmu = 0.02481	1-Pb  = 0.49630	CLs  = 0.05000
AsymptoticLimits.cc[337] : (in function: getCLs) - At r = 0.617371:	q_mu = 3.85378	q_A  = 3.81753	Pmu = 0.02482	1-Pb  = 0.49630	CLs  = 0.05000
AsymptoticLimits.cc[337] : (in function: getCLs) - At r = 0.617383:	q_mu = 3.85384	q_A  = 3.81759	Pmu = 0.02481	1-Pb  = 0.49630	CLs  = 0.05000
AsymptoticLimits.cc[337] : (in function: getCLs) - At r = 0.617379:	q_mu = 3.85382	q_A  = 3.81756	Pmu = 0.02482	1-Pb  = 0.49630	CLs  = 0.05000
AsymptoticLimits.cc[337] : (in function: getCLs) - At r = 0.617381:	q_mu = 3.85383	q_A  = 3.81757	Pmu = 0.02481	1-Pb  = 0.49630	CLs  = 0.05000
