 <<< Combine >>> 
 <<< v10.0.1 >>>
>>> Random number generator seed is 123456
>>> Method used is FitDiagnostics
Set Default Value of Parameter mask_pass_SIG To : 1
Set Default Value of Parameter mask_pass_HIGH To : 1
Set Default Value of Parameter r To : 1
>>> 2 out of 6 channels masked

>> Found 20 floating parameters
>> The following parameters are protected in the event of negative eigenvalues:
>> Parameter CMS_AN23122_Background_rpf_2x0_par2 does not have a valid stencil and will be dropped
>> Verifying eigenvalues are all positive (iteration 0)
Eigenvalue 18 : -0.000224076
 - -0.733626	CMS_AN23122_Background_rpf_2x0_par3
 - 0.675245	CMS_AN23122_Background_rpf_2x0_par0
 - 0.0763999	CMS_AN23122_Background_rpf_2x0_par1
 - -8.39812e-05	CMS_AN23122_Background_fail_LOW_bin_2-1
 - 5.52483e-05	CMS_AN23122_Background_fail_LOW_bin_1-1
>> Attempt 0 failed, remove the variable with largest eigenvector component...
>> Dropping CMS_AN23122_Background_rpf_2x0_par3 from the hessian
>> Verifying eigenvalues are all positive (iteration 1)
>> All eigenvalues are positive
>> Inverting Hessian...
>> Matrix inverted
>> Note: the following parameters were dropped as their ranges are either too narrow or the parameter has no effect on the NLL:
     - CMS_AN23122_Background_rpf_2x0_par2
>> Note: the following parameters were dropped to make the covariance matrix pos-def:
     - CMS_AN23122_Background_rpf_2x0_par3
 Fit B-only, status = 0, numBadNLL = 0, covariance quality = -1
Running Minos for POI r
>> Found 21 floating parameters
>> The following parameters are protected in the event of negative eigenvalues: r
>> Parameter CMS_AN23122_Background_rpf_2x0_par2 does not have a valid stencil and will be dropped
>> Verifying eigenvalues are all positive (iteration 0)
Eigenvalue 18 : -0.000144421
 - 0.737167	CMS_AN23122_Background_rpf_2x0_par3
 - -0.671525	CMS_AN23122_Background_rpf_2x0_par0
 - -0.0749346	CMS_AN23122_Background_rpf_2x0_par1
 - 0.00347803	CMS_AN23122_Background_fail_HIGH_bin_9-1
 - -0.00340514	r
Eigenvalue 19 : -0.00292851
 - -0.703882	CMS_AN23122_Background_fail_HIGH_bin_9-1
 - 0.699158	r
 - 0.0810992	pT
 - -0.0591323	CMS_AN23122_Background_fail_HIGH_bin_7-1
 - -0.0465074	CMS_AN23122_Background_fail_HIGH_bin_8-1
>> Attempt 0 failed, remove the variable with largest eigenvector component...
>> Dropping CMS_AN23122_Background_fail_HIGH_bin_9-1 from the hessian
>> Verifying eigenvalues are all positive (iteration 1)
Eigenvalue 18 : -0.000144489
 - -0.737175	CMS_AN23122_Background_rpf_2x0_par3
 - 0.671523	CMS_AN23122_Background_rpf_2x0_par0
 - 0.0750288	CMS_AN23122_Background_rpf_2x0_par1
 - -9.99915e-05	r
 - -7.69421e-05	CMS_AN23122_Background_fail_LOW_bin_2-1
>> Attempt 1 failed, remove the variable with largest eigenvector component...
>> Dropping CMS_AN23122_Background_rpf_2x0_par3 from the hessian
>> Verifying eigenvalues are all positive (iteration 2)
>> All eigenvalues are positive
>> Inverting Hessian...
>> Matrix inverted
>> Note: the following parameters were dropped as their ranges are either too narrow or the parameter has no effect on the NLL:
     - CMS_AN23122_Background_rpf_2x0_par2
>> Note: the following parameters were dropped to make the covariance matrix pos-def:
     - CMS_AN23122_Background_fail_HIGH_bin_9-1
     - CMS_AN23122_Background_rpf_2x0_par3
Fit S+B, status = 0, numBadNLL = 0, covariance quality = -1

 --- FitDiagnostics ---
Best fit r: 3.08814  -3.08814/+46.9119  (68% CL)
Done in 0.00 min (cpu), 0.00 min (real)
31 log messages saved to combine_logger.out
