CascadeMinimizer.cc[188] : (in function: improveOnce) - Minimization configured with Type=Minuit2, Algo=Migrad, strategy=0, tolerance=0.1
CascadeMinimizer.cc[215] : (in function: improveOnce) - Minimization finished with status=0
CascadeMinimizer.cc[219] : (in function: improveOnce) - Minimization success! status=0
ToyMCSamplerOpt.cc[146] : (in function: generateAsimov) - Using internal logic for binned/unbinned Asimov dataset generation
ToyMCSamplerOpt.cc[214] : (in function: generateWithHisto) - Generating asimov with histogram for pdf pdf_binpass_LOW_obsOnly: in 3 x-bins
ToyMCSamplerOpt.cc[215] : (in function: generateWithHisto) -  , in 1 y-bins
ToyMCSamplerOpt.cc[146] : (in function: generateAsimov) - Using internal logic for binned/unbinned Asimov dataset generation
ToyMCSamplerOpt.cc[214] : (in function: generateWithHisto) - Generating asimov with histogram for pdf pdf_binpass_SIG_obsOnly: in 1 x-bins
ToyMCSamplerOpt.cc[215] : (in function: generateWithHisto) -  , in 1 y-bins
ToyMCSamplerOpt.cc[146] : (in function: generateAsimov) - Using internal logic for binned/unbinned Asimov dataset generation
ToyMCSamplerOpt.cc[214] : (in function: generateWithHisto) - Generating asimov with histogram for pdf pdf_binpass_HIGH_obsOnly: in 5 x-bins
ToyMCSamplerOpt.cc[215] : (in function: generateWithHisto) -  , in 1 y-bins
ToyMCSamplerOpt.cc[146] : (in function: generateAsimov) - Using internal logic for binned/unbinned Asimov dataset generation
ToyMCSamplerOpt.cc[214] : (in function: generateWithHisto) - Generating asimov with histogram for pdf pdf_binfail_LOW_obsOnly: in 3 x-bins
ToyMCSamplerOpt.cc[215] : (in function: generateWithHisto) -  , in 1 y-bins
ToyMCSamplerOpt.cc[146] : (in function: generateAsimov) - Using internal logic for binned/unbinned Asimov dataset generation
ToyMCSamplerOpt.cc[214] : (in function: generateWithHisto) - Generating asimov with histogram for pdf pdf_binfail_SIG_obsOnly: in 1 x-bins
ToyMCSamplerOpt.cc[215] : (in function: generateWithHisto) -  , in 1 y-bins
ToyMCSamplerOpt.cc[146] : (in function: generateAsimov) - Using internal logic for binned/unbinned Asimov dataset generation
ToyMCSamplerOpt.cc[214] : (in function: generateWithHisto) - Generating asimov with histogram for pdf pdf_binfail_HIGH_obsOnly: in 5 x-bins
ToyMCSamplerOpt.cc[215] : (in function: generateWithHisto) -  , in 1 y-bins
AsymptoticLimits.cc[415] : (in function: runLimitExpected) - [WARNING] Best fit of asimov dataset is at r = 0.132744 (0.006637 times rMax), while it should be at zero
AsymptoticLimits.cc[428] : (in function: runLimitExpected) - Median for expected limits = 25.9375, Sigma for expected limits = 13.2337
AsymptoticLimits.cc[191] : (in function: runLimit) - NLL at global minimum of data = -17589.7 (r=9.90433e-08)
AsymptoticLimits.cc[211] : (in function: runLimit) - NLL at global minimum of asimov = -17647.8 (r=0.000731605)
AsymptoticLimits.cc[337] : (in function: getCLs) - At r = 3.776016:	q_mu = 0.00000	q_A  = 0.07546	Pmu = 0.50000	1-Pb  = 0.60823	CLs  = 0.82206
AsymptoticLimits.cc[337] : (in function: getCLs) - At r = 7.552032:	q_mu = 0.00000	q_A  = 0.30612	Pmu = 0.50000	1-Pb  = 0.70996	CLs  = 0.70426
AsymptoticLimits.cc[337] : (in function: getCLs) - At r = 15.104065:	q_mu = 0.00000	q_A  = 1.25791	Pmu = 0.50000	1-Pb  = 0.86898	CLs  = 0.57539
AsymptoticLimits.cc[337] : (in function: getCLs) - At r = 30.208130:	q_mu = 0.00000	q_A  = 5.27249	Pmu = 0.50000	1-Pb  = 0.98917	CLs  = 0.50548
AsymptoticLimits.cc[337] : (in function: getCLs) - At r = 60.416259:	q_mu = 0.00000	q_A  = 26.30632	Pmu = 0.50000	1-Pb  = 1.00000	CLs  = 0.50000
AsymptoticLimits.cc[337] : (in function: getCLs) - At r = 60.416259:	q_mu = 0.00000	q_A  = 26.30632	Pmu = 0.50000	1-Pb  = 1.00000	CLs  = 0.50000
AsymptoticLimits.cc[337] : (in function: getCLs) - At r = 90.624389:	q_mu = 0.00000	q_A  = 63.38298	Pmu = 0.50000	1-Pb  = 1.00000	CLs  = 0.50000
AsymptoticLimits.cc[337] : (in function: getCLs) - At r = 105.728454:	q_mu = 0.00000	q_A  = 84.14239	Pmu = 0.50000	1-Pb  = 1.00000	CLs  = 0.50000
AsymptoticLimits.cc[337] : (in function: getCLs) - At r = 113.280486:	q_mu = 0.00000	q_A  = 94.79246	Pmu = 0.50000	1-Pb  = 1.00000	CLs  = 0.50000
AsymptoticLimits.cc[337] : (in function: getCLs) - At r = 117.056503:	q_mu = 0.00000	q_A  = 100.16481	Pmu = 0.50000	1-Pb  = 1.00000	CLs  = 0.50000
AsymptoticLimits.cc[337] : (in function: getCLs) - At r = 118.944511:	q_mu = 0.00000	q_A  = 102.86751	Pmu = 0.50000	1-Pb  = 1.00000	CLs  = 0.50000
AsymptoticLimits.cc[337] : (in function: getCLs) - At r = 119.888515:	q_mu = 0.00000	q_A  = 104.22693	Pmu = 0.50000	1-Pb  = 1.00000	CLs  = 0.50000
AsymptoticLimits.cc[337] : (in function: getCLs) - At r = 120.360517:	q_mu = 0.00000	q_A  = 104.90863	Pmu = 0.50000	1-Pb  = 1.00000	CLs  = 0.50000
AsymptoticLimits.cc[337] : (in function: getCLs) - At r = 120.596518:	q_mu = 0.00000	q_A  = 105.24997	Pmu = 0.50000	1-Pb  = 1.00000	CLs  = 0.50000
AsymptoticLimits.cc[337] : (in function: getCLs) - At r = 120.714518:	q_mu = 0.00000	q_A  = 105.42076	Pmu = 0.50000	1-Pb  = 1.00000	CLs  = 0.50000
AsymptoticLimits.cc[337] : (in function: getCLs) - At r = 120.773519:	q_mu = 0.00000	q_A  = 105.50619	Pmu = 0.50000	1-Pb  = 1.00000	CLs  = 0.50000
AsymptoticLimits.cc[337] : (in function: getCLs) - At r = 120.803019:	q_mu = 0.00000	q_A  = 105.54891	Pmu = 0.50000	1-Pb  = 1.00000	CLs  = 0.50000
AsymptoticLimits.cc[337] : (in function: getCLs) - At r = 120.817769:	q_mu = 0.00000	q_A  = 105.57027	Pmu = 0.50000	1-Pb  = 1.00000	CLs  = 0.50000
AsymptoticLimits.cc[337] : (in function: getCLs) - At r = 120.825144:	q_mu = 0.00000	q_A  = 105.58096	Pmu = 0.50000	1-Pb  = 1.00000	CLs  = 0.50000
AsymptoticLimits.cc[337] : (in function: getCLs) - At r = 120.828831:	q_mu = 0.00000	q_A  = 105.58630	Pmu = 0.50000	1-Pb  = 1.00000	CLs  = 0.50000
AsymptoticLimits.cc[337] : (in function: getCLs) - At r = 120.830675:	q_mu = 0.00000	q_A  = 105.58897	Pmu = 0.50000	1-Pb  = 1.00000	CLs  = 0.50000
AsymptoticLimits.cc[337] : (in function: getCLs) - At r = 120.831597:	q_mu = 0.00000	q_A  = 105.59030	Pmu = 0.50000	1-Pb  = 1.00000	CLs  = 0.50000
AsymptoticLimits.cc[337] : (in function: getCLs) - At r = 120.832058:	q_mu = 0.00000	q_A  = 105.59097	Pmu = 0.50000	1-Pb  = 1.00000	CLs  = 0.50000
