CascadeMinimizer.cc[188] : (in function: improveOnce) - Minimization configured with Type=Minuit2, Algo=Migrad, strategy=0, tolerance=0.1
CascadeMinimizer.cc[215] : (in function: improveOnce) - Minimization finished with status=0
CascadeMinimizer.cc[219] : (in function: improveOnce) - Minimization success! status=0
ToyMCSamplerOpt.cc[146] : (in function: generateAsimov) - Using internal logic for binned/unbinned Asimov dataset generation
ToyMCSamplerOpt.cc[214] : (in function: generateWithHisto) - Generating asimov with histogram for pdf pdf_binpass_LOW_obsOnly: in 3 x-bins
ToyMCSamplerOpt.cc[215] : (in function: generateWithHisto) -  , in 1 y-bins
ToyMCSamplerOpt.cc[146] : (in function: generateAsimov) - Using internal logic for binned/unbinned Asimov dataset generation
ToyMCSamplerOpt.cc[214] : (in function: generateWithHisto) - Generating asimov with histogram for pdf pdf_binpass_SIG_obsOnly: in 1 x-bins
ToyMCSamplerOpt.cc[215] : (in function: generateWithHisto) -  , in 1 y-bins
ToyMCSamplerOpt.cc[146] : (in function: generateAsimov) - Using internal logic for binned/unbinned Asimov dataset generation
ToyMCSamplerOpt.cc[214] : (in function: generateWithHisto) - Generating asimov with histogram for pdf pdf_binpass_HIGH_obsOnly: in 5 x-bins
ToyMCSamplerOpt.cc[215] : (in function: generateWithHisto) -  , in 1 y-bins
ToyMCSamplerOpt.cc[146] : (in function: generateAsimov) - Using internal logic for binned/unbinned Asimov dataset generation
ToyMCSamplerOpt.cc[214] : (in function: generateWithHisto) - Generating asimov with histogram for pdf pdf_binfail_LOW_obsOnly: in 3 x-bins
ToyMCSamplerOpt.cc[215] : (in function: generateWithHisto) -  , in 1 y-bins
ToyMCSamplerOpt.cc[146] : (in function: generateAsimov) - Using internal logic for binned/unbinned Asimov dataset generation
ToyMCSamplerOpt.cc[214] : (in function: generateWithHisto) - Generating asimov with histogram for pdf pdf_binfail_SIG_obsOnly: in 1 x-bins
ToyMCSamplerOpt.cc[215] : (in function: generateWithHisto) -  , in 1 y-bins
ToyMCSamplerOpt.cc[146] : (in function: generateAsimov) - Using internal logic for binned/unbinned Asimov dataset generation
ToyMCSamplerOpt.cc[214] : (in function: generateWithHisto) - Generating asimov with histogram for pdf pdf_binfail_HIGH_obsOnly: in 5 x-bins
ToyMCSamplerOpt.cc[215] : (in function: generateWithHisto) -  , in 1 y-bins
AsymptoticLimits.cc[428] : (in function: runLimitExpected) - Median for expected limits = 0.515625, Sigma for expected limits = 0.263079
AsymptoticLimits.cc[191] : (in function: runLimit) - NLL at global minimum of data = -763.259 (r=0.00347298)
AsymptoticLimits.cc[211] : (in function: runLimit) - NLL at global minimum of asimov = -762.55 (r=2.92196e-06)
AsymptoticLimits.cc[337] : (in function: getCLs) - At r = 1.203473:	q_mu = 12.11637	q_A  = 9.82168	Pmu = 0.00023	1-Pb  = 0.35714	CLs  = 0.00065
AsymptoticLimits.cc[337] : (in function: getCLs) - At r = 0.603473:	q_mu = 6.12509	q_A  = 4.60495	Pmu = 0.00621	1-Pb  = 0.36160	CLs  = 0.01717
AsymptoticLimits.cc[337] : (in function: getCLs) - At r = 0.303473:	q_mu = 2.83059	q_A  = 2.09640	Pmu = 0.04443	1-Pb  = 0.39993	CLs  = 0.11110
AsymptoticLimits.cc[337] : (in function: getCLs) - At r = 0.466083:	q_mu = 4.64343	q_A  = 3.45665	Pmu = 0.01469	1-Pb  = 0.37480	CLs  = 0.03919
AsymptoticLimits.cc[337] : (in function: getCLs) - At r = 0.403154:	q_mu = 3.94939	q_A  = 2.90656	Pmu = 0.02218	1-Pb  = 0.37986	CLs  = 0.05839
AsymptoticLimits.cc[337] : (in function: getCLs) - At r = 0.435322:	q_mu = 4.30545	q_A  = 3.18477	Pmu = 0.01793	1-Pb  = 0.37677	CLs  = 0.04758
AsymptoticLimits.cc[337] : (in function: getCLs) - At r = 0.422652:	q_mu = 4.16553	q_A  = 3.07440	Pmu = 0.01948	1-Pb  = 0.37784	CLs  = 0.05156
AsymptoticLimits.cc[337] : (in function: getCLs) - At r = 0.429069:	q_mu = 4.23646	q_A  = 3.13018	Pmu = 0.01868	1-Pb  = 0.37728	CLs  = 0.04950
AsymptoticLimits.cc[337] : (in function: getCLs) - At r = 0.426532:	q_mu = 4.20842	q_A  = 3.10809	Pmu = 0.01899	1-Pb  = 0.37750	CLs  = 0.05031
AsymptoticLimits.cc[337] : (in function: getCLs) - At r = 0.427814:	q_mu = 4.22259	q_A  = 3.11925	Pmu = 0.01883	1-Pb  = 0.37738	CLs  = 0.04990
AsymptoticLimits.cc[337] : (in function: getCLs) - At r = 0.427307:	q_mu = 4.21699	q_A  = 3.11484	Pmu = 0.01889	1-Pb  = 0.37743	CLs  = 0.05006
AsymptoticLimits.cc[337] : (in function: getCLs) - At r = 0.427564:	q_mu = 4.21982	q_A  = 3.11707	Pmu = 0.01886	1-Pb  = 0.37741	CLs  = 0.04998
AsymptoticLimits.cc[337] : (in function: getCLs) - At r = 0.427462:	q_mu = 4.21870	q_A  = 3.11619	Pmu = 0.01888	1-Pb  = 0.37741	CLs  = 0.05001
AsymptoticLimits.cc[337] : (in function: getCLs) - At r = 0.427513:	q_mu = 4.21927	q_A  = 3.11663	Pmu = 0.01887	1-Pb  = 0.37741	CLs  = 0.05000
AsymptoticLimits.cc[337] : (in function: getCLs) - At r = 0.427493:	q_mu = 4.21904	q_A  = 3.11646	Pmu = 0.01887	1-Pb  = 0.37741	CLs  = 0.05000
AsymptoticLimits.cc[337] : (in function: getCLs) - At r = 0.427503:	q_mu = 4.21916	q_A  = 3.11655	Pmu = 0.01887	1-Pb  = 0.37741	CLs  = 0.05000
AsymptoticLimits.cc[337] : (in function: getCLs) - At r = 0.427499:	q_mu = 4.21911	q_A  = 3.11651	Pmu = 0.01887	1-Pb  = 0.37741	CLs  = 0.05000
AsymptoticLimits.cc[337] : (in function: getCLs) - At r = 0.427501:	q_mu = 4.21913	q_A  = 3.11653	Pmu = 0.01887	1-Pb  = 0.37741	CLs  = 0.05000
