CascadeMinimizer.cc[188] : (in function: improveOnce) - Minimization configured with Type=Minuit2, Algo=Migrad, strategy=0, tolerance=0.1
CascadeMinimizer.cc[215] : (in function: improveOnce) - Minimization finished with status=0
CascadeMinimizer.cc[219] : (in function: improveOnce) - Minimization success! status=0
ToyMCSamplerOpt.cc[146] : (in function: generateAsimov) - Using internal logic for binned/unbinned Asimov dataset generation
ToyMCSamplerOpt.cc[214] : (in function: generateWithHisto) - Generating asimov with histogram for pdf pdf_binpass_LOW_obsOnly: in 3 x-bins
ToyMCSamplerOpt.cc[215] : (in function: generateWithHisto) -  , in 1 y-bins
ToyMCSamplerOpt.cc[146] : (in function: generateAsimov) - Using internal logic for binned/unbinned Asimov dataset generation
ToyMCSamplerOpt.cc[214] : (in function: generateWithHisto) - Generating asimov with histogram for pdf pdf_binpass_SIG_obsOnly: in 1 x-bins
ToyMCSamplerOpt.cc[215] : (in function: generateWithHisto) -  , in 1 y-bins
ToyMCSamplerOpt.cc[146] : (in function: generateAsimov) - Using internal logic for binned/unbinned Asimov dataset generation
ToyMCSamplerOpt.cc[214] : (in function: generateWithHisto) - Generating asimov with histogram for pdf pdf_binpass_HIGH_obsOnly: in 5 x-bins
ToyMCSamplerOpt.cc[215] : (in function: generateWithHisto) -  , in 1 y-bins
ToyMCSamplerOpt.cc[146] : (in function: generateAsimov) - Using internal logic for binned/unbinned Asimov dataset generation
ToyMCSamplerOpt.cc[214] : (in function: generateWithHisto) - Generating asimov with histogram for pdf pdf_binfail_LOW_obsOnly: in 3 x-bins
ToyMCSamplerOpt.cc[215] : (in function: generateWithHisto) -  , in 1 y-bins
ToyMCSamplerOpt.cc[146] : (in function: generateAsimov) - Using internal logic for binned/unbinned Asimov dataset generation
ToyMCSamplerOpt.cc[214] : (in function: generateWithHisto) - Generating asimov with histogram for pdf pdf_binfail_SIG_obsOnly: in 1 x-bins
ToyMCSamplerOpt.cc[215] : (in function: generateWithHisto) -  , in 1 y-bins
ToyMCSamplerOpt.cc[146] : (in function: generateAsimov) - Using internal logic for binned/unbinned Asimov dataset generation
ToyMCSamplerOpt.cc[214] : (in function: generateWithHisto) - Generating asimov with histogram for pdf pdf_binfail_HIGH_obsOnly: in 5 x-bins
ToyMCSamplerOpt.cc[215] : (in function: generateWithHisto) -  , in 1 y-bins
AsymptoticLimits.cc[428] : (in function: runLimitExpected) - Median for expected limits = 0.996094, Sigma for expected limits = 0.50822
AsymptoticLimits.cc[191] : (in function: runLimit) - NLL at global minimum of data = -914.558 (r=1.42696e-07)
AsymptoticLimits.cc[211] : (in function: runLimit) - NLL at global minimum of asimov = -913.913 (r=1.51453e-06)
AsymptoticLimits.cc[337] : (in function: getCLs) - At r = 1.200000:	q_mu = 6.55475	q_A  = 5.17353	Pmu = 0.00497	1-Pb  = 0.38071	CLs  = 0.01305
AsymptoticLimits.cc[337] : (in function: getCLs) - At r = 0.600000:	q_mu = 2.71736	q_A  = 1.71127	Pmu = 0.04526	1-Pb  = 0.35029	CLs  = 0.12920
AsymptoticLimits.cc[337] : (in function: getCLs) - At r = 0.900000:	q_mu = 4.57349	q_A  = 3.25141	Pmu = 0.01501	1-Pb  = 0.35696	CLs  = 0.04206
AsymptoticLimits.cc[337] : (in function: getCLs) - At r = 0.803002:	q_mu = 3.95742	q_A  = 2.69484	Pmu = 0.02137	1-Pb  = 0.35028	CLs  = 0.06102
AsymptoticLimits.cc[337] : (in function: getCLs) - At r = 0.844529:	q_mu = 4.21887	q_A  = 2.92751	Pmu = 0.01838	1-Pb  = 0.35295	CLs  = 0.05208
AsymptoticLimits.cc[337] : (in function: getCLs) - At r = 0.864090:	q_mu = 4.34330	q_A  = 3.04002	Pmu = 0.01712	1-Pb  = 0.35430	CLs  = 0.04831
AsymptoticLimits.cc[337] : (in function: getCLs) - At r = 0.853026:	q_mu = 4.27283	q_A  = 2.97609	Pmu = 0.01782	1-Pb  = 0.35352	CLs  = 0.05041
AsymptoticLimits.cc[337] : (in function: getCLs) - At r = 0.856947:	q_mu = 4.29779	q_A  = 2.99860	Pmu = 0.01757	1-Pb  = 0.35378	CLs  = 0.04966
AsymptoticLimits.cc[337] : (in function: getCLs) - At r = 0.854737:	q_mu = 4.28371	q_A  = 2.98582	Pmu = 0.01771	1-Pb  = 0.35362	CLs  = 0.05008
AsymptoticLimits.cc[337] : (in function: getCLs) - At r = 0.855524:	q_mu = 4.28873	q_A  = 2.99027	Pmu = 0.01766	1-Pb  = 0.35367	CLs  = 0.04993
AsymptoticLimits.cc[337] : (in function: getCLs) - At r = 0.855085:	q_mu = 4.28593	q_A  = 2.98769	Pmu = 0.01769	1-Pb  = 0.35363	CLs  = 0.05002
AsymptoticLimits.cc[337] : (in function: getCLs) - At r = 0.855246:	q_mu = 4.28695	q_A  = 2.98858	Pmu = 0.01768	1-Pb  = 0.35364	CLs  = 0.04999
AsymptoticLimits.cc[337] : (in function: getCLs) - At r = 0.855159:	q_mu = 4.28640	q_A  = 2.98805	Pmu = 0.01768	1-Pb  = 0.35363	CLs  = 0.05000
AsymptoticLimits.cc[337] : (in function: getCLs) - At r = 0.855193:	q_mu = 4.28662	q_A  = 2.98822	Pmu = 0.01768	1-Pb  = 0.35362	CLs  = 0.05000
AsymptoticLimits.cc[337] : (in function: getCLs) - At r = 0.855177:	q_mu = 4.28652	q_A  = 2.98810	Pmu = 0.01768	1-Pb  = 0.35362	CLs  = 0.05000
AsymptoticLimits.cc[337] : (in function: getCLs) - At r = 0.855185:	q_mu = 4.28657	q_A  = 2.98813	Pmu = 0.01768	1-Pb  = 0.35362	CLs  = 0.05000
AsymptoticLimits.cc[337] : (in function: getCLs) - At r = 0.855183:	q_mu = 4.28656	q_A  = 2.98811	Pmu = 0.01768	1-Pb  = 0.35362	CLs  = 0.05000
