 <<< Combine >>> 
 <<< v10.0.1 >>>
>>> Random number generator seed is 123456
>>> Method used is FitDiagnostics
Set Default Value of Parameter mask_pass_SIG To : 1
Set Default Value of Parameter mask_pass_HIGH To : 1
Set Default Value of Parameter r To : 1
>>> 2 out of 6 channels masked

>> Found 15 floating parameters
>> The following parameters are protected in the event of negative eigenvalues:
>> Verifying eigenvalues are all positive (iteration 0)
Eigenvalue 14 : -0.00464857
 - 0.602838	CMS_EXO26004_Background_rpf_2x0_par3
 - 0.56093	CMS_EXO26004_Background_rpf_2x0_par2
 - -0.499679	CMS_EXO26004_Background_rpf_2x0_par1
 - -0.268819	CMS_EXO26004_Background_rpf_2x0_par0
 - 0.000716954	CMS_EXO26004_Background_fail_LOW_bin_2-1
>> Attempt 0 failed, remove the variable with largest eigenvector component...
>> Dropping CMS_EXO26004_Background_rpf_2x0_par3 from the hessian
>> Verifying eigenvalues are all positive (iteration 1)
>> All eigenvalues are positive
>> Inverting Hessian...
>> Matrix inverted
>> Note: the following parameters were dropped to make the covariance matrix pos-def:
     - CMS_EXO26004_Background_rpf_2x0_par3
 Fit B-only, status = 0, numBadNLL = 0, covariance quality = -1
Running Minos for POI r
>> Found 16 floating parameters
>> The following parameters are protected in the event of negative eigenvalues: r
>> Verifying eigenvalues are all positive (iteration 0)
Eigenvalue 15 : -0.0041651
 - -0.631544	CMS_EXO26004_Background_rpf_2x0_par2
 - -0.543783	CMS_EXO26004_Background_rpf_2x0_par3
 - 0.374782	CMS_EXO26004_Background_rpf_2x0_par1
 - 0.321283	CMS_EXO26004_Background_rpf_2x0_par0
 - 0.224684	r
>> Attempt 0 failed, remove the variable with largest eigenvector component...
>> Dropping CMS_EXO26004_Background_rpf_2x0_par2 from the hessian
>> Verifying eigenvalues are all positive (iteration 1)
Eigenvalue 14 : -0.000757866
 - 0.767537	CMS_EXO26004_Background_rpf_2x0_par3
 - -0.532688	CMS_EXO26004_Background_rpf_2x0_par0
 - -0.307864	CMS_EXO26004_Background_rpf_2x0_par1
 - 0.1715	r
 - -0.0362203	CMS_EXO26004_Background_fail_SIG_bin_1-1
>> Attempt 1 failed, remove the variable with largest eigenvector component...
>> Dropping CMS_EXO26004_Background_rpf_2x0_par3 from the hessian
>> Verifying eigenvalues are all positive (iteration 2)
>> All eigenvalues are positive
>> Inverting Hessian...
>> Matrix inverted
>> Note: the following parameters were dropped to make the covariance matrix pos-def:
     - CMS_EXO26004_Background_rpf_2x0_par2
     - CMS_EXO26004_Background_rpf_2x0_par3
Fit S+B, status = 0, numBadNLL = 0, covariance quality = -1

 --- FitDiagnostics ---
Best fit r: 50  -50/+8.97771e-11  (68% CL)
Done in 0.01 min (cpu), 0.01 min (real)
27 log messages saved to combine_logger.out
