CascadeMinimizer.cc[188] : (in function: improveOnce) - Minimization configured with Type=Minuit2, Algo=Migrad, strategy=0, tolerance=0.1
CascadeMinimizer.cc[215] : (in function: improveOnce) - Minimization finished with status=0
CascadeMinimizer.cc[219] : (in function: improveOnce) - Minimization success! status=0
ToyMCSamplerOpt.cc[146] : (in function: generateAsimov) - Using internal logic for binned/unbinned Asimov dataset generation
ToyMCSamplerOpt.cc[214] : (in function: generateWithHisto) - Generating asimov with histogram for pdf pdf_binpass_LOW_obsOnly: in 3 x-bins
ToyMCSamplerOpt.cc[215] : (in function: generateWithHisto) -  , in 1 y-bins
ToyMCSamplerOpt.cc[146] : (in function: generateAsimov) - Using internal logic for binned/unbinned Asimov dataset generation
ToyMCSamplerOpt.cc[214] : (in function: generateWithHisto) - Generating asimov with histogram for pdf pdf_binpass_SIG_obsOnly: in 1 x-bins
ToyMCSamplerOpt.cc[215] : (in function: generateWithHisto) -  , in 1 y-bins
ToyMCSamplerOpt.cc[146] : (in function: generateAsimov) - Using internal logic for binned/unbinned Asimov dataset generation
ToyMCSamplerOpt.cc[214] : (in function: generateWithHisto) - Generating asimov with histogram for pdf pdf_binpass_HIGH_obsOnly: in 5 x-bins
ToyMCSamplerOpt.cc[215] : (in function: generateWithHisto) -  , in 1 y-bins
ToyMCSamplerOpt.cc[146] : (in function: generateAsimov) - Using internal logic for binned/unbinned Asimov dataset generation
ToyMCSamplerOpt.cc[214] : (in function: generateWithHisto) - Generating asimov with histogram for pdf pdf_binfail_LOW_obsOnly: in 3 x-bins
ToyMCSamplerOpt.cc[215] : (in function: generateWithHisto) -  , in 1 y-bins
ToyMCSamplerOpt.cc[146] : (in function: generateAsimov) - Using internal logic for binned/unbinned Asimov dataset generation
ToyMCSamplerOpt.cc[214] : (in function: generateWithHisto) - Generating asimov with histogram for pdf pdf_binfail_SIG_obsOnly: in 1 x-bins
ToyMCSamplerOpt.cc[215] : (in function: generateWithHisto) -  , in 1 y-bins
ToyMCSamplerOpt.cc[146] : (in function: generateAsimov) - Using internal logic for binned/unbinned Asimov dataset generation
ToyMCSamplerOpt.cc[214] : (in function: generateWithHisto) - Generating asimov with histogram for pdf pdf_binfail_HIGH_obsOnly: in 5 x-bins
ToyMCSamplerOpt.cc[215] : (in function: generateWithHisto) -  , in 1 y-bins
AsymptoticLimits.cc[415] : (in function: runLimitExpected) - [WARNING] Best fit of asimov dataset is at r = 0.103100 (0.005155 times rMax), while it should be at zero
AsymptoticLimits.cc[428] : (in function: runLimitExpected) - Median for expected limits = 18.0938, Sigma for expected limits = 9.23168
AsymptoticLimits.cc[191] : (in function: runLimit) - NLL at global minimum of data = -17646.2 (r=0.0128517)
AsymptoticLimits.cc[211] : (in function: runLimit) - NLL at global minimum of asimov = -17643.9 (r=0.0128517)
AsymptoticLimits.cc[337] : (in function: getCLs) - At r = 25.034578:	q_mu = 8.26874	q_A  = 7.52334	Pmu = 0.00200	1-Pb  = 0.44596	CLs  = 0.00448
AsymptoticLimits.cc[337] : (in function: getCLs) - At r = 12.523715:	q_mu = 2.14940	q_A  = 1.79932	Pmu = 0.07053	1-Pb  = 0.44809	CLs  = 0.15739
AsymptoticLimits.cc[337] : (in function: getCLs) - At r = 18.779147:	q_mu = 4.69311	q_A  = 4.14615	Pmu = 0.01498	1-Pb  = 0.44658	CLs  = 0.03355
AsymptoticLimits.cc[337] : (in function: getCLs) - At r = 15.651431:	q_mu = 3.29366	q_A  = 2.84663	Pmu = 0.03440	1-Pb  = 0.44730	CLs  = 0.07692
AsymptoticLimits.cc[337] : (in function: getCLs) - At r = 16.950424:	q_mu = 3.84365	q_A  = 3.35549	Pmu = 0.02470	1-Pb  = 0.44700	CLs  = 0.05527
AsymptoticLimits.cc[337] : (in function: getCLs) - At r = 17.609769:	q_mu = 4.13972	q_A  = 3.63045	Pmu = 0.02072	1-Pb  = 0.44684	CLs  = 0.04638
AsymptoticLimits.cc[337] : (in function: getCLs) - At r = 17.251752:	q_mu = 3.97750	q_A  = 3.47968	Pmu = 0.02281	1-Pb  = 0.44692	CLs  = 0.05105
AsymptoticLimits.cc[337] : (in function: getCLs) - At r = 17.385200:	q_mu = 4.03772	q_A  = 3.53564	Pmu = 0.02201	1-Pb  = 0.44690	CLs  = 0.04926
AsymptoticLimits.cc[337] : (in function: getCLs) - At r = 17.313745:	q_mu = 4.00538	q_A  = 3.50558	Pmu = 0.02244	1-Pb  = 0.44691	CLs  = 0.05021
AsymptoticLimits.cc[337] : (in function: getCLs) - At r = 17.340543:	q_mu = 4.01745	q_A  = 3.51679	Pmu = 0.02228	1-Pb  = 0.44690	CLs  = 0.04985
AsymptoticLimits.cc[337] : (in function: getCLs) - At r = 17.326312:	q_mu = 4.01102	q_A  = 3.51082	Pmu = 0.02236	1-Pb  = 0.44691	CLs  = 0.05004
AsymptoticLimits.cc[337] : (in function: getCLs) - At r = 17.331705:	q_mu = 4.01345	q_A  = 3.51307	Pmu = 0.02233	1-Pb  = 0.44691	CLs  = 0.04997
AsymptoticLimits.cc[337] : (in function: getCLs) - At r = 17.328868:	q_mu = 4.01216	q_A  = 3.51188	Pmu = 0.02235	1-Pb  = 0.44691	CLs  = 0.05001
AsymptoticLimits.cc[337] : (in function: getCLs) - At r = 17.329955:	q_mu = 4.01265	q_A  = 3.51233	Pmu = 0.02234	1-Pb  = 0.44691	CLs  = 0.04999
AsymptoticLimits.cc[337] : (in function: getCLs) - At r = 17.329393:	q_mu = 4.01239	q_A  = 3.51209	Pmu = 0.02235	1-Pb  = 0.44691	CLs  = 0.05000
AsymptoticLimits.cc[337] : (in function: getCLs) - At r = 17.329616:	q_mu = 4.01249	q_A  = 3.51218	Pmu = 0.02234	1-Pb  = 0.44691	CLs  = 0.05000
AsymptoticLimits.cc[337] : (in function: getCLs) - At r = 17.329507:	q_mu = 4.01244	q_A  = 3.51214	Pmu = 0.02235	1-Pb  = 0.44691	CLs  = 0.05000
AsymptoticLimits.cc[337] : (in function: getCLs) - At r = 17.329555:	q_mu = 4.01246	q_A  = 3.51216	Pmu = 0.02235	1-Pb  = 0.44691	CLs  = 0.05000
