CascadeMinimizer.cc[188] : (in function: improveOnce) - Minimization configured with Type=Minuit2, Algo=Migrad, strategy=0, tolerance=0.1
CascadeMinimizer.cc[215] : (in function: improveOnce) - Minimization finished with status=0
CascadeMinimizer.cc[219] : (in function: improveOnce) - Minimization success! status=0
ToyMCSamplerOpt.cc[146] : (in function: generateAsimov) - Using internal logic for binned/unbinned Asimov dataset generation
ToyMCSamplerOpt.cc[214] : (in function: generateWithHisto) - Generating asimov with histogram for pdf pdf_binpass_LOW_obsOnly: in 2 x-bins
ToyMCSamplerOpt.cc[215] : (in function: generateWithHisto) -  , in 1 y-bins
ToyMCSamplerOpt.cc[146] : (in function: generateAsimov) - Using internal logic for binned/unbinned Asimov dataset generation
ToyMCSamplerOpt.cc[214] : (in function: generateWithHisto) - Generating asimov with histogram for pdf pdf_binpass_SIG_obsOnly: in 1 x-bins
ToyMCSamplerOpt.cc[215] : (in function: generateWithHisto) -  , in 1 y-bins
ToyMCSamplerOpt.cc[146] : (in function: generateAsimov) - Using internal logic for binned/unbinned Asimov dataset generation
ToyMCSamplerOpt.cc[214] : (in function: generateWithHisto) - Generating asimov with histogram for pdf pdf_binpass_HIGH_obsOnly: in 9 x-bins
ToyMCSamplerOpt.cc[215] : (in function: generateWithHisto) -  , in 1 y-bins
ToyMCSamplerOpt.cc[146] : (in function: generateAsimov) - Using internal logic for binned/unbinned Asimov dataset generation
ToyMCSamplerOpt.cc[214] : (in function: generateWithHisto) - Generating asimov with histogram for pdf pdf_binfail_LOW_obsOnly: in 2 x-bins
ToyMCSamplerOpt.cc[215] : (in function: generateWithHisto) -  , in 1 y-bins
ToyMCSamplerOpt.cc[146] : (in function: generateAsimov) - Using internal logic for binned/unbinned Asimov dataset generation
ToyMCSamplerOpt.cc[214] : (in function: generateWithHisto) - Generating asimov with histogram for pdf pdf_binfail_SIG_obsOnly: in 1 x-bins
ToyMCSamplerOpt.cc[215] : (in function: generateWithHisto) -  , in 1 y-bins
ToyMCSamplerOpt.cc[146] : (in function: generateAsimov) - Using internal logic for binned/unbinned Asimov dataset generation
ToyMCSamplerOpt.cc[214] : (in function: generateWithHisto) - Generating asimov with histogram for pdf pdf_binfail_HIGH_obsOnly: in 9 x-bins
ToyMCSamplerOpt.cc[215] : (in function: generateWithHisto) -  , in 1 y-bins
AsymptoticLimits.cc[428] : (in function: runLimitExpected) - Median for expected limits = 1.74219, Sigma for expected limits = 0.888888
AsymptoticLimits.cc[191] : (in function: runLimit) - NLL at global minimum of data = -546.757 (r=4.57784e-11)
AsymptoticLimits.cc[211] : (in function: runLimit) - NLL at global minimum of asimov = -546.127 (r=1.96464e-06)
AsymptoticLimits.cc[337] : (in function: getCLs) - At r = 1.200000:	q_mu = 3.79710	q_A  = 2.50928	Pmu = 0.02326	1-Pb  = 0.34219	CLs  = 0.06799
AsymptoticLimits.cc[337] : (in function: getCLs) - At r = 2.400000:	q_mu = 7.16428	q_A  = 5.41558	Pmu = 0.00344	1-Pb  = 0.35356	CLs  = 0.00972
AsymptoticLimits.cc[337] : (in function: getCLs) - At r = 1.200000:	q_mu = 3.79709	q_A  = 2.50931	Pmu = 0.02326	1-Pb  = 0.34220	CLs  = 0.06799
AsymptoticLimits.cc[337] : (in function: getCLs) - At r = 1.800000:	q_mu = 5.52578	q_A  = 3.97456	Pmu = 0.00859	1-Pb  = 0.34862	CLs  = 0.02465
AsymptoticLimits.cc[337] : (in function: getCLs) - At r = 1.465389:	q_mu = 4.57376	q_A  = 3.15839	Pmu = 0.01480	1-Pb  = 0.34524	CLs  = 0.04287
AsymptoticLimits.cc[337] : (in function: getCLs) - At r = 1.341478:	q_mu = 4.21358	q_A  = 2.85521	Pmu = 0.01823	1-Pb  = 0.34386	CLs  = 0.05303
AsymptoticLimits.cc[337] : (in function: getCLs) - At r = 1.393652:	q_mu = 4.36574	q_A  = 2.98283	Pmu = 0.01669	1-Pb  = 0.34445	CLs  = 0.04846
AsymptoticLimits.cc[337] : (in function: getCLs) - At r = 1.368708:	q_mu = 4.29311	q_A  = 2.92178	Pmu = 0.01741	1-Pb  = 0.34416	CLs  = 0.05059
AsymptoticLimits.cc[337] : (in function: getCLs) - At r = 1.379107:	q_mu = 4.32340	q_A  = 2.94722	Pmu = 0.01711	1-Pb  = 0.34428	CLs  = 0.04969
AsymptoticLimits.cc[337] : (in function: getCLs) - At r = 1.374113:	q_mu = 4.30891	q_A  = 2.93500	Pmu = 0.01725	1-Pb  = 0.34422	CLs  = 0.05012
AsymptoticLimits.cc[337] : (in function: getCLs) - At r = 1.376185:	q_mu = 4.31494	q_A  = 2.94007	Pmu = 0.01719	1-Pb  = 0.34424	CLs  = 0.04994
AsymptoticLimits.cc[337] : (in function: getCLs) - At r = 1.375184:	q_mu = 4.31202	q_A  = 2.93762	Pmu = 0.01722	1-Pb  = 0.34423	CLs  = 0.05002
AsymptoticLimits.cc[337] : (in function: getCLs) - At r = 1.375600:	q_mu = 4.31335	q_A  = 2.93870	Pmu = 0.01721	1-Pb  = 0.34423	CLs  = 0.04998
AsymptoticLimits.cc[337] : (in function: getCLs) - At r = 1.375382:	q_mu = 4.31270	q_A  = 2.93810	Pmu = 0.01721	1-Pb  = 0.34422	CLs  = 0.05000
AsymptoticLimits.cc[337] : (in function: getCLs) - At r = 1.375460:	q_mu = 4.31292	q_A  = 2.93829	Pmu = 0.01721	1-Pb  = 0.34422	CLs  = 0.05000
AsymptoticLimits.cc[337] : (in function: getCLs) - At r = 1.375420:	q_mu = 4.31296	q_A  = 2.93819	Pmu = 0.01721	1-Pb  = 0.34420	CLs  = 0.05000
AsymptoticLimits.cc[337] : (in function: getCLs) - At r = 1.375401:	q_mu = 4.31289	q_A  = 2.93821	Pmu = 0.01721	1-Pb  = 0.34421	CLs  = 0.05000
AsymptoticLimits.cc[337] : (in function: getCLs) - At r = 1.375394:	q_mu = 4.31293	q_A  = 2.93813	Pmu = 0.01721	1-Pb  = 0.34420	CLs  = 0.05000
AsymptoticLimits.cc[337] : (in function: getCLs) - At r = 1.375390:	q_mu = 4.31287	q_A  = 2.93811	Pmu = 0.01721	1-Pb  = 0.34420	CLs  = 0.05000
