CascadeMinimizer.cc[188] : (in function: improveOnce) - Minimization configured with Type=Minuit2, Algo=Migrad, strategy=0, tolerance=0.1
CascadeMinimizer.cc[215] : (in function: improveOnce) - Minimization finished with status=0
CascadeMinimizer.cc[219] : (in function: improveOnce) - Minimization success! status=0
ToyMCSamplerOpt.cc[146] : (in function: generateAsimov) - Using internal logic for binned/unbinned Asimov dataset generation
ToyMCSamplerOpt.cc[214] : (in function: generateWithHisto) - Generating asimov with histogram for pdf pdf_binpass_LOW_obsOnly: in 2 x-bins
ToyMCSamplerOpt.cc[215] : (in function: generateWithHisto) -  , in 1 y-bins
ToyMCSamplerOpt.cc[146] : (in function: generateAsimov) - Using internal logic for binned/unbinned Asimov dataset generation
ToyMCSamplerOpt.cc[214] : (in function: generateWithHisto) - Generating asimov with histogram for pdf pdf_binpass_SIG_obsOnly: in 1 x-bins
ToyMCSamplerOpt.cc[215] : (in function: generateWithHisto) -  , in 1 y-bins
ToyMCSamplerOpt.cc[146] : (in function: generateAsimov) - Using internal logic for binned/unbinned Asimov dataset generation
ToyMCSamplerOpt.cc[214] : (in function: generateWithHisto) - Generating asimov with histogram for pdf pdf_binpass_HIGH_obsOnly: in 9 x-bins
ToyMCSamplerOpt.cc[215] : (in function: generateWithHisto) -  , in 1 y-bins
ToyMCSamplerOpt.cc[146] : (in function: generateAsimov) - Using internal logic for binned/unbinned Asimov dataset generation
ToyMCSamplerOpt.cc[214] : (in function: generateWithHisto) - Generating asimov with histogram for pdf pdf_binfail_LOW_obsOnly: in 2 x-bins
ToyMCSamplerOpt.cc[215] : (in function: generateWithHisto) -  , in 1 y-bins
ToyMCSamplerOpt.cc[146] : (in function: generateAsimov) - Using internal logic for binned/unbinned Asimov dataset generation
ToyMCSamplerOpt.cc[214] : (in function: generateWithHisto) - Generating asimov with histogram for pdf pdf_binfail_SIG_obsOnly: in 1 x-bins
ToyMCSamplerOpt.cc[215] : (in function: generateWithHisto) -  , in 1 y-bins
ToyMCSamplerOpt.cc[146] : (in function: generateAsimov) - Using internal logic for binned/unbinned Asimov dataset generation
ToyMCSamplerOpt.cc[214] : (in function: generateWithHisto) - Generating asimov with histogram for pdf pdf_binfail_HIGH_obsOnly: in 9 x-bins
ToyMCSamplerOpt.cc[215] : (in function: generateWithHisto) -  , in 1 y-bins
AsymptoticLimits.cc[428] : (in function: runLimitExpected) - Median for expected limits = 1.52344, Sigma for expected limits = 0.777278
AsymptoticLimits.cc[191] : (in function: runLimit) - NLL at global minimum of data = -22.4955 (r=7.85344e-07)
AsymptoticLimits.cc[211] : (in function: runLimit) - NLL at global minimum of asimov = -21.979 (r=1.48608e-07)
AsymptoticLimits.cc[337] : (in function: getCLs) - At r = 1.200001:	q_mu = 3.72985	q_A  = 2.99585	Pmu = 0.02601	1-Pb  = 0.41604	CLs  = 0.06253
AsymptoticLimits.cc[337] : (in function: getCLs) - At r = 2.400002:	q_mu = 7.05549	q_A  = 6.07311	Pmu = 0.00386	1-Pb  = 0.42101	CLs  = 0.00918
AsymptoticLimits.cc[337] : (in function: getCLs) - At r = 1.200001:	q_mu = 3.72981	q_A  = 2.99123	Pmu = 0.02601	1-Pb  = 0.41546	CLs  = 0.06260
AsymptoticLimits.cc[337] : (in function: getCLs) - At r = 1.800001:	q_mu = 5.43524	q_A  = 4.55594	Pmu = 0.00963	1-Pb  = 0.41840	CLs  = 0.02302
AsymptoticLimits.cc[337] : (in function: getCLs) - At r = 1.427791:	q_mu = 4.38822	q_A  = 3.58967	Pmu = 0.01763	1-Pb  = 0.41654	CLs  = 0.04232
AsymptoticLimits.cc[337] : (in function: getCLs) - At r = 1.304608:	q_mu = 4.03388	q_A  = 3.26569	Pmu = 0.02171	1-Pb  = 0.41584	CLs  = 0.05221
AsymptoticLimits.cc[337] : (in function: getCLs) - At r = 1.349509:	q_mu = 4.16351	q_A  = 3.38366	Pmu = 0.02011	1-Pb  = 0.41606	CLs  = 0.04834
AsymptoticLimits.cc[337] : (in function: getCLs) - At r = 1.324750:	q_mu = 4.09207	q_A  = 3.31847	Pmu = 0.02098	1-Pb  = 0.41592	CLs  = 0.05043
AsymptoticLimits.cc[337] : (in function: getCLs) - At r = 1.333719:	q_mu = 4.11795	q_A  = 3.34206	Pmu = 0.02066	1-Pb  = 0.41597	CLs  = 0.04966
AsymptoticLimits.cc[337] : (in function: getCLs) - At r = 1.328765:	q_mu = 4.10370	q_A  = 3.32908	Pmu = 0.02083	1-Pb  = 0.41595	CLs  = 0.05008
AsymptoticLimits.cc[337] : (in function: getCLs) - At r = 1.330548:	q_mu = 4.10880	q_A  = 3.33385	Pmu = 0.02077	1-Pb  = 0.41597	CLs  = 0.04993
AsymptoticLimits.cc[337] : (in function: getCLs) - At r = 1.329554:	q_mu = 4.10593	q_A  = 3.33134	Pmu = 0.02081	1-Pb  = 0.41598	CLs  = 0.05002
AsymptoticLimits.cc[337] : (in function: getCLs) - At r = 1.329903:	q_mu = 4.10694	q_A  = 3.33236	Pmu = 0.02079	1-Pb  = 0.41599	CLs  = 0.04998
AsymptoticLimits.cc[337] : (in function: getCLs) - At r = 1.329697:	q_mu = 4.10634	q_A  = 3.33194	Pmu = 0.02080	1-Pb  = 0.41601	CLs  = 0.05000
AsymptoticLimits.cc[337] : (in function: getCLs) - At r = 1.329751:	q_mu = 4.10650	q_A  = 3.33220	Pmu = 0.02080	1-Pb  = 0.41602	CLs  = 0.05000
AsymptoticLimits.cc[337] : (in function: getCLs) - At r = 1.329717:	q_mu = 4.10644	q_A  = 3.33223	Pmu = 0.02080	1-Pb  = 0.41603	CLs  = 0.05000
AsymptoticLimits.cc[337] : (in function: getCLs) - At r = 1.329705:	q_mu = 4.10637	q_A  = 3.33232	Pmu = 0.02080	1-Pb  = 0.41605	CLs  = 0.05000
AsymptoticLimits.cc[337] : (in function: getCLs) - At r = 1.329700:	q_mu = 4.10635	q_A  = 3.33241	Pmu = 0.02080	1-Pb  = 0.41606	CLs  = 0.05000
