CascadeMinimizer.cc[188] : (in function: improveOnce) - Minimization configured with Type=Minuit2, Algo=Migrad, strategy=0, tolerance=0.1
CascadeMinimizer.cc[215] : (in function: improveOnce) - Minimization finished with status=0
CascadeMinimizer.cc[219] : (in function: improveOnce) - Minimization success! status=0
ToyMCSamplerOpt.cc[146] : (in function: generateAsimov) - Using internal logic for binned/unbinned Asimov dataset generation
ToyMCSamplerOpt.cc[214] : (in function: generateWithHisto) - Generating asimov with histogram for pdf pdf_binpass_LOW_obsOnly: in 2 x-bins
ToyMCSamplerOpt.cc[215] : (in function: generateWithHisto) -  , in 1 y-bins
ToyMCSamplerOpt.cc[146] : (in function: generateAsimov) - Using internal logic for binned/unbinned Asimov dataset generation
ToyMCSamplerOpt.cc[214] : (in function: generateWithHisto) - Generating asimov with histogram for pdf pdf_binpass_SIG_obsOnly: in 1 x-bins
ToyMCSamplerOpt.cc[215] : (in function: generateWithHisto) -  , in 1 y-bins
ToyMCSamplerOpt.cc[146] : (in function: generateAsimov) - Using internal logic for binned/unbinned Asimov dataset generation
ToyMCSamplerOpt.cc[214] : (in function: generateWithHisto) - Generating asimov with histogram for pdf pdf_binpass_HIGH_obsOnly: in 9 x-bins
ToyMCSamplerOpt.cc[215] : (in function: generateWithHisto) -  , in 1 y-bins
ToyMCSamplerOpt.cc[146] : (in function: generateAsimov) - Using internal logic for binned/unbinned Asimov dataset generation
ToyMCSamplerOpt.cc[214] : (in function: generateWithHisto) - Generating asimov with histogram for pdf pdf_binfail_LOW_obsOnly: in 2 x-bins
ToyMCSamplerOpt.cc[215] : (in function: generateWithHisto) -  , in 1 y-bins
ToyMCSamplerOpt.cc[146] : (in function: generateAsimov) - Using internal logic for binned/unbinned Asimov dataset generation
ToyMCSamplerOpt.cc[214] : (in function: generateWithHisto) - Generating asimov with histogram for pdf pdf_binfail_SIG_obsOnly: in 1 x-bins
ToyMCSamplerOpt.cc[215] : (in function: generateWithHisto) -  , in 1 y-bins
ToyMCSamplerOpt.cc[146] : (in function: generateAsimov) - Using internal logic for binned/unbinned Asimov dataset generation
ToyMCSamplerOpt.cc[214] : (in function: generateWithHisto) - Generating asimov with histogram for pdf pdf_binfail_HIGH_obsOnly: in 9 x-bins
ToyMCSamplerOpt.cc[215] : (in function: generateWithHisto) -  , in 1 y-bins
AsymptoticLimits.cc[428] : (in function: runLimitExpected) - Median for expected limits = 1.5, Sigma for expected limits = 0.76532
AsymptoticLimits.cc[191] : (in function: runLimit) - NLL at global minimum of data = -547.287 (r=6.5029e-10)
AsymptoticLimits.cc[211] : (in function: runLimit) - NLL at global minimum of asimov = -546.636 (r=3.34924e-06)
AsymptoticLimits.cc[337] : (in function: getCLs) - At r = 1.200000:	q_mu = 4.36732	q_A  = 2.97648	Pmu = 0.01665	1-Pb  = 0.34344	CLs  = 0.04849
AsymptoticLimits.cc[337] : (in function: getCLs) - At r = 0.600000:	q_mu = 2.25980	q_A  = 1.28368	Pmu = 0.05894	1-Pb  = 0.33332	CLs  = 0.17682
AsymptoticLimits.cc[337] : (in function: getCLs) - At r = 0.900000:	q_mu = 3.32977	q_A  = 2.12087	Pmu = 0.03065	1-Pb  = 0.33905	CLs  = 0.09039
AsymptoticLimits.cc[337] : (in function: getCLs) - At r = 1.128210:	q_mu = 4.12177	q_A  = 2.77105	Pmu = 0.01921	1-Pb  = 0.34248	CLs  = 0.05609
AsymptoticLimits.cc[337] : (in function: getCLs) - At r = 1.173569:	q_mu = 4.27709	q_A  = 2.90087	Pmu = 0.01755	1-Pb  = 0.34310	CLs  = 0.05115
AsymptoticLimits.cc[337] : (in function: getCLs) - At r = 1.187874:	q_mu = 4.32596	q_A  = 2.94176	Pmu = 0.01706	1-Pb  = 0.34328	CLs  = 0.04969
AsymptoticLimits.cc[337] : (in function: getCLs) - At r = 1.182577:	q_mu = 4.30786	q_A  = 2.92659	Pmu = 0.01724	1-Pb  = 0.34321	CLs  = 0.05023
AsymptoticLimits.cc[337] : (in function: getCLs) - At r = 1.185438:	q_mu = 4.31769	q_A  = 2.93478	Pmu = 0.01714	1-Pb  = 0.34325	CLs  = 0.04994
AsymptoticLimits.cc[337] : (in function: getCLs) - At r = 1.184373:	q_mu = 4.31404	q_A  = 2.93174	Pmu = 0.01718	1-Pb  = 0.34323	CLs  = 0.05005
AsymptoticLimits.cc[337] : (in function: getCLs) - At r = 1.184944:	q_mu = 4.31599	q_A  = 2.93344	Pmu = 0.01716	1-Pb  = 0.34325	CLs  = 0.04999
AsymptoticLimits.cc[337] : (in function: getCLs) - At r = 1.184727:	q_mu = 4.31537	q_A  = 2.93276	Pmu = 0.01716	1-Pb  = 0.34323	CLs  = 0.05001
AsymptoticLimits.cc[337] : (in function: getCLs) - At r = 1.184831:	q_mu = 4.31571	q_A  = 2.93305	Pmu = 0.01716	1-Pb  = 0.34323	CLs  = 0.05000
AsymptoticLimits.cc[337] : (in function: getCLs) - At r = 1.184785:	q_mu = 4.31554	q_A  = 2.93291	Pmu = 0.01716	1-Pb  = 0.34323	CLs  = 0.05000
AsymptoticLimits.cc[337] : (in function: getCLs) - At r = 1.184807:	q_mu = 4.31578	q_A  = 2.93298	Pmu = 0.01716	1-Pb  = 0.34321	CLs  = 0.05000
AsymptoticLimits.cc[337] : (in function: getCLs) - At r = 1.184795:	q_mu = 4.31572	q_A  = 2.93302	Pmu = 0.01716	1-Pb  = 0.34322	CLs  = 0.05000
AsymptoticLimits.cc[337] : (in function: getCLs) - At r = 1.184790:	q_mu = 4.31576	q_A  = 2.93294	Pmu = 0.01716	1-Pb  = 0.34321	CLs  = 0.05000
