 <<< Combine >>> 
 <<< v10.0.1 >>>
>>> Random number generator seed is 123456
>>> Method used is FitDiagnostics
Set Default Value of Parameter mask_pass_SIG To : 1
Set Default Value of Parameter mask_pass_HIGH To : 1
Set Default Value of Parameter r To : 1
>>> 2 out of 6 channels masked

>> Found 17 floating parameters
>> The following parameters are protected in the event of negative eigenvalues:
>> Verifying eigenvalues are all positive (iteration 0)
Eigenvalue 16 : -0.00311394
 - -0.603749	CMS_AN23122_Background_rpf_2x0_par3
 - -0.507635	CMS_AN23122_Background_rpf_2x0_par2
 - 0.49762	CMS_AN23122_Background_rpf_2x0_par1
 - 0.360786	CMS_AN23122_Background_rpf_2x0_par0
 - -0.000580311	CMS_AN23122_Background_fail_LOW_bin_2-1
>> Attempt 0 failed, remove the variable with largest eigenvector component...
>> Dropping CMS_AN23122_Background_rpf_2x0_par3 from the hessian
>> Verifying eigenvalues are all positive (iteration 1)
>> All eigenvalues are positive
>> Inverting Hessian...
>> Matrix inverted
>> Note: the following parameters were dropped to make the covariance matrix pos-def:
     - CMS_AN23122_Background_rpf_2x0_par3
 Fit B-only, status = 0, numBadNLL = 0, covariance quality = -1
Running Minos for POI r
>> Found 18 floating parameters
>> The following parameters are protected in the event of negative eigenvalues: r
>> Verifying eigenvalues are all positive (iteration 0)
Eigenvalue 16 : -0.00119504
 - 0.715457	CMS_AN23122_Background_fail_HIGH_bin_5-1
 - -0.694495	r
 - 0.0418291	CMS_AN23122_Background_fail_HIGH_bin_4-1
 - 0.0337168	CMS_AN23122_Background_rpf_2x0_par2
 - 0.0313353	CMS_AN23122_Background_fail_HIGH_bin_3-1
Eigenvalue 17 : -0.00304376
 - -0.599178	CMS_AN23122_Background_rpf_2x0_par3
 - -0.512389	CMS_AN23122_Background_rpf_2x0_par2
 - 0.501297	CMS_AN23122_Background_rpf_2x0_par1
 - 0.355477	CMS_AN23122_Background_rpf_2x0_par0
 - 0.0199233	CMS_AN23122_Background_fail_HIGH_bin_5-1
>> Attempt 0 failed, remove the variable with largest eigenvector component...
>> Dropping CMS_AN23122_Background_rpf_2x0_par3 from the hessian
>> Verifying eigenvalues are all positive (iteration 1)
Eigenvalue 16 : -0.0011988
 - 0.715338	CMS_AN23122_Background_fail_HIGH_bin_5-1
 - -0.694392	r
 - 0.0537472	CMS_AN23122_Background_rpf_2x0_par1
 - 0.0418221	CMS_AN23122_Background_fail_HIGH_bin_4-1
 - 0.0313301	CMS_AN23122_Background_fail_HIGH_bin_3-1
>> Attempt 1 failed, remove the variable with largest eigenvector component...
>> Dropping CMS_AN23122_Background_fail_HIGH_bin_5-1 from the hessian
>> Verifying eigenvalues are all positive (iteration 2)
>> All eigenvalues are positive
>> Inverting Hessian...
>> Matrix inverted
>> Note: the following parameters were dropped to make the covariance matrix pos-def:
     - CMS_AN23122_Background_rpf_2x0_par3
     - CMS_AN23122_Background_fail_HIGH_bin_5-1
Fit S+B, status = 0, numBadNLL = 0, covariance quality = -1

 --- FitDiagnostics ---
Best fit r: 0.000193708  -0.000193708/+49.9998  (68% CL)
Done in 0.00 min (cpu), 0.00 min (real)
27 log messages saved to combine_logger.out
