CascadeMinimizer.cc[188] : (in function: improveOnce) - Minimization configured with Type=Minuit2, Algo=Migrad, strategy=0, tolerance=0.1
CascadeMinimizer.cc[215] : (in function: improveOnce) - Minimization finished with status=0
CascadeMinimizer.cc[219] : (in function: improveOnce) - Minimization success! status=0
ToyMCSamplerOpt.cc[146] : (in function: generateAsimov) - Using internal logic for binned/unbinned Asimov dataset generation
ToyMCSamplerOpt.cc[214] : (in function: generateWithHisto) - Generating asimov with histogram for pdf pdf_binpass_LOW_obsOnly: in 3 x-bins
ToyMCSamplerOpt.cc[215] : (in function: generateWithHisto) -  , in 1 y-bins
ToyMCSamplerOpt.cc[146] : (in function: generateAsimov) - Using internal logic for binned/unbinned Asimov dataset generation
ToyMCSamplerOpt.cc[214] : (in function: generateWithHisto) - Generating asimov with histogram for pdf pdf_binpass_SIG_obsOnly: in 1 x-bins
ToyMCSamplerOpt.cc[215] : (in function: generateWithHisto) -  , in 1 y-bins
ToyMCSamplerOpt.cc[146] : (in function: generateAsimov) - Using internal logic for binned/unbinned Asimov dataset generation
ToyMCSamplerOpt.cc[214] : (in function: generateWithHisto) - Generating asimov with histogram for pdf pdf_binpass_HIGH_obsOnly: in 3 x-bins
ToyMCSamplerOpt.cc[215] : (in function: generateWithHisto) -  , in 1 y-bins
ToyMCSamplerOpt.cc[146] : (in function: generateAsimov) - Using internal logic for binned/unbinned Asimov dataset generation
ToyMCSamplerOpt.cc[214] : (in function: generateWithHisto) - Generating asimov with histogram for pdf pdf_binfail_LOW_obsOnly: in 3 x-bins
ToyMCSamplerOpt.cc[215] : (in function: generateWithHisto) -  , in 1 y-bins
ToyMCSamplerOpt.cc[146] : (in function: generateAsimov) - Using internal logic for binned/unbinned Asimov dataset generation
ToyMCSamplerOpt.cc[214] : (in function: generateWithHisto) - Generating asimov with histogram for pdf pdf_binfail_SIG_obsOnly: in 1 x-bins
ToyMCSamplerOpt.cc[215] : (in function: generateWithHisto) -  , in 1 y-bins
ToyMCSamplerOpt.cc[146] : (in function: generateAsimov) - Using internal logic for binned/unbinned Asimov dataset generation
ToyMCSamplerOpt.cc[214] : (in function: generateWithHisto) - Generating asimov with histogram for pdf pdf_binfail_HIGH_obsOnly: in 3 x-bins
ToyMCSamplerOpt.cc[215] : (in function: generateWithHisto) -  , in 1 y-bins
AsymptoticLimits.cc[428] : (in function: runLimitExpected) - Median for expected limits = 6.96875, Sigma for expected limits = 3.55555
AsymptoticLimits.cc[191] : (in function: runLimit) - NLL at global minimum of data = -678.219 (r=3.01004e-08)
AsymptoticLimits.cc[211] : (in function: runLimit) - NLL at global minimum of asimov = -678.404 (r=6.15879e-07)
AsymptoticLimits.cc[337] : (in function: getCLs) - At r = 3.382649:	q_mu = 2.22625	q_A  = 2.23180	Pmu = 0.06784	1-Pb  = 0.50074	CLs  = 0.13548
AsymptoticLimits.cc[337] : (in function: getCLs) - At r = 6.765298:	q_mu = 3.74367	q_A  = 3.75627	Pmu = 0.02650	1-Pb  = 0.50130	CLs  = 0.05287
AsymptoticLimits.cc[337] : (in function: getCLs) - At r = 13.530595:	q_mu = 5.96438	q_A  = 5.99347	Pmu = 0.00730	1-Pb  = 0.50237	CLs  = 0.01453
AsymptoticLimits.cc[337] : (in function: getCLs) - At r = 6.765298:	q_mu = 3.74224	q_A  = 3.75569	Pmu = 0.02653	1-Pb  = 0.50139	CLs  = 0.05291
AsymptoticLimits.cc[337] : (in function: getCLs) - At r = 10.147946:	q_mu = 4.94683	q_A  = 4.96868	Pmu = 0.01307	1-Pb  = 0.50196	CLs  = 0.02604
AsymptoticLimits.cc[337] : (in function: getCLs) - At r = 7.657492:	q_mu = 4.08314	q_A  = 4.09900	Pmu = 0.02166	1-Pb  = 0.50156	CLs  = 0.04318
AsymptoticLimits.cc[337] : (in function: getCLs) - At r = 7.142220:	q_mu = 3.88861	q_A  = 3.90298	Pmu = 0.02431	1-Pb  = 0.50145	CLs  = 0.04847
AsymptoticLimits.cc[337] : (in function: getCLs) - At r = 6.960015:	q_mu = 3.81829	q_A  = 3.83216	Pmu = 0.02535	1-Pb  = 0.50141	CLs  = 0.05055
AsymptoticLimits.cc[337] : (in function: getCLs) - At r = 7.034625:	q_mu = 3.84718	q_A  = 3.86123	Pmu = 0.02491	1-Pb  = 0.50143	CLs  = 0.04969
AsymptoticLimits.cc[337] : (in function: getCLs) - At r = 6.998040:	q_mu = 3.83303	q_A  = 3.84696	Pmu = 0.02513	1-Pb  = 0.50142	CLs  = 0.05011
AsymptoticLimits.cc[337] : (in function: getCLs) - At r = 7.012951:	q_mu = 3.83880	q_A  = 3.85276	Pmu = 0.02504	1-Pb  = 0.50142	CLs  = 0.04994
AsymptoticLimits.cc[337] : (in function: getCLs) - At r = 7.005637:	q_mu = 3.83597	q_A  = 3.84989	Pmu = 0.02508	1-Pb  = 0.50142	CLs  = 0.05002
AsymptoticLimits.cc[337] : (in function: getCLs) - At r = 7.008630:	q_mu = 3.83713	q_A  = 3.85105	Pmu = 0.02506	1-Pb  = 0.50142	CLs  = 0.04999
AsymptoticLimits.cc[337] : (in function: getCLs) - At r = 7.007175:	q_mu = 3.83657	q_A  = 3.85047	Pmu = 0.02507	1-Pb  = 0.50141	CLs  = 0.05000
AsymptoticLimits.cc[337] : (in function: getCLs) - At r = 7.007782:	q_mu = 3.83680	q_A  = 3.85070	Pmu = 0.02507	1-Pb  = 0.50141	CLs  = 0.05000
AsymptoticLimits.cc[337] : (in function: getCLs) - At r = 7.007498:	q_mu = 3.83669	q_A  = 3.85058	Pmu = 0.02507	1-Pb  = 0.50141	CLs  = 0.05000
AsymptoticLimits.cc[337] : (in function: getCLs) - At r = 7.007625:	q_mu = 3.83674	q_A  = 3.85062	Pmu = 0.02507	1-Pb  = 0.50141	CLs  = 0.05000
AsymptoticLimits.cc[337] : (in function: getCLs) - At r = 7.007575:	q_mu = 3.83672	q_A  = 3.85059	Pmu = 0.02507	1-Pb  = 0.50141	CLs  = 0.05000
AsymptoticLimits.cc[337] : (in function: getCLs) - At r = 7.007604:	q_mu = 3.83673	q_A  = 3.85060	Pmu = 0.02507	1-Pb  = 0.50141	CLs  = 0.05000
