CascadeMinimizer.cc[188] : (in function: improveOnce) - Minimization configured with Type=Minuit2, Algo=Migrad, strategy=0, tolerance=0.1
CascadeMinimizer.cc[215] : (in function: improveOnce) - Minimization finished with status=0
CascadeMinimizer.cc[219] : (in function: improveOnce) - Minimization success! status=0
ToyMCSamplerOpt.cc[146] : (in function: generateAsimov) - Using internal logic for binned/unbinned Asimov dataset generation
ToyMCSamplerOpt.cc[214] : (in function: generateWithHisto) - Generating asimov with histogram for pdf pdf_binpass_LOW_obsOnly: in 3 x-bins
ToyMCSamplerOpt.cc[215] : (in function: generateWithHisto) -  , in 1 y-bins
ToyMCSamplerOpt.cc[146] : (in function: generateAsimov) - Using internal logic for binned/unbinned Asimov dataset generation
ToyMCSamplerOpt.cc[214] : (in function: generateWithHisto) - Generating asimov with histogram for pdf pdf_binpass_SIG_obsOnly: in 1 x-bins
ToyMCSamplerOpt.cc[215] : (in function: generateWithHisto) -  , in 1 y-bins
ToyMCSamplerOpt.cc[146] : (in function: generateAsimov) - Using internal logic for binned/unbinned Asimov dataset generation
ToyMCSamplerOpt.cc[214] : (in function: generateWithHisto) - Generating asimov with histogram for pdf pdf_binpass_HIGH_obsOnly: in 3 x-bins
ToyMCSamplerOpt.cc[215] : (in function: generateWithHisto) -  , in 1 y-bins
ToyMCSamplerOpt.cc[146] : (in function: generateAsimov) - Using internal logic for binned/unbinned Asimov dataset generation
ToyMCSamplerOpt.cc[214] : (in function: generateWithHisto) - Generating asimov with histogram for pdf pdf_binfail_LOW_obsOnly: in 3 x-bins
ToyMCSamplerOpt.cc[215] : (in function: generateWithHisto) -  , in 1 y-bins
ToyMCSamplerOpt.cc[146] : (in function: generateAsimov) - Using internal logic for binned/unbinned Asimov dataset generation
ToyMCSamplerOpt.cc[214] : (in function: generateWithHisto) - Generating asimov with histogram for pdf pdf_binfail_SIG_obsOnly: in 1 x-bins
ToyMCSamplerOpt.cc[215] : (in function: generateWithHisto) -  , in 1 y-bins
ToyMCSamplerOpt.cc[146] : (in function: generateAsimov) - Using internal logic for binned/unbinned Asimov dataset generation
ToyMCSamplerOpt.cc[214] : (in function: generateWithHisto) - Generating asimov with histogram for pdf pdf_binfail_HIGH_obsOnly: in 3 x-bins
ToyMCSamplerOpt.cc[215] : (in function: generateWithHisto) -  , in 1 y-bins
AsymptoticLimits.cc[428] : (in function: runLimitExpected) - Median for expected limits = 0.542969, Sigma for expected limits = 0.27703
AsymptoticLimits.cc[191] : (in function: runLimit) - NLL at global minimum of data = -8411.88 (r=2.12694e-09)
AsymptoticLimits.cc[211] : (in function: runLimit) - NLL at global minimum of asimov = -8410.66 (r=0.000105526)
AsymptoticLimits.cc[337] : (in function: getCLs) - At r = 1.200000:	q_mu = 14.87430	q_A  = 9.43313	Pmu = 0.00004	1-Pb  = 0.18786	CLs  = 0.00020
AsymptoticLimits.cc[337] : (in function: getCLs) - At r = 0.600000:	q_mu = 8.49765	q_A  = 4.34825	Pmu = 0.00103	1-Pb  = 0.15988	CLs  = 0.00647
AsymptoticLimits.cc[337] : (in function: getCLs) - At r = 0.300000:	q_mu = 4.62772	q_A  = 1.73178	Pmu = 0.00784	1-Pb  = 0.13560	CLs  = 0.05782
AsymptoticLimits.cc[337] : (in function: getCLs) - At r = 0.450000:	q_mu = 6.63427	q_A  = 3.01906	Pmu = 0.00274	1-Pb  = 0.14910	CLs  = 0.01835
AsymptoticLimits.cc[337] : (in function: getCLs) - At r = 0.345190:	q_mu = 5.24842	q_A  = 2.10974	Pmu = 0.00566	1-Pb  = 0.13997	CLs  = 0.04040
AsymptoticLimits.cc[337] : (in function: getCLs) - At r = 0.323694:	q_mu = 4.95499	q_A  = 1.92829	Pmu = 0.00660	1-Pb  = 0.13790	CLs  = 0.04785
AsymptoticLimits.cc[337] : (in function: getCLs) - At r = 0.314546:	q_mu = 4.82909	q_A  = 1.85198	Pmu = 0.00705	1-Pb  = 0.13702	CLs  = 0.05145
AsymptoticLimits.cc[337] : (in function: getCLs) - At r = 0.319262:	q_mu = 4.89421	q_A  = 1.89114	Pmu = 0.00681	1-Pb  = 0.13744	CLs  = 0.04956
AsymptoticLimits.cc[337] : (in function: getCLs) - At r = 0.317425:	q_mu = 4.86881	q_A  = 1.87581	Pmu = 0.00690	1-Pb  = 0.13727	CLs  = 0.05029
AsymptoticLimits.cc[337] : (in function: getCLs) - At r = 0.318370:	q_mu = 4.88179	q_A  = 1.88366	Pmu = 0.00686	1-Pb  = 0.13736	CLs  = 0.04991
AsymptoticLimits.cc[337] : (in function: getCLs) - At r = 0.318006:	q_mu = 4.87677	q_A  = 1.88062	Pmu = 0.00687	1-Pb  = 0.13733	CLs  = 0.05006
AsymptoticLimits.cc[337] : (in function: getCLs) - At r = 0.318196:	q_mu = 4.87954	q_A  = 1.88220	Pmu = 0.00686	1-Pb  = 0.13733	CLs  = 0.04998
AsymptoticLimits.cc[337] : (in function: getCLs) - At r = 0.318119:	q_mu = 4.87835	q_A  = 1.88155	Pmu = 0.00687	1-Pb  = 0.13734	CLs  = 0.05001
AsymptoticLimits.cc[337] : (in function: getCLs) - At r = 0.318158:	q_mu = 4.87887	q_A  = 1.88188	Pmu = 0.00687	1-Pb  = 0.13734	CLs  = 0.05000
AsymptoticLimits.cc[337] : (in function: getCLs) - At r = 0.318145:	q_mu = 4.87885	q_A  = 1.88177	Pmu = 0.00687	1-Pb  = 0.13733	CLs  = 0.05000
AsymptoticLimits.cc[337] : (in function: getCLs) - At r = 0.318139:	q_mu = 4.87864	q_A  = 1.88172	Pmu = 0.00687	1-Pb  = 0.13734	CLs  = 0.05000
AsymptoticLimits.cc[337] : (in function: getCLs) - At r = 0.318144:	q_mu = 4.87867	q_A  = 1.88176	Pmu = 0.00687	1-Pb  = 0.13734	CLs  = 0.05000
