 <<< Combine >>> 
 <<< v10.0.1 >>>
>>> Random number generator seed is 123456
>>> Method used is FitDiagnostics
Set Default Value of Parameter mask_pass_SIG To : 1
Set Default Value of Parameter mask_pass_HIGH To : 1
Set Default Value of Parameter r To : 1
>>> 2 out of 6 channels masked

>> Found 22 floating parameters
>> The following parameters are protected in the event of negative eigenvalues:
>> Verifying eigenvalues are all positive (iteration 0)
Eigenvalue 21 : -4.71656e-07
 - -0.772156	Background_rpf_2x0_par3
 - 0.558173	Background_rpf_2x0_par0
 - 0.302905	Background_rpf_2x0_par1
 - -0.0216178	Background_rpf_2x0_par2
 - 5.38414e-05	Background_fail_LOW_bin_5-1
>> Attempt 0 failed, remove the variable with largest eigenvector component...
>> Dropping Background_rpf_2x0_par3 from the hessian
>> Verifying eigenvalues are all positive (iteration 1)
>> All eigenvalues are positive
>> Inverting Hessian...
>> Matrix inverted
>> Note: the following parameters were dropped to make the covariance matrix pos-def:
     - Background_rpf_2x0_par3
 Fit B-only, status = 0, numBadNLL = 0, covariance quality = -1
Running Minos for POI r
>> Found 23 floating parameters
>> The following parameters are protected in the event of negative eigenvalues: r
>> Verifying eigenvalues are all positive (iteration 0)
Eigenvalue 21 : -0.000206774
 - -0.766358	Background_rpf_2x0_par3
 - 0.537337	Background_rpf_2x0_par0
 - 0.348693	Background_rpf_2x0_par1
 - -0.0401406	Background_rpf_2x0_par2
 - -0.02758	r
Eigenvalue 22 : -0.000297993
 - 0.7514	r
 - -0.653258	Background_rpf_2x0_par2
 - -0.0874592	Background_rpf_2x0_par1
 - -0.0245518	Background_rpf_2x0_par3
 - 0.0114813	Background_rpf_2x0_par0
>> Attempt 0 failed, remove the variable with largest eigenvector component...
>> Dropping Background_rpf_2x0_par2 from the hessian
>> Verifying eigenvalues are all positive (iteration 1)
Eigenvalue 21 : -0.000207118
 - 0.763354	Background_rpf_2x0_par3
 - -0.535426	Background_rpf_2x0_par0
 - -0.353753	Background_rpf_2x0_par1
 - 0.0739127	r
 - 0.00204135	Background_fail_LOW_bin_2-1
>> Attempt 1 failed, remove the variable with largest eigenvector component...
>> Dropping Background_rpf_2x0_par3 from the hessian
>> Verifying eigenvalues are all positive (iteration 2)
>> All eigenvalues are positive
>> Inverting Hessian...
>> Matrix inverted
>> Note: the following parameters were dropped to make the covariance matrix pos-def:
     - Background_rpf_2x0_par2
     - Background_rpf_2x0_par3
Fit S+B, status = 0, numBadNLL = 0, covariance quality = -1

 --- FitDiagnostics ---
Best fit r: 28.1135  -28.1135/+21.8865  (68% CL)
Done in 0.00 min (cpu), 0.00 min (real)
26 log messages saved to combine_logger.out
