CascadeMinimizer.cc[188] : (in function: improveOnce) - Minimization configured with Type=Minuit2, Algo=Migrad, strategy=0, tolerance=0.1
CascadeMinimizer.cc[215] : (in function: improveOnce) - Minimization finished with status=0
CascadeMinimizer.cc[219] : (in function: improveOnce) - Minimization success! status=0
ToyMCSamplerOpt.cc[146] : (in function: generateAsimov) - Using internal logic for binned/unbinned Asimov dataset generation
ToyMCSamplerOpt.cc[214] : (in function: generateWithHisto) - Generating asimov with histogram for pdf pdf_binpass_LOW_obsOnly: in 3 x-bins
ToyMCSamplerOpt.cc[215] : (in function: generateWithHisto) -  , in 1 y-bins
ToyMCSamplerOpt.cc[146] : (in function: generateAsimov) - Using internal logic for binned/unbinned Asimov dataset generation
ToyMCSamplerOpt.cc[214] : (in function: generateWithHisto) - Generating asimov with histogram for pdf pdf_binpass_SIG_obsOnly: in 1 x-bins
ToyMCSamplerOpt.cc[215] : (in function: generateWithHisto) -  , in 1 y-bins
ToyMCSamplerOpt.cc[146] : (in function: generateAsimov) - Using internal logic for binned/unbinned Asimov dataset generation
ToyMCSamplerOpt.cc[214] : (in function: generateWithHisto) - Generating asimov with histogram for pdf pdf_binpass_HIGH_obsOnly: in 5 x-bins
ToyMCSamplerOpt.cc[215] : (in function: generateWithHisto) -  , in 1 y-bins
ToyMCSamplerOpt.cc[146] : (in function: generateAsimov) - Using internal logic for binned/unbinned Asimov dataset generation
ToyMCSamplerOpt.cc[214] : (in function: generateWithHisto) - Generating asimov with histogram for pdf pdf_binfail_LOW_obsOnly: in 3 x-bins
ToyMCSamplerOpt.cc[215] : (in function: generateWithHisto) -  , in 1 y-bins
ToyMCSamplerOpt.cc[146] : (in function: generateAsimov) - Using internal logic for binned/unbinned Asimov dataset generation
ToyMCSamplerOpt.cc[214] : (in function: generateWithHisto) - Generating asimov with histogram for pdf pdf_binfail_SIG_obsOnly: in 1 x-bins
ToyMCSamplerOpt.cc[215] : (in function: generateWithHisto) -  , in 1 y-bins
ToyMCSamplerOpt.cc[146] : (in function: generateAsimov) - Using internal logic for binned/unbinned Asimov dataset generation
ToyMCSamplerOpt.cc[214] : (in function: generateWithHisto) - Generating asimov with histogram for pdf pdf_binfail_HIGH_obsOnly: in 5 x-bins
ToyMCSamplerOpt.cc[215] : (in function: generateWithHisto) -  , in 1 y-bins
AsymptoticLimits.cc[428] : (in function: runLimitExpected) - Median for expected limits = 2.5, Sigma for expected limits = 1.27553
AsymptoticLimits.cc[191] : (in function: runLimit) - NLL at global minimum of data = -901.588 (r=7.66449e-08)
AsymptoticLimits.cc[211] : (in function: runLimit) - NLL at global minimum of asimov = -900.983 (r=2.08122e-07)
AsymptoticLimits.cc[337] : (in function: getCLs) - At r = 1.750058:	q_mu = 2.77364	q_A  = 2.76071	Pmu = 0.04791	1-Pb  = 0.49845	CLs  = 0.09613
AsymptoticLimits.cc[337] : (in function: getCLs) - At r = 3.500117:	q_mu = 5.21607	q_A  = 5.19683	Pmu = 0.01119	1-Pb  = 0.49832	CLs  = 0.02245
AsymptoticLimits.cc[337] : (in function: getCLs) - At r = 1.750058:	q_mu = 2.77368	q_A  = 2.76071	Pmu = 0.04791	1-Pb  = 0.49844	CLs  = 0.09612
AsymptoticLimits.cc[337] : (in function: getCLs) - At r = 2.729367:	q_mu = 4.17399	q_A  = 4.15704	Pmu = 0.02052	1-Pb  = 0.49834	CLs  = 0.04119
AsymptoticLimits.cc[337] : (in function: getCLs) - At r = 2.354234:	q_mu = 3.64836	q_A  = 3.63271	Pmu = 0.02806	1-Pb  = 0.49836	CLs  = 0.05631
AsymptoticLimits.cc[337] : (in function: getCLs) - At r = 2.543272:	q_mu = 3.91483	q_A  = 3.89848	Pmu = 0.02393	1-Pb  = 0.49835	CLs  = 0.04802
AsymptoticLimits.cc[337] : (in function: getCLs) - At r = 2.467088:	q_mu = 3.80783	q_A  = 3.79175	Pmu = 0.02551	1-Pb  = 0.49835	CLs  = 0.05118
AsymptoticLimits.cc[337] : (in function: getCLs) - At r = 2.504650:	q_mu = 3.86065	q_A  = 3.84443	Pmu = 0.02472	1-Pb  = 0.49835	CLs  = 0.04959
AsymptoticLimits.cc[337] : (in function: getCLs) - At r = 2.489366:	q_mu = 3.83917	q_A  = 3.82301	Pmu = 0.02503	1-Pb  = 0.49835	CLs  = 0.05023
AsymptoticLimits.cc[337] : (in function: getCLs) - At r = 2.496869:	q_mu = 3.84972	q_A  = 3.83353	Pmu = 0.02488	1-Pb  = 0.49835	CLs  = 0.04992
AsymptoticLimits.cc[337] : (in function: getCLs) - At r = 2.493811:	q_mu = 3.84542	q_A  = 3.82924	Pmu = 0.02494	1-Pb  = 0.49835	CLs  = 0.05005
AsymptoticLimits.cc[337] : (in function: getCLs) - At r = 2.495311:	q_mu = 3.84753	q_A  = 3.83135	Pmu = 0.02491	1-Pb  = 0.49835	CLs  = 0.04998
AsymptoticLimits.cc[337] : (in function: getCLs) - At r = 2.494700:	q_mu = 3.84667	q_A  = 3.83049	Pmu = 0.02492	1-Pb  = 0.49835	CLs  = 0.05001
AsymptoticLimits.cc[337] : (in function: getCLs) - At r = 2.495000:	q_mu = 3.84709	q_A  = 3.83091	Pmu = 0.02492	1-Pb  = 0.49835	CLs  = 0.05000
AsymptoticLimits.cc[337] : (in function: getCLs) - At r = 2.494878:	q_mu = 3.84692	q_A  = 3.83074	Pmu = 0.02492	1-Pb  = 0.49835	CLs  = 0.05000
AsymptoticLimits.cc[337] : (in function: getCLs) - At r = 2.494938:	q_mu = 3.84700	q_A  = 3.83082	Pmu = 0.02492	1-Pb  = 0.49835	CLs  = 0.05000
AsymptoticLimits.cc[337] : (in function: getCLs) - At r = 2.494913:	q_mu = 3.84697	q_A  = 3.83079	Pmu = 0.02492	1-Pb  = 0.49835	CLs  = 0.05000
AsymptoticLimits.cc[337] : (in function: getCLs) - At r = 2.494925:	q_mu = 3.84698	q_A  = 3.83081	Pmu = 0.02492	1-Pb  = 0.49835	CLs  = 0.05000
