CascadeMinimizer.cc[188] : (in function: improveOnce) - Minimization configured with Type=Minuit2, Algo=Migrad, strategy=0, tolerance=0.1
CascadeMinimizer.cc[215] : (in function: improveOnce) - Minimization finished with status=0
CascadeMinimizer.cc[219] : (in function: improveOnce) - Minimization success! status=0
ToyMCSamplerOpt.cc[146] : (in function: generateAsimov) - Using internal logic for binned/unbinned Asimov dataset generation
ToyMCSamplerOpt.cc[214] : (in function: generateWithHisto) - Generating asimov with histogram for pdf pdf_binpass_LOW_obsOnly: in 3 x-bins
ToyMCSamplerOpt.cc[215] : (in function: generateWithHisto) -  , in 1 y-bins
ToyMCSamplerOpt.cc[146] : (in function: generateAsimov) - Using internal logic for binned/unbinned Asimov dataset generation
ToyMCSamplerOpt.cc[214] : (in function: generateWithHisto) - Generating asimov with histogram for pdf pdf_binpass_SIG_obsOnly: in 1 x-bins
ToyMCSamplerOpt.cc[215] : (in function: generateWithHisto) -  , in 1 y-bins
ToyMCSamplerOpt.cc[146] : (in function: generateAsimov) - Using internal logic for binned/unbinned Asimov dataset generation
ToyMCSamplerOpt.cc[214] : (in function: generateWithHisto) - Generating asimov with histogram for pdf pdf_binpass_HIGH_obsOnly: in 3 x-bins
ToyMCSamplerOpt.cc[215] : (in function: generateWithHisto) -  , in 1 y-bins
ToyMCSamplerOpt.cc[146] : (in function: generateAsimov) - Using internal logic for binned/unbinned Asimov dataset generation
ToyMCSamplerOpt.cc[214] : (in function: generateWithHisto) - Generating asimov with histogram for pdf pdf_binfail_LOW_obsOnly: in 3 x-bins
ToyMCSamplerOpt.cc[215] : (in function: generateWithHisto) -  , in 1 y-bins
ToyMCSamplerOpt.cc[146] : (in function: generateAsimov) - Using internal logic for binned/unbinned Asimov dataset generation
ToyMCSamplerOpt.cc[214] : (in function: generateWithHisto) - Generating asimov with histogram for pdf pdf_binfail_SIG_obsOnly: in 1 x-bins
ToyMCSamplerOpt.cc[215] : (in function: generateWithHisto) -  , in 1 y-bins
ToyMCSamplerOpt.cc[146] : (in function: generateAsimov) - Using internal logic for binned/unbinned Asimov dataset generation
ToyMCSamplerOpt.cc[214] : (in function: generateWithHisto) - Generating asimov with histogram for pdf pdf_binfail_HIGH_obsOnly: in 3 x-bins
ToyMCSamplerOpt.cc[215] : (in function: generateWithHisto) -  , in 1 y-bins
AsymptoticLimits.cc[428] : (in function: runLimitExpected) - Median for expected limits = 2.36719, Sigma for expected limits = 1.20777
AsymptoticLimits.cc[191] : (in function: runLimit) - NLL at global minimum of data = -8402.1 (r=2.29628)
AsymptoticLimits.cc[211] : (in function: runLimit) - NLL at global minimum of asimov = -8396.77 (r=0.014665)
AsymptoticLimits.cc[337] : (in function: getCLs) - At r = 5.592080:	q_mu = 3.01841	q_A  = 10.88721	Pmu = 0.04116	1-Pb  = 0.94088	CLs  = 0.04375
AsymptoticLimits.cc[337] : (in function: getCLs) - At r = 3.944181:	q_mu = 1.03736	q_A  = 7.33803	Pmu = 0.15422	1-Pb  = 0.95452	CLs  = 0.16157
AsymptoticLimits.cc[337] : (in function: getCLs) - At r = 4.768130:	q_mu = 1.97096	q_A  = 9.11812	Pmu = 0.08017	1-Pb  = 0.94692	CLs  = 0.08467
AsymptoticLimits.cc[337] : (in function: getCLs) - At r = 5.293948:	q_mu = 2.63067	q_A  = 10.22335	Pmu = 0.05241	1-Pb  = 0.94243	CLs  = 0.05561
AsymptoticLimits.cc[337] : (in function: getCLs) - At r = 5.459299:	q_mu = 2.84474	q_A  = 10.56558	Pmu = 0.04584	1-Pb  = 0.94107	CLs  = 0.04871
AsymptoticLimits.cc[337] : (in function: getCLs) - At r = 5.400082:	q_mu = 2.76776	q_A  = 10.44314	Pmu = 0.04809	1-Pb  = 0.94155	CLs  = 0.05108
AsymptoticLimits.cc[337] : (in function: getCLs) - At r = 5.433159:	q_mu = 2.81071	q_A  = 10.51147	Pmu = 0.04682	1-Pb  = 0.94128	CLs  = 0.04974
AsymptoticLimits.cc[337] : (in function: getCLs) - At r = 5.421321:	q_mu = 2.79533	q_A  = 10.48699	Pmu = 0.04727	1-Pb  = 0.94138	CLs  = 0.05021
AsymptoticLimits.cc[337] : (in function: getCLs) - At r = 5.427937:	q_mu = 2.80392	q_A  = 10.50063	Pmu = 0.04702	1-Pb  = 0.94132	CLs  = 0.04995
AsymptoticLimits.cc[337] : (in function: getCLs) - At r = 5.425570:	q_mu = 2.80085	q_A  = 10.49573	Pmu = 0.04711	1-Pb  = 0.94134	CLs  = 0.05004
AsymptoticLimits.cc[337] : (in function: getCLs) - At r = 5.426893:	q_mu = 2.80257	q_A  = 10.49845	Pmu = 0.04706	1-Pb  = 0.94133	CLs  = 0.04999
AsymptoticLimits.cc[337] : (in function: getCLs) - At r = 5.426420:	q_mu = 2.80195	q_A  = 10.49746	Pmu = 0.04707	1-Pb  = 0.94133	CLs  = 0.05001
AsymptoticLimits.cc[337] : (in function: getCLs) - At r = 5.426685:	q_mu = 2.80230	q_A  = 10.49800	Pmu = 0.04706	1-Pb  = 0.94133	CLs  = 0.05000
AsymptoticLimits.cc[337] : (in function: getCLs) - At r = 5.426590:	q_mu = 2.80217	q_A  = 10.49780	Pmu = 0.04707	1-Pb  = 0.94133	CLs  = 0.05000
AsymptoticLimits.cc[337] : (in function: getCLs) - At r = 5.426643:	q_mu = 2.80224	q_A  = 10.49791	Pmu = 0.04707	1-Pb  = 0.94133	CLs  = 0.05000
AsymptoticLimits.cc[337] : (in function: getCLs) - At r = 5.426624:	q_mu = 2.80222	q_A  = 10.49787	Pmu = 0.04707	1-Pb  = 0.94133	CLs  = 0.05000
