CascadeMinimizer.cc[188] : (in function: improveOnce) - Minimization configured with Type=Minuit2, Algo=Migrad, strategy=0, tolerance=0.1
CascadeMinimizer.cc[215] : (in function: improveOnce) - Minimization finished with status=0
CascadeMinimizer.cc[219] : (in function: improveOnce) - Minimization success! status=0
ToyMCSamplerOpt.cc[146] : (in function: generateAsimov) - Using internal logic for binned/unbinned Asimov dataset generation
ToyMCSamplerOpt.cc[214] : (in function: generateWithHisto) - Generating asimov with histogram for pdf pdf_binpass_LOW_obsOnly: in 3 x-bins
ToyMCSamplerOpt.cc[215] : (in function: generateWithHisto) -  , in 1 y-bins
ToyMCSamplerOpt.cc[146] : (in function: generateAsimov) - Using internal logic for binned/unbinned Asimov dataset generation
ToyMCSamplerOpt.cc[214] : (in function: generateWithHisto) - Generating asimov with histogram for pdf pdf_binpass_SIG_obsOnly: in 1 x-bins
ToyMCSamplerOpt.cc[215] : (in function: generateWithHisto) -  , in 1 y-bins
ToyMCSamplerOpt.cc[146] : (in function: generateAsimov) - Using internal logic for binned/unbinned Asimov dataset generation
ToyMCSamplerOpt.cc[214] : (in function: generateWithHisto) - Generating asimov with histogram for pdf pdf_binpass_HIGH_obsOnly: in 5 x-bins
ToyMCSamplerOpt.cc[215] : (in function: generateWithHisto) -  , in 1 y-bins
ToyMCSamplerOpt.cc[146] : (in function: generateAsimov) - Using internal logic for binned/unbinned Asimov dataset generation
ToyMCSamplerOpt.cc[214] : (in function: generateWithHisto) - Generating asimov with histogram for pdf pdf_binfail_LOW_obsOnly: in 3 x-bins
ToyMCSamplerOpt.cc[215] : (in function: generateWithHisto) -  , in 1 y-bins
ToyMCSamplerOpt.cc[146] : (in function: generateAsimov) - Using internal logic for binned/unbinned Asimov dataset generation
ToyMCSamplerOpt.cc[214] : (in function: generateWithHisto) - Generating asimov with histogram for pdf pdf_binfail_SIG_obsOnly: in 1 x-bins
ToyMCSamplerOpt.cc[215] : (in function: generateWithHisto) -  , in 1 y-bins
ToyMCSamplerOpt.cc[146] : (in function: generateAsimov) - Using internal logic for binned/unbinned Asimov dataset generation
ToyMCSamplerOpt.cc[214] : (in function: generateWithHisto) - Generating asimov with histogram for pdf pdf_binfail_HIGH_obsOnly: in 5 x-bins
ToyMCSamplerOpt.cc[215] : (in function: generateWithHisto) -  , in 1 y-bins
AsymptoticLimits.cc[415] : (in function: runLimitExpected) - [WARNING] Best fit of asimov dataset is at r = 0.109618 (0.005481 times rMax), while it should be at zero
AsymptoticLimits.cc[428] : (in function: runLimitExpected) - Median for expected limits = 25.1875, Sigma for expected limits = 12.851
AsymptoticLimits.cc[191] : (in function: runLimit) - NLL at global minimum of data = -17588.3 (r=5.58026e-07)
AsymptoticLimits.cc[211] : (in function: runLimit) - NLL at global minimum of asimov = -17646.3 (r=3.16112e-05)
AsymptoticLimits.cc[337] : (in function: getCLs) - At r = 3.668487:	q_mu = 0.00000	q_A  = 0.07553	Pmu = 0.50000	1-Pb  = 0.60828	CLs  = 0.82200
AsymptoticLimits.cc[337] : (in function: getCLs) - At r = 7.336975:	q_mu = 0.00000	q_A  = 0.30644	Pmu = 0.50000	1-Pb  = 0.71006	CLs  = 0.70416
AsymptoticLimits.cc[337] : (in function: getCLs) - At r = 14.673949:	q_mu = 0.00000	q_A  = 1.25907	Pmu = 0.50000	1-Pb  = 0.86909	CLs  = 0.57532
AsymptoticLimits.cc[337] : (in function: getCLs) - At r = 29.347898:	q_mu = 0.00000	q_A  = 5.27246	Pmu = 0.50000	1-Pb  = 0.98917	CLs  = 0.50548
AsymptoticLimits.cc[337] : (in function: getCLs) - At r = 58.695797:	q_mu = 0.00000	q_A  = 27.33386	Pmu = 0.50000	1-Pb  = 1.00000	CLs  = 0.50000
AsymptoticLimits.cc[337] : (in function: getCLs) - At r = 58.695797:	q_mu = 0.00000	q_A  = 27.33386	Pmu = 0.50000	1-Pb  = 1.00000	CLs  = 0.50000
AsymptoticLimits.cc[337] : (in function: getCLs) - At r = 88.043695:	q_mu = 0.00000	q_A  = 65.77039	Pmu = 0.50000	1-Pb  = 1.00000	CLs  = 0.50000
AsymptoticLimits.cc[337] : (in function: getCLs) - At r = 102.717645:	q_mu = 0.00000	q_A  = 87.16442	Pmu = 0.50000	1-Pb  = 1.00000	CLs  = 0.50000
AsymptoticLimits.cc[337] : (in function: getCLs) - At r = 110.054619:	q_mu = 0.00000	q_A  = 98.26308	Pmu = 0.50000	1-Pb  = 1.00000	CLs  = 0.50000
AsymptoticLimits.cc[337] : (in function: getCLs) - At r = 113.723106:	q_mu = 0.00000	q_A  = 103.95869	Pmu = 0.50000	1-Pb  = 1.00000	CLs  = 0.50000
AsymptoticLimits.cc[337] : (in function: getCLs) - At r = 115.557350:	q_mu = 0.00000	q_A  = 106.42151	Pmu = 0.50000	1-Pb  = 1.00000	CLs  = 0.50000
AsymptoticLimits.cc[337] : (in function: getCLs) - At r = 116.474472:	q_mu = 0.00000	q_A  = 107.81015	Pmu = 0.50000	1-Pb  = 1.00000	CLs  = 0.50000
AsymptoticLimits.cc[337] : (in function: getCLs) - At r = 116.933033:	q_mu = 0.00000	q_A  = 108.50483	Pmu = 0.50000	1-Pb  = 1.00000	CLs  = 0.50000
AsymptoticLimits.cc[337] : (in function: getCLs) - At r = 117.162313:	q_mu = 0.00000	q_A  = 108.85268	Pmu = 0.50000	1-Pb  = 1.00000	CLs  = 0.50000
AsymptoticLimits.cc[337] : (in function: getCLs) - At r = 117.276954:	q_mu = 0.00000	q_A  = 109.02672	Pmu = 0.50000	1-Pb  = 1.00000	CLs  = 0.50000
AsymptoticLimits.cc[337] : (in function: getCLs) - At r = 117.334274:	q_mu = 0.00000	q_A  = 109.11377	Pmu = 0.50000	1-Pb  = 1.00000	CLs  = 0.50000
AsymptoticLimits.cc[337] : (in function: getCLs) - At r = 117.362934:	q_mu = 0.00000	q_A  = 109.15731	Pmu = 0.50000	1-Pb  = 1.00000	CLs  = 0.50000
AsymptoticLimits.cc[337] : (in function: getCLs) - At r = 117.377264:	q_mu = 0.00000	q_A  = 109.17908	Pmu = 0.50000	1-Pb  = 1.00000	CLs  = 0.50000
AsymptoticLimits.cc[337] : (in function: getCLs) - At r = 117.384429:	q_mu = 0.00000	q_A  = 109.18996	Pmu = 0.50000	1-Pb  = 1.00000	CLs  = 0.50000
AsymptoticLimits.cc[337] : (in function: getCLs) - At r = 117.388011:	q_mu = 0.00000	q_A  = 109.19541	Pmu = 0.50000	1-Pb  = 1.00000	CLs  = 0.50000
AsymptoticLimits.cc[337] : (in function: getCLs) - At r = 117.389803:	q_mu = 0.00000	q_A  = 109.19813	Pmu = 0.50000	1-Pb  = 1.00000	CLs  = 0.50000
AsymptoticLimits.cc[337] : (in function: getCLs) - At r = 117.390698:	q_mu = 0.00000	q_A  = 109.19949	Pmu = 0.50000	1-Pb  = 1.00000	CLs  = 0.50000
AsymptoticLimits.cc[337] : (in function: getCLs) - At r = 117.391146:	q_mu = 0.00000	q_A  = 109.20017	Pmu = 0.50000	1-Pb  = 1.00000	CLs  = 0.50000
