CascadeMinimizer.cc[188] : (in function: improveOnce) - Minimization configured with Type=Minuit2, Algo=Migrad, strategy=0, tolerance=0.1
CascadeMinimizer.cc[215] : (in function: improveOnce) - Minimization finished with status=0
CascadeMinimizer.cc[219] : (in function: improveOnce) - Minimization success! status=0
ToyMCSamplerOpt.cc[146] : (in function: generateAsimov) - Using internal logic for binned/unbinned Asimov dataset generation
ToyMCSamplerOpt.cc[214] : (in function: generateWithHisto) - Generating asimov with histogram for pdf pdf_binpass_LOW_obsOnly: in 3 x-bins
ToyMCSamplerOpt.cc[215] : (in function: generateWithHisto) -  , in 1 y-bins
ToyMCSamplerOpt.cc[146] : (in function: generateAsimov) - Using internal logic for binned/unbinned Asimov dataset generation
ToyMCSamplerOpt.cc[214] : (in function: generateWithHisto) - Generating asimov with histogram for pdf pdf_binpass_SIG_obsOnly: in 1 x-bins
ToyMCSamplerOpt.cc[215] : (in function: generateWithHisto) -  , in 1 y-bins
ToyMCSamplerOpt.cc[146] : (in function: generateAsimov) - Using internal logic for binned/unbinned Asimov dataset generation
ToyMCSamplerOpt.cc[214] : (in function: generateWithHisto) - Generating asimov with histogram for pdf pdf_binpass_HIGH_obsOnly: in 5 x-bins
ToyMCSamplerOpt.cc[215] : (in function: generateWithHisto) -  , in 1 y-bins
ToyMCSamplerOpt.cc[146] : (in function: generateAsimov) - Using internal logic for binned/unbinned Asimov dataset generation
ToyMCSamplerOpt.cc[214] : (in function: generateWithHisto) - Generating asimov with histogram for pdf pdf_binfail_LOW_obsOnly: in 3 x-bins
ToyMCSamplerOpt.cc[215] : (in function: generateWithHisto) -  , in 1 y-bins
ToyMCSamplerOpt.cc[146] : (in function: generateAsimov) - Using internal logic for binned/unbinned Asimov dataset generation
ToyMCSamplerOpt.cc[214] : (in function: generateWithHisto) - Generating asimov with histogram for pdf pdf_binfail_SIG_obsOnly: in 1 x-bins
ToyMCSamplerOpt.cc[215] : (in function: generateWithHisto) -  , in 1 y-bins
ToyMCSamplerOpt.cc[146] : (in function: generateAsimov) - Using internal logic for binned/unbinned Asimov dataset generation
ToyMCSamplerOpt.cc[214] : (in function: generateWithHisto) - Generating asimov with histogram for pdf pdf_binfail_HIGH_obsOnly: in 5 x-bins
ToyMCSamplerOpt.cc[215] : (in function: generateWithHisto) -  , in 1 y-bins
AsymptoticLimits.cc[428] : (in function: runLimitExpected) - Median for expected limits = 1.15039, Sigma for expected limits = 0.586945
AsymptoticLimits.cc[191] : (in function: runLimit) - NLL at global minimum of data = -929.352 (r=0.474733)
AsymptoticLimits.cc[211] : (in function: runLimit) - NLL at global minimum of asimov = -928.82 (r=0.00974038)
AsymptoticLimits.cc[337] : (in function: getCLs) - At r = 2.745975:	q_mu = 8.33070	q_A  = 17.64241	Pmu = 0.00195	1-Pb  = 0.90558	CLs  = 0.00215
AsymptoticLimits.cc[337] : (in function: getCLs) - At r = 1.610354:	q_mu = 2.31061	q_A  = 7.15261	Pmu = 0.06425	1-Pb  = 0.87583	CLs  = 0.07336
AsymptoticLimits.cc[337] : (in function: getCLs) - At r = 2.178165:	q_mu = 4.54672	q_A  = 12.05724	Pmu = 0.01649	1-Pb  = 0.90989	CLs  = 0.01812
AsymptoticLimits.cc[337] : (in function: getCLs) - At r = 1.848453:	q_mu = 3.01331	q_A  = 9.11501	Pmu = 0.04129	1-Pb  = 0.90029	CLs  = 0.04586
AsymptoticLimits.cc[337] : (in function: getCLs) - At r = 1.765820:	q_mu = 2.60034	q_A  = 8.42319	Pmu = 0.05342	1-Pb  = 0.90143	CLs  = 0.05926
AsymptoticLimits.cc[337] : (in function: getCLs) - At r = 1.809659:	q_mu = 2.77277	q_A  = 8.78608	Pmu = 0.04794	1-Pb  = 0.90302	CLs  = 0.05309
AsymptoticLimits.cc[337] : (in function: getCLs) - At r = 1.830136:	q_mu = 2.85787	q_A  = 8.95873	Pmu = 0.04546	1-Pb  = 0.90364	CLs  = 0.05031
AsymptoticLimits.cc[337] : (in function: getCLs) - At r = 1.834784:	q_mu = 2.87750	q_A  = 8.99814	Pmu = 0.04491	1-Pb  = 0.90378	CLs  = 0.04969
AsymptoticLimits.cc[337] : (in function: getCLs) - At r = 1.832008:	q_mu = 2.86571	q_A  = 8.97459	Pmu = 0.04524	1-Pb  = 0.90370	CLs  = 0.05006
AsymptoticLimits.cc[337] : (in function: getCLs) - At r = 1.832946:	q_mu = 2.86968	q_A  = 8.98254	Pmu = 0.04513	1-Pb  = 0.90373	CLs  = 0.04994
AsymptoticLimits.cc[337] : (in function: getCLs) - At r = 1.832393:	q_mu = 2.86733	q_A  = 8.97785	Pmu = 0.04520	1-Pb  = 0.90371	CLs  = 0.05001
AsymptoticLimits.cc[337] : (in function: getCLs) - At r = 1.832581:	q_mu = 2.86812	q_A  = 8.97945	Pmu = 0.04518	1-Pb  = 0.90372	CLs  = 0.04999
AsymptoticLimits.cc[337] : (in function: getCLs) - At r = 1.832472:	q_mu = 2.86765	q_A  = 8.97852	Pmu = 0.04519	1-Pb  = 0.90371	CLs  = 0.05000
AsymptoticLimits.cc[337] : (in function: getCLs) - At r = 1.832511:	q_mu = 2.86782	q_A  = 8.97885	Pmu = 0.04518	1-Pb  = 0.90371	CLs  = 0.05000
AsymptoticLimits.cc[337] : (in function: getCLs) - At r = 1.832489:	q_mu = 2.86773	q_A  = 8.97867	Pmu = 0.04519	1-Pb  = 0.90371	CLs  = 0.05000
AsymptoticLimits.cc[337] : (in function: getCLs) - At r = 1.832497:	q_mu = 2.86776	q_A  = 8.97873	Pmu = 0.04519	1-Pb  = 0.90371	CLs  = 0.05000
AsymptoticLimits.cc[337] : (in function: getCLs) - At r = 1.832493:	q_mu = 2.86774	q_A  = 8.97870	Pmu = 0.04519	1-Pb  = 0.90371	CLs  = 0.05000
