CascadeMinimizer.cc[188] : (in function: improveOnce) - Minimization configured with Type=Minuit2, Algo=Migrad, strategy=0, tolerance=0.1
CascadeMinimizer.cc[215] : (in function: improveOnce) - Minimization finished with status=0
CascadeMinimizer.cc[219] : (in function: improveOnce) - Minimization success! status=0
ToyMCSamplerOpt.cc[146] : (in function: generateAsimov) - Using internal logic for binned/unbinned Asimov dataset generation
ToyMCSamplerOpt.cc[214] : (in function: generateWithHisto) - Generating asimov with histogram for pdf pdf_binpass_LOW_obsOnly: in 4 x-bins
ToyMCSamplerOpt.cc[215] : (in function: generateWithHisto) -  , in 1 y-bins
ToyMCSamplerOpt.cc[146] : (in function: generateAsimov) - Using internal logic for binned/unbinned Asimov dataset generation
ToyMCSamplerOpt.cc[214] : (in function: generateWithHisto) - Generating asimov with histogram for pdf pdf_binpass_SIG_obsOnly: in 3 x-bins
ToyMCSamplerOpt.cc[215] : (in function: generateWithHisto) -  , in 1 y-bins
ToyMCSamplerOpt.cc[146] : (in function: generateAsimov) - Using internal logic for binned/unbinned Asimov dataset generation
ToyMCSamplerOpt.cc[214] : (in function: generateWithHisto) - Generating asimov with histogram for pdf pdf_binpass_HIGH_obsOnly: in 7 x-bins
ToyMCSamplerOpt.cc[215] : (in function: generateWithHisto) -  , in 1 y-bins
ToyMCSamplerOpt.cc[146] : (in function: generateAsimov) - Using internal logic for binned/unbinned Asimov dataset generation
ToyMCSamplerOpt.cc[214] : (in function: generateWithHisto) - Generating asimov with histogram for pdf pdf_binfail_LOW_obsOnly: in 4 x-bins
ToyMCSamplerOpt.cc[215] : (in function: generateWithHisto) -  , in 1 y-bins
ToyMCSamplerOpt.cc[146] : (in function: generateAsimov) - Using internal logic for binned/unbinned Asimov dataset generation
ToyMCSamplerOpt.cc[214] : (in function: generateWithHisto) - Generating asimov with histogram for pdf pdf_binfail_SIG_obsOnly: in 3 x-bins
ToyMCSamplerOpt.cc[215] : (in function: generateWithHisto) -  , in 1 y-bins
ToyMCSamplerOpt.cc[146] : (in function: generateAsimov) - Using internal logic for binned/unbinned Asimov dataset generation
ToyMCSamplerOpt.cc[214] : (in function: generateWithHisto) - Generating asimov with histogram for pdf pdf_binfail_HIGH_obsOnly: in 7 x-bins
ToyMCSamplerOpt.cc[215] : (in function: generateWithHisto) -  , in 1 y-bins
AsymptoticLimits.cc[428] : (in function: runLimitExpected) - Median for expected limits = 3.46875, Sigma for expected limits = 1.7698
AsymptoticLimits.cc[191] : (in function: runLimit) - NLL at global minimum of data = -11131.7 (r=2.2111e-09)
AsymptoticLimits.cc[211] : (in function: runLimit) - NLL at global minimum of asimov = -11131.2 (r=2.33846e-06)
AsymptoticLimits.cc[337] : (in function: getCLs) - At r = 1.261176:	q_mu = 2.31917	q_A  = 1.49615	Pmu = 0.05943	1-Pb  = 0.36827	CLs  = 0.16137
AsymptoticLimits.cc[337] : (in function: getCLs) - At r = 2.522351:	q_mu = 3.96065	q_A  = 2.92447	Pmu = 0.02205	1-Pb  = 0.38096	CLs  = 0.05789
AsymptoticLimits.cc[337] : (in function: getCLs) - At r = 5.044703:	q_mu = 6.40767	q_A  = 5.17051	Pmu = 0.00545	1-Pb  = 0.39280	CLs  = 0.01387
AsymptoticLimits.cc[337] : (in function: getCLs) - At r = 2.522351:	q_mu = 3.96051	q_A  = 2.92453	Pmu = 0.02206	1-Pb  = 0.38098	CLs  = 0.05789
AsymptoticLimits.cc[337] : (in function: getCLs) - At r = 3.783527:	q_mu = 5.28250	q_A  = 4.12661	Pmu = 0.01028	1-Pb  = 0.38801	CLs  = 0.02650
AsymptoticLimits.cc[337] : (in function: getCLs) - At r = 2.963805:	q_mu = 4.45121	q_A  = 3.36687	Pmu = 0.01657	1-Pb  = 0.38382	CLs  = 0.04317
AsymptoticLimits.cc[337] : (in function: getCLs) - At r = 2.787068:	q_mu = 4.25884	q_A  = 3.19284	Pmu = 0.01853	1-Pb  = 0.38274	CLs  = 0.04841
AsymptoticLimits.cc[337] : (in function: getCLs) - At r = 2.695851:	q_mu = 4.15755	q_A  = 3.10144	Pmu = 0.01965	1-Pb  = 0.38215	CLs  = 0.05143
AsymptoticLimits.cc[337] : (in function: getCLs) - At r = 2.748113:	q_mu = 4.21575	q_A  = 3.15393	Pmu = 0.01900	1-Pb  = 0.38249	CLs  = 0.04967
AsymptoticLimits.cc[337] : (in function: getCLs) - At r = 2.729751:	q_mu = 4.19532	q_A  = 3.13552	Pmu = 0.01923	1-Pb  = 0.38237	CLs  = 0.05028
AsymptoticLimits.cc[337] : (in function: getCLs) - At r = 2.740189:	q_mu = 4.20692	q_A  = 3.14599	Pmu = 0.01910	1-Pb  = 0.38244	CLs  = 0.04993
AsymptoticLimits.cc[337] : (in function: getCLs) - At r = 2.736518:	q_mu = 4.20293	q_A  = 3.14233	Pmu = 0.01914	1-Pb  = 0.38241	CLs  = 0.05005
AsymptoticLimits.cc[337] : (in function: getCLs) - At r = 2.738579:	q_mu = 4.20515	q_A  = 3.14437	Pmu = 0.01912	1-Pb  = 0.38243	CLs  = 0.04999
AsymptoticLimits.cc[337] : (in function: getCLs) - At r = 2.737854:	q_mu = 4.20433	q_A  = 3.14365	Pmu = 0.01913	1-Pb  = 0.38243	CLs  = 0.05001
AsymptoticLimits.cc[337] : (in function: getCLs) - At r = 2.738278:	q_mu = 4.20480	q_A  = 3.14407	Pmu = 0.01912	1-Pb  = 0.38243	CLs  = 0.05000
AsymptoticLimits.cc[337] : (in function: getCLs) - At r = 2.738139:	q_mu = 4.20464	q_A  = 3.14393	Pmu = 0.01912	1-Pb  = 0.38243	CLs  = 0.05000
AsymptoticLimits.cc[337] : (in function: getCLs) - At r = 2.738197:	q_mu = 4.20479	q_A  = 3.14399	Pmu = 0.01912	1-Pb  = 0.38242	CLs  = 0.05000
AsymptoticLimits.cc[337] : (in function: getCLs) - At r = 2.738169:	q_mu = 4.20469	q_A  = 3.14396	Pmu = 0.01912	1-Pb  = 0.38243	CLs  = 0.05000
AsymptoticLimits.cc[337] : (in function: getCLs) - At r = 2.738184:	q_mu = 4.20470	q_A  = 3.14398	Pmu = 0.01912	1-Pb  = 0.38243	CLs  = 0.05000
AsymptoticLimits.cc[337] : (in function: getCLs) - At r = 2.738190:	q_mu = 4.20470	q_A  = 3.14401	Pmu = 0.01912	1-Pb  = 0.38243	CLs  = 0.05000
