CascadeMinimizer.cc[188] : (in function: improveOnce) - Minimization configured with Type=Minuit2, Algo=Migrad, strategy=0, tolerance=0.1
CascadeMinimizer.cc[215] : (in function: improveOnce) - Minimization finished with status=0
CascadeMinimizer.cc[219] : (in function: improveOnce) - Minimization success! status=0
ToyMCSamplerOpt.cc[146] : (in function: generateAsimov) - Using internal logic for binned/unbinned Asimov dataset generation
ToyMCSamplerOpt.cc[214] : (in function: generateWithHisto) - Generating asimov with histogram for pdf pdf_binpass_LOW_obsOnly: in 3 x-bins
ToyMCSamplerOpt.cc[215] : (in function: generateWithHisto) -  , in 1 y-bins
ToyMCSamplerOpt.cc[146] : (in function: generateAsimov) - Using internal logic for binned/unbinned Asimov dataset generation
ToyMCSamplerOpt.cc[214] : (in function: generateWithHisto) - Generating asimov with histogram for pdf pdf_binpass_SIG_obsOnly: in 1 x-bins
ToyMCSamplerOpt.cc[215] : (in function: generateWithHisto) -  , in 1 y-bins
ToyMCSamplerOpt.cc[146] : (in function: generateAsimov) - Using internal logic for binned/unbinned Asimov dataset generation
ToyMCSamplerOpt.cc[214] : (in function: generateWithHisto) - Generating asimov with histogram for pdf pdf_binpass_HIGH_obsOnly: in 5 x-bins
ToyMCSamplerOpt.cc[215] : (in function: generateWithHisto) -  , in 1 y-bins
ToyMCSamplerOpt.cc[146] : (in function: generateAsimov) - Using internal logic for binned/unbinned Asimov dataset generation
ToyMCSamplerOpt.cc[214] : (in function: generateWithHisto) - Generating asimov with histogram for pdf pdf_binfail_LOW_obsOnly: in 3 x-bins
ToyMCSamplerOpt.cc[215] : (in function: generateWithHisto) -  , in 1 y-bins
ToyMCSamplerOpt.cc[146] : (in function: generateAsimov) - Using internal logic for binned/unbinned Asimov dataset generation
ToyMCSamplerOpt.cc[214] : (in function: generateWithHisto) - Generating asimov with histogram for pdf pdf_binfail_SIG_obsOnly: in 1 x-bins
ToyMCSamplerOpt.cc[215] : (in function: generateWithHisto) -  , in 1 y-bins
ToyMCSamplerOpt.cc[146] : (in function: generateAsimov) - Using internal logic for binned/unbinned Asimov dataset generation
ToyMCSamplerOpt.cc[214] : (in function: generateWithHisto) - Generating asimov with histogram for pdf pdf_binfail_HIGH_obsOnly: in 5 x-bins
ToyMCSamplerOpt.cc[215] : (in function: generateWithHisto) -  , in 1 y-bins
AsymptoticLimits.cc[428] : (in function: runLimitExpected) - Median for expected limits = 0.232422, Sigma for expected limits = 0.118585
AsymptoticLimits.cc[191] : (in function: runLimit) - NLL at global minimum of data = -774.189 (r=2.98281e-07)
AsymptoticLimits.cc[211] : (in function: runLimit) - NLL at global minimum of asimov = -773.083 (r=2.98281e-07)
AsymptoticLimits.cc[337] : (in function: getCLs) - At r = 1.200000:	q_mu = 23.37538	q_A  = 20.35593	Pmu = 0.00000	1-Pb  = 0.36896	CLs  = 0.00000
AsymptoticLimits.cc[337] : (in function: getCLs) - At r = 0.600000:	q_mu = 12.54725	q_A  = 10.25254	Pmu = 0.00019	1-Pb  = 0.36005	CLs  = 0.00051
AsymptoticLimits.cc[337] : (in function: getCLs) - At r = 0.300000:	q_mu = 6.53748	q_A  = 4.99314	Pmu = 0.00494	1-Pb  = 0.36484	CLs  = 0.01354
AsymptoticLimits.cc[337] : (in function: getCLs) - At r = 0.150000:	q_mu = 3.34544	q_A  = 2.44322	Pmu = 0.03204	1-Pb  = 0.38644	CLs  = 0.08290
AsymptoticLimits.cc[337] : (in function: getCLs) - At r = 0.225000:	q_mu = 4.95827	q_A  = 3.70882	Pmu = 0.01222	1-Pb  = 0.37282	CLs  = 0.03277
AsymptoticLimits.cc[337] : (in function: getCLs) - At r = 0.182686:	q_mu = 4.05234	q_A  = 2.99206	Pmu = 0.02086	1-Pb  = 0.37962	CLs  = 0.05496
AsymptoticLimits.cc[337] : (in function: getCLs) - At r = 0.197339:	q_mu = 4.36719	q_A  = 3.23983	Pmu = 0.01730	1-Pb  = 0.37708	CLs  = 0.04587
AsymptoticLimits.cc[337] : (in function: getCLs) - At r = 0.188815:	q_mu = 4.18422	q_A  = 3.09550	Pmu = 0.01928	1-Pb  = 0.37851	CLs  = 0.05094
AsymptoticLimits.cc[337] : (in function: getCLs) - At r = 0.191734:	q_mu = 4.24693	q_A  = 3.14485	Pmu = 0.01858	1-Pb  = 0.37800	CLs  = 0.04914
AsymptoticLimits.cc[337] : (in function: getCLs) - At r = 0.190026:	q_mu = 4.21024	q_A  = 3.11596	Pmu = 0.01899	1-Pb  = 0.37830	CLs  = 0.05019
AsymptoticLimits.cc[337] : (in function: getCLs) - At r = 0.190610:	q_mu = 4.22278	q_A  = 3.12583	Pmu = 0.01884	1-Pb  = 0.37820	CLs  = 0.04983
AsymptoticLimits.cc[337] : (in function: getCLs) - At r = 0.190269:	q_mu = 4.21544	q_A  = 3.12005	Pmu = 0.01893	1-Pb  = 0.37825	CLs  = 0.05004
AsymptoticLimits.cc[337] : (in function: getCLs) - At r = 0.190385:	q_mu = 4.21794	q_A  = 3.12202	Pmu = 0.01890	1-Pb  = 0.37823	CLs  = 0.04997
AsymptoticLimits.cc[337] : (in function: getCLs) - At r = 0.190317:	q_mu = 4.21648	q_A  = 3.12086	Pmu = 0.01892	1-Pb  = 0.37825	CLs  = 0.05001
AsymptoticLimits.cc[337] : (in function: getCLs) - At r = 0.190341:	q_mu = 4.21698	q_A  = 3.12126	Pmu = 0.01891	1-Pb  = 0.37824	CLs  = 0.04999
AsymptoticLimits.cc[337] : (in function: getCLs) - At r = 0.190327:	q_mu = 4.21669	q_A  = 3.12102	Pmu = 0.01891	1-Pb  = 0.37824	CLs  = 0.05000
AsymptoticLimits.cc[337] : (in function: getCLs) - At r = 0.190332:	q_mu = 4.21679	q_A  = 3.12110	Pmu = 0.01891	1-Pb  = 0.37824	CLs  = 0.05000
AsymptoticLimits.cc[337] : (in function: getCLs) - At r = 0.190329:	q_mu = 4.21674	q_A  = 3.12106	Pmu = 0.01891	1-Pb  = 0.37824	CLs  = 0.05000
