CascadeMinimizer.cc[188] : (in function: improveOnce) - Minimization configured with Type=Minuit2, Algo=Migrad, strategy=0, tolerance=0.1
CascadeMinimizer.cc[215] : (in function: improveOnce) - Minimization finished with status=0
CascadeMinimizer.cc[219] : (in function: improveOnce) - Minimization success! status=0
ToyMCSamplerOpt.cc[146] : (in function: generateAsimov) - Using internal logic for binned/unbinned Asimov dataset generation
ToyMCSamplerOpt.cc[214] : (in function: generateWithHisto) - Generating asimov with histogram for pdf pdf_binpass_LOW_obsOnly: in 3 x-bins
ToyMCSamplerOpt.cc[215] : (in function: generateWithHisto) -  , in 1 y-bins
ToyMCSamplerOpt.cc[146] : (in function: generateAsimov) - Using internal logic for binned/unbinned Asimov dataset generation
ToyMCSamplerOpt.cc[214] : (in function: generateWithHisto) - Generating asimov with histogram for pdf pdf_binpass_SIG_obsOnly: in 1 x-bins
ToyMCSamplerOpt.cc[215] : (in function: generateWithHisto) -  , in 1 y-bins
ToyMCSamplerOpt.cc[146] : (in function: generateAsimov) - Using internal logic for binned/unbinned Asimov dataset generation
ToyMCSamplerOpt.cc[214] : (in function: generateWithHisto) - Generating asimov with histogram for pdf pdf_binpass_HIGH_obsOnly: in 5 x-bins
ToyMCSamplerOpt.cc[215] : (in function: generateWithHisto) -  , in 1 y-bins
ToyMCSamplerOpt.cc[146] : (in function: generateAsimov) - Using internal logic for binned/unbinned Asimov dataset generation
ToyMCSamplerOpt.cc[214] : (in function: generateWithHisto) - Generating asimov with histogram for pdf pdf_binfail_LOW_obsOnly: in 3 x-bins
ToyMCSamplerOpt.cc[215] : (in function: generateWithHisto) -  , in 1 y-bins
ToyMCSamplerOpt.cc[146] : (in function: generateAsimov) - Using internal logic for binned/unbinned Asimov dataset generation
ToyMCSamplerOpt.cc[214] : (in function: generateWithHisto) - Generating asimov with histogram for pdf pdf_binfail_SIG_obsOnly: in 1 x-bins
ToyMCSamplerOpt.cc[215] : (in function: generateWithHisto) -  , in 1 y-bins
ToyMCSamplerOpt.cc[146] : (in function: generateAsimov) - Using internal logic for binned/unbinned Asimov dataset generation
ToyMCSamplerOpt.cc[214] : (in function: generateWithHisto) - Generating asimov with histogram for pdf pdf_binfail_HIGH_obsOnly: in 5 x-bins
ToyMCSamplerOpt.cc[215] : (in function: generateWithHisto) -  , in 1 y-bins
AsymptoticLimits.cc[428] : (in function: runLimitExpected) - Median for expected limits = 1.24609, Sigma for expected limits = 0.635774
AsymptoticLimits.cc[191] : (in function: runLimit) - NLL at global minimum of data = -781.323 (r=1.78656)
AsymptoticLimits.cc[211] : (in function: runLimit) - NLL at global minimum of asimov = -776.351 (r=0.00184005)
AsymptoticLimits.cc[337] : (in function: getCLs) - At r = 3.453156:	q_mu = 5.45144	q_A  = 18.23580	Pmu = 0.00978	1-Pb  = 0.97354	CLs  = 0.01004
AsymptoticLimits.cc[337] : (in function: getCLs) - At r = 2.619860:	q_mu = 1.70000	q_A  = 12.27282	Pmu = 0.09614	1-Pb  = 0.98608	CLs  = 0.09750
AsymptoticLimits.cc[337] : (in function: getCLs) - At r = 3.036508:	q_mu = 3.39334	q_A  = 15.17166	Pmu = 0.03273	1-Pb  = 0.97996	CLs  = 0.03340
AsymptoticLimits.cc[337] : (in function: getCLs) - At r = 2.827643:	q_mu = 2.49022	q_A  = 13.69444	Pmu = 0.05728	1-Pb  = 0.98310	CLs  = 0.05826
AsymptoticLimits.cc[337] : (in function: getCLs) - At r = 2.915340:	q_mu = 2.85726	q_A  = 14.30874	Pmu = 0.04548	1-Pb  = 0.98180	CLs  = 0.04632
AsymptoticLimits.cc[337] : (in function: getCLs) - At r = 2.874437:	q_mu = 2.68375	q_A  = 14.02068	Pmu = 0.05069	1-Pb  = 0.98241	CLs  = 0.05160
AsymptoticLimits.cc[337] : (in function: getCLs) - At r = 2.892159:	q_mu = 2.75847	q_A  = 14.14525	Pmu = 0.04837	1-Pb  = 0.98214	CLs  = 0.04925
AsymptoticLimits.cc[337] : (in function: getCLs) - At r = 2.884009:	q_mu = 2.72399	q_A  = 14.08790	Pmu = 0.04943	1-Pb  = 0.98226	CLs  = 0.05032
AsymptoticLimits.cc[337] : (in function: getCLs) - At r = 2.887564:	q_mu = 2.73900	q_A  = 14.11289	Pmu = 0.04896	1-Pb  = 0.98221	CLs  = 0.04985
AsymptoticLimits.cc[337] : (in function: getCLs) - At r = 2.885937:	q_mu = 2.73213	q_A  = 14.10146	Pmu = 0.04917	1-Pb  = 0.98224	CLs  = 0.05006
AsymptoticLimits.cc[337] : (in function: getCLs) - At r = 2.886648:	q_mu = 2.73513	q_A  = 14.10646	Pmu = 0.04908	1-Pb  = 0.98222	CLs  = 0.04997
AsymptoticLimits.cc[337] : (in function: getCLs) - At r = 2.886323:	q_mu = 2.73376	q_A  = 14.10417	Pmu = 0.04912	1-Pb  = 0.98223	CLs  = 0.05001
AsymptoticLimits.cc[337] : (in function: getCLs) - At r = 2.886466:	q_mu = 2.73436	q_A  = 14.10517	Pmu = 0.04911	1-Pb  = 0.98223	CLs  = 0.04999
AsymptoticLimits.cc[337] : (in function: getCLs) - At r = 2.886401:	q_mu = 2.73411	q_A  = 14.10471	Pmu = 0.04911	1-Pb  = 0.98223	CLs  = 0.05000
AsymptoticLimits.cc[337] : (in function: getCLs) - At r = 2.886426:	q_mu = 2.73419	q_A  = 14.10489	Pmu = 0.04911	1-Pb  = 0.98223	CLs  = 0.05000
AsymptoticLimits.cc[337] : (in function: getCLs) - At r = 2.886415:	q_mu = 2.73415	q_A  = 14.10496	Pmu = 0.04911	1-Pb  = 0.98223	CLs  = 0.05000
