CascadeMinimizer.cc[188] : (in function: improveOnce) - Minimization configured with Type=Minuit2, Algo=Migrad, strategy=0, tolerance=0.1
CascadeMinimizer.cc[215] : (in function: improveOnce) - Minimization finished with status=0
CascadeMinimizer.cc[219] : (in function: improveOnce) - Minimization success! status=0
ToyMCSamplerOpt.cc[146] : (in function: generateAsimov) - Using internal logic for binned/unbinned Asimov dataset generation
ToyMCSamplerOpt.cc[214] : (in function: generateWithHisto) - Generating asimov with histogram for pdf pdf_binpass_LOW_obsOnly: in 3 x-bins
ToyMCSamplerOpt.cc[215] : (in function: generateWithHisto) -  , in 1 y-bins
ToyMCSamplerOpt.cc[146] : (in function: generateAsimov) - Using internal logic for binned/unbinned Asimov dataset generation
ToyMCSamplerOpt.cc[214] : (in function: generateWithHisto) - Generating asimov with histogram for pdf pdf_binpass_SIG_obsOnly: in 1 x-bins
ToyMCSamplerOpt.cc[215] : (in function: generateWithHisto) -  , in 1 y-bins
ToyMCSamplerOpt.cc[146] : (in function: generateAsimov) - Using internal logic for binned/unbinned Asimov dataset generation
ToyMCSamplerOpt.cc[214] : (in function: generateWithHisto) - Generating asimov with histogram for pdf pdf_binpass_HIGH_obsOnly: in 5 x-bins
ToyMCSamplerOpt.cc[215] : (in function: generateWithHisto) -  , in 1 y-bins
ToyMCSamplerOpt.cc[146] : (in function: generateAsimov) - Using internal logic for binned/unbinned Asimov dataset generation
ToyMCSamplerOpt.cc[214] : (in function: generateWithHisto) - Generating asimov with histogram for pdf pdf_binfail_LOW_obsOnly: in 3 x-bins
ToyMCSamplerOpt.cc[215] : (in function: generateWithHisto) -  , in 1 y-bins
ToyMCSamplerOpt.cc[146] : (in function: generateAsimov) - Using internal logic for binned/unbinned Asimov dataset generation
ToyMCSamplerOpt.cc[214] : (in function: generateWithHisto) - Generating asimov with histogram for pdf pdf_binfail_SIG_obsOnly: in 1 x-bins
ToyMCSamplerOpt.cc[215] : (in function: generateWithHisto) -  , in 1 y-bins
ToyMCSamplerOpt.cc[146] : (in function: generateAsimov) - Using internal logic for binned/unbinned Asimov dataset generation
ToyMCSamplerOpt.cc[214] : (in function: generateWithHisto) - Generating asimov with histogram for pdf pdf_binfail_HIGH_obsOnly: in 5 x-bins
ToyMCSamplerOpt.cc[215] : (in function: generateWithHisto) -  , in 1 y-bins
AsymptoticLimits.cc[428] : (in function: runLimitExpected) - Median for expected limits = 0.479492, Sigma for expected limits = 0.244643
AsymptoticLimits.cc[191] : (in function: runLimit) - NLL at global minimum of data = -777.41 (r=3.56019e-08)
AsymptoticLimits.cc[211] : (in function: runLimit) - NLL at global minimum of asimov = -775.958 (r=2.44856e-06)
AsymptoticLimits.cc[337] : (in function: getCLs) - At r = 1.200000:	q_mu = 20.35143	q_A  = 21.24007	Pmu = 0.00000	1-Pb  = 0.53881	CLs  = 0.00001
AsymptoticLimits.cc[337] : (in function: getCLs) - At r = 0.600000:	q_mu = 9.80583	q_A  = 5.54380	Pmu = 0.00056	1-Pb  = 0.18271	CLs  = 0.00305
AsymptoticLimits.cc[337] : (in function: getCLs) - At r = 0.300000:	q_mu = 4.53302	q_A  = 1.77674	Pmu = 0.00897	1-Pb  = 0.15059	CLs  = 0.05957
AsymptoticLimits.cc[337] : (in function: getCLs) - At r = 0.450000:	q_mu = 7.14180	q_A  = 3.45190	Pmu = 0.00218	1-Pb  = 0.16035	CLs  = 0.01359
AsymptoticLimits.cc[337] : (in function: getCLs) - At r = 0.375000:	q_mu = 5.82631	q_A  = 2.53999	Pmu = 0.00434	1-Pb  = 0.15127	CLs  = 0.02866
AsymptoticLimits.cc[337] : (in function: getCLs) - At r = 0.329359:	q_mu = 5.03523	q_A  = 2.05327	Pmu = 0.00669	1-Pb  = 0.14905	CLs  = 0.04489
AsymptoticLimits.cc[337] : (in function: getCLs) - At r = 0.314537:	q_mu = 4.78123	q_A  = 1.90950	Pmu = 0.00774	1-Pb  = 0.14938	CLs  = 0.05182
AsymptoticLimits.cc[337] : (in function: getCLs) - At r = 0.320449:	q_mu = 4.88245	q_A  = 1.96586	Pmu = 0.00730	1-Pb  = 0.14915	CLs  = 0.04894
AsymptoticLimits.cc[337] : (in function: getCLs) - At r = 0.317492:	q_mu = 4.83165	q_A  = 1.93746	Pmu = 0.00752	1-Pb  = 0.14925	CLs  = 0.05036
AsymptoticLimits.cc[337] : (in function: getCLs) - At r = 0.318681:	q_mu = 4.85201	q_A  = 1.94879	Pmu = 0.00743	1-Pb  = 0.14921	CLs  = 0.04979
AsymptoticLimits.cc[337] : (in function: getCLs) - At r = 0.318092:	q_mu = 4.84192	q_A  = 1.94312	Pmu = 0.00747	1-Pb  = 0.14922	CLs  = 0.05007
AsymptoticLimits.cc[337] : (in function: getCLs) - At r = 0.318331:	q_mu = 4.84600	q_A  = 1.94538	Pmu = 0.00745	1-Pb  = 0.14921	CLs  = 0.04996
AsymptoticLimits.cc[337] : (in function: getCLs) - At r = 0.318214:	q_mu = 4.84399	q_A  = 1.94423	Pmu = 0.00746	1-Pb  = 0.14921	CLs  = 0.05002
AsymptoticLimits.cc[337] : (in function: getCLs) - At r = 0.318262:	q_mu = 4.84482	q_A  = 1.94467	Pmu = 0.00746	1-Pb  = 0.14921	CLs  = 0.04999
AsymptoticLimits.cc[337] : (in function: getCLs) - At r = 0.318239:	q_mu = 4.84443	q_A  = 1.94443	Pmu = 0.00746	1-Pb  = 0.14920	CLs  = 0.05000
AsymptoticLimits.cc[337] : (in function: getCLs) - At r = 0.318249:	q_mu = 4.84460	q_A  = 1.94450	Pmu = 0.00746	1-Pb  = 0.14920	CLs  = 0.05000
AsymptoticLimits.cc[337] : (in function: getCLs) - At r = 0.318245:	q_mu = 4.84453	q_A  = 1.94444	Pmu = 0.00746	1-Pb  = 0.14920	CLs  = 0.05000
AsymptoticLimits.cc[337] : (in function: getCLs) - At r = 0.318247:	q_mu = 4.84457	q_A  = 1.94445	Pmu = 0.00746	1-Pb  = 0.14920	CLs  = 0.05000
