CascadeMinimizer.cc[188] : (in function: improveOnce) - Minimization configured with Type=Minuit2, Algo=Migrad, strategy=0, tolerance=0.1
CascadeMinimizer.cc[215] : (in function: improveOnce) - Minimization finished with status=0
CascadeMinimizer.cc[219] : (in function: improveOnce) - Minimization success! status=0
ToyMCSamplerOpt.cc[146] : (in function: generateAsimov) - Using internal logic for binned/unbinned Asimov dataset generation
ToyMCSamplerOpt.cc[214] : (in function: generateWithHisto) - Generating asimov with histogram for pdf pdf_binpass_LOW_obsOnly: in 2 x-bins
ToyMCSamplerOpt.cc[215] : (in function: generateWithHisto) -  , in 1 y-bins
ToyMCSamplerOpt.cc[146] : (in function: generateAsimov) - Using internal logic for binned/unbinned Asimov dataset generation
ToyMCSamplerOpt.cc[214] : (in function: generateWithHisto) - Generating asimov with histogram for pdf pdf_binpass_SIG_obsOnly: in 1 x-bins
ToyMCSamplerOpt.cc[215] : (in function: generateWithHisto) -  , in 1 y-bins
ToyMCSamplerOpt.cc[146] : (in function: generateAsimov) - Using internal logic for binned/unbinned Asimov dataset generation
ToyMCSamplerOpt.cc[214] : (in function: generateWithHisto) - Generating asimov with histogram for pdf pdf_binpass_HIGH_obsOnly: in 9 x-bins
ToyMCSamplerOpt.cc[215] : (in function: generateWithHisto) -  , in 1 y-bins
ToyMCSamplerOpt.cc[146] : (in function: generateAsimov) - Using internal logic for binned/unbinned Asimov dataset generation
ToyMCSamplerOpt.cc[214] : (in function: generateWithHisto) - Generating asimov with histogram for pdf pdf_binfail_LOW_obsOnly: in 2 x-bins
ToyMCSamplerOpt.cc[215] : (in function: generateWithHisto) -  , in 1 y-bins
ToyMCSamplerOpt.cc[146] : (in function: generateAsimov) - Using internal logic for binned/unbinned Asimov dataset generation
ToyMCSamplerOpt.cc[214] : (in function: generateWithHisto) - Generating asimov with histogram for pdf pdf_binfail_SIG_obsOnly: in 1 x-bins
ToyMCSamplerOpt.cc[215] : (in function: generateWithHisto) -  , in 1 y-bins
ToyMCSamplerOpt.cc[146] : (in function: generateAsimov) - Using internal logic for binned/unbinned Asimov dataset generation
ToyMCSamplerOpt.cc[214] : (in function: generateWithHisto) - Generating asimov with histogram for pdf pdf_binfail_HIGH_obsOnly: in 9 x-bins
ToyMCSamplerOpt.cc[215] : (in function: generateWithHisto) -  , in 1 y-bins
AsymptoticLimits.cc[428] : (in function: runLimitExpected) - Median for expected limits = 0.392578, Sigma for expected limits = 0.200299
AsymptoticLimits.cc[191] : (in function: runLimit) - NLL at global minimum of data = -38.2988 (r=2.04703e-06)
AsymptoticLimits.cc[211] : (in function: runLimit) - NLL at global minimum of asimov = -37.1638 (r=0.000209765)
AsymptoticLimits.cc[337] : (in function: getCLs) - At r = 1.200002:	q_mu = 18.43496	q_A  = 16.28391	Pmu = 0.00001	1-Pb  = 0.39492	CLs  = 0.00002
AsymptoticLimits.cc[337] : (in function: getCLs) - At r = 0.600002:	q_mu = 8.48060	q_A  = 6.87230	Pmu = 0.00170	1-Pb  = 0.37952	CLs  = 0.00449
AsymptoticLimits.cc[337] : (in function: getCLs) - At r = 0.300002:	q_mu = 3.69688	q_A  = 2.62290	Pmu = 0.02552	1-Pb  = 0.37011	CLs  = 0.06896
AsymptoticLimits.cc[337] : (in function: getCLs) - At r = 0.450002:	q_mu = 6.04575	q_A  = 4.64886	Pmu = 0.00657	1-Pb  = 0.37299	CLs  = 0.01761
AsymptoticLimits.cc[337] : (in function: getCLs) - At r = 0.358263:	q_mu = 4.59421	q_A  = 3.37647	Pmu = 0.01505	1-Pb  = 0.37019	CLs  = 0.04064
AsymptoticLimits.cc[337] : (in function: getCLs) - At r = 0.328346:	q_mu = 4.13038	q_A  = 2.97872	Pmu = 0.01972	1-Pb  = 0.36932	CLs  = 0.05340
AsymptoticLimits.cc[337] : (in function: getCLs) - At r = 0.340096:	q_mu = 4.31180	q_A  = 3.13373	Pmu = 0.01773	1-Pb  = 0.36966	CLs  = 0.04797
AsymptoticLimits.cc[337] : (in function: getCLs) - At r = 0.334115:	q_mu = 4.21930	q_A  = 3.05458	Pmu = 0.01872	1-Pb  = 0.36949	CLs  = 0.05066
AsymptoticLimits.cc[337] : (in function: getCLs) - At r = 0.336467:	q_mu = 4.25563	q_A  = 3.08562	Pmu = 0.01833	1-Pb  = 0.36955	CLs  = 0.04959
AsymptoticLimits.cc[337] : (in function: getCLs) - At r = 0.335271:	q_mu = 4.23714	q_A  = 3.06979	Pmu = 0.01852	1-Pb  = 0.36952	CLs  = 0.05013
AsymptoticLimits.cc[337] : (in function: getCLs) - At r = 0.335743:	q_mu = 4.24442	q_A  = 3.07599	Pmu = 0.01845	1-Pb  = 0.36953	CLs  = 0.04992
AsymptoticLimits.cc[337] : (in function: getCLs) - At r = 0.335504:	q_mu = 4.24073	q_A  = 3.07282	Pmu = 0.01849	1-Pb  = 0.36952	CLs  = 0.05003
AsymptoticLimits.cc[337] : (in function: getCLs) - At r = 0.335600:	q_mu = 4.24219	q_A  = 3.07405	Pmu = 0.01847	1-Pb  = 0.36952	CLs  = 0.04998
AsymptoticLimits.cc[337] : (in function: getCLs) - At r = 0.335552:	q_mu = 4.24146	q_A  = 3.07340	Pmu = 0.01848	1-Pb  = 0.36952	CLs  = 0.05001
AsymptoticLimits.cc[337] : (in function: getCLs) - At r = 0.335572:	q_mu = 4.24176	q_A  = 3.07364	Pmu = 0.01847	1-Pb  = 0.36951	CLs  = 0.05000
AsymptoticLimits.cc[337] : (in function: getCLs) - At r = 0.335564:	q_mu = 4.24162	q_A  = 3.07350	Pmu = 0.01848	1-Pb  = 0.36951	CLs  = 0.05000
AsymptoticLimits.cc[337] : (in function: getCLs) - At r = 0.335568:	q_mu = 4.24168	q_A  = 3.07353	Pmu = 0.01848	1-Pb  = 0.36951	CLs  = 0.05000
