CascadeMinimizer.cc[188] : (in function: improveOnce) - Minimization configured with Type=Minuit2, Algo=Migrad, strategy=0, tolerance=0.1
CascadeMinimizer.cc[215] : (in function: improveOnce) - Minimization finished with status=0
CascadeMinimizer.cc[219] : (in function: improveOnce) - Minimization success! status=0
ToyMCSamplerOpt.cc[146] : (in function: generateAsimov) - Using internal logic for binned/unbinned Asimov dataset generation
ToyMCSamplerOpt.cc[214] : (in function: generateWithHisto) - Generating asimov with histogram for pdf pdf_binpass_LOW_obsOnly: in 3 x-bins
ToyMCSamplerOpt.cc[215] : (in function: generateWithHisto) -  , in 1 y-bins
ToyMCSamplerOpt.cc[146] : (in function: generateAsimov) - Using internal logic for binned/unbinned Asimov dataset generation
ToyMCSamplerOpt.cc[214] : (in function: generateWithHisto) - Generating asimov with histogram for pdf pdf_binpass_SIG_obsOnly: in 1 x-bins
ToyMCSamplerOpt.cc[215] : (in function: generateWithHisto) -  , in 1 y-bins
ToyMCSamplerOpt.cc[146] : (in function: generateAsimov) - Using internal logic for binned/unbinned Asimov dataset generation
ToyMCSamplerOpt.cc[214] : (in function: generateWithHisto) - Generating asimov with histogram for pdf pdf_binpass_HIGH_obsOnly: in 3 x-bins
ToyMCSamplerOpt.cc[215] : (in function: generateWithHisto) -  , in 1 y-bins
ToyMCSamplerOpt.cc[146] : (in function: generateAsimov) - Using internal logic for binned/unbinned Asimov dataset generation
ToyMCSamplerOpt.cc[214] : (in function: generateWithHisto) - Generating asimov with histogram for pdf pdf_binfail_LOW_obsOnly: in 3 x-bins
ToyMCSamplerOpt.cc[215] : (in function: generateWithHisto) -  , in 1 y-bins
ToyMCSamplerOpt.cc[146] : (in function: generateAsimov) - Using internal logic for binned/unbinned Asimov dataset generation
ToyMCSamplerOpt.cc[214] : (in function: generateWithHisto) - Generating asimov with histogram for pdf pdf_binfail_SIG_obsOnly: in 1 x-bins
ToyMCSamplerOpt.cc[215] : (in function: generateWithHisto) -  , in 1 y-bins
ToyMCSamplerOpt.cc[146] : (in function: generateAsimov) - Using internal logic for binned/unbinned Asimov dataset generation
ToyMCSamplerOpt.cc[214] : (in function: generateWithHisto) - Generating asimov with histogram for pdf pdf_binfail_HIGH_obsOnly: in 3 x-bins
ToyMCSamplerOpt.cc[215] : (in function: generateWithHisto) -  , in 1 y-bins
AsymptoticLimits.cc[428] : (in function: runLimitExpected) - Median for expected limits = 2.875, Sigma for expected limits = 1.46686
AsymptoticLimits.cc[191] : (in function: runLimit) - NLL at global minimum of data = -691.914 (r=2.18518)
AsymptoticLimits.cc[211] : (in function: runLimit) - NLL at global minimum of asimov = -688.384 (r=0.00527943)
AsymptoticLimits.cc[337] : (in function: getCLs) - At r = 5.136422:	q_mu = 2.81313	q_A  = 8.72438	Pmu = 0.04675	1-Pb  = 0.89911	CLs  = 0.05199
AsymptoticLimits.cc[337] : (in function: getCLs) - At r = 10.272843:	q_mu = 9.83468	q_A  = 18.18888	Pmu = 0.00086	1-Pb  = 0.87051	CLs  = 0.00098
AsymptoticLimits.cc[337] : (in function: getCLs) - At r = 6.229012:	q_mu = 4.30976	q_A  = 10.93700	Pmu = 0.01895	1-Pb  = 0.89086	CLs  = 0.02127
AsymptoticLimits.cc[337] : (in function: getCLs) - At r = 4.207096:	q_mu = 1.61765	q_A  = 6.75482	Pmu = 0.10171	1-Pb  = 0.90777	CLs  = 0.11204
AsymptoticLimits.cc[337] : (in function: getCLs) - At r = 5.396915:	q_mu = 3.16449	q_A  = 9.26360	Pmu = 0.03763	1-Pb  = 0.89701	CLs  = 0.04195
AsymptoticLimits.cc[337] : (in function: getCLs) - At r = 4.988832:	q_mu = 2.61634	q_A  = 8.41712	Pmu = 0.05288	1-Pb  = 0.90038	CLs  = 0.05874
AsymptoticLimits.cc[337] : (in function: getCLs) - At r = 5.226615:	q_mu = 2.93420	q_A  = 8.91214	Pmu = 0.04336	1-Pb  = 0.89838	CLs  = 0.04827
AsymptoticLimits.cc[337] : (in function: getCLs) - At r = 5.144852:	q_mu = 2.82441	q_A  = 8.74245	Pmu = 0.04642	1-Pb  = 0.89905	CLs  = 0.05163
AsymptoticLimits.cc[337] : (in function: getCLs) - At r = 5.192373:	q_mu = 2.88816	q_A  = 8.84107	Pmu = 0.04462	1-Pb  = 0.89866	CLs  = 0.04965
AsymptoticLimits.cc[337] : (in function: getCLs) - At r = 5.176013:	q_mu = 2.86616	q_A  = 8.80709	Pmu = 0.04523	1-Pb  = 0.89879	CLs  = 0.05032
AsymptoticLimits.cc[337] : (in function: getCLs) - At r = 5.185526:	q_mu = 2.87894	q_A  = 8.82680	Pmu = 0.04487	1-Pb  = 0.89871	CLs  = 0.04993
AsymptoticLimits.cc[337] : (in function: getCLs) - At r = 5.182262:	q_mu = 2.87455	q_A  = 8.81976	Pmu = 0.04500	1-Pb  = 0.89873	CLs  = 0.05007
AsymptoticLimits.cc[337] : (in function: getCLs) - At r = 5.184170:	q_mu = 2.87711	q_A  = 8.82367	Pmu = 0.04492	1-Pb  = 0.89871	CLs  = 0.04999
AsymptoticLimits.cc[337] : (in function: getCLs) - At r = 5.183524:	q_mu = 2.87624	q_A  = 8.82218	Pmu = 0.04495	1-Pb  = 0.89872	CLs  = 0.05001
AsymptoticLimits.cc[337] : (in function: getCLs) - At r = 5.183909:	q_mu = 2.87676	q_A  = 8.82294	Pmu = 0.04493	1-Pb  = 0.89871	CLs  = 0.05000
AsymptoticLimits.cc[337] : (in function: getCLs) - At r = 5.183783:	q_mu = 2.87659	q_A  = 8.82267	Pmu = 0.04494	1-Pb  = 0.89871	CLs  = 0.05000
AsymptoticLimits.cc[337] : (in function: getCLs) - At r = 5.183835:	q_mu = 2.87666	q_A  = 8.82274	Pmu = 0.04494	1-Pb  = 0.89871	CLs  = 0.05000
AsymptoticLimits.cc[337] : (in function: getCLs) - At r = 5.183861:	q_mu = 2.87675	q_A  = 8.82276	Pmu = 0.04493	1-Pb  = 0.89871	CLs  = 0.05000
AsymptoticLimits.cc[337] : (in function: getCLs) - At r = 5.183845:	q_mu = 2.87668	q_A  = 8.82272	Pmu = 0.04494	1-Pb  = 0.89871	CLs  = 0.05000
