CascadeMinimizer.cc[188] : (in function: improveOnce) - Minimization configured with Type=Minuit2, Algo=Migrad, strategy=0, tolerance=0.1
CascadeMinimizer.cc[215] : (in function: improveOnce) - Minimization finished with status=0
CascadeMinimizer.cc[219] : (in function: improveOnce) - Minimization success! status=0
ToyMCSamplerOpt.cc[146] : (in function: generateAsimov) - Using internal logic for binned/unbinned Asimov dataset generation
ToyMCSamplerOpt.cc[214] : (in function: generateWithHisto) - Generating asimov with histogram for pdf pdf_binpass_LOW_obsOnly: in 3 x-bins
ToyMCSamplerOpt.cc[215] : (in function: generateWithHisto) -  , in 1 y-bins
ToyMCSamplerOpt.cc[146] : (in function: generateAsimov) - Using internal logic for binned/unbinned Asimov dataset generation
ToyMCSamplerOpt.cc[214] : (in function: generateWithHisto) - Generating asimov with histogram for pdf pdf_binpass_SIG_obsOnly: in 1 x-bins
ToyMCSamplerOpt.cc[215] : (in function: generateWithHisto) -  , in 1 y-bins
ToyMCSamplerOpt.cc[146] : (in function: generateAsimov) - Using internal logic for binned/unbinned Asimov dataset generation
ToyMCSamplerOpt.cc[214] : (in function: generateWithHisto) - Generating asimov with histogram for pdf pdf_binpass_HIGH_obsOnly: in 3 x-bins
ToyMCSamplerOpt.cc[215] : (in function: generateWithHisto) -  , in 1 y-bins
ToyMCSamplerOpt.cc[146] : (in function: generateAsimov) - Using internal logic for binned/unbinned Asimov dataset generation
ToyMCSamplerOpt.cc[214] : (in function: generateWithHisto) - Generating asimov with histogram for pdf pdf_binfail_LOW_obsOnly: in 3 x-bins
ToyMCSamplerOpt.cc[215] : (in function: generateWithHisto) -  , in 1 y-bins
ToyMCSamplerOpt.cc[146] : (in function: generateAsimov) - Using internal logic for binned/unbinned Asimov dataset generation
ToyMCSamplerOpt.cc[214] : (in function: generateWithHisto) - Generating asimov with histogram for pdf pdf_binfail_SIG_obsOnly: in 1 x-bins
ToyMCSamplerOpt.cc[215] : (in function: generateWithHisto) -  , in 1 y-bins
ToyMCSamplerOpt.cc[146] : (in function: generateAsimov) - Using internal logic for binned/unbinned Asimov dataset generation
ToyMCSamplerOpt.cc[214] : (in function: generateWithHisto) - Generating asimov with histogram for pdf pdf_binfail_HIGH_obsOnly: in 3 x-bins
ToyMCSamplerOpt.cc[215] : (in function: generateWithHisto) -  , in 1 y-bins
AsymptoticLimits.cc[428] : (in function: runLimitExpected) - Median for expected limits = 1.82812, Sigma for expected limits = 0.932734
AsymptoticLimits.cc[191] : (in function: runLimit) - NLL at global minimum of data = -691.891 (r=2.16155)
AsymptoticLimits.cc[211] : (in function: runLimit) - NLL at global minimum of asimov = -688.678 (r=0.000778216)
AsymptoticLimits.cc[337] : (in function: getCLs) - At r = 16.067920:	q_mu = 19.69743	q_A  = 30.08550	Pmu = 0.00000	1-Pb  = 0.85241	CLs  = 0.00001
AsymptoticLimits.cc[337] : (in function: getCLs) - At r = 9.114733:	q_mu = 9.52319	q_A  = 19.80440	Pmu = 0.00101	1-Pb  = 0.91376	CLs  = 0.00111
AsymptoticLimits.cc[337] : (in function: getCLs) - At r = 5.638139:	q_mu = 4.08086	q_A  = 13.26504	Pmu = 0.02169	1-Pb  = 0.94760	CLs  = 0.02288
AsymptoticLimits.cc[337] : (in function: getCLs) - At r = 3.899842:	q_mu = 1.72577	q_A  = 9.32714	Pmu = 0.09448	1-Pb  = 0.95910	CLs  = 0.09850
AsymptoticLimits.cc[337] : (in function: getCLs) - At r = 4.893535:	q_mu = 2.99681	q_A  = 11.64413	Pmu = 0.04171	1-Pb  = 0.95364	CLs  = 0.04374
AsymptoticLimits.cc[337] : (in function: getCLs) - At r = 4.563862:	q_mu = 2.54662	q_A  = 10.89888	Pmu = 0.05527	1-Pb  = 0.95595	CLs  = 0.05781
AsymptoticLimits.cc[337] : (in function: getCLs) - At r = 4.701150:	q_mu = 2.73123	q_A  = 11.21048	Pmu = 0.04920	1-Pb  = 0.95502	CLs  = 0.05152
AsymptoticLimits.cc[337] : (in function: getCLs) - At r = 4.767781:	q_mu = 2.82229	q_A  = 11.36110	Pmu = 0.04648	1-Pb  = 0.95455	CLs  = 0.04870
AsymptoticLimits.cc[337] : (in function: getCLs) - At r = 4.729451:	q_mu = 2.76974	q_A  = 11.27450	Pmu = 0.04803	1-Pb  = 0.95482	CLs  = 0.05030
AsymptoticLimits.cc[337] : (in function: getCLs) - At r = 4.742827:	q_mu = 2.78801	q_A  = 11.30477	Pmu = 0.04749	1-Pb  = 0.95473	CLs  = 0.04974
AsymptoticLimits.cc[337] : (in function: getCLs) - At r = 4.735178:	q_mu = 2.77752	q_A  = 11.28742	Pmu = 0.04780	1-Pb  = 0.95478	CLs  = 0.05006
AsymptoticLimits.cc[337] : (in function: getCLs) - At r = 4.737872:	q_mu = 2.78118	q_A  = 11.29352	Pmu = 0.04769	1-Pb  = 0.95476	CLs  = 0.04995
AsymptoticLimits.cc[337] : (in function: getCLs) - At r = 4.736353:	q_mu = 2.77907	q_A  = 11.29008	Pmu = 0.04775	1-Pb  = 0.95477	CLs  = 0.05001
AsymptoticLimits.cc[337] : (in function: getCLs) - At r = 4.736912:	q_mu = 2.77981	q_A  = 11.29134	Pmu = 0.04773	1-Pb  = 0.95477	CLs  = 0.04999
AsymptoticLimits.cc[337] : (in function: getCLs) - At r = 4.736621:	q_mu = 2.77938	q_A  = 11.29069	Pmu = 0.04774	1-Pb  = 0.95477	CLs  = 0.05000
AsymptoticLimits.cc[337] : (in function: getCLs) - At r = 4.736752:	q_mu = 2.77953	q_A  = 11.29096	Pmu = 0.04774	1-Pb  = 0.95477	CLs  = 0.05000
AsymptoticLimits.cc[337] : (in function: getCLs) - At r = 4.736715:	q_mu = 2.77945	q_A  = 11.29086	Pmu = 0.04774	1-Pb  = 0.95477	CLs  = 0.05000
AsymptoticLimits.cc[337] : (in function: getCLs) - At r = 4.736739:	q_mu = 2.77945	q_A  = 11.29091	Pmu = 0.04774	1-Pb  = 0.95477	CLs  = 0.05000
