 <<< Combine >>> 
 <<< v10.0.1 >>>
>>> Random number generator seed is 123456
>>> Method used is FitDiagnostics
Set Default Value of Parameter r To : 1
>>> 0 out of 6 channels masked

>> Found 20 floating parameters
>> The following parameters are protected in the event of negative eigenvalues:
>> Verifying eigenvalues are all positive (iteration 0)
Eigenvalue 19 : -0.000592855
 - -0.783256	Background_rpf_2x0_par3
 - 0.469898	Background_rpf_2x0_par1
 - 0.393581	Background_rpf_2x0_par0
 - -0.103907	Background_rpf_2x0_par2
 - 0.000768351	Background_fail_HIGH_bin_10-1
>> Attempt 0 failed, remove the variable with largest eigenvector component...
>> Dropping Background_rpf_2x0_par3 from the hessian
>> Verifying eigenvalues are all positive (iteration 1)
>> All eigenvalues are positive
>> Inverting Hessian...
>> Matrix inverted
>> Note: the following parameters were dropped to make the covariance matrix pos-def:
     - Background_rpf_2x0_par3
 Fit B-only, status = 0, numBadNLL = 0, covariance quality = -1
Running Minos for POI r
>> Found 21 floating parameters
>> The following parameters are protected in the event of negative eigenvalues: r
>> Parameter r does not have a valid stencil and will be dropped
>> Verifying eigenvalues are all positive (iteration 0)
Eigenvalue 19 : -0.000593842
 - -0.782898	Background_rpf_2x0_par3
 - 0.462028	Background_rpf_2x0_par1
 - 0.403697	Background_rpf_2x0_par0
 - -0.103088	Background_rpf_2x0_par2
 - 0.000752284	Background_fail_HIGH_bin_10-1
>> Attempt 0 failed, remove the variable with largest eigenvector component...
>> Dropping Background_rpf_2x0_par3 from the hessian
>> Verifying eigenvalues are all positive (iteration 1)
>> All eigenvalues are positive
>> Inverting Hessian...
>> Matrix inverted
>> Note: the following parameters were dropped as their ranges are either too narrow or the parameter has no effect on the NLL:
     - r
>> Note: the following parameters were dropped to make the covariance matrix pos-def:
     - Background_rpf_2x0_par3
Fit S+B, status = 0, numBadNLL = 0, covariance quality = -1

 --- FitDiagnostics ---
Done! s+b fit and b-only fit should be identical
Done in 0.00 min (cpu), 0.00 min (real)
25 log messages saved to combine_logger.out
