CascadeMinimizer.cc[188] : (in function: improveOnce) - Minimization configured with Type=Minuit2, Algo=Migrad, strategy=0, tolerance=0.1
CascadeMinimizer.cc[215] : (in function: improveOnce) - Minimization finished with status=0
CascadeMinimizer.cc[219] : (in function: improveOnce) - Minimization success! status=0
ToyMCSamplerOpt.cc[146] : (in function: generateAsimov) - Using internal logic for binned/unbinned Asimov dataset generation
ToyMCSamplerOpt.cc[214] : (in function: generateWithHisto) - Generating asimov with histogram for pdf pdf_binpass_LOW_obsOnly: in 3 x-bins
ToyMCSamplerOpt.cc[215] : (in function: generateWithHisto) -  , in 1 y-bins
ToyMCSamplerOpt.cc[146] : (in function: generateAsimov) - Using internal logic for binned/unbinned Asimov dataset generation
ToyMCSamplerOpt.cc[214] : (in function: generateWithHisto) - Generating asimov with histogram for pdf pdf_binpass_SIG_obsOnly: in 1 x-bins
ToyMCSamplerOpt.cc[215] : (in function: generateWithHisto) -  , in 1 y-bins
ToyMCSamplerOpt.cc[146] : (in function: generateAsimov) - Using internal logic for binned/unbinned Asimov dataset generation
ToyMCSamplerOpt.cc[214] : (in function: generateWithHisto) - Generating asimov with histogram for pdf pdf_binpass_HIGH_obsOnly: in 3 x-bins
ToyMCSamplerOpt.cc[215] : (in function: generateWithHisto) -  , in 1 y-bins
ToyMCSamplerOpt.cc[146] : (in function: generateAsimov) - Using internal logic for binned/unbinned Asimov dataset generation
ToyMCSamplerOpt.cc[214] : (in function: generateWithHisto) - Generating asimov with histogram for pdf pdf_binfail_LOW_obsOnly: in 3 x-bins
ToyMCSamplerOpt.cc[215] : (in function: generateWithHisto) -  , in 1 y-bins
ToyMCSamplerOpt.cc[146] : (in function: generateAsimov) - Using internal logic for binned/unbinned Asimov dataset generation
ToyMCSamplerOpt.cc[214] : (in function: generateWithHisto) - Generating asimov with histogram for pdf pdf_binfail_SIG_obsOnly: in 1 x-bins
ToyMCSamplerOpt.cc[215] : (in function: generateWithHisto) -  , in 1 y-bins
ToyMCSamplerOpt.cc[146] : (in function: generateAsimov) - Using internal logic for binned/unbinned Asimov dataset generation
ToyMCSamplerOpt.cc[214] : (in function: generateWithHisto) - Generating asimov with histogram for pdf pdf_binfail_HIGH_obsOnly: in 3 x-bins
ToyMCSamplerOpt.cc[215] : (in function: generateWithHisto) -  , in 1 y-bins
AsymptoticLimits.cc[428] : (in function: runLimitExpected) - Median for expected limits = 12.1875, Sigma for expected limits = 6.21823
AsymptoticLimits.cc[191] : (in function: runLimit) - NLL at global minimum of data = -8423.53 (r=1.04377e-07)
AsymptoticLimits.cc[211] : (in function: runLimit) - NLL at global minimum of asimov = -8423.93 (r=2.98174e-06)
AsymptoticLimits.cc[337] : (in function: getCLs) - At r = 2.240784:	q_mu = 2.11725	q_A  = 0.66035	Pmu = 0.04372	1-Pb  = 0.18501	CLs  = 0.23632
AsymptoticLimits.cc[337] : (in function: getCLs) - At r = 4.481568:	q_mu = 3.49118	q_A  = 1.51375	Pmu = 0.02098	1-Pb  = 0.21081	CLs  = 0.09951
AsymptoticLimits.cc[337] : (in function: getCLs) - At r = 8.963136:	q_mu = 5.45288	q_A  = 2.97033	Pmu = 0.00727	1-Pb  = 0.23570	CLs  = 0.03084
AsymptoticLimits.cc[337] : (in function: getCLs) - At r = 4.481568:	q_mu = 3.49118	q_A  = 1.51377	Pmu = 0.02098	1-Pb  = 0.21082	CLs  = 0.09951
AsymptoticLimits.cc[337] : (in function: getCLs) - At r = 6.588007:	q_mu = 4.50254	q_A  = 2.24050	Pmu = 0.01215	1-Pb  = 0.22494	CLs  = 0.05400
AsymptoticLimits.cc[337] : (in function: getCLs) - At r = 7.324194:	q_mu = 4.81481	q_A  = 2.47604	Pmu = 0.01026	1-Pb  = 0.22870	CLs  = 0.04486
AsymptoticLimits.cc[337] : (in function: getCLs) - At r = 6.979847:	q_mu = 4.67098	q_A  = 2.36699	Pmu = 0.01109	1-Pb  = 0.22700	CLs  = 0.04885
AsymptoticLimits.cc[337] : (in function: getCLs) - At r = 6.828950:	q_mu = 4.60672	q_A  = 2.31858	Pmu = 0.01148	1-Pb  = 0.22622	CLs  = 0.05076
AsymptoticLimits.cc[337] : (in function: getCLs) - At r = 6.906540:	q_mu = 4.63985	q_A  = 2.34352	Pmu = 0.01128	1-Pb  = 0.22662	CLs  = 0.04977
AsymptoticLimits.cc[337] : (in function: getCLs) - At r = 6.876213:	q_mu = 4.62692	q_A  = 2.33378	Pmu = 0.01136	1-Pb  = 0.22647	CLs  = 0.05015
AsymptoticLimits.cc[337] : (in function: getCLs) - At r = 6.891706:	q_mu = 4.63353	q_A  = 2.33876	Pmu = 0.01132	1-Pb  = 0.22655	CLs  = 0.04995
AsymptoticLimits.cc[337] : (in function: getCLs) - At r = 6.885633:	q_mu = 4.63094	q_A  = 2.33680	Pmu = 0.01133	1-Pb  = 0.22652	CLs  = 0.05003
AsymptoticLimits.cc[337] : (in function: getCLs) - At r = 6.888732:	q_mu = 4.63226	q_A  = 2.33780	Pmu = 0.01132	1-Pb  = 0.22653	CLs  = 0.04999
AsymptoticLimits.cc[337] : (in function: getCLs) - At r = 6.887516:	q_mu = 4.63174	q_A  = 2.33741	Pmu = 0.01133	1-Pb  = 0.22652	CLs  = 0.05001
AsymptoticLimits.cc[337] : (in function: getCLs) - At r = 6.888137:	q_mu = 4.63200	q_A  = 2.33761	Pmu = 0.01133	1-Pb  = 0.22653	CLs  = 0.05000
AsymptoticLimits.cc[337] : (in function: getCLs) - At r = 6.887894:	q_mu = 4.63190	q_A  = 2.33753	Pmu = 0.01133	1-Pb  = 0.22653	CLs  = 0.05000
AsymptoticLimits.cc[337] : (in function: getCLs) - At r = 6.888018:	q_mu = 4.63195	q_A  = 2.33757	Pmu = 0.01133	1-Pb  = 0.22653	CLs  = 0.05000
AsymptoticLimits.cc[337] : (in function: getCLs) - At r = 6.887969:	q_mu = 4.63193	q_A  = 2.33756	Pmu = 0.01133	1-Pb  = 0.22653	CLs  = 0.05000
AsymptoticLimits.cc[337] : (in function: getCLs) - At r = 6.887994:	q_mu = 4.63194	q_A  = 2.33757	Pmu = 0.01133	1-Pb  = 0.22653	CLs  = 0.05000
