 <<< Combine >>> 
 <<< v10.0.1 >>>
>>> Random number generator seed is 123456
>>> Method used is FitDiagnostics
Set Default Value of Parameter mask_pass_SIG To : 1
Set Default Value of Parameter mask_pass_HIGH To : 1
Set Default Value of Parameter r To : 1
>>> 2 out of 6 channels masked

>> Found 15 floating parameters
>> The following parameters are protected in the event of negative eigenvalues:
>> Verifying eigenvalues are all positive (iteration 0)
Eigenvalue 14 : -0.00468799
 - 0.608246	CMS_EXO26004_Background_rpf_2x0_par3
 - 0.558654	CMS_EXO26004_Background_rpf_2x0_par2
 - -0.496371	CMS_EXO26004_Background_rpf_2x0_par1
 - -0.267505	CMS_EXO26004_Background_rpf_2x0_par0
 - 0.000703685	CMS_EXO26004_Background_fail_LOW_bin_2-1
>> Attempt 0 failed, remove the variable with largest eigenvector component...
>> Dropping CMS_EXO26004_Background_rpf_2x0_par3 from the hessian
>> Verifying eigenvalues are all positive (iteration 1)
>> All eigenvalues are positive
>> Inverting Hessian...
>> Matrix inverted
>> Note: the following parameters were dropped to make the covariance matrix pos-def:
     - CMS_EXO26004_Background_rpf_2x0_par3
 Fit B-only, status = 0, numBadNLL = 0, covariance quality = -1
Running Minos for POI r
>> Found 16 floating parameters
>> The following parameters are protected in the event of negative eigenvalues: r
>> Verifying eigenvalues are all positive (iteration 0)
Eigenvalue 14 : -0.00157824
 - -0.926461	r
 - 0.207757	CMS_EXO26004_Background_rpf_2x0_par1
 - 0.200624	CMS_EXO26004_Background_rpf_2x0_par2
 - 0.181273	CMS_EXO26004_Background_fail_HIGH_bin_3-1
 - -0.0935805	RNN
Eigenvalue 15 : -0.0046837
 - -0.610363	CMS_EXO26004_Background_rpf_2x0_par3
 - -0.556505	CMS_EXO26004_Background_rpf_2x0_par2
 - 0.49118	CMS_EXO26004_Background_rpf_2x0_par1
 - 0.276521	CMS_EXO26004_Background_rpf_2x0_par0
 - -0.00592187	r
>> Attempt 0 failed, remove the variable with largest eigenvector component...
>> Dropping CMS_EXO26004_Background_rpf_2x0_par3 from the hessian
>> Verifying eigenvalues are all positive (iteration 1)
Eigenvalue 14 : -0.00158957
 - -0.918428	r
 - 0.267248	CMS_EXO26004_Background_rpf_2x0_par2
 - 0.179689	CMS_EXO26004_Background_fail_HIGH_bin_3-1
 - 0.167192	CMS_EXO26004_Background_rpf_2x0_par1
 - -0.092831	RNN
>> Attempt 1 failed, remove the variable with largest eigenvector component...
>> Dropping CMS_EXO26004_Background_rpf_2x0_par2 from the hessian
>> Verifying eigenvalues are all positive (iteration 2)
Eigenvalue 13 : -0.00141591
 - -0.929252	r
 - 0.26723	CMS_EXO26004_Background_rpf_2x0_par1
 - 0.181979	CMS_EXO26004_Background_fail_HIGH_bin_3-1
 - -0.0994657	CMS_EXO26004_Background_rpf_2x0_par0
 - -0.0934847	RNN
>> Attempt 2 failed, remove the variable with largest eigenvector component...
>> Dropping CMS_EXO26004_Background_rpf_2x0_par1 from the hessian
>> Verifying eigenvalues are all positive (iteration 3)
>> All eigenvalues are positive
>> Inverting Hessian...
>> Matrix inverted
>> Note: the following parameters were dropped to make the covariance matrix pos-def:
     - CMS_EXO26004_Background_rpf_2x0_par3
     - CMS_EXO26004_Background_rpf_2x0_par2
     - CMS_EXO26004_Background_rpf_2x0_par1
Fit S+B, status = 0, numBadNLL = 0, covariance quality = -1

 --- FitDiagnostics ---
Best fit r: 49.9995  -49.9995/+0.000455542  (68% CL)
Done in 0.00 min (cpu), 0.00 min (real)
27 log messages saved to combine_logger.out
