 <<< Combine >>> 
 <<< v10.0.1 >>>
>>> Random number generator seed is 123456
>>> Method used is FitDiagnostics
Set Default Value of Parameter mask_pass_SIG To : 1
Set Default Value of Parameter mask_pass_HIGH To : 1
Set Default Value of Parameter r To : 1
>>> 2 out of 6 channels masked

>> Found 58 floating parameters
>> The following parameters are protected in the event of negative eigenvalues:
>> Verifying eigenvalues are all positive (iteration 0)
Eigenvalue 57 : -0.000854887
 - -0.64469	Background_rpf_2x0_par3
 - 0.467742	Background_rpf_2x0_par1
 - 0.43274	Background_rpf_2x0_par0
 - -0.422137	Background_rpf_2x0_par2
 - -0.00614346	Background_fail_LOW_bin_3-1
>> Attempt 0 failed, remove the variable with largest eigenvector component...
>> Dropping Background_rpf_2x0_par3 from the hessian
>> Verifying eigenvalues are all positive (iteration 1)
>> All eigenvalues are positive
>> Inverting Hessian...
>> Matrix inverted
>> Note: the following parameters were dropped to make the covariance matrix pos-def:
     - Background_rpf_2x0_par3
 Fit B-only, status = 0, numBadNLL = 0, covariance quality = -1
Running Minos for POI r
>> Found 59 floating parameters
>> The following parameters are protected in the event of negative eigenvalues: r
>> Parameter Background_rpf_2x0_par2 does not have a valid stencil and will be dropped
>> Verifying eigenvalues are all positive (iteration 0)
Eigenvalue 57 : -4.42089e-05
 - 0.732308	Background_rpf_2x0_par3
 - -0.67537	Background_rpf_2x0_par0
 - -0.0834625	Background_rpf_2x0_par1
 - 0.0250452	r
 - -0.00192919	pT
>> Attempt 0 failed, remove the variable with largest eigenvector component...
>> Dropping Background_rpf_2x0_par3 from the hessian
>> Verifying eigenvalues are all positive (iteration 1)
>> All eigenvalues are positive
>> Inverting Hessian...
>> Matrix inverted
>> Note: the following parameters were dropped as their ranges are either too narrow or the parameter has no effect on the NLL:
     - Background_rpf_2x0_par2
>> Note: the following parameters were dropped to make the covariance matrix pos-def:
     - Background_rpf_2x0_par3
Fit S+B, status = 0, numBadNLL = 0, covariance quality = -1

 --- FitDiagnostics ---
Best fit r: 2.41596  -2.41596/+47.584  (68% CL)
Done in 0.01 min (cpu), 0.01 min (real)
29 log messages saved to combine_logger.out
