CascadeMinimizer.cc[188] : (in function: improveOnce) - Minimization configured with Type=Minuit2, Algo=Migrad, strategy=0, tolerance=0.1
CascadeMinimizer.cc[215] : (in function: improveOnce) - Minimization finished with status=0
CascadeMinimizer.cc[219] : (in function: improveOnce) - Minimization success! status=0
ToyMCSamplerOpt.cc[146] : (in function: generateAsimov) - Using internal logic for binned/unbinned Asimov dataset generation
ToyMCSamplerOpt.cc[214] : (in function: generateWithHisto) - Generating asimov with histogram for pdf pdf_binpass_LOW_obsOnly: in 3 x-bins
ToyMCSamplerOpt.cc[215] : (in function: generateWithHisto) -  , in 1 y-bins
ToyMCSamplerOpt.cc[146] : (in function: generateAsimov) - Using internal logic for binned/unbinned Asimov dataset generation
ToyMCSamplerOpt.cc[214] : (in function: generateWithHisto) - Generating asimov with histogram for pdf pdf_binpass_SIG_obsOnly: in 1 x-bins
ToyMCSamplerOpt.cc[215] : (in function: generateWithHisto) -  , in 1 y-bins
ToyMCSamplerOpt.cc[146] : (in function: generateAsimov) - Using internal logic for binned/unbinned Asimov dataset generation
ToyMCSamplerOpt.cc[214] : (in function: generateWithHisto) - Generating asimov with histogram for pdf pdf_binpass_HIGH_obsOnly: in 3 x-bins
ToyMCSamplerOpt.cc[215] : (in function: generateWithHisto) -  , in 1 y-bins
ToyMCSamplerOpt.cc[146] : (in function: generateAsimov) - Using internal logic for binned/unbinned Asimov dataset generation
ToyMCSamplerOpt.cc[214] : (in function: generateWithHisto) - Generating asimov with histogram for pdf pdf_binfail_LOW_obsOnly: in 3 x-bins
ToyMCSamplerOpt.cc[215] : (in function: generateWithHisto) -  , in 1 y-bins
ToyMCSamplerOpt.cc[146] : (in function: generateAsimov) - Using internal logic for binned/unbinned Asimov dataset generation
ToyMCSamplerOpt.cc[214] : (in function: generateWithHisto) - Generating asimov with histogram for pdf pdf_binfail_SIG_obsOnly: in 1 x-bins
ToyMCSamplerOpt.cc[215] : (in function: generateWithHisto) -  , in 1 y-bins
ToyMCSamplerOpt.cc[146] : (in function: generateAsimov) - Using internal logic for binned/unbinned Asimov dataset generation
ToyMCSamplerOpt.cc[214] : (in function: generateWithHisto) - Generating asimov with histogram for pdf pdf_binfail_HIGH_obsOnly: in 3 x-bins
ToyMCSamplerOpt.cc[215] : (in function: generateWithHisto) -  , in 1 y-bins
AsymptoticLimits.cc[428] : (in function: runLimitExpected) - Median for expected limits = 1.07812, Sigma for expected limits = 0.550074
AsymptoticLimits.cc[191] : (in function: runLimit) - NLL at global minimum of data = -8392.36 (r=1.33334e-07)
AsymptoticLimits.cc[211] : (in function: runLimit) - NLL at global minimum of asimov = -8391.53 (r=5.84889e-06)
AsymptoticLimits.cc[337] : (in function: getCLs) - At r = 1.200000:	q_mu = 6.02572	q_A  = 4.27590	Pmu = 0.00637	1-Pb  = 0.33611	CLs  = 0.01895
AsymptoticLimits.cc[337] : (in function: getCLs) - At r = 0.600000:	q_mu = 3.40850	q_A  = 2.04568	Pmu = 0.02828	1-Pb  = 0.31689	CLs  = 0.08924
AsymptoticLimits.cc[337] : (in function: getCLs) - At r = 0.899482:	q_mu = 4.78303	q_A  = 3.19302	Pmu = 0.01281	1-Pb  = 0.32819	CLs  = 0.03904
AsymptoticLimits.cc[337] : (in function: getCLs) - At r = 0.767902:	q_mu = 4.19824	q_A  = 2.69683	Pmu = 0.01789	1-Pb  = 0.32379	CLs  = 0.05526
AsymptoticLimits.cc[337] : (in function: getCLs) - At r = 0.824543:	q_mu = 4.45341	q_A  = 2.91205	Pmu = 0.01546	1-Pb  = 0.32577	CLs  = 0.04746
AsymptoticLimits.cc[337] : (in function: getCLs) - At r = 0.797685:	q_mu = 4.33304	q_A  = 2.81027	Pmu = 0.01656	1-Pb  = 0.32485	CLs  = 0.05098
AsymptoticLimits.cc[337] : (in function: getCLs) - At r = 0.808901:	q_mu = 4.38342	q_A  = 2.85290	Pmu = 0.01609	1-Pb  = 0.32525	CLs  = 0.04948
AsymptoticLimits.cc[337] : (in function: getCLs) - At r = 0.803508:	q_mu = 4.35928	q_A  = 2.83239	Pmu = 0.01632	1-Pb  = 0.32505	CLs  = 0.05019
AsymptoticLimits.cc[337] : (in function: getCLs) - At r = 0.805743:	q_mu = 4.36926	q_A  = 2.84085	Pmu = 0.01622	1-Pb  = 0.32513	CLs  = 0.04990
AsymptoticLimits.cc[337] : (in function: getCLs) - At r = 0.804667:	q_mu = 4.36442	q_A  = 2.83677	Pmu = 0.01627	1-Pb  = 0.32509	CLs  = 0.05004
AsymptoticLimits.cc[337] : (in function: getCLs) - At r = 0.805117:	q_mu = 4.36644	q_A  = 2.83855	Pmu = 0.01625	1-Pb  = 0.32512	CLs  = 0.04998
AsymptoticLimits.cc[337] : (in function: getCLs) - At r = 0.804900:	q_mu = 4.36553	q_A  = 2.83767	Pmu = 0.01626	1-Pb  = 0.32510	CLs  = 0.05001
AsymptoticLimits.cc[337] : (in function: getCLs) - At r = 0.804985:	q_mu = 4.36586	q_A  = 2.83798	Pmu = 0.01625	1-Pb  = 0.32510	CLs  = 0.05000
AsymptoticLimits.cc[337] : (in function: getCLs) - At r = 0.804945:	q_mu = 4.36567	q_A  = 2.83782	Pmu = 0.01626	1-Pb  = 0.32510	CLs  = 0.05000
AsymptoticLimits.cc[337] : (in function: getCLs) - At r = 0.804966:	q_mu = 4.36576	q_A  = 2.83797	Pmu = 0.01626	1-Pb  = 0.32511	CLs  = 0.05000
AsymptoticLimits.cc[337] : (in function: getCLs) - At r = 0.804956:	q_mu = 4.36578	q_A  = 2.83788	Pmu = 0.01625	1-Pb  = 0.32510	CLs  = 0.05000
AsymptoticLimits.cc[337] : (in function: getCLs) - At r = 0.804952:	q_mu = 4.36571	q_A  = 2.83785	Pmu = 0.01626	1-Pb  = 0.32510	CLs  = 0.05000
AsymptoticLimits.cc[337] : (in function: getCLs) - At r = 0.804954:	q_mu = 4.36571	q_A  = 2.83785	Pmu = 0.01626	1-Pb  = 0.32510	CLs  = 0.05000
