CascadeMinimizer.cc[188] : (in function: improveOnce) - Minimization configured with Type=Minuit2, Algo=Migrad, strategy=0, tolerance=0.1
CascadeMinimizer.cc[215] : (in function: improveOnce) - Minimization finished with status=0
CascadeMinimizer.cc[219] : (in function: improveOnce) - Minimization success! status=0
ToyMCSamplerOpt.cc[146] : (in function: generateAsimov) - Using internal logic for binned/unbinned Asimov dataset generation
ToyMCSamplerOpt.cc[214] : (in function: generateWithHisto) - Generating asimov with histogram for pdf pdf_binpass_LOW_obsOnly: in 3 x-bins
ToyMCSamplerOpt.cc[215] : (in function: generateWithHisto) -  , in 1 y-bins
ToyMCSamplerOpt.cc[146] : (in function: generateAsimov) - Using internal logic for binned/unbinned Asimov dataset generation
ToyMCSamplerOpt.cc[214] : (in function: generateWithHisto) - Generating asimov with histogram for pdf pdf_binpass_SIG_obsOnly: in 1 x-bins
ToyMCSamplerOpt.cc[215] : (in function: generateWithHisto) -  , in 1 y-bins
ToyMCSamplerOpt.cc[146] : (in function: generateAsimov) - Using internal logic for binned/unbinned Asimov dataset generation
ToyMCSamplerOpt.cc[214] : (in function: generateWithHisto) - Generating asimov with histogram for pdf pdf_binpass_HIGH_obsOnly: in 3 x-bins
ToyMCSamplerOpt.cc[215] : (in function: generateWithHisto) -  , in 1 y-bins
ToyMCSamplerOpt.cc[146] : (in function: generateAsimov) - Using internal logic for binned/unbinned Asimov dataset generation
ToyMCSamplerOpt.cc[214] : (in function: generateWithHisto) - Generating asimov with histogram for pdf pdf_binfail_LOW_obsOnly: in 3 x-bins
ToyMCSamplerOpt.cc[215] : (in function: generateWithHisto) -  , in 1 y-bins
ToyMCSamplerOpt.cc[146] : (in function: generateAsimov) - Using internal logic for binned/unbinned Asimov dataset generation
ToyMCSamplerOpt.cc[214] : (in function: generateWithHisto) - Generating asimov with histogram for pdf pdf_binfail_SIG_obsOnly: in 1 x-bins
ToyMCSamplerOpt.cc[215] : (in function: generateWithHisto) -  , in 1 y-bins
ToyMCSamplerOpt.cc[146] : (in function: generateAsimov) - Using internal logic for binned/unbinned Asimov dataset generation
ToyMCSamplerOpt.cc[214] : (in function: generateWithHisto) - Generating asimov with histogram for pdf pdf_binfail_HIGH_obsOnly: in 3 x-bins
ToyMCSamplerOpt.cc[215] : (in function: generateWithHisto) -  , in 1 y-bins
AsymptoticLimits.cc[428] : (in function: runLimitExpected) - Median for expected limits = 0.591797, Sigma for expected limits = 0.301943
AsymptoticLimits.cc[191] : (in function: runLimit) - NLL at global minimum of data = -8447.05 (r=3.06523e-09)
AsymptoticLimits.cc[211] : (in function: runLimit) - NLL at global minimum of asimov = -8446.98 (r=2.27832e-06)
AsymptoticLimits.cc[337] : (in function: getCLs) - At r = 1.200000:	q_mu = 14.38625	q_A  = 8.56119	Pmu = 0.00004	1-Pb  = 0.15977	CLs  = 0.00028
AsymptoticLimits.cc[337] : (in function: getCLs) - At r = 0.600000:	q_mu = 8.31884	q_A  = 3.90377	Pmu = 0.00099	1-Pb  = 0.13194	CLs  = 0.00751
AsymptoticLimits.cc[337] : (in function: getCLs) - At r = 0.300000:	q_mu = 4.59424	q_A  = 1.54609	Pmu = 0.00677	1-Pb  = 0.11015	CLs  = 0.06148
AsymptoticLimits.cc[337] : (in function: getCLs) - At r = 0.450000:	q_mu = 6.53154	q_A  = 2.69934	Pmu = 0.00248	1-Pb  = 0.12176	CLs  = 0.02039
AsymptoticLimits.cc[337] : (in function: getCLs) - At r = 0.352475:	q_mu = 5.29068	q_A  = 1.93753	Pmu = 0.00471	1-Pb  = 0.11420	CLs  = 0.04124
AsymptoticLimits.cc[337] : (in function: getCLs) - At r = 0.321731:	q_mu = 4.88523	q_A  = 1.70591	Pmu = 0.00581	1-Pb  = 0.11178	CLs  = 0.05202
AsymptoticLimits.cc[337] : (in function: getCLs) - At r = 0.332069:	q_mu = 5.02237	q_A  = 1.78306	Pmu = 0.00541	1-Pb  = 0.11258	CLs  = 0.04808
AsymptoticLimits.cc[337] : (in function: getCLs) - At r = 0.325891:	q_mu = 4.94047	q_A  = 1.73681	Pmu = 0.00565	1-Pb  = 0.11210	CLs  = 0.05039
AsymptoticLimits.cc[337] : (in function: getCLs) - At r = 0.327955:	q_mu = 4.96787	q_A  = 1.75219	Pmu = 0.00557	1-Pb  = 0.11225	CLs  = 0.04961
AsymptoticLimits.cc[337] : (in function: getCLs) - At r = 0.326719:	q_mu = 4.95145	q_A  = 1.74297	Pmu = 0.00562	1-Pb  = 0.11216	CLs  = 0.05008
AsymptoticLimits.cc[337] : (in function: getCLs) - At r = 0.327133:	q_mu = 4.95694	q_A  = 1.74605	Pmu = 0.00560	1-Pb  = 0.11219	CLs  = 0.04992
AsymptoticLimits.cc[337] : (in function: getCLs) - At r = 0.326885:	q_mu = 4.95365	q_A  = 1.74421	Pmu = 0.00561	1-Pb  = 0.11217	CLs  = 0.05002
AsymptoticLimits.cc[337] : (in function: getCLs) - At r = 0.326968:	q_mu = 4.95476	q_A  = 1.74482	Pmu = 0.00561	1-Pb  = 0.11217	CLs  = 0.04998
AsymptoticLimits.cc[337] : (in function: getCLs) - At r = 0.326919:	q_mu = 4.95410	q_A  = 1.74445	Pmu = 0.00561	1-Pb  = 0.11217	CLs  = 0.05000
AsymptoticLimits.cc[337] : (in function: getCLs) - At r = 0.326936:	q_mu = 4.95432	q_A  = 1.74458	Pmu = 0.00561	1-Pb  = 0.11217	CLs  = 0.05000
AsymptoticLimits.cc[337] : (in function: getCLs) - At r = 0.326926:	q_mu = 4.95419	q_A  = 1.74450	Pmu = 0.00561	1-Pb  = 0.11217	CLs  = 0.05000
AsymptoticLimits.cc[337] : (in function: getCLs) - At r = 0.326929:	q_mu = 4.95423	q_A  = 1.74453	Pmu = 0.00561	1-Pb  = 0.11217	CLs  = 0.05000
