CascadeMinimizer.cc[188] : (in function: improveOnce) - Minimization configured with Type=Minuit2, Algo=Migrad, strategy=0, tolerance=0.1
CascadeMinimizer.cc[215] : (in function: improveOnce) - Minimization finished with status=0
CascadeMinimizer.cc[219] : (in function: improveOnce) - Minimization success! status=0
ToyMCSamplerOpt.cc[146] : (in function: generateAsimov) - Using internal logic for binned/unbinned Asimov dataset generation
ToyMCSamplerOpt.cc[214] : (in function: generateWithHisto) - Generating asimov with histogram for pdf pdf_binpass_LOW_obsOnly: in 2 x-bins
ToyMCSamplerOpt.cc[215] : (in function: generateWithHisto) -  , in 1 y-bins
ToyMCSamplerOpt.cc[146] : (in function: generateAsimov) - Using internal logic for binned/unbinned Asimov dataset generation
ToyMCSamplerOpt.cc[214] : (in function: generateWithHisto) - Generating asimov with histogram for pdf pdf_binpass_SIG_obsOnly: in 1 x-bins
ToyMCSamplerOpt.cc[215] : (in function: generateWithHisto) -  , in 1 y-bins
ToyMCSamplerOpt.cc[146] : (in function: generateAsimov) - Using internal logic for binned/unbinned Asimov dataset generation
ToyMCSamplerOpt.cc[214] : (in function: generateWithHisto) - Generating asimov with histogram for pdf pdf_binpass_HIGH_obsOnly: in 9 x-bins
ToyMCSamplerOpt.cc[215] : (in function: generateWithHisto) -  , in 1 y-bins
ToyMCSamplerOpt.cc[146] : (in function: generateAsimov) - Using internal logic for binned/unbinned Asimov dataset generation
ToyMCSamplerOpt.cc[214] : (in function: generateWithHisto) - Generating asimov with histogram for pdf pdf_binfail_LOW_obsOnly: in 2 x-bins
ToyMCSamplerOpt.cc[215] : (in function: generateWithHisto) -  , in 1 y-bins
ToyMCSamplerOpt.cc[146] : (in function: generateAsimov) - Using internal logic for binned/unbinned Asimov dataset generation
ToyMCSamplerOpt.cc[214] : (in function: generateWithHisto) - Generating asimov with histogram for pdf pdf_binfail_SIG_obsOnly: in 1 x-bins
ToyMCSamplerOpt.cc[215] : (in function: generateWithHisto) -  , in 1 y-bins
ToyMCSamplerOpt.cc[146] : (in function: generateAsimov) - Using internal logic for binned/unbinned Asimov dataset generation
ToyMCSamplerOpt.cc[214] : (in function: generateWithHisto) - Generating asimov with histogram for pdf pdf_binfail_HIGH_obsOnly: in 9 x-bins
ToyMCSamplerOpt.cc[215] : (in function: generateWithHisto) -  , in 1 y-bins
AsymptoticLimits.cc[415] : (in function: runLimitExpected) - [WARNING] Best fit of asimov dataset is at r = 0.069181 (0.003459 times rMax), while it should be at zero
AsymptoticLimits.cc[428] : (in function: runLimitExpected) - Median for expected limits = 1.89062, Sigma for expected limits = 0.964622
AsymptoticLimits.cc[191] : (in function: runLimit) - NLL at global minimum of data = -11.6183 (r=0.169404)
AsymptoticLimits.cc[211] : (in function: runLimit) - NLL at global minimum of asimov = -11.6448 (r=0.0766406)
AsymptoticLimits.cc[337] : (in function: getCLs) - At r = 1.597734:	q_mu = 2.91146	q_A  = 3.05595	Pmu = 0.04398	1-Pb  = 0.51668	CLs  = 0.08511
AsymptoticLimits.cc[337] : (in function: getCLs) - At r = 3.195469:	q_mu = 7.14543	q_A  = 7.32255	Pmu = 0.00376	1-Pb  = 0.51313	CLs  = 0.00732
AsymptoticLimits.cc[337] : (in function: getCLs) - At r = 1.682436:	q_mu = 3.06196	q_A  = 3.27790	Pmu = 0.04007	1-Pb  = 0.52418	CLs  = 0.07645
AsymptoticLimits.cc[337] : (in function: getCLs) - At r = 2.438953:	q_mu = 5.10015	q_A  = 5.29760	Pmu = 0.01196	1-Pb  = 0.51727	CLs  = 0.02313
AsymptoticLimits.cc[337] : (in function: getCLs) - At r = 2.048648:	q_mu = 4.04286	q_A  = 4.25043	Pmu = 0.02218	1-Pb  = 0.52033	CLs  = 0.04263
AsymptoticLimits.cc[337] : (in function: getCLs) - At r = 1.895379:	q_mu = 3.63021	q_A  = 3.84146	Pmu = 0.02837	1-Pb  = 0.52179	CLs  = 0.05437
AsymptoticLimits.cc[337] : (in function: getCLs) - At r = 1.968250:	q_mu = 3.82608	q_A  = 4.03566	Pmu = 0.02523	1-Pb  = 0.52108	CLs  = 0.04842
AsymptoticLimits.cc[337] : (in function: getCLs) - At r = 1.937522:	q_mu = 3.74338	q_A  = 3.95369	Pmu = 0.02651	1-Pb  = 0.52138	CLs  = 0.05084
AsymptoticLimits.cc[337] : (in function: getCLs) - At r = 1.952086:	q_mu = 3.78258	q_A  = 3.99250	Pmu = 0.02589	1-Pb  = 0.52123	CLs  = 0.04968
AsymptoticLimits.cc[337] : (in function: getCLs) - At r = 1.945937:	q_mu = 3.76601	q_A  = 3.97609	Pmu = 0.02615	1-Pb  = 0.52129	CLs  = 0.05017
AsymptoticLimits.cc[337] : (in function: getCLs) - At r = 1.948853:	q_mu = 3.77385	q_A  = 3.98386	Pmu = 0.02603	1-Pb  = 0.52126	CLs  = 0.04994
AsymptoticLimits.cc[337] : (in function: getCLs) - At r = 1.947626:	q_mu = 3.77055	q_A  = 3.98056	Pmu = 0.02608	1-Pb  = 0.52127	CLs  = 0.05003
AsymptoticLimits.cc[337] : (in function: getCLs) - At r = 1.948212:	q_mu = 3.77213	q_A  = 3.98209	Pmu = 0.02606	1-Pb  = 0.52126	CLs  = 0.04999
AsymptoticLimits.cc[337] : (in function: getCLs) - At r = 1.947969:	q_mu = 3.77148	q_A  = 3.98142	Pmu = 0.02607	1-Pb  = 0.52126	CLs  = 0.05001
AsymptoticLimits.cc[337] : (in function: getCLs) - At r = 1.948089:	q_mu = 3.77180	q_A  = 3.98172	Pmu = 0.02606	1-Pb  = 0.52126	CLs  = 0.05000
AsymptoticLimits.cc[337] : (in function: getCLs) - At r = 1.948042:	q_mu = 3.77167	q_A  = 3.98158	Pmu = 0.02606	1-Pb  = 0.52126	CLs  = 0.05000
AsymptoticLimits.cc[337] : (in function: getCLs) - At r = 1.948068:	q_mu = 3.77174	q_A  = 3.98163	Pmu = 0.02606	1-Pb  = 0.52126	CLs  = 0.05000
AsymptoticLimits.cc[337] : (in function: getCLs) - At r = 1.948061:	q_mu = 3.77172	q_A  = 3.98159	Pmu = 0.02606	1-Pb  = 0.52125	CLs  = 0.05000
AsymptoticLimits.cc[337] : (in function: getCLs) - At r = 1.948065:	q_mu = 3.77173	q_A  = 3.98159	Pmu = 0.02606	1-Pb  = 0.52125	CLs  = 0.05000
