CascadeMinimizer.cc[188] : (in function: improveOnce) - Minimization configured with Type=Minuit2, Algo=Migrad, strategy=0, tolerance=0.1
CascadeMinimizer.cc[215] : (in function: improveOnce) - Minimization finished with status=0
CascadeMinimizer.cc[219] : (in function: improveOnce) - Minimization success! status=0
ToyMCSamplerOpt.cc[146] : (in function: generateAsimov) - Using internal logic for binned/unbinned Asimov dataset generation
ToyMCSamplerOpt.cc[214] : (in function: generateWithHisto) - Generating asimov with histogram for pdf pdf_binpass_LOW_obsOnly: in 3 x-bins
ToyMCSamplerOpt.cc[215] : (in function: generateWithHisto) -  , in 1 y-bins
ToyMCSamplerOpt.cc[146] : (in function: generateAsimov) - Using internal logic for binned/unbinned Asimov dataset generation
ToyMCSamplerOpt.cc[214] : (in function: generateWithHisto) - Generating asimov with histogram for pdf pdf_binpass_SIG_obsOnly: in 1 x-bins
ToyMCSamplerOpt.cc[215] : (in function: generateWithHisto) -  , in 1 y-bins
ToyMCSamplerOpt.cc[146] : (in function: generateAsimov) - Using internal logic for binned/unbinned Asimov dataset generation
ToyMCSamplerOpt.cc[214] : (in function: generateWithHisto) - Generating asimov with histogram for pdf pdf_binpass_HIGH_obsOnly: in 3 x-bins
ToyMCSamplerOpt.cc[215] : (in function: generateWithHisto) -  , in 1 y-bins
ToyMCSamplerOpt.cc[146] : (in function: generateAsimov) - Using internal logic for binned/unbinned Asimov dataset generation
ToyMCSamplerOpt.cc[214] : (in function: generateWithHisto) - Generating asimov with histogram for pdf pdf_binfail_LOW_obsOnly: in 3 x-bins
ToyMCSamplerOpt.cc[215] : (in function: generateWithHisto) -  , in 1 y-bins
ToyMCSamplerOpt.cc[146] : (in function: generateAsimov) - Using internal logic for binned/unbinned Asimov dataset generation
ToyMCSamplerOpt.cc[214] : (in function: generateWithHisto) - Generating asimov with histogram for pdf pdf_binfail_SIG_obsOnly: in 1 x-bins
ToyMCSamplerOpt.cc[215] : (in function: generateWithHisto) -  , in 1 y-bins
ToyMCSamplerOpt.cc[146] : (in function: generateAsimov) - Using internal logic for binned/unbinned Asimov dataset generation
ToyMCSamplerOpt.cc[214] : (in function: generateWithHisto) - Generating asimov with histogram for pdf pdf_binfail_HIGH_obsOnly: in 3 x-bins
ToyMCSamplerOpt.cc[215] : (in function: generateWithHisto) -  , in 1 y-bins
AsymptoticLimits.cc[428] : (in function: runLimitExpected) - Median for expected limits = 0.640625, Sigma for expected limits = 0.326856
AsymptoticLimits.cc[191] : (in function: runLimit) - NLL at global minimum of data = -8458.33 (r=0.931128)
AsymptoticLimits.cc[211] : (in function: runLimit) - NLL at global minimum of asimov = -8452.74 (r=0.00377972)
AsymptoticLimits.cc[337] : (in function: getCLs) - At r = 2.131128:	q_mu = 3.70507	q_A  = 15.96788	Pmu = 0.02712	1-Pb  = 0.98083	CLs  = 0.02765
AsymptoticLimits.cc[337] : (in function: getCLs) - At r = 1.531128:	q_mu = 1.30896	q_A  = 11.38328	Pmu = 0.12629	1-Pb  = 0.98712	CLs  = 0.12794
AsymptoticLimits.cc[337] : (in function: getCLs) - At r = 1.825539:	q_mu = 2.42505	q_A  = 13.68847	Pmu = 0.05970	1-Pb  = 0.98392	CLs  = 0.06068
AsymptoticLimits.cc[337] : (in function: getCLs) - At r = 1.946882:	q_mu = 2.92292	q_A  = 14.60709	Pmu = 0.04366	1-Pb  = 0.98267	CLs  = 0.04443
AsymptoticLimits.cc[337] : (in function: getCLs) - At r = 1.885852:	q_mu = 2.67046	q_A  = 14.14732	Pmu = 0.05111	1-Pb  = 0.98330	CLs  = 0.05198
AsymptoticLimits.cc[337] : (in function: getCLs) - At r = 1.910154:	q_mu = 2.77052	q_A  = 14.33091	Pmu = 0.04801	1-Pb  = 0.98304	CLs  = 0.04884
AsymptoticLimits.cc[337] : (in function: getCLs) - At r = 1.897955:	q_mu = 2.72019	q_A  = 14.23880	Pmu = 0.04954	1-Pb  = 0.98317	CLs  = 0.05039
AsymptoticLimits.cc[337] : (in function: getCLs) - At r = 1.902819:	q_mu = 2.74024	q_A  = 14.27553	Pmu = 0.04893	1-Pb  = 0.98312	CLs  = 0.04977
AsymptoticLimits.cc[337] : (in function: getCLs) - At r = 1.900380:	q_mu = 2.73018	q_A  = 14.25710	Pmu = 0.04923	1-Pb  = 0.98315	CLs  = 0.05008
AsymptoticLimits.cc[337] : (in function: getCLs) - At r = 1.901353:	q_mu = 2.73420	q_A  = 14.26445	Pmu = 0.04911	1-Pb  = 0.98314	CLs  = 0.04995
AsymptoticLimits.cc[337] : (in function: getCLs) - At r = 1.900865:	q_mu = 2.73218	q_A  = 14.26076	Pmu = 0.04917	1-Pb  = 0.98314	CLs  = 0.05002
AsymptoticLimits.cc[337] : (in function: getCLs) - At r = 1.901060:	q_mu = 2.73299	q_A  = 14.26223	Pmu = 0.04915	1-Pb  = 0.98314	CLs  = 0.04999
AsymptoticLimits.cc[337] : (in function: getCLs) - At r = 1.900962:	q_mu = 2.73258	q_A  = 14.26149	Pmu = 0.04916	1-Pb  = 0.98314	CLs  = 0.05000
AsymptoticLimits.cc[337] : (in function: getCLs) - At r = 1.901001:	q_mu = 2.73274	q_A  = 14.26178	Pmu = 0.04916	1-Pb  = 0.98314	CLs  = 0.05000
AsymptoticLimits.cc[337] : (in function: getCLs) - At r = 1.900982:	q_mu = 2.73266	q_A  = 14.26164	Pmu = 0.04916	1-Pb  = 0.98314	CLs  = 0.05000
AsymptoticLimits.cc[337] : (in function: getCLs) - At r = 1.900989:	q_mu = 2.73270	q_A  = 14.26169	Pmu = 0.04916	1-Pb  = 0.98314	CLs  = 0.05000
AsymptoticLimits.cc[337] : (in function: getCLs) - At r = 1.900986:	q_mu = 2.73268	q_A  = 14.26166	Pmu = 0.04916	1-Pb  = 0.98314	CLs  = 0.05000
