CascadeMinimizer.cc[188] : (in function: improveOnce) - Minimization configured with Type=Minuit2, Algo=Migrad, strategy=0, tolerance=0.1
CascadeMinimizer.cc[215] : (in function: improveOnce) - Minimization finished with status=0
CascadeMinimizer.cc[219] : (in function: improveOnce) - Minimization success! status=0
ToyMCSamplerOpt.cc[146] : (in function: generateAsimov) - Using internal logic for binned/unbinned Asimov dataset generation
ToyMCSamplerOpt.cc[214] : (in function: generateWithHisto) - Generating asimov with histogram for pdf pdf_binpass_LOW_obsOnly: in 4 x-bins
ToyMCSamplerOpt.cc[215] : (in function: generateWithHisto) -  , in 1 y-bins
ToyMCSamplerOpt.cc[146] : (in function: generateAsimov) - Using internal logic for binned/unbinned Asimov dataset generation
ToyMCSamplerOpt.cc[214] : (in function: generateWithHisto) - Generating asimov with histogram for pdf pdf_binpass_SIG_obsOnly: in 3 x-bins
ToyMCSamplerOpt.cc[215] : (in function: generateWithHisto) -  , in 1 y-bins
ToyMCSamplerOpt.cc[146] : (in function: generateAsimov) - Using internal logic for binned/unbinned Asimov dataset generation
ToyMCSamplerOpt.cc[214] : (in function: generateWithHisto) - Generating asimov with histogram for pdf pdf_binpass_HIGH_obsOnly: in 7 x-bins
ToyMCSamplerOpt.cc[215] : (in function: generateWithHisto) -  , in 1 y-bins
ToyMCSamplerOpt.cc[146] : (in function: generateAsimov) - Using internal logic for binned/unbinned Asimov dataset generation
ToyMCSamplerOpt.cc[214] : (in function: generateWithHisto) - Generating asimov with histogram for pdf pdf_binfail_LOW_obsOnly: in 4 x-bins
ToyMCSamplerOpt.cc[215] : (in function: generateWithHisto) -  , in 1 y-bins
ToyMCSamplerOpt.cc[146] : (in function: generateAsimov) - Using internal logic for binned/unbinned Asimov dataset generation
ToyMCSamplerOpt.cc[214] : (in function: generateWithHisto) - Generating asimov with histogram for pdf pdf_binfail_SIG_obsOnly: in 3 x-bins
ToyMCSamplerOpt.cc[215] : (in function: generateWithHisto) -  , in 1 y-bins
ToyMCSamplerOpt.cc[146] : (in function: generateAsimov) - Using internal logic for binned/unbinned Asimov dataset generation
ToyMCSamplerOpt.cc[214] : (in function: generateWithHisto) - Generating asimov with histogram for pdf pdf_binfail_HIGH_obsOnly: in 7 x-bins
ToyMCSamplerOpt.cc[215] : (in function: generateWithHisto) -  , in 1 y-bins
AsymptoticLimits.cc[428] : (in function: runLimitExpected) - Median for expected limits = 0.796875, Sigma for expected limits = 0.406576
AsymptoticLimits.cc[191] : (in function: runLimit) - NLL at global minimum of data = -11165.7 (r=0.989202)
AsymptoticLimits.cc[211] : (in function: runLimit) - NLL at global minimum of asimov = -11160 (r=0.00267257)
AsymptoticLimits.cc[337] : (in function: getCLs) - At r = 2.189202:	q_mu = 3.41618	q_A  = 13.16676	Pmu = 0.03228	1-Pb  = 0.96249	CLs  = 0.03354
AsymptoticLimits.cc[337] : (in function: getCLs) - At r = 1.589202:	q_mu = 1.14550	q_A  = 9.27902	Pmu = 0.14225	1-Pb  = 0.97592	CLs  = 0.14576
AsymptoticLimits.cc[337] : (in function: getCLs) - At r = 1.938739:	q_mu = 2.40141	q_A  = 11.57775	Pmu = 0.06061	1-Pb  = 0.96806	CLs  = 0.06261
AsymptoticLimits.cc[337] : (in function: getCLs) - At r = 2.061032:	q_mu = 2.88821	q_A  = 12.35976	Pmu = 0.04462	1-Pb  = 0.96533	CLs  = 0.04622
AsymptoticLimits.cc[337] : (in function: getCLs) - At r = 2.011225:	q_mu = 2.68769	q_A  = 12.04251	Pmu = 0.05056	1-Pb  = 0.96644	CLs  = 0.05232
AsymptoticLimits.cc[337] : (in function: getCLs) - At r = 2.035755:	q_mu = 2.78607	q_A  = 12.19892	Pmu = 0.04754	1-Pb  = 0.96589	CLs  = 0.04922
AsymptoticLimits.cc[337] : (in function: getCLs) - At r = 2.025808:	q_mu = 2.74610	q_A  = 12.13554	Pmu = 0.04875	1-Pb  = 0.96611	CLs  = 0.05046
AsymptoticLimits.cc[337] : (in function: getCLs) - At r = 2.030716:	q_mu = 2.76580	q_A  = 12.16682	Pmu = 0.04815	1-Pb  = 0.96600	CLs  = 0.04984
AsymptoticLimits.cc[337] : (in function: getCLs) - At r = 2.028729:	q_mu = 2.75781	q_A  = 12.15415	Pmu = 0.04839	1-Pb  = 0.96605	CLs  = 0.05009
AsymptoticLimits.cc[337] : (in function: getCLs) - At r = 2.029711:	q_mu = 2.76176	q_A  = 12.16041	Pmu = 0.04827	1-Pb  = 0.96602	CLs  = 0.04997
AsymptoticLimits.cc[337] : (in function: getCLs) - At r = 2.029314:	q_mu = 2.76016	q_A  = 12.15788	Pmu = 0.04832	1-Pb  = 0.96603	CLs  = 0.05002
AsymptoticLimits.cc[337] : (in function: getCLs) - At r = 2.029511:	q_mu = 2.76095	q_A  = 12.15913	Pmu = 0.04830	1-Pb  = 0.96603	CLs  = 0.04999
AsymptoticLimits.cc[337] : (in function: getCLs) - At r = 2.029431:	q_mu = 2.76063	q_A  = 12.15862	Pmu = 0.04831	1-Pb  = 0.96603	CLs  = 0.05000
AsymptoticLimits.cc[337] : (in function: getCLs) - At r = 2.029471:	q_mu = 2.76091	q_A  = 12.15887	Pmu = 0.04830	1-Pb  = 0.96603	CLs  = 0.05000
AsymptoticLimits.cc[337] : (in function: getCLs) - At r = 2.029453:	q_mu = 2.76076	q_A  = 12.15876	Pmu = 0.04830	1-Pb  = 0.96603	CLs  = 0.05000
AsymptoticLimits.cc[337] : (in function: getCLs) - At r = 2.029447:	q_mu = 2.76071	q_A  = 12.15872	Pmu = 0.04830	1-Pb  = 0.96603	CLs  = 0.05000
AsymptoticLimits.cc[337] : (in function: getCLs) - At r = 2.029451:	q_mu = 2.76090	q_A  = 12.15875	Pmu = 0.04830	1-Pb  = 0.96603	CLs  = 0.05000
