CascadeMinimizer.cc[188] : (in function: improveOnce) - Minimization configured with Type=Minuit2, Algo=Migrad, strategy=0, tolerance=0.1
CascadeMinimizer.cc[215] : (in function: improveOnce) - Minimization finished with status=0
CascadeMinimizer.cc[219] : (in function: improveOnce) - Minimization success! status=0
ToyMCSamplerOpt.cc[146] : (in function: generateAsimov) - Using internal logic for binned/unbinned Asimov dataset generation
ToyMCSamplerOpt.cc[214] : (in function: generateWithHisto) - Generating asimov with histogram for pdf pdf_binpass_LOW_obsOnly: in 3 x-bins
ToyMCSamplerOpt.cc[215] : (in function: generateWithHisto) -  , in 1 y-bins
ToyMCSamplerOpt.cc[146] : (in function: generateAsimov) - Using internal logic for binned/unbinned Asimov dataset generation
ToyMCSamplerOpt.cc[214] : (in function: generateWithHisto) - Generating asimov with histogram for pdf pdf_binpass_SIG_obsOnly: in 1 x-bins
ToyMCSamplerOpt.cc[215] : (in function: generateWithHisto) -  , in 1 y-bins
ToyMCSamplerOpt.cc[146] : (in function: generateAsimov) - Using internal logic for binned/unbinned Asimov dataset generation
ToyMCSamplerOpt.cc[214] : (in function: generateWithHisto) - Generating asimov with histogram for pdf pdf_binpass_HIGH_obsOnly: in 3 x-bins
ToyMCSamplerOpt.cc[215] : (in function: generateWithHisto) -  , in 1 y-bins
ToyMCSamplerOpt.cc[146] : (in function: generateAsimov) - Using internal logic for binned/unbinned Asimov dataset generation
ToyMCSamplerOpt.cc[214] : (in function: generateWithHisto) - Generating asimov with histogram for pdf pdf_binfail_LOW_obsOnly: in 3 x-bins
ToyMCSamplerOpt.cc[215] : (in function: generateWithHisto) -  , in 1 y-bins
ToyMCSamplerOpt.cc[146] : (in function: generateAsimov) - Using internal logic for binned/unbinned Asimov dataset generation
ToyMCSamplerOpt.cc[214] : (in function: generateWithHisto) - Generating asimov with histogram for pdf pdf_binfail_SIG_obsOnly: in 1 x-bins
ToyMCSamplerOpt.cc[215] : (in function: generateWithHisto) -  , in 1 y-bins
ToyMCSamplerOpt.cc[146] : (in function: generateAsimov) - Using internal logic for binned/unbinned Asimov dataset generation
ToyMCSamplerOpt.cc[214] : (in function: generateWithHisto) - Generating asimov with histogram for pdf pdf_binfail_HIGH_obsOnly: in 3 x-bins
ToyMCSamplerOpt.cc[215] : (in function: generateWithHisto) -  , in 1 y-bins
AsymptoticLimits.cc[415] : (in function: runLimitExpected) - [WARNING] Best fit of asimov dataset is at r = 0.034988 (0.001749 times rMax), while it should be at zero
AsymptoticLimits.cc[428] : (in function: runLimitExpected) - Median for expected limits = 1020, Sigma for expected limits = 520.418
AsymptoticLimits.cc[191] : (in function: runLimit) - NLL at global minimum of data = -678.535 (r=0.00976984)
AsymptoticLimits.cc[211] : (in function: runLimit) - NLL at global minimum of asimov = -678.726 (r=0.00318002)
AsymptoticLimits.cc[337] : (in function: getCLs) - At r = 982.465034:	q_mu = 3.45531	q_A  = 3.77117	Pmu = 0.03152	1-Pb  = 0.53312	CLs  = 0.05913
AsymptoticLimits.cc[337] : (in function: getCLs) - At r = 1964.930067:	q_mu = 6.97567	q_A  = 7.36782	Pmu = 0.00413	1-Pb  = 0.52919	CLs  = 0.00781
AsymptoticLimits.cc[337] : (in function: getCLs) - At r = 982.469919:	q_mu = 3.45513	q_A  = 3.69126	Pmu = 0.03153	1-Pb  = 0.52490	CLs  = 0.06006
AsymptoticLimits.cc[337] : (in function: getCLs) - At r = 1473.699993:	q_mu = 5.20711	q_A  = 5.53141	Pmu = 0.01125	1-Pb  = 0.52790	CLs  = 0.02131
AsymptoticLimits.cc[337] : (in function: getCLs) - At r = 1150.251370:	q_mu = 4.05094	q_A  = 4.32014	Pmu = 0.02207	1-Pb  = 0.52623	CLs  = 0.04195
AsymptoticLimits.cc[337] : (in function: getCLs) - At r = 1051.030922:	q_mu = 3.69793	q_A  = 3.94824	Pmu = 0.02724	1-Pb  = 0.52552	CLs  = 0.05183
AsymptoticLimits.cc[337] : (in function: getCLs) - At r = 1084.385370:	q_mu = 3.81650	q_A  = 4.07335	Pmu = 0.02538	1-Pb  = 0.52578	CLs  = 0.04826
AsymptoticLimits.cc[337] : (in function: getCLs) - At r = 1064.492529:	q_mu = 3.74562	q_A  = 3.99871	Pmu = 0.02647	1-Pb  = 0.52564	CLs  = 0.05036
AsymptoticLimits.cc[337] : (in function: getCLs) - At r = 1071.174160:	q_mu = 3.76939	q_A  = 4.02377	Pmu = 0.02610	1-Pb  = 0.52569	CLs  = 0.04965
AsymptoticLimits.cc[337] : (in function: getCLs) - At r = 1067.196924:	q_mu = 3.75524	q_A  = 4.00885	Pmu = 0.02632	1-Pb  = 0.52566	CLs  = 0.05007
AsymptoticLimits.cc[337] : (in function: getCLs) - At r = 1068.533170:	q_mu = 3.75999	q_A  = 4.01386	Pmu = 0.02625	1-Pb  = 0.52567	CLs  = 0.04993
AsymptoticLimits.cc[337] : (in function: getCLs) - At r = 1067.737744:	q_mu = 3.75716	q_A  = 4.01088	Pmu = 0.02629	1-Pb  = 0.52567	CLs  = 0.05001
AsymptoticLimits.cc[337] : (in function: getCLs) - At r = 1068.005080:	q_mu = 3.75811	q_A  = 4.01188	Pmu = 0.02628	1-Pb  = 0.52567	CLs  = 0.04999
AsymptoticLimits.cc[337] : (in function: getCLs) - At r = 1067.846042:	q_mu = 3.75755	q_A  = 4.01128	Pmu = 0.02628	1-Pb  = 0.52567	CLs  = 0.05000
AsymptoticLimits.cc[337] : (in function: getCLs) - At r = 1067.899596:	q_mu = 3.75774	q_A  = 4.01148	Pmu = 0.02628	1-Pb  = 0.52567	CLs  = 0.05000
AsymptoticLimits.cc[337] : (in function: getCLs) - At r = 1067.867829:	q_mu = 3.75762	q_A  = 4.01136	Pmu = 0.02628	1-Pb  = 0.52567	CLs  = 0.05000
AsymptoticLimits.cc[337] : (in function: getCLs) - At r = 1067.878613:	q_mu = 3.75766	q_A  = 4.01140	Pmu = 0.02628	1-Pb  = 0.52567	CLs  = 0.05000
AsymptoticLimits.cc[337] : (in function: getCLs) - At r = 1067.872293:	q_mu = 3.75764	q_A  = 4.01138	Pmu = 0.02628	1-Pb  = 0.52567	CLs  = 0.05000
AsymptoticLimits.cc[337] : (in function: getCLs) - At r = 1067.874508:	q_mu = 3.75765	q_A  = 4.01138	Pmu = 0.02628	1-Pb  = 0.52567	CLs  = 0.05000
