CascadeMinimizer.cc[188] : (in function: improveOnce) - Minimization configured with Type=Minuit2, Algo=Migrad, strategy=0, tolerance=0.1
CascadeMinimizer.cc[215] : (in function: improveOnce) - Minimization finished with status=0
CascadeMinimizer.cc[219] : (in function: improveOnce) - Minimization success! status=0
ToyMCSamplerOpt.cc[146] : (in function: generateAsimov) - Using internal logic for binned/unbinned Asimov dataset generation
ToyMCSamplerOpt.cc[214] : (in function: generateWithHisto) - Generating asimov with histogram for pdf pdf_binpass_LOW_obsOnly: in 2 x-bins
ToyMCSamplerOpt.cc[215] : (in function: generateWithHisto) -  , in 1 y-bins
ToyMCSamplerOpt.cc[146] : (in function: generateAsimov) - Using internal logic for binned/unbinned Asimov dataset generation
ToyMCSamplerOpt.cc[214] : (in function: generateWithHisto) - Generating asimov with histogram for pdf pdf_binpass_SIG_obsOnly: in 1 x-bins
ToyMCSamplerOpt.cc[215] : (in function: generateWithHisto) -  , in 1 y-bins
ToyMCSamplerOpt.cc[146] : (in function: generateAsimov) - Using internal logic for binned/unbinned Asimov dataset generation
ToyMCSamplerOpt.cc[214] : (in function: generateWithHisto) - Generating asimov with histogram for pdf pdf_binpass_HIGH_obsOnly: in 9 x-bins
ToyMCSamplerOpt.cc[215] : (in function: generateWithHisto) -  , in 1 y-bins
ToyMCSamplerOpt.cc[146] : (in function: generateAsimov) - Using internal logic for binned/unbinned Asimov dataset generation
ToyMCSamplerOpt.cc[214] : (in function: generateWithHisto) - Generating asimov with histogram for pdf pdf_binfail_LOW_obsOnly: in 2 x-bins
ToyMCSamplerOpt.cc[215] : (in function: generateWithHisto) -  , in 1 y-bins
ToyMCSamplerOpt.cc[146] : (in function: generateAsimov) - Using internal logic for binned/unbinned Asimov dataset generation
ToyMCSamplerOpt.cc[214] : (in function: generateWithHisto) - Generating asimov with histogram for pdf pdf_binfail_SIG_obsOnly: in 1 x-bins
ToyMCSamplerOpt.cc[215] : (in function: generateWithHisto) -  , in 1 y-bins
ToyMCSamplerOpt.cc[146] : (in function: generateAsimov) - Using internal logic for binned/unbinned Asimov dataset generation
ToyMCSamplerOpt.cc[214] : (in function: generateWithHisto) - Generating asimov with histogram for pdf pdf_binfail_HIGH_obsOnly: in 9 x-bins
ToyMCSamplerOpt.cc[215] : (in function: generateWithHisto) -  , in 1 y-bins
AsymptoticLimits.cc[415] : (in function: runLimitExpected) - [WARNING] Best fit of asimov dataset is at r = 0.062078 (0.003104 times rMax), while it should be at zero
AsymptoticLimits.cc[428] : (in function: runLimitExpected) - Median for expected limits = 1.61719, Sigma for expected limits = 0.825111
AsymptoticLimits.cc[191] : (in function: runLimit) - NLL at global minimum of data = -12.1634 (r=0.150538)
AsymptoticLimits.cc[211] : (in function: runLimit) - NLL at global minimum of asimov = -12.257 (r=0.0653541)
AsymptoticLimits.cc[337] : (in function: getCLs) - At r = 1.395649:	q_mu = 2.92979	q_A  = 3.14480	Pmu = 0.04348	1-Pb  = 0.52460	CLs  = 0.08288
AsymptoticLimits.cc[337] : (in function: getCLs) - At r = 2.791297:	q_mu = 7.17883	q_A  = 7.42854	Pmu = 0.00369	1-Pb  = 0.51843	CLs  = 0.00711
AsymptoticLimits.cc[337] : (in function: getCLs) - At r = 1.470917:	q_mu = 3.09233	q_A  = 3.37340	Pmu = 0.03933	1-Pb  = 0.53116	CLs  = 0.07405
AsymptoticLimits.cc[337] : (in function: getCLs) - At r = 2.131107:	q_mu = 5.13674	q_A  = 5.40535	Pmu = 0.01171	1-Pb  = 0.52333	CLs  = 0.02238
AsymptoticLimits.cc[337] : (in function: getCLs) - At r = 1.776290:	q_mu = 4.03320	q_A  = 4.31019	Pmu = 0.02231	1-Pb  = 0.52703	CLs  = 0.04232
AsymptoticLimits.cc[337] : (in function: getCLs) - At r = 1.642429:	q_mu = 3.61864	q_A  = 3.89821	Pmu = 0.02857	1-Pb  = 0.52874	CLs  = 0.05403
AsymptoticLimits.cc[337] : (in function: getCLs) - At r = 1.703195:	q_mu = 3.80654	q_A  = 4.08506	Pmu = 0.02553	1-Pb  = 0.52795	CLs  = 0.04835
AsymptoticLimits.cc[337] : (in function: getCLs) - At r = 1.676354:	q_mu = 3.72348	q_A  = 4.00247	Pmu = 0.02683	1-Pb  = 0.52830	CLs  = 0.05078
AsymptoticLimits.cc[337] : (in function: getCLs) - At r = 1.688494:	q_mu = 3.76102	q_A  = 4.03979	Pmu = 0.02623	1-Pb  = 0.52814	CLs  = 0.04967
AsymptoticLimits.cc[337] : (in function: getCLs) - At r = 1.683126:	q_mu = 3.74441	q_A  = 4.02327	Pmu = 0.02649	1-Pb  = 0.52821	CLs  = 0.05015
AsymptoticLimits.cc[337] : (in function: getCLs) - At r = 1.685555:	q_mu = 3.75192	q_A  = 4.03075	Pmu = 0.02637	1-Pb  = 0.52818	CLs  = 0.04993
AsymptoticLimits.cc[337] : (in function: getCLs) - At r = 1.684482:	q_mu = 3.74861	q_A  = 4.02741	Pmu = 0.02643	1-Pb  = 0.52819	CLs  = 0.05003
AsymptoticLimits.cc[337] : (in function: getCLs) - At r = 1.684969:	q_mu = 3.75011	q_A  = 4.02890	Pmu = 0.02640	1-Pb  = 0.52818	CLs  = 0.04999
AsymptoticLimits.cc[337] : (in function: getCLs) - At r = 1.684757:	q_mu = 3.74945	q_A  = 4.02823	Pmu = 0.02641	1-Pb  = 0.52818	CLs  = 0.05001
AsymptoticLimits.cc[337] : (in function: getCLs) - At r = 1.684855:	q_mu = 3.74976	q_A  = 4.02853	Pmu = 0.02641	1-Pb  = 0.52818	CLs  = 0.05000
AsymptoticLimits.cc[337] : (in function: getCLs) - At r = 1.684813:	q_mu = 3.74963	q_A  = 4.02839	Pmu = 0.02641	1-Pb  = 0.52818	CLs  = 0.05000
AsymptoticLimits.cc[337] : (in function: getCLs) - At r = 1.684834:	q_mu = 3.74969	q_A  = 4.02845	Pmu = 0.02641	1-Pb  = 0.52818	CLs  = 0.05000
AsymptoticLimits.cc[337] : (in function: getCLs) - At r = 1.684826:	q_mu = 3.74967	q_A  = 4.02842	Pmu = 0.02641	1-Pb  = 0.52818	CLs  = 0.05000
AsymptoticLimits.cc[337] : (in function: getCLs) - At r = 1.684830:	q_mu = 3.74968	q_A  = 4.02843	Pmu = 0.02641	1-Pb  = 0.52818	CLs  = 0.05000
