CascadeMinimizer.cc[188] : (in function: improveOnce) - Minimization configured with Type=Minuit2, Algo=Migrad, strategy=0, tolerance=0.1
CascadeMinimizer.cc[215] : (in function: improveOnce) - Minimization finished with status=0
CascadeMinimizer.cc[219] : (in function: improveOnce) - Minimization success! status=0
ToyMCSamplerOpt.cc[146] : (in function: generateAsimov) - Using internal logic for binned/unbinned Asimov dataset generation
ToyMCSamplerOpt.cc[214] : (in function: generateWithHisto) - Generating asimov with histogram for pdf pdf_binpass_LOW_obsOnly: in 3 x-bins
ToyMCSamplerOpt.cc[215] : (in function: generateWithHisto) -  , in 1 y-bins
ToyMCSamplerOpt.cc[146] : (in function: generateAsimov) - Using internal logic for binned/unbinned Asimov dataset generation
ToyMCSamplerOpt.cc[214] : (in function: generateWithHisto) - Generating asimov with histogram for pdf pdf_binpass_SIG_obsOnly: in 1 x-bins
ToyMCSamplerOpt.cc[215] : (in function: generateWithHisto) -  , in 1 y-bins
ToyMCSamplerOpt.cc[146] : (in function: generateAsimov) - Using internal logic for binned/unbinned Asimov dataset generation
ToyMCSamplerOpt.cc[214] : (in function: generateWithHisto) - Generating asimov with histogram for pdf pdf_binpass_HIGH_obsOnly: in 3 x-bins
ToyMCSamplerOpt.cc[215] : (in function: generateWithHisto) -  , in 1 y-bins
ToyMCSamplerOpt.cc[146] : (in function: generateAsimov) - Using internal logic for binned/unbinned Asimov dataset generation
ToyMCSamplerOpt.cc[214] : (in function: generateWithHisto) - Generating asimov with histogram for pdf pdf_binfail_LOW_obsOnly: in 3 x-bins
ToyMCSamplerOpt.cc[215] : (in function: generateWithHisto) -  , in 1 y-bins
ToyMCSamplerOpt.cc[146] : (in function: generateAsimov) - Using internal logic for binned/unbinned Asimov dataset generation
ToyMCSamplerOpt.cc[214] : (in function: generateWithHisto) - Generating asimov with histogram for pdf pdf_binfail_SIG_obsOnly: in 1 x-bins
ToyMCSamplerOpt.cc[215] : (in function: generateWithHisto) -  , in 1 y-bins
ToyMCSamplerOpt.cc[146] : (in function: generateAsimov) - Using internal logic for binned/unbinned Asimov dataset generation
ToyMCSamplerOpt.cc[214] : (in function: generateWithHisto) - Generating asimov with histogram for pdf pdf_binfail_HIGH_obsOnly: in 3 x-bins
ToyMCSamplerOpt.cc[215] : (in function: generateWithHisto) -  , in 1 y-bins
AsymptoticLimits.cc[428] : (in function: runLimitExpected) - Median for expected limits = 0.605469, Sigma for expected limits = 0.308918
AsymptoticLimits.cc[191] : (in function: runLimit) - NLL at global minimum of data = -704.6 (r=0.342929)
AsymptoticLimits.cc[211] : (in function: runLimit) - NLL at global minimum of asimov = -703.351 (r=0.000254168)
AsymptoticLimits.cc[337] : (in function: getCLs) - At r = 1.542929:	q_mu = 7.34305	q_A  = 11.66030	Pmu = 0.00337	1-Pb  = 0.75957	CLs  = 0.00443
AsymptoticLimits.cc[337] : (in function: getCLs) - At r = 0.942929:	q_mu = 3.21545	q_A  = 6.79758	Pmu = 0.03647	1-Pb  = 0.79219	CLs  = 0.04604
AsymptoticLimits.cc[337] : (in function: getCLs) - At r = 0.642929:	q_mu = 1.24089	q_A  = 4.16481	Pmu = 0.13265	1-Pb  = 0.82299	CLs  = 0.16118
AsymptoticLimits.cc[337] : (in function: getCLs) - At r = 0.792929:	q_mu = 2.19710	q_A  = 5.49484	Pmu = 0.06914	1-Pb  = 0.80561	CLs  = 0.08582
AsymptoticLimits.cc[337] : (in function: getCLs) - At r = 0.897031:	q_mu = 2.89983	q_A  = 6.40180	Pmu = 0.04429	1-Pb  = 0.79596	CLs  = 0.05565
AsymptoticLimits.cc[337] : (in function: getCLs) - At r = 0.917767:	q_mu = 3.04195	q_A  = 6.58097	Pmu = 0.04057	1-Pb  = 0.79424	CLs  = 0.05108
AsymptoticLimits.cc[337] : (in function: getCLs) - At r = 0.926939:	q_mu = 3.10487	q_A  = 6.65999	Pmu = 0.03903	1-Pb  = 0.79350	CLs  = 0.04919
AsymptoticLimits.cc[337] : (in function: getCLs) - At r = 0.921916:	q_mu = 3.07027	q_A  = 6.61673	Pmu = 0.03987	1-Pb  = 0.79391	CLs  = 0.05022
AsymptoticLimits.cc[337] : (in function: getCLs) - At r = 0.923760:	q_mu = 3.08292	q_A  = 6.63258	Pmu = 0.03956	1-Pb  = 0.79377	CLs  = 0.04984
AsymptoticLimits.cc[337] : (in function: getCLs) - At r = 0.922758:	q_mu = 3.07601	q_A  = 6.62395	Pmu = 0.03973	1-Pb  = 0.79385	CLs  = 0.05004
AsymptoticLimits.cc[337] : (in function: getCLs) - At r = 0.923130:	q_mu = 3.07854	q_A  = 6.62728	Pmu = 0.03967	1-Pb  = 0.79383	CLs  = 0.04997
AsymptoticLimits.cc[337] : (in function: getCLs) - At r = 0.922930:	q_mu = 3.07714	q_A  = 6.62553	Pmu = 0.03970	1-Pb  = 0.79384	CLs  = 0.05001
AsymptoticLimits.cc[337] : (in function: getCLs) - At r = 0.923007:	q_mu = 3.07758	q_A  = 6.62640	Pmu = 0.03969	1-Pb  = 0.79386	CLs  = 0.05000
AsymptoticLimits.cc[337] : (in function: getCLs) - At r = 0.922972:	q_mu = 3.07729	q_A  = 6.62605	Pmu = 0.03970	1-Pb  = 0.79386	CLs  = 0.05000
AsymptoticLimits.cc[337] : (in function: getCLs) - At r = 0.922993:	q_mu = 3.07738	q_A  = 6.62620	Pmu = 0.03969	1-Pb  = 0.79386	CLs  = 0.05000
AsymptoticLimits.cc[337] : (in function: getCLs) - At r = 0.922998:	q_mu = 3.07739	q_A  = 6.62623	Pmu = 0.03969	1-Pb  = 0.79386	CLs  = 0.05000
AsymptoticLimits.cc[337] : (in function: getCLs) - At r = 0.923001:	q_mu = 3.07738	q_A  = 6.62624	Pmu = 0.03969	1-Pb  = 0.79386	CLs  = 0.05000
