CascadeMinimizer.cc[188] : (in function: improveOnce) - Minimization configured with Type=Minuit2, Algo=Migrad, strategy=0, tolerance=0.1
CascadeMinimizer.cc[215] : (in function: improveOnce) - Minimization finished with status=0
CascadeMinimizer.cc[219] : (in function: improveOnce) - Minimization success! status=0
ToyMCSamplerOpt.cc[146] : (in function: generateAsimov) - Using internal logic for binned/unbinned Asimov dataset generation
ToyMCSamplerOpt.cc[214] : (in function: generateWithHisto) - Generating asimov with histogram for pdf pdf_binpass_LOW_obsOnly: in 3 x-bins
ToyMCSamplerOpt.cc[215] : (in function: generateWithHisto) -  , in 1 y-bins
ToyMCSamplerOpt.cc[146] : (in function: generateAsimov) - Using internal logic for binned/unbinned Asimov dataset generation
ToyMCSamplerOpt.cc[214] : (in function: generateWithHisto) - Generating asimov with histogram for pdf pdf_binpass_SIG_obsOnly: in 1 x-bins
ToyMCSamplerOpt.cc[215] : (in function: generateWithHisto) -  , in 1 y-bins
ToyMCSamplerOpt.cc[146] : (in function: generateAsimov) - Using internal logic for binned/unbinned Asimov dataset generation
ToyMCSamplerOpt.cc[214] : (in function: generateWithHisto) - Generating asimov with histogram for pdf pdf_binpass_HIGH_obsOnly: in 3 x-bins
ToyMCSamplerOpt.cc[215] : (in function: generateWithHisto) -  , in 1 y-bins
ToyMCSamplerOpt.cc[146] : (in function: generateAsimov) - Using internal logic for binned/unbinned Asimov dataset generation
ToyMCSamplerOpt.cc[214] : (in function: generateWithHisto) - Generating asimov with histogram for pdf pdf_binfail_LOW_obsOnly: in 3 x-bins
ToyMCSamplerOpt.cc[215] : (in function: generateWithHisto) -  , in 1 y-bins
ToyMCSamplerOpt.cc[146] : (in function: generateAsimov) - Using internal logic for binned/unbinned Asimov dataset generation
ToyMCSamplerOpt.cc[214] : (in function: generateWithHisto) - Generating asimov with histogram for pdf pdf_binfail_SIG_obsOnly: in 1 x-bins
ToyMCSamplerOpt.cc[215] : (in function: generateWithHisto) -  , in 1 y-bins
ToyMCSamplerOpt.cc[146] : (in function: generateAsimov) - Using internal logic for binned/unbinned Asimov dataset generation
ToyMCSamplerOpt.cc[214] : (in function: generateWithHisto) - Generating asimov with histogram for pdf pdf_binfail_HIGH_obsOnly: in 3 x-bins
ToyMCSamplerOpt.cc[215] : (in function: generateWithHisto) -  , in 1 y-bins
AsymptoticLimits.cc[428] : (in function: runLimitExpected) - Median for expected limits = 4.4375, Sigma for expected limits = 2.26407
AsymptoticLimits.cc[191] : (in function: runLimit) - NLL at global minimum of data = -8387.6 (r=1.88956e-07)
AsymptoticLimits.cc[211] : (in function: runLimit) - NLL at global minimum of asimov = -8386.85 (r=1.97318e-06)
AsymptoticLimits.cc[337] : (in function: getCLs) - At r = 1.510871:	q_mu = 2.41981	q_A  = 1.35417	Pmu = 0.05245	1-Pb  = 0.32352	CLs  = 0.16212
AsymptoticLimits.cc[337] : (in function: getCLs) - At r = 3.021743:	q_mu = 4.08655	q_A  = 2.73948	Pmu = 0.01960	1-Pb  = 0.34203	CLs  = 0.05731
AsymptoticLimits.cc[337] : (in function: getCLs) - At r = 6.043486:	q_mu = 6.53631	q_A  = 4.93104	Pmu = 0.00491	1-Pb  = 0.35888	CLs  = 0.01368
AsymptoticLimits.cc[337] : (in function: getCLs) - At r = 3.021743:	q_mu = 4.08643	q_A  = 2.73954	Pmu = 0.01960	1-Pb  = 0.34205	CLs  = 0.05731
AsymptoticLimits.cc[337] : (in function: getCLs) - At r = 4.532614:	q_mu = 5.41396	q_A  = 3.91242	Pmu = 0.00920	1-Pb  = 0.35213	CLs  = 0.02612
AsymptoticLimits.cc[337] : (in function: getCLs) - At r = 3.533783:	q_mu = 4.56529	q_A  = 3.15758	Pmu = 0.01489	1-Pb  = 0.34601	CLs  = 0.04303
AsymptoticLimits.cc[337] : (in function: getCLs) - At r = 3.319122:	q_mu = 4.36866	q_A  = 2.98513	Pmu = 0.01666	1-Pb  = 0.34444	CLs  = 0.04838
AsymptoticLimits.cc[337] : (in function: getCLs) - At r = 3.213313:	q_mu = 4.26966	q_A  = 2.89866	Pmu = 0.01764	1-Pb  = 0.34361	CLs  = 0.05133
AsymptoticLimits.cc[337] : (in function: getCLs) - At r = 3.272003:	q_mu = 4.32473	q_A  = 2.94673	Pmu = 0.01709	1-Pb  = 0.34407	CLs  = 0.04967
AsymptoticLimits.cc[337] : (in function: getCLs) - At r = 3.250707:	q_mu = 4.30484	q_A  = 2.92935	Pmu = 0.01728	1-Pb  = 0.34391	CLs  = 0.05026
AsymptoticLimits.cc[337] : (in function: getCLs) - At r = 3.262395:	q_mu = 4.31574	q_A  = 2.93887	Pmu = 0.01718	1-Pb  = 0.34400	CLs  = 0.04993
AsymptoticLimits.cc[337] : (in function: getCLs) - At r = 3.258148:	q_mu = 4.31175	q_A  = 2.93539	Pmu = 0.01722	1-Pb  = 0.34396	CLs  = 0.05005
AsymptoticLimits.cc[337] : (in function: getCLs) - At r = 3.260500:	q_mu = 4.31395	q_A  = 2.93738	Pmu = 0.01719	1-Pb  = 0.34399	CLs  = 0.04999
AsymptoticLimits.cc[337] : (in function: getCLs) - At r = 3.259641:	q_mu = 4.31321	q_A  = 2.93663	Pmu = 0.01720	1-Pb  = 0.34397	CLs  = 0.05001
AsymptoticLimits.cc[337] : (in function: getCLs) - At r = 3.260094:	q_mu = 4.31358	q_A  = 2.93699	Pmu = 0.01720	1-Pb  = 0.34398	CLs  = 0.05000
AsymptoticLimits.cc[337] : (in function: getCLs) - At r = 3.259941:	q_mu = 4.31343	q_A  = 2.93686	Pmu = 0.01720	1-Pb  = 0.34398	CLs  = 0.05000
AsymptoticLimits.cc[337] : (in function: getCLs) - At r = 3.260010:	q_mu = 4.31349	q_A  = 2.93691	Pmu = 0.01720	1-Pb  = 0.34398	CLs  = 0.05000
AsymptoticLimits.cc[337] : (in function: getCLs) - At r = 3.260045:	q_mu = 4.31359	q_A  = 2.93694	Pmu = 0.01720	1-Pb  = 0.34397	CLs  = 0.05000
AsymptoticLimits.cc[337] : (in function: getCLs) - At r = 3.260025:	q_mu = 4.31352	q_A  = 2.93699	Pmu = 0.01720	1-Pb  = 0.34399	CLs  = 0.05000
AsymptoticLimits.cc[337] : (in function: getCLs) - At r = 3.260016:	q_mu = 4.31350	q_A  = 2.93693	Pmu = 0.01720	1-Pb  = 0.34398	CLs  = 0.05000
