CascadeMinimizer.cc[188] : (in function: improveOnce) - Minimization configured with Type=Minuit2, Algo=Migrad, strategy=0, tolerance=0.1
CascadeMinimizer.cc[215] : (in function: improveOnce) - Minimization finished with status=0
CascadeMinimizer.cc[219] : (in function: improveOnce) - Minimization success! status=0
ToyMCSamplerOpt.cc[146] : (in function: generateAsimov) - Using internal logic for binned/unbinned Asimov dataset generation
ToyMCSamplerOpt.cc[214] : (in function: generateWithHisto) - Generating asimov with histogram for pdf pdf_binpass_LOW_obsOnly: in 3 x-bins
ToyMCSamplerOpt.cc[215] : (in function: generateWithHisto) -  , in 1 y-bins
ToyMCSamplerOpt.cc[146] : (in function: generateAsimov) - Using internal logic for binned/unbinned Asimov dataset generation
ToyMCSamplerOpt.cc[214] : (in function: generateWithHisto) - Generating asimov with histogram for pdf pdf_binpass_SIG_obsOnly: in 1 x-bins
ToyMCSamplerOpt.cc[215] : (in function: generateWithHisto) -  , in 1 y-bins
ToyMCSamplerOpt.cc[146] : (in function: generateAsimov) - Using internal logic for binned/unbinned Asimov dataset generation
ToyMCSamplerOpt.cc[214] : (in function: generateWithHisto) - Generating asimov with histogram for pdf pdf_binpass_HIGH_obsOnly: in 3 x-bins
ToyMCSamplerOpt.cc[215] : (in function: generateWithHisto) -  , in 1 y-bins
ToyMCSamplerOpt.cc[146] : (in function: generateAsimov) - Using internal logic for binned/unbinned Asimov dataset generation
ToyMCSamplerOpt.cc[214] : (in function: generateWithHisto) - Generating asimov with histogram for pdf pdf_binfail_LOW_obsOnly: in 3 x-bins
ToyMCSamplerOpt.cc[215] : (in function: generateWithHisto) -  , in 1 y-bins
ToyMCSamplerOpt.cc[146] : (in function: generateAsimov) - Using internal logic for binned/unbinned Asimov dataset generation
ToyMCSamplerOpt.cc[214] : (in function: generateWithHisto) - Generating asimov with histogram for pdf pdf_binfail_SIG_obsOnly: in 1 x-bins
ToyMCSamplerOpt.cc[215] : (in function: generateWithHisto) -  , in 1 y-bins
ToyMCSamplerOpt.cc[146] : (in function: generateAsimov) - Using internal logic for binned/unbinned Asimov dataset generation
ToyMCSamplerOpt.cc[214] : (in function: generateWithHisto) - Generating asimov with histogram for pdf pdf_binfail_HIGH_obsOnly: in 3 x-bins
ToyMCSamplerOpt.cc[215] : (in function: generateWithHisto) -  , in 1 y-bins
AsymptoticLimits.cc[428] : (in function: runLimitExpected) - Median for expected limits = 0.513672, Sigma for expected limits = 0.262082
AsymptoticLimits.cc[191] : (in function: runLimit) - NLL at global minimum of data = -8448.33 (r=2.58226e-07)
AsymptoticLimits.cc[211] : (in function: runLimit) - NLL at global minimum of asimov = -8448.42 (r=8.44073e-06)
AsymptoticLimits.cc[337] : (in function: getCLs) - At r = 1.200000:	q_mu = 3.21323	q_A  = 10.10268	Pmu = 0.03652	1-Pb  = 0.91711	CLs  = 0.03982
AsymptoticLimits.cc[337] : (in function: getCLs) - At r = 0.600000:	q_mu = 0.00000	q_A  = 4.64993	Pmu = 0.50000	1-Pb  = 0.98447	CLs  = 0.50789
AsymptoticLimits.cc[337] : (in function: getCLs) - At r = 0.900000:	q_mu = 0.80737	q_A  = 7.44486	Pmu = 0.18445	1-Pb  = 0.96637	CLs  = 0.19087
AsymptoticLimits.cc[337] : (in function: getCLs) - At r = 1.050000:	q_mu = 2.01537	q_A  = 8.79341	Pmu = 0.07786	1-Pb  = 0.93892	CLs  = 0.08292
AsymptoticLimits.cc[337] : (in function: getCLs) - At r = 1.132767:	q_mu = 2.67840	q_A  = 9.52076	Pmu = 0.05086	1-Pb  = 0.92633	CLs  = 0.05490
AsymptoticLimits.cc[337] : (in function: getCLs) - At r = 1.161884:	q_mu = 2.91069	q_A  = 9.77368	Pmu = 0.04400	1-Pb  = 0.92223	CLs  = 0.04771
AsymptoticLimits.cc[337] : (in function: getCLs) - At r = 1.148279:	q_mu = 2.80214	q_A  = 9.65568	Pmu = 0.04707	1-Pb  = 0.92413	CLs  = 0.05093
AsymptoticLimits.cc[337] : (in function: getCLs) - At r = 1.154077:	q_mu = 2.84836	q_A  = 9.70602	Pmu = 0.04573	1-Pb  = 0.92332	CLs  = 0.04953
AsymptoticLimits.cc[337] : (in function: getCLs) - At r = 1.151354:	q_mu = 2.82664	q_A  = 9.68237	Pmu = 0.04636	1-Pb  = 0.92370	CLs  = 0.05019
AsymptoticLimits.cc[337] : (in function: getCLs) - At r = 1.152514:	q_mu = 2.83589	q_A  = 9.69245	Pmu = 0.04609	1-Pb  = 0.92354	CLs  = 0.04991
AsymptoticLimits.cc[337] : (in function: getCLs) - At r = 1.151969:	q_mu = 2.83154	q_A  = 9.68771	Pmu = 0.04621	1-Pb  = 0.92361	CLs  = 0.05004
AsymptoticLimits.cc[337] : (in function: getCLs) - At r = 1.152201:	q_mu = 2.83339	q_A  = 9.68974	Pmu = 0.04616	1-Pb  = 0.92358	CLs  = 0.04998
AsymptoticLimits.cc[337] : (in function: getCLs) - At r = 1.152092:	q_mu = 2.83252	q_A  = 9.68878	Pmu = 0.04619	1-Pb  = 0.92359	CLs  = 0.05001
AsymptoticLimits.cc[337] : (in function: getCLs) - At r = 1.152138:	q_mu = 2.83289	q_A  = 9.68919	Pmu = 0.04618	1-Pb  = 0.92359	CLs  = 0.05000
AsymptoticLimits.cc[337] : (in function: getCLs) - At r = 1.152117:	q_mu = 2.83272	q_A  = 9.68900	Pmu = 0.04618	1-Pb  = 0.92359	CLs  = 0.05000
AsymptoticLimits.cc[337] : (in function: getCLs) - At r = 1.152126:	q_mu = 2.83279	q_A  = 9.68908	Pmu = 0.04618	1-Pb  = 0.92359	CLs  = 0.05000
AsymptoticLimits.cc[337] : (in function: getCLs) - At r = 1.152122:	q_mu = 2.83276	q_A  = 9.68904	Pmu = 0.04618	1-Pb  = 0.92359	CLs  = 0.05000
