CascadeMinimizer.cc[188] : (in function: improveOnce) - Minimization configured with Type=Minuit2, Algo=Migrad, strategy=0, tolerance=0.1
CascadeMinimizer.cc[215] : (in function: improveOnce) - Minimization finished with status=0
CascadeMinimizer.cc[219] : (in function: improveOnce) - Minimization success! status=0
ToyMCSamplerOpt.cc[146] : (in function: generateAsimov) - Using internal logic for binned/unbinned Asimov dataset generation
ToyMCSamplerOpt.cc[214] : (in function: generateWithHisto) - Generating asimov with histogram for pdf pdf_binpass_LOW_obsOnly: in 2 x-bins
ToyMCSamplerOpt.cc[215] : (in function: generateWithHisto) -  , in 1 y-bins
ToyMCSamplerOpt.cc[146] : (in function: generateAsimov) - Using internal logic for binned/unbinned Asimov dataset generation
ToyMCSamplerOpt.cc[214] : (in function: generateWithHisto) - Generating asimov with histogram for pdf pdf_binpass_SIG_obsOnly: in 1 x-bins
ToyMCSamplerOpt.cc[215] : (in function: generateWithHisto) -  , in 1 y-bins
ToyMCSamplerOpt.cc[146] : (in function: generateAsimov) - Using internal logic for binned/unbinned Asimov dataset generation
ToyMCSamplerOpt.cc[214] : (in function: generateWithHisto) - Generating asimov with histogram for pdf pdf_binpass_HIGH_obsOnly: in 9 x-bins
ToyMCSamplerOpt.cc[215] : (in function: generateWithHisto) -  , in 1 y-bins
ToyMCSamplerOpt.cc[146] : (in function: generateAsimov) - Using internal logic for binned/unbinned Asimov dataset generation
ToyMCSamplerOpt.cc[214] : (in function: generateWithHisto) - Generating asimov with histogram for pdf pdf_binfail_LOW_obsOnly: in 2 x-bins
ToyMCSamplerOpt.cc[215] : (in function: generateWithHisto) -  , in 1 y-bins
ToyMCSamplerOpt.cc[146] : (in function: generateAsimov) - Using internal logic for binned/unbinned Asimov dataset generation
ToyMCSamplerOpt.cc[214] : (in function: generateWithHisto) - Generating asimov with histogram for pdf pdf_binfail_SIG_obsOnly: in 1 x-bins
ToyMCSamplerOpt.cc[215] : (in function: generateWithHisto) -  , in 1 y-bins
ToyMCSamplerOpt.cc[146] : (in function: generateAsimov) - Using internal logic for binned/unbinned Asimov dataset generation
ToyMCSamplerOpt.cc[214] : (in function: generateWithHisto) - Generating asimov with histogram for pdf pdf_binfail_HIGH_obsOnly: in 9 x-bins
ToyMCSamplerOpt.cc[215] : (in function: generateWithHisto) -  , in 1 y-bins
AsymptoticLimits.cc[428] : (in function: runLimitExpected) - Median for expected limits = 0.344727, Sigma for expected limits = 0.175884
AsymptoticLimits.cc[191] : (in function: runLimit) - NLL at global minimum of data = -39.8652 (r=8.65276e-05)
AsymptoticLimits.cc[211] : (in function: runLimit) - NLL at global minimum of asimov = -39.5115 (r=5.04845e-05)
AsymptoticLimits.cc[337] : (in function: getCLs) - At r = 1.200087:	q_mu = 19.34304	q_A  = 18.76531	Pmu = 0.00001	1-Pb  = 0.47342	CLs  = 0.00001
AsymptoticLimits.cc[337] : (in function: getCLs) - At r = 0.600087:	q_mu = 8.41612	q_A  = 8.11422	Pmu = 0.00186	1-Pb  = 0.47887	CLs  = 0.00388
AsymptoticLimits.cc[337] : (in function: getCLs) - At r = 0.300087:	q_mu = 3.28608	q_A  = 3.19697	Pmu = 0.03492	1-Pb  = 0.49006	CLs  = 0.07126
AsymptoticLimits.cc[337] : (in function: getCLs) - At r = 0.450087:	q_mu = 5.77458	q_A  = 5.56829	Pmu = 0.00812	1-Pb  = 0.48257	CLs  = 0.01683
AsymptoticLimits.cc[337] : (in function: getCLs) - At r = 0.359546:	q_mu = 4.24433	q_A  = 4.08150	Pmu = 0.01967	1-Pb  = 0.48393	CLs  = 0.04065
AsymptoticLimits.cc[337] : (in function: getCLs) - At r = 0.330111:	q_mu = 3.76443	q_A  = 3.61879	Pmu = 0.02615	1-Pb  = 0.48473	CLs  = 0.05396
AsymptoticLimits.cc[337] : (in function: getCLs) - At r = 0.342330:	q_mu = 3.96233	q_A  = 3.80917	Pmu = 0.02324	1-Pb  = 0.48435	CLs  = 0.04799
AsymptoticLimits.cc[337] : (in function: getCLs) - At r = 0.336462:	q_mu = 3.86705	q_A  = 3.71751	Pmu = 0.02460	1-Pb  = 0.48453	CLs  = 0.05077
AsymptoticLimits.cc[337] : (in function: getCLs) - At r = 0.338908:	q_mu = 3.90671	q_A  = 3.75565	Pmu = 0.02403	1-Pb  = 0.48446	CLs  = 0.04959
AsymptoticLimits.cc[337] : (in function: getCLs) - At r = 0.337735:	q_mu = 3.88768	q_A  = 3.73735	Pmu = 0.02430	1-Pb  = 0.48449	CLs  = 0.05015
AsymptoticLimits.cc[337] : (in function: getCLs) - At r = 0.338225:	q_mu = 3.89562	q_A  = 3.74499	Pmu = 0.02418	1-Pb  = 0.48448	CLs  = 0.04992
AsymptoticLimits.cc[337] : (in function: getCLs) - At r = 0.337990:	q_mu = 3.89182	q_A  = 3.74133	Pmu = 0.02424	1-Pb  = 0.48448	CLs  = 0.05003
AsymptoticLimits.cc[337] : (in function: getCLs) - At r = 0.338088:	q_mu = 3.89341	q_A  = 3.74285	Pmu = 0.02422	1-Pb  = 0.48448	CLs  = 0.04998
AsymptoticLimits.cc[337] : (in function: getCLs) - At r = 0.338042:	q_mu = 3.89265	q_A  = 3.74212	Pmu = 0.02423	1-Pb  = 0.48448	CLs  = 0.05001
AsymptoticLimits.cc[337] : (in function: getCLs) - At r = 0.338061:	q_mu = 3.89297	q_A  = 3.74243	Pmu = 0.02422	1-Pb  = 0.48448	CLs  = 0.05000
AsymptoticLimits.cc[337] : (in function: getCLs) - At r = 0.338052:	q_mu = 3.89281	q_A  = 3.74228	Pmu = 0.02422	1-Pb  = 0.48448	CLs  = 0.05000
AsymptoticLimits.cc[337] : (in function: getCLs) - At r = 0.338056:	q_mu = 3.89288	q_A  = 3.74234	Pmu = 0.02422	1-Pb  = 0.48448	CLs  = 0.05000
