CascadeMinimizer.cc[188] : (in function: improveOnce) - Minimization configured with Type=Minuit2, Algo=Migrad, strategy=0, tolerance=0.1
CascadeMinimizer.cc[215] : (in function: improveOnce) - Minimization finished with status=0
CascadeMinimizer.cc[219] : (in function: improveOnce) - Minimization success! status=0
ToyMCSamplerOpt.cc[146] : (in function: generateAsimov) - Using internal logic for binned/unbinned Asimov dataset generation
ToyMCSamplerOpt.cc[214] : (in function: generateWithHisto) - Generating asimov with histogram for pdf pdf_binpass_LOW_obsOnly: in 2 x-bins
ToyMCSamplerOpt.cc[215] : (in function: generateWithHisto) -  , in 1 y-bins
ToyMCSamplerOpt.cc[146] : (in function: generateAsimov) - Using internal logic for binned/unbinned Asimov dataset generation
ToyMCSamplerOpt.cc[214] : (in function: generateWithHisto) - Generating asimov with histogram for pdf pdf_binpass_SIG_obsOnly: in 1 x-bins
ToyMCSamplerOpt.cc[215] : (in function: generateWithHisto) -  , in 1 y-bins
ToyMCSamplerOpt.cc[146] : (in function: generateAsimov) - Using internal logic for binned/unbinned Asimov dataset generation
ToyMCSamplerOpt.cc[214] : (in function: generateWithHisto) - Generating asimov with histogram for pdf pdf_binpass_HIGH_obsOnly: in 9 x-bins
ToyMCSamplerOpt.cc[215] : (in function: generateWithHisto) -  , in 1 y-bins
ToyMCSamplerOpt.cc[146] : (in function: generateAsimov) - Using internal logic for binned/unbinned Asimov dataset generation
ToyMCSamplerOpt.cc[214] : (in function: generateWithHisto) - Generating asimov with histogram for pdf pdf_binfail_LOW_obsOnly: in 2 x-bins
ToyMCSamplerOpt.cc[215] : (in function: generateWithHisto) -  , in 1 y-bins
ToyMCSamplerOpt.cc[146] : (in function: generateAsimov) - Using internal logic for binned/unbinned Asimov dataset generation
ToyMCSamplerOpt.cc[214] : (in function: generateWithHisto) - Generating asimov with histogram for pdf pdf_binfail_SIG_obsOnly: in 1 x-bins
ToyMCSamplerOpt.cc[215] : (in function: generateWithHisto) -  , in 1 y-bins
ToyMCSamplerOpt.cc[146] : (in function: generateAsimov) - Using internal logic for binned/unbinned Asimov dataset generation
ToyMCSamplerOpt.cc[214] : (in function: generateWithHisto) - Generating asimov with histogram for pdf pdf_binfail_HIGH_obsOnly: in 9 x-bins
ToyMCSamplerOpt.cc[215] : (in function: generateWithHisto) -  , in 1 y-bins
AsymptoticLimits.cc[428] : (in function: runLimitExpected) - Median for expected limits = 0.394531, Sigma for expected limits = 0.201295
AsymptoticLimits.cc[191] : (in function: runLimit) - NLL at global minimum of data = -23.1569 (r=0.142889)
AsymptoticLimits.cc[211] : (in function: runLimit) - NLL at global minimum of asimov = -27.8816 (r=0.0117335)
AsymptoticLimits.cc[337] : (in function: getCLs) - At r = 1.342889:	q_mu = 15.60239	q_A  = 21.50319	Pmu = 0.00004	1-Pb  = 0.75401	CLs  = 0.00005
AsymptoticLimits.cc[337] : (in function: getCLs) - At r = 0.742889:	q_mu = 5.78893	q_A  = 9.87812	Pmu = 0.00806	1-Pb  = 0.76942	CLs  = 0.01048
AsymptoticLimits.cc[337] : (in function: getCLs) - At r = 0.442889:	q_mu = 1.89061	q_A  = 4.57827	Pmu = 0.08457	1-Pb  = 0.77777	CLs  = 0.10873
AsymptoticLimits.cc[337] : (in function: getCLs) - At r = 0.592889:	q_mu = 3.69024	q_A  = 7.14070	Pmu = 0.02737	1-Pb  = 0.77374	CLs  = 0.03537
AsymptoticLimits.cc[337] : (in function: getCLs) - At r = 0.525896:	q_mu = 2.84144	q_A  = 5.96847	Pmu = 0.04593	1-Pb  = 0.77559	CLs  = 0.05922
AsymptoticLimits.cc[337] : (in function: getCLs) - At r = 0.556892:	q_mu = 3.22600	q_A  = 6.50575	Pmu = 0.03624	1-Pb  = 0.77474	CLs  = 0.04678
AsymptoticLimits.cc[337] : (in function: getCLs) - At r = 0.543686:	q_mu = 3.06037	q_A  = 6.27561	Pmu = 0.04011	1-Pb  = 0.77509	CLs  = 0.05175
AsymptoticLimits.cc[337] : (in function: getCLs) - At r = 0.549925:	q_mu = 3.13829	q_A  = 6.38390	Pmu = 0.03824	1-Pb  = 0.77491	CLs  = 0.04934
AsymptoticLimits.cc[337] : (in function: getCLs) - At r = 0.547293:	q_mu = 3.10534	q_A  = 6.33808	Pmu = 0.03902	1-Pb  = 0.77498	CLs  = 0.05035
AsymptoticLimits.cc[337] : (in function: getCLs) - At r = 0.548542:	q_mu = 3.12097	q_A  = 6.35982	Pmu = 0.03865	1-Pb  = 0.77495	CLs  = 0.04987
AsymptoticLimits.cc[337] : (in function: getCLs) - At r = 0.548016:	q_mu = 3.11439	q_A  = 6.35067	Pmu = 0.03880	1-Pb  = 0.77496	CLs  = 0.05007
AsymptoticLimits.cc[337] : (in function: getCLs) - At r = 0.548266:	q_mu = 3.11752	q_A  = 6.35502	Pmu = 0.03873	1-Pb  = 0.77496	CLs  = 0.04997
AsymptoticLimits.cc[337] : (in function: getCLs) - At r = 0.548161:	q_mu = 3.11622	q_A  = 6.35319	Pmu = 0.03876	1-Pb  = 0.77496	CLs  = 0.05001
AsymptoticLimits.cc[337] : (in function: getCLs) - At r = 0.548210:	q_mu = 3.11682	q_A  = 6.35405	Pmu = 0.03874	1-Pb  = 0.77496	CLs  = 0.04999
AsymptoticLimits.cc[337] : (in function: getCLs) - At r = 0.548190:	q_mu = 3.11656	q_A  = 6.35369	Pmu = 0.03875	1-Pb  = 0.77496	CLs  = 0.05000
AsymptoticLimits.cc[337] : (in function: getCLs) - At r = 0.548200:	q_mu = 3.11669	q_A  = 6.35390	Pmu = 0.03875	1-Pb  = 0.77496	CLs  = 0.05000
AsymptoticLimits.cc[337] : (in function: getCLs) - At r = 0.548196:	q_mu = 3.11666	q_A  = 6.35379	Pmu = 0.03875	1-Pb  = 0.77496	CLs  = 0.05000
AsymptoticLimits.cc[337] : (in function: getCLs) - At r = 0.548197:	q_mu = 3.11665	q_A  = 6.35381	Pmu = 0.03875	1-Pb  = 0.77496	CLs  = 0.05000
