CascadeMinimizer.cc[188] : (in function: improveOnce) - Minimization configured with Type=Minuit2, Algo=Migrad, strategy=0, tolerance=0.1
CascadeMinimizer.cc[215] : (in function: improveOnce) - Minimization finished with status=0
CascadeMinimizer.cc[219] : (in function: improveOnce) - Minimization success! status=0
ToyMCSamplerOpt.cc[146] : (in function: generateAsimov) - Using internal logic for binned/unbinned Asimov dataset generation
ToyMCSamplerOpt.cc[214] : (in function: generateWithHisto) - Generating asimov with histogram for pdf pdf_binpass_LOW_obsOnly: in 3 x-bins
ToyMCSamplerOpt.cc[215] : (in function: generateWithHisto) -  , in 1 y-bins
ToyMCSamplerOpt.cc[146] : (in function: generateAsimov) - Using internal logic for binned/unbinned Asimov dataset generation
ToyMCSamplerOpt.cc[214] : (in function: generateWithHisto) - Generating asimov with histogram for pdf pdf_binpass_SIG_obsOnly: in 1 x-bins
ToyMCSamplerOpt.cc[215] : (in function: generateWithHisto) -  , in 1 y-bins
ToyMCSamplerOpt.cc[146] : (in function: generateAsimov) - Using internal logic for binned/unbinned Asimov dataset generation
ToyMCSamplerOpt.cc[214] : (in function: generateWithHisto) - Generating asimov with histogram for pdf pdf_binpass_HIGH_obsOnly: in 5 x-bins
ToyMCSamplerOpt.cc[215] : (in function: generateWithHisto) -  , in 1 y-bins
ToyMCSamplerOpt.cc[146] : (in function: generateAsimov) - Using internal logic for binned/unbinned Asimov dataset generation
ToyMCSamplerOpt.cc[214] : (in function: generateWithHisto) - Generating asimov with histogram for pdf pdf_binfail_LOW_obsOnly: in 3 x-bins
ToyMCSamplerOpt.cc[215] : (in function: generateWithHisto) -  , in 1 y-bins
ToyMCSamplerOpt.cc[146] : (in function: generateAsimov) - Using internal logic for binned/unbinned Asimov dataset generation
ToyMCSamplerOpt.cc[214] : (in function: generateWithHisto) - Generating asimov with histogram for pdf pdf_binfail_SIG_obsOnly: in 1 x-bins
ToyMCSamplerOpt.cc[215] : (in function: generateWithHisto) -  , in 1 y-bins
ToyMCSamplerOpt.cc[146] : (in function: generateAsimov) - Using internal logic for binned/unbinned Asimov dataset generation
ToyMCSamplerOpt.cc[214] : (in function: generateWithHisto) - Generating asimov with histogram for pdf pdf_binfail_HIGH_obsOnly: in 5 x-bins
ToyMCSamplerOpt.cc[215] : (in function: generateWithHisto) -  , in 1 y-bins
AsymptoticLimits.cc[428] : (in function: runLimitExpected) - Median for expected limits = 1.10938, Sigma for expected limits = 0.566018
AsymptoticLimits.cc[191] : (in function: runLimit) - NLL at global minimum of data = -48.8513 (r=1.31012)
AsymptoticLimits.cc[211] : (in function: runLimit) - NLL at global minimum of asimov = -48.9844 (r=0.00187661)
AsymptoticLimits.cc[337] : (in function: getCLs) - At r = 3.165283:	q_mu = 4.71078	q_A  = 15.77318	Pmu = 0.01499	1-Pb  = 0.96416	CLs  = 0.01554
AsymptoticLimits.cc[337] : (in function: getCLs) - At r = 2.237702:	q_mu = 1.53125	q_A  = 10.26161	Pmu = 0.10796	1-Pb  = 0.97535	CLs  = 0.11069
AsymptoticLimits.cc[337] : (in function: getCLs) - At r = 2.723634:	q_mu = 3.07233	q_A  = 13.14056	Pmu = 0.03982	1-Pb  = 0.96941	CLs  = 0.04107
AsymptoticLimits.cc[337] : (in function: getCLs) - At r = 2.549337:	q_mu = 2.48110	q_A  = 12.10484	Pmu = 0.05761	1-Pb  = 0.97155	CLs  = 0.05930
AsymptoticLimits.cc[337] : (in function: getCLs) - At r = 2.648961:	q_mu = 2.81448	q_A  = 12.69652	Pmu = 0.04671	1-Pb  = 0.97032	CLs  = 0.04814
AsymptoticLimits.cc[337] : (in function: getCLs) - At r = 2.614525:	q_mu = 2.69779	q_A  = 12.49189	Pmu = 0.05024	1-Pb  = 0.97075	CLs  = 0.05176
AsymptoticLimits.cc[337] : (in function: getCLs) - At r = 2.634538:	q_mu = 2.76543	q_A  = 12.61082	Pmu = 0.04816	1-Pb  = 0.97050	CLs  = 0.04962
AsymptoticLimits.cc[337] : (in function: getCLs) - At r = 2.627665:	q_mu = 2.74214	q_A  = 12.56996	Pmu = 0.04887	1-Pb  = 0.97059	CLs  = 0.05035
AsymptoticLimits.cc[337] : (in function: getCLs) - At r = 2.631672:	q_mu = 2.75571	q_A  = 12.59377	Pmu = 0.04845	1-Pb  = 0.97054	CLs  = 0.04992
AsymptoticLimits.cc[337] : (in function: getCLs) - At r = 2.630300:	q_mu = 2.75106	q_A  = 12.58561	Pmu = 0.04860	1-Pb  = 0.97055	CLs  = 0.05007
AsymptoticLimits.cc[337] : (in function: getCLs) - At r = 2.631101:	q_mu = 2.75377	q_A  = 12.59037	Pmu = 0.04851	1-Pb  = 0.97054	CLs  = 0.04999
AsymptoticLimits.cc[337] : (in function: getCLs) - At r = 2.630827:	q_mu = 2.75284	q_A  = 12.58874	Pmu = 0.04854	1-Pb  = 0.97055	CLs  = 0.05001
AsymptoticLimits.cc[337] : (in function: getCLs) - At r = 2.630987:	q_mu = 2.75339	q_A  = 12.58970	Pmu = 0.04852	1-Pb  = 0.97054	CLs  = 0.05000
AsymptoticLimits.cc[337] : (in function: getCLs) - At r = 2.630933:	q_mu = 2.75320	q_A  = 12.58937	Pmu = 0.04853	1-Pb  = 0.97055	CLs  = 0.05000
AsymptoticLimits.cc[337] : (in function: getCLs) - At r = 2.630965:	q_mu = 2.75331	q_A  = 12.58956	Pmu = 0.04853	1-Pb  = 0.97055	CLs  = 0.05000
AsymptoticLimits.cc[337] : (in function: getCLs) - At r = 2.630954:	q_mu = 2.75328	q_A  = 12.58950	Pmu = 0.04853	1-Pb  = 0.97055	CLs  = 0.05000
AsymptoticLimits.cc[337] : (in function: getCLs) - At r = 2.630959:	q_mu = 2.75329	q_A  = 12.58953	Pmu = 0.04853	1-Pb  = 0.97055	CLs  = 0.05000
