CascadeMinimizer.cc[188] : (in function: improveOnce) - Minimization configured with Type=Minuit2, Algo=Migrad, strategy=0, tolerance=0.1
CascadeMinimizer.cc[215] : (in function: improveOnce) - Minimization finished with status=0
CascadeMinimizer.cc[219] : (in function: improveOnce) - Minimization success! status=0
ToyMCSamplerOpt.cc[146] : (in function: generateAsimov) - Using internal logic for binned/unbinned Asimov dataset generation
ToyMCSamplerOpt.cc[214] : (in function: generateWithHisto) - Generating asimov with histogram for pdf pdf_binpass_LOW_obsOnly: in 5 x-bins
ToyMCSamplerOpt.cc[215] : (in function: generateWithHisto) -  , in 1 y-bins
ToyMCSamplerOpt.cc[146] : (in function: generateAsimov) - Using internal logic for binned/unbinned Asimov dataset generation
ToyMCSamplerOpt.cc[214] : (in function: generateWithHisto) - Generating asimov with histogram for pdf pdf_binpass_SIG_obsOnly: in 1 x-bins
ToyMCSamplerOpt.cc[215] : (in function: generateWithHisto) -  , in 1 y-bins
ToyMCSamplerOpt.cc[146] : (in function: generateAsimov) - Using internal logic for binned/unbinned Asimov dataset generation
ToyMCSamplerOpt.cc[214] : (in function: generateWithHisto) - Generating asimov with histogram for pdf pdf_binpass_HIGH_obsOnly: in 8 x-bins
ToyMCSamplerOpt.cc[215] : (in function: generateWithHisto) -  , in 1 y-bins
ToyMCSamplerOpt.cc[146] : (in function: generateAsimov) - Using internal logic for binned/unbinned Asimov dataset generation
ToyMCSamplerOpt.cc[214] : (in function: generateWithHisto) - Generating asimov with histogram for pdf pdf_binfail_LOW_obsOnly: in 5 x-bins
ToyMCSamplerOpt.cc[215] : (in function: generateWithHisto) -  , in 1 y-bins
ToyMCSamplerOpt.cc[146] : (in function: generateAsimov) - Using internal logic for binned/unbinned Asimov dataset generation
ToyMCSamplerOpt.cc[214] : (in function: generateWithHisto) - Generating asimov with histogram for pdf pdf_binfail_SIG_obsOnly: in 1 x-bins
ToyMCSamplerOpt.cc[215] : (in function: generateWithHisto) -  , in 1 y-bins
ToyMCSamplerOpt.cc[146] : (in function: generateAsimov) - Using internal logic for binned/unbinned Asimov dataset generation
ToyMCSamplerOpt.cc[214] : (in function: generateWithHisto) - Generating asimov with histogram for pdf pdf_binfail_HIGH_obsOnly: in 8 x-bins
ToyMCSamplerOpt.cc[215] : (in function: generateWithHisto) -  , in 1 y-bins
AsymptoticLimits.cc[428] : (in function: runLimitExpected) - Median for expected limits = 1.35156, Sigma for expected limits = 0.689585
AsymptoticLimits.cc[191] : (in function: runLimit) - NLL at global minimum of data = -1326.81 (r=7.97035e-08)
AsymptoticLimits.cc[211] : (in function: runLimit) - NLL at global minimum of asimov = -1310.32 (r=0.000114515)
AsymptoticLimits.cc[337] : (in function: getCLs) - At r = 1.200000:	q_mu = 17.07174	q_A  = 3.07049	Pmu = 0.00000	1-Pb  = 0.00003	CLs  = 0.00014
AsymptoticLimits.cc[337] : (in function: getCLs) - At r = 0.600000:	q_mu = 8.09000	q_A  = 0.81298	Pmu = 0.00000	1-Pb  = 0.00003	CLs  = 0.01455
AsymptoticLimits.cc[337] : (in function: getCLs) - At r = 0.300000:	q_mu = 3.91715	q_A  = 0.20907	Pmu = 0.00000	1-Pb  = 0.00003	CLs  = 0.12796
AsymptoticLimits.cc[337] : (in function: getCLs) - At r = 0.450000:	q_mu = 5.97380	q_A  = 0.46383	Pmu = 0.00000	1-Pb  = 0.00003	CLs  = 0.04375
AsymptoticLimits.cc[337] : (in function: getCLs) - At r = 0.405063:	q_mu = 5.35129	q_A  = 0.37750	Pmu = 0.00000	1-Pb  = 0.00003	CLs  = 0.06051
AsymptoticLimits.cc[337] : (in function: getCLs) - At r = 0.426210:	q_mu = 5.64354	q_A  = 0.41703	Pmu = 0.00000	1-Pb  = 0.00003	CLs  = 0.05196
AsymptoticLimits.cc[337] : (in function: getCLs) - At r = 0.435226:	q_mu = 5.76853	q_A  = 0.43450	Pmu = 0.00000	1-Pb  = 0.00003	CLs  = 0.04869
AsymptoticLimits.cc[337] : (in function: getCLs) - At r = 0.430473:	q_mu = 5.70261	q_A  = 0.42523	Pmu = 0.00000	1-Pb  = 0.00003	CLs  = 0.05039
AsymptoticLimits.cc[337] : (in function: getCLs) - At r = 0.432278:	q_mu = 5.72763	q_A  = 0.42873	Pmu = 0.00000	1-Pb  = 0.00003	CLs  = 0.04973
AsymptoticLimits.cc[337] : (in function: getCLs) - At r = 0.431327:	q_mu = 5.71445	q_A  = 0.42689	Pmu = 0.00000	1-Pb  = 0.00003	CLs  = 0.05008
AsymptoticLimits.cc[337] : (in function: getCLs) - At r = 0.431689:	q_mu = 5.71946	q_A  = 0.42759	Pmu = 0.00000	1-Pb  = 0.00003	CLs  = 0.04995
AsymptoticLimits.cc[337] : (in function: getCLs) - At r = 0.431499:	q_mu = 5.71683	q_A  = 0.42722	Pmu = 0.00000	1-Pb  = 0.00003	CLs  = 0.05002
AsymptoticLimits.cc[337] : (in function: getCLs) - At r = 0.431571:	q_mu = 5.71783	q_A  = 0.42736	Pmu = 0.00000	1-Pb  = 0.00003	CLs  = 0.04999
AsymptoticLimits.cc[337] : (in function: getCLs) - At r = 0.431533:	q_mu = 5.71730	q_A  = 0.42729	Pmu = 0.00000	1-Pb  = 0.00003	CLs  = 0.05000
AsymptoticLimits.cc[337] : (in function: getCLs) - At r = 0.431547:	q_mu = 5.71750	q_A  = 0.42731	Pmu = 0.00000	1-Pb  = 0.00003	CLs  = 0.05000
AsymptoticLimits.cc[337] : (in function: getCLs) - At r = 0.431540:	q_mu = 5.71740	q_A  = 0.42730	Pmu = 0.00000	1-Pb  = 0.00003	CLs  = 0.05000
AsymptoticLimits.cc[337] : (in function: getCLs) - At r = 0.431543:	q_mu = 5.71744	q_A  = 0.42730	Pmu = 0.00000	1-Pb  = 0.00003	CLs  = 0.05000
