CascadeMinimizer.cc[188] : (in function: improveOnce) - Minimization configured with Type=Minuit2, Algo=Migrad, strategy=0, tolerance=0.1
CascadeMinimizer.cc[215] : (in function: improveOnce) - Minimization finished with status=0
CascadeMinimizer.cc[219] : (in function: improveOnce) - Minimization success! status=0
ToyMCSamplerOpt.cc[146] : (in function: generateAsimov) - Using internal logic for binned/unbinned Asimov dataset generation
ToyMCSamplerOpt.cc[214] : (in function: generateWithHisto) - Generating asimov with histogram for pdf pdf_binpass_LOW_obsOnly: in 3 x-bins
ToyMCSamplerOpt.cc[215] : (in function: generateWithHisto) -  , in 1 y-bins
ToyMCSamplerOpt.cc[146] : (in function: generateAsimov) - Using internal logic for binned/unbinned Asimov dataset generation
ToyMCSamplerOpt.cc[214] : (in function: generateWithHisto) - Generating asimov with histogram for pdf pdf_binpass_SIG_obsOnly: in 1 x-bins
ToyMCSamplerOpt.cc[215] : (in function: generateWithHisto) -  , in 1 y-bins
ToyMCSamplerOpt.cc[146] : (in function: generateAsimov) - Using internal logic for binned/unbinned Asimov dataset generation
ToyMCSamplerOpt.cc[214] : (in function: generateWithHisto) - Generating asimov with histogram for pdf pdf_binpass_HIGH_obsOnly: in 5 x-bins
ToyMCSamplerOpt.cc[215] : (in function: generateWithHisto) -  , in 1 y-bins
ToyMCSamplerOpt.cc[146] : (in function: generateAsimov) - Using internal logic for binned/unbinned Asimov dataset generation
ToyMCSamplerOpt.cc[214] : (in function: generateWithHisto) - Generating asimov with histogram for pdf pdf_binfail_LOW_obsOnly: in 3 x-bins
ToyMCSamplerOpt.cc[215] : (in function: generateWithHisto) -  , in 1 y-bins
ToyMCSamplerOpt.cc[146] : (in function: generateAsimov) - Using internal logic for binned/unbinned Asimov dataset generation
ToyMCSamplerOpt.cc[214] : (in function: generateWithHisto) - Generating asimov with histogram for pdf pdf_binfail_SIG_obsOnly: in 1 x-bins
ToyMCSamplerOpt.cc[215] : (in function: generateWithHisto) -  , in 1 y-bins
ToyMCSamplerOpt.cc[146] : (in function: generateAsimov) - Using internal logic for binned/unbinned Asimov dataset generation
ToyMCSamplerOpt.cc[214] : (in function: generateWithHisto) - Generating asimov with histogram for pdf pdf_binfail_HIGH_obsOnly: in 5 x-bins
ToyMCSamplerOpt.cc[215] : (in function: generateWithHisto) -  , in 1 y-bins
AsymptoticLimits.cc[428] : (in function: runLimitExpected) - Median for expected limits = 0.477539, Sigma for expected limits = 0.243647
AsymptoticLimits.cc[191] : (in function: runLimit) - NLL at global minimum of data = -776.746 (r=2.57363e-08)
AsymptoticLimits.cc[211] : (in function: runLimit) - NLL at global minimum of asimov = -774.938 (r=6.24579e-06)
AsymptoticLimits.cc[337] : (in function: getCLs) - At r = 1.200000:	q_mu = 23.09179	q_A  = 21.55151	Pmu = 0.00000	1-Pb  = 0.43412	CLs  = 0.00000
AsymptoticLimits.cc[337] : (in function: getCLs) - At r = 0.600000:	q_mu = 11.75982	q_A  = 5.64703	Pmu = 0.00012	1-Pb  = 0.09919	CLs  = 0.00126
AsymptoticLimits.cc[337] : (in function: getCLs) - At r = 0.300000:	q_mu = 5.84060	q_A  = 1.61692	Pmu = 0.00168	1-Pb  = 0.04838	CLs  = 0.03477
AsymptoticLimits.cc[337] : (in function: getCLs) - At r = 0.150000:	q_mu = 2.88900	q_A  = 0.30927	Pmu = 0.00202	1-Pb  = 0.01019	CLs  = 0.19799
AsymptoticLimits.cc[337] : (in function: getCLs) - At r = 0.225000:	q_mu = 4.36047	q_A  = 0.87786	Pmu = 0.00259	1-Pb  = 0.03155	CLs  = 0.08214
AsymptoticLimits.cc[337] : (in function: getCLs) - At r = 0.259641:	q_mu = 5.04312	q_A  = 1.20314	Pmu = 0.00220	1-Pb  = 0.04002	CLs  = 0.05508
AsymptoticLimits.cc[337] : (in function: getCLs) - At r = 0.274507:	q_mu = 5.33545	q_A  = 1.35262	Pmu = 0.00202	1-Pb  = 0.04342	CLs  = 0.04648
AsymptoticLimits.cc[337] : (in function: getCLs) - At r = 0.266421:	q_mu = 5.17603	q_A  = 1.27041	Pmu = 0.00212	1-Pb  = 0.04159	CLs  = 0.05099
AsymptoticLimits.cc[337] : (in function: getCLs) - At r = 0.269402:	q_mu = 5.23477	q_A  = 1.30032	Pmu = 0.00208	1-Pb  = 0.04225	CLs  = 0.04928
AsymptoticLimits.cc[337] : (in function: getCLs) - At r = 0.267786:	q_mu = 5.20293	q_A  = 1.28399	Pmu = 0.00210	1-Pb  = 0.04188	CLs  = 0.05020
AsymptoticLimits.cc[337] : (in function: getCLs) - At r = 0.268384:	q_mu = 5.21470	q_A  = 1.28997	Pmu = 0.00209	1-Pb  = 0.04201	CLs  = 0.04986
AsymptoticLimits.cc[337] : (in function: getCLs) - At r = 0.268061:	q_mu = 5.20834	q_A  = 1.28671	Pmu = 0.00210	1-Pb  = 0.04194	CLs  = 0.05004
AsymptoticLimits.cc[337] : (in function: getCLs) - At r = 0.268181:	q_mu = 5.21071	q_A  = 1.28790	Pmu = 0.00210	1-Pb  = 0.04196	CLs  = 0.04997
AsymptoticLimits.cc[337] : (in function: getCLs) - At r = 0.268117:	q_mu = 5.20944	q_A  = 1.28724	Pmu = 0.00210	1-Pb  = 0.04195	CLs  = 0.05001
AsymptoticLimits.cc[337] : (in function: getCLs) - At r = 0.268141:	q_mu = 5.20992	q_A  = 1.28747	Pmu = 0.00210	1-Pb  = 0.04195	CLs  = 0.04999
AsymptoticLimits.cc[337] : (in function: getCLs) - At r = 0.268128:	q_mu = 5.20967	q_A  = 1.28733	Pmu = 0.00210	1-Pb  = 0.04195	CLs  = 0.05000
AsymptoticLimits.cc[337] : (in function: getCLs) - At r = 0.268134:	q_mu = 5.20977	q_A  = 1.28737	Pmu = 0.00210	1-Pb  = 0.04195	CLs  = 0.05000
AsymptoticLimits.cc[337] : (in function: getCLs) - At r = 0.268131:	q_mu = 5.20972	q_A  = 1.28734	Pmu = 0.00210	1-Pb  = 0.04195	CLs  = 0.05000
