CascadeMinimizer.cc[188] : (in function: improveOnce) - Minimization configured with Type=Minuit2, Algo=Migrad, strategy=0, tolerance=0.1
CascadeMinimizer.cc[215] : (in function: improveOnce) - Minimization finished with status=0
CascadeMinimizer.cc[219] : (in function: improveOnce) - Minimization success! status=0
ToyMCSamplerOpt.cc[146] : (in function: generateAsimov) - Using internal logic for binned/unbinned Asimov dataset generation
ToyMCSamplerOpt.cc[214] : (in function: generateWithHisto) - Generating asimov with histogram for pdf pdf_binpass_LOW_obsOnly: in 3 x-bins
ToyMCSamplerOpt.cc[215] : (in function: generateWithHisto) -  , in 1 y-bins
ToyMCSamplerOpt.cc[146] : (in function: generateAsimov) - Using internal logic for binned/unbinned Asimov dataset generation
ToyMCSamplerOpt.cc[214] : (in function: generateWithHisto) - Generating asimov with histogram for pdf pdf_binpass_SIG_obsOnly: in 1 x-bins
ToyMCSamplerOpt.cc[215] : (in function: generateWithHisto) -  , in 1 y-bins
ToyMCSamplerOpt.cc[146] : (in function: generateAsimov) - Using internal logic for binned/unbinned Asimov dataset generation
ToyMCSamplerOpt.cc[214] : (in function: generateWithHisto) - Generating asimov with histogram for pdf pdf_binpass_HIGH_obsOnly: in 5 x-bins
ToyMCSamplerOpt.cc[215] : (in function: generateWithHisto) -  , in 1 y-bins
ToyMCSamplerOpt.cc[146] : (in function: generateAsimov) - Using internal logic for binned/unbinned Asimov dataset generation
ToyMCSamplerOpt.cc[214] : (in function: generateWithHisto) - Generating asimov with histogram for pdf pdf_binfail_LOW_obsOnly: in 3 x-bins
ToyMCSamplerOpt.cc[215] : (in function: generateWithHisto) -  , in 1 y-bins
ToyMCSamplerOpt.cc[146] : (in function: generateAsimov) - Using internal logic for binned/unbinned Asimov dataset generation
ToyMCSamplerOpt.cc[214] : (in function: generateWithHisto) - Generating asimov with histogram for pdf pdf_binfail_SIG_obsOnly: in 1 x-bins
ToyMCSamplerOpt.cc[215] : (in function: generateWithHisto) -  , in 1 y-bins
ToyMCSamplerOpt.cc[146] : (in function: generateAsimov) - Using internal logic for binned/unbinned Asimov dataset generation
ToyMCSamplerOpt.cc[214] : (in function: generateWithHisto) - Generating asimov with histogram for pdf pdf_binfail_HIGH_obsOnly: in 5 x-bins
ToyMCSamplerOpt.cc[215] : (in function: generateWithHisto) -  , in 1 y-bins
AsymptoticLimits.cc[428] : (in function: runLimitExpected) - Median for expected limits = 0.308594, Sigma for expected limits = 0.157449
AsymptoticLimits.cc[191] : (in function: runLimit) - NLL at global minimum of data = -917.701 (r=2.59829e-05)
AsymptoticLimits.cc[211] : (in function: runLimit) - NLL at global minimum of asimov = -917.084 (r=5.35652e-08)
AsymptoticLimits.cc[337] : (in function: getCLs) - At r = 1.200026:	q_mu = 17.74547	q_A  = 13.93788	Pmu = 0.00001	1-Pb  = 0.30505	CLs  = 0.00004
AsymptoticLimits.cc[337] : (in function: getCLs) - At r = 0.600026:	q_mu = 8.14867	q_A  = 7.23975	Pmu = 0.00212	1-Pb  = 0.43294	CLs  = 0.00490
AsymptoticLimits.cc[337] : (in function: getCLs) - At r = 0.300026:	q_mu = 4.20727	q_A  = 3.73101	Pmu = 0.01995	1-Pb  = 0.45094	CLs  = 0.04423
AsymptoticLimits.cc[337] : (in function: getCLs) - At r = 0.150026:	q_mu = 2.12326	q_A  = 1.89948	Pmu = 0.07223	1-Pb  = 0.46765	CLs  = 0.15445
AsymptoticLimits.cc[337] : (in function: getCLs) - At r = 0.225026:	q_mu = 3.17566	q_A  = 2.82325	Pmu = 0.03712	1-Pb  = 0.45824	CLs  = 0.08101
AsymptoticLimits.cc[337] : (in function: getCLs) - At r = 0.272871:	q_mu = 3.83567	q_A  = 3.40460	Pmu = 0.02488	1-Pb  = 0.45350	CLs  = 0.05487
AsymptoticLimits.cc[337] : (in function: getCLs) - At r = 0.287669:	q_mu = 4.03815	q_A  = 3.58247	Pmu = 0.02205	1-Pb  = 0.45209	CLs  = 0.04878
AsymptoticLimits.cc[337] : (in function: getCLs) - At r = 0.282217:	q_mu = 3.96358	q_A  = 3.51677	Pmu = 0.02305	1-Pb  = 0.45259	CLs  = 0.05093
AsymptoticLimits.cc[337] : (in function: getCLs) - At r = 0.285172:	q_mu = 4.00399	q_A  = 3.55238	Pmu = 0.02250	1-Pb  = 0.45232	CLs  = 0.04975
AsymptoticLimits.cc[337] : (in function: getCLs) - At r = 0.284081:	q_mu = 3.98906	q_A  = 3.53923	Pmu = 0.02270	1-Pb  = 0.45242	CLs  = 0.05019
AsymptoticLimits.cc[337] : (in function: getCLs) - At r = 0.284673:	q_mu = 3.99713	q_A  = 3.54635	Pmu = 0.02260	1-Pb  = 0.45237	CLs  = 0.04995
AsymptoticLimits.cc[337] : (in function: getCLs) - At r = 0.284455:	q_mu = 3.99414	q_A  = 3.54373	Pmu = 0.02264	1-Pb  = 0.45239	CLs  = 0.05004
AsymptoticLimits.cc[337] : (in function: getCLs) - At r = 0.284574:	q_mu = 3.99576	q_A  = 3.54516	Pmu = 0.02261	1-Pb  = 0.45238	CLs  = 0.04999
AsymptoticLimits.cc[337] : (in function: getCLs) - At r = 0.284531:	q_mu = 3.99516	q_A  = 3.54464	Pmu = 0.02262	1-Pb  = 0.45238	CLs  = 0.05001
AsymptoticLimits.cc[337] : (in function: getCLs) - At r = 0.284555:	q_mu = 3.99548	q_A  = 3.54493	Pmu = 0.02262	1-Pb  = 0.45238	CLs  = 0.05000
AsymptoticLimits.cc[337] : (in function: getCLs) - At r = 0.284547:	q_mu = 3.99536	q_A  = 3.54484	Pmu = 0.02262	1-Pb  = 0.45238	CLs  = 0.05000
AsymptoticLimits.cc[337] : (in function: getCLs) - At r = 0.284550:	q_mu = 3.99540	q_A  = 3.54488	Pmu = 0.02262	1-Pb  = 0.45238	CLs  = 0.05000
