CascadeMinimizer.cc[188] : (in function: improveOnce) - Minimization configured with Type=Minuit2, Algo=Migrad, strategy=0, tolerance=0.1
CascadeMinimizer.cc[215] : (in function: improveOnce) - Minimization finished with status=0
CascadeMinimizer.cc[219] : (in function: improveOnce) - Minimization success! status=0
ToyMCSamplerOpt.cc[146] : (in function: generateAsimov) - Using internal logic for binned/unbinned Asimov dataset generation
ToyMCSamplerOpt.cc[214] : (in function: generateWithHisto) - Generating asimov with histogram for pdf pdf_binpass_LOW_obsOnly: in 3 x-bins
ToyMCSamplerOpt.cc[215] : (in function: generateWithHisto) -  , in 1 y-bins
ToyMCSamplerOpt.cc[146] : (in function: generateAsimov) - Using internal logic for binned/unbinned Asimov dataset generation
ToyMCSamplerOpt.cc[214] : (in function: generateWithHisto) - Generating asimov with histogram for pdf pdf_binpass_SIG_obsOnly: in 1 x-bins
ToyMCSamplerOpt.cc[215] : (in function: generateWithHisto) -  , in 1 y-bins
ToyMCSamplerOpt.cc[146] : (in function: generateAsimov) - Using internal logic for binned/unbinned Asimov dataset generation
ToyMCSamplerOpt.cc[214] : (in function: generateWithHisto) - Generating asimov with histogram for pdf pdf_binpass_HIGH_obsOnly: in 5 x-bins
ToyMCSamplerOpt.cc[215] : (in function: generateWithHisto) -  , in 1 y-bins
ToyMCSamplerOpt.cc[146] : (in function: generateAsimov) - Using internal logic for binned/unbinned Asimov dataset generation
ToyMCSamplerOpt.cc[214] : (in function: generateWithHisto) - Generating asimov with histogram for pdf pdf_binfail_LOW_obsOnly: in 3 x-bins
ToyMCSamplerOpt.cc[215] : (in function: generateWithHisto) -  , in 1 y-bins
ToyMCSamplerOpt.cc[146] : (in function: generateAsimov) - Using internal logic for binned/unbinned Asimov dataset generation
ToyMCSamplerOpt.cc[214] : (in function: generateWithHisto) - Generating asimov with histogram for pdf pdf_binfail_SIG_obsOnly: in 1 x-bins
ToyMCSamplerOpt.cc[215] : (in function: generateWithHisto) -  , in 1 y-bins
ToyMCSamplerOpt.cc[146] : (in function: generateAsimov) - Using internal logic for binned/unbinned Asimov dataset generation
ToyMCSamplerOpt.cc[214] : (in function: generateWithHisto) - Generating asimov with histogram for pdf pdf_binfail_HIGH_obsOnly: in 5 x-bins
ToyMCSamplerOpt.cc[215] : (in function: generateWithHisto) -  , in 1 y-bins
AsymptoticLimits.cc[428] : (in function: runLimitExpected) - Median for expected limits = 1.98438, Sigma for expected limits = 1.01245
AsymptoticLimits.cc[191] : (in function: runLimit) - NLL at global minimum of data = -42.2095 (r=1.08082e-07)
AsymptoticLimits.cc[211] : (in function: runLimit) - NLL at global minimum of asimov = -42.2005 (r=9.26032e-07)
AsymptoticLimits.cc[337] : (in function: getCLs) - At r = 1.400972:	q_mu = 2.81361	q_A  = 2.79059	Pmu = 0.04673	1-Pb  = 0.49725	CLs  = 0.09398
AsymptoticLimits.cc[337] : (in function: getCLs) - At r = 2.801944:	q_mu = 5.27416	q_A  = 5.23635	Pmu = 0.01082	1-Pb  = 0.49670	CLs  = 0.02179
AsymptoticLimits.cc[337] : (in function: getCLs) - At r = 1.400972:	q_mu = 2.81353	q_A  = 2.78956	Pmu = 0.04673	1-Pb  = 0.49714	CLs  = 0.09401
AsymptoticLimits.cc[337] : (in function: getCLs) - At r = 2.165144:	q_mu = 4.19135	q_A  = 4.15833	Pmu = 0.02031	1-Pb  = 0.49677	CLs  = 0.04089
AsymptoticLimits.cc[337] : (in function: getCLs) - At r = 1.864650:	q_mu = 3.66048	q_A  = 3.63060	Pmu = 0.02786	1-Pb  = 0.49687	CLs  = 0.05607
AsymptoticLimits.cc[337] : (in function: getCLs) - At r = 2.011982:	q_mu = 3.92211	q_A  = 3.89088	Pmu = 0.02383	1-Pb  = 0.49684	CLs  = 0.04796
AsymptoticLimits.cc[337] : (in function: getCLs) - At r = 1.951032:	q_mu = 3.81410	q_A  = 3.78354	Pmu = 0.02541	1-Pb  = 0.49687	CLs  = 0.05114
AsymptoticLimits.cc[337] : (in function: getCLs) - At r = 1.980337:	q_mu = 3.86606	q_A  = 3.83517	Pmu = 0.02464	1-Pb  = 0.49685	CLs  = 0.04958
AsymptoticLimits.cc[337] : (in function: getCLs) - At r = 1.968123:	q_mu = 3.84438	q_A  = 3.81363	Pmu = 0.02496	1-Pb  = 0.49686	CLs  = 0.05023
AsymptoticLimits.cc[337] : (in function: getCLs) - At r = 1.973989:	q_mu = 3.85476	q_A  = 3.82394	Pmu = 0.02480	1-Pb  = 0.49686	CLs  = 0.04992
AsymptoticLimits.cc[337] : (in function: getCLs) - At r = 1.971557:	q_mu = 3.85042	q_A  = 3.81963	Pmu = 0.02487	1-Pb  = 0.49686	CLs  = 0.05005
AsymptoticLimits.cc[337] : (in function: getCLs) - At r = 1.972739:	q_mu = 3.85250	q_A  = 3.82169	Pmu = 0.02484	1-Pb  = 0.49686	CLs  = 0.04998
AsymptoticLimits.cc[337] : (in function: getCLs) - At r = 1.972264:	q_mu = 3.85163	q_A  = 3.82083	Pmu = 0.02485	1-Pb  = 0.49686	CLs  = 0.05001
AsymptoticLimits.cc[337] : (in function: getCLs) - At r = 1.972509:	q_mu = 3.85205	q_A  = 3.82124	Pmu = 0.02484	1-Pb  = 0.49686	CLs  = 0.05000
AsymptoticLimits.cc[337] : (in function: getCLs) - At r = 1.972426:	q_mu = 3.85188	q_A  = 3.82107	Pmu = 0.02484	1-Pb  = 0.49686	CLs  = 0.05000
AsymptoticLimits.cc[337] : (in function: getCLs) - At r = 1.972464:	q_mu = 3.85192	q_A  = 3.82112	Pmu = 0.02484	1-Pb  = 0.49686	CLs  = 0.05000
AsymptoticLimits.cc[337] : (in function: getCLs) - At r = 1.972488:	q_mu = 3.85194	q_A  = 3.82115	Pmu = 0.02484	1-Pb  = 0.49686	CLs  = 0.05000
AsymptoticLimits.cc[337] : (in function: getCLs) - At r = 1.972497:	q_mu = 3.85194	q_A  = 3.82115	Pmu = 0.02484	1-Pb  = 0.49686	CLs  = 0.05000
AsymptoticLimits.cc[337] : (in function: getCLs) - At r = 1.972502:	q_mu = 3.85192	q_A  = 3.82114	Pmu = 0.02484	1-Pb  = 0.49686	CLs  = 0.05000
