CascadeMinimizer.cc[188] : (in function: improveOnce) - Minimization configured with Type=Minuit2, Algo=Migrad, strategy=0, tolerance=0.1
CascadeMinimizer.cc[215] : (in function: improveOnce) - Minimization finished with status=0
CascadeMinimizer.cc[219] : (in function: improveOnce) - Minimization success! status=0
ToyMCSamplerOpt.cc[146] : (in function: generateAsimov) - Using internal logic for binned/unbinned Asimov dataset generation
ToyMCSamplerOpt.cc[214] : (in function: generateWithHisto) - Generating asimov with histogram for pdf pdf_binpass_LOW_obsOnly: in 3 x-bins
ToyMCSamplerOpt.cc[215] : (in function: generateWithHisto) -  , in 1 y-bins
ToyMCSamplerOpt.cc[146] : (in function: generateAsimov) - Using internal logic for binned/unbinned Asimov dataset generation
ToyMCSamplerOpt.cc[214] : (in function: generateWithHisto) - Generating asimov with histogram for pdf pdf_binpass_SIG_obsOnly: in 1 x-bins
ToyMCSamplerOpt.cc[215] : (in function: generateWithHisto) -  , in 1 y-bins
ToyMCSamplerOpt.cc[146] : (in function: generateAsimov) - Using internal logic for binned/unbinned Asimov dataset generation
ToyMCSamplerOpt.cc[214] : (in function: generateWithHisto) - Generating asimov with histogram for pdf pdf_binpass_HIGH_obsOnly: in 3 x-bins
ToyMCSamplerOpt.cc[215] : (in function: generateWithHisto) -  , in 1 y-bins
ToyMCSamplerOpt.cc[146] : (in function: generateAsimov) - Using internal logic for binned/unbinned Asimov dataset generation
ToyMCSamplerOpt.cc[214] : (in function: generateWithHisto) - Generating asimov with histogram for pdf pdf_binfail_LOW_obsOnly: in 3 x-bins
ToyMCSamplerOpt.cc[215] : (in function: generateWithHisto) -  , in 1 y-bins
ToyMCSamplerOpt.cc[146] : (in function: generateAsimov) - Using internal logic for binned/unbinned Asimov dataset generation
ToyMCSamplerOpt.cc[214] : (in function: generateWithHisto) - Generating asimov with histogram for pdf pdf_binfail_SIG_obsOnly: in 1 x-bins
ToyMCSamplerOpt.cc[215] : (in function: generateWithHisto) -  , in 1 y-bins
ToyMCSamplerOpt.cc[146] : (in function: generateAsimov) - Using internal logic for binned/unbinned Asimov dataset generation
ToyMCSamplerOpt.cc[214] : (in function: generateWithHisto) - Generating asimov with histogram for pdf pdf_binfail_HIGH_obsOnly: in 3 x-bins
ToyMCSamplerOpt.cc[215] : (in function: generateWithHisto) -  , in 1 y-bins
AsymptoticLimits.cc[415] : (in function: runLimitExpected) - [WARNING] Best fit of asimov dataset is at r = 0.038006 (0.001900 times rMax), while it should be at zero
AsymptoticLimits.cc[428] : (in function: runLimitExpected) - Median for expected limits = 8.92188, Sigma for expected limits = 4.55206
AsymptoticLimits.cc[191] : (in function: runLimit) - NLL at global minimum of data = -690.969 (r=5.31411)
AsymptoticLimits.cc[211] : (in function: runLimit) - NLL at global minimum of asimov = -689.527 (r=0.0529491)
AsymptoticLimits.cc[337] : (in function: getCLs) - At r = 9.984965:	q_mu = 3.27539	q_A  = 5.13587	Pmu = 0.03516	1-Pb  = 0.67596	CLs  = 0.05202
AsymptoticLimits.cc[337] : (in function: getCLs) - At r = 19.969931:	q_mu = 15.10062	q_A  = 33.81311	Pmu = 0.00005	1-Pb  = 0.97313	CLs  = 0.00005
AsymptoticLimits.cc[337] : (in function: getCLs) - At r = 12.642020:	q_mu = 6.28738	q_A  = 8.57087	Pmu = 0.00608	1-Pb  = 0.66281	CLs  = 0.00917
AsymptoticLimits.cc[337] : (in function: getCLs) - At r = 8.978065:	q_mu = 2.24639	q_A  = 3.90232	Pmu = 0.06696	1-Pb  = 0.68319	CLs  = 0.09802
AsymptoticLimits.cc[337] : (in function: getCLs) - At r = 10.810042:	q_mu = 4.17564	q_A  = 6.18305	Pmu = 0.02050	1-Pb  = 0.67117	CLs  = 0.03055
AsymptoticLimits.cc[337] : (in function: getCLs) - At r = 9.824297:	q_mu = 3.10538	q_A  = 4.93525	Pmu = 0.03902	1-Pb  = 0.67700	CLs  = 0.05763
AsymptoticLimits.cc[337] : (in function: getCLs) - At r = 10.197945:	q_mu = 3.50360	q_A  = 5.40362	Pmu = 0.03062	1-Pb  = 0.67465	CLs  = 0.04538
AsymptoticLimits.cc[337] : (in function: getCLs) - At r = 10.002019:	q_mu = 3.29351	q_A  = 5.15725	Pmu = 0.03478	1-Pb  = 0.67586	CLs  = 0.05146
AsymptoticLimits.cc[337] : (in function: getCLs) - At r = 10.077031:	q_mu = 3.37361	q_A  = 5.25132	Pmu = 0.03312	1-Pb  = 0.67539	CLs  = 0.04904
AsymptoticLimits.cc[337] : (in function: getCLs) - At r = 10.037910:	q_mu = 3.33176	q_A  = 5.20220	Pmu = 0.03398	1-Pb  = 0.67563	CLs  = 0.05029
AsymptoticLimits.cc[337] : (in function: getCLs) - At r = 10.052938:	q_mu = 3.34782	q_A  = 5.22109	Pmu = 0.03365	1-Pb  = 0.67554	CLs  = 0.04981
AsymptoticLimits.cc[337] : (in function: getCLs) - At r = 10.045115:	q_mu = 3.33946	q_A  = 5.21123	Pmu = 0.03382	1-Pb  = 0.67559	CLs  = 0.05006
AsymptoticLimits.cc[337] : (in function: getCLs) - At r = 10.048124:	q_mu = 3.34267	q_A  = 5.21501	Pmu = 0.03375	1-Pb  = 0.67557	CLs  = 0.04996
AsymptoticLimits.cc[337] : (in function: getCLs) - At r = 10.046560:	q_mu = 3.34100	q_A  = 5.21305	Pmu = 0.03379	1-Pb  = 0.67558	CLs  = 0.05001
AsymptoticLimits.cc[337] : (in function: getCLs) - At r = 10.047162:	q_mu = 3.34164	q_A  = 5.21382	Pmu = 0.03377	1-Pb  = 0.67558	CLs  = 0.04999
AsymptoticLimits.cc[337] : (in function: getCLs) - At r = 10.046847:	q_mu = 3.34131	q_A  = 5.21341	Pmu = 0.03378	1-Pb  = 0.67558	CLs  = 0.05000
AsymptoticLimits.cc[337] : (in function: getCLs) - At r = 10.046969:	q_mu = 3.34144	q_A  = 5.21356	Pmu = 0.03378	1-Pb  = 0.67558	CLs  = 0.05000
AsymptoticLimits.cc[337] : (in function: getCLs) - At r = 10.046907:	q_mu = 3.34137	q_A  = 5.21348	Pmu = 0.03378	1-Pb  = 0.67558	CLs  = 0.05000
AsymptoticLimits.cc[337] : (in function: getCLs) - At r = 10.046932:	q_mu = 3.34140	q_A  = 5.21352	Pmu = 0.03378	1-Pb  = 0.67558	CLs  = 0.05000
