 <<< Combine >>> 
 <<< v10.0.1 >>>
>>> Random number generator seed is 123456
>>> Method used is FitDiagnostics
Set Default Value of Parameter mask_pass_SIG To : 1
Set Default Value of Parameter mask_pass_HIGH To : 1
Set Default Value of Parameter r To : 1
>>> 2 out of 6 channels masked

>> Found 16 floating parameters
>> The following parameters are protected in the event of negative eigenvalues:
>> Parameter CMS_EXO26004_Background_rpf_2x0_par1 does not have a valid stencil and will be dropped
>> Parameter CMS_EXO26004_Background_rpf_2x0_par2 does not have a valid stencil and will be dropped
>> Verifying eigenvalues are all positive (iteration 0)
Eigenvalue 13 : -2.60813e-05
 - 0.713012	CMS_EXO26004_Background_rpf_2x0_par0
 - -0.701152	CMS_EXO26004_Background_rpf_2x0_par3
 - 2.4473e-05	CMS_EXO26004_Background_fail_LOW_bin_2-1
 - -1.11879e-05	CMS_EXO26004_Background_fail_LOW_bin_1-1
 - -1.10167e-13	CMS_EXO26004_Background_fail_HIGH_bin_3-1
>> Attempt 0 failed, remove the variable with largest eigenvector component...
>> Dropping CMS_EXO26004_Background_rpf_2x0_par0 from the hessian
>> Verifying eigenvalues are all positive (iteration 1)
>> All eigenvalues are positive
>> Inverting Hessian...
>> Matrix inverted
>> Note: the following parameters were dropped as their ranges are either too narrow or the parameter has no effect on the NLL:
     - CMS_EXO26004_Background_rpf_2x0_par1
     - CMS_EXO26004_Background_rpf_2x0_par2
>> Note: the following parameters were dropped to make the covariance matrix pos-def:
     - CMS_EXO26004_Background_rpf_2x0_par0
 Fit B-only, status = 0, numBadNLL = 0, covariance quality = -1
Running Minos for POI r
>> Found 17 floating parameters
>> The following parameters are protected in the event of negative eigenvalues: r
>> Parameter CMS_EXO26004_Background_rpf_2x0_par1 does not have a valid stencil and will be dropped
>> Parameter CMS_EXO26004_Background_rpf_2x0_par2 does not have a valid stencil and will be dropped
>> Verifying eigenvalues are all positive (iteration 0)
Eigenvalue 14 : -5.65118e-06
 - -0.998796	r
 - 0.0414486	CMS_EXO26004_Background_rpf_2x0_par0
 - -0.0238851	CMS_EXO26004_Background_rpf_2x0_par3
 - 0.0106624	lumi
 - 0.00131025	CMS_EXO26004_Background_fail_HIGH_bin_4-1
>> Attempt 0 failed, remove the variable with largest eigenvector component...
>> Dropping CMS_EXO26004_Background_rpf_2x0_par0 from the hessian
>> Verifying eigenvalues are all positive (iteration 1)
Eigenvalue 13 : -5.10606e-06
 - 0.99979	r
 - -0.0173719	CMS_EXO26004_Background_rpf_2x0_par3
 - -0.010673	lumi
 - -0.00131156	CMS_EXO26004_Background_fail_HIGH_bin_4-1
 - -0.00105118	CMS_EXO26004_Background_fail_HIGH_bin_5-1
>> Attempt 1 failed, remove the variable with largest eigenvector component...
>> Dropping CMS_EXO26004_Background_rpf_2x0_par3 from the hessian
>> Verifying eigenvalues are all positive (iteration 2)
>> All eigenvalues are positive
>> Inverting Hessian...
>> Matrix inverted
>> Note: the following parameters were dropped as their ranges are either too narrow or the parameter has no effect on the NLL:
     - CMS_EXO26004_Background_rpf_2x0_par1
     - CMS_EXO26004_Background_rpf_2x0_par2
>> Note: the following parameters were dropped to make the covariance matrix pos-def:
     - CMS_EXO26004_Background_rpf_2x0_par0
     - CMS_EXO26004_Background_rpf_2x0_par3
Fit S+B, status = 0, numBadNLL = 0, covariance quality = -1

 --- FitDiagnostics ---
Best fit r: 5.91644e-08  -5.91644e-08/+50  (68% CL)
Done in 0.01 min (cpu), 0.01 min (real)
29 log messages saved to combine_logger.out
