CascadeMinimizer.cc[188] : (in function: improveOnce) - Minimization configured with Type=Minuit2, Algo=Migrad, strategy=0, tolerance=0.1
CascadeMinimizer.cc[215] : (in function: improveOnce) - Minimization finished with status=0
CascadeMinimizer.cc[219] : (in function: improveOnce) - Minimization success! status=0
ToyMCSamplerOpt.cc[146] : (in function: generateAsimov) - Using internal logic for binned/unbinned Asimov dataset generation
ToyMCSamplerOpt.cc[214] : (in function: generateWithHisto) - Generating asimov with histogram for pdf pdf_binpass_LOW_obsOnly: in 2 x-bins
ToyMCSamplerOpt.cc[215] : (in function: generateWithHisto) -  , in 1 y-bins
ToyMCSamplerOpt.cc[146] : (in function: generateAsimov) - Using internal logic for binned/unbinned Asimov dataset generation
ToyMCSamplerOpt.cc[214] : (in function: generateWithHisto) - Generating asimov with histogram for pdf pdf_binpass_SIG_obsOnly: in 1 x-bins
ToyMCSamplerOpt.cc[215] : (in function: generateWithHisto) -  , in 1 y-bins
ToyMCSamplerOpt.cc[146] : (in function: generateAsimov) - Using internal logic for binned/unbinned Asimov dataset generation
ToyMCSamplerOpt.cc[214] : (in function: generateWithHisto) - Generating asimov with histogram for pdf pdf_binpass_HIGH_obsOnly: in 9 x-bins
ToyMCSamplerOpt.cc[215] : (in function: generateWithHisto) -  , in 1 y-bins
ToyMCSamplerOpt.cc[146] : (in function: generateAsimov) - Using internal logic for binned/unbinned Asimov dataset generation
ToyMCSamplerOpt.cc[214] : (in function: generateWithHisto) - Generating asimov with histogram for pdf pdf_binfail_LOW_obsOnly: in 2 x-bins
ToyMCSamplerOpt.cc[215] : (in function: generateWithHisto) -  , in 1 y-bins
ToyMCSamplerOpt.cc[146] : (in function: generateAsimov) - Using internal logic for binned/unbinned Asimov dataset generation
ToyMCSamplerOpt.cc[214] : (in function: generateWithHisto) - Generating asimov with histogram for pdf pdf_binfail_SIG_obsOnly: in 1 x-bins
ToyMCSamplerOpt.cc[215] : (in function: generateWithHisto) -  , in 1 y-bins
ToyMCSamplerOpt.cc[146] : (in function: generateAsimov) - Using internal logic for binned/unbinned Asimov dataset generation
ToyMCSamplerOpt.cc[214] : (in function: generateWithHisto) - Generating asimov with histogram for pdf pdf_binfail_HIGH_obsOnly: in 9 x-bins
ToyMCSamplerOpt.cc[215] : (in function: generateWithHisto) -  , in 1 y-bins
AsymptoticLimits.cc[428] : (in function: runLimitExpected) - Median for expected limits = 2.10938, Sigma for expected limits = 1.07623
AsymptoticLimits.cc[191] : (in function: runLimit) - NLL at global minimum of data = -812.79 (r=1.92874e-07)
AsymptoticLimits.cc[211] : (in function: runLimit) - NLL at global minimum of asimov = -812.253 (r=6.81462e-06)
AsymptoticLimits.cc[337] : (in function: getCLs) - At r = 1.479022:	q_mu = 2.76287	q_A  = 2.75580	Pmu = 0.04824	1-Pb  = 0.49915	CLs  = 0.09664
AsymptoticLimits.cc[337] : (in function: getCLs) - At r = 2.958044:	q_mu = 5.23578	q_A  = 5.22442	Pmu = 0.01106	1-Pb  = 0.49901	CLs  = 0.02217
AsymptoticLimits.cc[337] : (in function: getCLs) - At r = 1.479022:	q_mu = 2.76246	q_A  = 2.75579	Pmu = 0.04825	1-Pb  = 0.49920	CLs  = 0.09665
AsymptoticLimits.cc[337] : (in function: getCLs) - At r = 2.304503:	q_mu = 4.17270	q_A  = 4.16338	Pmu = 0.02054	1-Pb  = 0.49909	CLs  = 0.04116
AsymptoticLimits.cc[337] : (in function: getCLs) - At r = 1.988832:	q_mu = 3.64271	q_A  = 3.63445	Pmu = 0.02816	1-Pb  = 0.49914	CLs  = 0.05641
AsymptoticLimits.cc[337] : (in function: getCLs) - At r = 2.148601:	q_mu = 3.91225	q_A  = 3.90353	Pmu = 0.02397	1-Pb  = 0.49912	CLs  = 0.04802
AsymptoticLimits.cc[337] : (in function: getCLs) - At r = 2.084581:	q_mu = 3.80449	q_A  = 3.79605	Pmu = 0.02556	1-Pb  = 0.49914	CLs  = 0.05120
AsymptoticLimits.cc[337] : (in function: getCLs) - At r = 2.116363:	q_mu = 3.85792	q_A  = 3.84946	Pmu = 0.02476	1-Pb  = 0.49914	CLs  = 0.04960
AsymptoticLimits.cc[337] : (in function: getCLs) - At r = 2.103550:	q_mu = 3.83228	q_A  = 3.82793	Pmu = 0.02514	1-Pb  = 0.49956	CLs  = 0.05032
AsymptoticLimits.cc[337] : (in function: getCLs) - At r = 2.110623:	q_mu = 3.84416	q_A  = 3.83981	Pmu = 0.02496	1-Pb  = 0.49956	CLs  = 0.04996
AsymptoticLimits.cc[337] : (in function: getCLs) - At r = 2.108629:	q_mu = 3.84080	q_A  = 3.83645	Pmu = 0.02501	1-Pb  = 0.49956	CLs  = 0.05006
AsymptoticLimits.cc[337] : (in function: getCLs) - At r = 2.109645:	q_mu = 3.84251	q_A  = 3.83816	Pmu = 0.02498	1-Pb  = 0.49956	CLs  = 0.05001
AsymptoticLimits.cc[337] : (in function: getCLs) - At r = 2.110045:	q_mu = 3.84319	q_A  = 3.83882	Pmu = 0.02497	1-Pb  = 0.49956	CLs  = 0.04999
AsymptoticLimits.cc[337] : (in function: getCLs) - At r = 2.109851:	q_mu = 3.84286	q_A  = 3.83849	Pmu = 0.02498	1-Pb  = 0.49956	CLs  = 0.05000
AsymptoticLimits.cc[337] : (in function: getCLs) - At r = 2.109932:	q_mu = 3.84300	q_A  = 3.83862	Pmu = 0.02498	1-Pb  = 0.49955	CLs  = 0.05000
AsymptoticLimits.cc[337] : (in function: getCLs) - At r = 2.109894:	q_mu = 3.84293	q_A  = 3.83855	Pmu = 0.02498	1-Pb  = 0.49955	CLs  = 0.05000
AsymptoticLimits.cc[337] : (in function: getCLs) - At r = 2.109911:	q_mu = 3.84296	q_A  = 3.83858	Pmu = 0.02498	1-Pb  = 0.49955	CLs  = 0.05000
AsymptoticLimits.cc[337] : (in function: getCLs) - At r = 2.109904:	q_mu = 3.84295	q_A  = 3.83856	Pmu = 0.02498	1-Pb  = 0.49955	CLs  = 0.05000
