CascadeMinimizer.cc[188] : (in function: improveOnce) - Minimization configured with Type=Minuit2, Algo=Migrad, strategy=0, tolerance=0.1
CascadeMinimizer.cc[215] : (in function: improveOnce) - Minimization finished with status=0
CascadeMinimizer.cc[219] : (in function: improveOnce) - Minimization success! status=0
ToyMCSamplerOpt.cc[146] : (in function: generateAsimov) - Using internal logic for binned/unbinned Asimov dataset generation
ToyMCSamplerOpt.cc[214] : (in function: generateWithHisto) - Generating asimov with histogram for pdf pdf_binpass_LOW_obsOnly: in 4 x-bins
ToyMCSamplerOpt.cc[215] : (in function: generateWithHisto) -  , in 1 y-bins
ToyMCSamplerOpt.cc[146] : (in function: generateAsimov) - Using internal logic for binned/unbinned Asimov dataset generation
ToyMCSamplerOpt.cc[214] : (in function: generateWithHisto) - Generating asimov with histogram for pdf pdf_binpass_SIG_obsOnly: in 3 x-bins
ToyMCSamplerOpt.cc[215] : (in function: generateWithHisto) -  , in 1 y-bins
ToyMCSamplerOpt.cc[146] : (in function: generateAsimov) - Using internal logic for binned/unbinned Asimov dataset generation
ToyMCSamplerOpt.cc[214] : (in function: generateWithHisto) - Generating asimov with histogram for pdf pdf_binpass_HIGH_obsOnly: in 7 x-bins
ToyMCSamplerOpt.cc[215] : (in function: generateWithHisto) -  , in 1 y-bins
ToyMCSamplerOpt.cc[146] : (in function: generateAsimov) - Using internal logic for binned/unbinned Asimov dataset generation
ToyMCSamplerOpt.cc[214] : (in function: generateWithHisto) - Generating asimov with histogram for pdf pdf_binfail_LOW_obsOnly: in 4 x-bins
ToyMCSamplerOpt.cc[215] : (in function: generateWithHisto) -  , in 1 y-bins
ToyMCSamplerOpt.cc[146] : (in function: generateAsimov) - Using internal logic for binned/unbinned Asimov dataset generation
ToyMCSamplerOpt.cc[214] : (in function: generateWithHisto) - Generating asimov with histogram for pdf pdf_binfail_SIG_obsOnly: in 3 x-bins
ToyMCSamplerOpt.cc[215] : (in function: generateWithHisto) -  , in 1 y-bins
ToyMCSamplerOpt.cc[146] : (in function: generateAsimov) - Using internal logic for binned/unbinned Asimov dataset generation
ToyMCSamplerOpt.cc[214] : (in function: generateWithHisto) - Generating asimov with histogram for pdf pdf_binfail_HIGH_obsOnly: in 7 x-bins
ToyMCSamplerOpt.cc[215] : (in function: generateWithHisto) -  , in 1 y-bins
AsymptoticLimits.cc[428] : (in function: runLimitExpected) - Median for expected limits = 4.8125, Sigma for expected limits = 2.4554
AsymptoticLimits.cc[191] : (in function: runLimit) - NLL at global minimum of data = -11131.1 (r=1.09181e-08)
AsymptoticLimits.cc[211] : (in function: runLimit) - NLL at global minimum of asimov = -11130.6 (r=7.86282e-07)
AsymptoticLimits.cc[337] : (in function: getCLs) - At r = 1.634647:	q_mu = 2.24887	q_A  = 1.43578	Pmu = 0.06208	1-Pb  = 0.36720	CLs  = 0.16907
AsymptoticLimits.cc[337] : (in function: getCLs) - At r = 3.269294:	q_mu = 3.80511	q_A  = 2.77452	Pmu = 0.02413	1-Pb  = 0.37852	CLs  = 0.06375
AsymptoticLimits.cc[337] : (in function: getCLs) - At r = 6.538587:	q_mu = 6.09811	q_A  = 4.85308	Pmu = 0.00647	1-Pb  = 0.38875	CLs  = 0.01664
AsymptoticLimits.cc[337] : (in function: getCLs) - At r = 3.269294:	q_mu = 3.80496	q_A  = 2.77458	Pmu = 0.02413	1-Pb  = 0.37855	CLs  = 0.06375
AsymptoticLimits.cc[337] : (in function: getCLs) - At r = 4.396258:	q_mu = 4.68554	q_A  = 3.56268	Pmu = 0.01445	1-Pb  = 0.38306	CLs  = 0.03771
AsymptoticLimits.cc[337] : (in function: getCLs) - At r = 3.911967:	q_mu = 4.32168	q_A  = 3.23515	Pmu = 0.01783	1-Pb  = 0.38131	CLs  = 0.04677
AsymptoticLimits.cc[337] : (in function: getCLs) - At r = 3.672609:	q_mu = 4.13413	q_A  = 3.06724	Pmu = 0.01989	1-Pb  = 0.38034	CLs  = 0.05231
AsymptoticLimits.cc[337] : (in function: getCLs) - At r = 3.797657:	q_mu = 4.23275	q_A  = 3.15546	Pmu = 0.01878	1-Pb  = 0.38086	CLs  = 0.04931
AsymptoticLimits.cc[337] : (in function: getCLs) - At r = 3.749176:	q_mu = 4.19465	q_A  = 3.12141	Pmu = 0.01920	1-Pb  = 0.38067	CLs  = 0.05045
AsymptoticLimits.cc[337] : (in function: getCLs) - At r = 3.774066:	q_mu = 4.21432	q_A  = 3.13890	Pmu = 0.01898	1-Pb  = 0.38076	CLs  = 0.04986
AsymptoticLimits.cc[337] : (in function: getCLs) - At r = 3.764309:	q_mu = 4.20658	q_A  = 3.13203	Pmu = 0.01907	1-Pb  = 0.38072	CLs  = 0.05009
AsymptoticLimits.cc[337] : (in function: getCLs) - At r = 3.769302:	q_mu = 4.21049	q_A  = 3.13554	Pmu = 0.01903	1-Pb  = 0.38074	CLs  = 0.04997
AsymptoticLimits.cc[337] : (in function: getCLs) - At r = 3.767378:	q_mu = 4.20897	q_A  = 3.13422	Pmu = 0.01904	1-Pb  = 0.38074	CLs  = 0.05002
AsymptoticLimits.cc[337] : (in function: getCLs) - At r = 3.768375:	q_mu = 4.20984	q_A  = 3.13490	Pmu = 0.01903	1-Pb  = 0.38073	CLs  = 0.04999
AsymptoticLimits.cc[337] : (in function: getCLs) - At r = 3.767951:	q_mu = 4.20944	q_A  = 3.13459	Pmu = 0.01904	1-Pb  = 0.38074	CLs  = 0.05000
AsymptoticLimits.cc[337] : (in function: getCLs) - At r = 3.768166:	q_mu = 4.20959	q_A  = 3.13474	Pmu = 0.01904	1-Pb  = 0.38074	CLs  = 0.05000
AsymptoticLimits.cc[337] : (in function: getCLs) - At r = 3.768109:	q_mu = 4.20954	q_A  = 3.13473	Pmu = 0.01904	1-Pb  = 0.38074	CLs  = 0.05000
AsymptoticLimits.cc[337] : (in function: getCLs) - At r = 3.768139:	q_mu = 4.20957	q_A  = 3.13473	Pmu = 0.01904	1-Pb  = 0.38074	CLs  = 0.05000
AsymptoticLimits.cc[337] : (in function: getCLs) - At r = 3.768155:	q_mu = 4.20967	q_A  = 3.13474	Pmu = 0.01904	1-Pb  = 0.38073	CLs  = 0.05000
