CascadeMinimizer.cc[188] : (in function: improveOnce) - Minimization configured with Type=Minuit2, Algo=Migrad, strategy=0, tolerance=0.1
CascadeMinimizer.cc[215] : (in function: improveOnce) - Minimization finished with status=0
CascadeMinimizer.cc[219] : (in function: improveOnce) - Minimization success! status=0
ToyMCSamplerOpt.cc[146] : (in function: generateAsimov) - Using internal logic for binned/unbinned Asimov dataset generation
ToyMCSamplerOpt.cc[214] : (in function: generateWithHisto) - Generating asimov with histogram for pdf pdf_binpass_LOW_obsOnly: in 3 x-bins
ToyMCSamplerOpt.cc[215] : (in function: generateWithHisto) -  , in 1 y-bins
ToyMCSamplerOpt.cc[146] : (in function: generateAsimov) - Using internal logic for binned/unbinned Asimov dataset generation
ToyMCSamplerOpt.cc[214] : (in function: generateWithHisto) - Generating asimov with histogram for pdf pdf_binpass_SIG_obsOnly: in 1 x-bins
ToyMCSamplerOpt.cc[215] : (in function: generateWithHisto) -  , in 1 y-bins
ToyMCSamplerOpt.cc[146] : (in function: generateAsimov) - Using internal logic for binned/unbinned Asimov dataset generation
ToyMCSamplerOpt.cc[214] : (in function: generateWithHisto) - Generating asimov with histogram for pdf pdf_binpass_HIGH_obsOnly: in 3 x-bins
ToyMCSamplerOpt.cc[215] : (in function: generateWithHisto) -  , in 1 y-bins
ToyMCSamplerOpt.cc[146] : (in function: generateAsimov) - Using internal logic for binned/unbinned Asimov dataset generation
ToyMCSamplerOpt.cc[214] : (in function: generateWithHisto) - Generating asimov with histogram for pdf pdf_binfail_LOW_obsOnly: in 3 x-bins
ToyMCSamplerOpt.cc[215] : (in function: generateWithHisto) -  , in 1 y-bins
ToyMCSamplerOpt.cc[146] : (in function: generateAsimov) - Using internal logic for binned/unbinned Asimov dataset generation
ToyMCSamplerOpt.cc[214] : (in function: generateWithHisto) - Generating asimov with histogram for pdf pdf_binfail_SIG_obsOnly: in 1 x-bins
ToyMCSamplerOpt.cc[215] : (in function: generateWithHisto) -  , in 1 y-bins
ToyMCSamplerOpt.cc[146] : (in function: generateAsimov) - Using internal logic for binned/unbinned Asimov dataset generation
ToyMCSamplerOpt.cc[214] : (in function: generateWithHisto) - Generating asimov with histogram for pdf pdf_binfail_HIGH_obsOnly: in 3 x-bins
ToyMCSamplerOpt.cc[215] : (in function: generateWithHisto) -  , in 1 y-bins
AsymptoticLimits.cc[428] : (in function: runLimitExpected) - Median for expected limits = 1.85938, Sigma for expected limits = 0.948678
AsymptoticLimits.cc[191] : (in function: runLimit) - NLL at global minimum of data = -8460.34 (r=1.30973)
AsymptoticLimits.cc[211] : (in function: runLimit) - NLL at global minimum of asimov = -8454.4 (r=0.00530934)
AsymptoticLimits.cc[337] : (in function: getCLs) - At r = 2.628580:	q_mu = 2.75547	q_A  = 6.99509	Pmu = 0.04846	1-Pb  = 0.83765	CLs  = 0.05785
AsymptoticLimits.cc[337] : (in function: getCLs) - At r = 5.257160:	q_mu = 11.94567	q_A  = 17.88916	Pmu = 0.00027	1-Pb  = 0.78033	CLs  = 0.00035
AsymptoticLimits.cc[337] : (in function: getCLs) - At r = 3.283446:	q_mu = 4.95972	q_A  = 9.79302	Pmu = 0.01297	1-Pb  = 0.81656	CLs  = 0.01589
AsymptoticLimits.cc[337] : (in function: getCLs) - At r = 2.296589:	q_mu = 1.74470	q_A  = 5.59600	Pmu = 0.09327	1-Pb  = 0.85192	CLs  = 0.10948
AsymptoticLimits.cc[337] : (in function: getCLs) - At r = 2.814511:	q_mu = 3.36032	q_A  = 7.78815	Pmu = 0.03339	1-Pb  = 0.83087	CLs  = 0.04019
AsymptoticLimits.cc[337] : (in function: getCLs) - At r = 2.620628:	q_mu = 2.73010	q_A  = 6.96127	Pmu = 0.04924	1-Pb  = 0.83796	CLs  = 0.05876
AsymptoticLimits.cc[337] : (in function: getCLs) - At r = 2.725316:	q_mu = 3.06747	q_A  = 7.40719	Pmu = 0.03994	1-Pb  = 0.83403	CLs  = 0.04788
AsymptoticLimits.cc[337] : (in function: getCLs) - At r = 2.686685:	q_mu = 2.94206	q_A  = 7.24246	Pmu = 0.04315	1-Pb  = 0.83545	CLs  = 0.05165
AsymptoticLimits.cc[337] : (in function: getCLs) - At r = 2.707662:	q_mu = 3.01001	q_A  = 7.33189	Pmu = 0.04138	1-Pb  = 0.83468	CLs  = 0.04957
AsymptoticLimits.cc[337] : (in function: getCLs) - At r = 2.699947:	q_mu = 2.98498	q_A  = 7.29899	Pmu = 0.04202	1-Pb  = 0.83496	CLs  = 0.05033
AsymptoticLimits.cc[337] : (in function: getCLs) - At r = 2.704144:	q_mu = 2.99859	q_A  = 7.31689	Pmu = 0.04167	1-Pb  = 0.83481	CLs  = 0.04991
AsymptoticLimits.cc[337] : (in function: getCLs) - At r = 2.702601:	q_mu = 2.99359	q_A  = 7.31031	Pmu = 0.04180	1-Pb  = 0.83486	CLs  = 0.05007
AsymptoticLimits.cc[337] : (in function: getCLs) - At r = 2.703441:	q_mu = 2.99631	q_A  = 7.31389	Pmu = 0.04173	1-Pb  = 0.83483	CLs  = 0.04998
AsymptoticLimits.cc[337] : (in function: getCLs) - At r = 2.703132:	q_mu = 2.99531	q_A  = 7.31257	Pmu = 0.04175	1-Pb  = 0.83484	CLs  = 0.05001
AsymptoticLimits.cc[337] : (in function: getCLs) - At r = 2.703300:	q_mu = 2.99585	q_A  = 7.31329	Pmu = 0.04174	1-Pb  = 0.83484	CLs  = 0.05000
AsymptoticLimits.cc[337] : (in function: getCLs) - At r = 2.703238:	q_mu = 2.99565	q_A  = 7.31302	Pmu = 0.04174	1-Pb  = 0.83484	CLs  = 0.05000
AsymptoticLimits.cc[337] : (in function: getCLs) - At r = 2.703272:	q_mu = 2.99576	q_A  = 7.31317	Pmu = 0.04174	1-Pb  = 0.83484	CLs  = 0.05000
AsymptoticLimits.cc[337] : (in function: getCLs) - At r = 2.703260:	q_mu = 2.99572	q_A  = 7.31312	Pmu = 0.04174	1-Pb  = 0.83484	CLs  = 0.05000
AsymptoticLimits.cc[337] : (in function: getCLs) - At r = 2.703266:	q_mu = 2.99574	q_A  = 7.31314	Pmu = 0.04174	1-Pb  = 0.83484	CLs  = 0.05000
