CascadeMinimizer.cc[188] : (in function: improveOnce) - Minimization configured with Type=Minuit2, Algo=Migrad, strategy=0, tolerance=0.1
CascadeMinimizer.cc[215] : (in function: improveOnce) - Minimization finished with status=0
CascadeMinimizer.cc[219] : (in function: improveOnce) - Minimization success! status=0
ToyMCSamplerOpt.cc[146] : (in function: generateAsimov) - Using internal logic for binned/unbinned Asimov dataset generation
ToyMCSamplerOpt.cc[214] : (in function: generateWithHisto) - Generating asimov with histogram for pdf pdf_binpass_LOW_obsOnly: in 2 x-bins
ToyMCSamplerOpt.cc[215] : (in function: generateWithHisto) -  , in 1 y-bins
ToyMCSamplerOpt.cc[146] : (in function: generateAsimov) - Using internal logic for binned/unbinned Asimov dataset generation
ToyMCSamplerOpt.cc[214] : (in function: generateWithHisto) - Generating asimov with histogram for pdf pdf_binpass_SIG_obsOnly: in 1 x-bins
ToyMCSamplerOpt.cc[215] : (in function: generateWithHisto) -  , in 1 y-bins
ToyMCSamplerOpt.cc[146] : (in function: generateAsimov) - Using internal logic for binned/unbinned Asimov dataset generation
ToyMCSamplerOpt.cc[214] : (in function: generateWithHisto) - Generating asimov with histogram for pdf pdf_binpass_HIGH_obsOnly: in 9 x-bins
ToyMCSamplerOpt.cc[215] : (in function: generateWithHisto) -  , in 1 y-bins
ToyMCSamplerOpt.cc[146] : (in function: generateAsimov) - Using internal logic for binned/unbinned Asimov dataset generation
ToyMCSamplerOpt.cc[214] : (in function: generateWithHisto) - Generating asimov with histogram for pdf pdf_binfail_LOW_obsOnly: in 2 x-bins
ToyMCSamplerOpt.cc[215] : (in function: generateWithHisto) -  , in 1 y-bins
ToyMCSamplerOpt.cc[146] : (in function: generateAsimov) - Using internal logic for binned/unbinned Asimov dataset generation
ToyMCSamplerOpt.cc[214] : (in function: generateWithHisto) - Generating asimov with histogram for pdf pdf_binfail_SIG_obsOnly: in 1 x-bins
ToyMCSamplerOpt.cc[215] : (in function: generateWithHisto) -  , in 1 y-bins
ToyMCSamplerOpt.cc[146] : (in function: generateAsimov) - Using internal logic for binned/unbinned Asimov dataset generation
ToyMCSamplerOpt.cc[214] : (in function: generateWithHisto) - Generating asimov with histogram for pdf pdf_binfail_HIGH_obsOnly: in 9 x-bins
ToyMCSamplerOpt.cc[215] : (in function: generateWithHisto) -  , in 1 y-bins
AsymptoticLimits.cc[428] : (in function: runLimitExpected) - Median for expected limits = 0.605469, Sigma for expected limits = 0.308918
AsymptoticLimits.cc[191] : (in function: runLimit) - NLL at global minimum of data = -817.735 (r=1.81107e-07)
AsymptoticLimits.cc[211] : (in function: runLimit) - NLL at global minimum of asimov = -817.193 (r=3.1231e-06)
AsymptoticLimits.cc[337] : (in function: getCLs) - At r = 1.200000:	q_mu = 7.27376	q_A  = 7.21068	Pmu = 0.00350	1-Pb  = 0.49531	CLs  = 0.00706
AsymptoticLimits.cc[337] : (in function: getCLs) - At r = 0.600000:	q_mu = 3.84628	q_A  = 3.80800	Pmu = 0.02493	1-Pb  = 0.49609	CLs  = 0.05025
AsymptoticLimits.cc[337] : (in function: getCLs) - At r = 0.900000:	q_mu = 5.60410	q_A  = 5.55227	Pmu = 0.00896	1-Pb  = 0.49561	CLs  = 0.01808
AsymptoticLimits.cc[337] : (in function: getCLs) - At r = 0.661156:	q_mu = 4.21225	q_A  = 4.17115	Pmu = 0.02007	1-Pb  = 0.49599	CLs  = 0.04046
AsymptoticLimits.cc[337] : (in function: getCLs) - At r = 0.613342:	q_mu = 3.92615	q_A  = 3.88753	Pmu = 0.02377	1-Pb  = 0.49609	CLs  = 0.04791
AsymptoticLimits.cc[337] : (in function: getCLs) - At r = 0.603773:	q_mu = 3.86388	q_A  = 3.82993	Pmu = 0.02467	1-Pb  = 0.49654	CLs  = 0.04968
AsymptoticLimits.cc[337] : (in function: getCLs) - At r = 0.602059:	q_mu = 3.85345	q_A  = 3.81969	Pmu = 0.02482	1-Pb  = 0.49655	CLs  = 0.04999
AsymptoticLimits.cc[337] : (in function: getCLs) - At r = 0.601559:	q_mu = 3.85044	q_A  = 3.81669	Pmu = 0.02487	1-Pb  = 0.49655	CLs  = 0.05008
AsymptoticLimits.cc[337] : (in function: getCLs) - At r = 0.601897:	q_mu = 3.85247	q_A  = 3.81871	Pmu = 0.02484	1-Pb  = 0.49655	CLs  = 0.05002
AsymptoticLimits.cc[337] : (in function: getCLs) - At r = 0.601965:	q_mu = 3.85288	q_A  = 3.81911	Pmu = 0.02483	1-Pb  = 0.49655	CLs  = 0.05000
AsymptoticLimits.cc[337] : (in function: getCLs) - At r = 0.601998:	q_mu = 3.85307	q_A  = 3.81930	Pmu = 0.02483	1-Pb  = 0.49655	CLs  = 0.05000
AsymptoticLimits.cc[337] : (in function: getCLs) - At r = 0.601979:	q_mu = 3.85296	q_A  = 3.81918	Pmu = 0.02483	1-Pb  = 0.49655	CLs  = 0.05000
AsymptoticLimits.cc[337] : (in function: getCLs) - At r = 0.601987:	q_mu = 3.85300	q_A  = 3.81922	Pmu = 0.02483	1-Pb  = 0.49655	CLs  = 0.05000
AsymptoticLimits.cc[337] : (in function: getCLs) - At r = 0.601983:	q_mu = 3.85298	q_A  = 3.81920	Pmu = 0.02483	1-Pb  = 0.49655	CLs  = 0.05000
