 <<< Combine >>> 
 <<< v10.0.1 >>>
>>> Random number generator seed is 123456
>>> Method used is FitDiagnostics
Set Default Value of Parameter mask_pass_SIG To : 1
Set Default Value of Parameter mask_pass_HIGH To : 1
Set Default Value of Parameter r To : 1
>>> 2 out of 6 channels masked

>> Found 17 floating parameters
>> The following parameters are protected in the event of negative eigenvalues:
>> Verifying eigenvalues are all positive (iteration 0)
Eigenvalue 16 : -0.00485639
 - -0.564504	CMS_AN23122_Background_rpf_2x0_par2
 - -0.553525	CMS_AN23122_Background_rpf_2x0_par3
 - 0.517885	CMS_AN23122_Background_rpf_2x0_par1
 - 0.326709	CMS_AN23122_Background_rpf_2x0_par0
 - -0.00123197	CMS_AN23122_Background_fail_LOW_bin_2-1
>> Attempt 0 failed, remove the variable with largest eigenvector component...
>> Dropping CMS_AN23122_Background_rpf_2x0_par2 from the hessian
>> Verifying eigenvalues are all positive (iteration 1)
Eigenvalue 15 : -0.000427393
 - -0.752819	CMS_AN23122_Background_rpf_2x0_par3
 - 0.634745	CMS_AN23122_Background_rpf_2x0_par0
 - 0.174245	CMS_AN23122_Background_rpf_2x0_par1
 - -0.000408919	CMS_AN23122_Background_fail_LOW_bin_3-1
 - 0.000248671	CMS_AN23122_Background_fail_LOW_bin_1-1
>> Attempt 1 failed, remove the variable with largest eigenvector component...
>> Dropping CMS_AN23122_Background_rpf_2x0_par3 from the hessian
>> Verifying eigenvalues are all positive (iteration 2)
>> All eigenvalues are positive
>> Inverting Hessian...
>> Matrix inverted
>> Note: the following parameters were dropped to make the covariance matrix pos-def:
     - CMS_AN23122_Background_rpf_2x0_par2
     - CMS_AN23122_Background_rpf_2x0_par3
 Fit B-only, status = 0, numBadNLL = 0, covariance quality = -1
Running Minos for POI r
>> Found 18 floating parameters
>> The following parameters are protected in the event of negative eigenvalues: r
>> Verifying eigenvalues are all positive (iteration 0)
Eigenvalue 16 : -0.00411897
 - 0.703156	CMS_AN23122_Background_fail_HIGH_bin_5-1
 - -0.694626	r
 - 0.0896376	CMS_AN23122_Background_rpf_2x0_par3
 - 0.0844283	CMS_AN23122_Background_rpf_2x0_par2
 - -0.0561625	CMS_AN23122_Background_rpf_2x0_par0
Eigenvalue 17 : -0.00514923
 - -0.568723	CMS_AN23122_Background_rpf_2x0_par2
 - -0.548375	CMS_AN23122_Background_rpf_2x0_par3
 - 0.505937	CMS_AN23122_Background_rpf_2x0_par1
 - 0.316269	CMS_AN23122_Background_rpf_2x0_par0
 - 0.0998292	CMS_AN23122_Background_fail_HIGH_bin_5-1
>> Attempt 0 failed, remove the variable with largest eigenvector component...
>> Dropping CMS_AN23122_Background_rpf_2x0_par2 from the hessian
>> Verifying eigenvalues are all positive (iteration 1)
Eigenvalue 15 : -0.000546703
 - 0.756791	CMS_AN23122_Background_rpf_2x0_par3
 - -0.631166	CMS_AN23122_Background_rpf_2x0_par0
 - -0.16855	CMS_AN23122_Background_rpf_2x0_par1
 - 0.0158189	CMS_AN23122_Background_fail_HIGH_bin_5-1
 - -0.0153515	r
Eigenvalue 16 : -0.00414437
 - -0.710015	CMS_AN23122_Background_fail_HIGH_bin_5-1
 - 0.70149	r
 - -0.0408822	CMS_AN23122_Background_fail_HIGH_bin_4-1
 - -0.0322599	CMS_AN23122_Background_rpf_2x0_par1
 - -0.0229431	CMS_AN23122_Background_fail_HIGH_bin_3-1
>> Attempt 1 failed, remove the variable with largest eigenvector component...
>> Dropping CMS_AN23122_Background_fail_HIGH_bin_5-1 from the hessian
>> Verifying eigenvalues are all positive (iteration 2)
Eigenvalue 15 : -0.000548504
 - 0.756931	CMS_AN23122_Background_rpf_2x0_par3
 - -0.631193	CMS_AN23122_Background_rpf_2x0_par0
 - -0.169268	CMS_AN23122_Background_rpf_2x0_par1
 - 0.000554636	r
 - 0.000414217	CMS_AN23122_Background_fail_LOW_bin_3-1
>> Attempt 2 failed, remove the variable with largest eigenvector component...
>> Dropping CMS_AN23122_Background_rpf_2x0_par3 from the hessian
>> Verifying eigenvalues are all positive (iteration 3)
>> All eigenvalues are positive
>> Inverting Hessian...
>> Matrix inverted
>> Note: the following parameters were dropped to make the covariance matrix pos-def:
     - CMS_AN23122_Background_rpf_2x0_par2
     - CMS_AN23122_Background_fail_HIGH_bin_5-1
     - CMS_AN23122_Background_rpf_2x0_par3
Fit S+B, status = 0, numBadNLL = 0, covariance quality = -1

 --- FitDiagnostics ---
Best fit r: 1.38168  -1.38168/+48.6183  (68% CL)
Done in 0.00 min (cpu), 0.00 min (real)
31 log messages saved to combine_logger.out
