CascadeMinimizer.cc[188] : (in function: improveOnce) - Minimization configured with Type=Minuit2, Algo=Migrad, strategy=0, tolerance=0.1
CascadeMinimizer.cc[215] : (in function: improveOnce) - Minimization finished with status=0
CascadeMinimizer.cc[219] : (in function: improveOnce) - Minimization success! status=0
ToyMCSamplerOpt.cc[146] : (in function: generateAsimov) - Using internal logic for binned/unbinned Asimov dataset generation
ToyMCSamplerOpt.cc[214] : (in function: generateWithHisto) - Generating asimov with histogram for pdf pdf_binpass_LOW_obsOnly: in 3 x-bins
ToyMCSamplerOpt.cc[215] : (in function: generateWithHisto) -  , in 1 y-bins
ToyMCSamplerOpt.cc[146] : (in function: generateAsimov) - Using internal logic for binned/unbinned Asimov dataset generation
ToyMCSamplerOpt.cc[214] : (in function: generateWithHisto) - Generating asimov with histogram for pdf pdf_binpass_SIG_obsOnly: in 1 x-bins
ToyMCSamplerOpt.cc[215] : (in function: generateWithHisto) -  , in 1 y-bins
ToyMCSamplerOpt.cc[146] : (in function: generateAsimov) - Using internal logic for binned/unbinned Asimov dataset generation
ToyMCSamplerOpt.cc[214] : (in function: generateWithHisto) - Generating asimov with histogram for pdf pdf_binpass_HIGH_obsOnly: in 5 x-bins
ToyMCSamplerOpt.cc[215] : (in function: generateWithHisto) -  , in 1 y-bins
ToyMCSamplerOpt.cc[146] : (in function: generateAsimov) - Using internal logic for binned/unbinned Asimov dataset generation
ToyMCSamplerOpt.cc[214] : (in function: generateWithHisto) - Generating asimov with histogram for pdf pdf_binfail_LOW_obsOnly: in 3 x-bins
ToyMCSamplerOpt.cc[215] : (in function: generateWithHisto) -  , in 1 y-bins
ToyMCSamplerOpt.cc[146] : (in function: generateAsimov) - Using internal logic for binned/unbinned Asimov dataset generation
ToyMCSamplerOpt.cc[214] : (in function: generateWithHisto) - Generating asimov with histogram for pdf pdf_binfail_SIG_obsOnly: in 1 x-bins
ToyMCSamplerOpt.cc[215] : (in function: generateWithHisto) -  , in 1 y-bins
ToyMCSamplerOpt.cc[146] : (in function: generateAsimov) - Using internal logic for binned/unbinned Asimov dataset generation
ToyMCSamplerOpt.cc[214] : (in function: generateWithHisto) - Generating asimov with histogram for pdf pdf_binfail_HIGH_obsOnly: in 5 x-bins
ToyMCSamplerOpt.cc[215] : (in function: generateWithHisto) -  , in 1 y-bins
AsymptoticLimits.cc[428] : (in function: runLimitExpected) - Median for expected limits = 2.03125, Sigma for expected limits = 1.03637
AsymptoticLimits.cc[191] : (in function: runLimit) - NLL at global minimum of data = -781.409 (r=2.22975)
AsymptoticLimits.cc[211] : (in function: runLimit) - NLL at global minimum of asimov = -777.074 (r=0.0132779)
AsymptoticLimits.cc[337] : (in function: getCLs) - At r = 4.217230:	q_mu = 5.75914	q_A  = 15.39328	Pmu = 0.00820	1-Pb  = 0.93620	CLs  = 0.00876
AsymptoticLimits.cc[337] : (in function: getCLs) - At r = 3.223489:	q_mu = 1.67931	q_A  = 9.48426	Pmu = 0.09751	1-Pb  = 0.96277	CLs  = 0.10128
AsymptoticLimits.cc[337] : (in function: getCLs) - At r = 3.720359:	q_mu = 3.52218	q_A  = 12.31900	Pmu = 0.03028	1-Pb  = 0.94878	CLs  = 0.03191
AsymptoticLimits.cc[337] : (in function: getCLs) - At r = 3.466426:	q_mu = 2.52229	q_A  = 10.82739	Pmu = 0.05612	1-Pb  = 0.95565	CLs  = 0.05873
AsymptoticLimits.cc[337] : (in function: getCLs) - At r = 3.570798:	q_mu = 2.91942	q_A  = 11.43245	Pmu = 0.04376	1-Pb  = 0.95279	CLs  = 0.04593
AsymptoticLimits.cc[337] : (in function: getCLs) - At r = 3.521071:	q_mu = 2.72756	q_A  = 11.14262	Pmu = 0.04931	1-Pb  = 0.95415	CLs  = 0.05168
AsymptoticLimits.cc[337] : (in function: getCLs) - At r = 3.542179:	q_mu = 2.80833	q_A  = 11.26535	Pmu = 0.04689	1-Pb  = 0.95358	CLs  = 0.04917
AsymptoticLimits.cc[337] : (in function: getCLs) - At r = 3.532292:	q_mu = 2.77034	q_A  = 11.20779	Pmu = 0.04801	1-Pb  = 0.95385	CLs  = 0.05034
AsymptoticLimits.cc[337] : (in function: getCLs) - At r = 3.536531:	q_mu = 2.78655	q_A  = 11.23245	Pmu = 0.04753	1-Pb  = 0.95373	CLs  = 0.04984
AsymptoticLimits.cc[337] : (in function: getCLs) - At r = 3.534563:	q_mu = 2.77896	q_A  = 11.22099	Pmu = 0.04776	1-Pb  = 0.95379	CLs  = 0.05007
AsymptoticLimits.cc[337] : (in function: getCLs) - At r = 3.535419:	q_mu = 2.78221	q_A  = 11.22597	Pmu = 0.04766	1-Pb  = 0.95377	CLs  = 0.04997
AsymptoticLimits.cc[337] : (in function: getCLs) - At r = 3.535033:	q_mu = 2.78068	q_A  = 11.22372	Pmu = 0.04770	1-Pb  = 0.95378	CLs  = 0.05002
AsymptoticLimits.cc[337] : (in function: getCLs) - At r = 3.535213:	q_mu = 2.78129	q_A  = 11.22477	Pmu = 0.04769	1-Pb  = 0.95378	CLs  = 0.05000
AsymptoticLimits.cc[337] : (in function: getCLs) - At r = 3.535153:	q_mu = 2.77800	q_A  = 11.22442	Pmu = 0.04778	1-Pb  = 0.95387	CLs  = 0.05009
AsymptoticLimits.cc[337] : (in function: getCLs) - At r = 3.535199:	q_mu = 2.77801	q_A  = 11.22469	Pmu = 0.04778	1-Pb  = 0.95387	CLs  = 0.05009
AsymptoticLimits.cc[337] : (in function: getCLs) - At r = 3.535210:	q_mu = 2.77800	q_A  = 11.22475	Pmu = 0.04778	1-Pb  = 0.95387	CLs  = 0.05009
