CascadeMinimizer.cc[188] : (in function: improveOnce) - Minimization configured with Type=Minuit2, Algo=Migrad, strategy=0, tolerance=0.1
CascadeMinimizer.cc[215] : (in function: improveOnce) - Minimization finished with status=0
CascadeMinimizer.cc[219] : (in function: improveOnce) - Minimization success! status=0
ToyMCSamplerOpt.cc[146] : (in function: generateAsimov) - Using internal logic for binned/unbinned Asimov dataset generation
ToyMCSamplerOpt.cc[214] : (in function: generateWithHisto) - Generating asimov with histogram for pdf pdf_binpass_LOW_obsOnly: in 2 x-bins
ToyMCSamplerOpt.cc[215] : (in function: generateWithHisto) -  , in 1 y-bins
ToyMCSamplerOpt.cc[146] : (in function: generateAsimov) - Using internal logic for binned/unbinned Asimov dataset generation
ToyMCSamplerOpt.cc[214] : (in function: generateWithHisto) - Generating asimov with histogram for pdf pdf_binpass_SIG_obsOnly: in 1 x-bins
ToyMCSamplerOpt.cc[215] : (in function: generateWithHisto) -  , in 1 y-bins
ToyMCSamplerOpt.cc[146] : (in function: generateAsimov) - Using internal logic for binned/unbinned Asimov dataset generation
ToyMCSamplerOpt.cc[214] : (in function: generateWithHisto) - Generating asimov with histogram for pdf pdf_binpass_HIGH_obsOnly: in 9 x-bins
ToyMCSamplerOpt.cc[215] : (in function: generateWithHisto) -  , in 1 y-bins
ToyMCSamplerOpt.cc[146] : (in function: generateAsimov) - Using internal logic for binned/unbinned Asimov dataset generation
ToyMCSamplerOpt.cc[214] : (in function: generateWithHisto) - Generating asimov with histogram for pdf pdf_binfail_LOW_obsOnly: in 2 x-bins
ToyMCSamplerOpt.cc[215] : (in function: generateWithHisto) -  , in 1 y-bins
ToyMCSamplerOpt.cc[146] : (in function: generateAsimov) - Using internal logic for binned/unbinned Asimov dataset generation
ToyMCSamplerOpt.cc[214] : (in function: generateWithHisto) - Generating asimov with histogram for pdf pdf_binfail_SIG_obsOnly: in 1 x-bins
ToyMCSamplerOpt.cc[215] : (in function: generateWithHisto) -  , in 1 y-bins
ToyMCSamplerOpt.cc[146] : (in function: generateAsimov) - Using internal logic for binned/unbinned Asimov dataset generation
ToyMCSamplerOpt.cc[214] : (in function: generateWithHisto) - Generating asimov with histogram for pdf pdf_binfail_HIGH_obsOnly: in 9 x-bins
ToyMCSamplerOpt.cc[215] : (in function: generateWithHisto) -  , in 1 y-bins
AsymptoticLimits.cc[428] : (in function: runLimitExpected) - Median for expected limits = 3.09375, Sigma for expected limits = 1.57847
AsymptoticLimits.cc[191] : (in function: runLimit) - NLL at global minimum of data = -18.6644 (r=0.465948)
AsymptoticLimits.cc[211] : (in function: runLimit) - NLL at global minimum of asimov = -18.5798 (r=0.327034)
AsymptoticLimits.cc[337] : (in function: getCLs) - At r = 2.620138:	q_mu = 2.81769	q_A  = 3.02262	Pmu = 0.04662	1-Pb  = 0.52391	CLs  = 0.08898
AsymptoticLimits.cc[337] : (in function: getCLs) - At r = 5.240277:	q_mu = 7.31030	q_A  = 7.45098	Pmu = 0.00343	1-Pb  = 0.51033	CLs  = 0.00672
AsymptoticLimits.cc[337] : (in function: getCLs) - At r = 2.853112:	q_mu = 3.21715	q_A  = 3.41693	Pmu = 0.03644	1-Pb  = 0.52187	CLs  = 0.06982
AsymptoticLimits.cc[337] : (in function: getCLs) - At r = 4.046694:	q_mu = 5.27846	q_A  = 5.45412	Pmu = 0.01080	1-Pb  = 0.51512	CLs  = 0.02096
AsymptoticLimits.cc[337] : (in function: getCLs) - At r = 3.356726:	q_mu = 4.08525	q_A  = 4.27552	Pmu = 0.02163	1-Pb  = 0.51856	CLs  = 0.04171
AsymptoticLimits.cc[337] : (in function: getCLs) - At r = 3.114231:	q_mu = 3.66580	q_A  = 3.86132	Pmu = 0.02777	1-Pb  = 0.52010	CLs  = 0.05339
AsymptoticLimits.cc[337] : (in function: getCLs) - At r = 3.214324:	q_mu = 3.83872	q_A  = 4.03216	Pmu = 0.02504	1-Pb  = 0.51944	CLs  = 0.04821
AsymptoticLimits.cc[337] : (in function: getCLs) - At r = 3.165691:	q_mu = 3.75468	q_A  = 3.94912	Pmu = 0.02633	1-Pb  = 0.51976	CLs  = 0.05066
AsymptoticLimits.cc[337] : (in function: getCLs) - At r = 3.185678:	q_mu = 3.78919	q_A  = 3.98312	Pmu = 0.02579	1-Pb  = 0.51962	CLs  = 0.04964
AsymptoticLimits.cc[337] : (in function: getCLs) - At r = 3.175961:	q_mu = 3.77239	q_A  = 3.96652	Pmu = 0.02605	1-Pb  = 0.51968	CLs  = 0.05013
AsymptoticLimits.cc[337] : (in function: getCLs) - At r = 3.179970:	q_mu = 3.77931	q_A  = 3.97336	Pmu = 0.02594	1-Pb  = 0.51965	CLs  = 0.04993
AsymptoticLimits.cc[337] : (in function: getCLs) - At r = 3.178029:	q_mu = 3.77607	q_A  = 3.97012	Pmu = 0.02600	1-Pb  = 0.51966	CLs  = 0.05002
AsymptoticLimits.cc[337] : (in function: getCLs) - At r = 3.178798:	q_mu = 3.77725	q_A  = 3.97131	Pmu = 0.02598	1-Pb  = 0.51966	CLs  = 0.04999
AsymptoticLimits.cc[337] : (in function: getCLs) - At r = 3.178443:	q_mu = 3.77660	q_A  = 3.97070	Pmu = 0.02599	1-Pb  = 0.51967	CLs  = 0.05001
AsymptoticLimits.cc[337] : (in function: getCLs) - At r = 3.178624:	q_mu = 3.77690	q_A  = 3.97101	Pmu = 0.02598	1-Pb  = 0.51966	CLs  = 0.05000
AsymptoticLimits.cc[337] : (in function: getCLs) - At r = 3.178560:	q_mu = 3.77696	q_A  = 3.97090	Pmu = 0.02598	1-Pb  = 0.51965	CLs  = 0.05000
AsymptoticLimits.cc[337] : (in function: getCLs) - At r = 3.178519:	q_mu = 3.77677	q_A  = 3.97083	Pmu = 0.02598	1-Pb  = 0.51966	CLs  = 0.05000
AsymptoticLimits.cc[337] : (in function: getCLs) - At r = 3.178539:	q_mu = 3.77678	q_A  = 3.97086	Pmu = 0.02598	1-Pb  = 0.51966	CLs  = 0.05000
AsymptoticLimits.cc[337] : (in function: getCLs) - At r = 3.178549:	q_mu = 3.77701	q_A  = 3.97088	Pmu = 0.02598	1-Pb  = 0.51964	CLs  = 0.05000
