CascadeMinimizer.cc[188] : (in function: improveOnce) - Minimization configured with Type=Minuit2, Algo=Migrad, strategy=0, tolerance=0.1
CascadeMinimizer.cc[215] : (in function: improveOnce) - Minimization finished with status=0
CascadeMinimizer.cc[219] : (in function: improveOnce) - Minimization success! status=0
ToyMCSamplerOpt.cc[146] : (in function: generateAsimov) - Using internal logic for binned/unbinned Asimov dataset generation
ToyMCSamplerOpt.cc[214] : (in function: generateWithHisto) - Generating asimov with histogram for pdf pdf_binpass_LOW_obsOnly: in 2 x-bins
ToyMCSamplerOpt.cc[215] : (in function: generateWithHisto) -  , in 1 y-bins
ToyMCSamplerOpt.cc[146] : (in function: generateAsimov) - Using internal logic for binned/unbinned Asimov dataset generation
ToyMCSamplerOpt.cc[214] : (in function: generateWithHisto) - Generating asimov with histogram for pdf pdf_binpass_SIG_obsOnly: in 1 x-bins
ToyMCSamplerOpt.cc[215] : (in function: generateWithHisto) -  , in 1 y-bins
ToyMCSamplerOpt.cc[146] : (in function: generateAsimov) - Using internal logic for binned/unbinned Asimov dataset generation
ToyMCSamplerOpt.cc[214] : (in function: generateWithHisto) - Generating asimov with histogram for pdf pdf_binpass_HIGH_obsOnly: in 9 x-bins
ToyMCSamplerOpt.cc[215] : (in function: generateWithHisto) -  , in 1 y-bins
ToyMCSamplerOpt.cc[146] : (in function: generateAsimov) - Using internal logic for binned/unbinned Asimov dataset generation
ToyMCSamplerOpt.cc[214] : (in function: generateWithHisto) - Generating asimov with histogram for pdf pdf_binfail_LOW_obsOnly: in 2 x-bins
ToyMCSamplerOpt.cc[215] : (in function: generateWithHisto) -  , in 1 y-bins
ToyMCSamplerOpt.cc[146] : (in function: generateAsimov) - Using internal logic for binned/unbinned Asimov dataset generation
ToyMCSamplerOpt.cc[214] : (in function: generateWithHisto) - Generating asimov with histogram for pdf pdf_binfail_SIG_obsOnly: in 1 x-bins
ToyMCSamplerOpt.cc[215] : (in function: generateWithHisto) -  , in 1 y-bins
ToyMCSamplerOpt.cc[146] : (in function: generateAsimov) - Using internal logic for binned/unbinned Asimov dataset generation
ToyMCSamplerOpt.cc[214] : (in function: generateWithHisto) - Generating asimov with histogram for pdf pdf_binfail_HIGH_obsOnly: in 9 x-bins
ToyMCSamplerOpt.cc[215] : (in function: generateWithHisto) -  , in 1 y-bins
AsymptoticLimits.cc[428] : (in function: runLimitExpected) - Median for expected limits = 1.77344, Sigma for expected limits = 0.904832
AsymptoticLimits.cc[191] : (in function: runLimit) - NLL at global minimum of data = -813.177 (r=1.7554e-06)
AsymptoticLimits.cc[211] : (in function: runLimit) - NLL at global minimum of asimov = -812.637 (r=1.07219e-06)
AsymptoticLimits.cc[337] : (in function: getCLs) - At r = 1.374037:	q_mu = 3.06472	q_A  = 3.03504	Pmu = 0.04000	1-Pb  = 0.49660	CLs  = 0.08055
AsymptoticLimits.cc[337] : (in function: getCLs) - At r = 2.748074:	q_mu = 5.77488	q_A  = 5.71772	Pmu = 0.00813	1-Pb  = 0.49523	CLs  = 0.01641
AsymptoticLimits.cc[337] : (in function: getCLs) - At r = 1.374038:	q_mu = 3.06416	q_A  = 3.03503	Pmu = 0.04002	1-Pb  = 0.49666	CLs  = 0.08057
AsymptoticLimits.cc[337] : (in function: getCLs) - At r = 1.978457:	q_mu = 4.29304	q_A  = 4.25141	Pmu = 0.01913	1-Pb  = 0.49597	CLs  = 0.03858
AsymptoticLimits.cc[337] : (in function: getCLs) - At r = 1.687286:	q_mu = 3.70860	q_A  = 3.67310	Pmu = 0.02707	1-Pb  = 0.49631	CLs  = 0.05453
AsymptoticLimits.cc[337] : (in function: getCLs) - At r = 1.803920:	q_mu = 3.94422	q_A  = 3.90642	Pmu = 0.02352	1-Pb  = 0.49619	CLs  = 0.04739
AsymptoticLimits.cc[337] : (in function: getCLs) - At r = 1.744977:	q_mu = 3.82530	q_A  = 3.78879	Pmu = 0.02524	1-Pb  = 0.49626	CLs  = 0.05086
AsymptoticLimits.cc[337] : (in function: getCLs) - At r = 1.768173:	q_mu = 3.86803	q_A  = 3.83514	Pmu = 0.02461	1-Pb  = 0.49665	CLs  = 0.04954
AsymptoticLimits.cc[337] : (in function: getCLs) - At r = 1.757059:	q_mu = 3.84559	q_A  = 3.81293	Pmu = 0.02494	1-Pb  = 0.49666	CLs  = 0.05021
AsymptoticLimits.cc[337] : (in function: getCLs) - At r = 1.762071:	q_mu = 3.85571	q_A  = 3.82294	Pmu = 0.02479	1-Pb  = 0.49666	CLs  = 0.04991
AsymptoticLimits.cc[337] : (in function: getCLs) - At r = 1.759848:	q_mu = 3.85123	q_A  = 3.81850	Pmu = 0.02485	1-Pb  = 0.49666	CLs  = 0.05004
AsymptoticLimits.cc[337] : (in function: getCLs) - At r = 1.760851:	q_mu = 3.85325	q_A  = 3.82049	Pmu = 0.02482	1-Pb  = 0.49666	CLs  = 0.04998
AsymptoticLimits.cc[337] : (in function: getCLs) - At r = 1.760407:	q_mu = 3.85235	q_A  = 3.81960	Pmu = 0.02484	1-Pb  = 0.49666	CLs  = 0.05001
AsymptoticLimits.cc[337] : (in function: getCLs) - At r = 1.760608:	q_mu = 3.85276	q_A  = 3.82000	Pmu = 0.02483	1-Pb  = 0.49666	CLs  = 0.05000
AsymptoticLimits.cc[337] : (in function: getCLs) - At r = 1.760520:	q_mu = 3.85258	q_A  = 3.81982	Pmu = 0.02483	1-Pb  = 0.49666	CLs  = 0.05000
AsymptoticLimits.cc[337] : (in function: getCLs) - At r = 1.760561:	q_mu = 3.85266	q_A  = 3.81990	Pmu = 0.02483	1-Pb  = 0.49666	CLs  = 0.05000
AsymptoticLimits.cc[337] : (in function: getCLs) - At r = 1.760544:	q_mu = 3.85263	q_A  = 3.81986	Pmu = 0.02483	1-Pb  = 0.49666	CLs  = 0.05000
AsymptoticLimits.cc[337] : (in function: getCLs) - At r = 1.760553:	q_mu = 3.85265	q_A  = 3.81987	Pmu = 0.02483	1-Pb  = 0.49665	CLs  = 0.05000
