CascadeMinimizer.cc[188] : (in function: improveOnce) - Minimization configured with Type=Minuit2, Algo=Migrad, strategy=0, tolerance=0.1
CascadeMinimizer.cc[215] : (in function: improveOnce) - Minimization finished with status=0
CascadeMinimizer.cc[219] : (in function: improveOnce) - Minimization success! status=0
ToyMCSamplerOpt.cc[146] : (in function: generateAsimov) - Using internal logic for binned/unbinned Asimov dataset generation
ToyMCSamplerOpt.cc[214] : (in function: generateWithHisto) - Generating asimov with histogram for pdf pdf_binpass_LOW_obsOnly: in 3 x-bins
ToyMCSamplerOpt.cc[215] : (in function: generateWithHisto) -  , in 1 y-bins
ToyMCSamplerOpt.cc[146] : (in function: generateAsimov) - Using internal logic for binned/unbinned Asimov dataset generation
ToyMCSamplerOpt.cc[214] : (in function: generateWithHisto) - Generating asimov with histogram for pdf pdf_binpass_SIG_obsOnly: in 1 x-bins
ToyMCSamplerOpt.cc[215] : (in function: generateWithHisto) -  , in 1 y-bins
ToyMCSamplerOpt.cc[146] : (in function: generateAsimov) - Using internal logic for binned/unbinned Asimov dataset generation
ToyMCSamplerOpt.cc[214] : (in function: generateWithHisto) - Generating asimov with histogram for pdf pdf_binpass_HIGH_obsOnly: in 5 x-bins
ToyMCSamplerOpt.cc[215] : (in function: generateWithHisto) -  , in 1 y-bins
ToyMCSamplerOpt.cc[146] : (in function: generateAsimov) - Using internal logic for binned/unbinned Asimov dataset generation
ToyMCSamplerOpt.cc[214] : (in function: generateWithHisto) - Generating asimov with histogram for pdf pdf_binfail_LOW_obsOnly: in 3 x-bins
ToyMCSamplerOpt.cc[215] : (in function: generateWithHisto) -  , in 1 y-bins
ToyMCSamplerOpt.cc[146] : (in function: generateAsimov) - Using internal logic for binned/unbinned Asimov dataset generation
ToyMCSamplerOpt.cc[214] : (in function: generateWithHisto) - Generating asimov with histogram for pdf pdf_binfail_SIG_obsOnly: in 1 x-bins
ToyMCSamplerOpt.cc[215] : (in function: generateWithHisto) -  , in 1 y-bins
ToyMCSamplerOpt.cc[146] : (in function: generateAsimov) - Using internal logic for binned/unbinned Asimov dataset generation
ToyMCSamplerOpt.cc[214] : (in function: generateWithHisto) - Generating asimov with histogram for pdf pdf_binfail_HIGH_obsOnly: in 5 x-bins
ToyMCSamplerOpt.cc[215] : (in function: generateWithHisto) -  , in 1 y-bins
AsymptoticLimits.cc[428] : (in function: runLimitExpected) - Median for expected limits = 0.445312, Sigma for expected limits = 0.227204
AsymptoticLimits.cc[191] : (in function: runLimit) - NLL at global minimum of data = -777.543 (r=5.85597e-06)
AsymptoticLimits.cc[211] : (in function: runLimit) - NLL at global minimum of asimov = -776.391 (r=3.54762e-05)
AsymptoticLimits.cc[337] : (in function: getCLs) - At r = 1.200006:	q_mu = 20.66114	q_A  = 15.09755	Pmu = 0.00000	1-Pb  = 0.23702	CLs  = 0.00001
AsymptoticLimits.cc[337] : (in function: getCLs) - At r = 0.600006:	q_mu = 8.22468	q_A  = 5.86441	Pmu = 0.00181	1-Pb  = 0.31301	CLs  = 0.00579
AsymptoticLimits.cc[337] : (in function: getCLs) - At r = 0.300006:	q_mu = 3.66893	q_A  = 2.37486	Pmu = 0.02494	1-Pb  = 0.33729	CLs  = 0.07395
AsymptoticLimits.cc[337] : (in function: getCLs) - At r = 0.450006:	q_mu = 5.90159	q_A  = 3.90123	Pmu = 0.00654	1-Pb  = 0.30629	CLs  = 0.02135
AsymptoticLimits.cc[337] : (in function: getCLs) - At r = 0.367819:	q_mu = 4.66242	q_A  = 2.98732	Pmu = 0.01345	1-Pb  = 0.31399	CLs  = 0.04284
AsymptoticLimits.cc[337] : (in function: getCLs) - At r = 0.338892:	q_mu = 4.23640	q_A  = 2.70694	Pmu = 0.01743	1-Pb  = 0.32104	CLs  = 0.05428
AsymptoticLimits.cc[337] : (in function: getCLs) - At r = 0.352704:	q_mu = 4.43817	q_A  = 2.83764	Pmu = 0.01540	1-Pb  = 0.31737	CLs  = 0.04853
AsymptoticLimits.cc[337] : (in function: getCLs) - At r = 0.346997:	q_mu = 4.35403	q_A  = 2.78290	Pmu = 0.01621	1-Pb  = 0.31885	CLs  = 0.05085
AsymptoticLimits.cc[337] : (in function: getCLs) - At r = 0.349785:	q_mu = 4.39510	q_A  = 2.80951	Pmu = 0.01581	1-Pb  = 0.31811	CLs  = 0.04970
AsymptoticLimits.cc[337] : (in function: getCLs) - At r = 0.348647:	q_mu = 4.37832	q_A  = 2.79861	Pmu = 0.01597	1-Pb  = 0.31841	CLs  = 0.05017
AsymptoticLimits.cc[337] : (in function: getCLs) - At r = 0.349205:	q_mu = 4.38654	q_A  = 2.80394	Pmu = 0.01589	1-Pb  = 0.31826	CLs  = 0.04994
AsymptoticLimits.cc[337] : (in function: getCLs) - At r = 0.348977:	q_mu = 4.38319	q_A  = 2.80176	Pmu = 0.01593	1-Pb  = 0.31832	CLs  = 0.05003
AsymptoticLimits.cc[337] : (in function: getCLs) - At r = 0.349089:	q_mu = 4.38483	q_A  = 2.80283	Pmu = 0.01591	1-Pb  = 0.31829	CLs  = 0.04999
AsymptoticLimits.cc[337] : (in function: getCLs) - At r = 0.349044:	q_mu = 4.38417	q_A  = 2.80239	Pmu = 0.01592	1-Pb  = 0.31831	CLs  = 0.05001
AsymptoticLimits.cc[337] : (in function: getCLs) - At r = 0.349066:	q_mu = 4.38450	q_A  = 2.80260	Pmu = 0.01591	1-Pb  = 0.31830	CLs  = 0.05000
AsymptoticLimits.cc[337] : (in function: getCLs) - At r = 0.349057:	q_mu = 4.38436	q_A  = 2.80252	Pmu = 0.01592	1-Pb  = 0.31830	CLs  = 0.05000
AsymptoticLimits.cc[337] : (in function: getCLs) - At r = 0.349062:	q_mu = 4.38443	q_A  = 2.80256	Pmu = 0.01591	1-Pb  = 0.31830	CLs  = 0.05000
