CascadeMinimizer.cc[188] : (in function: improveOnce) - Minimization configured with Type=Minuit2, Algo=Migrad, strategy=0, tolerance=0.1
CascadeMinimizer.cc[215] : (in function: improveOnce) - Minimization finished with status=0
CascadeMinimizer.cc[219] : (in function: improveOnce) - Minimization success! status=0
ToyMCSamplerOpt.cc[146] : (in function: generateAsimov) - Using internal logic for binned/unbinned Asimov dataset generation
ToyMCSamplerOpt.cc[214] : (in function: generateWithHisto) - Generating asimov with histogram for pdf pdf_binpass_LOW_obsOnly: in 4 x-bins
ToyMCSamplerOpt.cc[215] : (in function: generateWithHisto) -  , in 1 y-bins
ToyMCSamplerOpt.cc[146] : (in function: generateAsimov) - Using internal logic for binned/unbinned Asimov dataset generation
ToyMCSamplerOpt.cc[214] : (in function: generateWithHisto) - Generating asimov with histogram for pdf pdf_binpass_SIG_obsOnly: in 3 x-bins
ToyMCSamplerOpt.cc[215] : (in function: generateWithHisto) -  , in 1 y-bins
ToyMCSamplerOpt.cc[146] : (in function: generateAsimov) - Using internal logic for binned/unbinned Asimov dataset generation
ToyMCSamplerOpt.cc[214] : (in function: generateWithHisto) - Generating asimov with histogram for pdf pdf_binpass_HIGH_obsOnly: in 7 x-bins
ToyMCSamplerOpt.cc[215] : (in function: generateWithHisto) -  , in 1 y-bins
ToyMCSamplerOpt.cc[146] : (in function: generateAsimov) - Using internal logic for binned/unbinned Asimov dataset generation
ToyMCSamplerOpt.cc[214] : (in function: generateWithHisto) - Generating asimov with histogram for pdf pdf_binfail_LOW_obsOnly: in 4 x-bins
ToyMCSamplerOpt.cc[215] : (in function: generateWithHisto) -  , in 1 y-bins
ToyMCSamplerOpt.cc[146] : (in function: generateAsimov) - Using internal logic for binned/unbinned Asimov dataset generation
ToyMCSamplerOpt.cc[214] : (in function: generateWithHisto) - Generating asimov with histogram for pdf pdf_binfail_SIG_obsOnly: in 3 x-bins
ToyMCSamplerOpt.cc[215] : (in function: generateWithHisto) -  , in 1 y-bins
ToyMCSamplerOpt.cc[146] : (in function: generateAsimov) - Using internal logic for binned/unbinned Asimov dataset generation
ToyMCSamplerOpt.cc[214] : (in function: generateWithHisto) - Generating asimov with histogram for pdf pdf_binfail_HIGH_obsOnly: in 7 x-bins
ToyMCSamplerOpt.cc[215] : (in function: generateWithHisto) -  , in 1 y-bins
AsymptoticLimits.cc[428] : (in function: runLimitExpected) - Median for expected limits = 1.07422, Sigma for expected limits = 0.548081
AsymptoticLimits.cc[191] : (in function: runLimit) - NLL at global minimum of data = -11136.5 (r=6.81547e-11)
AsymptoticLimits.cc[211] : (in function: runLimit) - NLL at global minimum of asimov = -11135.9 (r=8.59913e-09)
AsymptoticLimits.cc[337] : (in function: getCLs) - At r = 1.200000:	q_mu = 5.74195	q_A  = 4.24706	Pmu = 0.00769	1-Pb  = 0.35842	CLs  = 0.02144
AsymptoticLimits.cc[337] : (in function: getCLs) - At r = 0.600000:	q_mu = 3.32917	q_A  = 2.16598	Pmu = 0.03096	1-Pb  = 0.34636	CLs  = 0.08938
AsymptoticLimits.cc[337] : (in function: getCLs) - At r = 0.915315:	q_mu = 4.66960	q_A  = 3.30467	Pmu = 0.01414	1-Pb  = 0.35367	CLs  = 0.03999
AsymptoticLimits.cc[337] : (in function: getCLs) - At r = 0.782182:	q_mu = 4.12628	q_A  = 2.83679	Pmu = 0.01936	1-Pb  = 0.35093	CLs  = 0.05518
AsymptoticLimits.cc[337] : (in function: getCLs) - At r = 0.841401:	q_mu = 4.37173	q_A  = 3.04717	Pmu = 0.01679	1-Pb  = 0.35220	CLs  = 0.04768
AsymptoticLimits.cc[337] : (in function: getCLs) - At r = 0.814145:	q_mu = 4.25949	q_A  = 2.95078	Pmu = 0.01792	1-Pb  = 0.35163	CLs  = 0.05097
AsymptoticLimits.cc[337] : (in function: getCLs) - At r = 0.825858:	q_mu = 4.30784	q_A  = 2.99232	Pmu = 0.01743	1-Pb  = 0.35188	CLs  = 0.04952
AsymptoticLimits.cc[337] : (in function: getCLs) - At r = 0.820383:	q_mu = 4.28535	q_A  = 2.97291	Pmu = 0.01765	1-Pb  = 0.35175	CLs  = 0.05019
AsymptoticLimits.cc[337] : (in function: getCLs) - At r = 0.822713:	q_mu = 4.29490	q_A  = 2.98116	Pmu = 0.01756	1-Pb  = 0.35181	CLs  = 0.04990
AsymptoticLimits.cc[337] : (in function: getCLs) - At r = 0.821621:	q_mu = 4.29038	q_A  = 2.97728	Pmu = 0.01760	1-Pb  = 0.35179	CLs  = 0.05004
AsymptoticLimits.cc[337] : (in function: getCLs) - At r = 0.822092:	q_mu = 4.29231	q_A  = 2.97895	Pmu = 0.01758	1-Pb  = 0.35180	CLs  = 0.04998
AsymptoticLimits.cc[337] : (in function: getCLs) - At r = 0.821875:	q_mu = 4.29141	q_A  = 2.97818	Pmu = 0.01759	1-Pb  = 0.35179	CLs  = 0.05001
AsymptoticLimits.cc[337] : (in function: getCLs) - At r = 0.821969:	q_mu = 4.29189	q_A  = 2.97853	Pmu = 0.01759	1-Pb  = 0.35179	CLs  = 0.04999
AsymptoticLimits.cc[337] : (in function: getCLs) - At r = 0.821919:	q_mu = 4.29162	q_A  = 2.97834	Pmu = 0.01759	1-Pb  = 0.35179	CLs  = 0.05000
AsymptoticLimits.cc[337] : (in function: getCLs) - At r = 0.821939:	q_mu = 4.29169	q_A  = 2.97841	Pmu = 0.01759	1-Pb  = 0.35179	CLs  = 0.05000
AsymptoticLimits.cc[337] : (in function: getCLs) - At r = 0.821934:	q_mu = 4.29166	q_A  = 2.97842	Pmu = 0.01759	1-Pb  = 0.35180	CLs  = 0.05000
AsymptoticLimits.cc[337] : (in function: getCLs) - At r = 0.821936:	q_mu = 4.29167	q_A  = 2.97840	Pmu = 0.01759	1-Pb  = 0.35179	CLs  = 0.05000
