CascadeMinimizer.cc[188] : (in function: improveOnce) - Minimization configured with Type=Minuit2, Algo=Migrad, strategy=0, tolerance=0.1
CascadeMinimizer.cc[215] : (in function: improveOnce) - Minimization finished with status=0
CascadeMinimizer.cc[219] : (in function: improveOnce) - Minimization success! status=0
ToyMCSamplerOpt.cc[146] : (in function: generateAsimov) - Using internal logic for binned/unbinned Asimov dataset generation
ToyMCSamplerOpt.cc[214] : (in function: generateWithHisto) - Generating asimov with histogram for pdf pdf_binpass_LOW_obsOnly: in 2 x-bins
ToyMCSamplerOpt.cc[215] : (in function: generateWithHisto) -  , in 1 y-bins
ToyMCSamplerOpt.cc[146] : (in function: generateAsimov) - Using internal logic for binned/unbinned Asimov dataset generation
ToyMCSamplerOpt.cc[214] : (in function: generateWithHisto) - Generating asimov with histogram for pdf pdf_binpass_SIG_obsOnly: in 1 x-bins
ToyMCSamplerOpt.cc[215] : (in function: generateWithHisto) -  , in 1 y-bins
ToyMCSamplerOpt.cc[146] : (in function: generateAsimov) - Using internal logic for binned/unbinned Asimov dataset generation
ToyMCSamplerOpt.cc[214] : (in function: generateWithHisto) - Generating asimov with histogram for pdf pdf_binpass_HIGH_obsOnly: in 9 x-bins
ToyMCSamplerOpt.cc[215] : (in function: generateWithHisto) -  , in 1 y-bins
ToyMCSamplerOpt.cc[146] : (in function: generateAsimov) - Using internal logic for binned/unbinned Asimov dataset generation
ToyMCSamplerOpt.cc[214] : (in function: generateWithHisto) - Generating asimov with histogram for pdf pdf_binfail_LOW_obsOnly: in 2 x-bins
ToyMCSamplerOpt.cc[215] : (in function: generateWithHisto) -  , in 1 y-bins
ToyMCSamplerOpt.cc[146] : (in function: generateAsimov) - Using internal logic for binned/unbinned Asimov dataset generation
ToyMCSamplerOpt.cc[214] : (in function: generateWithHisto) - Generating asimov with histogram for pdf pdf_binfail_SIG_obsOnly: in 1 x-bins
ToyMCSamplerOpt.cc[215] : (in function: generateWithHisto) -  , in 1 y-bins
ToyMCSamplerOpt.cc[146] : (in function: generateAsimov) - Using internal logic for binned/unbinned Asimov dataset generation
ToyMCSamplerOpt.cc[214] : (in function: generateWithHisto) - Generating asimov with histogram for pdf pdf_binfail_HIGH_obsOnly: in 9 x-bins
ToyMCSamplerOpt.cc[215] : (in function: generateWithHisto) -  , in 1 y-bins
AsymptoticLimits.cc[428] : (in function: runLimitExpected) - Median for expected limits = 0.654297, Sigma for expected limits = 0.333831
AsymptoticLimits.cc[191] : (in function: runLimit) - NLL at global minimum of data = -825.008 (r=1.90205e-09)
AsymptoticLimits.cc[211] : (in function: runLimit) - NLL at global minimum of asimov = -823.818 (r=1.19401e-05)
AsymptoticLimits.cc[337] : (in function: getCLs) - At r = 1.200000:	q_mu = 11.29284	q_A  = 8.41467	Pmu = 0.00034	1-Pb  = 0.30991	CLs  = 0.00110
AsymptoticLimits.cc[337] : (in function: getCLs) - At r = 0.600000:	q_mu = 5.74661	q_A  = 3.41051	Pmu = 0.00658	1-Pb  = 0.26353	CLs  = 0.02498
AsymptoticLimits.cc[337] : (in function: getCLs) - At r = 0.300000:	q_mu = 2.89506	q_A  = 1.21501	Pmu = 0.03114	1-Pb  = 0.22301	CLs  = 0.13962
AsymptoticLimits.cc[337] : (in function: getCLs) - At r = 0.443217:	q_mu = 4.26366	q_A  = 2.21051	Pmu = 0.01473	1-Pb  = 0.24495	CLs  = 0.06014
AsymptoticLimits.cc[337] : (in function: getCLs) - At r = 0.500932:	q_mu = 4.81024	q_A  = 2.63963	Pmu = 0.01093	1-Pb  = 0.25207	CLs  = 0.04337
AsymptoticLimits.cc[337] : (in function: getCLs) - At r = 0.469300:	q_mu = 4.51016	q_A  = 2.40113	Pmu = 0.01287	1-Pb  = 0.24809	CLs  = 0.05188
AsymptoticLimits.cc[337] : (in function: getCLs) - At r = 0.480843:	q_mu = 4.61965	q_A  = 2.48765	Pmu = 0.01213	1-Pb  = 0.24956	CLs  = 0.04859
AsymptoticLimits.cc[337] : (in function: getCLs) - At r = 0.474506:	q_mu = 4.55952	q_A  = 2.44014	Pmu = 0.01253	1-Pb  = 0.24877	CLs  = 0.05037
AsymptoticLimits.cc[337] : (in function: getCLs) - At r = 0.476811:	q_mu = 4.58139	q_A  = 2.45737	Pmu = 0.01238	1-Pb  = 0.24905	CLs  = 0.04972
AsymptoticLimits.cc[337] : (in function: getCLs) - At r = 0.475544:	q_mu = 4.56936	q_A  = 2.44786	Pmu = 0.01246	1-Pb  = 0.24889	CLs  = 0.05007
AsymptoticLimits.cc[337] : (in function: getCLs) - At r = 0.476006:	q_mu = 4.57381	q_A  = 2.45133	Pmu = 0.01243	1-Pb  = 0.24894	CLs  = 0.04994
AsymptoticLimits.cc[337] : (in function: getCLs) - At r = 0.475750:	q_mu = 4.57132	q_A  = 2.44941	Pmu = 0.01245	1-Pb  = 0.24892	CLs  = 0.05002
AsymptoticLimits.cc[337] : (in function: getCLs) - At r = 0.475844:	q_mu = 4.57221	q_A  = 2.45018	Pmu = 0.01244	1-Pb  = 0.24894	CLs  = 0.04999
AsymptoticLimits.cc[337] : (in function: getCLs) - At r = 0.475792:	q_mu = 4.57172	q_A  = 2.44974	Pmu = 0.01245	1-Pb  = 0.24892	CLs  = 0.05000
AsymptoticLimits.cc[337] : (in function: getCLs) - At r = 0.475812:	q_mu = 4.57190	q_A  = 2.44988	Pmu = 0.01245	1-Pb  = 0.24893	CLs  = 0.05000
AsymptoticLimits.cc[337] : (in function: getCLs) - At r = 0.475802:	q_mu = 4.57181	q_A  = 2.44980	Pmu = 0.01245	1-Pb  = 0.24893	CLs  = 0.05000
AsymptoticLimits.cc[337] : (in function: getCLs) - At r = 0.475806:	q_mu = 4.57184	q_A  = 2.45004	Pmu = 0.01245	1-Pb  = 0.24896	CLs  = 0.05000
