CascadeMinimizer.cc[188] : (in function: improveOnce) - Minimization configured with Type=Minuit2, Algo=Migrad, strategy=0, tolerance=0.1
CascadeMinimizer.cc[215] : (in function: improveOnce) - Minimization finished with status=0
CascadeMinimizer.cc[219] : (in function: improveOnce) - Minimization success! status=0
ToyMCSamplerOpt.cc[146] : (in function: generateAsimov) - Using internal logic for binned/unbinned Asimov dataset generation
ToyMCSamplerOpt.cc[214] : (in function: generateWithHisto) - Generating asimov with histogram for pdf pdf_binpass_LOW_obsOnly: in 3 x-bins
ToyMCSamplerOpt.cc[215] : (in function: generateWithHisto) -  , in 1 y-bins
ToyMCSamplerOpt.cc[146] : (in function: generateAsimov) - Using internal logic for binned/unbinned Asimov dataset generation
ToyMCSamplerOpt.cc[214] : (in function: generateWithHisto) - Generating asimov with histogram for pdf pdf_binpass_SIG_obsOnly: in 1 x-bins
ToyMCSamplerOpt.cc[215] : (in function: generateWithHisto) -  , in 1 y-bins
ToyMCSamplerOpt.cc[146] : (in function: generateAsimov) - Using internal logic for binned/unbinned Asimov dataset generation
ToyMCSamplerOpt.cc[214] : (in function: generateWithHisto) - Generating asimov with histogram for pdf pdf_binpass_HIGH_obsOnly: in 3 x-bins
ToyMCSamplerOpt.cc[215] : (in function: generateWithHisto) -  , in 1 y-bins
ToyMCSamplerOpt.cc[146] : (in function: generateAsimov) - Using internal logic for binned/unbinned Asimov dataset generation
ToyMCSamplerOpt.cc[214] : (in function: generateWithHisto) - Generating asimov with histogram for pdf pdf_binfail_LOW_obsOnly: in 3 x-bins
ToyMCSamplerOpt.cc[215] : (in function: generateWithHisto) -  , in 1 y-bins
ToyMCSamplerOpt.cc[146] : (in function: generateAsimov) - Using internal logic for binned/unbinned Asimov dataset generation
ToyMCSamplerOpt.cc[214] : (in function: generateWithHisto) - Generating asimov with histogram for pdf pdf_binfail_SIG_obsOnly: in 1 x-bins
ToyMCSamplerOpt.cc[215] : (in function: generateWithHisto) -  , in 1 y-bins
ToyMCSamplerOpt.cc[146] : (in function: generateAsimov) - Using internal logic for binned/unbinned Asimov dataset generation
ToyMCSamplerOpt.cc[214] : (in function: generateWithHisto) - Generating asimov with histogram for pdf pdf_binfail_HIGH_obsOnly: in 3 x-bins
ToyMCSamplerOpt.cc[215] : (in function: generateWithHisto) -  , in 1 y-bins
AsymptoticLimits.cc[428] : (in function: runLimitExpected) - Median for expected limits = 2.57812, Sigma for expected limits = 1.31539
AsymptoticLimits.cc[191] : (in function: runLimit) - NLL at global minimum of data = -702.977 (r=4.30532e-06)
AsymptoticLimits.cc[211] : (in function: runLimit) - NLL at global minimum of asimov = -702.551 (r=0.00313308)
AsymptoticLimits.cc[337] : (in function: getCLs) - At r = 1.200004:	q_mu = 5.81832	q_A  = 1.01594	Pmu = 0.00035	1-Pb  = 0.00860	CLs  = 0.04059
AsymptoticLimits.cc[337] : (in function: getCLs) - At r = 0.600004:	q_mu = 2.90361	q_A  = 0.27397	Pmu = 0.00120	1-Pb  = 0.00600	CLs  = 0.20009
AsymptoticLimits.cc[337] : (in function: getCLs) - At r = 0.900004:	q_mu = 4.36563	q_A  = 0.59032	Pmu = 0.00063	1-Pb  = 0.00701	CLs  = 0.08982
AsymptoticLimits.cc[337] : (in function: getCLs) - At r = 1.077002:	q_mu = 5.27222	q_A  = 0.87848	Pmu = 0.00052	1-Pb  = 0.00954	CLs  = 0.05417
AsymptoticLimits.cc[337] : (in function: getCLs) - At r = 1.128918:	q_mu = 5.47562	q_A  = 0.90675	Pmu = 0.00040	1-Pb  = 0.00822	CLs  = 0.04894
AsymptoticLimits.cc[337] : (in function: getCLs) - At r = 1.109745:	q_mu = 5.38349	q_A  = 0.87810	Pmu = 0.00042	1-Pb  = 0.00811	CLs  = 0.05146
AsymptoticLimits.cc[337] : (in function: getCLs) - At r = 1.118534:	q_mu = 5.42560	q_A  = 0.89118	Pmu = 0.00041	1-Pb  = 0.00816	CLs  = 0.05029
AsymptoticLimits.cc[337] : (in function: getCLs) - At r = 1.122381:	q_mu = 5.44407	q_A  = 0.89692	Pmu = 0.00041	1-Pb  = 0.00818	CLs  = 0.04979
AsymptoticLimits.cc[337] : (in function: getCLs) - At r = 1.120309:	q_mu = 5.43408	q_A  = 0.89383	Pmu = 0.00041	1-Pb  = 0.00817	CLs  = 0.05006
AsymptoticLimits.cc[337] : (in function: getCLs) - At r = 1.121083:	q_mu = 5.43781	q_A  = 0.89498	Pmu = 0.00041	1-Pb  = 0.00818	CLs  = 0.04996
AsymptoticLimits.cc[337] : (in function: getCLs) - At r = 1.120669:	q_mu = 5.43582	q_A  = 0.89437	Pmu = 0.00041	1-Pb  = 0.00817	CLs  = 0.05001
AsymptoticLimits.cc[337] : (in function: getCLs) - At r = 1.120824:	q_mu = 5.43656	q_A  = 0.89460	Pmu = 0.00041	1-Pb  = 0.00817	CLs  = 0.04999
AsymptoticLimits.cc[337] : (in function: getCLs) - At r = 1.120741:	q_mu = 5.43616	q_A  = 0.89447	Pmu = 0.00041	1-Pb  = 0.00817	CLs  = 0.05000
AsymptoticLimits.cc[337] : (in function: getCLs) - At r = 1.120772:	q_mu = 5.43631	q_A  = 0.89452	Pmu = 0.00041	1-Pb  = 0.00817	CLs  = 0.05000
AsymptoticLimits.cc[337] : (in function: getCLs) - At r = 1.120755:	q_mu = 5.43623	q_A  = 0.89449	Pmu = 0.00041	1-Pb  = 0.00817	CLs  = 0.05000
AsymptoticLimits.cc[337] : (in function: getCLs) - At r = 1.120761:	q_mu = 5.43626	q_A  = 0.89450	Pmu = 0.00041	1-Pb  = 0.00817	CLs  = 0.05000
AsymptoticLimits.cc[337] : (in function: getCLs) - At r = 1.120758:	q_mu = 5.43625	q_A  = 0.89450	Pmu = 0.00041	1-Pb  = 0.00817	CLs  = 0.05000
