CascadeMinimizer.cc[188] : (in function: improveOnce) - Minimization configured with Type=Minuit2, Algo=Migrad, strategy=0, tolerance=0.1
CascadeMinimizer.cc[215] : (in function: improveOnce) - Minimization finished with status=0
CascadeMinimizer.cc[219] : (in function: improveOnce) - Minimization success! status=0
ToyMCSamplerOpt.cc[146] : (in function: generateAsimov) - Using internal logic for binned/unbinned Asimov dataset generation
ToyMCSamplerOpt.cc[214] : (in function: generateWithHisto) - Generating asimov with histogram for pdf pdf_binpass_LOW_obsOnly: in 3 x-bins
ToyMCSamplerOpt.cc[215] : (in function: generateWithHisto) -  , in 1 y-bins
ToyMCSamplerOpt.cc[146] : (in function: generateAsimov) - Using internal logic for binned/unbinned Asimov dataset generation
ToyMCSamplerOpt.cc[214] : (in function: generateWithHisto) - Generating asimov with histogram for pdf pdf_binpass_SIG_obsOnly: in 1 x-bins
ToyMCSamplerOpt.cc[215] : (in function: generateWithHisto) -  , in 1 y-bins
ToyMCSamplerOpt.cc[146] : (in function: generateAsimov) - Using internal logic for binned/unbinned Asimov dataset generation
ToyMCSamplerOpt.cc[214] : (in function: generateWithHisto) - Generating asimov with histogram for pdf pdf_binpass_HIGH_obsOnly: in 3 x-bins
ToyMCSamplerOpt.cc[215] : (in function: generateWithHisto) -  , in 1 y-bins
ToyMCSamplerOpt.cc[146] : (in function: generateAsimov) - Using internal logic for binned/unbinned Asimov dataset generation
ToyMCSamplerOpt.cc[214] : (in function: generateWithHisto) - Generating asimov with histogram for pdf pdf_binfail_LOW_obsOnly: in 3 x-bins
ToyMCSamplerOpt.cc[215] : (in function: generateWithHisto) -  , in 1 y-bins
ToyMCSamplerOpt.cc[146] : (in function: generateAsimov) - Using internal logic for binned/unbinned Asimov dataset generation
ToyMCSamplerOpt.cc[214] : (in function: generateWithHisto) - Generating asimov with histogram for pdf pdf_binfail_SIG_obsOnly: in 1 x-bins
ToyMCSamplerOpt.cc[215] : (in function: generateWithHisto) -  , in 1 y-bins
ToyMCSamplerOpt.cc[146] : (in function: generateAsimov) - Using internal logic for binned/unbinned Asimov dataset generation
ToyMCSamplerOpt.cc[214] : (in function: generateWithHisto) - Generating asimov with histogram for pdf pdf_binfail_HIGH_obsOnly: in 3 x-bins
ToyMCSamplerOpt.cc[215] : (in function: generateWithHisto) -  , in 1 y-bins
AsymptoticLimits.cc[428] : (in function: runLimitExpected) - Median for expected limits = 0.527344, Sigma for expected limits = 0.269058
AsymptoticLimits.cc[191] : (in function: runLimit) - NLL at global minimum of data = -691.255 (r=6.79385e-10)
AsymptoticLimits.cc[211] : (in function: runLimit) - NLL at global minimum of asimov = -691.325 (r=3.44737e-07)
AsymptoticLimits.cc[337] : (in function: getCLs) - At r = 1.200000:	q_mu = 7.33942	q_A  = 7.32792	Pmu = 0.00337	1-Pb  = 0.49915	CLs  = 0.00676
AsymptoticLimits.cc[337] : (in function: getCLs) - At r = 0.600000:	q_mu = 4.27730	q_A  = 4.26881	Pmu = 0.01931	1-Pb  = 0.49918	CLs  = 0.03869
AsymptoticLimits.cc[337] : (in function: getCLs) - At r = 0.300000:	q_mu = 2.37245	q_A  = 2.36687	Pmu = 0.06175	1-Pb  = 0.49928	CLs  = 0.12367
AsymptoticLimits.cc[337] : (in function: getCLs) - At r = 0.487028:	q_mu = 3.59936	q_A  = 3.59182	Pmu = 0.02890	1-Pb  = 0.49921	CLs  = 0.05789
AsymptoticLimits.cc[337] : (in function: getCLs) - At r = 0.542489:	q_mu = 3.93738	q_A  = 3.92939	Pmu = 0.02361	1-Pb  = 0.49920	CLs  = 0.04730
AsymptoticLimits.cc[337] : (in function: getCLs) - At r = 0.519210:	q_mu = 3.79677	q_A  = 3.78895	Pmu = 0.02568	1-Pb  = 0.49920	CLs  = 0.05143
AsymptoticLimits.cc[337] : (in function: getCLs) - At r = 0.530151:	q_mu = 3.86307	q_A  = 3.85516	Pmu = 0.02468	1-Pb  = 0.49920	CLs  = 0.04944
AsymptoticLimits.cc[337] : (in function: getCLs) - At r = 0.525467:	q_mu = 3.83473	q_A  = 3.82687	Pmu = 0.02510	1-Pb  = 0.49920	CLs  = 0.05028
AsymptoticLimits.cc[337] : (in function: getCLs) - At r = 0.527649:	q_mu = 3.84796	q_A  = 3.84006	Pmu = 0.02490	1-Pb  = 0.49920	CLs  = 0.04989
AsymptoticLimits.cc[337] : (in function: getCLs) - At r = 0.526710:	q_mu = 3.84227	q_A  = 3.83438	Pmu = 0.02499	1-Pb  = 0.49920	CLs  = 0.05006
AsymptoticLimits.cc[337] : (in function: getCLs) - At r = 0.527146:	q_mu = 3.84491	q_A  = 3.83702	Pmu = 0.02495	1-Pb  = 0.49920	CLs  = 0.04998
AsymptoticLimits.cc[337] : (in function: getCLs) - At r = 0.526958:	q_mu = 3.84378	q_A  = 3.83588	Pmu = 0.02497	1-Pb  = 0.49920	CLs  = 0.05001
AsymptoticLimits.cc[337] : (in function: getCLs) - At r = 0.527046:	q_mu = 3.84430	q_A  = 3.83641	Pmu = 0.02496	1-Pb  = 0.49920	CLs  = 0.05000
AsymptoticLimits.cc[337] : (in function: getCLs) - At r = 0.527008:	q_mu = 3.84408	q_A  = 3.83618	Pmu = 0.02496	1-Pb  = 0.49920	CLs  = 0.05000
AsymptoticLimits.cc[337] : (in function: getCLs) - At r = 0.527026:	q_mu = 3.84418	q_A  = 3.83629	Pmu = 0.02496	1-Pb  = 0.49920	CLs  = 0.05000
AsymptoticLimits.cc[337] : (in function: getCLs) - At r = 0.527018:	q_mu = 3.84414	q_A  = 3.83624	Pmu = 0.02496	1-Pb  = 0.49920	CLs  = 0.05000
AsymptoticLimits.cc[337] : (in function: getCLs) - At r = 0.527022:	q_mu = 3.84416	q_A  = 3.83627	Pmu = 0.02496	1-Pb  = 0.49920	CLs  = 0.05000
