CascadeMinimizer.cc[188] : (in function: improveOnce) - Minimization configured with Type=Minuit2, Algo=Migrad, strategy=0, tolerance=0.1
CascadeMinimizer.cc[215] : (in function: improveOnce) - Minimization finished with status=0
CascadeMinimizer.cc[219] : (in function: improveOnce) - Minimization success! status=0
ToyMCSamplerOpt.cc[146] : (in function: generateAsimov) - Using internal logic for binned/unbinned Asimov dataset generation
ToyMCSamplerOpt.cc[214] : (in function: generateWithHisto) - Generating asimov with histogram for pdf pdf_binpass_LOW_obsOnly: in 3 x-bins
ToyMCSamplerOpt.cc[215] : (in function: generateWithHisto) -  , in 1 y-bins
ToyMCSamplerOpt.cc[146] : (in function: generateAsimov) - Using internal logic for binned/unbinned Asimov dataset generation
ToyMCSamplerOpt.cc[214] : (in function: generateWithHisto) - Generating asimov with histogram for pdf pdf_binpass_SIG_obsOnly: in 1 x-bins
ToyMCSamplerOpt.cc[215] : (in function: generateWithHisto) -  , in 1 y-bins
ToyMCSamplerOpt.cc[146] : (in function: generateAsimov) - Using internal logic for binned/unbinned Asimov dataset generation
ToyMCSamplerOpt.cc[214] : (in function: generateWithHisto) - Generating asimov with histogram for pdf pdf_binpass_HIGH_obsOnly: in 5 x-bins
ToyMCSamplerOpt.cc[215] : (in function: generateWithHisto) -  , in 1 y-bins
ToyMCSamplerOpt.cc[146] : (in function: generateAsimov) - Using internal logic for binned/unbinned Asimov dataset generation
ToyMCSamplerOpt.cc[214] : (in function: generateWithHisto) - Generating asimov with histogram for pdf pdf_binfail_LOW_obsOnly: in 3 x-bins
ToyMCSamplerOpt.cc[215] : (in function: generateWithHisto) -  , in 1 y-bins
ToyMCSamplerOpt.cc[146] : (in function: generateAsimov) - Using internal logic for binned/unbinned Asimov dataset generation
ToyMCSamplerOpt.cc[214] : (in function: generateWithHisto) - Generating asimov with histogram for pdf pdf_binfail_SIG_obsOnly: in 1 x-bins
ToyMCSamplerOpt.cc[215] : (in function: generateWithHisto) -  , in 1 y-bins
ToyMCSamplerOpt.cc[146] : (in function: generateAsimov) - Using internal logic for binned/unbinned Asimov dataset generation
ToyMCSamplerOpt.cc[214] : (in function: generateWithHisto) - Generating asimov with histogram for pdf pdf_binfail_HIGH_obsOnly: in 5 x-bins
ToyMCSamplerOpt.cc[215] : (in function: generateWithHisto) -  , in 1 y-bins
AsymptoticLimits.cc[428] : (in function: runLimitExpected) - Median for expected limits = 1.20703, Sigma for expected limits = 0.615844
AsymptoticLimits.cc[191] : (in function: runLimit) - NLL at global minimum of data = -910.756 (r=0.398625)
AsymptoticLimits.cc[211] : (in function: runLimit) - NLL at global minimum of asimov = -910.314 (r=0.00234501)
AsymptoticLimits.cc[337] : (in function: getCLs) - At r = 2.505968:	q_mu = 4.51163	q_A  = 9.15838	Pmu = 0.01683	1-Pb  = 0.81653	CLs  = 0.02061
AsymptoticLimits.cc[337] : (in function: getCLs) - At r = 1.452297:	q_mu = 1.42354	q_A  = 4.23766	Pmu = 0.11641	1-Pb  = 0.80660	CLs  = 0.14432
AsymptoticLimits.cc[337] : (in function: getCLs) - At r = 1.911454:	q_mu = 2.66136	q_A  = 6.26703	Pmu = 0.05141	1-Pb  = 0.80841	CLs  = 0.06359
AsymptoticLimits.cc[337] : (in function: getCLs) - At r = 2.131872:	q_mu = 3.34125	q_A  = 7.31628	Pmu = 0.03378	1-Pb  = 0.80974	CLs  = 0.04172
AsymptoticLimits.cc[337] : (in function: getCLs) - At r = 2.012039:	q_mu = 2.96997	q_A  = 6.74132	Pmu = 0.04241	1-Pb  = 0.80868	CLs  = 0.05245
AsymptoticLimits.cc[337] : (in function: getCLs) - At r = 2.056012:	q_mu = 3.09917	q_A  = 6.95113	Pmu = 0.03917	1-Pb  = 0.80950	CLs  = 0.04838
AsymptoticLimits.cc[337] : (in function: getCLs) - At r = 2.032873:	q_mu = 3.02717	q_A  = 6.84055	Pmu = 0.04094	1-Pb  = 0.80937	CLs  = 0.05058
AsymptoticLimits.cc[337] : (in function: getCLs) - At r = 2.042327:	q_mu = 3.05628	q_A  = 6.88566	Pmu = 0.04021	1-Pb  = 0.80944	CLs  = 0.04968
AsymptoticLimits.cc[337] : (in function: getCLs) - At r = 2.037740:	q_mu = 3.04214	q_A  = 6.86375	Pmu = 0.04056	1-Pb  = 0.80940	CLs  = 0.05012
AsymptoticLimits.cc[337] : (in function: getCLs) - At r = 2.039633:	q_mu = 3.04797	q_A  = 6.87277	Pmu = 0.04042	1-Pb  = 0.80942	CLs  = 0.04994
AsymptoticLimits.cc[337] : (in function: getCLs) - At r = 2.038717:	q_mu = 3.04514	q_A  = 6.86839	Pmu = 0.04049	1-Pb  = 0.80941	CLs  = 0.05002
AsymptoticLimits.cc[337] : (in function: getCLs) - At r = 2.039096:	q_mu = 3.04631	q_A  = 6.87020	Pmu = 0.04046	1-Pb  = 0.80941	CLs  = 0.04999
AsymptoticLimits.cc[337] : (in function: getCLs) - At r = 2.038913:	q_mu = 3.04575	q_A  = 6.86932	Pmu = 0.04047	1-Pb  = 0.80941	CLs  = 0.05000
AsymptoticLimits.cc[337] : (in function: getCLs) - At r = 2.038989:	q_mu = 3.04598	q_A  = 6.86966	Pmu = 0.04047	1-Pb  = 0.80941	CLs  = 0.05000
AsymptoticLimits.cc[337] : (in function: getCLs) - At r = 2.038953:	q_mu = 3.04587	q_A  = 6.86948	Pmu = 0.04047	1-Pb  = 0.80941	CLs  = 0.05000
AsymptoticLimits.cc[337] : (in function: getCLs) - At r = 2.038969:	q_mu = 3.04592	q_A  = 6.86955	Pmu = 0.04047	1-Pb  = 0.80941	CLs  = 0.05000
AsymptoticLimits.cc[337] : (in function: getCLs) - At r = 2.038962:	q_mu = 3.04589	q_A  = 6.86951	Pmu = 0.04047	1-Pb  = 0.80941	CLs  = 0.05000
