CascadeMinimizer.cc[188] : (in function: improveOnce) - Minimization configured with Type=Minuit2, Algo=Migrad, strategy=0, tolerance=0.1
CascadeMinimizer.cc[215] : (in function: improveOnce) - Minimization finished with status=0
CascadeMinimizer.cc[219] : (in function: improveOnce) - Minimization success! status=0
ToyMCSamplerOpt.cc[146] : (in function: generateAsimov) - Using internal logic for binned/unbinned Asimov dataset generation
ToyMCSamplerOpt.cc[214] : (in function: generateWithHisto) - Generating asimov with histogram for pdf pdf_binpass_LOW_obsOnly: in 3 x-bins
ToyMCSamplerOpt.cc[215] : (in function: generateWithHisto) -  , in 1 y-bins
ToyMCSamplerOpt.cc[146] : (in function: generateAsimov) - Using internal logic for binned/unbinned Asimov dataset generation
ToyMCSamplerOpt.cc[214] : (in function: generateWithHisto) - Generating asimov with histogram for pdf pdf_binpass_SIG_obsOnly: in 1 x-bins
ToyMCSamplerOpt.cc[215] : (in function: generateWithHisto) -  , in 1 y-bins
ToyMCSamplerOpt.cc[146] : (in function: generateAsimov) - Using internal logic for binned/unbinned Asimov dataset generation
ToyMCSamplerOpt.cc[214] : (in function: generateWithHisto) - Generating asimov with histogram for pdf pdf_binpass_HIGH_obsOnly: in 3 x-bins
ToyMCSamplerOpt.cc[215] : (in function: generateWithHisto) -  , in 1 y-bins
ToyMCSamplerOpt.cc[146] : (in function: generateAsimov) - Using internal logic for binned/unbinned Asimov dataset generation
ToyMCSamplerOpt.cc[214] : (in function: generateWithHisto) - Generating asimov with histogram for pdf pdf_binfail_LOW_obsOnly: in 3 x-bins
ToyMCSamplerOpt.cc[215] : (in function: generateWithHisto) -  , in 1 y-bins
ToyMCSamplerOpt.cc[146] : (in function: generateAsimov) - Using internal logic for binned/unbinned Asimov dataset generation
ToyMCSamplerOpt.cc[214] : (in function: generateWithHisto) - Generating asimov with histogram for pdf pdf_binfail_SIG_obsOnly: in 1 x-bins
ToyMCSamplerOpt.cc[215] : (in function: generateWithHisto) -  , in 1 y-bins
ToyMCSamplerOpt.cc[146] : (in function: generateAsimov) - Using internal logic for binned/unbinned Asimov dataset generation
ToyMCSamplerOpt.cc[214] : (in function: generateWithHisto) - Generating asimov with histogram for pdf pdf_binfail_HIGH_obsOnly: in 3 x-bins
ToyMCSamplerOpt.cc[215] : (in function: generateWithHisto) -  , in 1 y-bins
AsymptoticLimits.cc[428] : (in function: runLimitExpected) - Median for expected limits = 2.42188, Sigma for expected limits = 1.23567
AsymptoticLimits.cc[191] : (in function: runLimit) - NLL at global minimum of data = -8389.06 (r=1.84616e-06)
AsymptoticLimits.cc[211] : (in function: runLimit) - NLL at global minimum of asimov = -8388.29 (r=1.03143e-08)
AsymptoticLimits.cc[337] : (in function: getCLs) - At r = 1.200002:	q_mu = 3.18331	q_A  = 1.93522	Pmu = 0.03291	1-Pb  = 0.32686	CLs  = 0.10067
AsymptoticLimits.cc[337] : (in function: getCLs) - At r = 2.400004:	q_mu = 5.35757	q_A  = 3.80815	Pmu = 0.00943	1-Pb  = 0.34569	CLs  = 0.02727
AsymptoticLimits.cc[337] : (in function: getCLs) - At r = 1.200003:	q_mu = 3.18332	q_A  = 1.93527	Pmu = 0.03291	1-Pb  = 0.32687	CLs  = 0.10067
AsymptoticLimits.cc[337] : (in function: getCLs) - At r = 1.714359:	q_mu = 4.18943	q_A  = 2.78328	Pmu = 0.01832	1-Pb  = 0.33672	CLs  = 0.05441
AsymptoticLimits.cc[337] : (in function: getCLs) - At r = 1.918577:	q_mu = 4.55520	q_A  = 3.10043	Pmu = 0.01486	1-Pb  = 0.33977	CLs  = 0.04372
AsymptoticLimits.cc[337] : (in function: getCLs) - At r = 1.818349:	q_mu = 4.37783	q_A  = 2.94610	Pmu = 0.01644	1-Pb  = 0.33831	CLs  = 0.04860
AsymptoticLimits.cc[337] : (in function: getCLs) - At r = 1.776631:	q_mu = 4.30276	q_A  = 2.88111	Pmu = 0.01717	1-Pb  = 0.33769	CLs  = 0.05083
AsymptoticLimits.cc[337] : (in function: getCLs) - At r = 1.797249:	q_mu = 4.33998	q_A  = 2.91332	Pmu = 0.01680	1-Pb  = 0.33800	CLs  = 0.04971
AsymptoticLimits.cc[337] : (in function: getCLs) - At r = 1.788857:	q_mu = 4.32482	q_A  = 2.90021	Pmu = 0.01695	1-Pb  = 0.33788	CLs  = 0.05017
AsymptoticLimits.cc[337] : (in function: getCLs) - At r = 1.792983:	q_mu = 4.33224	q_A  = 2.90662	Pmu = 0.01688	1-Pb  = 0.33794	CLs  = 0.04994
AsymptoticLimits.cc[337] : (in function: getCLs) - At r = 1.791316:	q_mu = 4.32923	q_A  = 2.90402	Pmu = 0.01691	1-Pb  = 0.33791	CLs  = 0.05003
AsymptoticLimits.cc[337] : (in function: getCLs) - At r = 1.792143:	q_mu = 4.33079	q_A  = 2.90531	Pmu = 0.01689	1-Pb  = 0.33792	CLs  = 0.04999
AsymptoticLimits.cc[337] : (in function: getCLs) - At r = 1.791795:	q_mu = 4.33011	q_A  = 2.90477	Pmu = 0.01690	1-Pb  = 0.33792	CLs  = 0.05001
AsymptoticLimits.cc[337] : (in function: getCLs) - At r = 1.791966:	q_mu = 4.33040	q_A  = 2.90510	Pmu = 0.01690	1-Pb  = 0.33793	CLs  = 0.05000
AsymptoticLimits.cc[337] : (in function: getCLs) - At r = 1.791897:	q_mu = 4.33028	q_A  = 2.90494	Pmu = 0.01690	1-Pb  = 0.33792	CLs  = 0.05000
AsymptoticLimits.cc[337] : (in function: getCLs) - At r = 1.791934:	q_mu = 4.33042	q_A  = 2.90499	Pmu = 0.01690	1-Pb  = 0.33792	CLs  = 0.05000
AsymptoticLimits.cc[337] : (in function: getCLs) - At r = 1.791913:	q_mu = 4.33032	q_A  = 2.90495	Pmu = 0.01690	1-Pb  = 0.33792	CLs  = 0.05000
AsymptoticLimits.cc[337] : (in function: getCLs) - At r = 1.791923:	q_mu = 4.33033	q_A  = 2.90497	Pmu = 0.01690	1-Pb  = 0.33792	CLs  = 0.05000
AsymptoticLimits.cc[337] : (in function: getCLs) - At r = 1.791928:	q_mu = 4.33033	q_A  = 2.90504	Pmu = 0.01690	1-Pb  = 0.33793	CLs  = 0.05000
