CascadeMinimizer.cc[188] : (in function: improveOnce) - Minimization configured with Type=Minuit2, Algo=Migrad, strategy=0, tolerance=0.1
CascadeMinimizer.cc[215] : (in function: improveOnce) - Minimization finished with status=0
CascadeMinimizer.cc[219] : (in function: improveOnce) - Minimization success! status=0
ToyMCSamplerOpt.cc[146] : (in function: generateAsimov) - Using internal logic for binned/unbinned Asimov dataset generation
ToyMCSamplerOpt.cc[214] : (in function: generateWithHisto) - Generating asimov with histogram for pdf pdf_binpass_LOW_obsOnly: in 2 x-bins
ToyMCSamplerOpt.cc[215] : (in function: generateWithHisto) -  , in 1 y-bins
ToyMCSamplerOpt.cc[146] : (in function: generateAsimov) - Using internal logic for binned/unbinned Asimov dataset generation
ToyMCSamplerOpt.cc[214] : (in function: generateWithHisto) - Generating asimov with histogram for pdf pdf_binpass_SIG_obsOnly: in 1 x-bins
ToyMCSamplerOpt.cc[215] : (in function: generateWithHisto) -  , in 1 y-bins
ToyMCSamplerOpt.cc[146] : (in function: generateAsimov) - Using internal logic for binned/unbinned Asimov dataset generation
ToyMCSamplerOpt.cc[214] : (in function: generateWithHisto) - Generating asimov with histogram for pdf pdf_binpass_HIGH_obsOnly: in 9 x-bins
ToyMCSamplerOpt.cc[215] : (in function: generateWithHisto) -  , in 1 y-bins
ToyMCSamplerOpt.cc[146] : (in function: generateAsimov) - Using internal logic for binned/unbinned Asimov dataset generation
ToyMCSamplerOpt.cc[214] : (in function: generateWithHisto) - Generating asimov with histogram for pdf pdf_binfail_LOW_obsOnly: in 2 x-bins
ToyMCSamplerOpt.cc[215] : (in function: generateWithHisto) -  , in 1 y-bins
ToyMCSamplerOpt.cc[146] : (in function: generateAsimov) - Using internal logic for binned/unbinned Asimov dataset generation
ToyMCSamplerOpt.cc[214] : (in function: generateWithHisto) - Generating asimov with histogram for pdf pdf_binfail_SIG_obsOnly: in 1 x-bins
ToyMCSamplerOpt.cc[215] : (in function: generateWithHisto) -  , in 1 y-bins
ToyMCSamplerOpt.cc[146] : (in function: generateAsimov) - Using internal logic for binned/unbinned Asimov dataset generation
ToyMCSamplerOpt.cc[214] : (in function: generateWithHisto) - Generating asimov with histogram for pdf pdf_binfail_HIGH_obsOnly: in 9 x-bins
ToyMCSamplerOpt.cc[215] : (in function: generateWithHisto) -  , in 1 y-bins
AsymptoticLimits.cc[428] : (in function: runLimitExpected) - Median for expected limits = 0.341797, Sigma for expected limits = 0.174389
AsymptoticLimits.cc[191] : (in function: runLimit) - NLL at global minimum of data = -825.26 (r=1.09926e-12)
AsymptoticLimits.cc[211] : (in function: runLimit) - NLL at global minimum of asimov = -824.639 (r=8.256e-09)
AsymptoticLimits.cc[337] : (in function: getCLs) - At r = 1.200000:	q_mu = 13.21506	q_A  = 12.46289	Pmu = 0.00014	1-Pb  = 0.45758	CLs  = 0.00030
AsymptoticLimits.cc[337] : (in function: getCLs) - At r = 0.600000:	q_mu = 7.10181	q_A  = 6.59305	Pmu = 0.00383	1-Pb  = 0.46054	CLs  = 0.00831
AsymptoticLimits.cc[337] : (in function: getCLs) - At r = 0.300000:	q_mu = 3.70311	q_A  = 3.38661	Pmu = 0.02704	1-Pb  = 0.46574	CLs  = 0.05805
AsymptoticLimits.cc[337] : (in function: getCLs) - At r = 0.450000:	q_mu = 5.43540	q_A  = 5.01273	Pmu = 0.00982	1-Pb  = 0.46240	CLs  = 0.02123
AsymptoticLimits.cc[337] : (in function: getCLs) - At r = 0.347806:	q_mu = 4.26216	q_A  = 3.90931	Pmu = 0.01939	1-Pb  = 0.46445	CLs  = 0.04176
AsymptoticLimits.cc[337] : (in function: getCLs) - At r = 0.326891:	q_mu = 4.01808	q_A  = 3.68105	Pmu = 0.02240	1-Pb  = 0.46500	CLs  = 0.04818
AsymptoticLimits.cc[337] : (in function: getCLs) - At r = 0.317235:	q_mu = 3.90491	q_A  = 3.57537	Pmu = 0.02396	1-Pb  = 0.46528	CLs  = 0.05150
AsymptoticLimits.cc[337] : (in function: getCLs) - At r = 0.322600:	q_mu = 3.96765	q_A  = 3.63404	Pmu = 0.02309	1-Pb  = 0.46514	CLs  = 0.04963
AsymptoticLimits.cc[337] : (in function: getCLs) - At r = 0.320673:	q_mu = 3.94273	q_A  = 3.61291	Pmu = 0.02343	1-Pb  = 0.46543	CLs  = 0.05034
AsymptoticLimits.cc[337] : (in function: getCLs) - At r = 0.321802:	q_mu = 3.95594	q_A  = 3.62523	Pmu = 0.02325	1-Pb  = 0.46540	CLs  = 0.04995
AsymptoticLimits.cc[337] : (in function: getCLs) - At r = 0.321471:	q_mu = 3.95205	q_A  = 3.62157	Pmu = 0.02330	1-Pb  = 0.46540	CLs  = 0.05007
AsymptoticLimits.cc[337] : (in function: getCLs) - At r = 0.321631:	q_mu = 3.95392	q_A  = 3.62329	Pmu = 0.02328	1-Pb  = 0.46540	CLs  = 0.05001
AsymptoticLimits.cc[337] : (in function: getCLs) - At r = 0.321699:	q_mu = 3.95471	q_A  = 3.62400	Pmu = 0.02327	1-Pb  = 0.46539	CLs  = 0.04999
AsymptoticLimits.cc[337] : (in function: getCLs) - At r = 0.321666:	q_mu = 3.95432	q_A  = 3.62360	Pmu = 0.02327	1-Pb  = 0.46539	CLs  = 0.05000
AsymptoticLimits.cc[337] : (in function: getCLs) - At r = 0.321680:	q_mu = 3.95448	q_A  = 3.62373	Pmu = 0.02327	1-Pb  = 0.46539	CLs  = 0.05000
AsymptoticLimits.cc[337] : (in function: getCLs) - At r = 0.321674:	q_mu = 3.95441	q_A  = 3.62364	Pmu = 0.02327	1-Pb  = 0.46538	CLs  = 0.05000
AsymptoticLimits.cc[337] : (in function: getCLs) - At r = 0.321677:	q_mu = 3.95444	q_A  = 3.62364	Pmu = 0.02327	1-Pb  = 0.46538	CLs  = 0.05000
