CascadeMinimizer.cc[188] : (in function: improveOnce) - Minimization configured with Type=Minuit2, Algo=Migrad, strategy=0, tolerance=0.1
CascadeMinimizer.cc[215] : (in function: improveOnce) - Minimization finished with status=0
CascadeMinimizer.cc[219] : (in function: improveOnce) - Minimization success! status=0
ToyMCSamplerOpt.cc[146] : (in function: generateAsimov) - Using internal logic for binned/unbinned Asimov dataset generation
ToyMCSamplerOpt.cc[214] : (in function: generateWithHisto) - Generating asimov with histogram for pdf pdf_binpass_LOW_obsOnly: in 2 x-bins
ToyMCSamplerOpt.cc[215] : (in function: generateWithHisto) -  , in 1 y-bins
ToyMCSamplerOpt.cc[146] : (in function: generateAsimov) - Using internal logic for binned/unbinned Asimov dataset generation
ToyMCSamplerOpt.cc[214] : (in function: generateWithHisto) - Generating asimov with histogram for pdf pdf_binpass_SIG_obsOnly: in 1 x-bins
ToyMCSamplerOpt.cc[215] : (in function: generateWithHisto) -  , in 1 y-bins
ToyMCSamplerOpt.cc[146] : (in function: generateAsimov) - Using internal logic for binned/unbinned Asimov dataset generation
ToyMCSamplerOpt.cc[214] : (in function: generateWithHisto) - Generating asimov with histogram for pdf pdf_binpass_HIGH_obsOnly: in 9 x-bins
ToyMCSamplerOpt.cc[215] : (in function: generateWithHisto) -  , in 1 y-bins
ToyMCSamplerOpt.cc[146] : (in function: generateAsimov) - Using internal logic for binned/unbinned Asimov dataset generation
ToyMCSamplerOpt.cc[214] : (in function: generateWithHisto) - Generating asimov with histogram for pdf pdf_binfail_LOW_obsOnly: in 2 x-bins
ToyMCSamplerOpt.cc[215] : (in function: generateWithHisto) -  , in 1 y-bins
ToyMCSamplerOpt.cc[146] : (in function: generateAsimov) - Using internal logic for binned/unbinned Asimov dataset generation
ToyMCSamplerOpt.cc[214] : (in function: generateWithHisto) - Generating asimov with histogram for pdf pdf_binfail_SIG_obsOnly: in 1 x-bins
ToyMCSamplerOpt.cc[215] : (in function: generateWithHisto) -  , in 1 y-bins
ToyMCSamplerOpt.cc[146] : (in function: generateAsimov) - Using internal logic for binned/unbinned Asimov dataset generation
ToyMCSamplerOpt.cc[214] : (in function: generateWithHisto) - Generating asimov with histogram for pdf pdf_binfail_HIGH_obsOnly: in 9 x-bins
ToyMCSamplerOpt.cc[215] : (in function: generateWithHisto) -  , in 1 y-bins
AsymptoticLimits.cc[428] : (in function: runLimitExpected) - Median for expected limits = 0.362305, Sigma for expected limits = 0.184853
AsymptoticLimits.cc[191] : (in function: runLimit) - NLL at global minimum of data = -27.3452 (r=4.53104e-09)
AsymptoticLimits.cc[211] : (in function: runLimit) - NLL at global minimum of asimov = -28.0924 (r=0.00018278)
AsymptoticLimits.cc[337] : (in function: getCLs) - At r = 1.200000:	q_mu = 19.28440	q_A  = 18.87706	Pmu = 0.00001	1-Pb  = 0.48131	CLs  = 0.00001
AsymptoticLimits.cc[337] : (in function: getCLs) - At r = 0.600000:	q_mu = 8.60165	q_A  = 7.86613	Pmu = 0.00166	1-Pb  = 0.44784	CLs  = 0.00371
AsymptoticLimits.cc[337] : (in function: getCLs) - At r = 0.300000:	q_mu = 3.63659	q_A  = 2.88629	Pmu = 0.02745	1-Pb  = 0.41262	CLs  = 0.06652
AsymptoticLimits.cc[337] : (in function: getCLs) - At r = 0.450000:	q_mu = 6.04977	q_A  = 5.27535	Pmu = 0.00684	1-Pb  = 0.43306	CLs  = 0.01580
AsymptoticLimits.cc[337] : (in function: getCLs) - At r = 0.353830:	q_mu = 4.48041	q_A  = 3.71086	Pmu = 0.01675	1-Pb  = 0.42084	CLs  = 0.03980
AsymptoticLimits.cc[337] : (in function: getCLs) - At r = 0.323928:	q_mu = 4.00810	q_A  = 3.24742	Pmu = 0.02205	1-Pb  = 0.41642	CLs  = 0.05295
AsymptoticLimits.cc[337] : (in function: getCLs) - At r = 0.334715:	q_mu = 4.17744	q_A  = 3.41305	Pmu = 0.01997	1-Pb  = 0.41805	CLs  = 0.04777
AsymptoticLimits.cc[337] : (in function: getCLs) - At r = 0.328740:	q_mu = 4.08345	q_A  = 3.32104	Pmu = 0.02110	1-Pb  = 0.41715	CLs  = 0.05058
AsymptoticLimits.cc[337] : (in function: getCLs) - At r = 0.330900:	q_mu = 4.11735	q_A  = 3.35419	Pmu = 0.02069	1-Pb  = 0.41748	CLs  = 0.04955
AsymptoticLimits.cc[337] : (in function: getCLs) - At r = 0.329707:	q_mu = 4.09857	q_A  = 3.33581	Pmu = 0.02091	1-Pb  = 0.41730	CLs  = 0.05012
AsymptoticLimits.cc[337] : (in function: getCLs) - At r = 0.330142:	q_mu = 4.10535	q_A  = 3.34243	Pmu = 0.02083	1-Pb  = 0.41736	CLs  = 0.04991
AsymptoticLimits.cc[337] : (in function: getCLs) - At r = 0.329905:	q_mu = 4.10159	q_A  = 3.33875	Pmu = 0.02088	1-Pb  = 0.41732	CLs  = 0.05003
AsymptoticLimits.cc[337] : (in function: getCLs) - At r = 0.329994:	q_mu = 4.10295	q_A  = 3.34006	Pmu = 0.02086	1-Pb  = 0.41734	CLs  = 0.04998
AsymptoticLimits.cc[337] : (in function: getCLs) - At r = 0.329949:	q_mu = 4.10219	q_A  = 3.33933	Pmu = 0.02087	1-Pb  = 0.41733	CLs  = 0.05001
AsymptoticLimits.cc[337] : (in function: getCLs) - At r = 0.329969:	q_mu = 4.10246	q_A  = 3.33962	Pmu = 0.02087	1-Pb  = 0.41733	CLs  = 0.05000
AsymptoticLimits.cc[337] : (in function: getCLs) - At r = 0.329963:	q_mu = 4.10231	q_A  = 3.33952	Pmu = 0.02087	1-Pb  = 0.41734	CLs  = 0.05000
AsymptoticLimits.cc[337] : (in function: getCLs) - At r = 0.329966:	q_mu = 4.10230	q_A  = 3.33957	Pmu = 0.02087	1-Pb  = 0.41735	CLs  = 0.05000
