 <<< Combine >>> 
 <<< v10.0.1 >>>
>>> Random number generator seed is 123456
>>> Method used is FitDiagnostics
Set Default Value of Parameter mask_pass_SIG To : 1
Set Default Value of Parameter mask_pass_HIGH To : 1
Set Default Value of Parameter r To : 1
>>> 2 out of 6 channels masked

>> Found 17 floating parameters
>> The following parameters are protected in the event of negative eigenvalues:
>> Verifying eigenvalues are all positive (iteration 0)
Eigenvalue 16 : -0.00485639
 - -0.564504	CMS_AN23122_Background_rpf_2x0_par2
 - -0.553525	CMS_AN23122_Background_rpf_2x0_par3
 - 0.517885	CMS_AN23122_Background_rpf_2x0_par1
 - 0.326709	CMS_AN23122_Background_rpf_2x0_par0
 - -0.00123197	CMS_AN23122_Background_fail_LOW_bin_2-1
>> Attempt 0 failed, remove the variable with largest eigenvector component...
>> Dropping CMS_AN23122_Background_rpf_2x0_par2 from the hessian
>> Verifying eigenvalues are all positive (iteration 1)
Eigenvalue 15 : -0.000427393
 - -0.752819	CMS_AN23122_Background_rpf_2x0_par3
 - 0.634745	CMS_AN23122_Background_rpf_2x0_par0
 - 0.174245	CMS_AN23122_Background_rpf_2x0_par1
 - -0.000408919	CMS_AN23122_Background_fail_LOW_bin_3-1
 - 0.000248671	CMS_AN23122_Background_fail_LOW_bin_1-1
>> Attempt 1 failed, remove the variable with largest eigenvector component...
>> Dropping CMS_AN23122_Background_rpf_2x0_par3 from the hessian
>> Verifying eigenvalues are all positive (iteration 2)
>> All eigenvalues are positive
>> Inverting Hessian...
>> Matrix inverted
>> Note: the following parameters were dropped to make the covariance matrix pos-def:
     - CMS_AN23122_Background_rpf_2x0_par2
     - CMS_AN23122_Background_rpf_2x0_par3
 Fit B-only, status = 0, numBadNLL = 0, covariance quality = -1
Running Minos for POI r
>> Found 18 floating parameters
>> The following parameters are protected in the event of negative eigenvalues: r
>> Verifying eigenvalues are all positive (iteration 0)
Eigenvalue 16 : -0.000661132
 - 0.710445	CMS_AN23122_Background_fail_HIGH_bin_5-1
 - -0.702042	r
 - 0.0277114	CMS_AN23122_Background_fail_HIGH_bin_4-1
 - 0.0237599	CMS_AN23122_Background_rpf_2x0_par3
 - -0.0218892	CMS_AN23122_Background_rpf_2x0_par0
Eigenvalue 17 : -0.00503548
 - -0.568682	CMS_AN23122_Background_rpf_2x0_par2
 - -0.550722	CMS_AN23122_Background_rpf_2x0_par3
 - 0.52258	CMS_AN23122_Background_rpf_2x0_par1
 - 0.315766	CMS_AN23122_Background_rpf_2x0_par0
 - -0.0159755	r
>> Attempt 0 failed, remove the variable with largest eigenvector component...
>> Dropping CMS_AN23122_Background_rpf_2x0_par2 from the hessian
>> Verifying eigenvalues are all positive (iteration 1)
Eigenvalue 15 : -0.000231947
 - -0.746409	CMS_AN23122_Background_rpf_2x0_par3
 - 0.622514	CMS_AN23122_Background_rpf_2x0_par0
 - 0.165689	CMS_AN23122_Background_rpf_2x0_par1
 - -0.118879	CMS_AN23122_Background_fail_HIGH_bin_5-1
 - 0.117198	r
Eigenvalue 16 : -0.000678266
 - 0.700636	CMS_AN23122_Background_fail_HIGH_bin_5-1
 - -0.692414	r
 - -0.125915	CMS_AN23122_Background_rpf_2x0_par3
 - 0.0986924	CMS_AN23122_Background_rpf_2x0_par0
 - 0.0554576	CMS_AN23122_Background_rpf_2x0_par1
>> Attempt 1 failed, remove the variable with largest eigenvector component...
>> Dropping CMS_AN23122_Background_fail_HIGH_bin_5-1 from the hessian
>> Verifying eigenvalues are all positive (iteration 2)
Eigenvalue 15 : -0.00024445
 - -0.756961	CMS_AN23122_Background_rpf_2x0_par3
 - 0.630234	CMS_AN23122_Background_rpf_2x0_par0
 - 0.172669	CMS_AN23122_Background_rpf_2x0_par1
 - -0.000540027	r
 - -0.000434438	CMS_AN23122_Background_fail_LOW_bin_3-1
>> Attempt 2 failed, remove the variable with largest eigenvector component...
>> Dropping CMS_AN23122_Background_rpf_2x0_par3 from the hessian
>> Verifying eigenvalues are all positive (iteration 3)
>> All eigenvalues are positive
>> Inverting Hessian...
>> Matrix inverted
>> Note: the following parameters were dropped to make the covariance matrix pos-def:
     - CMS_AN23122_Background_rpf_2x0_par2
     - CMS_AN23122_Background_fail_HIGH_bin_5-1
     - CMS_AN23122_Background_rpf_2x0_par3
Fit S+B, status = 0, numBadNLL = 0, covariance quality = -1

 --- FitDiagnostics ---
Best fit r: 3.59766  -3.59766/+46.4023  (68% CL)
Done in 0.00 min (cpu), 0.00 min (real)
31 log messages saved to combine_logger.out
