 <<< Combine >>> 
 <<< v10.0.1 >>>
>>> Random number generator seed is 123456
>>> Method used is FitDiagnostics
Set Default Value of Parameter mask_pass_SIG To : 1
Set Default Value of Parameter mask_pass_HIGH To : 1
Set Default Value of Parameter r To : 1
>>> 2 out of 6 channels masked

>> Found 20 floating parameters
>> The following parameters are protected in the event of negative eigenvalues:
>> Parameter CMS_AN23122_Background_rpf_2x0_par2 does not have a valid stencil and will be dropped
>> Verifying eigenvalues are all positive (iteration 0)
Eigenvalue 18 : -7.55135e-05
 - 0.744671	CMS_AN23122_Background_rpf_2x0_par3
 - -0.65995	CMS_AN23122_Background_rpf_2x0_par0
 - -0.0996511	CMS_AN23122_Background_rpf_2x0_par1
 - 0.00028042	CMS_AN23122_Background_fail_LOW_bin_2-1
 - -0.000162518	CMS_AN23122_Background_fail_LOW_bin_1-1
>> Attempt 0 failed, remove the variable with largest eigenvector component...
>> Dropping CMS_AN23122_Background_rpf_2x0_par3 from the hessian
>> Verifying eigenvalues are all positive (iteration 1)
>> All eigenvalues are positive
>> Inverting Hessian...
>> Matrix inverted
>> Note: the following parameters were dropped as their ranges are either too narrow or the parameter has no effect on the NLL:
     - CMS_AN23122_Background_rpf_2x0_par2
>> Note: the following parameters were dropped to make the covariance matrix pos-def:
     - CMS_AN23122_Background_rpf_2x0_par3
 Fit B-only, status = 0, numBadNLL = 0, covariance quality = -1
Running Minos for POI r
>> Found 21 floating parameters
>> The following parameters are protected in the event of negative eigenvalues: r
>> Parameter CMS_AN23122_Background_rpf_2x0_par2 does not have a valid stencil and will be dropped
>> Verifying eigenvalues are all positive (iteration 0)
Eigenvalue 18 : -4.75387e-05
 - -0.748557	CMS_AN23122_Background_rpf_2x0_par3
 - 0.652994	CMS_AN23122_Background_rpf_2x0_par0
 - 0.091379	CMS_AN23122_Background_rpf_2x0_par1
 - 0.0493009	r
 - -0.0488536	CMS_AN23122_Background_fail_HIGH_bin_2-1
Eigenvalue 19 : -0.00176686
 - 0.701803	r
 - -0.689359	CMS_AN23122_Background_fail_HIGH_bin_2-1
 - -0.121943	CMS_AN23122_Background_fail_HIGH_bin_3-1
 - -0.0990257	CMS_AN23122_Background_rpf_2x0_par1
 - 0.0552722	CMS_AN23122_Background_rpf_2x0_par3
>> Attempt 0 failed, remove the variable with largest eigenvector component...
>> Dropping CMS_AN23122_Background_fail_HIGH_bin_2-1 from the hessian
>> Verifying eigenvalues are all positive (iteration 1)
Eigenvalue 18 : -5.61777e-05
 - 0.750667	CMS_AN23122_Background_rpf_2x0_par3
 - -0.653305	CMS_AN23122_Background_rpf_2x0_par0
 - -0.0984386	CMS_AN23122_Background_rpf_2x0_par1
 - 0.000912335	r
 - 0.00027825	CMS_AN23122_Background_fail_LOW_bin_2-1
>> Attempt 1 failed, remove the variable with largest eigenvector component...
>> Dropping CMS_AN23122_Background_rpf_2x0_par3 from the hessian
>> Verifying eigenvalues are all positive (iteration 2)
>> All eigenvalues are positive
>> Inverting Hessian...
>> Matrix inverted
>> Note: the following parameters were dropped as their ranges are either too narrow or the parameter has no effect on the NLL:
     - CMS_AN23122_Background_rpf_2x0_par2
>> Note: the following parameters were dropped to make the covariance matrix pos-def:
     - CMS_AN23122_Background_fail_HIGH_bin_2-1
     - CMS_AN23122_Background_rpf_2x0_par3
Fit S+B, status = 0, numBadNLL = 0, covariance quality = -1

 --- FitDiagnostics ---
Best fit r: 0.50527  -0.50527/+49.4947  (68% CL)
Done in 0.00 min (cpu), 0.00 min (real)
27 log messages saved to combine_logger.out
