CascadeMinimizer.cc[188] : (in function: improveOnce) - Minimization configured with Type=Minuit2, Algo=Migrad, strategy=0, tolerance=0.1
CascadeMinimizer.cc[215] : (in function: improveOnce) - Minimization finished with status=0
CascadeMinimizer.cc[219] : (in function: improveOnce) - Minimization success! status=0
ToyMCSamplerOpt.cc[146] : (in function: generateAsimov) - Using internal logic for binned/unbinned Asimov dataset generation
ToyMCSamplerOpt.cc[214] : (in function: generateWithHisto) - Generating asimov with histogram for pdf pdf_binpass_LOW_obsOnly: in 4 x-bins
ToyMCSamplerOpt.cc[215] : (in function: generateWithHisto) -  , in 1 y-bins
ToyMCSamplerOpt.cc[146] : (in function: generateAsimov) - Using internal logic for binned/unbinned Asimov dataset generation
ToyMCSamplerOpt.cc[214] : (in function: generateWithHisto) - Generating asimov with histogram for pdf pdf_binpass_SIG_obsOnly: in 3 x-bins
ToyMCSamplerOpt.cc[215] : (in function: generateWithHisto) -  , in 1 y-bins
ToyMCSamplerOpt.cc[146] : (in function: generateAsimov) - Using internal logic for binned/unbinned Asimov dataset generation
ToyMCSamplerOpt.cc[214] : (in function: generateWithHisto) - Generating asimov with histogram for pdf pdf_binpass_HIGH_obsOnly: in 7 x-bins
ToyMCSamplerOpt.cc[215] : (in function: generateWithHisto) -  , in 1 y-bins
ToyMCSamplerOpt.cc[146] : (in function: generateAsimov) - Using internal logic for binned/unbinned Asimov dataset generation
ToyMCSamplerOpt.cc[214] : (in function: generateWithHisto) - Generating asimov with histogram for pdf pdf_binfail_LOW_obsOnly: in 4 x-bins
ToyMCSamplerOpt.cc[215] : (in function: generateWithHisto) -  , in 1 y-bins
ToyMCSamplerOpt.cc[146] : (in function: generateAsimov) - Using internal logic for binned/unbinned Asimov dataset generation
ToyMCSamplerOpt.cc[214] : (in function: generateWithHisto) - Generating asimov with histogram for pdf pdf_binfail_SIG_obsOnly: in 3 x-bins
ToyMCSamplerOpt.cc[215] : (in function: generateWithHisto) -  , in 1 y-bins
ToyMCSamplerOpt.cc[146] : (in function: generateAsimov) - Using internal logic for binned/unbinned Asimov dataset generation
ToyMCSamplerOpt.cc[214] : (in function: generateWithHisto) - Generating asimov with histogram for pdf pdf_binfail_HIGH_obsOnly: in 7 x-bins
ToyMCSamplerOpt.cc[215] : (in function: generateWithHisto) -  , in 1 y-bins
AsymptoticLimits.cc[428] : (in function: runLimitExpected) - Median for expected limits = 4.53125, Sigma for expected limits = 2.3119
AsymptoticLimits.cc[191] : (in function: runLimit) - NLL at global minimum of data = -11131.2 (r=3.08133e-09)
AsymptoticLimits.cc[211] : (in function: runLimit) - NLL at global minimum of asimov = -11130.7 (r=9.01802e-07)
AsymptoticLimits.cc[337] : (in function: getCLs) - At r = 1.550513:	q_mu = 2.25509	q_A  = 1.43781	Pmu = 0.06179	1-Pb  = 0.36663	CLs  = 0.16855
AsymptoticLimits.cc[337] : (in function: getCLs) - At r = 3.101026:	q_mu = 3.82420	q_A  = 2.79182	Pmu = 0.02386	1-Pb  = 0.37869	CLs  = 0.06301
AsymptoticLimits.cc[337] : (in function: getCLs) - At r = 6.202053:	q_mu = 6.14268	q_A  = 4.90298	Pmu = 0.00631	1-Pb  = 0.38976	CLs  = 0.01619
AsymptoticLimits.cc[337] : (in function: getCLs) - At r = 3.101026:	q_mu = 3.82408	q_A  = 2.79181	Pmu = 0.02386	1-Pb  = 0.37870	CLs  = 0.06302
AsymptoticLimits.cc[337] : (in function: getCLs) - At r = 4.143700:	q_mu = 4.69317	q_A  = 3.57257	Pmu = 0.01439	1-Pb  = 0.38345	CLs  = 0.03752
AsymptoticLimits.cc[337] : (in function: getCLs) - At r = 3.681794:	q_mu = 4.32221	q_A  = 3.23738	Pmu = 0.01783	1-Pb  = 0.38153	CLs  = 0.04674
AsymptoticLimits.cc[337] : (in function: getCLs) - At r = 3.460762:	q_mu = 4.13716	q_A  = 3.07113	Pmu = 0.01986	1-Pb  = 0.38051	CLs  = 0.05220
AsymptoticLimits.cc[337] : (in function: getCLs) - At r = 3.573822:	q_mu = 4.23243	q_A  = 3.15664	Pmu = 0.01879	1-Pb  = 0.38104	CLs  = 0.04931
AsymptoticLimits.cc[337] : (in function: getCLs) - At r = 3.529075:	q_mu = 4.19484	q_A  = 3.12295	Pmu = 0.01920	1-Pb  = 0.38084	CLs  = 0.05043
AsymptoticLimits.cc[337] : (in function: getCLs) - At r = 3.551583:	q_mu = 4.21385	q_A  = 3.13990	Pmu = 0.01899	1-Pb  = 0.38093	CLs  = 0.04986
AsymptoticLimits.cc[337] : (in function: getCLs) - At r = 3.542577:	q_mu = 4.20621	q_A  = 3.13311	Pmu = 0.01908	1-Pb  = 0.38090	CLs  = 0.05009
AsymptoticLimits.cc[337] : (in function: getCLs) - At r = 3.547094:	q_mu = 4.20999	q_A  = 3.13651	Pmu = 0.01904	1-Pb  = 0.38092	CLs  = 0.04997
AsymptoticLimits.cc[337] : (in function: getCLs) - At r = 3.545318:	q_mu = 4.20850	q_A  = 3.13517	Pmu = 0.01905	1-Pb  = 0.38091	CLs  = 0.05002
AsymptoticLimits.cc[337] : (in function: getCLs) - At r = 3.546226:	q_mu = 4.20926	q_A  = 3.13588	Pmu = 0.01904	1-Pb  = 0.38092	CLs  = 0.04999
AsymptoticLimits.cc[337] : (in function: getCLs) - At r = 3.545866:	q_mu = 4.20904	q_A  = 3.13559	Pmu = 0.01905	1-Pb  = 0.38090	CLs  = 0.05000
AsymptoticLimits.cc[337] : (in function: getCLs) - At r = 3.546009:	q_mu = 4.20910	q_A  = 3.13569	Pmu = 0.01905	1-Pb  = 0.38091	CLs  = 0.05000
AsymptoticLimits.cc[337] : (in function: getCLs) - At r = 3.545963:	q_mu = 4.20904	q_A  = 3.13565	Pmu = 0.01905	1-Pb  = 0.38091	CLs  = 0.05000
AsymptoticLimits.cc[337] : (in function: getCLs) - At r = 3.545991:	q_mu = 4.20906	q_A  = 3.13570	Pmu = 0.01905	1-Pb  = 0.38092	CLs  = 0.05000
AsymptoticLimits.cc[337] : (in function: getCLs) - At r = 3.546000:	q_mu = 4.20907	q_A  = 3.13569	Pmu = 0.01905	1-Pb  = 0.38091	CLs  = 0.05000
