CascadeMinimizer.cc[188] : (in function: improveOnce) - Minimization configured with Type=Minuit2, Algo=Migrad, strategy=0, tolerance=0.1
CascadeMinimizer.cc[215] : (in function: improveOnce) - Minimization finished with status=0
CascadeMinimizer.cc[219] : (in function: improveOnce) - Minimization success! status=0
ToyMCSamplerOpt.cc[146] : (in function: generateAsimov) - Using internal logic for binned/unbinned Asimov dataset generation
ToyMCSamplerOpt.cc[214] : (in function: generateWithHisto) - Generating asimov with histogram for pdf pdf_binpass_LOW_obsOnly: in 4 x-bins
ToyMCSamplerOpt.cc[215] : (in function: generateWithHisto) -  , in 1 y-bins
ToyMCSamplerOpt.cc[146] : (in function: generateAsimov) - Using internal logic for binned/unbinned Asimov dataset generation
ToyMCSamplerOpt.cc[214] : (in function: generateWithHisto) - Generating asimov with histogram for pdf pdf_binpass_SIG_obsOnly: in 3 x-bins
ToyMCSamplerOpt.cc[215] : (in function: generateWithHisto) -  , in 1 y-bins
ToyMCSamplerOpt.cc[146] : (in function: generateAsimov) - Using internal logic for binned/unbinned Asimov dataset generation
ToyMCSamplerOpt.cc[214] : (in function: generateWithHisto) - Generating asimov with histogram for pdf pdf_binpass_HIGH_obsOnly: in 7 x-bins
ToyMCSamplerOpt.cc[215] : (in function: generateWithHisto) -  , in 1 y-bins
ToyMCSamplerOpt.cc[146] : (in function: generateAsimov) - Using internal logic for binned/unbinned Asimov dataset generation
ToyMCSamplerOpt.cc[214] : (in function: generateWithHisto) - Generating asimov with histogram for pdf pdf_binfail_LOW_obsOnly: in 4 x-bins
ToyMCSamplerOpt.cc[215] : (in function: generateWithHisto) -  , in 1 y-bins
ToyMCSamplerOpt.cc[146] : (in function: generateAsimov) - Using internal logic for binned/unbinned Asimov dataset generation
ToyMCSamplerOpt.cc[214] : (in function: generateWithHisto) - Generating asimov with histogram for pdf pdf_binfail_SIG_obsOnly: in 3 x-bins
ToyMCSamplerOpt.cc[215] : (in function: generateWithHisto) -  , in 1 y-bins
ToyMCSamplerOpt.cc[146] : (in function: generateAsimov) - Using internal logic for binned/unbinned Asimov dataset generation
ToyMCSamplerOpt.cc[214] : (in function: generateWithHisto) - Generating asimov with histogram for pdf pdf_binfail_HIGH_obsOnly: in 7 x-bins
ToyMCSamplerOpt.cc[215] : (in function: generateWithHisto) -  , in 1 y-bins
AsymptoticLimits.cc[428] : (in function: runLimitExpected) - Median for expected limits = 2.46875, Sigma for expected limits = 1.25959
AsymptoticLimits.cc[191] : (in function: runLimit) - NLL at global minimum of data = -11157.4 (r=3.65273e-07)
AsymptoticLimits.cc[211] : (in function: runLimit) - NLL at global minimum of asimov = -11156.9 (r=2.25121e-09)
AsymptoticLimits.cc[337] : (in function: getCLs) - At r = 1.229170:	q_mu = 3.41930	q_A  = 1.19099	Pmu = 0.01733	1-Pb  = 0.15365	CLs  = 0.11281
AsymptoticLimits.cc[337] : (in function: getCLs) - At r = 2.458340:	q_mu = 7.31014	q_A  = 3.81640	Pmu = 0.00220	1-Pb  = 0.18561	CLs  = 0.01186
AsymptoticLimits.cc[337] : (in function: getCLs) - At r = 1.229170:	q_mu = 3.41924	q_A  = 1.16665	Pmu = 0.01688	1-Pb  = 0.14853	CLs  = 0.11366
AsymptoticLimits.cc[337] : (in function: getCLs) - At r = 1.843755:	q_mu = 5.32768	q_A  = 2.37254	Pmu = 0.00622	1-Pb  = 0.16871	CLs  = 0.03685
AsymptoticLimits.cc[337] : (in function: getCLs) - At r = 1.587635:	q_mu = 4.52054	q_A  = 1.83346	Pmu = 0.00948	1-Pb  = 0.16054	CLs  = 0.05905
AsymptoticLimits.cc[337] : (in function: getCLs) - At r = 1.711173:	q_mu = 4.90801	q_A  = 2.08741	Pmu = 0.00774	1-Pb  = 0.16450	CLs  = 0.04706
AsymptoticLimits.cc[337] : (in function: getCLs) - At r = 1.660059:	q_mu = 4.74718	q_A  = 1.98088	Pmu = 0.00842	1-Pb  = 0.16287	CLs  = 0.05170
AsymptoticLimits.cc[337] : (in function: getCLs) - At r = 1.684803:	q_mu = 4.82493	q_A  = 2.03223	Pmu = 0.00808	1-Pb  = 0.16366	CLs  = 0.04940
AsymptoticLimits.cc[337] : (in function: getCLs) - At r = 1.674586:	q_mu = 4.79279	q_A  = 2.01095	Pmu = 0.00822	1-Pb  = 0.16333	CLs  = 0.05034
AsymptoticLimits.cc[337] : (in function: getCLs) - At r = 1.679539:	q_mu = 4.80836	q_A  = 2.02124	Pmu = 0.00815	1-Pb  = 0.16349	CLs  = 0.04988
AsymptoticLimits.cc[337] : (in function: getCLs) - At r = 1.677498:	q_mu = 4.80194	q_A  = 2.01700	Pmu = 0.00818	1-Pb  = 0.16343	CLs  = 0.05007
AsymptoticLimits.cc[337] : (in function: getCLs) - At r = 1.678489:	q_mu = 4.80506	q_A  = 2.01906	Pmu = 0.00817	1-Pb  = 0.16346	CLs  = 0.04998
AsymptoticLimits.cc[337] : (in function: getCLs) - At r = 1.678081:	q_mu = 4.80377	q_A  = 2.01821	Pmu = 0.00817	1-Pb  = 0.16345	CLs  = 0.05001
AsymptoticLimits.cc[337] : (in function: getCLs) - At r = 1.678279:	q_mu = 4.80440	q_A  = 2.01862	Pmu = 0.00817	1-Pb  = 0.16345	CLs  = 0.05000
AsymptoticLimits.cc[337] : (in function: getCLs) - At r = 1.678198:	q_mu = 4.80414	q_A  = 2.01845	Pmu = 0.00817	1-Pb  = 0.16345	CLs  = 0.05000
AsymptoticLimits.cc[337] : (in function: getCLs) - At r = 1.678237:	q_mu = 4.80426	q_A  = 2.01854	Pmu = 0.00817	1-Pb  = 0.16345	CLs  = 0.05000
AsymptoticLimits.cc[337] : (in function: getCLs) - At r = 1.678221:	q_mu = 4.80427	q_A  = 2.01850	Pmu = 0.00817	1-Pb  = 0.16345	CLs  = 0.05000
AsymptoticLimits.cc[337] : (in function: getCLs) - At r = 1.678212:	q_mu = 4.80420	q_A  = 2.01848	Pmu = 0.00817	1-Pb  = 0.16345	CLs  = 0.05000
AsymptoticLimits.cc[337] : (in function: getCLs) - At r = 1.678216:	q_mu = 4.80420	q_A  = 2.01849	Pmu = 0.00817	1-Pb  = 0.16345	CLs  = 0.05000
