CascadeMinimizer.cc[188] : (in function: improveOnce) - Minimization configured with Type=Minuit2, Algo=Migrad, strategy=0, tolerance=0.1
CascadeMinimizer.cc[215] : (in function: improveOnce) - Minimization finished with status=0
CascadeMinimizer.cc[219] : (in function: improveOnce) - Minimization success! status=0
ToyMCSamplerOpt.cc[146] : (in function: generateAsimov) - Using internal logic for binned/unbinned Asimov dataset generation
ToyMCSamplerOpt.cc[214] : (in function: generateWithHisto) - Generating asimov with histogram for pdf pdf_binpass_LOW_obsOnly: in 2 x-bins
ToyMCSamplerOpt.cc[215] : (in function: generateWithHisto) -  , in 1 y-bins
ToyMCSamplerOpt.cc[146] : (in function: generateAsimov) - Using internal logic for binned/unbinned Asimov dataset generation
ToyMCSamplerOpt.cc[214] : (in function: generateWithHisto) - Generating asimov with histogram for pdf pdf_binpass_SIG_obsOnly: in 1 x-bins
ToyMCSamplerOpt.cc[215] : (in function: generateWithHisto) -  , in 1 y-bins
ToyMCSamplerOpt.cc[146] : (in function: generateAsimov) - Using internal logic for binned/unbinned Asimov dataset generation
ToyMCSamplerOpt.cc[214] : (in function: generateWithHisto) - Generating asimov with histogram for pdf pdf_binpass_HIGH_obsOnly: in 9 x-bins
ToyMCSamplerOpt.cc[215] : (in function: generateWithHisto) -  , in 1 y-bins
ToyMCSamplerOpt.cc[146] : (in function: generateAsimov) - Using internal logic for binned/unbinned Asimov dataset generation
ToyMCSamplerOpt.cc[214] : (in function: generateWithHisto) - Generating asimov with histogram for pdf pdf_binfail_LOW_obsOnly: in 2 x-bins
ToyMCSamplerOpt.cc[215] : (in function: generateWithHisto) -  , in 1 y-bins
ToyMCSamplerOpt.cc[146] : (in function: generateAsimov) - Using internal logic for binned/unbinned Asimov dataset generation
ToyMCSamplerOpt.cc[214] : (in function: generateWithHisto) - Generating asimov with histogram for pdf pdf_binfail_SIG_obsOnly: in 1 x-bins
ToyMCSamplerOpt.cc[215] : (in function: generateWithHisto) -  , in 1 y-bins
ToyMCSamplerOpt.cc[146] : (in function: generateAsimov) - Using internal logic for binned/unbinned Asimov dataset generation
ToyMCSamplerOpt.cc[214] : (in function: generateWithHisto) - Generating asimov with histogram for pdf pdf_binfail_HIGH_obsOnly: in 9 x-bins
ToyMCSamplerOpt.cc[215] : (in function: generateWithHisto) -  , in 1 y-bins
AsymptoticLimits.cc[428] : (in function: runLimitExpected) - Median for expected limits = 1.34375, Sigma for expected limits = 0.685599
AsymptoticLimits.cc[191] : (in function: runLimit) - NLL at global minimum of data = -22.9283 (r=1.28517e-08)
AsymptoticLimits.cc[211] : (in function: runLimit) - NLL at global minimum of asimov = -22.3711 (r=5.87625e-06)
AsymptoticLimits.cc[337] : (in function: getCLs) - At r = 1.200000:	q_mu = 4.23817	q_A  = 3.40952	Pmu = 0.01919	1-Pb  = 0.41123	CLs  = 0.04665
AsymptoticLimits.cc[337] : (in function: getCLs) - At r = 0.600000:	q_mu = 2.18059	q_A  = 1.58800	Pmu = 0.06742	1-Pb  = 0.40706	CLs  = 0.16563
AsymptoticLimits.cc[337] : (in function: getCLs) - At r = 0.900000:	q_mu = 3.22318	q_A  = 2.49982	Pmu = 0.03516	1-Pb  = 0.40953	CLs  = 0.08586
AsymptoticLimits.cc[337] : (in function: getCLs) - At r = 1.112742:	q_mu = 3.94552	q_A  = 3.14557	Pmu = 0.02280	1-Pb  = 0.41079	CLs  = 0.05550
AsymptoticLimits.cc[337] : (in function: getCLs) - At r = 1.154701:	q_mu = 4.08645	q_A  = 3.27267	Pmu = 0.02098	1-Pb  = 0.41102	CLs  = 0.05104
AsymptoticLimits.cc[337] : (in function: getCLs) - At r = 1.172045:	q_mu = 4.14459	q_A  = 3.32516	Pmu = 0.02027	1-Pb  = 0.41111	CLs  = 0.04931
AsymptoticLimits.cc[337] : (in function: getCLs) - At r = 1.162961:	q_mu = 4.11421	q_A  = 3.29789	Pmu = 0.02064	1-Pb  = 0.41109	CLs  = 0.05020
AsymptoticLimits.cc[337] : (in function: getCLs) - At r = 1.166404:	q_mu = 4.12572	q_A  = 3.30844	Pmu = 0.02050	1-Pb  = 0.41112	CLs  = 0.04986
AsymptoticLimits.cc[337] : (in function: getCLs) - At r = 1.164576:	q_mu = 4.11960	q_A  = 3.30306	Pmu = 0.02057	1-Pb  = 0.41113	CLs  = 0.05004
AsymptoticLimits.cc[337] : (in function: getCLs) - At r = 1.165251:	q_mu = 4.12186	q_A  = 3.30524	Pmu = 0.02055	1-Pb  = 0.41115	CLs  = 0.04997
AsymptoticLimits.cc[337] : (in function: getCLs) - At r = 1.164876:	q_mu = 4.12065	q_A  = 3.30425	Pmu = 0.02056	1-Pb  = 0.41116	CLs  = 0.05000
AsymptoticLimits.cc[337] : (in function: getCLs) - At r = 1.164989:	q_mu = 4.12114	q_A  = 3.30473	Pmu = 0.02055	1-Pb  = 0.41117	CLs  = 0.04999
AsymptoticLimits.cc[337] : (in function: getCLs) - At r = 1.164926:	q_mu = 4.12091	q_A  = 3.30467	Pmu = 0.02056	1-Pb  = 0.41118	CLs  = 0.04999
AsymptoticLimits.cc[337] : (in function: getCLs) - At r = 1.164905:	q_mu = 4.12083	q_A  = 3.30473	Pmu = 0.02056	1-Pb  = 0.41120	CLs  = 0.05000
AsymptoticLimits.cc[337] : (in function: getCLs) - At r = 1.164888:	q_mu = 4.12077	q_A  = 3.30479	Pmu = 0.02056	1-Pb  = 0.41121	CLs  = 0.05000
AsymptoticLimits.cc[337] : (in function: getCLs) - At r = 1.164881:	q_mu = 4.12079	q_A  = 3.30488	Pmu = 0.02056	1-Pb  = 0.41122	CLs  = 0.04999
