CascadeMinimizer.cc[188] : (in function: improveOnce) - Minimization configured with Type=Minuit2, Algo=Migrad, strategy=0, tolerance=0.1
CascadeMinimizer.cc[215] : (in function: improveOnce) - Minimization finished with status=0
CascadeMinimizer.cc[219] : (in function: improveOnce) - Minimization success! status=0
ToyMCSamplerOpt.cc[146] : (in function: generateAsimov) - Using internal logic for binned/unbinned Asimov dataset generation
ToyMCSamplerOpt.cc[214] : (in function: generateWithHisto) - Generating asimov with histogram for pdf pdf_binpass_LOW_obsOnly: in 4 x-bins
ToyMCSamplerOpt.cc[215] : (in function: generateWithHisto) -  , in 1 y-bins
ToyMCSamplerOpt.cc[146] : (in function: generateAsimov) - Using internal logic for binned/unbinned Asimov dataset generation
ToyMCSamplerOpt.cc[214] : (in function: generateWithHisto) - Generating asimov with histogram for pdf pdf_binpass_SIG_obsOnly: in 3 x-bins
ToyMCSamplerOpt.cc[215] : (in function: generateWithHisto) -  , in 1 y-bins
ToyMCSamplerOpt.cc[146] : (in function: generateAsimov) - Using internal logic for binned/unbinned Asimov dataset generation
ToyMCSamplerOpt.cc[214] : (in function: generateWithHisto) - Generating asimov with histogram for pdf pdf_binpass_HIGH_obsOnly: in 7 x-bins
ToyMCSamplerOpt.cc[215] : (in function: generateWithHisto) -  , in 1 y-bins
ToyMCSamplerOpt.cc[146] : (in function: generateAsimov) - Using internal logic for binned/unbinned Asimov dataset generation
ToyMCSamplerOpt.cc[214] : (in function: generateWithHisto) - Generating asimov with histogram for pdf pdf_binfail_LOW_obsOnly: in 4 x-bins
ToyMCSamplerOpt.cc[215] : (in function: generateWithHisto) -  , in 1 y-bins
ToyMCSamplerOpt.cc[146] : (in function: generateAsimov) - Using internal logic for binned/unbinned Asimov dataset generation
ToyMCSamplerOpt.cc[214] : (in function: generateWithHisto) - Generating asimov with histogram for pdf pdf_binfail_SIG_obsOnly: in 3 x-bins
ToyMCSamplerOpt.cc[215] : (in function: generateWithHisto) -  , in 1 y-bins
ToyMCSamplerOpt.cc[146] : (in function: generateAsimov) - Using internal logic for binned/unbinned Asimov dataset generation
ToyMCSamplerOpt.cc[214] : (in function: generateWithHisto) - Generating asimov with histogram for pdf pdf_binfail_HIGH_obsOnly: in 7 x-bins
ToyMCSamplerOpt.cc[215] : (in function: generateWithHisto) -  , in 1 y-bins
AsymptoticLimits.cc[428] : (in function: runLimitExpected) - Median for expected limits = 1.50391, Sigma for expected limits = 0.767313
AsymptoticLimits.cc[191] : (in function: runLimit) - NLL at global minimum of data = -11164.1 (r=1.92185)
AsymptoticLimits.cc[211] : (in function: runLimit) - NLL at global minimum of asimov = -11158.2 (r=0.00685439)
AsymptoticLimits.cc[337] : (in function: getCLs) - At r = 3.818171:	q_mu = 3.37691	q_A  = 13.22571	Pmu = 0.03306	1-Pb  = 0.96400	CLs  = 0.03429
AsymptoticLimits.cc[337] : (in function: getCLs) - At r = 2.870013:	q_mu = 1.09214	q_A  = 9.35755	Pmu = 0.14800	1-Pb  = 0.97799	CLs  = 0.15133
AsymptoticLimits.cc[337] : (in function: getCLs) - At r = 3.344092:	q_mu = 2.15574	q_A  = 11.30367	Pmu = 0.07102	1-Pb  = 0.97088	CLs  = 0.07315
AsymptoticLimits.cc[337] : (in function: getCLs) - At r = 3.534571:	q_mu = 2.63177	q_A  = 12.07975	Pmu = 0.05237	1-Pb  = 0.96808	CLs  = 0.05410
AsymptoticLimits.cc[337] : (in function: getCLs) - At r = 3.630505:	q_mu = 2.87937	q_A  = 12.46874	Pmu = 0.04486	1-Pb  = 0.96669	CLs  = 0.04641
AsymptoticLimits.cc[337] : (in function: getCLs) - At r = 3.573998:	q_mu = 2.73286	q_A  = 12.23952	Pmu = 0.04915	1-Pb  = 0.96751	CLs  = 0.05080
AsymptoticLimits.cc[337] : (in function: getCLs) - At r = 3.593250:	q_mu = 2.78258	q_A  = 12.31763	Pmu = 0.04765	1-Pb  = 0.96723	CLs  = 0.04926
AsymptoticLimits.cc[337] : (in function: getCLs) - At r = 3.581958:	q_mu = 2.75340	q_A  = 12.27178	Pmu = 0.04852	1-Pb  = 0.96739	CLs  = 0.05016
AsymptoticLimits.cc[337] : (in function: getCLs) - At r = 3.585811:	q_mu = 2.76334	q_A  = 12.28740	Pmu = 0.04822	1-Pb  = 0.96734	CLs  = 0.04985
AsymptoticLimits.cc[337] : (in function: getCLs) - At r = 3.583553:	q_mu = 2.75751	q_A  = 12.27824	Pmu = 0.04840	1-Pb  = 0.96737	CLs  = 0.05003
AsymptoticLimits.cc[337] : (in function: getCLs) - At r = 3.584323:	q_mu = 2.75950	q_A  = 12.28136	Pmu = 0.04834	1-Pb  = 0.96736	CLs  = 0.04997
AsymptoticLimits.cc[337] : (in function: getCLs) - At r = 3.583872:	q_mu = 2.75834	q_A  = 12.27952	Pmu = 0.04837	1-Pb  = 0.96736	CLs  = 0.05001
AsymptoticLimits.cc[337] : (in function: getCLs) - At r = 3.584026:	q_mu = 2.75873	q_A  = 12.28014	Pmu = 0.04836	1-Pb  = 0.96736	CLs  = 0.04999
AsymptoticLimits.cc[337] : (in function: getCLs) - At r = 3.583936:	q_mu = 2.75850	q_A  = 12.27977	Pmu = 0.04837	1-Pb  = 0.96736	CLs  = 0.05000
AsymptoticLimits.cc[337] : (in function: getCLs) - At r = 3.583967:	q_mu = 2.75858	q_A  = 12.27989	Pmu = 0.04837	1-Pb  = 0.96736	CLs  = 0.05000
AsymptoticLimits.cc[337] : (in function: getCLs) - At r = 3.583949:	q_mu = 2.75853	q_A  = 12.27982	Pmu = 0.04837	1-Pb  = 0.96736	CLs  = 0.05000
