CascadeMinimizer.cc[188] : (in function: improveOnce) - Minimization configured with Type=Minuit2, Algo=Migrad, strategy=0, tolerance=0.1
CascadeMinimizer.cc[215] : (in function: improveOnce) - Minimization finished with status=0
CascadeMinimizer.cc[219] : (in function: improveOnce) - Minimization success! status=0
ToyMCSamplerOpt.cc[146] : (in function: generateAsimov) - Using internal logic for binned/unbinned Asimov dataset generation
ToyMCSamplerOpt.cc[214] : (in function: generateWithHisto) - Generating asimov with histogram for pdf pdf_binpass_LOW_obsOnly: in 2 x-bins
ToyMCSamplerOpt.cc[215] : (in function: generateWithHisto) -  , in 1 y-bins
ToyMCSamplerOpt.cc[146] : (in function: generateAsimov) - Using internal logic for binned/unbinned Asimov dataset generation
ToyMCSamplerOpt.cc[214] : (in function: generateWithHisto) - Generating asimov with histogram for pdf pdf_binpass_SIG_obsOnly: in 1 x-bins
ToyMCSamplerOpt.cc[215] : (in function: generateWithHisto) -  , in 1 y-bins
ToyMCSamplerOpt.cc[146] : (in function: generateAsimov) - Using internal logic for binned/unbinned Asimov dataset generation
ToyMCSamplerOpt.cc[214] : (in function: generateWithHisto) - Generating asimov with histogram for pdf pdf_binpass_HIGH_obsOnly: in 9 x-bins
ToyMCSamplerOpt.cc[215] : (in function: generateWithHisto) -  , in 1 y-bins
ToyMCSamplerOpt.cc[146] : (in function: generateAsimov) - Using internal logic for binned/unbinned Asimov dataset generation
ToyMCSamplerOpt.cc[214] : (in function: generateWithHisto) - Generating asimov with histogram for pdf pdf_binfail_LOW_obsOnly: in 2 x-bins
ToyMCSamplerOpt.cc[215] : (in function: generateWithHisto) -  , in 1 y-bins
ToyMCSamplerOpt.cc[146] : (in function: generateAsimov) - Using internal logic for binned/unbinned Asimov dataset generation
ToyMCSamplerOpt.cc[214] : (in function: generateWithHisto) - Generating asimov with histogram for pdf pdf_binfail_SIG_obsOnly: in 1 x-bins
ToyMCSamplerOpt.cc[215] : (in function: generateWithHisto) -  , in 1 y-bins
ToyMCSamplerOpt.cc[146] : (in function: generateAsimov) - Using internal logic for binned/unbinned Asimov dataset generation
ToyMCSamplerOpt.cc[214] : (in function: generateWithHisto) - Generating asimov with histogram for pdf pdf_binfail_HIGH_obsOnly: in 9 x-bins
ToyMCSamplerOpt.cc[215] : (in function: generateWithHisto) -  , in 1 y-bins
AsymptoticLimits.cc[428] : (in function: runLimitExpected) - Median for expected limits = 2.51562, Sigma for expected limits = 1.28351
AsymptoticLimits.cc[191] : (in function: runLimit) - NLL at global minimum of data = -812.485 (r=2.4306e-07)
AsymptoticLimits.cc[211] : (in function: runLimit) - NLL at global minimum of asimov = -811.946 (r=6.93064e-06)
AsymptoticLimits.cc[337] : (in function: getCLs) - At r = 1.699904:	q_mu = 2.70792	q_A  = 2.66893	Pmu = 0.04992	1-Pb  = 0.49524	CLs  = 0.10080
AsymptoticLimits.cc[337] : (in function: getCLs) - At r = 3.399808:	q_mu = 5.10756	q_A  = 5.03490	Pmu = 0.01191	1-Pb  = 0.49354	CLs  = 0.02413
AsymptoticLimits.cc[337] : (in function: getCLs) - At r = 1.699904:	q_mu = 2.70750	q_A  = 2.66888	Pmu = 0.04993	1-Pb  = 0.49528	CLs  = 0.10082
AsymptoticLimits.cc[337] : (in function: getCLs) - At r = 2.706883:	q_mu = 4.15980	q_A  = 4.10067	Pmu = 0.02069	1-Pb  = 0.49418	CLs  = 0.04188
AsymptoticLimits.cc[337] : (in function: getCLs) - At r = 2.342931:	q_mu = 3.64572	q_A  = 3.59389	Pmu = 0.02810	1-Pb  = 0.49455	CLs  = 0.05683
AsymptoticLimits.cc[337] : (in function: getCLs) - At r = 2.537791:	q_mu = 3.92228	q_A  = 3.86619	Pmu = 0.02382	1-Pb  = 0.49431	CLs  = 0.04819
AsymptoticLimits.cc[337] : (in function: getCLs) - At r = 2.463999:	q_mu = 3.81777	q_A  = 3.76323	Pmu = 0.02535	1-Pb  = 0.49439	CLs  = 0.05128
AsymptoticLimits.cc[337] : (in function: getCLs) - At r = 2.502801:	q_mu = 3.87256	q_A  = 3.81737	Pmu = 0.02454	1-Pb  = 0.49437	CLs  = 0.04964
AsymptoticLimits.cc[337] : (in function: getCLs) - At r = 2.488070:	q_mu = 3.84766	q_A  = 3.79681	Pmu = 0.02491	1-Pb  = 0.49479	CLs  = 0.05033
AsymptoticLimits.cc[337] : (in function: getCLs) - At r = 2.496630:	q_mu = 3.85976	q_A  = 3.80874	Pmu = 0.02473	1-Pb  = 0.49479	CLs  = 0.04997
AsymptoticLimits.cc[337] : (in function: getCLs) - At r = 2.494414:	q_mu = 3.85662	q_A  = 3.80565	Pmu = 0.02477	1-Pb  = 0.49479	CLs  = 0.05007
AsymptoticLimits.cc[337] : (in function: getCLs) - At r = 2.495684:	q_mu = 3.85842	q_A  = 3.80741	Pmu = 0.02475	1-Pb  = 0.49479	CLs  = 0.05001
AsymptoticLimits.cc[337] : (in function: getCLs) - At r = 2.496129:	q_mu = 3.85905	q_A  = 3.80803	Pmu = 0.02474	1-Pb  = 0.49479	CLs  = 0.04999
AsymptoticLimits.cc[337] : (in function: getCLs) - At r = 2.495941:	q_mu = 3.85878	q_A  = 3.80776	Pmu = 0.02474	1-Pb  = 0.49478	CLs  = 0.05000
AsymptoticLimits.cc[337] : (in function: getCLs) - At r = 2.496031:	q_mu = 3.85891	q_A  = 3.80788	Pmu = 0.02474	1-Pb  = 0.49478	CLs  = 0.05000
AsymptoticLimits.cc[337] : (in function: getCLs) - At r = 2.495994:	q_mu = 3.85886	q_A  = 3.80783	Pmu = 0.02474	1-Pb  = 0.49478	CLs  = 0.05000
AsymptoticLimits.cc[337] : (in function: getCLs) - At r = 2.496013:	q_mu = 3.85888	q_A  = 3.80785	Pmu = 0.02474	1-Pb  = 0.49478	CLs  = 0.05000
AsymptoticLimits.cc[337] : (in function: getCLs) - At r = 2.496007:	q_mu = 3.85887	q_A  = 3.80784	Pmu = 0.02474	1-Pb  = 0.49478	CLs  = 0.05000
