CascadeMinimizer.cc[188] : (in function: improveOnce) - Minimization configured with Type=Minuit2, Algo=Migrad, strategy=0, tolerance=0.1
CascadeMinimizer.cc[215] : (in function: improveOnce) - Minimization finished with status=0
CascadeMinimizer.cc[219] : (in function: improveOnce) - Minimization success! status=0
ToyMCSamplerOpt.cc[146] : (in function: generateAsimov) - Using internal logic for binned/unbinned Asimov dataset generation
ToyMCSamplerOpt.cc[214] : (in function: generateWithHisto) - Generating asimov with histogram for pdf pdf_binpass_LOW_obsOnly: in 3 x-bins
ToyMCSamplerOpt.cc[215] : (in function: generateWithHisto) -  , in 1 y-bins
ToyMCSamplerOpt.cc[146] : (in function: generateAsimov) - Using internal logic for binned/unbinned Asimov dataset generation
ToyMCSamplerOpt.cc[214] : (in function: generateWithHisto) - Generating asimov with histogram for pdf pdf_binpass_SIG_obsOnly: in 1 x-bins
ToyMCSamplerOpt.cc[215] : (in function: generateWithHisto) -  , in 1 y-bins
ToyMCSamplerOpt.cc[146] : (in function: generateAsimov) - Using internal logic for binned/unbinned Asimov dataset generation
ToyMCSamplerOpt.cc[214] : (in function: generateWithHisto) - Generating asimov with histogram for pdf pdf_binpass_HIGH_obsOnly: in 3 x-bins
ToyMCSamplerOpt.cc[215] : (in function: generateWithHisto) -  , in 1 y-bins
ToyMCSamplerOpt.cc[146] : (in function: generateAsimov) - Using internal logic for binned/unbinned Asimov dataset generation
ToyMCSamplerOpt.cc[214] : (in function: generateWithHisto) - Generating asimov with histogram for pdf pdf_binfail_LOW_obsOnly: in 3 x-bins
ToyMCSamplerOpt.cc[215] : (in function: generateWithHisto) -  , in 1 y-bins
ToyMCSamplerOpt.cc[146] : (in function: generateAsimov) - Using internal logic for binned/unbinned Asimov dataset generation
ToyMCSamplerOpt.cc[214] : (in function: generateWithHisto) - Generating asimov with histogram for pdf pdf_binfail_SIG_obsOnly: in 1 x-bins
ToyMCSamplerOpt.cc[215] : (in function: generateWithHisto) -  , in 1 y-bins
ToyMCSamplerOpt.cc[146] : (in function: generateAsimov) - Using internal logic for binned/unbinned Asimov dataset generation
ToyMCSamplerOpt.cc[214] : (in function: generateWithHisto) - Generating asimov with histogram for pdf pdf_binfail_HIGH_obsOnly: in 3 x-bins
ToyMCSamplerOpt.cc[215] : (in function: generateWithHisto) -  , in 1 y-bins
AsymptoticLimits.cc[428] : (in function: runLimitExpected) - Median for expected limits = 0.708984, Sigma for expected limits = 0.361733
AsymptoticLimits.cc[191] : (in function: runLimit) - NLL at global minimum of data = -8420.7 (r=0.91321)
AsymptoticLimits.cc[211] : (in function: runLimit) - NLL at global minimum of asimov = -8415.19 (r=0.00117775)
AsymptoticLimits.cc[337] : (in function: getCLs) - At r = 2.113210:	q_mu = 3.52002	q_A  = 14.25968	Pmu = 0.03032	1-Pb  = 0.97129	CLs  = 0.03121
AsymptoticLimits.cc[337] : (in function: getCLs) - At r = 1.513210:	q_mu = 1.23528	q_A  = 9.90307	Pmu = 0.13319	1-Pb  = 0.97910	CLs  = 0.13603
AsymptoticLimits.cc[337] : (in function: getCLs) - At r = 1.839563:	q_mu = 2.41570	q_A  = 12.25566	Pmu = 0.06006	1-Pb  = 0.97421	CLs  = 0.06165
AsymptoticLimits.cc[337] : (in function: getCLs) - At r = 1.961664:	q_mu = 2.89877	q_A  = 13.11204	Pmu = 0.04432	1-Pb  = 0.97247	CLs  = 0.04558
AsymptoticLimits.cc[337] : (in function: getCLs) - At r = 1.907302:	q_mu = 2.68140	q_A  = 12.73236	Pmu = 0.05076	1-Pb  = 0.97324	CLs  = 0.05216
AsymptoticLimits.cc[337] : (in function: getCLs) - At r = 1.931805:	q_mu = 2.77895	q_A  = 12.90376	Pmu = 0.04776	1-Pb  = 0.97290	CLs  = 0.04909
AsymptoticLimits.cc[337] : (in function: getCLs) - At r = 1.920947:	q_mu = 2.73563	q_A  = 12.82786	Pmu = 0.04907	1-Pb  = 0.97305	CLs  = 0.05043
AsymptoticLimits.cc[337] : (in function: getCLs) - At r = 1.925852:	q_mu = 2.75517	q_A  = 12.86215	Pmu = 0.04847	1-Pb  = 0.97298	CLs  = 0.04982
AsymptoticLimits.cc[337] : (in function: getCLs) - At r = 1.923682:	q_mu = 2.74652	q_A  = 12.84698	Pmu = 0.04873	1-Pb  = 0.97301	CLs  = 0.05008
AsymptoticLimits.cc[337] : (in function: getCLs) - At r = 1.924663:	q_mu = 2.75043	q_A  = 12.85384	Pmu = 0.04861	1-Pb  = 0.97300	CLs  = 0.04996
AsymptoticLimits.cc[337] : (in function: getCLs) - At r = 1.924230:	q_mu = 2.74870	q_A  = 12.85080	Pmu = 0.04867	1-Pb  = 0.97300	CLs  = 0.05002
AsymptoticLimits.cc[337] : (in function: getCLs) - At r = 1.924426:	q_mu = 2.74949	q_A  = 12.85217	Pmu = 0.04864	1-Pb  = 0.97300	CLs  = 0.04999
AsymptoticLimits.cc[337] : (in function: getCLs) - At r = 1.924339:	q_mu = 2.74914	q_A  = 12.85156	Pmu = 0.04865	1-Pb  = 0.97300	CLs  = 0.05000
AsymptoticLimits.cc[337] : (in function: getCLs) - At r = 1.924378:	q_mu = 2.74930	q_A  = 12.85184	Pmu = 0.04865	1-Pb  = 0.97300	CLs  = 0.05000
AsymptoticLimits.cc[337] : (in function: getCLs) - At r = 1.924361:	q_mu = 2.74923	q_A  = 12.85172	Pmu = 0.04865	1-Pb  = 0.97300	CLs  = 0.05000
AsymptoticLimits.cc[337] : (in function: getCLs) - At r = 1.924369:	q_mu = 2.74926	q_A  = 12.85177	Pmu = 0.04865	1-Pb  = 0.97300	CLs  = 0.05000
