CascadeMinimizer.cc[188] : (in function: improveOnce) - Minimization configured with Type=Minuit2, Algo=Migrad, strategy=0, tolerance=0.1
CascadeMinimizer.cc[215] : (in function: improveOnce) - Minimization finished with status=0
CascadeMinimizer.cc[219] : (in function: improveOnce) - Minimization success! status=0
ToyMCSamplerOpt.cc[146] : (in function: generateAsimov) - Using internal logic for binned/unbinned Asimov dataset generation
ToyMCSamplerOpt.cc[214] : (in function: generateWithHisto) - Generating asimov with histogram for pdf pdf_binpass_LOW_obsOnly: in 5 x-bins
ToyMCSamplerOpt.cc[215] : (in function: generateWithHisto) -  , in 1 y-bins
ToyMCSamplerOpt.cc[146] : (in function: generateAsimov) - Using internal logic for binned/unbinned Asimov dataset generation
ToyMCSamplerOpt.cc[214] : (in function: generateWithHisto) - Generating asimov with histogram for pdf pdf_binpass_SIG_obsOnly: in 1 x-bins
ToyMCSamplerOpt.cc[215] : (in function: generateWithHisto) -  , in 1 y-bins
ToyMCSamplerOpt.cc[146] : (in function: generateAsimov) - Using internal logic for binned/unbinned Asimov dataset generation
ToyMCSamplerOpt.cc[214] : (in function: generateWithHisto) - Generating asimov with histogram for pdf pdf_binpass_HIGH_obsOnly: in 1 x-bins
ToyMCSamplerOpt.cc[215] : (in function: generateWithHisto) -  , in 1 y-bins
ToyMCSamplerOpt.cc[146] : (in function: generateAsimov) - Using internal logic for binned/unbinned Asimov dataset generation
ToyMCSamplerOpt.cc[214] : (in function: generateWithHisto) - Generating asimov with histogram for pdf pdf_binfail_LOW_obsOnly: in 5 x-bins
ToyMCSamplerOpt.cc[215] : (in function: generateWithHisto) -  , in 1 y-bins
ToyMCSamplerOpt.cc[146] : (in function: generateAsimov) - Using internal logic for binned/unbinned Asimov dataset generation
ToyMCSamplerOpt.cc[214] : (in function: generateWithHisto) - Generating asimov with histogram for pdf pdf_binfail_SIG_obsOnly: in 1 x-bins
ToyMCSamplerOpt.cc[215] : (in function: generateWithHisto) -  , in 1 y-bins
ToyMCSamplerOpt.cc[146] : (in function: generateAsimov) - Using internal logic for binned/unbinned Asimov dataset generation
ToyMCSamplerOpt.cc[214] : (in function: generateWithHisto) - Generating asimov with histogram for pdf pdf_binfail_HIGH_obsOnly: in 1 x-bins
ToyMCSamplerOpt.cc[215] : (in function: generateWithHisto) -  , in 1 y-bins
AsymptoticLimits.cc[415] : (in function: runLimitExpected) - [WARNING] Best fit of asimov dataset is at r = 0.200000 (0.010000 times rMax), while it should be at zero
AsymptoticLimits.cc[428] : (in function: runLimitExpected) - Median for expected limits = 11580, Sigma for expected limits = 5908.27
AsymptoticLimits.cc[191] : (in function: runLimit) - NLL at global minimum of data = -38862.2 (r=3706.12)
AsymptoticLimits.cc[211] : (in function: runLimit) - NLL at global minimum of asimov = -38861.8 (r=21.8755)
AsymptoticLimits.cc[337] : (in function: getCLs) - At r = 23165.643220:	q_mu = 31.18967	q_A  = 32.51371	Pmu = 0.00000	1-Pb  = 0.54669	CLs  = 0.00000
AsymptoticLimits.cc[337] : (in function: getCLs) - At r = 13435.879615:	q_mu = 5.69240	q_A  = 7.14754	Pmu = 0.00852	1-Pb  = 0.61318	CLs  = 0.01389
AsymptoticLimits.cc[337] : (in function: getCLs) - At r = 8570.997812:	q_mu = 0.43056	q_A  = 1.37696	Pmu = 0.25586	1-Pb  = 0.69752	CLs  = 0.36681
AsymptoticLimits.cc[337] : (in function: getCLs) - At r = 11003.438713:	q_mu = 1.84899	q_A  = 3.03480	Pmu = 0.08695	1-Pb  = 0.64888	CLs  = 0.13400
AsymptoticLimits.cc[337] : (in function: getCLs) - At r = 12219.659164:	q_mu = 3.56654	q_A  = 4.86766	Pmu = 0.02948	1-Pb  = 0.62466	CLs  = 0.04719
AsymptoticLimits.cc[337] : (in function: getCLs) - At r = 11922.481749:	q_mu = 3.10278	q_A  = 4.36879	Pmu = 0.03908	1-Pb  = 0.62881	CLs  = 0.06215
AsymptoticLimits.cc[337] : (in function: getCLs) - At r = 12110.273425:	q_mu = 3.39283	q_A  = 4.68035	Pmu = 0.03274	1-Pb  = 0.62606	CLs  = 0.05230
AsymptoticLimits.cc[337] : (in function: getCLs) - At r = 12170.380452:	q_mu = 3.48777	q_A  = 4.78325	Pmu = 0.03091	1-Pb  = 0.62533	CLs  = 0.04943
AsymptoticLimits.cc[337] : (in function: getCLs) - At r = 12148.617330:	q_mu = 3.45327	q_A  = 4.74567	Pmu = 0.03156	1-Pb  = 0.62558	CLs  = 0.05045
AsymptoticLimits.cc[337] : (in function: getCLs) - At r = 12160.677922:	q_mu = 3.47234	q_A  = 4.76645	Pmu = 0.03120	1-Pb  = 0.62544	CLs  = 0.04989
AsymptoticLimits.cc[337] : (in function: getCLs) - At r = 12156.341903:	q_mu = 3.46545	q_A  = 4.75897	Pmu = 0.03133	1-Pb  = 0.62549	CLs  = 0.05009
AsymptoticLimits.cc[337] : (in function: getCLs) - At r = 12158.760381:	q_mu = 3.46928	q_A  = 4.76314	Pmu = 0.03126	1-Pb  = 0.62546	CLs  = 0.04998
AsymptoticLimits.cc[337] : (in function: getCLs) - At r = 12157.898624:	q_mu = 3.46790	q_A  = 4.76165	Pmu = 0.03129	1-Pb  = 0.62547	CLs  = 0.05002
AsymptoticLimits.cc[337] : (in function: getCLs) - At r = 12158.385413:	q_mu = 3.46866	q_A  = 4.76249	Pmu = 0.03127	1-Pb  = 0.62547	CLs  = 0.05000
AsymptoticLimits.cc[337] : (in function: getCLs) - At r = 12158.218058:	q_mu = 3.46839	q_A  = 4.76220	Pmu = 0.03128	1-Pb  = 0.62547	CLs  = 0.05000
AsymptoticLimits.cc[337] : (in function: getCLs) - At r = 12158.317869:	q_mu = 3.46854	q_A  = 4.76238	Pmu = 0.03127	1-Pb  = 0.62547	CLs  = 0.05000
AsymptoticLimits.cc[337] : (in function: getCLs) - At r = 12158.289067:	q_mu = 3.46848	q_A  = 4.76233	Pmu = 0.03127	1-Pb  = 0.62547	CLs  = 0.05000
