CascadeMinimizer.cc[188] : (in function: improveOnce) - Minimization configured with Type=Minuit2, Algo=Migrad, strategy=0, tolerance=0.1
CascadeMinimizer.cc[215] : (in function: improveOnce) - Minimization finished with status=0
CascadeMinimizer.cc[219] : (in function: improveOnce) - Minimization success! status=0
ToyMCSamplerOpt.cc[146] : (in function: generateAsimov) - Using internal logic for binned/unbinned Asimov dataset generation
ToyMCSamplerOpt.cc[214] : (in function: generateWithHisto) - Generating asimov with histogram for pdf pdf_binpass_LOW_obsOnly: in 2 x-bins
ToyMCSamplerOpt.cc[215] : (in function: generateWithHisto) -  , in 1 y-bins
ToyMCSamplerOpt.cc[146] : (in function: generateAsimov) - Using internal logic for binned/unbinned Asimov dataset generation
ToyMCSamplerOpt.cc[214] : (in function: generateWithHisto) - Generating asimov with histogram for pdf pdf_binpass_SIG_obsOnly: in 1 x-bins
ToyMCSamplerOpt.cc[215] : (in function: generateWithHisto) -  , in 1 y-bins
ToyMCSamplerOpt.cc[146] : (in function: generateAsimov) - Using internal logic for binned/unbinned Asimov dataset generation
ToyMCSamplerOpt.cc[214] : (in function: generateWithHisto) - Generating asimov with histogram for pdf pdf_binpass_HIGH_obsOnly: in 9 x-bins
ToyMCSamplerOpt.cc[215] : (in function: generateWithHisto) -  , in 1 y-bins
ToyMCSamplerOpt.cc[146] : (in function: generateAsimov) - Using internal logic for binned/unbinned Asimov dataset generation
ToyMCSamplerOpt.cc[214] : (in function: generateWithHisto) - Generating asimov with histogram for pdf pdf_binfail_LOW_obsOnly: in 2 x-bins
ToyMCSamplerOpt.cc[215] : (in function: generateWithHisto) -  , in 1 y-bins
ToyMCSamplerOpt.cc[146] : (in function: generateAsimov) - Using internal logic for binned/unbinned Asimov dataset generation
ToyMCSamplerOpt.cc[214] : (in function: generateWithHisto) - Generating asimov with histogram for pdf pdf_binfail_SIG_obsOnly: in 1 x-bins
ToyMCSamplerOpt.cc[215] : (in function: generateWithHisto) -  , in 1 y-bins
ToyMCSamplerOpt.cc[146] : (in function: generateAsimov) - Using internal logic for binned/unbinned Asimov dataset generation
ToyMCSamplerOpt.cc[214] : (in function: generateWithHisto) - Generating asimov with histogram for pdf pdf_binfail_HIGH_obsOnly: in 9 x-bins
ToyMCSamplerOpt.cc[215] : (in function: generateWithHisto) -  , in 1 y-bins
AsymptoticLimits.cc[428] : (in function: runLimitExpected) - Median for expected limits = 1.55469, Sigma for expected limits = 0.793223
AsymptoticLimits.cc[191] : (in function: runLimit) - NLL at global minimum of data = -21.0655 (r=0.234632)
AsymptoticLimits.cc[211] : (in function: runLimit) - NLL at global minimum of asimov = -20.9513 (r=0.15799)
AsymptoticLimits.cc[337] : (in function: getCLs) - At r = 1.434632:	q_mu = 3.23625	q_A  = 3.41946	Pmu = 0.03601	1-Pb  = 0.52003	CLs  = 0.06925
AsymptoticLimits.cc[337] : (in function: getCLs) - At r = 2.869264:	q_mu = 8.19705	q_A  = 8.30478	Pmu = 0.00210	1-Pb  = 0.50748	CLs  = 0.00413
AsymptoticLimits.cc[337] : (in function: getCLs) - At r = 1.551948:	q_mu = 3.64602	q_A  = 3.82064	Pmu = 0.02810	1-Pb  = 0.51802	CLs  = 0.05425
AsymptoticLimits.cc[337] : (in function: getCLs) - At r = 2.210606:	q_mu = 5.93832	q_A  = 6.08554	Pmu = 0.00741	1-Pb  = 0.51198	CLs  = 0.01447
AsymptoticLimits.cc[337] : (in function: getCLs) - At r = 1.881277:	q_mu = 4.79195	q_A  = 4.95328	Pmu = 0.01430	1-Pb  = 0.51458	CLs  = 0.02778
AsymptoticLimits.cc[337] : (in function: getCLs) - At r = 1.649920:	q_mu = 3.98581	q_A  = 4.15689	Pmu = 0.02294	1-Pb  = 0.51691	CLs  = 0.04438
AsymptoticLimits.cc[337] : (in function: getCLs) - At r = 1.603389:	q_mu = 3.82391	q_A  = 3.99709	Pmu = 0.02526	1-Pb  = 0.51746	CLs  = 0.04882
AsymptoticLimits.cc[337] : (in function: getCLs) - At r = 1.583784:	q_mu = 3.75350	q_A  = 3.92987	Pmu = 0.02635	1-Pb  = 0.51794	CLs  = 0.05087
AsymptoticLimits.cc[337] : (in function: getCLs) - At r = 1.594291:	q_mu = 3.78997	q_A  = 3.96590	Pmu = 0.02578	1-Pb  = 0.51781	CLs  = 0.04979
AsymptoticLimits.cc[337] : (in function: getCLs) - At r = 1.590521:	q_mu = 3.77683	q_A  = 3.95306	Pmu = 0.02598	1-Pb  = 0.51788	CLs  = 0.05017
AsymptoticLimits.cc[337] : (in function: getCLs) - At r = 1.592624:	q_mu = 3.78415	q_A  = 3.96026	Pmu = 0.02587	1-Pb  = 0.51785	CLs  = 0.04996
AsymptoticLimits.cc[337] : (in function: getCLs) - At r = 1.591869:	q_mu = 3.78152	q_A  = 3.95766	Pmu = 0.02591	1-Pb  = 0.51786	CLs  = 0.05003
AsymptoticLimits.cc[337] : (in function: getCLs) - At r = 1.592290:	q_mu = 3.78298	q_A  = 3.95922	Pmu = 0.02589	1-Pb  = 0.51786	CLs  = 0.04999
AsymptoticLimits.cc[337] : (in function: getCLs) - At r = 1.592133:	q_mu = 3.78243	q_A  = 3.95867	Pmu = 0.02590	1-Pb  = 0.51786	CLs  = 0.05001
AsymptoticLimits.cc[337] : (in function: getCLs) - At r = 1.592216:	q_mu = 3.78272	q_A  = 3.95895	Pmu = 0.02589	1-Pb  = 0.51786	CLs  = 0.05000
AsymptoticLimits.cc[337] : (in function: getCLs) - At r = 1.592186:	q_mu = 3.78262	q_A  = 3.95883	Pmu = 0.02589	1-Pb  = 0.51786	CLs  = 0.05000
AsymptoticLimits.cc[337] : (in function: getCLs) - At r = 1.592203:	q_mu = 3.78267	q_A  = 3.95888	Pmu = 0.02589	1-Pb  = 0.51786	CLs  = 0.05000
AsymptoticLimits.cc[337] : (in function: getCLs) - At r = 1.592197:	q_mu = 3.78266	q_A  = 3.95899	Pmu = 0.02589	1-Pb  = 0.51787	CLs  = 0.05000
AsymptoticLimits.cc[337] : (in function: getCLs) - At r = 1.592191:	q_mu = 3.78264	q_A  = 3.95896	Pmu = 0.02589	1-Pb  = 0.51787	CLs  = 0.05000
