 <<< Combine >>> 
 <<< v10.0.1 >>>
>>> Random number generator seed is 123456
>>> Method used is FitDiagnostics
Set Default Value of Parameter mask_pass_SIG To : 1
Set Default Value of Parameter mask_pass_HIGH To : 1
Set Default Value of Parameter r To : 1
>>> 2 out of 6 channels masked

>> Found 14 floating parameters
>> The following parameters are protected in the event of negative eigenvalues:
>> Verifying eigenvalues are all positive (iteration 0)
>> All eigenvalues are positive
>> Inverting Hessian...
>> Matrix inverted
 Fit B-only, status = 0, numBadNLL = 0, covariance quality = -1
Running Minos for POI r
>> Found 15 floating parameters
>> The following parameters are protected in the event of negative eigenvalues: r
>> Verifying eigenvalues are all positive (iteration 0)
Eigenvalue 13 : -0.00489946
 - -0.676173	CMS_EXO26004_Background_rpf_2x0_par2
 - 0.641111	CMS_EXO26004_Background_rpf_2x0_par1
 - -0.258756	pT
 - -0.231783	CMS_EXO26004_Background_rpf_2x0_par0
 - 0.0973017	CMS_EXO26004_Background_fail_HIGH_bin_1-1
Eigenvalue 14 : -0.00979379
 - -0.689261	r
 - -0.593374	pT
 - 0.319276	CMS_EXO26004_Background_fail_HIGH_bin_1-1
 - 0.219261	CMS_EXO26004_Background_rpf_2x0_par2
 - -0.124506	RNN
>> Attempt 0 failed, remove the variable with largest eigenvector component...
>> Dropping pT from the hessian
>> Verifying eigenvalues are all positive (iteration 1)
Eigenvalue 13 : -0.00571962
 - 0.713698	CMS_EXO26004_Background_rpf_2x0_par2
 - -0.593461	CMS_EXO26004_Background_rpf_2x0_par1
 - -0.289016	r
 - 0.21018	CMS_EXO26004_Background_rpf_2x0_par0
 - -0.0706596	RNN
>> Attempt 1 failed, remove the variable with largest eigenvector component...
>> Dropping CMS_EXO26004_Background_rpf_2x0_par2 from the hessian
>> Verifying eigenvalues are all positive (iteration 2)
>> All eigenvalues are positive
>> Inverting Hessian...
>> Matrix inverted
>> Note: the following parameters were dropped to make the covariance matrix pos-def:
     - pT
     - CMS_EXO26004_Background_rpf_2x0_par2
Fit S+B, status = 0, numBadNLL = 0, covariance quality = -1

 --- FitDiagnostics ---
Best fit r: 33.0832  -33.0832/+16.9168  (68% CL)
Done in 0.01 min (cpu), 0.01 min (real)
26 log messages saved to combine_logger.out
