CascadeMinimizer.cc[188] : (in function: improveOnce) - Minimization configured with Type=Minuit2, Algo=Migrad, strategy=0, tolerance=0.1
CascadeMinimizer.cc[215] : (in function: improveOnce) - Minimization finished with status=0
CascadeMinimizer.cc[219] : (in function: improveOnce) - Minimization success! status=0
ToyMCSamplerOpt.cc[146] : (in function: generateAsimov) - Using internal logic for binned/unbinned Asimov dataset generation
ToyMCSamplerOpt.cc[214] : (in function: generateWithHisto) - Generating asimov with histogram for pdf pdf_binpass_LOW_obsOnly: in 3 x-bins
ToyMCSamplerOpt.cc[215] : (in function: generateWithHisto) -  , in 1 y-bins
ToyMCSamplerOpt.cc[146] : (in function: generateAsimov) - Using internal logic for binned/unbinned Asimov dataset generation
ToyMCSamplerOpt.cc[214] : (in function: generateWithHisto) - Generating asimov with histogram for pdf pdf_binpass_SIG_obsOnly: in 1 x-bins
ToyMCSamplerOpt.cc[215] : (in function: generateWithHisto) -  , in 1 y-bins
ToyMCSamplerOpt.cc[146] : (in function: generateAsimov) - Using internal logic for binned/unbinned Asimov dataset generation
ToyMCSamplerOpt.cc[214] : (in function: generateWithHisto) - Generating asimov with histogram for pdf pdf_binpass_HIGH_obsOnly: in 3 x-bins
ToyMCSamplerOpt.cc[215] : (in function: generateWithHisto) -  , in 1 y-bins
ToyMCSamplerOpt.cc[146] : (in function: generateAsimov) - Using internal logic for binned/unbinned Asimov dataset generation
ToyMCSamplerOpt.cc[214] : (in function: generateWithHisto) - Generating asimov with histogram for pdf pdf_binfail_LOW_obsOnly: in 3 x-bins
ToyMCSamplerOpt.cc[215] : (in function: generateWithHisto) -  , in 1 y-bins
ToyMCSamplerOpt.cc[146] : (in function: generateAsimov) - Using internal logic for binned/unbinned Asimov dataset generation
ToyMCSamplerOpt.cc[214] : (in function: generateWithHisto) - Generating asimov with histogram for pdf pdf_binfail_SIG_obsOnly: in 1 x-bins
ToyMCSamplerOpt.cc[215] : (in function: generateWithHisto) -  , in 1 y-bins
ToyMCSamplerOpt.cc[146] : (in function: generateAsimov) - Using internal logic for binned/unbinned Asimov dataset generation
ToyMCSamplerOpt.cc[214] : (in function: generateWithHisto) - Generating asimov with histogram for pdf pdf_binfail_HIGH_obsOnly: in 3 x-bins
ToyMCSamplerOpt.cc[215] : (in function: generateWithHisto) -  , in 1 y-bins
AsymptoticLimits.cc[428] : (in function: runLimitExpected) - Median for expected limits = 0.533203, Sigma for expected limits = 0.272047
AsymptoticLimits.cc[191] : (in function: runLimit) - NLL at global minimum of data = -707.67 (r=4.42121e-10)
AsymptoticLimits.cc[211] : (in function: runLimit) - NLL at global minimum of asimov = -707.166 (r=3.15395e-07)
AsymptoticLimits.cc[337] : (in function: getCLs) - At r = 1.200000:	q_mu = 11.95083	q_A  = 11.26591	Pmu = 0.00027	1-Pb  = 0.45937	CLs  = 0.00059
AsymptoticLimits.cc[337] : (in function: getCLs) - At r = 0.600000:	q_mu = 5.53405	q_A  = 5.26384	Pmu = 0.00931	1-Pb  = 0.47652	CLs  = 0.01953
AsymptoticLimits.cc[337] : (in function: getCLs) - At r = 0.300000:	q_mu = 3.44165	q_A  = 1.57240	Pmu = 0.02279	1-Pb  = 0.22803	CLs  = 0.09993
AsymptoticLimits.cc[337] : (in function: getCLs) - At r = 0.461801:	q_mu = 4.39730	q_A  = 3.11431	Pmu = 0.01666	1-Pb  = 0.35811	CLs  = 0.04652
AsymptoticLimits.cc[337] : (in function: getCLs) - At r = 0.417218:	q_mu = 4.06965	q_A  = 2.66806	Pmu = 0.01958	1-Pb  = 0.33395	CLs  = 0.05864
AsymptoticLimits.cc[337] : (in function: getCLs) - At r = 0.441763:	q_mu = 4.24771	q_A  = 2.91253	Pmu = 0.01796	1-Pb  = 0.34783	CLs  = 0.05164
AsymptoticLimits.cc[337] : (in function: getCLs) - At r = 0.450720:	q_mu = 4.31394	q_A  = 3.00240	Pmu = 0.01738	1-Pb  = 0.35255	CLs  = 0.04929
AsymptoticLimits.cc[337] : (in function: getCLs) - At r = 0.446731:	q_mu = 4.28426	q_A  = 2.96229	Pmu = 0.01764	1-Pb  = 0.35047	CLs  = 0.05033
AsymptoticLimits.cc[337] : (in function: getCLs) - At r = 0.448528:	q_mu = 4.29759	q_A  = 2.98032	Pmu = 0.01752	1-Pb  = 0.35141	CLs  = 0.04986
AsymptoticLimits.cc[337] : (in function: getCLs) - At r = 0.447733:	q_mu = 4.29167	q_A  = 2.97231	Pmu = 0.01757	1-Pb  = 0.35100	CLs  = 0.05007
AsymptoticLimits.cc[337] : (in function: getCLs) - At r = 0.448094:	q_mu = 4.29435	q_A  = 2.97593	Pmu = 0.01755	1-Pb  = 0.35118	CLs  = 0.04997
AsymptoticLimits.cc[337] : (in function: getCLs) - At r = 0.447936:	q_mu = 4.29316	q_A  = 2.97432	Pmu = 0.01756	1-Pb  = 0.35110	CLs  = 0.05001
AsymptoticLimits.cc[337] : (in function: getCLs) - At r = 0.448009:	q_mu = 4.29370	q_A  = 2.97505	Pmu = 0.01755	1-Pb  = 0.35114	CLs  = 0.04999
AsymptoticLimits.cc[337] : (in function: getCLs) - At r = 0.447978:	q_mu = 4.29347	q_A  = 2.97472	Pmu = 0.01756	1-Pb  = 0.35112	CLs  = 0.05000
AsymptoticLimits.cc[337] : (in function: getCLs) - At r = 0.447993:	q_mu = 4.29357	q_A  = 2.97487	Pmu = 0.01756	1-Pb  = 0.35113	CLs  = 0.05000
AsymptoticLimits.cc[337] : (in function: getCLs) - At r = 0.447988:	q_mu = 4.29353	q_A  = 2.97481	Pmu = 0.01756	1-Pb  = 0.35112	CLs  = 0.05000
AsymptoticLimits.cc[337] : (in function: getCLs) - At r = 0.447990:	q_mu = 4.29360	q_A  = 2.97482	Pmu = 0.01756	1-Pb  = 0.35112	CLs  = 0.05000
