CascadeMinimizer.cc[188] : (in function: improveOnce) - Minimization configured with Type=Minuit2, Algo=Migrad, strategy=0, tolerance=0.1
CascadeMinimizer.cc[215] : (in function: improveOnce) - Minimization finished with status=0
CascadeMinimizer.cc[219] : (in function: improveOnce) - Minimization success! status=0
ToyMCSamplerOpt.cc[146] : (in function: generateAsimov) - Using internal logic for binned/unbinned Asimov dataset generation
ToyMCSamplerOpt.cc[214] : (in function: generateWithHisto) - Generating asimov with histogram for pdf pdf_binpass_LOW_obsOnly: in 3 x-bins
ToyMCSamplerOpt.cc[215] : (in function: generateWithHisto) -  , in 1 y-bins
ToyMCSamplerOpt.cc[146] : (in function: generateAsimov) - Using internal logic for binned/unbinned Asimov dataset generation
ToyMCSamplerOpt.cc[214] : (in function: generateWithHisto) - Generating asimov with histogram for pdf pdf_binpass_SIG_obsOnly: in 1 x-bins
ToyMCSamplerOpt.cc[215] : (in function: generateWithHisto) -  , in 1 y-bins
ToyMCSamplerOpt.cc[146] : (in function: generateAsimov) - Using internal logic for binned/unbinned Asimov dataset generation
ToyMCSamplerOpt.cc[214] : (in function: generateWithHisto) - Generating asimov with histogram for pdf pdf_binpass_HIGH_obsOnly: in 3 x-bins
ToyMCSamplerOpt.cc[215] : (in function: generateWithHisto) -  , in 1 y-bins
ToyMCSamplerOpt.cc[146] : (in function: generateAsimov) - Using internal logic for binned/unbinned Asimov dataset generation
ToyMCSamplerOpt.cc[214] : (in function: generateWithHisto) - Generating asimov with histogram for pdf pdf_binfail_LOW_obsOnly: in 3 x-bins
ToyMCSamplerOpt.cc[215] : (in function: generateWithHisto) -  , in 1 y-bins
ToyMCSamplerOpt.cc[146] : (in function: generateAsimov) - Using internal logic for binned/unbinned Asimov dataset generation
ToyMCSamplerOpt.cc[214] : (in function: generateWithHisto) - Generating asimov with histogram for pdf pdf_binfail_SIG_obsOnly: in 1 x-bins
ToyMCSamplerOpt.cc[215] : (in function: generateWithHisto) -  , in 1 y-bins
ToyMCSamplerOpt.cc[146] : (in function: generateAsimov) - Using internal logic for binned/unbinned Asimov dataset generation
ToyMCSamplerOpt.cc[214] : (in function: generateWithHisto) - Generating asimov with histogram for pdf pdf_binfail_HIGH_obsOnly: in 3 x-bins
ToyMCSamplerOpt.cc[215] : (in function: generateWithHisto) -  , in 1 y-bins
AsymptoticLimits.cc[428] : (in function: runLimitExpected) - Median for expected limits = 1.0625, Sigma for expected limits = 0.542102
AsymptoticLimits.cc[191] : (in function: runLimit) - NLL at global minimum of data = -8431.08 (r=2.14373e-12)
AsymptoticLimits.cc[211] : (in function: runLimit) - NLL at global minimum of asimov = -8431.27 (r=2.06483e-06)
AsymptoticLimits.cc[337] : (in function: getCLs) - At r = 1.200000:	q_mu = 8.57999	q_A  = 4.42124	Pmu = 0.00100	1-Pb  = 0.16135	CLs  = 0.00617
AsymptoticLimits.cc[337] : (in function: getCLs) - At r = 0.600000:	q_mu = 4.86924	q_A  = 1.87672	Pmu = 0.00691	1-Pb  = 0.13737	CLs  = 0.05027
AsymptoticLimits.cc[337] : (in function: getCLs) - At r = 0.900000:	q_mu = 6.82369	q_A  = 3.15763	Pmu = 0.00249	1-Pb  = 0.15114	CLs  = 0.01646
AsymptoticLimits.cc[337] : (in function: getCLs) - At r = 0.661152:	q_mu = 5.28682	q_A  = 2.13648	Pmu = 0.00555	1-Pb  = 0.14060	CLs  = 0.03950
AsymptoticLimits.cc[337] : (in function: getCLs) - At r = 0.613318:	q_mu = 4.96112	q_A  = 1.93313	Pmu = 0.00658	1-Pb  = 0.13809	CLs  = 0.04766
AsymptoticLimits.cc[337] : (in function: getCLs) - At r = 0.603737:	q_mu = 4.89506	q_A  = 1.89255	Pmu = 0.00681	1-Pb  = 0.13758	CLs  = 0.04952
AsymptoticLimits.cc[337] : (in function: getCLs) - At r = 0.601818:	q_mu = 4.88180	q_A  = 1.88443	Pmu = 0.00686	1-Pb  = 0.13747	CLs  = 0.04990
AsymptoticLimits.cc[337] : (in function: getCLs) - At r = 0.601070:	q_mu = 4.87663	q_A  = 1.88125	Pmu = 0.00688	1-Pb  = 0.13743	CLs  = 0.05005
AsymptoticLimits.cc[337] : (in function: getCLs) - At r = 0.601434:	q_mu = 4.87915	q_A  = 1.88279	Pmu = 0.00687	1-Pb  = 0.13745	CLs  = 0.04998
AsymptoticLimits.cc[337] : (in function: getCLs) - At r = 0.601285:	q_mu = 4.87812	q_A  = 1.88215	Pmu = 0.00687	1-Pb  = 0.13744	CLs  = 0.05001
AsymptoticLimits.cc[337] : (in function: getCLs) - At r = 0.601358:	q_mu = 4.87862	q_A  = 1.88246	Pmu = 0.00687	1-Pb  = 0.13744	CLs  = 0.05000
AsymptoticLimits.cc[337] : (in function: getCLs) - At r = 0.601328:	q_mu = 4.87842	q_A  = 1.88233	Pmu = 0.00687	1-Pb  = 0.13744	CLs  = 0.05000
AsymptoticLimits.cc[337] : (in function: getCLs) - At r = 0.601343:	q_mu = 4.87852	q_A  = 1.88239	Pmu = 0.00687	1-Pb  = 0.13744	CLs  = 0.05000
AsymptoticLimits.cc[337] : (in function: getCLs) - At r = 0.601337:	q_mu = 4.87848	q_A  = 1.88237	Pmu = 0.00687	1-Pb  = 0.13744	CLs  = 0.05000
AsymptoticLimits.cc[337] : (in function: getCLs) - At r = 0.601340:	q_mu = 4.87850	q_A  = 1.88238	Pmu = 0.00687	1-Pb  = 0.13744	CLs  = 0.05000
